usage: run_multisplit_experiments_lightgbm.py [-h]
                                              [--datasets {electricity,eye-movements,eye-state} [{electricity,eye-movements,eye-state} ...]]
                                              [--raw-feature-whitelist RAW_FEATURE_WHITELIST [RAW_FEATURE_WHITELIST ...]]
                                              [--depth-budgets DEPTH_BUDGETS [DEPTH_BUDGETS ...]]
                                              [--seeds SEEDS [SEEDS ...]]
                                              [--max-bins MAX_BINS]
                                              [--min-samples-leaf MIN_SAMPLES_LEAF]
                                              [--min-child-size MIN_CHILD_SIZE]
                                              [--min-atom-size MIN_ATOM_SIZE]
                                              [--proposal-atom-cap PROPOSAL_ATOM_CAP]
                                              [--leaf-frac LEAF_FRAC]
                                              [--max-branching MAX_BRANCHING]
                                              [--reg REG]
                                              [--time-limit TIME_LIMIT]
                                              [--test-size TEST_SIZE]
                                              [--lookahead-cap LOOKAHEAD_CAP]
                                              [--msplit-variant {optimal_dp,rush_dp}]
                                              [--approx-mode | --no-approx-mode]
                                              [--patch-budget-per-feature PATCH_BUDGET_PER_FEATURE]
                                              [--exactify-top-m EXACTIFY_TOP_M]
                                              [--tau-mode {lambda,lambda_sqrt_r}]
                                              [--approx-feature-scan-limit APPROX_FEATURE_SCAN_LIMIT]
                                              [--approx-ref-shortlist | --no-approx-ref-shortlist]
                                              [--approx-ref-widen-max APPROX_REF_WIDEN_MAX]
                                              [--approx-challenger-sweep-enabled | --no-approx-challenger-sweep-enabled]
                                              [--approx-challenger-sweep-max-features APPROX_CHALLENGER_SWEEP_MAX_FEATURES]
                                              [--approx-challenger-sweep-max-patch-calls-per-node APPROX_CHALLENGER_SWEEP_MAX_PATCH_CALLS_PER_NODE]
                                              [--approx-distilled-mode | --no-approx-distilled-mode]
                                              [--approx-distilled-alpha APPROX_DISTILLED_ALPHA]
                                              [--approx-distilled-max-depth APPROX_DISTILLED_MAX_DEPTH]
                                              [--approx-score-order-enabled | --no-approx-score-order-enabled]
                                              [--approx-distilled-geometry-mode {teacher_guided_atomcolor}]
                                              [--approx-pair-template-count APPROX_PAIR_TEMPLATE_COUNT]
                                              [--approx-pair-template-min-leaf APPROX_PAIR_TEMPLATE_MIN_LEAF]
                                              [--approx-pair-shape-count APPROX_PAIR_SHAPE_COUNT]
                                              [--approx-pair-shape-max-leaves APPROX_PAIR_SHAPE_MAX_LEAVES]
                                              [--approx-pair-shape-min-leaf APPROX_PAIR_SHAPE_MIN_LEAF]
                                              [--approx-pair-teacher-select | --no-approx-pair-teacher-select]
                                              [--approx-teacher-score-bins APPROX_TEACHER_SCORE_BINS]
                                              [--approx-teacher-microtree-count APPROX_TEACHER_MICROTREE_COUNT]
                                              [--approx-teacher-microtree-max-depth APPROX_TEACHER_MICROTREE_MAX_DEPTH]
                                              [--approx-teacher-microtree-max-leaves APPROX_TEACHER_MICROTREE_MAX_LEAVES]
                                              [--approx-teacher-triplet-count APPROX_TEACHER_TRIPLET_COUNT]
                                              [--approx-teacher-triplet-screen APPROX_TEACHER_TRIPLET_SCREEN]
                                              [--approx-teacher-triplet-max-depth APPROX_TEACHER_TRIPLET_MAX_DEPTH]
                                              [--approx-teacher-triplet-max-leaves APPROX_TEACHER_TRIPLET_MAX_LEAVES]
                                              [--approx-teacher-template-depth APPROX_TEACHER_TEMPLATE_DEPTH]
                                              [--approx-teacher-template-screen-count APPROX_TEACHER_TEMPLATE_SCREEN_COUNT]
                                              [--approx-teacher-template-shortlist APPROX_TEACHER_TEMPLATE_SHORTLIST]
                                              [--approx-teacher-template-leaf-only | --no-approx-teacher-template-leaf-only]
                                              [--approx-teacher-template-pair-only | --no-approx-teacher-template-pair-only]
                                              [--parallel-trials PARALLEL_TRIALS]
                                              [--threads-per-trial THREADS_PER_TRIAL]
                                              [--optuna-enable | --no-optuna-enable]
                                              [--optuna-trials OPTUNA_TRIALS]
                                              [--optuna-val-size OPTUNA_VAL_SIZE]
                                              [--paper-split-protocol | --no-paper-split-protocol]
                                              [--optuna-seed OPTUNA_SEED]
                                              [--optuna-timeout-sec OPTUNA_TIMEOUT_SEC]
                                              [--optuna-warmstart-enable | --no-optuna-warmstart-enable]
                                              [--optuna-warmstart-root OPTUNA_WARMSTART_ROOT]
                                              [--optuna-warmstart-max-per-study OPTUNA_WARMSTART_MAX_PER_STUDY]
                                              [--optuna-seed-candidates OPTUNA_SEED_CANDIDATES]
                                              [--optuna-leaf-frac-grid OPTUNA_LEAF_FRAC_GRID [OPTUNA_LEAF_FRAC_GRID ...]]
                                              [--cpu-utilization-target CPU_UTILIZATION_TARGET]
                                              [--cpu-affinity CPU_AFFINITY]
                                              [--cpu-nice CPU_NICE]
                                              [--optuna-max-active-studies OPTUNA_MAX_ACTIVE_STUDIES]
                                              [--optuna-max-concurrent-trials OPTUNA_MAX_CONCURRENT_TRIALS]
                                              [--stage-telemetry-enabled | --no-stage-telemetry-enabled]
                                              [--telemetry-heartbeat-sec TELEMETRY_HEARTBEAT_SEC]
                                              [--lgb-n-estimators LGB_N_ESTIMATORS]
                                              [--lgb-num-leaves LGB_NUM_LEAVES]
                                              [--lgb-learning-rate LGB_LEARNING_RATE]
                                              [--lgb-feature-fraction LGB_FEATURE_FRACTION]
                                              [--lgb-bagging-fraction LGB_BAGGING_FRACTION]
                                              [--lgb-bagging-freq LGB_BAGGING_FREQ]
                                              [--lgb-max-depth LGB_MAX_DEPTH]
                                              [--lgb-min-data-in-bin LGB_MIN_DATA_IN_BIN]
                                              [--lgb-min-data-in-leaf LGB_MIN_DATA_IN_LEAF]
                                              [--lgb-lambda-l2 LGB_LAMBDA_L2]
                                              [--lgb-num-threads LGB_NUM_THREADS]
                                              [--lgb-ensemble-runs LGB_ENSEMBLE_RUNS]
                                              [--lgb-ensemble-feature-fraction LGB_ENSEMBLE_FEATURE_FRACTION]
                                              [--lgb-ensemble-bagging-fraction LGB_ENSEMBLE_BAGGING_FRACTION]
                                              [--lgb-ensemble-bagging-freq LGB_ENSEMBLE_BAGGING_FREQ]
                                              [--lgb-threshold-dedup-eps LGB_THRESHOLD_DEDUP_EPS]
                                              [--lgb-device-type {cpu,gpu,cuda}]
                                              [--lgb-gpu-platform-id LGB_GPU_PLATFORM_ID]
                                              [--lgb-gpu-device-id LGB_GPU_DEVICE_ID]
                                              [--lgb-gpu-fallback | --no-lgb-gpu-fallback]
                                              [--lgb-max-gpu-jobs LGB_MAX_GPU_JOBS]
                                              [--lgb-gpu-lock-dir LGB_GPU_LOCK_DIR]
                                              [--results-root RESULTS_ROOT]
                                              [--stable-results-dir STABLE_RESULTS_DIR]
                                              [--openml-cache-dir OPENML_CACHE_DIR]
                                              [--run-name RUN_NAME]
                                              [--tree-artifacts-dir TREE_ARTIFACTS_DIR]
                                              [--resume]
                                              [--max-trials MAX_TRIALS]
                                              [--package-artifacts | --no-package-artifacts]
                                              [--include-paper-sota | --no-include-paper-sota]
                                              [--copy-to COPY_TO]
                                              [--fail-fast]
run_multisplit_experiments_lightgbm.py: error: unrecognized arguments: --branch-penalty 0.002
Command exited with non-zero status 2
	Command being timed: ".venv/bin/python run_multisplit_experiments_lightgbm.py --run-name compare_20260216_173934_electricity_d3_lightgbm_v38 --datasets electricity --depth-budgets 3 --seeds 0 1 2 3 4 --test-size 0.2 --time-limit 1200.0 --lookahead-cap 3 --max-bins 6 --min-samples-leaf 8 --min-child-size 8 --max-branching 0 --reg 0.01 --branch-penalty 0.002 --parallel-trials 16 --threads-per-trial 1 --optuna-trials 10 --optuna-val-size 0.2 --optuna-seed 0 --optuna-timeout-sec 0.0 --cpu-utilization-target 0.94 --optuna-max-active-studies 0 --results-root results/comparison/compare_20260216_173934_v38/_tmp/runs_lightgbm --stable-results-dir results/comparison/compare_20260216_173934_v38/_tmp/stable_lightgbm --no-package-artifacts --optuna-enable --tree-artifacts-dir results/comparison/compare_20260216_173934_v38/tree_artifacts/lightgbm_mssplit_all --lgb-device-type gpu --lgb-gpu-platform-id 0 --lgb-gpu-device-id 0 --no-lgb-gpu-fallback"
	User time (seconds): 1.02
	System time (seconds): 0.23
	Percent of CPU this job got: 67%
	Elapsed (wall clock) time (h:mm:ss or m:ss): 0:01.86
	Average shared text size (kbytes): 0
	Average unshared data size (kbytes): 0
	Average stack size (kbytes): 0
	Average total size (kbytes): 0
	Maximum resident set size (kbytes): 220952
	Average resident set size (kbytes): 0
	Major (requiring I/O) page faults: 0
	Minor (reclaiming a frame) page faults: 34161
	Voluntary context switches: 4067
	Involuntary context switches: 62
	Swaps: 0
	File system inputs: 0
	File system outputs: 24
	Socket messages sent: 0
	Socket messages received: 0
	Signals delivered: 0
	Page size (bytes): 4096
	Exit status: 2
