stty: 'standard input': Inappropriate ioctl for device
[I 2026-02-27 14:04:26,335] A new study created in Journal with name: lightgbm_eye-state_d4
[I 2026-02-27 14:09:25,488] Trial 8 finished with value: 0.6635514018691588 and parameters: {'leaf_frac': 0.05, 'reg': 0.022524300273922326, 'lgb_num_leaves': 219, 'lgb_learning_rate': 0.020919120059713543, 'lgb_feature_fraction': 0.9630616254459259, 'lgb_bagging_freq': 0, 'lgb_min_data_in_bin': 5, 'lgb_min_data_in_leaf_choice': 'quadruple', 'lgb_lambda_l2': 0.1}. Best is trial 8 with value: 0.6635514018691588.
[I 2026-02-27 14:14:47,481] Trial 11 finished with value: 0.6855807743658211 and parameters: {'leaf_frac': 0.05, 'reg': 1.2286108297505431e-05, 'lgb_num_leaves': 24, 'lgb_learning_rate': 0.04844530891699231, 'lgb_feature_fraction': 0.853980350607802, 'lgb_bagging_freq': 1, 'lgb_bagging_fraction': 0.8790528791912973, 'lgb_min_data_in_bin': 1, 'lgb_min_data_in_leaf_choice': 'quadruple', 'lgb_lambda_l2': 0.1}. Best is trial 11 with value: 0.6855807743658211.
[I 2026-02-27 14:54:33,901] Trial 2 pruned. MSPLIT exceeded time_limit during C++ solve.
[I 2026-02-27 14:54:36,554] Trial 1 pruned. MSPLIT exceeded time_limit during C++ solve.
[I 2026-02-27 14:54:38,876] Trial 10 pruned. MSPLIT exceeded time_limit during C++ solve.
[I 2026-02-27 14:54:53,819] Trial 18 pruned. MSPLIT exceeded time_limit during C++ solve.
[I 2026-02-27 14:54:57,851] Trial 6 pruned. MSPLIT exceeded time_limit during C++ solve.
[I 2026-02-27 14:54:59,747] Trial 3 pruned. MSPLIT exceeded time_limit during C++ solve.
[I 2026-02-27 14:55:02,456] Trial 4 pruned. MSPLIT exceeded time_limit during C++ solve.
[I 2026-02-27 14:55:07,192] Trial 19 pruned. MSPLIT exceeded time_limit during C++ solve.
[I 2026-02-27 14:55:13,017] Trial 15 pruned. MSPLIT exceeded time_limit during C++ solve.
[I 2026-02-27 14:55:16,309] Trial 7 pruned. MSPLIT exceeded time_limit during C++ solve.
[I 2026-02-27 14:55:20,288] Trial 13 pruned. MSPLIT exceeded time_limit during C++ solve.
[I 2026-02-27 14:55:26,906] Trial 14 pruned. MSPLIT exceeded time_limit during C++ solve.
[I 2026-02-27 14:55:28,206] Trial 17 pruned. MSPLIT exceeded time_limit during C++ solve.
[I 2026-02-27 14:55:44,504] Trial 0 pruned. MSPLIT exceeded time_limit during C++ solve.
[I 2026-02-27 14:56:05,545] Trial 16 pruned. MSPLIT exceeded time_limit during C++ solve.
[I 2026-02-27 14:56:26,320] Trial 9 pruned. MSPLIT exceeded time_limit during C++ solve.
[I 2026-02-27 14:56:29,335] Trial 5 pruned. MSPLIT exceeded time_limit during C++ solve.
[I 2026-02-27 14:56:37,688] Trial 12 pruned. MSPLIT exceeded time_limit during C++ solve.
