[2026-02-27T14:04:25-05:00] Starting LightGBM multisplit experiment run.
[2026-02-27T14:04:25-05:00] run_name=eye_state_d4_rushdp_opt20_20260227_140418
[2026-02-27T14:04:25-05:00] run_dir=/home/users/yz1075/msdt/results/runs_lightgbm/eye_state_d4_rushdp_opt20_20260227_140418
[2026-02-27T14:04:25-05:00] parallel settings: parallel_trials=32, threads_per_trial=1, lgb_threads=1, lgb_ensemble_runs=1, lgb_device=gpu, lgb_max_gpu_jobs=1, core_budget=32, effective_core_budget=32, effective_parallel_trials=32, cpu_target=1.0
[2026-02-27T14:04:25-05:00] OpenML cache directory set to /home/users/yz1075/msdt/results/openml_cache
[2026-02-27T14:04:25-05:00] Loading dataset=eye-state
[2026-02-27T14:04:25-05:00] dataset=eye-state, class_prevalence(max class)=0.5512
[2026-02-27T14:04:25-05:00] optuna scheduling: studies=1, active_studies=1, jobs_per_study=20, effective_slots=32, effective_core_budget=32/32
[2026-02-27T14:04:26-05:00] optuna warm-start: scanned_files=15, study_keys=1, candidates=3, max_per_study=8
[2026-02-27T14:04:26-05:00] optuna fixed validation splits prepared for 1 studies (pipeline=lightgbm, dir=/home/users/yz1075/msdt/results/runs_lightgbm/eye_state_d4_rushdp_opt20_20260227_140418/optuna/study_payloads)
[2026-02-27T14:56:43-05:00] optuna best params saved: /home/users/yz1075/msdt/results/runs_lightgbm/eye_state_d4_rushdp_opt20_20260227_140418/optuna/best_params.csv
[2026-02-27T14:56:44-05:00] optuna warm-start: scanned_files=15, study_keys=1, candidates=3, max_per_study=8
[2026-02-27T14:56:44-05:00] historical default params loaded for 1 studies; saved /home/users/yz1075/msdt/results/runs_lightgbm/eye_state_d4_rushdp_opt20_20260227_140418/optuna/history_default_params.csv
[2026-02-27T14:56:44-05:00] dataset=eye-state, depth=4, lookahead=3, seeds=[0, 1, 2, 3, 4], param_source=optuna
[2026-02-27T14:56:44-05:00] executing 5 pending trials across 1 dataset(s) with parallel_workers=5, threads_per_trial=1, lgb_threads=1, effective_core_budget=32/32
[2026-02-27T15:47:10-05:00] trial dataset=eye-state, depth=4, seed=1, status=timeout, acc=nan
[2026-02-27T15:47:10-05:00] trial dataset=eye-state, depth=4, seed=3, status=timeout, acc=nan
[2026-02-27T15:47:10-05:00] trial dataset=eye-state, depth=4, seed=2, status=timeout, acc=nan
[2026-02-27T15:47:10-05:00] trial dataset=eye-state, depth=4, seed=0, status=timeout, acc=nan
[2026-02-27T15:47:10-05:00] trial dataset=eye-state, depth=4, seed=4, status=timeout, acc=nan
[2026-02-27T15:47:10-05:00] Packaged artifact bundle: /home/users/yz1075/msdt/results/runs_lightgbm/eye_state_d4_rushdp_opt20_20260227_140418/eye_state_d4_rushdp_opt20_20260227_140418_artifacts.tar.gz
[2026-02-27T15:47:10-05:00] === Summary Table ===
  dataset  depth_budget  lookahead_depth_budget  n_success  mean_train_accuracy  mean_accuracy  mean_balanced_accuracy  mean_trivial_accuracy  std_accuracy  mean_fit_time_sec  mean_n_leaves  mean_n_internal  mean_max_arity  mean_exact_internal_nodes  mean_greedy_internal_nodes
eye-state             4                       3          0                  NaN            NaN                     NaN                    NaN           NaN                NaN            NaN              NaN             NaN                        NaN                         NaN
[2026-02-27T15:47:10-05:00] === Depth vs Accuracy (Exact) ===
[2026-02-27T15:47:10-05:00] Dataset: eye-state
[2026-02-27T15:47:10-05:00] Depth 4: ours=nan (nan%), bal_acc=nan (nan%), trivial_acc=nan (nan%), mean_leaves=nan, paper=0.7930 (79.30%), delta=+nan (+nan pp)
[2026-02-27T15:47:10-05:00] Saved run summary CSV: /home/users/yz1075/msdt/results/runs_lightgbm/eye_state_d4_rushdp_opt20_20260227_140418/summary_results.csv
[2026-02-27T15:47:10-05:00] Saved run seed CSV: /home/users/yz1075/msdt/results/runs_lightgbm/eye_state_d4_rushdp_opt20_20260227_140418/seed_results.csv
[2026-02-27T15:47:10-05:00] Saved run plot: /home/users/yz1075/msdt/results/runs_lightgbm/eye_state_d4_rushdp_opt20_20260227_140418/multisplit_lightgbm_dp_accuracy.png
[2026-02-27T15:47:10-05:00] Saved run log: /home/users/yz1075/msdt/results/runs_lightgbm/eye_state_d4_rushdp_opt20_20260227_140418/multisplit_lightgbm_depth_vs_accuracy.log
[2026-02-27T15:47:10-05:00] Saved run manifest: /home/users/yz1075/msdt/results/runs_lightgbm/eye_state_d4_rushdp_opt20_20260227_140418/manifest.json
[2026-02-27T15:47:10-05:00] Saved run paper comparison plot: /home/users/yz1075/msdt/results/runs_lightgbm/eye_state_d4_rushdp_opt20_20260227_140418/multisplit_lightgbm_dp_vs_paper_accuracy.png
[2026-02-27T15:47:10-05:00] Saved run bundle: /home/users/yz1075/msdt/results/runs_lightgbm/eye_state_d4_rushdp_opt20_20260227_140418/eye_state_d4_rushdp_opt20_20260227_140418_artifacts.tar.gz
[2026-02-27T15:47:10-05:00] Compatibility CSV: /home/users/yz1075/msdt/results/lightgbm/multisplit_lightgbm_dp_results.csv
[2026-02-27T15:47:10-05:00] Compatibility plot: /home/users/yz1075/msdt/results/lightgbm/multisplit_lightgbm_dp_accuracy.png
[2026-02-27T15:47:10-05:00] Compatibility log: /home/users/yz1075/msdt/results/lightgbm/multisplit_lightgbm_depth_vs_accuracy.log
