[2026-03-13T03:12:08] loading electricity
[2026-03-13T03:12:08] splitting train/val
[2026-03-13T03:12:08] preprocessing fit
[2026-03-13T03:12:08] preprocessing val
[2026-03-13T03:12:08] binner fit start
[2026-03-13T03:12:14] binner fit done
[2026-03-13T03:12:14] atoms-only debug start
[2026-03-13T03:12:14] atoms-only debug done
[2026-03-13T03:12:14] direct local g=3 start
[2026-03-13T03:12:15] direct local g=3 done
{
  "feature": 0,
  "atom_count": 32,
  "local_g3": {
    "atom_count": 32,
    "best_assignment": [
      0,
      1,
      2,
      1,
      0,
      1,
      2,
      1,
      0,
      1,
      2,
      1,
      0,
      2,
      1,
      2,
      2,
      1,
      2,
      1,
      2,
      1,
      2,
      1,
      2,
      1,
      0,
      1,
      0,
      1,
      2,
      2
    ],
    "best_group_spans": [
      [
        [
          0,
          0
        ],
        [
          4,
          4
        ],
        [
          8,
          8
        ],
        [
          12,
          12
        ],
        [
          26,
          26
        ],
        [
          28,
          28
        ]
      ],
      [
        [
          1,
          1
        ],
        [
          3,
          3
        ],
        [
          5,
          5
        ],
        [
          7,
          7
        ],
        [
          9,
          9
        ],
        [
          11,
          11
        ],
        [
          14,
          14
        ],
        [
          17,
          17
        ],
        [
          19,
          19
        ],
        [
          21,
          21
        ],
        [
          23,
          23
        ],
        [
          25,
          25
        ],
        [
          27,
          27
        ],
        [
          29,
          29
        ]
      ],
      [
        [
          2,
          2
        ],
        [
          6,
          6
        ],
        [
          10,
          10
        ],
        [
          13,
          13
        ],
        [
          15,
          16
        ],
        [
          18,
          18
        ],
        [
          20,
          20
        ],
        [
          22,
          22
        ],
        [
          24,
          24
        ],
        [
          30,
          31
        ]
      ]
    ],
    "best_imp_cost": 0.48132377145844074,
    "best_leaf_cost": 0.4075657781302804,
    "candidates_recorded": 2,
    "feasible_leaves": 2,
    "groups": 3,
    "has_feasible": true,
    "max_seen_states": 476286,
    "ok": true,
    "stage2_diag": {
      "coarse_bucket_count": 51,
      "coarse_bucket_max_size": 8191,
      "coarse_top_buckets": [
        {
          "c0": 1,
          "c1": 1,
          "c2": 1,
          "count": 8191,
          "next_pos": 32,
          "positive_total_margin_units": 492,
          "positive_total_weight_units": 4012
        },
        {
          "c0": 1,
          "c1": 1,
          "c2": 1,
          "count": 8191,
          "next_pos": 31,
          "positive_total_margin_units": 492,
          "positive_total_weight_units": 4012
        },
        {
          "c0": 1,
          "c1": 1,
          "c2": 1,
          "count": 4095,
          "next_pos": 30,
          "positive_total_margin_units": 485,
          "positive_total_weight_units": 3885
        },
        {
          "c0": 1,
          "c1": 1,
          "c2": 1,
          "count": 2047,
          "next_pos": 29,
          "positive_total_margin_units": 478,
          "positive_total_weight_units": 3754
        },
        {
          "c0": 1,
          "c1": 1,
          "c2": 1,
          "count": 2047,
          "next_pos": 28,
          "positive_total_margin_units": 478,
          "positive_total_weight_units": 3754
        },
        {
          "c0": 1,
          "c1": 1,
          "c2": 1,
          "count": 1023,
          "next_pos": 27,
          "positive_total_margin_units": 466,
          "positive_total_weight_units": 3622
        },
        {
          "c0": 1,
          "c1": 1,
          "c2": 1,
          "count": 1023,
          "next_pos": 26,
          "positive_total_margin_units": 466,
          "positive_total_weight_units": 3622
        },
        {
          "c0": 1,
          "c1": 1,
          "c2": 1,
          "count": 511,
          "next_pos": 25,
          "positive_total_margin_units": 446,
          "positive_total_weight_units": 3370
        },
        {
          "c0": 1,
          "c1": 1,
          "c2": 1,
          "count": 511,
          "next_pos": 24,
          "positive_total_margin_units": 446,
          "positive_total_weight_units": 3370
        },
        {
          "c0": 1,
          "c1": 1,
          "c2": 1,
          "count": 255,
          "next_pos": 23,
          "positive_total_margin_units": 423,
          "positive_total_weight_units": 3135
        }
      ],
      "record_limit": 150000,
      "recorded_states": 28297,
      "reduced_k3_bucket_diag": true,
      "support_bucket_count": 27535,
      "support_bucket_max_size": 3,
      "support_top_buckets": [
        {
          "c0": 1,
          "c1": 1,
          "c2": 1,
          "count": 3,
          "explicit_margin_units": 218,
          "explicit_weight_units": 1870,
          "next_pos": 32,
          "positive_total_margin_units": 492,
          "positive_total_weight_units": 4012
        },
        {
          "c0": 1,
          "c1": 1,
          "c2": 1,
          "count": 3,
          "explicit_margin_units": 221,
          "explicit_weight_units": 1981,
          "next_pos": 31,
          "positive_total_margin_units": 492,
          "positive_total_weight_units": 4012
        },
        {
          "c0": 1,
          "c1": 1,
          "c2": 1,
          "count": 3,
          "explicit_margin_units": 243,
          "explicit_weight_units": 1841,
          "next_pos": 32,
          "positive_total_margin_units": 492,
          "positive_total_weight_units": 4012
        },
        {
          "c0": 1,
          "c1": 1,
          "c2": 1,
          "count": 3,
          "explicit_margin_units": 174,
          "explicit_weight_units": 1164,
          "next_pos": 31,
          "positive_total_margin_units": 492,
          "positive_total_weight_units": 4012
        },
        {
          "c0": 1,
          "c1": 1,
          "c2": 1,
          "count": 3,
          "explicit_margin_units": 223,
          "explicit_weight_units": 1525,
          "next_pos": 31,
          "positive_total_margin_units": 492,
          "positive_total_weight_units": 4012
        },
        {
          "c0": 1,
          "c1": 1,
          "c2": 1,
          "count": 3,
          "explicit_margin_units": 172,
          "explicit_weight_units": 1620,
          "next_pos": 31,
          "positive_total_margin_units": 492,
          "positive_total_weight_units": 4012
        },
        {
          "c0": 1,
          "c1": 1,
          "c2": 1,
          "count": 3,
          "explicit_margin_units": 192,
          "explicit_weight_units": 1224,
          "next_pos": 31,
          "positive_total_margin_units": 492,
          "positive_total_weight_units": 4012
        },
        {
          "c0": 1,
          "c1": 1,
          "c2": 1,
          "count": 3,
          "explicit_margin_units": 220,
          "explicit_weight_units": 1414,
          "next_pos": 32,
          "positive_total_margin_units": 492,
          "positive_total_weight_units": 4012
        },
        {
          "c0": 1,
          "c1": 1,
          "c2": 1,
          "count": 3,
          "explicit_margin_units": 246,
          "explicit_weight_units": 1952,
          "next_pos": 32,
          "positive_total_margin_units": 492,
          "positive_total_weight_units": 4012
        },
        {
          "c0": 1,
          "c1": 1,
          "c2": 1,
          "count": 3,
          "explicit_margin_units": 269,
          "explicit_weight_units": 1775,
          "next_pos": 32,
          "positive_total_margin_units": 492,
          "positive_total_weight_units": 4012
        }
      ],
      "template_negative_groups": 1,
      "template_positive_groups": 2
    },
    "stage2_state_calls": 504584
  }
}
