[I 2026-02-16 02:05:54,858] A new study created in memory with name: cart_electricity_d2
[I 2026-02-16 02:05:54,866] A new study created in memory with name: cart_electricity_d3
[I 2026-02-16 02:05:54,871] A new study created in memory with name: cart_electricity_d4
[I 2026-02-16 02:05:54,875] A new study created in memory with name: cart_electricity_d5
[I 2026-02-16 02:05:54,880] A new study created in memory with name: cart_electricity_d6
[I 2026-02-16 02:05:54,881] A new study created in memory with name: cart_eye-movements_d2
[I 2026-02-16 02:05:54,882] A new study created in memory with name: cart_eye-movements_d3
[I 2026-02-16 02:05:54,884] A new study created in memory with name: cart_eye-movements_d4
[I 2026-02-16 02:05:54,885] A new study created in memory with name: cart_eye-movements_d5
[I 2026-02-16 02:05:55,019] Trial 1 finished with value: 0.5377668308702791 and parameters: {'lookahead_cap': 1, 'max_bins': 5, 'min_samples_leaf': 11, 'min_child_size': 11, 'max_branching': 3, 'reg': 0.04900369854286258, 'branch_penalty': 0.0011172639279149678}. Best is trial 1 with value: 0.5377668308702791.
[I 2026-02-16 02:05:55,117] Trial 0 finished with value: 0.760551724137931 and parameters: {'lookahead_cap': 1, 'max_bins': 6, 'min_samples_leaf': 9, 'min_child_size': 4, 'max_branching': 4, 'reg': 0.0026681909281034036, 'branch_penalty': 0.0002470814264560802}. Best is trial 0 with value: 0.760551724137931.
[I 2026-02-16 02:05:55,121] Trial 0 finished with value: 0.5558292282430214 and parameters: {'lookahead_cap': 1, 'max_bins': 5, 'min_samples_leaf': 5, 'min_child_size': 14, 'max_branching': 0, 'reg': 0.00028342389008322976, 'branch_penalty': 0.0005186866742721792}. Best is trial 0 with value: 0.5558292282430214.
[I 2026-02-16 02:05:55,287] Trial 1 finished with value: 0.7510344827586207 and parameters: {'lookahead_cap': 1, 'max_bins': 4, 'min_samples_leaf': 8, 'min_child_size': 11, 'max_branching': 4, 'reg': 0.00011916863770536499, 'branch_penalty': 0.00023622952520794242}. Best is trial 0 with value: 0.760551724137931.
[I 2026-02-16 02:05:55,298] Trial 3 finished with value: 0.5492610837438424 and parameters: {'lookahead_cap': 1, 'max_bins': 5, 'min_samples_leaf': 15, 'min_child_size': 2, 'max_branching': 0, 'reg': 0.0027253743448838407, 'branch_penalty': 0.018127501138458624}. Best is trial 0 with value: 0.5558292282430214.
[I 2026-02-16 02:05:55,382] Trial 2 finished with value: 0.5369458128078818 and parameters: {'lookahead_cap': 1, 'max_bins': 5, 'min_samples_leaf': 10, 'min_child_size': 4, 'max_branching': 5, 'reg': 0.00024216770879729676, 'branch_penalty': 0.0003617342296796866}. Best is trial 0 with value: 0.5558292282430214.
[I 2026-02-16 02:05:55,526] Trial 4 finished with value: 0.5689655172413793 and parameters: {'lookahead_cap': 1, 'max_bins': 4, 'min_samples_leaf': 14, 'min_child_size': 15, 'max_branching': 2, 'reg': 0.00011857874904626183, 'branch_penalty': 0.00012575900630755262}. Best is trial 4 with value: 0.5689655172413793.
[I 2026-02-16 02:05:55,529] Trial 2 finished with value: 0.7641379310344828 and parameters: {'lookahead_cap': 1, 'max_bins': 4, 'min_samples_leaf': 13, 'min_child_size': 3, 'max_branching': 0, 'reg': 0.033081733889942476, 'branch_penalty': 0.0192206069882272}. Best is trial 2 with value: 0.7641379310344828.
[I 2026-02-16 02:05:55,592] A new study created in memory with name: cart_eye-movements_d6
[I 2026-02-16 02:05:55,657] Trial 0 finished with value: 0.7573793103448276 and parameters: {'lookahead_cap': 1, 'max_bins': 3, 'min_samples_leaf': 13, 'min_child_size': 7, 'max_branching': 3, 'reg': 0.015566144818271834, 'branch_penalty': 0.0008940537206664357}. Best is trial 0 with value: 0.7573793103448276.
[I 2026-02-16 02:05:55,697] Trial 3 finished with value: 0.7582068965517241 and parameters: {'lookahead_cap': 1, 'max_bins': 6, 'min_samples_leaf': 2, 'min_child_size': 14, 'max_branching': 4, 'reg': 0.00012481341621678306, 'branch_penalty': 0.0010297515420851573}. Best is trial 2 with value: 0.7641379310344828.
[I 2026-02-16 02:05:55,946] Trial 4 finished with value: 0.7561379310344828 and parameters: {'lookahead_cap': 1, 'max_bins': 6, 'min_samples_leaf': 5, 'min_child_size': 3, 'max_branching': 0, 'reg': 0.0018232357858835875, 'branch_penalty': 0.00015294007184970046}. Best is trial 2 with value: 0.7641379310344828.
[I 2026-02-16 02:05:56,000] A new study created in memory with name: cart_eye-state_d2
[I 2026-02-16 02:05:56,112] Trial 0 finished with value: 0.6291197329995828 and parameters: {'lookahead_cap': 1, 'max_bins': 6, 'min_samples_leaf': 11, 'min_child_size': 15, 'max_branching': 6, 'reg': 0.0006460881191400189, 'branch_penalty': 0.01236420943376404}. Best is trial 0 with value: 0.6291197329995828.
[I 2026-02-16 02:05:56,197] Trial 1 finished with value: 0.6011681268251982 and parameters: {'lookahead_cap': 1, 'max_bins': 5, 'min_samples_leaf': 8, 'min_child_size': 6, 'max_branching': 5, 'reg': 0.033336907353280855, 'branch_penalty': 0.0019204437668249488}. Best is trial 0 with value: 0.6291197329995828.
[I 2026-02-16 02:05:56,334] Trial 3 finished with value: 0.6270337922403004 and parameters: {'lookahead_cap': 1, 'max_bins': 5, 'min_samples_leaf': 15, 'min_child_size': 15, 'max_branching': 6, 'reg': 0.004332070650119182, 'branch_penalty': 0.010756133142545697}. Best is trial 0 with value: 0.6291197329995828.
[I 2026-02-16 02:05:56,420] Trial 2 finished with value: 0.6370463078848561 and parameters: {'lookahead_cap': 1, 'max_bins': 3, 'min_samples_leaf': 4, 'min_child_size': 7, 'max_branching': 5, 'reg': 0.00018307051660593972, 'branch_penalty': 0.006536720485843901}. Best is trial 2 with value: 0.6370463078848561.
[I 2026-02-16 02:05:56,473] Trial 1 finished with value: 0.7515862068965518 and parameters: {'lookahead_cap': 1, 'max_bins': 3, 'min_samples_leaf': 2, 'min_child_size': 5, 'max_branching': 0, 'reg': 0.008017826405818369, 'branch_penalty': 0.003525981606091756}. Best is trial 0 with value: 0.7573793103448276.
[I 2026-02-16 02:05:56,528] Trial 4 finished with value: 0.5936587400917814 and parameters: {'lookahead_cap': 1, 'max_bins': 2, 'min_samples_leaf': 2, 'min_child_size': 2, 'max_branching': 2, 'reg': 0.0036515894359994664, 'branch_penalty': 0.00022534513480374478}. Best is trial 2 with value: 0.6370463078848561.
[I 2026-02-16 02:05:56,591] A new study created in memory with name: cart_eye-state_d3
[I 2026-02-16 02:05:56,707] Trial 1 finished with value: 0.7524137931034482 and parameters: {'lookahead_cap': 1, 'max_bins': 2, 'min_samples_leaf': 2, 'min_child_size': 16, 'max_branching': 3, 'reg': 0.04667211336798343, 'branch_penalty': 0.0021887489676830785}. Best is trial 1 with value: 0.7524137931034482.
[I 2026-02-16 02:05:57,230] Trial 3 finished with value: 0.7582068965517241 and parameters: {'lookahead_cap': 2, 'max_bins': 3, 'min_samples_leaf': 8, 'min_child_size': 16, 'max_branching': 6, 'reg': 0.020219690442298856, 'branch_penalty': 0.0012909986756043015}. Best is trial 3 with value: 0.7582068965517241.
[I 2026-02-16 02:05:58,002] Trial 0 finished with value: 0.5640394088669951 and parameters: {'lookahead_cap': 1, 'max_bins': 6, 'min_samples_leaf': 14, 'min_child_size': 13, 'max_branching': 2, 'reg': 0.0009942373377227409, 'branch_penalty': 0.00012361024033999556}. Best is trial 0 with value: 0.5640394088669951.
[I 2026-02-16 02:05:58,228] Trial 1 finished with value: 0.5689655172413793 and parameters: {'lookahead_cap': 2, 'max_bins': 2, 'min_samples_leaf': 9, 'min_child_size': 7, 'max_branching': 5, 'reg': 0.0015067446348447956, 'branch_penalty': 0.012530873082039644}. Best is trial 1 with value: 0.5689655172413793.
[I 2026-02-16 02:05:58,411] Trial 0 finished with value: 0.7691034482758621 and parameters: {'lookahead_cap': 1, 'max_bins': 2, 'min_samples_leaf': 6, 'min_child_size': 6, 'max_branching': 2, 'reg': 0.00014303231150882337, 'branch_penalty': 0.010257166995846945}. Best is trial 0 with value: 0.7691034482758621.
[I 2026-02-16 02:05:58,462] Trial 3 finished with value: 0.5870279146141215 and parameters: {'lookahead_cap': 1, 'max_bins': 2, 'min_samples_leaf': 7, 'min_child_size': 15, 'max_branching': 0, 'reg': 0.03548851910461298, 'branch_penalty': 0.0003515493355087242}. Best is trial 3 with value: 0.5870279146141215.
[I 2026-02-16 02:05:58,685] Trial 2 finished with value: 0.5426929392446633 and parameters: {'lookahead_cap': 1, 'max_bins': 2, 'min_samples_leaf': 8, 'min_child_size': 16, 'max_branching': 2, 'reg': 0.013331359349638434, 'branch_penalty': 0.0004957297066498471}. Best is trial 3 with value: 0.5870279146141215.
[I 2026-02-16 02:05:59,581] Trial 2 finished with value: 0.7772413793103449 and parameters: {'lookahead_cap': 1, 'max_bins': 5, 'min_samples_leaf': 14, 'min_child_size': 11, 'max_branching': 3, 'reg': 0.0007631915914405966, 'branch_penalty': 0.0008090766139255537}. Best is trial 2 with value: 0.7772413793103449.
[I 2026-02-16 02:06:00,327] Trial 4 finished with value: 0.7533793103448276 and parameters: {'lookahead_cap': 2, 'max_bins': 3, 'min_samples_leaf': 16, 'min_child_size': 8, 'max_branching': 5, 'reg': 0.0006074548584684476, 'branch_penalty': 0.00961178640206323}. Best is trial 2 with value: 0.7772413793103449.
[I 2026-02-16 02:06:00,389] A new study created in memory with name: cart_eye-state_d4
[I 2026-02-16 02:06:00,526] Trial 1 finished with value: 0.6812682519816438 and parameters: {'lookahead_cap': 2, 'max_bins': 6, 'min_samples_leaf': 9, 'min_child_size': 6, 'max_branching': 3, 'reg': 0.0001998536513937222, 'branch_penalty': 0.006131044684141776}. Best is trial 1 with value: 0.6812682519816438.
[I 2026-02-16 02:06:01,112] Trial 0 finished with value: 0.6645807259073843 and parameters: {'lookahead_cap': 1, 'max_bins': 3, 'min_samples_leaf': 13, 'min_child_size': 13, 'max_branching': 4, 'reg': 0.014037499768905384, 'branch_penalty': 0.00017474982007032667}. Best is trial 1 with value: 0.6812682519816438.
[I 2026-02-16 02:06:01,180] Trial 4 finished with value: 0.5632183908045977 and parameters: {'lookahead_cap': 2, 'max_bins': 6, 'min_samples_leaf': 7, 'min_child_size': 7, 'max_branching': 4, 'reg': 0.0050252371472821675, 'branch_penalty': 0.0019640723928749087}. Best is trial 3 with value: 0.5870279146141215.
[I 2026-02-16 02:06:01,251] A new study created in memory with name: cart_eye-state_d5
[I 2026-02-16 02:06:04,654] Trial 2 finished with value: 0.7706206896551724 and parameters: {'lookahead_cap': 3, 'max_bins': 3, 'min_samples_leaf': 14, 'min_child_size': 16, 'max_branching': 0, 'reg': 0.00021277463854704471, 'branch_penalty': 0.0005784452449723838}. Best is trial 2 with value: 0.7706206896551724.
[I 2026-02-16 02:06:05,196] Trial 2 finished with value: 0.6775135586149353 and parameters: {'lookahead_cap': 2, 'max_bins': 6, 'min_samples_leaf': 15, 'min_child_size': 7, 'max_branching': 6, 'reg': 0.0015136705669452273, 'branch_penalty': 0.0002320427647366296}. Best is trial 1 with value: 0.6812682519816438.
[I 2026-02-16 02:06:05,739] Trial 3 finished with value: 0.5511055486024197 and parameters: {'lookahead_cap': 1, 'max_bins': 3, 'min_samples_leaf': 2, 'min_child_size': 12, 'max_branching': 2, 'reg': 0.045574262773956375, 'branch_penalty': 0.013858928945952868}. Best is trial 1 with value: 0.6812682519816438.
[I 2026-02-16 02:06:06,844] Trial 4 finished with value: 0.6654151022110972 and parameters: {'lookahead_cap': 1, 'max_bins': 4, 'min_samples_leaf': 6, 'min_child_size': 10, 'max_branching': 5, 'reg': 0.0031543919617498133, 'branch_penalty': 0.00031434524616736286}. Best is trial 1 with value: 0.6812682519816438.
[I 2026-02-16 02:06:06,901] A new study created in memory with name: cart_eye-state_d6
[I 2026-02-16 02:06:11,048] Trial 3 finished with value: 0.7657931034482759 and parameters: {'lookahead_cap': 1, 'max_bins': 3, 'min_samples_leaf': 2, 'min_child_size': 14, 'max_branching': 4, 'reg': 0.0003025207055727913, 'branch_penalty': 0.00787275031871083}. Best is trial 2 with value: 0.7706206896551724.
[I 2026-02-16 02:06:12,766] Trial 4 finished with value: 0.768551724137931 and parameters: {'lookahead_cap': 2, 'max_bins': 2, 'min_samples_leaf': 9, 'min_child_size': 6, 'max_branching': 0, 'reg': 0.0004791657608833093, 'branch_penalty': 0.0009526635239669787}. Best is trial 2 with value: 0.7706206896551724.
[I 2026-02-16 02:06:13,891] Trial 0 finished with value: 0.7729655172413793 and parameters: {'lookahead_cap': 2, 'max_bins': 2, 'min_samples_leaf': 14, 'min_child_size': 7, 'max_branching': 2, 'reg': 0.0001642310761831989, 'branch_penalty': 0.0021874653916585055}. Best is trial 0 with value: 0.7729655172413793.
[I 2026-02-16 02:06:21,714] Trial 1 finished with value: 0.5410509031198686 and parameters: {'lookahead_cap': 1, 'max_bins': 4, 'min_samples_leaf': 6, 'min_child_size': 10, 'max_branching': 4, 'reg': 0.00011132718006452464, 'branch_penalty': 0.018205659812079764}. Best is trial 1 with value: 0.5410509031198686.
[I 2026-02-16 02:06:37,134] Trial 1 finished with value: 0.774896551724138 and parameters: {'lookahead_cap': 1, 'max_bins': 3, 'min_samples_leaf': 10, 'min_child_size': 14, 'max_branching': 4, 'reg': 0.0008363010694912907, 'branch_penalty': 0.001964325606032184}. Best is trial 1 with value: 0.774896551724138.
[I 2026-02-16 02:07:06,901] Trial 1 finished with value: 0.7163120567375887 and parameters: {'lookahead_cap': 3, 'max_bins': 5, 'min_samples_leaf': 2, 'min_child_size': 6, 'max_branching': 3, 'reg': 0.00028603161565035867, 'branch_penalty': 0.0003906396405234427}. Best is trial 1 with value: 0.7163120567375887.
[I 2026-02-16 02:07:07,505] Trial 0 finished with value: 0.6641635377555277 and parameters: {'lookahead_cap': 3, 'max_bins': 2, 'min_samples_leaf': 2, 'min_child_size': 14, 'max_branching': 4, 'reg': 0.0004100132778322664, 'branch_penalty': 0.0012453023077516102}. Best is trial 1 with value: 0.7163120567375887.
[I 2026-02-16 02:07:08,126] Trial 2 finished with value: 0.6562369628702545 and parameters: {'lookahead_cap': 1, 'max_bins': 2, 'min_samples_leaf': 9, 'min_child_size': 3, 'max_branching': 6, 'reg': 0.000862538916088826, 'branch_penalty': 0.009030635027357134}. Best is trial 1 with value: 0.7163120567375887.
[I 2026-02-16 02:07:11,982] Trial 3 finished with value: 0.6971214017521903 and parameters: {'lookahead_cap': 2, 'max_bins': 3, 'min_samples_leaf': 4, 'min_child_size': 13, 'max_branching': 2, 'reg': 0.0001775911046227492, 'branch_penalty': 0.001514917867547308}. Best is trial 1 with value: 0.7163120567375887.
[I 2026-02-16 02:07:32,482] Trial 4 finished with value: 0.6695869837296621 and parameters: {'lookahead_cap': 2, 'max_bins': 4, 'min_samples_leaf': 5, 'min_child_size': 5, 'max_branching': 6, 'reg': 0.025447844844764273, 'branch_penalty': 0.0007720448259413231}. Best is trial 1 with value: 0.7163120567375887.
[I 2026-02-16 02:07:49,008] Trial 0 finished with value: 0.5525451559934319 and parameters: {'lookahead_cap': 3, 'max_bins': 5, 'min_samples_leaf': 10, 'min_child_size': 5, 'max_branching': 4, 'reg': 0.0014873432778672142, 'branch_penalty': 0.0022689624205032106}. Best is trial 0 with value: 0.5525451559934319.
[I 2026-02-16 02:07:50,353] Trial 3 finished with value: 0.5492610837438424 and parameters: {'lookahead_cap': 3, 'max_bins': 2, 'min_samples_leaf': 13, 'min_child_size': 6, 'max_branching': 4, 'reg': 0.0002443618118467231, 'branch_penalty': 0.005192593581998691}. Best is trial 0 with value: 0.5525451559934319.
[I 2026-02-16 02:07:51,780] Trial 2 finished with value: 0.5697865353037767 and parameters: {'lookahead_cap': 2, 'max_bins': 2, 'min_samples_leaf': 7, 'min_child_size': 14, 'max_branching': 2, 'reg': 0.0010725979161584527, 'branch_penalty': 0.00047129592857366663}. Best is trial 2 with value: 0.5697865353037767.
[I 2026-02-16 02:07:53,060] Trial 0 finished with value: 0.5492610837438424 and parameters: {'lookahead_cap': 2, 'max_bins': 3, 'min_samples_leaf': 14, 'min_child_size': 4, 'max_branching': 0, 'reg': 0.002642156241266895, 'branch_penalty': 0.0001226551861951622}. Best is trial 0 with value: 0.5492610837438424.
[I 2026-02-16 02:08:22,392] Trial 4 finished with value: 0.5591133004926109 and parameters: {'lookahead_cap': 2, 'max_bins': 4, 'min_samples_leaf': 9, 'min_child_size': 11, 'max_branching': 0, 'reg': 0.035295389941994236, 'branch_penalty': 0.0014691870952532949}. Best is trial 2 with value: 0.5697865353037767.
[I 2026-02-16 02:16:03,253] Trial 0 finished with value: 0.0 and parameters: {'lookahead_cap': 3, 'max_bins': 5, 'min_samples_leaf': 10, 'min_child_size': 12, 'max_branching': 5, 'reg': 0.015646304751945977, 'branch_penalty': 0.0015560632949675115}. Best is trial 0 with value: 0.0.
[I 2026-02-16 02:16:07,280] Trial 0 finished with value: 0.0 and parameters: {'lookahead_cap': 2, 'max_bins': 5, 'min_samples_leaf': 3, 'min_child_size': 6, 'max_branching': 5, 'reg': 0.04828955276661948, 'branch_penalty': 0.004976165870896223}. Best is trial 0 with value: 0.0.
[I 2026-02-16 02:16:09,223] Trial 0 finished with value: 0.0 and parameters: {'lookahead_cap': 2, 'max_bins': 5, 'min_samples_leaf': 2, 'min_child_size': 2, 'max_branching': 4, 'reg': 0.008048725548097872, 'branch_penalty': 0.000874705003735781}. Best is trial 0 with value: 0.0.
[I 2026-02-16 02:16:15,466] Trial 1 finished with value: 0.0 and parameters: {'lookahead_cap': 1, 'max_bins': 6, 'min_samples_leaf': 13, 'min_child_size': 5, 'max_branching': 0, 'reg': 0.00017041300824463052, 'branch_penalty': 0.00015938413171281247}. Best is trial 0 with value: 0.7729655172413793.
[I 2026-02-16 02:16:16,516] Trial 1 finished with value: 0.6741760534000835 and parameters: {'lookahead_cap': 1, 'max_bins': 2, 'min_samples_leaf': 13, 'min_child_size': 6, 'max_branching': 2, 'reg': 0.00856812018483479, 'branch_penalty': 0.010590701492775023}. Best is trial 1 with value: 0.6741760534000835.
[I 2026-02-16 02:16:23,477] Trial 3 finished with value: 0.6549853984146851 and parameters: {'lookahead_cap': 2, 'max_bins': 2, 'min_samples_leaf': 9, 'min_child_size': 12, 'max_branching': 3, 'reg': 0.003646300874890375, 'branch_penalty': 0.0001872417473382064}. Best is trial 1 with value: 0.6741760534000835.
[I 2026-02-16 02:16:38,891] Trial 0 finished with value: 0.0 and parameters: {'lookahead_cap': 2, 'max_bins': 6, 'min_samples_leaf': 13, 'min_child_size': 3, 'max_branching': 2, 'reg': 0.00019884182153490697, 'branch_penalty': 0.0033023918230626168}. Best is trial 1 with value: 0.774896551724138.
[I 2026-02-16 02:17:19,527] Trial 2 finished with value: 0.7783448275862069 and parameters: {'lookahead_cap': 2, 'max_bins': 3, 'min_samples_leaf': 15, 'min_child_size': 11, 'max_branching': 6, 'reg': 0.00011276800261261095, 'branch_penalty': 0.004447137354927378}. Best is trial 2 with value: 0.7783448275862069.
[I 2026-02-16 02:17:52,001] Trial 1 finished with value: 0.5821018062397373 and parameters: {'lookahead_cap': 1, 'max_bins': 4, 'min_samples_leaf': 10, 'min_child_size': 9, 'max_branching': 3, 'reg': 0.005807965838636803, 'branch_penalty': 0.007188704105111661}. Best is trial 1 with value: 0.5821018062397373.
[I 2026-02-16 02:19:50,589] Trial 3 finished with value: 0.5656814449917899 and parameters: {'lookahead_cap': 1, 'max_bins': 3, 'min_samples_leaf': 12, 'min_child_size': 3, 'max_branching': 6, 'reg': 0.01485574951869115, 'branch_penalty': 0.003166979208388005}. Best is trial 1 with value: 0.5821018062397373.
[I 2026-02-16 02:26:05,114] Trial 1 finished with value: 0.0 and parameters: {'lookahead_cap': 2, 'max_bins': 5, 'min_samples_leaf': 7, 'min_child_size': 13, 'max_branching': 6, 'reg': 0.001316307354229295, 'branch_penalty': 0.0006882550824824223}. Best is trial 0 with value: 0.0.
[I 2026-02-16 02:26:17,202] Trial 3 finished with value: 0.0 and parameters: {'lookahead_cap': 2, 'max_bins': 6, 'min_samples_leaf': 6, 'min_child_size': 2, 'max_branching': 6, 'reg': 0.00012239039372453548, 'branch_penalty': 0.0007955960258535991}. Best is trial 0 with value: 0.7729655172413793.
[I 2026-02-16 02:26:19,167] Trial 1 finished with value: 0.0 and parameters: {'lookahead_cap': 2, 'max_bins': 5, 'min_samples_leaf': 8, 'min_child_size': 9, 'max_branching': 5, 'reg': 0.00016190432576717914, 'branch_penalty': 0.000980154752396929}. Best is trial 0 with value: 0.0.
[I 2026-02-16 02:26:27,222] Trial 4 finished with value: 0.0 and parameters: {'lookahead_cap': 1, 'max_bins': 6, 'min_samples_leaf': 6, 'min_child_size': 16, 'max_branching': 0, 'reg': 0.022527312952572237, 'branch_penalty': 0.00015653915762001125}. Best is trial 1 with value: 0.6741760534000835.
[I 2026-02-16 02:27:20,778] Trial 3 finished with value: 0.0 and parameters: {'lookahead_cap': 3, 'max_bins': 5, 'min_samples_leaf': 15, 'min_child_size': 4, 'max_branching': 6, 'reg': 0.0033041579727593516, 'branch_penalty': 0.0008047947144348805}. Best is trial 2 with value: 0.7783448275862069.
[I 2026-02-16 02:29:57,973] Trial 2 finished with value: 0.0 and parameters: {'lookahead_cap': 1, 'max_bins': 6, 'min_samples_leaf': 7, 'min_child_size': 16, 'max_branching': 2, 'reg': 0.01905922194097678, 'branch_penalty': 0.01340932762394951}. Best is trial 1 with value: 0.5821018062397373.
[I 2026-02-16 02:30:11,987] Trial 2 finished with value: 0.6925323320817689 and parameters: {'lookahead_cap': 3, 'max_bins': 4, 'min_samples_leaf': 9, 'min_child_size': 8, 'max_branching': 6, 'reg': 0.001401196473471927, 'branch_penalty': 0.0011068312355197913}. Best is trial 2 with value: 0.6925323320817689.
[I 2026-02-16 02:30:14,364] Trial 3 finished with value: 0.6787651230705048 and parameters: {'lookahead_cap': 3, 'max_bins': 2, 'min_samples_leaf': 8, 'min_child_size': 14, 'max_branching': 4, 'reg': 0.00010224213114072073, 'branch_penalty': 0.0001671188873373929}. Best is trial 2 with value: 0.6925323320817689.
[I 2026-02-16 02:36:18,434] Trial 2 finished with value: 0.0 and parameters: {'lookahead_cap': 1, 'max_bins': 5, 'min_samples_leaf': 7, 'min_child_size': 8, 'max_branching': 4, 'reg': 0.000976230981566103, 'branch_penalty': 0.00031865062083774647}. Best is trial 0 with value: 0.7729655172413793.
[I 2026-02-16 02:36:24,229] Trial 3 finished with value: 0.0 and parameters: {'lookahead_cap': 2, 'max_bins': 3, 'min_samples_leaf': 9, 'min_child_size': 5, 'max_branching': 6, 'reg': 0.006504278901247247, 'branch_penalty': 0.01849161481310705}. Best is trial 0 with value: 0.0.
[I 2026-02-16 02:36:29,596] Trial 2 finished with value: 0.0 and parameters: {'lookahead_cap': 2, 'max_bins': 5, 'min_samples_leaf': 11, 'min_child_size': 7, 'max_branching': 4, 'reg': 0.0004929638083232634, 'branch_penalty': 0.0004018489510972239}. Best is trial 1 with value: 0.6741760534000835.
[I 2026-02-16 02:36:38,786] Trial 4 finished with value: 0.7558620689655172 and parameters: {'lookahead_cap': 1, 'max_bins': 2, 'min_samples_leaf': 12, 'min_child_size': 11, 'max_branching': 0, 'reg': 0.02590658746975588, 'branch_penalty': 0.0005644487523770435}. Best is trial 0 with value: 0.7729655172413793.
[I 2026-02-16 02:37:22,333] Trial 4 finished with value: 0.0 and parameters: {'lookahead_cap': 1, 'max_bins': 6, 'min_samples_leaf': 2, 'min_child_size': 14, 'max_branching': 3, 'reg': 0.0016015114020290957, 'branch_penalty': 0.00012839005734649453}. Best is trial 2 with value: 0.7783448275862069.
[I 2026-02-16 02:40:05,315] Trial 4 finished with value: 0.0 and parameters: {'lookahead_cap': 1, 'max_bins': 6, 'min_samples_leaf': 8, 'min_child_size': 16, 'max_branching': 2, 'reg': 0.004708957731136655, 'branch_penalty': 0.006436101368496342}. Best is trial 1 with value: 0.5821018062397373.
[I 2026-02-16 02:40:16,307] Trial 4 finished with value: 0.0 and parameters: {'lookahead_cap': 1, 'max_bins': 6, 'min_samples_leaf': 6, 'min_child_size': 13, 'max_branching': 3, 'reg': 0.0001367236983732383, 'branch_penalty': 0.0001315760380898584}. Best is trial 2 with value: 0.6925323320817689.
[I 2026-02-16 02:46:30,158] Trial 2 finished with value: 0.0 and parameters: {'lookahead_cap': 2, 'max_bins': 3, 'min_samples_leaf': 16, 'min_child_size': 2, 'max_branching': 5, 'reg': 0.0038765702185863944, 'branch_penalty': 0.005045926448722443}. Best is trial 0 with value: 0.0.
[I 2026-02-16 02:56:35,649] Trial 4 finished with value: 0.0 and parameters: {'lookahead_cap': 3, 'max_bins': 6, 'min_samples_leaf': 12, 'min_child_size': 7, 'max_branching': 6, 'reg': 0.0006461559001509979, 'branch_penalty': 0.0008174647357216676}. Best is trial 0 with value: 0.0.
[I 2026-02-16 03:07:20,583] A new study created in memory with name: lightgbm_electricity_d2
[I 2026-02-16 03:07:20,591] A new study created in memory with name: lightgbm_electricity_d3
[I 2026-02-16 03:07:20,599] A new study created in memory with name: lightgbm_electricity_d4
[I 2026-02-16 03:07:20,607] A new study created in memory with name: lightgbm_electricity_d5
[I 2026-02-16 03:07:20,616] A new study created in memory with name: lightgbm_electricity_d6
[I 2026-02-16 03:07:20,619] A new study created in memory with name: lightgbm_eye-movements_d2
[I 2026-02-16 03:07:20,621] A new study created in memory with name: lightgbm_eye-movements_d3
[I 2026-02-16 03:07:20,622] A new study created in memory with name: lightgbm_eye-movements_d4
[I 2026-02-16 03:07:20,626] A new study created in memory with name: lightgbm_eye-movements_d5
[I 2026-02-16 03:07:21,032] Trial 1 finished with value: 0.5722495894909688 and parameters: {'lookahead_cap': 1, 'max_bins': 2, 'min_samples_leaf': 14, 'min_child_size': 11, 'max_branching': 0, 'reg': 0.008174624856487865, 'branch_penalty': 0.00972238833265203}. Best is trial 1 with value: 0.5722495894909688.
[I 2026-02-16 03:07:21,049] Trial 1 finished with value: 0.7504827586206897 and parameters: {'lookahead_cap': 1, 'max_bins': 2, 'min_samples_leaf': 13, 'min_child_size': 9, 'max_branching': 6, 'reg': 0.04164275226612632, 'branch_penalty': 0.004126725343572901}. Best is trial 1 with value: 0.7504827586206897.
[I 2026-02-16 03:07:21,071] Trial 0 finished with value: 0.5451559934318555 and parameters: {'lookahead_cap': 1, 'max_bins': 5, 'min_samples_leaf': 4, 'min_child_size': 3, 'max_branching': 5, 'reg': 0.00906302019394409, 'branch_penalty': 0.00011417095139113237}. Best is trial 0 with value: 0.5451559934318555.
[I 2026-02-16 03:07:21,193] Trial 1 finished with value: 0.5377668308702791 and parameters: {'lookahead_cap': 1, 'max_bins': 6, 'min_samples_leaf': 9, 'min_child_size': 8, 'max_branching': 0, 'reg': 0.013502133738956729, 'branch_penalty': 0.019262127630130212}. Best is trial 0 with value: 0.5451559934318555.
[I 2026-02-16 03:07:21,194] Trial 0 finished with value: 0.7598620689655172 and parameters: {'lookahead_cap': 1, 'max_bins': 5, 'min_samples_leaf': 6, 'min_child_size': 12, 'max_branching': 5, 'reg': 0.00023247783631097225, 'branch_penalty': 0.005989052763604625}. Best is trial 0 with value: 0.7598620689655172.
[I 2026-02-16 03:07:21,512] Trial 3 finished with value: 0.5492610837438424 and parameters: {'lookahead_cap': 1, 'max_bins': 3, 'min_samples_leaf': 8, 'min_child_size': 13, 'max_branching': 4, 'reg': 0.0027086340853136903, 'branch_penalty': 0.00019296135200481393}. Best is trial 3 with value: 0.5492610837438424.
[I 2026-02-16 03:07:21,685] Trial 2 finished with value: 0.7644137931034483 and parameters: {'lookahead_cap': 1, 'max_bins': 3, 'min_samples_leaf': 5, 'min_child_size': 16, 'max_branching': 0, 'reg': 0.04701059098722751, 'branch_penalty': 0.00019958746035558396}. Best is trial 2 with value: 0.7644137931034483.
[I 2026-02-16 03:07:21,694] Trial 2 finished with value: 0.5599343185550082 and parameters: {'lookahead_cap': 1, 'max_bins': 4, 'min_samples_leaf': 11, 'min_child_size': 10, 'max_branching': 5, 'reg': 0.009165893370614308, 'branch_penalty': 0.006541985101984146}. Best is trial 2 with value: 0.5599343185550082.
[I 2026-02-16 03:07:21,793] Trial 3 finished with value: 0.7582068965517241 and parameters: {'lookahead_cap': 1, 'max_bins': 6, 'min_samples_leaf': 6, 'min_child_size': 15, 'max_branching': 2, 'reg': 0.004218287919136664, 'branch_penalty': 0.016530903144393382}. Best is trial 2 with value: 0.7644137931034483.
[I 2026-02-16 03:07:21,938] Trial 4 finished with value: 0.5689655172413793 and parameters: {'lookahead_cap': 1, 'max_bins': 4, 'min_samples_leaf': 3, 'min_child_size': 4, 'max_branching': 2, 'reg': 0.003508942284561262, 'branch_penalty': 0.005207199215826604}. Best is trial 4 with value: 0.5689655172413793.
[I 2026-02-16 03:07:21,995] A new study created in memory with name: lightgbm_eye-movements_d6
[I 2026-02-16 03:07:22,265] Trial 4 finished with value: 0.756 and parameters: {'lookahead_cap': 1, 'max_bins': 6, 'min_samples_leaf': 9, 'min_child_size': 16, 'max_branching': 3, 'reg': 0.023458560854713238, 'branch_penalty': 0.002997585758095733}. Best is trial 2 with value: 0.7644137931034483.
[I 2026-02-16 03:07:22,319] A new study created in memory with name: lightgbm_eye-state_d2
[I 2026-02-16 03:07:22,618] Trial 0 finished with value: 0.5886524822695035 and parameters: {'lookahead_cap': 1, 'max_bins': 3, 'min_samples_leaf': 3, 'min_child_size': 3, 'max_branching': 4, 'reg': 0.00559978407760237, 'branch_penalty': 0.012457833079301895}. Best is trial 0 with value: 0.5886524822695035.
[I 2026-02-16 03:07:22,725] Trial 1 finished with value: 0.639549436795995 and parameters: {'lookahead_cap': 1, 'max_bins': 5, 'min_samples_leaf': 7, 'min_child_size': 15, 'max_branching': 4, 'reg': 0.008758016769711262, 'branch_penalty': 0.0006586561538124496}. Best is trial 1 with value: 0.639549436795995.
[I 2026-02-16 03:07:22,999] Trial 2 finished with value: 0.5965790571547768 and parameters: {'lookahead_cap': 1, 'max_bins': 2, 'min_samples_leaf': 5, 'min_child_size': 2, 'max_branching': 5, 'reg': 0.004065962026791345, 'branch_penalty': 0.0005686580805557756}. Best is trial 1 with value: 0.639549436795995.
[I 2026-02-16 03:07:23,081] Trial 0 finished with value: 0.5533661740558292 and parameters: {'lookahead_cap': 1, 'max_bins': 5, 'min_samples_leaf': 16, 'min_child_size': 5, 'max_branching': 5, 'reg': 0.00035694239808611085, 'branch_penalty': 0.01276997338465604}. Best is trial 1 with value: 0.5722495894909688.
[I 2026-02-16 03:07:23,103] Trial 3 finished with value: 0.6216103462661661 and parameters: {'lookahead_cap': 1, 'max_bins': 5, 'min_samples_leaf': 8, 'min_child_size': 9, 'max_branching': 6, 'reg': 0.0021831175665859804, 'branch_penalty': 0.0003414590065066746}. Best is trial 1 with value: 0.639549436795995.
[I 2026-02-16 03:07:23,426] Trial 4 finished with value: 0.5936587400917814 and parameters: {'lookahead_cap': 1, 'max_bins': 4, 'min_samples_leaf': 5, 'min_child_size': 16, 'max_branching': 3, 'reg': 0.00484641862830872, 'branch_penalty': 0.000735850412208241}. Best is trial 1 with value: 0.639549436795995.
[I 2026-02-16 03:07:23,480] A new study created in memory with name: lightgbm_eye-state_d3
[I 2026-02-16 03:07:23,507] Trial 0 finished with value: 0.7891034482758621 and parameters: {'lookahead_cap': 1, 'max_bins': 6, 'min_samples_leaf': 3, 'min_child_size': 3, 'max_branching': 4, 'reg': 0.00046745875474497216, 'branch_penalty': 0.0001269333011891031}. Best is trial 0 with value: 0.7891034482758621.
[I 2026-02-16 03:07:24,084] Trial 0 finished with value: 0.6382978723404256 and parameters: {'lookahead_cap': 2, 'max_bins': 3, 'min_samples_leaf': 3, 'min_child_size': 9, 'max_branching': 6, 'reg': 0.025007624294693397, 'branch_penalty': 0.0015335200870836751}. Best is trial 0 with value: 0.6382978723404256.
[I 2026-02-16 03:07:24,192] Trial 1 finished with value: 0.7542068965517241 and parameters: {'lookahead_cap': 1, 'max_bins': 3, 'min_samples_leaf': 6, 'min_child_size': 9, 'max_branching': 2, 'reg': 0.005396615875166684, 'branch_penalty': 0.0003513932238558635}. Best is trial 0 with value: 0.7891034482758621.
[I 2026-02-16 03:07:25,233] Trial 1 finished with value: 0.6537338339591156 and parameters: {'lookahead_cap': 1, 'max_bins': 4, 'min_samples_leaf': 9, 'min_child_size': 15, 'max_branching': 4, 'reg': 0.0023020153826667196, 'branch_penalty': 0.008166494938031786}. Best is trial 1 with value: 0.6537338339591156.
[I 2026-02-16 03:07:25,301] Trial 2 finished with value: 0.5426929392446633 and parameters: {'lookahead_cap': 1, 'max_bins': 5, 'min_samples_leaf': 7, 'min_child_size': 15, 'max_branching': 3, 'reg': 0.007096818164230489, 'branch_penalty': 0.00014005711482918107}. Best is trial 1 with value: 0.5722495894909688.
[I 2026-02-16 03:07:25,639] Trial 3 finished with value: 0.5591133004926109 and parameters: {'lookahead_cap': 2, 'max_bins': 2, 'min_samples_leaf': 16, 'min_child_size': 13, 'max_branching': 2, 'reg': 0.0032767057325393937, 'branch_penalty': 0.00016421145828065024}. Best is trial 1 with value: 0.5722495894909688.
[I 2026-02-16 03:07:27,125] Trial 3 finished with value: 0.6708385481852316 and parameters: {'lookahead_cap': 1, 'max_bins': 5, 'min_samples_leaf': 7, 'min_child_size': 2, 'max_branching': 3, 'reg': 0.020812480623882648, 'branch_penalty': 0.0007462922483772881}. Best is trial 3 with value: 0.6708385481852316.
[I 2026-02-16 03:07:27,710] Trial 4 finished with value: 0.5492610837438424 and parameters: {'lookahead_cap': 2, 'max_bins': 5, 'min_samples_leaf': 14, 'min_child_size': 14, 'max_branching': 4, 'reg': 0.027621327419290503, 'branch_penalty': 0.00020277116701072223}. Best is trial 1 with value: 0.5722495894909688.
[I 2026-02-16 03:07:27,730] Trial 0 finished with value: 0.7695172413793103 and parameters: {'lookahead_cap': 1, 'max_bins': 2, 'min_samples_leaf': 10, 'min_child_size': 14, 'max_branching': 6, 'reg': 0.0002645196193003834, 'branch_penalty': 0.00015077739463014936}. Best is trial 0 with value: 0.7695172413793103.
[I 2026-02-16 03:07:27,775] A new study created in memory with name: lightgbm_eye-state_d4
[I 2026-02-16 03:07:27,775] Trial 2 finished with value: 0.7615172413793103 and parameters: {'lookahead_cap': 1, 'max_bins': 6, 'min_samples_leaf': 2, 'min_child_size': 12, 'max_branching': 2, 'reg': 0.004027429799823847, 'branch_penalty': 0.0011436489238327784}. Best is trial 0 with value: 0.7891034482758621.
[I 2026-02-16 03:07:28,067] Trial 2 finished with value: 0.6725073007926575 and parameters: {'lookahead_cap': 1, 'max_bins': 4, 'min_samples_leaf': 8, 'min_child_size': 8, 'max_branching': 0, 'reg': 0.02118304068623992, 'branch_penalty': 0.0002714128517655938}. Best is trial 2 with value: 0.6725073007926575.
[I 2026-02-16 03:07:28,136] Trial 3 finished with value: 0.7526896551724138 and parameters: {'lookahead_cap': 2, 'max_bins': 2, 'min_samples_leaf': 10, 'min_child_size': 9, 'max_branching': 4, 'reg': 0.011295467201713977, 'branch_penalty': 0.00010653143940718922}. Best is trial 0 with value: 0.7891034482758621.
[I 2026-02-16 03:07:28,865] Trial 4 finished with value: 0.5924071756362119 and parameters: {'lookahead_cap': 1, 'max_bins': 3, 'min_samples_leaf': 9, 'min_child_size': 14, 'max_branching': 5, 'reg': 0.04309423661735264, 'branch_penalty': 0.00015059215825217564}. Best is trial 2 with value: 0.6725073007926575.
[I 2026-02-16 03:07:28,927] A new study created in memory with name: lightgbm_eye-state_d5
[I 2026-02-16 03:07:29,278] Trial 4 finished with value: 0.7580689655172413 and parameters: {'lookahead_cap': 1, 'max_bins': 3, 'min_samples_leaf': 7, 'min_child_size': 3, 'max_branching': 2, 'reg': 0.0005806853773168334, 'branch_penalty': 0.0008987464120295628}. Best is trial 0 with value: 0.7891034482758621.
[I 2026-02-16 03:07:29,333] A new study created in memory with name: lightgbm_eye-state_d6
[I 2026-02-16 03:07:31,519] Trial 0 finished with value: 0.6766791823112224 and parameters: {'lookahead_cap': 2, 'max_bins': 2, 'min_samples_leaf': 3, 'min_child_size': 16, 'max_branching': 6, 'reg': 0.00015435404505609153, 'branch_penalty': 0.0006646058950962216}. Best is trial 0 with value: 0.6766791823112224.
[I 2026-02-16 03:07:32,206] Trial 1 finished with value: 0.7033792240300375 and parameters: {'lookahead_cap': 1, 'max_bins': 3, 'min_samples_leaf': 12, 'min_child_size': 3, 'max_branching': 5, 'reg': 0.001817927838802165, 'branch_penalty': 0.000707599393859666}. Best is trial 1 with value: 0.7033792240300375.
[I 2026-02-16 03:07:34,552] Trial 0 finished with value: 0.7864827586206896 and parameters: {'lookahead_cap': 2, 'max_bins': 4, 'min_samples_leaf': 3, 'min_child_size': 12, 'max_branching': 4, 'reg': 0.001744651148622728, 'branch_penalty': 0.007574462954477158}. Best is trial 0 with value: 0.7864827586206896.
[I 2026-02-16 03:07:50,274] Trial 1 finished with value: 0.771448275862069 and parameters: {'lookahead_cap': 2, 'max_bins': 4, 'min_samples_leaf': 4, 'min_child_size': 4, 'max_branching': 6, 'reg': 0.002193374952630926, 'branch_penalty': 0.000183904428453065}. Best is trial 0 with value: 0.7864827586206896.
[I 2026-02-16 03:07:52,161] Trial 2 finished with value: 0.7575172413793103 and parameters: {'lookahead_cap': 2, 'max_bins': 2, 'min_samples_leaf': 13, 'min_child_size': 11, 'max_branching': 4, 'reg': 0.04314504156894886, 'branch_penalty': 0.0032688812476067306}. Best is trial 0 with value: 0.7864827586206896.
[I 2026-02-16 03:08:08,165] Trial 1 finished with value: 0.7713103448275862 and parameters: {'lookahead_cap': 3, 'max_bins': 3, 'min_samples_leaf': 16, 'min_child_size': 3, 'max_branching': 3, 'reg': 0.0022777568889849743, 'branch_penalty': 0.011625965526561182}. Best is trial 1 with value: 0.7713103448275862.
[I 2026-02-16 03:08:15,425] Trial 2 finished with value: 0.7542068965517241 and parameters: {'lookahead_cap': 3, 'max_bins': 2, 'min_samples_leaf': 7, 'min_child_size': 10, 'max_branching': 2, 'reg': 0.022058159739854078, 'branch_penalty': 0.0002979419148384304}. Best is trial 1 with value: 0.7713103448275862.
[I 2026-02-16 03:08:16,281] Trial 1 finished with value: 0.5607553366174056 and parameters: {'lookahead_cap': 1, 'max_bins': 2, 'min_samples_leaf': 2, 'min_child_size': 5, 'max_branching': 0, 'reg': 0.010681744053600582, 'branch_penalty': 0.002848651615061402}. Best is trial 1 with value: 0.5607553366174056.
[I 2026-02-16 03:09:00,673] Trial 3 finished with value: 0.7802758620689655 and parameters: {'lookahead_cap': 2, 'max_bins': 6, 'min_samples_leaf': 10, 'min_child_size': 5, 'max_branching': 6, 'reg': 0.0034737081101710292, 'branch_penalty': 0.0071409554512886254}. Best is trial 0 with value: 0.7864827586206896.
[I 2026-02-16 03:09:02,599] Trial 4 finished with value: 0.7467586206896552 and parameters: {'lookahead_cap': 2, 'max_bins': 2, 'min_samples_leaf': 16, 'min_child_size': 14, 'max_branching': 0, 'reg': 0.02431833741440199, 'branch_penalty': 0.000344293539260269}. Best is trial 0 with value: 0.7864827586206896.
[I 2026-02-16 03:09:33,251] Trial 0 finished with value: 0.7033792240300375 and parameters: {'lookahead_cap': 3, 'max_bins': 6, 'min_samples_leaf': 9, 'min_child_size': 10, 'max_branching': 4, 'reg': 0.0002365804534865588, 'branch_penalty': 0.008689092814142372}. Best is trial 1 with value: 0.7033792240300375.
[I 2026-02-16 03:09:45,888] Trial 0 finished with value: 0.5706075533661741 and parameters: {'lookahead_cap': 2, 'max_bins': 3, 'min_samples_leaf': 15, 'min_child_size': 5, 'max_branching': 2, 'reg': 0.0026954855337405674, 'branch_penalty': 0.0007319571041007084}. Best is trial 0 with value: 0.5706075533661741.
[I 2026-02-16 03:09:50,731] Trial 3 finished with value: 0.7058823529411765 and parameters: {'lookahead_cap': 3, 'max_bins': 4, 'min_samples_leaf': 6, 'min_child_size': 7, 'max_branching': 5, 'reg': 0.00011460116911946914, 'branch_penalty': 0.0035707675061921545}. Best is trial 3 with value: 0.7058823529411765.
[I 2026-02-16 03:10:34,082] Trial 2 finished with value: 0.6591572799332499 and parameters: {'lookahead_cap': 3, 'max_bins': 5, 'min_samples_leaf': 9, 'min_child_size': 8, 'max_branching': 5, 'reg': 0.008526651803915881, 'branch_penalty': 0.0008796625724344882}. Best is trial 3 with value: 0.7058823529411765.
[I 2026-02-16 03:11:05,602] Trial 0 finished with value: 0.6591572799332499 and parameters: {'lookahead_cap': 1, 'max_bins': 3, 'min_samples_leaf': 9, 'min_child_size': 8, 'max_branching': 6, 'reg': 0.015174214581916503, 'branch_penalty': 0.0014470923203981547}. Best is trial 0 with value: 0.6591572799332499.
[I 2026-02-16 03:12:24,356] Trial 1 finished with value: 0.548440065681445 and parameters: {'lookahead_cap': 1, 'max_bins': 4, 'min_samples_leaf': 6, 'min_child_size': 16, 'max_branching': 5, 'reg': 0.03299753235484673, 'branch_penalty': 0.00010883835590651202}. Best is trial 1 with value: 0.548440065681445.
[I 2026-02-16 03:12:24,357] Trial 0 finished with value: 0.5796387520525451 and parameters: {'lookahead_cap': 3, 'max_bins': 6, 'min_samples_leaf': 3, 'min_child_size': 11, 'max_branching': 5, 'reg': 0.00022713936791031496, 'branch_penalty': 0.0027009592264244666}. Best is trial 0 with value: 0.5796387520525451.
[I 2026-02-16 03:12:26,057] Trial 3 finished with value: 0.5599343185550082 and parameters: {'lookahead_cap': 3, 'max_bins': 2, 'min_samples_leaf': 9, 'min_child_size': 8, 'max_branching': 5, 'reg': 0.0009617261199079717, 'branch_penalty': 0.00028266204049079934}. Best is trial 0 with value: 0.5796387520525451.
[I 2026-02-16 03:12:35,057] Trial 2 finished with value: 0.5706075533661741 and parameters: {'lookahead_cap': 2, 'max_bins': 3, 'min_samples_leaf': 11, 'min_child_size': 4, 'max_branching': 3, 'reg': 0.00014808633764356417, 'branch_penalty': 0.0005382441683813577}. Best is trial 0 with value: 0.5796387520525451.
[I 2026-02-16 03:13:11,913] Trial 4 finished with value: 0.7263245723821443 and parameters: {'lookahead_cap': 2, 'max_bins': 6, 'min_samples_leaf': 2, 'min_child_size': 6, 'max_branching': 4, 'reg': 0.0019740063686487716, 'branch_penalty': 0.0011040713341561664}. Best is trial 4 with value: 0.7263245723821443.
[I 2026-02-16 03:14:20,332] Trial 4 finished with value: 0.548440065681445 and parameters: {'lookahead_cap': 3, 'max_bins': 5, 'min_samples_leaf': 6, 'min_child_size': 13, 'max_branching': 3, 'reg': 0.0012921831446648325, 'branch_penalty': 0.006375382191411615}. Best is trial 0 with value: 0.5796387520525451.
[I 2026-02-16 03:14:28,541] Trial 3 finished with value: 0.7787586206896552 and parameters: {'lookahead_cap': 3, 'max_bins': 5, 'min_samples_leaf': 11, 'min_child_size': 13, 'max_branching': 2, 'reg': 0.00040171731135942344, 'branch_penalty': 0.007562555944779642}. Best is trial 3 with value: 0.7787586206896552.
[I 2026-02-16 03:14:57,875] Trial 4 finished with value: 0.7742068965517241 and parameters: {'lookahead_cap': 1, 'max_bins': 3, 'min_samples_leaf': 4, 'min_child_size': 3, 'max_branching': 3, 'reg': 0.0005862677656011885, 'branch_penalty': 0.0018299162621306128}. Best is trial 3 with value: 0.7787586206896552.
[I 2026-02-16 03:17:22,204] Trial 1 finished with value: 0.0 and parameters: {'lookahead_cap': 2, 'max_bins': 4, 'min_samples_leaf': 7, 'min_child_size': 2, 'max_branching': 3, 'reg': 0.004539020145079838, 'branch_penalty': 0.0006829182627228378}. Best is trial 1 with value: 0.0.
[I 2026-02-16 03:17:38,285] Trial 1 finished with value: 0.0 and parameters: {'lookahead_cap': 1, 'max_bins': 6, 'min_samples_leaf': 2, 'min_child_size': 16, 'max_branching': 6, 'reg': 0.0093936100714419, 'branch_penalty': 0.0010258801777704117}. Best is trial 0 with value: 0.6766791823112224.
[I 2026-02-16 03:18:27,362] Trial 0 finished with value: 0.0 and parameters: {'lookahead_cap': 2, 'max_bins': 3, 'min_samples_leaf': 6, 'min_child_size': 5, 'max_branching': 0, 'reg': 0.0036522234761703046, 'branch_penalty': 0.0035564418769231734}. Best is trial 1 with value: 0.5607553366174056.
[I 2026-02-16 03:20:01,219] Trial 1 finished with value: 0.0 and parameters: {'lookahead_cap': 1, 'max_bins': 5, 'min_samples_leaf': 11, 'min_child_size': 2, 'max_branching': 3, 'reg': 0.012862320868355667, 'branch_penalty': 0.002050308244367824}. Best is trial 0 with value: 0.5706075533661741.
[I 2026-02-16 03:20:11,376] Trial 3 finished with value: 0.5796387520525451 and parameters: {'lookahead_cap': 2, 'max_bins': 2, 'min_samples_leaf': 12, 'min_child_size': 13, 'max_branching': 2, 'reg': 0.0005250177324714189, 'branch_penalty': 0.001186710687265798}. Best is trial 3 with value: 0.5796387520525451.
[I 2026-02-16 03:21:17,194] Trial 1 finished with value: 0.0 and parameters: {'lookahead_cap': 3, 'max_bins': 6, 'min_samples_leaf': 8, 'min_child_size': 7, 'max_branching': 3, 'reg': 0.0194481523603903, 'branch_penalty': 0.0005125815628356296}. Best is trial 0 with value: 0.6591572799332499.
[I 2026-02-16 03:22:23,152] Trial 2 finished with value: 0.5730706075533661 and parameters: {'lookahead_cap': 2, 'max_bins': 3, 'min_samples_leaf': 16, 'min_child_size': 11, 'max_branching': 0, 'reg': 0.0003108808206366071, 'branch_penalty': 0.0007875283406732602}. Best is trial 3 with value: 0.5796387520525451.
[I 2026-02-16 03:22:33,246] Trial 4 finished with value: 0.5607553366174056 and parameters: {'lookahead_cap': 1, 'max_bins': 2, 'min_samples_leaf': 14, 'min_child_size': 10, 'max_branching': 2, 'reg': 0.0002737178681921846, 'branch_penalty': 0.009650431623071208}. Best is trial 3 with value: 0.5796387520525451.
[I 2026-02-16 03:27:23,464] Trial 0 finished with value: 0.0 and parameters: {'lookahead_cap': 1, 'max_bins': 5, 'min_samples_leaf': 12, 'min_child_size': 15, 'max_branching': 6, 'reg': 0.0002614170709043715, 'branch_penalty': 0.0003385993241913309}. Best is trial 1 with value: 0.0.
[I 2026-02-16 03:27:44,867] Trial 2 finished with value: 0.0 and parameters: {'lookahead_cap': 1, 'max_bins': 6, 'min_samples_leaf': 8, 'min_child_size': 3, 'max_branching': 5, 'reg': 0.0006993848643034717, 'branch_penalty': 0.000573220269381476}. Best is trial 0 with value: 0.6766791823112224.
[I 2026-02-16 03:28:40,157] Trial 2 finished with value: 0.0 and parameters: {'lookahead_cap': 3, 'max_bins': 3, 'min_samples_leaf': 16, 'min_child_size': 2, 'max_branching': 3, 'reg': 0.0061725387055678585, 'branch_penalty': 0.000513983792695248}. Best is trial 1 with value: 0.5607553366174056.
[I 2026-02-16 03:30:07,238] Trial 3 finished with value: 0.7885517241379311 and parameters: {'lookahead_cap': 2, 'max_bins': 3, 'min_samples_leaf': 13, 'min_child_size': 12, 'max_branching': 2, 'reg': 0.00035298089622166646, 'branch_penalty': 0.00012759347384561342}. Best is trial 3 with value: 0.7885517241379311.
[I 2026-02-16 03:30:26,556] Trial 2 finished with value: 0.7590344827586207 and parameters: {'lookahead_cap': 3, 'max_bins': 2, 'min_samples_leaf': 4, 'min_child_size': 13, 'max_branching': 2, 'reg': 0.044446573983703344, 'branch_penalty': 0.001580904131967999}. Best is trial 3 with value: 0.7885517241379311.
[I 2026-02-16 03:31:28,915] Trial 2 finished with value: 0.0 and parameters: {'lookahead_cap': 1, 'max_bins': 5, 'min_samples_leaf': 5, 'min_child_size': 12, 'max_branching': 5, 'reg': 0.002825549052072111, 'branch_penalty': 0.004369416344830772}. Best is trial 0 with value: 0.6591572799332499.
[I 2026-02-16 03:37:52,310] Trial 3 finished with value: 0.0 and parameters: {'lookahead_cap': 3, 'max_bins': 6, 'min_samples_leaf': 13, 'min_child_size': 9, 'max_branching': 6, 'reg': 0.0002889716441388677, 'branch_penalty': 0.012261675905143146}. Best is trial 0 with value: 0.6766791823112224.
[I 2026-02-16 03:38:56,899] Trial 3 finished with value: 0.0 and parameters: {'lookahead_cap': 1, 'max_bins': 4, 'min_samples_leaf': 3, 'min_child_size': 15, 'max_branching': 6, 'reg': 0.00021244152544412097, 'branch_penalty': 0.0013651970479571505}. Best is trial 1 with value: 0.5607553366174056.
[I 2026-02-16 03:40:28,027] Trial 4 finished with value: 0.0 and parameters: {'lookahead_cap': 1, 'max_bins': 5, 'min_samples_leaf': 3, 'min_child_size': 10, 'max_branching': 6, 'reg': 0.00682766505294142, 'branch_penalty': 0.0015298559603942592}. Best is trial 3 with value: 0.7885517241379311.
[I 2026-02-16 03:41:34,779] Trial 3 finished with value: 0.0 and parameters: {'lookahead_cap': 3, 'max_bins': 4, 'min_samples_leaf': 6, 'min_child_size': 12, 'max_branching': 5, 'reg': 0.00020073948060987998, 'branch_penalty': 0.0031329237599159432}. Best is trial 0 with value: 0.6591572799332499.
[I 2026-02-16 03:45:01,883] Trial 4 finished with value: 0.690863579474343 and parameters: {'lookahead_cap': 3, 'max_bins': 3, 'min_samples_leaf': 12, 'min_child_size': 12, 'max_branching': 6, 'reg': 0.0101139737458443, 'branch_penalty': 0.009531611836280455}. Best is trial 4 with value: 0.690863579474343.
[I 2026-02-16 03:47:59,009] Trial 4 finished with value: 0.0 and parameters: {'lookahead_cap': 1, 'max_bins': 5, 'min_samples_leaf': 10, 'min_child_size': 6, 'max_branching': 5, 'reg': 0.0003997859567057583, 'branch_penalty': 0.002537030255397674}. Best is trial 0 with value: 0.6766791823112224.
[I 2026-02-16 03:49:18,994] Trial 4 finished with value: 0.0 and parameters: {'lookahead_cap': 3, 'max_bins': 4, 'min_samples_leaf': 3, 'min_child_size': 3, 'max_branching': 6, 'reg': 0.03514578103821993, 'branch_penalty': 0.0049048273651185565}. Best is trial 1 with value: 0.5607553366174056.
/home/users/yz1075/mdst/.venv/lib/python3.10/site-packages/sklearn/utils/deprecation.py:132: FutureWarning: 'force_all_finite' was renamed to 'ensure_all_finite' in 1.6 and will be removed in 1.8.
  warnings.warn(
/home/users/yz1075/mdst/.venv/lib/python3.10/site-packages/sklearn/utils/deprecation.py:132: FutureWarning: 'force_all_finite' was renamed to 'ensure_all_finite' in 1.6 and will be removed in 1.8.
  warnings.warn(
Traceback (most recent call last):
  File "/home/users/yz1075/mdst/visualize_multisplit_tree.py", line 1181, in <module>
    main()
  File "/home/users/yz1075/mdst/visualize_multisplit_tree.py", line 1088, in main
    model, binner, acc, lookahead, z_train = _fit_msplit_tree(args, x_train_proc, x_test_proc, y_train, y_test)
  File "/home/users/yz1075/mdst/visualize_multisplit_tree.py", line 970, in _fit_msplit_tree
    model.fit(z_train, y_train)
  File "/home/users/yz1075/mdst/SPLIT-ICML/split/src/split/MSPLIT.py", line 143, in fit
    cpp_result = _cpp_msplit_fit(
RuntimeError: MSPLIT exceeded time_limit during C++ solve.
Traceback (most recent call last):
  File "/home/users/yz1075/mdst/run_multisplit_xgboost_comparison.py", line 840, in <module>
    main()
  File "/home/users/yz1075/mdst/run_multisplit_xgboost_comparison.py", line 810, in main
    xgb_dir, cart_dir, lgb_dir, artifacts_dir = _generate_trees(args, out_dir, viz_config_map)
  File "/home/users/yz1075/mdst/run_multisplit_xgboost_comparison.py", line 608, in _generate_trees
    subprocess.run(cmd, check=True)
  File "/usr/lib/python3.10/subprocess.py", line 526, in run
    raise CalledProcessError(retcode, process.args,
subprocess.CalledProcessError: Command '['/home/users/yz1075/mdst/.venv/bin/python', 'visualize_multisplit_tree.py', '--dataset', 'electricity', '--pipeline', 'cart', '--depth-budget', '5', '--seed', '2', '--out', 'results/comparison/compare_20260216_020551/cart_mssplit_trees/electricity.png', '--artifact-out', 'results/comparison/compare_20260216_020551/tree_artifacts/cart_mssplit/electricity.json', '--test-size', '0.2', '--time-limit', '600.0', '--lookahead-cap', '3', '--max-bins', '6', '--min-samples-leaf', '8', '--min-child-size', '8', '--max-branching', '0', '--reg', '0.01', '--branch-penalty', '0.002', '--xgb-n-estimators', '300', '--xgb-learning-rate', '0.05', '--xgb-num-threads', '2']' returned non-zero exit status 1.
Pipeline execution failed. Check /home/users/yz1075/mdst/results/comparison/compare_20260216_020551/run_profile.time.log and /home/users/yz1075/mdst/results/comparison/compare_20260216_020551/run_profile.json
