Job started on compsci-cluster-fitz-45 at Sun Feb 15 05:26:13 AM EST 2026
SPLIT native backend import OK
[compare] running: /home/users/yz1075/mdst/.venv/bin/python run_multisplit_experiments_cart.py --run-name comparison_20260215_052618_cart --datasets electricity eye-movements eye-state --depth-budgets 2 3 4 5 6 --seeds 0 1 2 3 4 --test-size 0.2 --time-limit 600.0 --lookahead-cap 3 --max-bins 6 --min-samples-leaf 8 --min-child-size 8 --max-branching 0 --reg 0.01 --branch-penalty 0.002
[2026-02-15T05:26:19-05:00] Starting multisplit experiment run.
[2026-02-15T05:26:19-05:00] run_name=comparison_20260215_052618_cart
[2026-02-15T05:26:19-05:00] run_dir=/home/users/yz1075/mdst/results/runs/comparison_20260215_052618_cart
[2026-02-15T05:26:19-05:00] OpenML cache directory set to /home/users/yz1075/mdst/results/openml_cache
[2026-02-15T05:26:19-05:00] Loading dataset=electricity
[2026-02-15T05:26:19-05:00] dataset=electricity, class_prevalence(max class)=0.5755
[2026-02-15T05:26:19-05:00] dataset=electricity, depth=2, lookahead=1: running seeds [0, 1, 2, 3, 4]
[2026-02-15T05:26:20-05:00] trial dataset=electricity, depth=2, seed=0, status=ok, acc=0.7623303541873552
[2026-02-15T05:26:20-05:00] trial dataset=electricity, depth=2, seed=1, status=ok, acc=0.7547169811320755
[2026-02-15T05:26:20-05:00] trial dataset=electricity, depth=2, seed=2, status=ok, acc=0.7565927397109125
[2026-02-15T05:26:20-05:00] trial dataset=electricity, depth=2, seed=3, status=ok, acc=0.7586891757696127
[2026-02-15T05:26:21-05:00] trial dataset=electricity, depth=2, seed=4, status=ok, acc=0.7539446099525543
[2026-02-15T05:26:21-05:00] dataset=electricity, depth=3, lookahead=2: running seeds [0, 1, 2, 3, 4]
[2026-02-15T05:26:26-05:00] trial dataset=electricity, depth=3, seed=0, status=ok, acc=0.7623303541873552
[2026-02-15T05:26:31-05:00] trial dataset=electricity, depth=3, seed=1, status=ok, acc=0.7547169811320755
[2026-02-15T05:26:36-05:00] trial dataset=electricity, depth=3, seed=2, status=ok, acc=0.7565927397109125
[2026-02-15T05:26:40-05:00] trial dataset=electricity, depth=3, seed=3, status=ok, acc=0.7586891757696127
[2026-02-15T05:26:45-05:00] trial dataset=electricity, depth=3, seed=4, status=ok, acc=0.7539446099525543
[2026-02-15T05:26:45-05:00] dataset=electricity, depth=4, lookahead=3: running seeds [0, 1, 2, 3, 4]
[2026-02-15T05:29:09-05:00] trial dataset=electricity, depth=4, seed=0, status=ok, acc=0.7623303541873552
[2026-02-15T05:31:20-05:00] trial dataset=electricity, depth=4, seed=1, status=ok, acc=0.7547169811320755
[2026-02-15T05:33:32-05:00] trial dataset=electricity, depth=4, seed=2, status=ok, acc=0.7565927397109125
[2026-02-15T05:35:38-05:00] trial dataset=electricity, depth=4, seed=3, status=ok, acc=0.7586891757696127
[2026-02-15T05:37:53-05:00] trial dataset=electricity, depth=4, seed=4, status=ok, acc=0.7539446099525543
[2026-02-15T05:37:53-05:00] dataset=electricity, depth=5, lookahead=3: running seeds [0, 1, 2, 3, 4]
[2026-02-15T05:47:54-05:00] trial dataset=electricity, depth=5, seed=0, status=timeout, acc=nan
[2026-02-15T05:57:55-05:00] trial dataset=electricity, depth=5, seed=1, status=timeout, acc=nan
[2026-02-15T06:07:56-05:00] trial dataset=electricity, depth=5, seed=2, status=timeout, acc=nan
[2026-02-15T06:17:58-05:00] trial dataset=electricity, depth=5, seed=3, status=timeout, acc=nan
[2026-02-15T06:27:59-05:00] trial dataset=electricity, depth=5, seed=4, status=timeout, acc=nan
[2026-02-15T06:27:59-05:00] dataset=electricity, depth=6, lookahead=3: running seeds [0, 1, 2, 3, 4]
[2026-02-15T06:38:00-05:00] trial dataset=electricity, depth=6, seed=0, status=timeout, acc=nan
[2026-02-15T06:48:01-05:00] trial dataset=electricity, depth=6, seed=1, status=timeout, acc=nan
[2026-02-15T06:58:03-05:00] trial dataset=electricity, depth=6, seed=2, status=timeout, acc=nan
[2026-02-15T07:08:04-05:00] trial dataset=electricity, depth=6, seed=3, status=timeout, acc=nan
[2026-02-15T07:18:06-05:00] trial dataset=electricity, depth=6, seed=4, status=timeout, acc=nan
[2026-02-15T07:18:06-05:00] Loading dataset=eye-movements
[2026-02-15T07:18:06-05:00] dataset=eye-movements, class_prevalence(max class)=0.5000
[2026-02-15T07:18:06-05:00] dataset=eye-movements, depth=2, lookahead=1: running seeds [0, 1, 2, 3, 4]
[2026-02-15T07:18:06-05:00] trial dataset=eye-movements, depth=2, seed=0, status=ok, acc=0.5525624178712221
[2026-02-15T07:18:06-05:00] trial dataset=eye-movements, depth=2, seed=1, status=ok, acc=0.5374507227332457
[2026-02-15T07:18:06-05:00] trial dataset=eye-movements, depth=2, seed=2, status=ok, acc=0.5670170827858082
[2026-02-15T07:18:06-05:00] trial dataset=eye-movements, depth=2, seed=3, status=ok, acc=0.5604467805519053
[2026-02-15T07:18:06-05:00] trial dataset=eye-movements, depth=2, seed=4, status=ok, acc=0.5183968462549278
[2026-02-15T07:18:06-05:00] dataset=eye-movements, depth=3, lookahead=2: running seeds [0, 1, 2, 3, 4]
[2026-02-15T07:18:09-05:00] trial dataset=eye-movements, depth=3, seed=0, status=ok, acc=0.5663600525624178
[2026-02-15T07:18:12-05:00] trial dataset=eye-movements, depth=3, seed=1, status=ok, acc=0.5479632063074902
[2026-02-15T07:18:16-05:00] trial dataset=eye-movements, depth=3, seed=2, status=ok, acc=0.5775295663600526
[2026-02-15T07:18:19-05:00] trial dataset=eye-movements, depth=3, seed=3, status=ok, acc=0.5886990801576872
[2026-02-15T07:18:23-05:00] trial dataset=eye-movements, depth=3, seed=4, status=ok, acc=0.5440210249671484
[2026-02-15T07:18:23-05:00] dataset=eye-movements, depth=4, lookahead=3: running seeds [0, 1, 2, 3, 4]
[2026-02-15T07:21:41-05:00] trial dataset=eye-movements, depth=4, seed=0, status=ok, acc=0.5663600525624178
[2026-02-15T07:24:55-05:00] trial dataset=eye-movements, depth=4, seed=1, status=ok, acc=0.5551905387647832
[2026-02-15T07:28:40-05:00] trial dataset=eye-movements, depth=4, seed=2, status=ok, acc=0.5814717477003942
[2026-02-15T07:32:00-05:00] trial dataset=eye-movements, depth=4, seed=3, status=ok, acc=0.5886990801576872
[2026-02-15T07:36:40-05:00] trial dataset=eye-movements, depth=4, seed=4, status=ok, acc=0.5440210249671484
[2026-02-15T07:36:40-05:00] dataset=eye-movements, depth=5, lookahead=3: running seeds [0, 1, 2, 3, 4]
[2026-02-15T07:46:50-05:00] trial dataset=eye-movements, depth=5, seed=0, status=timeout, acc=nan
[2026-02-15T07:56:58-05:00] trial dataset=eye-movements, depth=5, seed=1, status=timeout, acc=nan
[2026-02-15T08:07:08-05:00] trial dataset=eye-movements, depth=5, seed=2, status=timeout, acc=nan
[2026-02-15T08:17:14-05:00] trial dataset=eye-movements, depth=5, seed=3, status=timeout, acc=nan
[2026-02-15T08:27:18-05:00] trial dataset=eye-movements, depth=5, seed=4, status=timeout, acc=nan
[2026-02-15T08:27:18-05:00] dataset=eye-movements, depth=6, lookahead=3: running seeds [0, 1, 2, 3, 4]
[2026-02-15T08:37:35-05:00] trial dataset=eye-movements, depth=6, seed=0, status=timeout, acc=nan
[2026-02-15T08:47:49-05:00] trial dataset=eye-movements, depth=6, seed=1, status=timeout, acc=nan
[2026-02-15T08:58:06-05:00] trial dataset=eye-movements, depth=6, seed=2, status=timeout, acc=nan
[2026-02-15T09:08:12-05:00] trial dataset=eye-movements, depth=6, seed=3, status=timeout, acc=nan
[2026-02-15T09:18:17-05:00] trial dataset=eye-movements, depth=6, seed=4, status=timeout, acc=nan
[2026-02-15T09:18:17-05:00] Loading dataset=eye-state
[2026-02-15T09:18:17-05:00] dataset=eye-state, class_prevalence(max class)=0.5512
[2026-02-15T09:18:17-05:00] dataset=eye-state, depth=2, lookahead=1: running seeds [0, 1, 2, 3, 4]
[2026-02-15T09:18:17-05:00] trial dataset=eye-state, depth=2, seed=0, status=ok, acc=0.6325100133511349
[2026-02-15T09:18:17-05:00] trial dataset=eye-state, depth=2, seed=1, status=ok, acc=0.6288384512683578
[2026-02-15T09:18:17-05:00] trial dataset=eye-state, depth=2, seed=2, status=ok, acc=0.6401869158878505
[2026-02-15T09:18:17-05:00] trial dataset=eye-state, depth=2, seed=3, status=ok, acc=0.613150867823765
[2026-02-15T09:18:18-05:00] trial dataset=eye-state, depth=2, seed=4, status=ok, acc=0.6335113484646195
[2026-02-15T09:18:18-05:00] dataset=eye-state, depth=3, lookahead=2: running seeds [0, 1, 2, 3, 4]
[2026-02-15T09:18:22-05:00] trial dataset=eye-state, depth=3, seed=0, status=ok, acc=0.677570093457944
[2026-02-15T09:18:27-05:00] trial dataset=eye-state, depth=3, seed=1, status=ok, acc=0.6698931909212283
[2026-02-15T09:18:32-05:00] trial dataset=eye-state, depth=3, seed=2, status=ok, acc=0.6692256341789052
[2026-02-15T09:18:37-05:00] trial dataset=eye-state, depth=3, seed=3, status=ok, acc=0.6512016021361816
[2026-02-15T09:18:42-05:00] trial dataset=eye-state, depth=3, seed=4, status=ok, acc=0.6638851802403204
[2026-02-15T09:18:42-05:00] dataset=eye-state, depth=4, lookahead=3: running seeds [0, 1, 2, 3, 4]
[2026-02-15T09:22:21-05:00] trial dataset=eye-state, depth=4, seed=0, status=ok, acc=0.7032710280373832
[2026-02-15T09:25:49-05:00] trial dataset=eye-state, depth=4, seed=1, status=ok, acc=0.6839118825100133
[2026-02-15T09:29:17-05:00] trial dataset=eye-state, depth=4, seed=2, status=ok, acc=0.6842456608811749
[2026-02-15T09:32:51-05:00] trial dataset=eye-state, depth=4, seed=3, status=ok, acc=0.6602136181575434
[2026-02-15T09:36:23-05:00] trial dataset=eye-state, depth=4, seed=4, status=ok, acc=0.6725634178905207
[2026-02-15T09:36:23-05:00] dataset=eye-state, depth=5, lookahead=3: running seeds [0, 1, 2, 3, 4]
[2026-02-15T09:46:24-05:00] trial dataset=eye-state, depth=5, seed=0, status=timeout, acc=nan
[2026-02-15T09:56:26-05:00] trial dataset=eye-state, depth=5, seed=1, status=timeout, acc=nan
[2026-02-15T10:06:28-05:00] trial dataset=eye-state, depth=5, seed=2, status=timeout, acc=nan
[2026-02-15T10:16:29-05:00] trial dataset=eye-state, depth=5, seed=3, status=timeout, acc=nan
[2026-02-15T10:26:31-05:00] trial dataset=eye-state, depth=5, seed=4, status=timeout, acc=nan
[2026-02-15T10:26:31-05:00] dataset=eye-state, depth=6, lookahead=3: running seeds [0, 1, 2, 3, 4]
[2026-02-15T10:36:34-05:00] trial dataset=eye-state, depth=6, seed=0, status=timeout, acc=nan
[2026-02-15T10:46:37-05:00] trial dataset=eye-state, depth=6, seed=1, status=timeout, acc=nan
[2026-02-15T10:56:40-05:00] trial dataset=eye-state, depth=6, seed=2, status=timeout, acc=nan
[2026-02-15T11:06:43-05:00] trial dataset=eye-state, depth=6, seed=3, status=timeout, acc=nan
[2026-02-15T11:16:45-05:00] trial dataset=eye-state, depth=6, seed=4, status=timeout, acc=nan
[2026-02-15T11:16:46-05:00] Packaged artifact bundle: /home/users/yz1075/mdst/results/runs/comparison_20260215_052618_cart/comparison_20260215_052618_cart_artifacts.tar.gz
[2026-02-15T11:16:46-05:00] === Summary Table ===
      dataset  depth_budget  lookahead_depth_budget  n_success  mean_accuracy  mean_balanced_accuracy  mean_trivial_accuracy  std_accuracy  mean_fit_time_sec  mean_n_leaves  mean_n_internal  mean_max_arity  mean_exact_internal_nodes  mean_greedy_internal_nodes
  electricity             2                       1          5         0.7573                  0.7330                 0.5754        0.0034             0.0831         6.0000           1.0000          6.0000                     1.0000                      0.0000
  electricity             3                       2          5         0.7573                  0.7330                 0.5754        0.0034             4.8003         6.0000           1.0000          6.0000                   116.2000                      0.0000
  electricity             4                       3          5         0.7573                  0.7330                 0.5754        0.0034           133.3537         6.0000           1.0000          6.0000                  4698.6000                      0.0000
  electricity             5                       3          0            NaN                     NaN                    NaN           NaN                NaN            NaN              NaN             NaN                        NaN                         NaN
  electricity             6                       3          0            NaN                     NaN                    NaN           NaN                NaN            NaN              NaN             NaN                        NaN                         NaN
eye-movements             2                       1          5         0.5472                  0.5472                 0.5000        0.0195             0.0235         6.0000           1.0000          6.0000                     1.0000                      0.0000
eye-movements             3                       2          5         0.5649                  0.5649                 0.5000        0.0190             3.2161        29.0000           5.6000          6.0000                   217.2000                      0.0000
eye-movements             4                       3          5         0.5671                  0.5671                 0.5000        0.0184           219.2997        38.0000           7.6000          6.0000                 15943.8000                      0.0000
eye-movements             5                       3          0            NaN                     NaN                    NaN           NaN                NaN            NaN              NaN             NaN                        NaN                         NaN
eye-movements             6                       3          0            NaN                     NaN                    NaN           NaN                NaN            NaN              NaN             NaN                        NaN                         NaN
    eye-state             2                       1          5         0.6296                  0.6052                 0.5511        0.0101             0.0424         6.0000           1.0000          6.0000                     1.0000                      0.0000
    eye-state             3                       2          5         0.6664                  0.6546                 0.5511        0.0098             4.7360        35.0000           6.8000          6.0000                   200.4000                      0.0000
    eye-state             4                       3          5         0.6808                  0.6688                 0.5511        0.0160           212.1481       149.2000          30.6000          6.0000                 12551.2000                      0.0000
    eye-state             5                       3          0            NaN                     NaN                    NaN           NaN                NaN            NaN              NaN             NaN                        NaN                         NaN
    eye-state             6                       3          0            NaN                     NaN                    NaN           NaN                NaN            NaN              NaN             NaN                        NaN                         NaN
[2026-02-15T11:16:46-05:00] === Depth vs Accuracy (Exact) ===
[2026-02-15T11:16:46-05:00] Dataset: electricity
[2026-02-15T11:16:46-05:00] Depth 2: ours=0.7573 (75.73%), bal_acc=0.7330 (73.30%), trivial_acc=0.5754 (57.54%), mean_leaves=6.00, paper=0.8490 (84.90%), delta=-0.0917 (-9.17 pp)
[2026-02-15T11:16:46-05:00] Depth 3: ours=0.7573 (75.73%), bal_acc=0.7330 (73.30%), trivial_acc=0.5754 (57.54%), mean_leaves=6.00, paper=0.8260 (82.60%), delta=-0.0687 (-6.87 pp)
[2026-02-15T11:16:46-05:00] Depth 4: ours=0.7573 (75.73%), bal_acc=0.7330 (73.30%), trivial_acc=0.5754 (57.54%), mean_leaves=6.00, paper=0.8660 (86.60%), delta=-0.1087 (-10.87 pp)
[2026-02-15T11:16:46-05:00] Depth 5: ours=nan (nan%), bal_acc=nan (nan%), trivial_acc=nan (nan%), mean_leaves=nan, paper=0.8820 (88.20%), delta=+nan (+nan pp)
[2026-02-15T11:16:46-05:00] Depth 6: ours=nan (nan%), bal_acc=nan (nan%), trivial_acc=nan (nan%), mean_leaves=nan, paper=0.8880 (88.80%), delta=+nan (+nan pp)
[2026-02-15T11:16:46-05:00] Dataset: eye-movements
[2026-02-15T11:16:46-05:00] Depth 2: ours=0.5472 (54.72%), bal_acc=0.5472 (54.72%), trivial_acc=0.5000 (50.00%), mean_leaves=6.00, paper=0.6010 (60.10%), delta=-0.0538 (-5.38 pp)
[2026-02-15T11:16:46-05:00] Depth 3: ours=0.5649 (56.49%), bal_acc=0.5649 (56.49%), trivial_acc=0.5000 (50.00%), mean_leaves=29.00, paper=0.6360 (63.60%), delta=-0.0711 (-7.11 pp)
[2026-02-15T11:16:46-05:00] Depth 4: ours=0.5671 (56.71%), bal_acc=0.5671 (56.71%), trivial_acc=0.5000 (50.00%), mean_leaves=38.00, paper=0.6620 (66.20%), delta=-0.0949 (-9.49 pp)
[2026-02-15T11:16:46-05:00] Depth 5: ours=nan (nan%), bal_acc=nan (nan%), trivial_acc=nan (nan%), mean_leaves=nan, paper=0.6750 (67.50%), delta=+nan (+nan pp)
[2026-02-15T11:16:46-05:00] Depth 6: ours=nan (nan%), bal_acc=nan (nan%), trivial_acc=nan (nan%), mean_leaves=nan, paper=0.6660 (66.60%), delta=+nan (+nan pp)
[2026-02-15T11:16:46-05:00] Dataset: eye-state
[2026-02-15T11:16:46-05:00] Depth 2: ours=0.6296 (62.96%), bal_acc=0.6052 (60.52%), trivial_acc=0.5511 (55.11%), mean_leaves=6.00, paper=0.7590 (75.90%), delta=-0.1294 (-12.94 pp)
[2026-02-15T11:16:46-05:00] Depth 3: ours=0.6664 (66.64%), bal_acc=0.6546 (65.46%), trivial_acc=0.5511 (55.11%), mean_leaves=35.00, paper=0.7630 (76.30%), delta=-0.0966 (-9.66 pp)
[2026-02-15T11:16:46-05:00] Depth 4: ours=0.6808 (68.08%), bal_acc=0.6688 (66.88%), trivial_acc=0.5511 (55.11%), mean_leaves=149.20, paper=0.7930 (79.30%), delta=-0.1122 (-11.22 pp)
[2026-02-15T11:16:46-05:00] Depth 5: ours=nan (nan%), bal_acc=nan (nan%), trivial_acc=nan (nan%), mean_leaves=nan, paper=0.8110 (81.10%), delta=+nan (+nan pp)
[2026-02-15T11:16:46-05:00] Depth 6: ours=nan (nan%), bal_acc=nan (nan%), trivial_acc=nan (nan%), mean_leaves=nan, paper=0.8170 (81.70%), delta=+nan (+nan pp)
[2026-02-15T11:16:46-05:00] Saved run summary CSV: /home/users/yz1075/mdst/results/runs/comparison_20260215_052618_cart/summary_results.csv
[2026-02-15T11:16:46-05:00] Saved run seed CSV: /home/users/yz1075/mdst/results/runs/comparison_20260215_052618_cart/seed_results.csv
[2026-02-15T11:16:46-05:00] Saved run plot: /home/users/yz1075/mdst/results/runs/comparison_20260215_052618_cart/multisplit_cart_dp_accuracy.png
[2026-02-15T11:16:46-05:00] Saved run log: /home/users/yz1075/mdst/results/runs/comparison_20260215_052618_cart/multisplit_depth_vs_accuracy.log
[2026-02-15T11:16:46-05:00] Saved run manifest: /home/users/yz1075/mdst/results/runs/comparison_20260215_052618_cart/manifest.json
[2026-02-15T11:16:46-05:00] Saved run paper comparison plot: /home/users/yz1075/mdst/results/runs/comparison_20260215_052618_cart/multisplit_cart_dp_vs_paper_accuracy.png
[2026-02-15T11:16:46-05:00] Saved run bundle: /home/users/yz1075/mdst/results/runs/comparison_20260215_052618_cart/comparison_20260215_052618_cart_artifacts.tar.gz
[2026-02-15T11:16:46-05:00] Compatibility CSV: /home/users/yz1075/mdst/results/multisplit_cart_dp_results.csv
[2026-02-15T11:16:46-05:00] Compatibility plot: /home/users/yz1075/mdst/results/multisplit_cart_dp_accuracy.png
[2026-02-15T11:16:46-05:00] Compatibility log: /home/users/yz1075/mdst/results/multisplit_depth_vs_accuracy.log
[compare] running: /home/users/yz1075/mdst/.venv/bin/python run_multisplit_experiments_lightgbm.py --run-name comparison_20260215_052618_lightgbm --datasets electricity eye-movements eye-state --depth-budgets 2 3 4 5 6 --seeds 0 1 2 3 4 --test-size 0.2 --time-limit 600.0 --lookahead-cap 3 --max-bins 6 --min-samples-leaf 8 --min-child-size 8 --max-branching 0 --reg 0.01 --branch-penalty 0.002
[2026-02-15T11:16:50-05:00] Starting LightGBM multisplit experiment run.
[2026-02-15T11:16:50-05:00] run_name=comparison_20260215_052618_lightgbm
[2026-02-15T11:16:50-05:00] run_dir=/home/users/yz1075/mdst/results/runs_lightgbm/comparison_20260215_052618_lightgbm
[2026-02-15T11:16:50-05:00] OpenML cache directory set to /home/users/yz1075/mdst/results/openml_cache
[2026-02-15T11:16:50-05:00] Loading dataset=electricity
[2026-02-15T11:16:50-05:00] dataset=electricity, class_prevalence(max class)=0.5755
[2026-02-15T11:16:50-05:00] dataset=electricity, depth=2, lookahead=1: running seeds [0, 1, 2, 3, 4]
[2026-02-15T11:16:51-05:00] trial dataset=electricity, depth=2, seed=0, status=ok, acc=0.7622200154474236
[2026-02-15T11:16:51-05:00] trial dataset=electricity, depth=2, seed=1, status=ok, acc=0.7543859649122807
[2026-02-15T11:16:52-05:00] trial dataset=electricity, depth=2, seed=2, status=ok, acc=0.7567030784508441
[2026-02-15T11:16:52-05:00] trial dataset=electricity, depth=2, seed=3, status=ok, acc=0.7586891757696127
[2026-02-15T11:16:53-05:00] trial dataset=electricity, depth=2, seed=4, status=ok, acc=0.7537239324726912
[2026-02-15T11:16:53-05:00] dataset=electricity, depth=3, lookahead=2: running seeds [0, 1, 2, 3, 4]
[2026-02-15T11:16:57-05:00] trial dataset=electricity, depth=3, seed=0, status=ok, acc=0.7622200154474236
[2026-02-15T11:17:01-05:00] trial dataset=electricity, depth=3, seed=1, status=ok, acc=0.7543859649122807
[2026-02-15T11:17:05-05:00] trial dataset=electricity, depth=3, seed=2, status=ok, acc=0.7567030784508441
[2026-02-15T11:17:09-05:00] trial dataset=electricity, depth=3, seed=3, status=ok, acc=0.7586891757696127
[2026-02-15T11:17:14-05:00] trial dataset=electricity, depth=3, seed=4, status=ok, acc=0.7537239324726912
[2026-02-15T11:17:14-05:00] dataset=electricity, depth=4, lookahead=3: running seeds [0, 1, 2, 3, 4]
[2026-02-15T11:18:48-05:00] trial dataset=electricity, depth=4, seed=0, status=ok, acc=0.7622200154474236
[2026-02-15T11:20:12-05:00] trial dataset=electricity, depth=4, seed=1, status=ok, acc=0.7543859649122807
[2026-02-15T11:21:45-05:00] trial dataset=electricity, depth=4, seed=2, status=ok, acc=0.7567030784508441
[2026-02-15T11:23:10-05:00] trial dataset=electricity, depth=4, seed=3, status=ok, acc=0.7586891757696127
[2026-02-15T11:24:41-05:00] trial dataset=electricity, depth=4, seed=4, status=ok, acc=0.7537239324726912
[2026-02-15T11:24:41-05:00] dataset=electricity, depth=5, lookahead=3: running seeds [0, 1, 2, 3, 4]
[2026-02-15T11:34:43-05:00] trial dataset=electricity, depth=5, seed=0, status=timeout, acc=nan
[2026-02-15T11:44:45-05:00] trial dataset=electricity, depth=5, seed=1, status=timeout, acc=nan
[2026-02-15T11:54:47-05:00] trial dataset=electricity, depth=5, seed=2, status=timeout, acc=nan
[2026-02-15T12:04:49-05:00] trial dataset=electricity, depth=5, seed=3, status=timeout, acc=nan
[2026-02-15T12:14:51-05:00] trial dataset=electricity, depth=5, seed=4, status=timeout, acc=nan
[2026-02-15T12:14:51-05:00] dataset=electricity, depth=6, lookahead=3: running seeds [0, 1, 2, 3, 4]
[2026-02-15T12:24:52-05:00] trial dataset=electricity, depth=6, seed=0, status=timeout, acc=nan
[2026-02-15T12:34:54-05:00] trial dataset=electricity, depth=6, seed=1, status=timeout, acc=nan
[2026-02-15T12:44:56-05:00] trial dataset=electricity, depth=6, seed=2, status=timeout, acc=nan
[2026-02-15T12:54:57-05:00] trial dataset=electricity, depth=6, seed=3, status=timeout, acc=nan
[2026-02-15T13:04:59-05:00] trial dataset=electricity, depth=6, seed=4, status=timeout, acc=nan
[2026-02-15T13:04:59-05:00] Loading dataset=eye-movements
[2026-02-15T13:04:59-05:00] dataset=eye-movements, class_prevalence(max class)=0.5000
[2026-02-15T13:04:59-05:00] dataset=eye-movements, depth=2, lookahead=1: running seeds [0, 1, 2, 3, 4]
[2026-02-15T13:04:59-05:00] trial dataset=eye-movements, depth=2, seed=0, status=ok, acc=0.5525624178712221
[2026-02-15T13:04:59-05:00] trial dataset=eye-movements, depth=2, seed=1, status=ok, acc=0.5374507227332457
[2026-02-15T13:05:00-05:00] trial dataset=eye-movements, depth=2, seed=2, status=ok, acc=0.5670170827858082
[2026-02-15T13:05:00-05:00] trial dataset=eye-movements, depth=2, seed=3, status=ok, acc=0.5604467805519053
[2026-02-15T13:05:00-05:00] trial dataset=eye-movements, depth=2, seed=4, status=ok, acc=0.5183968462549278
[2026-02-15T13:05:00-05:00] dataset=eye-movements, depth=3, lookahead=2: running seeds [0, 1, 2, 3, 4]
[2026-02-15T13:05:05-05:00] trial dataset=eye-movements, depth=3, seed=0, status=ok, acc=0.5663600525624178
[2026-02-15T13:05:09-05:00] trial dataset=eye-movements, depth=3, seed=1, status=ok, acc=0.5479632063074902
[2026-02-15T13:05:13-05:00] trial dataset=eye-movements, depth=3, seed=2, status=ok, acc=0.5775295663600526
[2026-02-15T13:05:18-05:00] trial dataset=eye-movements, depth=3, seed=3, status=ok, acc=0.5886990801576872
[2026-02-15T13:05:22-05:00] trial dataset=eye-movements, depth=3, seed=4, status=ok, acc=0.5440210249671484
[2026-02-15T13:05:22-05:00] dataset=eye-movements, depth=4, lookahead=3: running seeds [0, 1, 2, 3, 4]
[2026-02-15T13:10:59-05:00] trial dataset=eye-movements, depth=4, seed=0, status=ok, acc=0.5663600525624178
[2026-02-15T13:16:40-05:00] trial dataset=eye-movements, depth=4, seed=1, status=ok, acc=0.5551905387647832
[2026-02-15T13:21:36-05:00] trial dataset=eye-movements, depth=4, seed=2, status=ok, acc=0.5814717477003942
[2026-02-15T13:27:10-05:00] trial dataset=eye-movements, depth=4, seed=3, status=ok, acc=0.5886990801576872
[2026-02-15T13:32:49-05:00] trial dataset=eye-movements, depth=4, seed=4, status=ok, acc=0.5440210249671484
[2026-02-15T13:32:49-05:00] dataset=eye-movements, depth=5, lookahead=3: running seeds [0, 1, 2, 3, 4]
[2026-02-15T13:43:02-05:00] trial dataset=eye-movements, depth=5, seed=0, status=timeout, acc=nan
[2026-02-15T13:53:13-05:00] trial dataset=eye-movements, depth=5, seed=1, status=timeout, acc=nan
[2026-02-15T14:03:33-05:00] trial dataset=eye-movements, depth=5, seed=2, status=timeout, acc=nan
[2026-02-15T14:13:48-05:00] trial dataset=eye-movements, depth=5, seed=3, status=timeout, acc=nan
[2026-02-15T14:24:00-05:00] trial dataset=eye-movements, depth=5, seed=4, status=timeout, acc=nan
[2026-02-15T14:24:00-05:00] dataset=eye-movements, depth=6, lookahead=3: running seeds [0, 1, 2, 3, 4]
[2026-02-15T14:34:37-05:00] trial dataset=eye-movements, depth=6, seed=0, status=timeout, acc=nan
[2026-02-15T14:45:03-05:00] trial dataset=eye-movements, depth=6, seed=1, status=timeout, acc=nan
[2026-02-15T14:55:53-05:00] trial dataset=eye-movements, depth=6, seed=2, status=timeout, acc=nan
[2026-02-15T15:06:36-05:00] trial dataset=eye-movements, depth=6, seed=3, status=timeout, acc=nan
[2026-02-15T15:17:12-05:00] trial dataset=eye-movements, depth=6, seed=4, status=timeout, acc=nan
[2026-02-15T15:17:12-05:00] Loading dataset=eye-state
[2026-02-15T15:17:12-05:00] dataset=eye-state, class_prevalence(max class)=0.5512
[2026-02-15T15:17:12-05:00] dataset=eye-state, depth=2, lookahead=1: running seeds [0, 1, 2, 3, 4]
[2026-02-15T15:17:12-05:00] trial dataset=eye-state, depth=2, seed=0, status=ok, acc=0.6358477970627503
[2026-02-15T15:17:12-05:00] trial dataset=eye-state, depth=2, seed=1, status=ok, acc=0.6291722296395194
[2026-02-15T15:17:13-05:00] trial dataset=eye-state, depth=2, seed=2, status=ok, acc=0.6411882510013351
[2026-02-15T15:17:13-05:00] trial dataset=eye-state, depth=2, seed=3, status=ok, acc=0.6164886515353805
[2026-02-15T15:17:13-05:00] trial dataset=eye-state, depth=2, seed=4, status=ok, acc=0.6038050734312417
[2026-02-15T15:17:13-05:00] dataset=eye-state, depth=3, lookahead=2: running seeds [0, 1, 2, 3, 4]
[2026-02-15T15:17:17-05:00] trial dataset=eye-state, depth=3, seed=0, status=ok, acc=0.6762349799732977
[2026-02-15T15:17:20-05:00] trial dataset=eye-state, depth=3, seed=1, status=ok, acc=0.6695594125500668
[2026-02-15T15:17:24-05:00] trial dataset=eye-state, depth=3, seed=2, status=ok, acc=0.6675567423230975
[2026-02-15T15:17:28-05:00] trial dataset=eye-state, depth=3, seed=3, status=ok, acc=0.6592122830440588
[2026-02-15T15:17:32-05:00] trial dataset=eye-state, depth=3, seed=4, status=ok, acc=0.6658878504672897
[2026-02-15T15:17:32-05:00] dataset=eye-state, depth=4, lookahead=3: running seeds [0, 1, 2, 3, 4]
[2026-02-15T15:19:53-05:00] trial dataset=eye-state, depth=4, seed=0, status=ok, acc=0.6905874499332443
[2026-02-15T15:22:15-05:00] trial dataset=eye-state, depth=4, seed=1, status=ok, acc=0.6832443257676902
[2026-02-15T15:24:45-05:00] trial dataset=eye-state, depth=4, seed=2, status=ok, acc=0.684913217623498
[2026-02-15T15:27:21-05:00] trial dataset=eye-state, depth=4, seed=3, status=ok, acc=0.6815754339118825
[2026-02-15T15:29:57-05:00] trial dataset=eye-state, depth=4, seed=4, status=ok, acc=0.6799065420560748
[2026-02-15T15:29:57-05:00] dataset=eye-state, depth=5, lookahead=3: running seeds [0, 1, 2, 3, 4]
[2026-02-15T15:40:03-05:00] trial dataset=eye-state, depth=5, seed=0, status=timeout, acc=nan
[2026-02-15T15:50:11-05:00] trial dataset=eye-state, depth=5, seed=1, status=timeout, acc=nan
[2026-02-15T16:00:17-05:00] trial dataset=eye-state, depth=5, seed=2, status=timeout, acc=nan
[2026-02-15T16:10:23-05:00] trial dataset=eye-state, depth=5, seed=3, status=timeout, acc=nan
[2026-02-15T16:20:29-05:00] trial dataset=eye-state, depth=5, seed=4, status=timeout, acc=nan
[2026-02-15T16:20:29-05:00] dataset=eye-state, depth=6, lookahead=3: running seeds [0, 1, 2, 3, 4]
[2026-02-15T16:30:39-05:00] trial dataset=eye-state, depth=6, seed=0, status=timeout, acc=nan
[2026-02-15T16:40:52-05:00] trial dataset=eye-state, depth=6, seed=1, status=timeout, acc=nan
[2026-02-15T16:51:05-05:00] trial dataset=eye-state, depth=6, seed=2, status=timeout, acc=nan
[2026-02-15T17:01:14-05:00] trial dataset=eye-state, depth=6, seed=3, status=timeout, acc=nan
[2026-02-15T17:11:25-05:00] trial dataset=eye-state, depth=6, seed=4, status=timeout, acc=nan
[2026-02-15T17:11:25-05:00] Packaged artifact bundle: /home/users/yz1075/mdst/results/runs_lightgbm/comparison_20260215_052618_lightgbm/comparison_20260215_052618_lightgbm_artifacts.tar.gz
[2026-02-15T17:11:25-05:00] === Summary Table ===
      dataset  depth_budget  lookahead_depth_budget  n_success  mean_accuracy  mean_balanced_accuracy  mean_trivial_accuracy  std_accuracy  mean_fit_time_sec  mean_n_leaves  mean_n_internal  mean_max_arity  mean_exact_internal_nodes  mean_greedy_internal_nodes
  electricity             2                       1          5         0.7571                  0.7329                 0.5754        0.0035             0.0727         6.0000           1.0000          6.0000                     1.0000                      0.0000
  electricity             3                       2          5         0.7571                  0.7329                 0.5754        0.0035             3.7213         6.0000           1.0000          6.0000                    97.8000                      0.0000
  electricity             4                       3          5         0.7571                  0.7329                 0.5754        0.0035            89.1369         6.0000           1.0000          6.0000                  3286.6000                      0.0000
  electricity             5                       3          0            NaN                     NaN                    NaN           NaN                NaN            NaN              NaN             NaN                        NaN                         NaN
  electricity             6                       3          0            NaN                     NaN                    NaN           NaN                NaN            NaN              NaN             NaN                        NaN                         NaN
eye-movements             2                       1          5         0.5472                  0.5472                 0.5000        0.0195             0.0269         6.0000           1.0000          6.0000                     1.0000                      0.0000
eye-movements             3                       2          5         0.5649                  0.5649                 0.5000        0.0190             4.1771        29.0000           5.6000          6.0000                   271.4000                      0.0000
eye-movements             4                       3          5         0.5671                  0.5671                 0.5000        0.0184           329.0651        39.0000           7.6000          6.0000                 22594.8000                      0.0000
eye-movements             5                       3          0            NaN                     NaN                    NaN           NaN                NaN            NaN              NaN             NaN                        NaN                         NaN
eye-movements             6                       3          0            NaN                     NaN                    NaN           NaN                NaN            NaN              NaN             NaN                        NaN                         NaN
    eye-state             2                       1          5         0.6253                  0.6046                 0.5511        0.0152             0.0354         6.0000           1.0000          6.0000                     1.0000                      0.0000
    eye-state             3                       2          5         0.6677                  0.6600                 0.5511        0.0062             3.3678        36.0000           7.0000          6.0000                   198.2000                      0.0000
    eye-state             4                       3          5         0.6840                  0.6719                 0.5511        0.0041           148.7961       133.0000          26.4000          6.0000                 11954.6000                      0.0000
    eye-state             5                       3          0            NaN                     NaN                    NaN           NaN                NaN            NaN              NaN             NaN                        NaN                         NaN
    eye-state             6                       3          0            NaN                     NaN                    NaN           NaN                NaN            NaN              NaN             NaN                        NaN                         NaN
[2026-02-15T17:11:25-05:00] === Depth vs Accuracy (Exact) ===
[2026-02-15T17:11:25-05:00] Dataset: electricity
[2026-02-15T17:11:25-05:00] Depth 2: ours=0.7571 (75.71%), bal_acc=0.7329 (73.29%), trivial_acc=0.5754 (57.54%), mean_leaves=6.00, paper=0.8490 (84.90%), delta=-0.0919 (-9.19 pp)
[2026-02-15T17:11:25-05:00] Depth 3: ours=0.7571 (75.71%), bal_acc=0.7329 (73.29%), trivial_acc=0.5754 (57.54%), mean_leaves=6.00, paper=0.8260 (82.60%), delta=-0.0689 (-6.89 pp)
[2026-02-15T17:11:25-05:00] Depth 4: ours=0.7571 (75.71%), bal_acc=0.7329 (73.29%), trivial_acc=0.5754 (57.54%), mean_leaves=6.00, paper=0.8660 (86.60%), delta=-0.1089 (-10.89 pp)
[2026-02-15T17:11:25-05:00] Depth 5: ours=nan (nan%), bal_acc=nan (nan%), trivial_acc=nan (nan%), mean_leaves=nan, paper=0.8820 (88.20%), delta=+nan (+nan pp)
[2026-02-15T17:11:25-05:00] Depth 6: ours=nan (nan%), bal_acc=nan (nan%), trivial_acc=nan (nan%), mean_leaves=nan, paper=0.8880 (88.80%), delta=+nan (+nan pp)
[2026-02-15T17:11:25-05:00] Dataset: eye-movements
[2026-02-15T17:11:25-05:00] Depth 2: ours=0.5472 (54.72%), bal_acc=0.5472 (54.72%), trivial_acc=0.5000 (50.00%), mean_leaves=6.00, paper=0.6010 (60.10%), delta=-0.0538 (-5.38 pp)
[2026-02-15T17:11:25-05:00] Depth 3: ours=0.5649 (56.49%), bal_acc=0.5649 (56.49%), trivial_acc=0.5000 (50.00%), mean_leaves=29.00, paper=0.6360 (63.60%), delta=-0.0711 (-7.11 pp)
[2026-02-15T17:11:25-05:00] Depth 4: ours=0.5671 (56.71%), bal_acc=0.5671 (56.71%), trivial_acc=0.5000 (50.00%), mean_leaves=39.00, paper=0.6620 (66.20%), delta=-0.0949 (-9.49 pp)
[2026-02-15T17:11:25-05:00] Depth 5: ours=nan (nan%), bal_acc=nan (nan%), trivial_acc=nan (nan%), mean_leaves=nan, paper=0.6750 (67.50%), delta=+nan (+nan pp)
[2026-02-15T17:11:25-05:00] Depth 6: ours=nan (nan%), bal_acc=nan (nan%), trivial_acc=nan (nan%), mean_leaves=nan, paper=0.6660 (66.60%), delta=+nan (+nan pp)
[2026-02-15T17:11:25-05:00] Dataset: eye-state
[2026-02-15T17:11:25-05:00] Depth 2: ours=0.6253 (62.53%), bal_acc=0.6046 (60.46%), trivial_acc=0.5511 (55.11%), mean_leaves=6.00, paper=0.7590 (75.90%), delta=-0.1337 (-13.37 pp)
[2026-02-15T17:11:25-05:00] Depth 3: ours=0.6677 (66.77%), bal_acc=0.6600 (66.00%), trivial_acc=0.5511 (55.11%), mean_leaves=36.00, paper=0.7630 (76.30%), delta=-0.0953 (-9.53 pp)
[2026-02-15T17:11:25-05:00] Depth 4: ours=0.6840 (68.40%), bal_acc=0.6719 (67.19%), trivial_acc=0.5511 (55.11%), mean_leaves=133.00, paper=0.7930 (79.30%), delta=-0.1090 (-10.90 pp)
[2026-02-15T17:11:25-05:00] Depth 5: ours=nan (nan%), bal_acc=nan (nan%), trivial_acc=nan (nan%), mean_leaves=nan, paper=0.8110 (81.10%), delta=+nan (+nan pp)
[2026-02-15T17:11:25-05:00] Depth 6: ours=nan (nan%), bal_acc=nan (nan%), trivial_acc=nan (nan%), mean_leaves=nan, paper=0.8170 (81.70%), delta=+nan (+nan pp)
[2026-02-15T17:11:25-05:00] Saved run summary CSV: /home/users/yz1075/mdst/results/runs_lightgbm/comparison_20260215_052618_lightgbm/summary_results.csv
[2026-02-15T17:11:25-05:00] Saved run seed CSV: /home/users/yz1075/mdst/results/runs_lightgbm/comparison_20260215_052618_lightgbm/seed_results.csv
[2026-02-15T17:11:25-05:00] Saved run plot: /home/users/yz1075/mdst/results/runs_lightgbm/comparison_20260215_052618_lightgbm/multisplit_lightgbm_dp_accuracy.png
[2026-02-15T17:11:25-05:00] Saved run log: /home/users/yz1075/mdst/results/runs_lightgbm/comparison_20260215_052618_lightgbm/multisplit_lightgbm_depth_vs_accuracy.log
[2026-02-15T17:11:25-05:00] Saved run manifest: /home/users/yz1075/mdst/results/runs_lightgbm/comparison_20260215_052618_lightgbm/manifest.json
[2026-02-15T17:11:25-05:00] Saved run paper comparison plot: /home/users/yz1075/mdst/results/runs_lightgbm/comparison_20260215_052618_lightgbm/multisplit_lightgbm_dp_vs_paper_accuracy.png
[2026-02-15T17:11:25-05:00] Saved run bundle: /home/users/yz1075/mdst/results/runs_lightgbm/comparison_20260215_052618_lightgbm/comparison_20260215_052618_lightgbm_artifacts.tar.gz
[2026-02-15T17:11:25-05:00] Compatibility CSV: /home/users/yz1075/mdst/results/lightgbm/multisplit_lightgbm_dp_results.csv
[2026-02-15T17:11:25-05:00] Compatibility plot: /home/users/yz1075/mdst/results/lightgbm/multisplit_lightgbm_dp_accuracy.png
[2026-02-15T17:11:25-05:00] Compatibility log: /home/users/yz1075/mdst/results/lightgbm/multisplit_lightgbm_depth_vs_accuracy.log
[compare] XGBoost dataset=electricity
[compare] XGBoost dataset=eye-movements
[compare] XGBoost dataset=eye-state
[compare] visualizing: /home/users/yz1075/mdst/.venv/bin/python visualize_multisplit_tree.py --pipeline xgboost --out results/comparison/comparison_20260215_052618/tree_electricity_xgboost_d3_s0.png --dataset electricity --depth-budget 3 --seed 0 --test-size 0.2 --time-limit 600.0 --lookahead-cap 3 --max-bins 6 --min-samples-leaf 8 --min-child-size 8 --max-branching 0 --reg 0.01 --branch-penalty 0.002 --xgb-n-estimators 300 --xgb-learning-rate 0.05 --xgb-num-threads 4
saved results/comparison/comparison_20260215_052618/tree_electricity_xgboost_d3_s0.png
accuracy 0.8429879731
[compare] visualizing: /home/users/yz1075/mdst/.venv/bin/python visualize_multisplit_tree.py --pipeline cart --out results/comparison/comparison_20260215_052618/tree_electricity_cart_split_d3_s0.png --dataset electricity --depth-budget 3 --seed 0 --test-size 0.2 --time-limit 600.0 --lookahead-cap 3 --max-bins 6 --min-samples-leaf 8 --min-child-size 8 --max-branching 0 --reg 0.01 --branch-penalty 0.002 --xgb-n-estimators 300 --xgb-learning-rate 0.05 --xgb-num-threads 4
saved results/comparison/comparison_20260215_052618/tree_electricity_cart_split_d3_s0.png
accuracy 0.7623303542
[compare] visualizing: /home/users/yz1075/mdst/.venv/bin/python visualize_multisplit_tree.py --pipeline lightgbm --out results/comparison/comparison_20260215_052618/tree_electricity_lightgbm_split_d3_s0.png --dataset electricity --depth-budget 3 --seed 0 --test-size 0.2 --time-limit 600.0 --lookahead-cap 3 --max-bins 6 --min-samples-leaf 8 --min-child-size 8 --max-branching 0 --reg 0.01 --branch-penalty 0.002 --xgb-n-estimators 300 --xgb-learning-rate 0.05 --xgb-num-threads 4
saved results/comparison/comparison_20260215_052618/tree_electricity_lightgbm_split_d3_s0.png
accuracy 0.7622200154
[compare] combined results:
      dataset  depth_budget  xgboost_mean_accuracy  xgboost_std_accuracy  xgboost_n_success  cart_split_accuracy  lightgbm_split_accuracy  paper_sota_accuracy
  electricity             2               0.815028              0.004206                  5             0.757255                 0.757144             0.849000
  electricity             3               0.837405              0.004673                  5             0.757255                 0.757144             0.826000
  electricity             4               0.855522              0.006210                  5             0.757255                 0.757144             0.866000
  electricity             5               0.871345              0.006099                  5                  NaN                      NaN             0.882000
  electricity             6               0.888315              0.005106                  5                  NaN                      NaN             0.888000
eye-movements             2               0.601314              0.016624                  5             0.547175                 0.547175             0.601000
eye-movements             3               0.616426              0.015207                  5             0.564915                 0.564915             0.636000
eye-movements             4               0.634034              0.009910                  5             0.567148                 0.567148             0.662000
eye-movements             5               0.645992              0.005698                  5                  NaN                      NaN             0.675000
eye-movements             6               0.651643              0.014270                  5                  NaN                      NaN             0.666000
    eye-state             2               0.781041              0.003835                  5             0.629640                 0.625300             0.759000
    eye-state             3               0.827971              0.008977                  5             0.666355                 0.667690             0.763000
    eye-state             4               0.866622              0.006344                  5             0.680841                 0.684045             0.793000
    eye-state             5               0.894326              0.001306                  5                  NaN                      NaN             0.811000
    eye-state             6               0.913485              0.002846                  5                  NaN                      NaN             0.817000
[compare] saved: results/comparison/comparison_20260215_052618/combined_accuracy_results.csv
[compare] saved: results/comparison/comparison_20260215_052618/accuracy_vs_depth_comparison.png
[compare] saved: results/comparison/comparison_20260215_052618/tree_electricity_xgboost_d3_s0.png
[compare] saved: results/comparison/comparison_20260215_052618/tree_electricity_cart_split_d3_s0.png
[compare] saved: results/comparison/comparison_20260215_052618/tree_electricity_lightgbm_split_d3_s0.png
Job ended at Sun Feb 15 05:12:10 PM EST 2026
