[2026-03-16T16:34:58-04:00] Starting LightGBM multisplit experiment run.
[2026-03-16T16:34:58-04:00] run_name=benchmark_teacher_guided_atomcolor_electricity_d4_l3_k3_atom0_fix_20260316
[2026-03-16T16:34:58-04:00] run_dir=/home/users/yz1075/msdt/results/runs_lightgbm/benchmark_teacher_guided_atomcolor_electricity_d4_l3_k3_atom0_fix_20260316
[2026-03-16T16:34:58-04:00] parallel settings: parallel_trials=1, threads_per_trial=3, lgb_threads=3, lgb_ensemble_runs=1, lgb_device=cpu, lgb_max_gpu_jobs=1, core_budget=3, effective_core_budget=3, effective_parallel_trials=1, cpu_target=1.0, cpu_affinity=[], cpu_nice=0
[2026-03-16T16:34:58-04:00] OpenML cache directory set to /home/users/yz1075/msdt/results/openml_cache
[2026-03-16T16:34:58-04:00] Loading dataset=electricity
[2026-03-16T16:34:58-04:00] dataset=electricity, class_prevalence(max class)=0.5755
[2026-03-16T16:34:58-04:00] historical default params: none found (using static defaults)
[2026-03-16T16:34:58-04:00] dataset=electricity, depth=4, lookahead=3, seeds=[0], param_source=static_defaults
[2026-03-16T16:34:58-04:00] [stage] start stage=prepare_eval_data dataset=electricity depth=4 seed=0 eval=test
[2026-03-16T16:34:58-04:00] [stage] done stage=prepare_eval_data elapsed_sec=0.1 dataset=electricity depth=4 seed=0 eval=test
[2026-03-16T16:34:58-04:00] [stage] start stage=lightgbm_binning dataset=electricity depth=4 seed=0 eval=test lookahead=3 n_fit=31717 n_eval=9063 raw_features=14
[2026-03-16T16:34:58-04:00] lightgbm_binner:start rows=31717 features=14 max_bins=255 ensemble_runs=1 device=cpu
[2026-03-16T16:34:58-04:00] lightgbm_binner:fit_run_start run=1/1 device=cpu
[2026-03-16T16:35:01-04:00] lightgbm_binner:fit_run_done run=1/1 device=cpu best_iteration=504
[2026-03-16T16:35:04-04:00] lightgbm_binner:thresholds_ready mean_bins=112.64 max_bins_used=255
[2026-03-16T16:35:06-04:00] lightgbm_binner:done
[2026-03-16T16:35:06-04:00] [stage] done stage=lightgbm_binning elapsed_sec=8.2 dataset=electricity depth=4 seed=0 eval=test lookahead=3 n_fit=31717 n_eval=9063 raw_features=14
[2026-03-16T16:35:06-04:00] [stage] summary stage=lightgbm_binning binner_features=14 mean_bins=112.64 median_bins=25.00 max_bins_used=255
[2026-03-16T16:35:06-04:00] [stage] start stage=bin_transform dataset=electricity depth=4 seed=0 eval=test lookahead=3 n_fit=31717 n_eval=9063 raw_features=14 binner_features=14 mean_bins=112.64 median_bins=25.00 max_bins_used=255
[2026-03-16T16:35:06-04:00] [stage] done stage=bin_transform elapsed_sec=0.0 dataset=electricity depth=4 seed=0 eval=test lookahead=3 n_fit=31717 n_eval=9063 raw_features=14 binner_features=14 mean_bins=112.64 median_bins=25.00 max_bins_used=255
[2026-03-16T16:35:06-04:00] [stage] summary stage=bin_transform Z_fit_base_shape=(31717, 14) Z_eval_base_shape=(9063, 14)
[2026-03-16T16:35:06-04:00] [stage] start stage=teacher_feature_augmentation dataset=electricity depth=4 seed=0 eval=test lookahead=3 n_fit=31717 n_eval=9063 raw_features=14 base_binned_features=14
[2026-03-16T16:35:06-04:00] [stage] done stage=teacher_feature_augmentation elapsed_sec=0.0 dataset=electricity depth=4 seed=0 eval=test lookahead=3 n_fit=31717 n_eval=9063 raw_features=14 base_binned_features=14
[2026-03-16T16:35:06-04:00] [stage] summary stage=teacher_feature_augmentation pair_templates=0 pair_shapes=0 teacher_microtrees=0 teacher_triplets=0 teacher_score_band=no Z_fit_shape=(31717, 14) Z_eval_shape=(9063, 14)
[2026-03-16T16:35:06-04:00] [stage] note stage=msplit_fit native_solver_has_no_live_node_callback=true current_node_depth_visibility=unavailable
[2026-03-16T16:35:06-04:00] [stage] start stage=msplit_fit dataset=electricity depth=4 seed=0 eval=test lookahead=3 n_fit=31717 n_eval=9063 raw_features=14 solver=msplit msplit_variant=rush_dp z_cols=14 backend=cpp
[2026-03-16T16:35:36-04:00] [stage] heartbeat stage=msplit_fit elapsed_sec=30.0 dataset=electricity depth=4 seed=0 eval=test lookahead=3 n_fit=31717 n_eval=9063 raw_features=14 solver=msplit msplit_variant=rush_dp z_cols=14 backend=cpp
[2026-03-16T16:36:06-04:00] [stage] heartbeat stage=msplit_fit elapsed_sec=60.0 dataset=electricity depth=4 seed=0 eval=test lookahead=3 n_fit=31717 n_eval=9063 raw_features=14 solver=msplit msplit_variant=rush_dp z_cols=14 backend=cpp
[2026-03-16T16:36:36-04:00] [stage] heartbeat stage=msplit_fit elapsed_sec=90.0 dataset=electricity depth=4 seed=0 eval=test lookahead=3 n_fit=31717 n_eval=9063 raw_features=14 solver=msplit msplit_variant=rush_dp z_cols=14 backend=cpp
[2026-03-16T16:37:06-04:00] [stage] heartbeat stage=msplit_fit elapsed_sec=120.0 dataset=electricity depth=4 seed=0 eval=test lookahead=3 n_fit=31717 n_eval=9063 raw_features=14 solver=msplit msplit_variant=rush_dp z_cols=14 backend=cpp
[2026-03-16T16:37:36-04:00] [stage] heartbeat stage=msplit_fit elapsed_sec=150.0 dataset=electricity depth=4 seed=0 eval=test lookahead=3 n_fit=31717 n_eval=9063 raw_features=14 solver=msplit msplit_variant=rush_dp z_cols=14 backend=cpp
[2026-03-16T16:38:06-04:00] [stage] heartbeat stage=msplit_fit elapsed_sec=180.0 dataset=electricity depth=4 seed=0 eval=test lookahead=3 n_fit=31717 n_eval=9063 raw_features=14 solver=msplit msplit_variant=rush_dp z_cols=14 backend=cpp
[2026-03-16T16:38:36-04:00] [stage] heartbeat stage=msplit_fit elapsed_sec=210.0 dataset=electricity depth=4 seed=0 eval=test lookahead=3 n_fit=31717 n_eval=9063 raw_features=14 solver=msplit msplit_variant=rush_dp z_cols=14 backend=cpp
[2026-03-16T16:39:06-04:00] [stage] heartbeat stage=msplit_fit elapsed_sec=240.0 dataset=electricity depth=4 seed=0 eval=test lookahead=3 n_fit=31717 n_eval=9063 raw_features=14 solver=msplit msplit_variant=rush_dp z_cols=14 backend=cpp
[2026-03-16T16:39:36-04:00] [stage] heartbeat stage=msplit_fit elapsed_sec=270.0 dataset=electricity depth=4 seed=0 eval=test lookahead=3 n_fit=31717 n_eval=9063 raw_features=14 solver=msplit msplit_variant=rush_dp z_cols=14 backend=cpp
[2026-03-16T16:40:06-04:00] [stage] heartbeat stage=msplit_fit elapsed_sec=300.0 dataset=electricity depth=4 seed=0 eval=test lookahead=3 n_fit=31717 n_eval=9063 raw_features=14 solver=msplit msplit_variant=rush_dp z_cols=14 backend=cpp
[2026-03-16T16:40:36-04:00] [stage] heartbeat stage=msplit_fit elapsed_sec=330.0 dataset=electricity depth=4 seed=0 eval=test lookahead=3 n_fit=31717 n_eval=9063 raw_features=14 solver=msplit msplit_variant=rush_dp z_cols=14 backend=cpp
[2026-03-16T16:41:06-04:00] [stage] heartbeat stage=msplit_fit elapsed_sec=360.0 dataset=electricity depth=4 seed=0 eval=test lookahead=3 n_fit=31717 n_eval=9063 raw_features=14 solver=msplit msplit_variant=rush_dp z_cols=14 backend=cpp
[2026-03-16T16:41:36-04:00] [stage] heartbeat stage=msplit_fit elapsed_sec=390.0 dataset=electricity depth=4 seed=0 eval=test lookahead=3 n_fit=31717 n_eval=9063 raw_features=14 solver=msplit msplit_variant=rush_dp z_cols=14 backend=cpp
[2026-03-16T16:42:06-04:00] [stage] heartbeat stage=msplit_fit elapsed_sec=420.0 dataset=electricity depth=4 seed=0 eval=test lookahead=3 n_fit=31717 n_eval=9063 raw_features=14 solver=msplit msplit_variant=rush_dp z_cols=14 backend=cpp
[2026-03-16T16:42:36-04:00] [stage] heartbeat stage=msplit_fit elapsed_sec=450.0 dataset=electricity depth=4 seed=0 eval=test lookahead=3 n_fit=31717 n_eval=9063 raw_features=14 solver=msplit msplit_variant=rush_dp z_cols=14 backend=cpp
[2026-03-16T16:43:06-04:00] [stage] heartbeat stage=msplit_fit elapsed_sec=480.0 dataset=electricity depth=4 seed=0 eval=test lookahead=3 n_fit=31717 n_eval=9063 raw_features=14 solver=msplit msplit_variant=rush_dp z_cols=14 backend=cpp
[2026-03-16T16:43:36-04:00] [stage] heartbeat stage=msplit_fit elapsed_sec=510.0 dataset=electricity depth=4 seed=0 eval=test lookahead=3 n_fit=31717 n_eval=9063 raw_features=14 solver=msplit msplit_variant=rush_dp z_cols=14 backend=cpp
[2026-03-16T16:44:06-04:00] [stage] heartbeat stage=msplit_fit elapsed_sec=540.0 dataset=electricity depth=4 seed=0 eval=test lookahead=3 n_fit=31717 n_eval=9063 raw_features=14 solver=msplit msplit_variant=rush_dp z_cols=14 backend=cpp
[2026-03-16T16:44:36-04:00] [stage] heartbeat stage=msplit_fit elapsed_sec=570.0 dataset=electricity depth=4 seed=0 eval=test lookahead=3 n_fit=31717 n_eval=9063 raw_features=14 solver=msplit msplit_variant=rush_dp z_cols=14 backend=cpp
[2026-03-16T16:45:06-04:00] [stage] heartbeat stage=msplit_fit elapsed_sec=600.0 dataset=electricity depth=4 seed=0 eval=test lookahead=3 n_fit=31717 n_eval=9063 raw_features=14 solver=msplit msplit_variant=rush_dp z_cols=14 backend=cpp
[2026-03-16T16:45:36-04:00] [stage] heartbeat stage=msplit_fit elapsed_sec=630.0 dataset=electricity depth=4 seed=0 eval=test lookahead=3 n_fit=31717 n_eval=9063 raw_features=14 solver=msplit msplit_variant=rush_dp z_cols=14 backend=cpp
[2026-03-16T16:46:06-04:00] [stage] heartbeat stage=msplit_fit elapsed_sec=660.0 dataset=electricity depth=4 seed=0 eval=test lookahead=3 n_fit=31717 n_eval=9063 raw_features=14 solver=msplit msplit_variant=rush_dp z_cols=14 backend=cpp
[2026-03-16T16:46:36-04:00] [stage] heartbeat stage=msplit_fit elapsed_sec=690.0 dataset=electricity depth=4 seed=0 eval=test lookahead=3 n_fit=31717 n_eval=9063 raw_features=14 solver=msplit msplit_variant=rush_dp z_cols=14 backend=cpp
[2026-03-16T16:47:06-04:00] [stage] heartbeat stage=msplit_fit elapsed_sec=720.0 dataset=electricity depth=4 seed=0 eval=test lookahead=3 n_fit=31717 n_eval=9063 raw_features=14 solver=msplit msplit_variant=rush_dp z_cols=14 backend=cpp
[2026-03-16T16:47:36-04:00] [stage] heartbeat stage=msplit_fit elapsed_sec=750.0 dataset=electricity depth=4 seed=0 eval=test lookahead=3 n_fit=31717 n_eval=9063 raw_features=14 solver=msplit msplit_variant=rush_dp z_cols=14 backend=cpp
[2026-03-16T16:48:06-04:00] [stage] heartbeat stage=msplit_fit elapsed_sec=780.1 dataset=electricity depth=4 seed=0 eval=test lookahead=3 n_fit=31717 n_eval=9063 raw_features=14 solver=msplit msplit_variant=rush_dp z_cols=14 backend=cpp
[2026-03-16T16:48:36-04:00] [stage] heartbeat stage=msplit_fit elapsed_sec=810.1 dataset=electricity depth=4 seed=0 eval=test lookahead=3 n_fit=31717 n_eval=9063 raw_features=14 solver=msplit msplit_variant=rush_dp z_cols=14 backend=cpp
[2026-03-16T16:49:06-04:00] [stage] heartbeat stage=msplit_fit elapsed_sec=840.1 dataset=electricity depth=4 seed=0 eval=test lookahead=3 n_fit=31717 n_eval=9063 raw_features=14 solver=msplit msplit_variant=rush_dp z_cols=14 backend=cpp
[2026-03-16T16:49:36-04:00] [stage] heartbeat stage=msplit_fit elapsed_sec=870.1 dataset=electricity depth=4 seed=0 eval=test lookahead=3 n_fit=31717 n_eval=9063 raw_features=14 solver=msplit msplit_variant=rush_dp z_cols=14 backend=cpp
[2026-03-16T16:50:06-04:00] [stage] heartbeat stage=msplit_fit elapsed_sec=900.1 dataset=electricity depth=4 seed=0 eval=test lookahead=3 n_fit=31717 n_eval=9063 raw_features=14 solver=msplit msplit_variant=rush_dp z_cols=14 backend=cpp
[2026-03-16T16:50:36-04:00] [stage] heartbeat stage=msplit_fit elapsed_sec=930.1 dataset=electricity depth=4 seed=0 eval=test lookahead=3 n_fit=31717 n_eval=9063 raw_features=14 solver=msplit msplit_variant=rush_dp z_cols=14 backend=cpp
[2026-03-16T16:51:06-04:00] [stage] heartbeat stage=msplit_fit elapsed_sec=960.1 dataset=electricity depth=4 seed=0 eval=test lookahead=3 n_fit=31717 n_eval=9063 raw_features=14 solver=msplit msplit_variant=rush_dp z_cols=14 backend=cpp
[2026-03-16T16:51:36-04:00] [stage] heartbeat stage=msplit_fit elapsed_sec=990.1 dataset=electricity depth=4 seed=0 eval=test lookahead=3 n_fit=31717 n_eval=9063 raw_features=14 solver=msplit msplit_variant=rush_dp z_cols=14 backend=cpp
[2026-03-16T16:52:06-04:00] [stage] heartbeat stage=msplit_fit elapsed_sec=1020.1 dataset=electricity depth=4 seed=0 eval=test lookahead=3 n_fit=31717 n_eval=9063 raw_features=14 solver=msplit msplit_variant=rush_dp z_cols=14 backend=cpp
[2026-03-16T16:52:36-04:00] [stage] heartbeat stage=msplit_fit elapsed_sec=1050.1 dataset=electricity depth=4 seed=0 eval=test lookahead=3 n_fit=31717 n_eval=9063 raw_features=14 solver=msplit msplit_variant=rush_dp z_cols=14 backend=cpp
[2026-03-16T16:53:06-04:00] [stage] heartbeat stage=msplit_fit elapsed_sec=1080.1 dataset=electricity depth=4 seed=0 eval=test lookahead=3 n_fit=31717 n_eval=9063 raw_features=14 solver=msplit msplit_variant=rush_dp z_cols=14 backend=cpp
[2026-03-16T16:53:36-04:00] [stage] heartbeat stage=msplit_fit elapsed_sec=1110.1 dataset=electricity depth=4 seed=0 eval=test lookahead=3 n_fit=31717 n_eval=9063 raw_features=14 solver=msplit msplit_variant=rush_dp z_cols=14 backend=cpp
[2026-03-16T16:54:06-04:00] [stage] heartbeat stage=msplit_fit elapsed_sec=1140.1 dataset=electricity depth=4 seed=0 eval=test lookahead=3 n_fit=31717 n_eval=9063 raw_features=14 solver=msplit msplit_variant=rush_dp z_cols=14 backend=cpp
[2026-03-16T16:54:36-04:00] [stage] heartbeat stage=msplit_fit elapsed_sec=1170.1 dataset=electricity depth=4 seed=0 eval=test lookahead=3 n_fit=31717 n_eval=9063 raw_features=14 solver=msplit msplit_variant=rush_dp z_cols=14 backend=cpp
[2026-03-16T16:55:06-04:00] [stage] heartbeat stage=msplit_fit elapsed_sec=1200.1 dataset=electricity depth=4 seed=0 eval=test lookahead=3 n_fit=31717 n_eval=9063 raw_features=14 solver=msplit msplit_variant=rush_dp z_cols=14 backend=cpp
[2026-03-16T16:55:36-04:00] [stage] heartbeat stage=msplit_fit elapsed_sec=1230.1 dataset=electricity depth=4 seed=0 eval=test lookahead=3 n_fit=31717 n_eval=9063 raw_features=14 solver=msplit msplit_variant=rush_dp z_cols=14 backend=cpp
[2026-03-16T16:56:06-04:00] [stage] heartbeat stage=msplit_fit elapsed_sec=1260.1 dataset=electricity depth=4 seed=0 eval=test lookahead=3 n_fit=31717 n_eval=9063 raw_features=14 solver=msplit msplit_variant=rush_dp z_cols=14 backend=cpp
[2026-03-16T16:56:36-04:00] [stage] heartbeat stage=msplit_fit elapsed_sec=1290.1 dataset=electricity depth=4 seed=0 eval=test lookahead=3 n_fit=31717 n_eval=9063 raw_features=14 solver=msplit msplit_variant=rush_dp z_cols=14 backend=cpp
[2026-03-16T16:57:06-04:00] [stage] heartbeat stage=msplit_fit elapsed_sec=1320.1 dataset=electricity depth=4 seed=0 eval=test lookahead=3 n_fit=31717 n_eval=9063 raw_features=14 solver=msplit msplit_variant=rush_dp z_cols=14 backend=cpp
[2026-03-16T16:57:36-04:00] [stage] heartbeat stage=msplit_fit elapsed_sec=1350.1 dataset=electricity depth=4 seed=0 eval=test lookahead=3 n_fit=31717 n_eval=9063 raw_features=14 solver=msplit msplit_variant=rush_dp z_cols=14 backend=cpp
[2026-03-16T16:58:06-04:00] [stage] heartbeat stage=msplit_fit elapsed_sec=1380.1 dataset=electricity depth=4 seed=0 eval=test lookahead=3 n_fit=31717 n_eval=9063 raw_features=14 solver=msplit msplit_variant=rush_dp z_cols=14 backend=cpp
[2026-03-16T16:58:36-04:00] [stage] heartbeat stage=msplit_fit elapsed_sec=1410.1 dataset=electricity depth=4 seed=0 eval=test lookahead=3 n_fit=31717 n_eval=9063 raw_features=14 solver=msplit msplit_variant=rush_dp z_cols=14 backend=cpp
[2026-03-16T16:59:06-04:00] [stage] heartbeat stage=msplit_fit elapsed_sec=1440.1 dataset=electricity depth=4 seed=0 eval=test lookahead=3 n_fit=31717 n_eval=9063 raw_features=14 solver=msplit msplit_variant=rush_dp z_cols=14 backend=cpp
[2026-03-16T16:59:36-04:00] [stage] heartbeat stage=msplit_fit elapsed_sec=1470.1 dataset=electricity depth=4 seed=0 eval=test lookahead=3 n_fit=31717 n_eval=9063 raw_features=14 solver=msplit msplit_variant=rush_dp z_cols=14 backend=cpp
[2026-03-16T17:00:06-04:00] [stage] heartbeat stage=msplit_fit elapsed_sec=1500.1 dataset=electricity depth=4 seed=0 eval=test lookahead=3 n_fit=31717 n_eval=9063 raw_features=14 solver=msplit msplit_variant=rush_dp z_cols=14 backend=cpp
[2026-03-16T17:00:36-04:00] [stage] heartbeat stage=msplit_fit elapsed_sec=1530.1 dataset=electricity depth=4 seed=0 eval=test lookahead=3 n_fit=31717 n_eval=9063 raw_features=14 solver=msplit msplit_variant=rush_dp z_cols=14 backend=cpp
[2026-03-16T17:01:06-04:00] [stage] heartbeat stage=msplit_fit elapsed_sec=1560.1 dataset=electricity depth=4 seed=0 eval=test lookahead=3 n_fit=31717 n_eval=9063 raw_features=14 solver=msplit msplit_variant=rush_dp z_cols=14 backend=cpp
[2026-03-16T17:01:36-04:00] [stage] heartbeat stage=msplit_fit elapsed_sec=1590.1 dataset=electricity depth=4 seed=0 eval=test lookahead=3 n_fit=31717 n_eval=9063 raw_features=14 solver=msplit msplit_variant=rush_dp z_cols=14 backend=cpp
[2026-03-16T17:02:06-04:00] [stage] heartbeat stage=msplit_fit elapsed_sec=1620.1 dataset=electricity depth=4 seed=0 eval=test lookahead=3 n_fit=31717 n_eval=9063 raw_features=14 solver=msplit msplit_variant=rush_dp z_cols=14 backend=cpp
[2026-03-16T17:02:36-04:00] [stage] heartbeat stage=msplit_fit elapsed_sec=1650.1 dataset=electricity depth=4 seed=0 eval=test lookahead=3 n_fit=31717 n_eval=9063 raw_features=14 solver=msplit msplit_variant=rush_dp z_cols=14 backend=cpp
[2026-03-16T17:03:06-04:00] [stage] heartbeat stage=msplit_fit elapsed_sec=1680.1 dataset=electricity depth=4 seed=0 eval=test lookahead=3 n_fit=31717 n_eval=9063 raw_features=14 solver=msplit msplit_variant=rush_dp z_cols=14 backend=cpp
[2026-03-16T17:03:36-04:00] [stage] heartbeat stage=msplit_fit elapsed_sec=1710.1 dataset=electricity depth=4 seed=0 eval=test lookahead=3 n_fit=31717 n_eval=9063 raw_features=14 solver=msplit msplit_variant=rush_dp z_cols=14 backend=cpp
[2026-03-16T17:04:06-04:00] [stage] heartbeat stage=msplit_fit elapsed_sec=1740.1 dataset=electricity depth=4 seed=0 eval=test lookahead=3 n_fit=31717 n_eval=9063 raw_features=14 solver=msplit msplit_variant=rush_dp z_cols=14 backend=cpp
[2026-03-16T17:04:36-04:00] [stage] heartbeat stage=msplit_fit elapsed_sec=1770.1 dataset=electricity depth=4 seed=0 eval=test lookahead=3 n_fit=31717 n_eval=9063 raw_features=14 solver=msplit msplit_variant=rush_dp z_cols=14 backend=cpp
[2026-03-16T17:05:06-04:00] [stage] heartbeat stage=msplit_fit elapsed_sec=1800.1 dataset=electricity depth=4 seed=0 eval=test lookahead=3 n_fit=31717 n_eval=9063 raw_features=14 solver=msplit msplit_variant=rush_dp z_cols=14 backend=cpp
[2026-03-16T17:05:36-04:00] [stage] heartbeat stage=msplit_fit elapsed_sec=1830.1 dataset=electricity depth=4 seed=0 eval=test lookahead=3 n_fit=31717 n_eval=9063 raw_features=14 solver=msplit msplit_variant=rush_dp z_cols=14 backend=cpp
[2026-03-16T17:06:06-04:00] [stage] heartbeat stage=msplit_fit elapsed_sec=1860.1 dataset=electricity depth=4 seed=0 eval=test lookahead=3 n_fit=31717 n_eval=9063 raw_features=14 solver=msplit msplit_variant=rush_dp z_cols=14 backend=cpp
[2026-03-16T17:06:36-04:00] [stage] heartbeat stage=msplit_fit elapsed_sec=1890.1 dataset=electricity depth=4 seed=0 eval=test lookahead=3 n_fit=31717 n_eval=9063 raw_features=14 solver=msplit msplit_variant=rush_dp z_cols=14 backend=cpp
[2026-03-16T17:07:06-04:00] [stage] heartbeat stage=msplit_fit elapsed_sec=1920.1 dataset=electricity depth=4 seed=0 eval=test lookahead=3 n_fit=31717 n_eval=9063 raw_features=14 solver=msplit msplit_variant=rush_dp z_cols=14 backend=cpp
[2026-03-16T17:07:36-04:00] [stage] heartbeat stage=msplit_fit elapsed_sec=1950.1 dataset=electricity depth=4 seed=0 eval=test lookahead=3 n_fit=31717 n_eval=9063 raw_features=14 solver=msplit msplit_variant=rush_dp z_cols=14 backend=cpp
[2026-03-16T17:08:06-04:00] [stage] heartbeat stage=msplit_fit elapsed_sec=1980.1 dataset=electricity depth=4 seed=0 eval=test lookahead=3 n_fit=31717 n_eval=9063 raw_features=14 solver=msplit msplit_variant=rush_dp z_cols=14 backend=cpp
[2026-03-16T17:08:36-04:00] [stage] heartbeat stage=msplit_fit elapsed_sec=2010.1 dataset=electricity depth=4 seed=0 eval=test lookahead=3 n_fit=31717 n_eval=9063 raw_features=14 solver=msplit msplit_variant=rush_dp z_cols=14 backend=cpp
[2026-03-16T17:09:06-04:00] [stage] heartbeat stage=msplit_fit elapsed_sec=2040.1 dataset=electricity depth=4 seed=0 eval=test lookahead=3 n_fit=31717 n_eval=9063 raw_features=14 solver=msplit msplit_variant=rush_dp z_cols=14 backend=cpp
[2026-03-16T17:09:36-04:00] [stage] heartbeat stage=msplit_fit elapsed_sec=2070.1 dataset=electricity depth=4 seed=0 eval=test lookahead=3 n_fit=31717 n_eval=9063 raw_features=14 solver=msplit msplit_variant=rush_dp z_cols=14 backend=cpp
[2026-03-16T17:10:06-04:00] [stage] heartbeat stage=msplit_fit elapsed_sec=2100.1 dataset=electricity depth=4 seed=0 eval=test lookahead=3 n_fit=31717 n_eval=9063 raw_features=14 solver=msplit msplit_variant=rush_dp z_cols=14 backend=cpp
[2026-03-16T17:10:36-04:00] [stage] heartbeat stage=msplit_fit elapsed_sec=2130.1 dataset=electricity depth=4 seed=0 eval=test lookahead=3 n_fit=31717 n_eval=9063 raw_features=14 solver=msplit msplit_variant=rush_dp z_cols=14 backend=cpp
[2026-03-16T17:11:06-04:00] [stage] heartbeat stage=msplit_fit elapsed_sec=2160.1 dataset=electricity depth=4 seed=0 eval=test lookahead=3 n_fit=31717 n_eval=9063 raw_features=14 solver=msplit msplit_variant=rush_dp z_cols=14 backend=cpp
[2026-03-16T17:11:36-04:00] [stage] heartbeat stage=msplit_fit elapsed_sec=2190.1 dataset=electricity depth=4 seed=0 eval=test lookahead=3 n_fit=31717 n_eval=9063 raw_features=14 solver=msplit msplit_variant=rush_dp z_cols=14 backend=cpp
[2026-03-16T17:12:06-04:00] [stage] heartbeat stage=msplit_fit elapsed_sec=2220.1 dataset=electricity depth=4 seed=0 eval=test lookahead=3 n_fit=31717 n_eval=9063 raw_features=14 solver=msplit msplit_variant=rush_dp z_cols=14 backend=cpp
[2026-03-16T17:12:36-04:00] [stage] heartbeat stage=msplit_fit elapsed_sec=2250.1 dataset=electricity depth=4 seed=0 eval=test lookahead=3 n_fit=31717 n_eval=9063 raw_features=14 solver=msplit msplit_variant=rush_dp z_cols=14 backend=cpp
[2026-03-16T17:13:06-04:00] [stage] heartbeat stage=msplit_fit elapsed_sec=2280.1 dataset=electricity depth=4 seed=0 eval=test lookahead=3 n_fit=31717 n_eval=9063 raw_features=14 solver=msplit msplit_variant=rush_dp z_cols=14 backend=cpp
[2026-03-16T17:13:36-04:00] [stage] heartbeat stage=msplit_fit elapsed_sec=2310.2 dataset=electricity depth=4 seed=0 eval=test lookahead=3 n_fit=31717 n_eval=9063 raw_features=14 solver=msplit msplit_variant=rush_dp z_cols=14 backend=cpp
[2026-03-16T17:14:06-04:00] [stage] heartbeat stage=msplit_fit elapsed_sec=2340.2 dataset=electricity depth=4 seed=0 eval=test lookahead=3 n_fit=31717 n_eval=9063 raw_features=14 solver=msplit msplit_variant=rush_dp z_cols=14 backend=cpp
[2026-03-16T17:14:36-04:00] [stage] heartbeat stage=msplit_fit elapsed_sec=2370.2 dataset=electricity depth=4 seed=0 eval=test lookahead=3 n_fit=31717 n_eval=9063 raw_features=14 solver=msplit msplit_variant=rush_dp z_cols=14 backend=cpp
[2026-03-16T17:15:06-04:00] [stage] heartbeat stage=msplit_fit elapsed_sec=2400.2 dataset=electricity depth=4 seed=0 eval=test lookahead=3 n_fit=31717 n_eval=9063 raw_features=14 solver=msplit msplit_variant=rush_dp z_cols=14 backend=cpp
[2026-03-16T17:15:36-04:00] [stage] heartbeat stage=msplit_fit elapsed_sec=2430.2 dataset=electricity depth=4 seed=0 eval=test lookahead=3 n_fit=31717 n_eval=9063 raw_features=14 solver=msplit msplit_variant=rush_dp z_cols=14 backend=cpp
[2026-03-16T17:16:06-04:00] [stage] heartbeat stage=msplit_fit elapsed_sec=2460.2 dataset=electricity depth=4 seed=0 eval=test lookahead=3 n_fit=31717 n_eval=9063 raw_features=14 solver=msplit msplit_variant=rush_dp z_cols=14 backend=cpp
[2026-03-16T17:16:36-04:00] [stage] heartbeat stage=msplit_fit elapsed_sec=2490.2 dataset=electricity depth=4 seed=0 eval=test lookahead=3 n_fit=31717 n_eval=9063 raw_features=14 solver=msplit msplit_variant=rush_dp z_cols=14 backend=cpp
[2026-03-16T17:17:06-04:00] [stage] heartbeat stage=msplit_fit elapsed_sec=2520.2 dataset=electricity depth=4 seed=0 eval=test lookahead=3 n_fit=31717 n_eval=9063 raw_features=14 solver=msplit msplit_variant=rush_dp z_cols=14 backend=cpp
[2026-03-16T17:17:36-04:00] [stage] heartbeat stage=msplit_fit elapsed_sec=2550.2 dataset=electricity depth=4 seed=0 eval=test lookahead=3 n_fit=31717 n_eval=9063 raw_features=14 solver=msplit msplit_variant=rush_dp z_cols=14 backend=cpp
[2026-03-16T17:18:06-04:00] [stage] heartbeat stage=msplit_fit elapsed_sec=2580.2 dataset=electricity depth=4 seed=0 eval=test lookahead=3 n_fit=31717 n_eval=9063 raw_features=14 solver=msplit msplit_variant=rush_dp z_cols=14 backend=cpp
[2026-03-16T17:18:36-04:00] [stage] heartbeat stage=msplit_fit elapsed_sec=2610.2 dataset=electricity depth=4 seed=0 eval=test lookahead=3 n_fit=31717 n_eval=9063 raw_features=14 solver=msplit msplit_variant=rush_dp z_cols=14 backend=cpp
[2026-03-16T17:19:06-04:00] [stage] heartbeat stage=msplit_fit elapsed_sec=2640.2 dataset=electricity depth=4 seed=0 eval=test lookahead=3 n_fit=31717 n_eval=9063 raw_features=14 solver=msplit msplit_variant=rush_dp z_cols=14 backend=cpp
[2026-03-16T17:19:36-04:00] [stage] heartbeat stage=msplit_fit elapsed_sec=2670.2 dataset=electricity depth=4 seed=0 eval=test lookahead=3 n_fit=31717 n_eval=9063 raw_features=14 solver=msplit msplit_variant=rush_dp z_cols=14 backend=cpp
[2026-03-16T17:20:06-04:00] [stage] heartbeat stage=msplit_fit elapsed_sec=2700.2 dataset=electricity depth=4 seed=0 eval=test lookahead=3 n_fit=31717 n_eval=9063 raw_features=14 solver=msplit msplit_variant=rush_dp z_cols=14 backend=cpp
[2026-03-16T17:20:36-04:00] [stage] heartbeat stage=msplit_fit elapsed_sec=2730.2 dataset=electricity depth=4 seed=0 eval=test lookahead=3 n_fit=31717 n_eval=9063 raw_features=14 solver=msplit msplit_variant=rush_dp z_cols=14 backend=cpp
[2026-03-16T17:21:06-04:00] [stage] heartbeat stage=msplit_fit elapsed_sec=2760.2 dataset=electricity depth=4 seed=0 eval=test lookahead=3 n_fit=31717 n_eval=9063 raw_features=14 solver=msplit msplit_variant=rush_dp z_cols=14 backend=cpp
[2026-03-16T17:21:36-04:00] [stage] heartbeat stage=msplit_fit elapsed_sec=2790.2 dataset=electricity depth=4 seed=0 eval=test lookahead=3 n_fit=31717 n_eval=9063 raw_features=14 solver=msplit msplit_variant=rush_dp z_cols=14 backend=cpp
[2026-03-16T17:22:06-04:00] [stage] heartbeat stage=msplit_fit elapsed_sec=2820.2 dataset=electricity depth=4 seed=0 eval=test lookahead=3 n_fit=31717 n_eval=9063 raw_features=14 solver=msplit msplit_variant=rush_dp z_cols=14 backend=cpp
[2026-03-16T17:22:36-04:00] [stage] heartbeat stage=msplit_fit elapsed_sec=2850.2 dataset=electricity depth=4 seed=0 eval=test lookahead=3 n_fit=31717 n_eval=9063 raw_features=14 solver=msplit msplit_variant=rush_dp z_cols=14 backend=cpp
[2026-03-16T17:23:06-04:00] [stage] heartbeat stage=msplit_fit elapsed_sec=2880.2 dataset=electricity depth=4 seed=0 eval=test lookahead=3 n_fit=31717 n_eval=9063 raw_features=14 solver=msplit msplit_variant=rush_dp z_cols=14 backend=cpp
[2026-03-16T17:23:36-04:00] [stage] heartbeat stage=msplit_fit elapsed_sec=2910.2 dataset=electricity depth=4 seed=0 eval=test lookahead=3 n_fit=31717 n_eval=9063 raw_features=14 solver=msplit msplit_variant=rush_dp z_cols=14 backend=cpp
[2026-03-16T17:24:06-04:00] [stage] heartbeat stage=msplit_fit elapsed_sec=2940.2 dataset=electricity depth=4 seed=0 eval=test lookahead=3 n_fit=31717 n_eval=9063 raw_features=14 solver=msplit msplit_variant=rush_dp z_cols=14 backend=cpp
[2026-03-16T17:24:36-04:00] [stage] heartbeat stage=msplit_fit elapsed_sec=2970.2 dataset=electricity depth=4 seed=0 eval=test lookahead=3 n_fit=31717 n_eval=9063 raw_features=14 solver=msplit msplit_variant=rush_dp z_cols=14 backend=cpp
[2026-03-16T17:25:06-04:00] [stage] heartbeat stage=msplit_fit elapsed_sec=3000.2 dataset=electricity depth=4 seed=0 eval=test lookahead=3 n_fit=31717 n_eval=9063 raw_features=14 solver=msplit msplit_variant=rush_dp z_cols=14 backend=cpp
[2026-03-16T17:25:36-04:00] [stage] heartbeat stage=msplit_fit elapsed_sec=3030.2 dataset=electricity depth=4 seed=0 eval=test lookahead=3 n_fit=31717 n_eval=9063 raw_features=14 solver=msplit msplit_variant=rush_dp z_cols=14 backend=cpp
[2026-03-16T17:26:06-04:00] [stage] heartbeat stage=msplit_fit elapsed_sec=3060.2 dataset=electricity depth=4 seed=0 eval=test lookahead=3 n_fit=31717 n_eval=9063 raw_features=14 solver=msplit msplit_variant=rush_dp z_cols=14 backend=cpp
[2026-03-16T17:26:36-04:00] [stage] heartbeat stage=msplit_fit elapsed_sec=3090.2 dataset=electricity depth=4 seed=0 eval=test lookahead=3 n_fit=31717 n_eval=9063 raw_features=14 solver=msplit msplit_variant=rush_dp z_cols=14 backend=cpp
[2026-03-16T17:27:06-04:00] [stage] heartbeat stage=msplit_fit elapsed_sec=3120.2 dataset=electricity depth=4 seed=0 eval=test lookahead=3 n_fit=31717 n_eval=9063 raw_features=14 solver=msplit msplit_variant=rush_dp z_cols=14 backend=cpp
[2026-03-16T17:27:36-04:00] [stage] heartbeat stage=msplit_fit elapsed_sec=3150.2 dataset=electricity depth=4 seed=0 eval=test lookahead=3 n_fit=31717 n_eval=9063 raw_features=14 solver=msplit msplit_variant=rush_dp z_cols=14 backend=cpp
[2026-03-16T17:28:06-04:00] [stage] heartbeat stage=msplit_fit elapsed_sec=3180.2 dataset=electricity depth=4 seed=0 eval=test lookahead=3 n_fit=31717 n_eval=9063 raw_features=14 solver=msplit msplit_variant=rush_dp z_cols=14 backend=cpp
[2026-03-16T17:28:36-04:00] [stage] heartbeat stage=msplit_fit elapsed_sec=3210.2 dataset=electricity depth=4 seed=0 eval=test lookahead=3 n_fit=31717 n_eval=9063 raw_features=14 solver=msplit msplit_variant=rush_dp z_cols=14 backend=cpp
[2026-03-16T17:29:06-04:00] [stage] heartbeat stage=msplit_fit elapsed_sec=3240.2 dataset=electricity depth=4 seed=0 eval=test lookahead=3 n_fit=31717 n_eval=9063 raw_features=14 solver=msplit msplit_variant=rush_dp z_cols=14 backend=cpp
[2026-03-16T17:29:36-04:00] [stage] heartbeat stage=msplit_fit elapsed_sec=3270.2 dataset=electricity depth=4 seed=0 eval=test lookahead=3 n_fit=31717 n_eval=9063 raw_features=14 solver=msplit msplit_variant=rush_dp z_cols=14 backend=cpp
[2026-03-16T17:30:06-04:00] [stage] heartbeat stage=msplit_fit elapsed_sec=3300.2 dataset=electricity depth=4 seed=0 eval=test lookahead=3 n_fit=31717 n_eval=9063 raw_features=14 solver=msplit msplit_variant=rush_dp z_cols=14 backend=cpp
[2026-03-16T17:30:36-04:00] [stage] heartbeat stage=msplit_fit elapsed_sec=3330.2 dataset=electricity depth=4 seed=0 eval=test lookahead=3 n_fit=31717 n_eval=9063 raw_features=14 solver=msplit msplit_variant=rush_dp z_cols=14 backend=cpp
[2026-03-16T17:31:06-04:00] [stage] heartbeat stage=msplit_fit elapsed_sec=3360.2 dataset=electricity depth=4 seed=0 eval=test lookahead=3 n_fit=31717 n_eval=9063 raw_features=14 solver=msplit msplit_variant=rush_dp z_cols=14 backend=cpp
[2026-03-16T17:31:36-04:00] [stage] heartbeat stage=msplit_fit elapsed_sec=3390.2 dataset=electricity depth=4 seed=0 eval=test lookahead=3 n_fit=31717 n_eval=9063 raw_features=14 solver=msplit msplit_variant=rush_dp z_cols=14 backend=cpp
[2026-03-16T17:32:06-04:00] [stage] heartbeat stage=msplit_fit elapsed_sec=3420.2 dataset=electricity depth=4 seed=0 eval=test lookahead=3 n_fit=31717 n_eval=9063 raw_features=14 solver=msplit msplit_variant=rush_dp z_cols=14 backend=cpp
[2026-03-16T17:32:36-04:00] [stage] heartbeat stage=msplit_fit elapsed_sec=3450.2 dataset=electricity depth=4 seed=0 eval=test lookahead=3 n_fit=31717 n_eval=9063 raw_features=14 solver=msplit msplit_variant=rush_dp z_cols=14 backend=cpp
[2026-03-16T17:33:06-04:00] [stage] heartbeat stage=msplit_fit elapsed_sec=3480.2 dataset=electricity depth=4 seed=0 eval=test lookahead=3 n_fit=31717 n_eval=9063 raw_features=14 solver=msplit msplit_variant=rush_dp z_cols=14 backend=cpp
[2026-03-16T17:33:36-04:00] [stage] heartbeat stage=msplit_fit elapsed_sec=3510.2 dataset=electricity depth=4 seed=0 eval=test lookahead=3 n_fit=31717 n_eval=9063 raw_features=14 solver=msplit msplit_variant=rush_dp z_cols=14 backend=cpp
[2026-03-16T17:34:06-04:00] [stage] heartbeat stage=msplit_fit elapsed_sec=3540.2 dataset=electricity depth=4 seed=0 eval=test lookahead=3 n_fit=31717 n_eval=9063 raw_features=14 solver=msplit msplit_variant=rush_dp z_cols=14 backend=cpp
[2026-03-16T17:34:36-04:00] [stage] heartbeat stage=msplit_fit elapsed_sec=3570.2 dataset=electricity depth=4 seed=0 eval=test lookahead=3 n_fit=31717 n_eval=9063 raw_features=14 solver=msplit msplit_variant=rush_dp z_cols=14 backend=cpp
[2026-03-16T17:35:06-04:00] [stage] heartbeat stage=msplit_fit elapsed_sec=3600.2 dataset=electricity depth=4 seed=0 eval=test lookahead=3 n_fit=31717 n_eval=9063 raw_features=14 solver=msplit msplit_variant=rush_dp z_cols=14 backend=cpp
[2026-03-16T17:35:36-04:00] [stage] heartbeat stage=msplit_fit elapsed_sec=3630.2 dataset=electricity depth=4 seed=0 eval=test lookahead=3 n_fit=31717 n_eval=9063 raw_features=14 solver=msplit msplit_variant=rush_dp z_cols=14 backend=cpp
[2026-03-16T17:36:06-04:00] [stage] heartbeat stage=msplit_fit elapsed_sec=3660.2 dataset=electricity depth=4 seed=0 eval=test lookahead=3 n_fit=31717 n_eval=9063 raw_features=14 solver=msplit msplit_variant=rush_dp z_cols=14 backend=cpp
[2026-03-16T17:36:36-04:00] [stage] heartbeat stage=msplit_fit elapsed_sec=3690.2 dataset=electricity depth=4 seed=0 eval=test lookahead=3 n_fit=31717 n_eval=9063 raw_features=14 solver=msplit msplit_variant=rush_dp z_cols=14 backend=cpp
[2026-03-16T17:37:06-04:00] [stage] heartbeat stage=msplit_fit elapsed_sec=3720.2 dataset=electricity depth=4 seed=0 eval=test lookahead=3 n_fit=31717 n_eval=9063 raw_features=14 solver=msplit msplit_variant=rush_dp z_cols=14 backend=cpp
[2026-03-16T17:37:36-04:00] [stage] heartbeat stage=msplit_fit elapsed_sec=3750.2 dataset=electricity depth=4 seed=0 eval=test lookahead=3 n_fit=31717 n_eval=9063 raw_features=14 solver=msplit msplit_variant=rush_dp z_cols=14 backend=cpp
[2026-03-16T17:38:06-04:00] [stage] heartbeat stage=msplit_fit elapsed_sec=3780.2 dataset=electricity depth=4 seed=0 eval=test lookahead=3 n_fit=31717 n_eval=9063 raw_features=14 solver=msplit msplit_variant=rush_dp z_cols=14 backend=cpp
[2026-03-16T17:38:36-04:00] [stage] heartbeat stage=msplit_fit elapsed_sec=3810.3 dataset=electricity depth=4 seed=0 eval=test lookahead=3 n_fit=31717 n_eval=9063 raw_features=14 solver=msplit msplit_variant=rush_dp z_cols=14 backend=cpp
[2026-03-16T17:39:06-04:00] [stage] heartbeat stage=msplit_fit elapsed_sec=3840.3 dataset=electricity depth=4 seed=0 eval=test lookahead=3 n_fit=31717 n_eval=9063 raw_features=14 solver=msplit msplit_variant=rush_dp z_cols=14 backend=cpp
[2026-03-16T17:39:36-04:00] [stage] heartbeat stage=msplit_fit elapsed_sec=3870.3 dataset=electricity depth=4 seed=0 eval=test lookahead=3 n_fit=31717 n_eval=9063 raw_features=14 solver=msplit msplit_variant=rush_dp z_cols=14 backend=cpp
[2026-03-16T17:40:06-04:00] [stage] heartbeat stage=msplit_fit elapsed_sec=3900.3 dataset=electricity depth=4 seed=0 eval=test lookahead=3 n_fit=31717 n_eval=9063 raw_features=14 solver=msplit msplit_variant=rush_dp z_cols=14 backend=cpp
[2026-03-16T17:40:36-04:00] [stage] heartbeat stage=msplit_fit elapsed_sec=3930.3 dataset=electricity depth=4 seed=0 eval=test lookahead=3 n_fit=31717 n_eval=9063 raw_features=14 solver=msplit msplit_variant=rush_dp z_cols=14 backend=cpp
[2026-03-16T17:41:06-04:00] [stage] heartbeat stage=msplit_fit elapsed_sec=3960.3 dataset=electricity depth=4 seed=0 eval=test lookahead=3 n_fit=31717 n_eval=9063 raw_features=14 solver=msplit msplit_variant=rush_dp z_cols=14 backend=cpp
[2026-03-16T17:41:36-04:00] [stage] heartbeat stage=msplit_fit elapsed_sec=3990.3 dataset=electricity depth=4 seed=0 eval=test lookahead=3 n_fit=31717 n_eval=9063 raw_features=14 solver=msplit msplit_variant=rush_dp z_cols=14 backend=cpp
[2026-03-16T17:42:06-04:00] [stage] heartbeat stage=msplit_fit elapsed_sec=4020.3 dataset=electricity depth=4 seed=0 eval=test lookahead=3 n_fit=31717 n_eval=9063 raw_features=14 solver=msplit msplit_variant=rush_dp z_cols=14 backend=cpp
[2026-03-16T17:42:36-04:00] [stage] heartbeat stage=msplit_fit elapsed_sec=4050.3 dataset=electricity depth=4 seed=0 eval=test lookahead=3 n_fit=31717 n_eval=9063 raw_features=14 solver=msplit msplit_variant=rush_dp z_cols=14 backend=cpp
[2026-03-16T17:43:06-04:00] [stage] heartbeat stage=msplit_fit elapsed_sec=4080.3 dataset=electricity depth=4 seed=0 eval=test lookahead=3 n_fit=31717 n_eval=9063 raw_features=14 solver=msplit msplit_variant=rush_dp z_cols=14 backend=cpp
[2026-03-16T17:43:36-04:00] [stage] heartbeat stage=msplit_fit elapsed_sec=4110.3 dataset=electricity depth=4 seed=0 eval=test lookahead=3 n_fit=31717 n_eval=9063 raw_features=14 solver=msplit msplit_variant=rush_dp z_cols=14 backend=cpp
[2026-03-16T17:44:06-04:00] [stage] heartbeat stage=msplit_fit elapsed_sec=4140.3 dataset=electricity depth=4 seed=0 eval=test lookahead=3 n_fit=31717 n_eval=9063 raw_features=14 solver=msplit msplit_variant=rush_dp z_cols=14 backend=cpp
[2026-03-16T17:44:36-04:00] [stage] heartbeat stage=msplit_fit elapsed_sec=4170.3 dataset=electricity depth=4 seed=0 eval=test lookahead=3 n_fit=31717 n_eval=9063 raw_features=14 solver=msplit msplit_variant=rush_dp z_cols=14 backend=cpp
[2026-03-16T17:45:06-04:00] [stage] heartbeat stage=msplit_fit elapsed_sec=4200.3 dataset=electricity depth=4 seed=0 eval=test lookahead=3 n_fit=31717 n_eval=9063 raw_features=14 solver=msplit msplit_variant=rush_dp z_cols=14 backend=cpp
[2026-03-16T17:45:36-04:00] [stage] heartbeat stage=msplit_fit elapsed_sec=4230.3 dataset=electricity depth=4 seed=0 eval=test lookahead=3 n_fit=31717 n_eval=9063 raw_features=14 solver=msplit msplit_variant=rush_dp z_cols=14 backend=cpp
[2026-03-16T17:46:06-04:00] [stage] heartbeat stage=msplit_fit elapsed_sec=4260.3 dataset=electricity depth=4 seed=0 eval=test lookahead=3 n_fit=31717 n_eval=9063 raw_features=14 solver=msplit msplit_variant=rush_dp z_cols=14 backend=cpp
[2026-03-16T17:46:36-04:00] [stage] heartbeat stage=msplit_fit elapsed_sec=4290.3 dataset=electricity depth=4 seed=0 eval=test lookahead=3 n_fit=31717 n_eval=9063 raw_features=14 solver=msplit msplit_variant=rush_dp z_cols=14 backend=cpp
[2026-03-16T17:47:06-04:00] [stage] heartbeat stage=msplit_fit elapsed_sec=4320.3 dataset=electricity depth=4 seed=0 eval=test lookahead=3 n_fit=31717 n_eval=9063 raw_features=14 solver=msplit msplit_variant=rush_dp z_cols=14 backend=cpp
[2026-03-16T17:47:36-04:00] [stage] heartbeat stage=msplit_fit elapsed_sec=4350.3 dataset=electricity depth=4 seed=0 eval=test lookahead=3 n_fit=31717 n_eval=9063 raw_features=14 solver=msplit msplit_variant=rush_dp z_cols=14 backend=cpp
[2026-03-16T17:48:06-04:00] [stage] heartbeat stage=msplit_fit elapsed_sec=4380.3 dataset=electricity depth=4 seed=0 eval=test lookahead=3 n_fit=31717 n_eval=9063 raw_features=14 solver=msplit msplit_variant=rush_dp z_cols=14 backend=cpp
[2026-03-16T17:48:36-04:00] [stage] heartbeat stage=msplit_fit elapsed_sec=4410.3 dataset=electricity depth=4 seed=0 eval=test lookahead=3 n_fit=31717 n_eval=9063 raw_features=14 solver=msplit msplit_variant=rush_dp z_cols=14 backend=cpp
[2026-03-16T17:49:06-04:00] [stage] heartbeat stage=msplit_fit elapsed_sec=4440.3 dataset=electricity depth=4 seed=0 eval=test lookahead=3 n_fit=31717 n_eval=9063 raw_features=14 solver=msplit msplit_variant=rush_dp z_cols=14 backend=cpp
[2026-03-16T17:49:36-04:00] [stage] heartbeat stage=msplit_fit elapsed_sec=4470.3 dataset=electricity depth=4 seed=0 eval=test lookahead=3 n_fit=31717 n_eval=9063 raw_features=14 solver=msplit msplit_variant=rush_dp z_cols=14 backend=cpp
[2026-03-16T17:50:06-04:00] [stage] heartbeat stage=msplit_fit elapsed_sec=4500.3 dataset=electricity depth=4 seed=0 eval=test lookahead=3 n_fit=31717 n_eval=9063 raw_features=14 solver=msplit msplit_variant=rush_dp z_cols=14 backend=cpp
[2026-03-16T17:50:36-04:00] [stage] heartbeat stage=msplit_fit elapsed_sec=4530.3 dataset=electricity depth=4 seed=0 eval=test lookahead=3 n_fit=31717 n_eval=9063 raw_features=14 solver=msplit msplit_variant=rush_dp z_cols=14 backend=cpp
[2026-03-16T17:51:06-04:00] [stage] heartbeat stage=msplit_fit elapsed_sec=4560.3 dataset=electricity depth=4 seed=0 eval=test lookahead=3 n_fit=31717 n_eval=9063 raw_features=14 solver=msplit msplit_variant=rush_dp z_cols=14 backend=cpp
[2026-03-16T17:51:36-04:00] [stage] heartbeat stage=msplit_fit elapsed_sec=4590.3 dataset=electricity depth=4 seed=0 eval=test lookahead=3 n_fit=31717 n_eval=9063 raw_features=14 solver=msplit msplit_variant=rush_dp z_cols=14 backend=cpp
[2026-03-16T17:52:06-04:00] [stage] heartbeat stage=msplit_fit elapsed_sec=4620.3 dataset=electricity depth=4 seed=0 eval=test lookahead=3 n_fit=31717 n_eval=9063 raw_features=14 solver=msplit msplit_variant=rush_dp z_cols=14 backend=cpp
[2026-03-16T17:52:36-04:00] [stage] heartbeat stage=msplit_fit elapsed_sec=4650.3 dataset=electricity depth=4 seed=0 eval=test lookahead=3 n_fit=31717 n_eval=9063 raw_features=14 solver=msplit msplit_variant=rush_dp z_cols=14 backend=cpp
[2026-03-16T17:53:06-04:00] [stage] heartbeat stage=msplit_fit elapsed_sec=4680.3 dataset=electricity depth=4 seed=0 eval=test lookahead=3 n_fit=31717 n_eval=9063 raw_features=14 solver=msplit msplit_variant=rush_dp z_cols=14 backend=cpp
[2026-03-16T17:53:36-04:00] [stage] heartbeat stage=msplit_fit elapsed_sec=4710.3 dataset=electricity depth=4 seed=0 eval=test lookahead=3 n_fit=31717 n_eval=9063 raw_features=14 solver=msplit msplit_variant=rush_dp z_cols=14 backend=cpp
[2026-03-16T17:54:06-04:00] [stage] heartbeat stage=msplit_fit elapsed_sec=4740.3 dataset=electricity depth=4 seed=0 eval=test lookahead=3 n_fit=31717 n_eval=9063 raw_features=14 solver=msplit msplit_variant=rush_dp z_cols=14 backend=cpp
[2026-03-16T17:54:36-04:00] [stage] heartbeat stage=msplit_fit elapsed_sec=4770.3 dataset=electricity depth=4 seed=0 eval=test lookahead=3 n_fit=31717 n_eval=9063 raw_features=14 solver=msplit msplit_variant=rush_dp z_cols=14 backend=cpp
[2026-03-16T17:55:06-04:00] [stage] heartbeat stage=msplit_fit elapsed_sec=4800.3 dataset=electricity depth=4 seed=0 eval=test lookahead=3 n_fit=31717 n_eval=9063 raw_features=14 solver=msplit msplit_variant=rush_dp z_cols=14 backend=cpp
[2026-03-16T17:55:36-04:00] [stage] heartbeat stage=msplit_fit elapsed_sec=4830.3 dataset=electricity depth=4 seed=0 eval=test lookahead=3 n_fit=31717 n_eval=9063 raw_features=14 solver=msplit msplit_variant=rush_dp z_cols=14 backend=cpp
[2026-03-16T17:56:06-04:00] [stage] heartbeat stage=msplit_fit elapsed_sec=4860.3 dataset=electricity depth=4 seed=0 eval=test lookahead=3 n_fit=31717 n_eval=9063 raw_features=14 solver=msplit msplit_variant=rush_dp z_cols=14 backend=cpp
[2026-03-16T17:56:36-04:00] [stage] heartbeat stage=msplit_fit elapsed_sec=4890.3 dataset=electricity depth=4 seed=0 eval=test lookahead=3 n_fit=31717 n_eval=9063 raw_features=14 solver=msplit msplit_variant=rush_dp z_cols=14 backend=cpp
[2026-03-16T17:57:06-04:00] [stage] heartbeat stage=msplit_fit elapsed_sec=4920.3 dataset=electricity depth=4 seed=0 eval=test lookahead=3 n_fit=31717 n_eval=9063 raw_features=14 solver=msplit msplit_variant=rush_dp z_cols=14 backend=cpp
[2026-03-16T17:57:36-04:00] [stage] heartbeat stage=msplit_fit elapsed_sec=4950.3 dataset=electricity depth=4 seed=0 eval=test lookahead=3 n_fit=31717 n_eval=9063 raw_features=14 solver=msplit msplit_variant=rush_dp z_cols=14 backend=cpp
[2026-03-16T17:58:06-04:00] [stage] heartbeat stage=msplit_fit elapsed_sec=4980.3 dataset=electricity depth=4 seed=0 eval=test lookahead=3 n_fit=31717 n_eval=9063 raw_features=14 solver=msplit msplit_variant=rush_dp z_cols=14 backend=cpp
[2026-03-16T17:58:36-04:00] [stage] heartbeat stage=msplit_fit elapsed_sec=5010.3 dataset=electricity depth=4 seed=0 eval=test lookahead=3 n_fit=31717 n_eval=9063 raw_features=14 solver=msplit msplit_variant=rush_dp z_cols=14 backend=cpp
[2026-03-16T17:59:06-04:00] [stage] heartbeat stage=msplit_fit elapsed_sec=5040.3 dataset=electricity depth=4 seed=0 eval=test lookahead=3 n_fit=31717 n_eval=9063 raw_features=14 solver=msplit msplit_variant=rush_dp z_cols=14 backend=cpp
[2026-03-16T17:59:36-04:00] [stage] heartbeat stage=msplit_fit elapsed_sec=5070.3 dataset=electricity depth=4 seed=0 eval=test lookahead=3 n_fit=31717 n_eval=9063 raw_features=14 solver=msplit msplit_variant=rush_dp z_cols=14 backend=cpp
[2026-03-16T18:00:06-04:00] [stage] heartbeat stage=msplit_fit elapsed_sec=5100.3 dataset=electricity depth=4 seed=0 eval=test lookahead=3 n_fit=31717 n_eval=9063 raw_features=14 solver=msplit msplit_variant=rush_dp z_cols=14 backend=cpp
[2026-03-16T18:00:36-04:00] [stage] heartbeat stage=msplit_fit elapsed_sec=5130.3 dataset=electricity depth=4 seed=0 eval=test lookahead=3 n_fit=31717 n_eval=9063 raw_features=14 solver=msplit msplit_variant=rush_dp z_cols=14 backend=cpp
[2026-03-16T18:01:06-04:00] [stage] heartbeat stage=msplit_fit elapsed_sec=5160.3 dataset=electricity depth=4 seed=0 eval=test lookahead=3 n_fit=31717 n_eval=9063 raw_features=14 solver=msplit msplit_variant=rush_dp z_cols=14 backend=cpp
[2026-03-16T18:01:36-04:00] [stage] heartbeat stage=msplit_fit elapsed_sec=5190.3 dataset=electricity depth=4 seed=0 eval=test lookahead=3 n_fit=31717 n_eval=9063 raw_features=14 solver=msplit msplit_variant=rush_dp z_cols=14 backend=cpp
[2026-03-16T18:02:06-04:00] [stage] heartbeat stage=msplit_fit elapsed_sec=5220.3 dataset=electricity depth=4 seed=0 eval=test lookahead=3 n_fit=31717 n_eval=9063 raw_features=14 solver=msplit msplit_variant=rush_dp z_cols=14 backend=cpp
[2026-03-16T18:02:36-04:00] [stage] heartbeat stage=msplit_fit elapsed_sec=5250.3 dataset=electricity depth=4 seed=0 eval=test lookahead=3 n_fit=31717 n_eval=9063 raw_features=14 solver=msplit msplit_variant=rush_dp z_cols=14 backend=cpp
[2026-03-16T18:03:06-04:00] [stage] heartbeat stage=msplit_fit elapsed_sec=5280.3 dataset=electricity depth=4 seed=0 eval=test lookahead=3 n_fit=31717 n_eval=9063 raw_features=14 solver=msplit msplit_variant=rush_dp z_cols=14 backend=cpp
[2026-03-16T18:03:36-04:00] [stage] heartbeat stage=msplit_fit elapsed_sec=5310.3 dataset=electricity depth=4 seed=0 eval=test lookahead=3 n_fit=31717 n_eval=9063 raw_features=14 solver=msplit msplit_variant=rush_dp z_cols=14 backend=cpp
[2026-03-16T18:04:06-04:00] [stage] heartbeat stage=msplit_fit elapsed_sec=5340.4 dataset=electricity depth=4 seed=0 eval=test lookahead=3 n_fit=31717 n_eval=9063 raw_features=14 solver=msplit msplit_variant=rush_dp z_cols=14 backend=cpp
[2026-03-16T18:04:36-04:00] [stage] heartbeat stage=msplit_fit elapsed_sec=5370.4 dataset=electricity depth=4 seed=0 eval=test lookahead=3 n_fit=31717 n_eval=9063 raw_features=14 solver=msplit msplit_variant=rush_dp z_cols=14 backend=cpp
[2026-03-16T18:05:06-04:00] [stage] heartbeat stage=msplit_fit elapsed_sec=5400.4 dataset=electricity depth=4 seed=0 eval=test lookahead=3 n_fit=31717 n_eval=9063 raw_features=14 solver=msplit msplit_variant=rush_dp z_cols=14 backend=cpp
[2026-03-16T18:05:36-04:00] [stage] heartbeat stage=msplit_fit elapsed_sec=5430.4 dataset=electricity depth=4 seed=0 eval=test lookahead=3 n_fit=31717 n_eval=9063 raw_features=14 solver=msplit msplit_variant=rush_dp z_cols=14 backend=cpp
[2026-03-16T18:06:06-04:00] [stage] heartbeat stage=msplit_fit elapsed_sec=5460.4 dataset=electricity depth=4 seed=0 eval=test lookahead=3 n_fit=31717 n_eval=9063 raw_features=14 solver=msplit msplit_variant=rush_dp z_cols=14 backend=cpp
[2026-03-16T18:06:36-04:00] [stage] heartbeat stage=msplit_fit elapsed_sec=5490.4 dataset=electricity depth=4 seed=0 eval=test lookahead=3 n_fit=31717 n_eval=9063 raw_features=14 solver=msplit msplit_variant=rush_dp z_cols=14 backend=cpp
[2026-03-16T18:07:06-04:00] [stage] heartbeat stage=msplit_fit elapsed_sec=5520.4 dataset=electricity depth=4 seed=0 eval=test lookahead=3 n_fit=31717 n_eval=9063 raw_features=14 solver=msplit msplit_variant=rush_dp z_cols=14 backend=cpp
[2026-03-16T18:07:36-04:00] [stage] heartbeat stage=msplit_fit elapsed_sec=5550.4 dataset=electricity depth=4 seed=0 eval=test lookahead=3 n_fit=31717 n_eval=9063 raw_features=14 solver=msplit msplit_variant=rush_dp z_cols=14 backend=cpp
[2026-03-16T18:08:06-04:00] [stage] heartbeat stage=msplit_fit elapsed_sec=5580.4 dataset=electricity depth=4 seed=0 eval=test lookahead=3 n_fit=31717 n_eval=9063 raw_features=14 solver=msplit msplit_variant=rush_dp z_cols=14 backend=cpp
[2026-03-16T18:08:36-04:00] [stage] heartbeat stage=msplit_fit elapsed_sec=5610.4 dataset=electricity depth=4 seed=0 eval=test lookahead=3 n_fit=31717 n_eval=9063 raw_features=14 solver=msplit msplit_variant=rush_dp z_cols=14 backend=cpp
[2026-03-16T18:09:06-04:00] [stage] heartbeat stage=msplit_fit elapsed_sec=5640.4 dataset=electricity depth=4 seed=0 eval=test lookahead=3 n_fit=31717 n_eval=9063 raw_features=14 solver=msplit msplit_variant=rush_dp z_cols=14 backend=cpp
[2026-03-16T18:09:36-04:00] [stage] heartbeat stage=msplit_fit elapsed_sec=5670.4 dataset=electricity depth=4 seed=0 eval=test lookahead=3 n_fit=31717 n_eval=9063 raw_features=14 solver=msplit msplit_variant=rush_dp z_cols=14 backend=cpp
[2026-03-16T18:10:06-04:00] [stage] heartbeat stage=msplit_fit elapsed_sec=5700.4 dataset=electricity depth=4 seed=0 eval=test lookahead=3 n_fit=31717 n_eval=9063 raw_features=14 solver=msplit msplit_variant=rush_dp z_cols=14 backend=cpp
[2026-03-16T18:10:36-04:00] [stage] heartbeat stage=msplit_fit elapsed_sec=5730.4 dataset=electricity depth=4 seed=0 eval=test lookahead=3 n_fit=31717 n_eval=9063 raw_features=14 solver=msplit msplit_variant=rush_dp z_cols=14 backend=cpp
[2026-03-16T18:11:06-04:00] [stage] heartbeat stage=msplit_fit elapsed_sec=5760.4 dataset=electricity depth=4 seed=0 eval=test lookahead=3 n_fit=31717 n_eval=9063 raw_features=14 solver=msplit msplit_variant=rush_dp z_cols=14 backend=cpp
[2026-03-16T18:11:36-04:00] [stage] heartbeat stage=msplit_fit elapsed_sec=5790.4 dataset=electricity depth=4 seed=0 eval=test lookahead=3 n_fit=31717 n_eval=9063 raw_features=14 solver=msplit msplit_variant=rush_dp z_cols=14 backend=cpp
[2026-03-16T18:12:06-04:00] [stage] heartbeat stage=msplit_fit elapsed_sec=5820.4 dataset=electricity depth=4 seed=0 eval=test lookahead=3 n_fit=31717 n_eval=9063 raw_features=14 solver=msplit msplit_variant=rush_dp z_cols=14 backend=cpp
[2026-03-16T18:12:36-04:00] [stage] heartbeat stage=msplit_fit elapsed_sec=5850.4 dataset=electricity depth=4 seed=0 eval=test lookahead=3 n_fit=31717 n_eval=9063 raw_features=14 solver=msplit msplit_variant=rush_dp z_cols=14 backend=cpp
[2026-03-16T18:13:06-04:00] [stage] heartbeat stage=msplit_fit elapsed_sec=5880.4 dataset=electricity depth=4 seed=0 eval=test lookahead=3 n_fit=31717 n_eval=9063 raw_features=14 solver=msplit msplit_variant=rush_dp z_cols=14 backend=cpp
[2026-03-16T18:13:36-04:00] [stage] heartbeat stage=msplit_fit elapsed_sec=5910.4 dataset=electricity depth=4 seed=0 eval=test lookahead=3 n_fit=31717 n_eval=9063 raw_features=14 solver=msplit msplit_variant=rush_dp z_cols=14 backend=cpp
[2026-03-16T18:14:06-04:00] [stage] heartbeat stage=msplit_fit elapsed_sec=5940.4 dataset=electricity depth=4 seed=0 eval=test lookahead=3 n_fit=31717 n_eval=9063 raw_features=14 solver=msplit msplit_variant=rush_dp z_cols=14 backend=cpp
[2026-03-16T18:14:36-04:00] [stage] heartbeat stage=msplit_fit elapsed_sec=5970.4 dataset=electricity depth=4 seed=0 eval=test lookahead=3 n_fit=31717 n_eval=9063 raw_features=14 solver=msplit msplit_variant=rush_dp z_cols=14 backend=cpp
[2026-03-16T18:15:06-04:00] [stage] heartbeat stage=msplit_fit elapsed_sec=6000.4 dataset=electricity depth=4 seed=0 eval=test lookahead=3 n_fit=31717 n_eval=9063 raw_features=14 solver=msplit msplit_variant=rush_dp z_cols=14 backend=cpp
[2026-03-16T18:15:36-04:00] [stage] heartbeat stage=msplit_fit elapsed_sec=6030.4 dataset=electricity depth=4 seed=0 eval=test lookahead=3 n_fit=31717 n_eval=9063 raw_features=14 solver=msplit msplit_variant=rush_dp z_cols=14 backend=cpp
[2026-03-16T18:16:06-04:00] [stage] heartbeat stage=msplit_fit elapsed_sec=6060.4 dataset=electricity depth=4 seed=0 eval=test lookahead=3 n_fit=31717 n_eval=9063 raw_features=14 solver=msplit msplit_variant=rush_dp z_cols=14 backend=cpp
[2026-03-16T18:16:36-04:00] [stage] heartbeat stage=msplit_fit elapsed_sec=6090.4 dataset=electricity depth=4 seed=0 eval=test lookahead=3 n_fit=31717 n_eval=9063 raw_features=14 solver=msplit msplit_variant=rush_dp z_cols=14 backend=cpp
[2026-03-16T18:17:07-04:00] [stage] heartbeat stage=msplit_fit elapsed_sec=6120.4 dataset=electricity depth=4 seed=0 eval=test lookahead=3 n_fit=31717 n_eval=9063 raw_features=14 solver=msplit msplit_variant=rush_dp z_cols=14 backend=cpp
[2026-03-16T18:17:37-04:00] [stage] heartbeat stage=msplit_fit elapsed_sec=6150.4 dataset=electricity depth=4 seed=0 eval=test lookahead=3 n_fit=31717 n_eval=9063 raw_features=14 solver=msplit msplit_variant=rush_dp z_cols=14 backend=cpp
[2026-03-16T18:18:07-04:00] [stage] heartbeat stage=msplit_fit elapsed_sec=6180.4 dataset=electricity depth=4 seed=0 eval=test lookahead=3 n_fit=31717 n_eval=9063 raw_features=14 solver=msplit msplit_variant=rush_dp z_cols=14 backend=cpp
[2026-03-16T18:18:37-04:00] [stage] heartbeat stage=msplit_fit elapsed_sec=6210.4 dataset=electricity depth=4 seed=0 eval=test lookahead=3 n_fit=31717 n_eval=9063 raw_features=14 solver=msplit msplit_variant=rush_dp z_cols=14 backend=cpp
[2026-03-16T18:19:07-04:00] [stage] heartbeat stage=msplit_fit elapsed_sec=6240.4 dataset=electricity depth=4 seed=0 eval=test lookahead=3 n_fit=31717 n_eval=9063 raw_features=14 solver=msplit msplit_variant=rush_dp z_cols=14 backend=cpp
[2026-03-16T18:19:37-04:00] [stage] heartbeat stage=msplit_fit elapsed_sec=6270.4 dataset=electricity depth=4 seed=0 eval=test lookahead=3 n_fit=31717 n_eval=9063 raw_features=14 solver=msplit msplit_variant=rush_dp z_cols=14 backend=cpp
[2026-03-16T18:20:07-04:00] [stage] heartbeat stage=msplit_fit elapsed_sec=6300.4 dataset=electricity depth=4 seed=0 eval=test lookahead=3 n_fit=31717 n_eval=9063 raw_features=14 solver=msplit msplit_variant=rush_dp z_cols=14 backend=cpp
[2026-03-16T18:20:37-04:00] [stage] heartbeat stage=msplit_fit elapsed_sec=6330.4 dataset=electricity depth=4 seed=0 eval=test lookahead=3 n_fit=31717 n_eval=9063 raw_features=14 solver=msplit msplit_variant=rush_dp z_cols=14 backend=cpp
[2026-03-16T18:21:07-04:00] [stage] heartbeat stage=msplit_fit elapsed_sec=6360.4 dataset=electricity depth=4 seed=0 eval=test lookahead=3 n_fit=31717 n_eval=9063 raw_features=14 solver=msplit msplit_variant=rush_dp z_cols=14 backend=cpp
[2026-03-16T18:21:37-04:00] [stage] heartbeat stage=msplit_fit elapsed_sec=6390.4 dataset=electricity depth=4 seed=0 eval=test lookahead=3 n_fit=31717 n_eval=9063 raw_features=14 solver=msplit msplit_variant=rush_dp z_cols=14 backend=cpp
[2026-03-16T18:22:07-04:00] [stage] heartbeat stage=msplit_fit elapsed_sec=6420.4 dataset=electricity depth=4 seed=0 eval=test lookahead=3 n_fit=31717 n_eval=9063 raw_features=14 solver=msplit msplit_variant=rush_dp z_cols=14 backend=cpp
[2026-03-16T18:22:37-04:00] [stage] heartbeat stage=msplit_fit elapsed_sec=6450.4 dataset=electricity depth=4 seed=0 eval=test lookahead=3 n_fit=31717 n_eval=9063 raw_features=14 solver=msplit msplit_variant=rush_dp z_cols=14 backend=cpp
[2026-03-16T18:23:07-04:00] [stage] heartbeat stage=msplit_fit elapsed_sec=6480.4 dataset=electricity depth=4 seed=0 eval=test lookahead=3 n_fit=31717 n_eval=9063 raw_features=14 solver=msplit msplit_variant=rush_dp z_cols=14 backend=cpp
[2026-03-16T18:23:37-04:00] [stage] heartbeat stage=msplit_fit elapsed_sec=6510.4 dataset=electricity depth=4 seed=0 eval=test lookahead=3 n_fit=31717 n_eval=9063 raw_features=14 solver=msplit msplit_variant=rush_dp z_cols=14 backend=cpp
[2026-03-16T18:24:07-04:00] [stage] heartbeat stage=msplit_fit elapsed_sec=6540.4 dataset=electricity depth=4 seed=0 eval=test lookahead=3 n_fit=31717 n_eval=9063 raw_features=14 solver=msplit msplit_variant=rush_dp z_cols=14 backend=cpp
[2026-03-16T18:24:37-04:00] [stage] heartbeat stage=msplit_fit elapsed_sec=6570.4 dataset=electricity depth=4 seed=0 eval=test lookahead=3 n_fit=31717 n_eval=9063 raw_features=14 solver=msplit msplit_variant=rush_dp z_cols=14 backend=cpp
[2026-03-16T18:25:07-04:00] [stage] heartbeat stage=msplit_fit elapsed_sec=6600.4 dataset=electricity depth=4 seed=0 eval=test lookahead=3 n_fit=31717 n_eval=9063 raw_features=14 solver=msplit msplit_variant=rush_dp z_cols=14 backend=cpp
[2026-03-16T18:25:37-04:00] [stage] heartbeat stage=msplit_fit elapsed_sec=6630.4 dataset=electricity depth=4 seed=0 eval=test lookahead=3 n_fit=31717 n_eval=9063 raw_features=14 solver=msplit msplit_variant=rush_dp z_cols=14 backend=cpp
[2026-03-16T18:26:07-04:00] [stage] heartbeat stage=msplit_fit elapsed_sec=6660.4 dataset=electricity depth=4 seed=0 eval=test lookahead=3 n_fit=31717 n_eval=9063 raw_features=14 solver=msplit msplit_variant=rush_dp z_cols=14 backend=cpp
[2026-03-16T18:26:37-04:00] [stage] heartbeat stage=msplit_fit elapsed_sec=6690.4 dataset=electricity depth=4 seed=0 eval=test lookahead=3 n_fit=31717 n_eval=9063 raw_features=14 solver=msplit msplit_variant=rush_dp z_cols=14 backend=cpp
[2026-03-16T18:27:07-04:00] [stage] heartbeat stage=msplit_fit elapsed_sec=6720.4 dataset=electricity depth=4 seed=0 eval=test lookahead=3 n_fit=31717 n_eval=9063 raw_features=14 solver=msplit msplit_variant=rush_dp z_cols=14 backend=cpp
[2026-03-16T18:27:37-04:00] [stage] heartbeat stage=msplit_fit elapsed_sec=6750.4 dataset=electricity depth=4 seed=0 eval=test lookahead=3 n_fit=31717 n_eval=9063 raw_features=14 solver=msplit msplit_variant=rush_dp z_cols=14 backend=cpp
[2026-03-16T18:28:07-04:00] [stage] heartbeat stage=msplit_fit elapsed_sec=6780.4 dataset=electricity depth=4 seed=0 eval=test lookahead=3 n_fit=31717 n_eval=9063 raw_features=14 solver=msplit msplit_variant=rush_dp z_cols=14 backend=cpp
[2026-03-16T18:28:37-04:00] [stage] heartbeat stage=msplit_fit elapsed_sec=6810.4 dataset=electricity depth=4 seed=0 eval=test lookahead=3 n_fit=31717 n_eval=9063 raw_features=14 solver=msplit msplit_variant=rush_dp z_cols=14 backend=cpp
[2026-03-16T18:29:07-04:00] [stage] heartbeat stage=msplit_fit elapsed_sec=6840.5 dataset=electricity depth=4 seed=0 eval=test lookahead=3 n_fit=31717 n_eval=9063 raw_features=14 solver=msplit msplit_variant=rush_dp z_cols=14 backend=cpp
[2026-03-16T18:29:37-04:00] [stage] heartbeat stage=msplit_fit elapsed_sec=6870.5 dataset=electricity depth=4 seed=0 eval=test lookahead=3 n_fit=31717 n_eval=9063 raw_features=14 solver=msplit msplit_variant=rush_dp z_cols=14 backend=cpp
[2026-03-16T18:30:07-04:00] [stage] heartbeat stage=msplit_fit elapsed_sec=6900.5 dataset=electricity depth=4 seed=0 eval=test lookahead=3 n_fit=31717 n_eval=9063 raw_features=14 solver=msplit msplit_variant=rush_dp z_cols=14 backend=cpp
[2026-03-16T18:30:37-04:00] [stage] heartbeat stage=msplit_fit elapsed_sec=6930.5 dataset=electricity depth=4 seed=0 eval=test lookahead=3 n_fit=31717 n_eval=9063 raw_features=14 solver=msplit msplit_variant=rush_dp z_cols=14 backend=cpp
[2026-03-16T18:31:07-04:00] [stage] heartbeat stage=msplit_fit elapsed_sec=6960.5 dataset=electricity depth=4 seed=0 eval=test lookahead=3 n_fit=31717 n_eval=9063 raw_features=14 solver=msplit msplit_variant=rush_dp z_cols=14 backend=cpp
[2026-03-16T18:31:37-04:00] [stage] heartbeat stage=msplit_fit elapsed_sec=6990.5 dataset=electricity depth=4 seed=0 eval=test lookahead=3 n_fit=31717 n_eval=9063 raw_features=14 solver=msplit msplit_variant=rush_dp z_cols=14 backend=cpp
[2026-03-16T18:32:07-04:00] [stage] heartbeat stage=msplit_fit elapsed_sec=7020.5 dataset=electricity depth=4 seed=0 eval=test lookahead=3 n_fit=31717 n_eval=9063 raw_features=14 solver=msplit msplit_variant=rush_dp z_cols=14 backend=cpp
[2026-03-16T18:32:37-04:00] [stage] heartbeat stage=msplit_fit elapsed_sec=7050.5 dataset=electricity depth=4 seed=0 eval=test lookahead=3 n_fit=31717 n_eval=9063 raw_features=14 solver=msplit msplit_variant=rush_dp z_cols=14 backend=cpp
[2026-03-16T18:33:07-04:00] [stage] heartbeat stage=msplit_fit elapsed_sec=7080.5 dataset=electricity depth=4 seed=0 eval=test lookahead=3 n_fit=31717 n_eval=9063 raw_features=14 solver=msplit msplit_variant=rush_dp z_cols=14 backend=cpp
[2026-03-16T18:33:37-04:00] [stage] heartbeat stage=msplit_fit elapsed_sec=7110.5 dataset=electricity depth=4 seed=0 eval=test lookahead=3 n_fit=31717 n_eval=9063 raw_features=14 solver=msplit msplit_variant=rush_dp z_cols=14 backend=cpp
[2026-03-16T18:34:07-04:00] [stage] heartbeat stage=msplit_fit elapsed_sec=7140.5 dataset=electricity depth=4 seed=0 eval=test lookahead=3 n_fit=31717 n_eval=9063 raw_features=14 solver=msplit msplit_variant=rush_dp z_cols=14 backend=cpp
[2026-03-16T18:34:37-04:00] [stage] heartbeat stage=msplit_fit elapsed_sec=7170.5 dataset=electricity depth=4 seed=0 eval=test lookahead=3 n_fit=31717 n_eval=9063 raw_features=14 solver=msplit msplit_variant=rush_dp z_cols=14 backend=cpp
[2026-03-16T18:35:07-04:00] [stage] heartbeat stage=msplit_fit elapsed_sec=7200.5 dataset=electricity depth=4 seed=0 eval=test lookahead=3 n_fit=31717 n_eval=9063 raw_features=14 solver=msplit msplit_variant=rush_dp z_cols=14 backend=cpp
[2026-03-16T18:35:37-04:00] [stage] heartbeat stage=msplit_fit elapsed_sec=7230.5 dataset=electricity depth=4 seed=0 eval=test lookahead=3 n_fit=31717 n_eval=9063 raw_features=14 solver=msplit msplit_variant=rush_dp z_cols=14 backend=cpp
[2026-03-16T18:36:07-04:00] [stage] heartbeat stage=msplit_fit elapsed_sec=7260.5 dataset=electricity depth=4 seed=0 eval=test lookahead=3 n_fit=31717 n_eval=9063 raw_features=14 solver=msplit msplit_variant=rush_dp z_cols=14 backend=cpp
[2026-03-16T18:36:37-04:00] [stage] heartbeat stage=msplit_fit elapsed_sec=7290.5 dataset=electricity depth=4 seed=0 eval=test lookahead=3 n_fit=31717 n_eval=9063 raw_features=14 solver=msplit msplit_variant=rush_dp z_cols=14 backend=cpp
[2026-03-16T18:37:07-04:00] [stage] heartbeat stage=msplit_fit elapsed_sec=7320.5 dataset=electricity depth=4 seed=0 eval=test lookahead=3 n_fit=31717 n_eval=9063 raw_features=14 solver=msplit msplit_variant=rush_dp z_cols=14 backend=cpp
[2026-03-16T18:37:37-04:00] [stage] heartbeat stage=msplit_fit elapsed_sec=7350.5 dataset=electricity depth=4 seed=0 eval=test lookahead=3 n_fit=31717 n_eval=9063 raw_features=14 solver=msplit msplit_variant=rush_dp z_cols=14 backend=cpp
[2026-03-16T18:38:07-04:00] [stage] heartbeat stage=msplit_fit elapsed_sec=7380.5 dataset=electricity depth=4 seed=0 eval=test lookahead=3 n_fit=31717 n_eval=9063 raw_features=14 solver=msplit msplit_variant=rush_dp z_cols=14 backend=cpp
[2026-03-16T18:38:37-04:00] [stage] heartbeat stage=msplit_fit elapsed_sec=7410.5 dataset=electricity depth=4 seed=0 eval=test lookahead=3 n_fit=31717 n_eval=9063 raw_features=14 solver=msplit msplit_variant=rush_dp z_cols=14 backend=cpp
[2026-03-16T18:39:07-04:00] [stage] heartbeat stage=msplit_fit elapsed_sec=7440.5 dataset=electricity depth=4 seed=0 eval=test lookahead=3 n_fit=31717 n_eval=9063 raw_features=14 solver=msplit msplit_variant=rush_dp z_cols=14 backend=cpp
[2026-03-16T18:39:37-04:00] [stage] heartbeat stage=msplit_fit elapsed_sec=7470.5 dataset=electricity depth=4 seed=0 eval=test lookahead=3 n_fit=31717 n_eval=9063 raw_features=14 solver=msplit msplit_variant=rush_dp z_cols=14 backend=cpp
[2026-03-16T18:40:07-04:00] [stage] heartbeat stage=msplit_fit elapsed_sec=7500.5 dataset=electricity depth=4 seed=0 eval=test lookahead=3 n_fit=31717 n_eval=9063 raw_features=14 solver=msplit msplit_variant=rush_dp z_cols=14 backend=cpp
[2026-03-16T18:40:37-04:00] [stage] heartbeat stage=msplit_fit elapsed_sec=7530.5 dataset=electricity depth=4 seed=0 eval=test lookahead=3 n_fit=31717 n_eval=9063 raw_features=14 solver=msplit msplit_variant=rush_dp z_cols=14 backend=cpp
[2026-03-16T18:41:07-04:00] [stage] heartbeat stage=msplit_fit elapsed_sec=7560.5 dataset=electricity depth=4 seed=0 eval=test lookahead=3 n_fit=31717 n_eval=9063 raw_features=14 solver=msplit msplit_variant=rush_dp z_cols=14 backend=cpp
[2026-03-16T18:41:37-04:00] [stage] heartbeat stage=msplit_fit elapsed_sec=7590.5 dataset=electricity depth=4 seed=0 eval=test lookahead=3 n_fit=31717 n_eval=9063 raw_features=14 solver=msplit msplit_variant=rush_dp z_cols=14 backend=cpp
[2026-03-16T18:42:07-04:00] [stage] heartbeat stage=msplit_fit elapsed_sec=7620.5 dataset=electricity depth=4 seed=0 eval=test lookahead=3 n_fit=31717 n_eval=9063 raw_features=14 solver=msplit msplit_variant=rush_dp z_cols=14 backend=cpp
[2026-03-16T18:42:37-04:00] [stage] heartbeat stage=msplit_fit elapsed_sec=7650.5 dataset=electricity depth=4 seed=0 eval=test lookahead=3 n_fit=31717 n_eval=9063 raw_features=14 solver=msplit msplit_variant=rush_dp z_cols=14 backend=cpp
[2026-03-16T18:43:07-04:00] [stage] heartbeat stage=msplit_fit elapsed_sec=7680.5 dataset=electricity depth=4 seed=0 eval=test lookahead=3 n_fit=31717 n_eval=9063 raw_features=14 solver=msplit msplit_variant=rush_dp z_cols=14 backend=cpp
[2026-03-16T18:43:37-04:00] [stage] heartbeat stage=msplit_fit elapsed_sec=7710.5 dataset=electricity depth=4 seed=0 eval=test lookahead=3 n_fit=31717 n_eval=9063 raw_features=14 solver=msplit msplit_variant=rush_dp z_cols=14 backend=cpp
[2026-03-16T18:44:07-04:00] [stage] heartbeat stage=msplit_fit elapsed_sec=7740.5 dataset=electricity depth=4 seed=0 eval=test lookahead=3 n_fit=31717 n_eval=9063 raw_features=14 solver=msplit msplit_variant=rush_dp z_cols=14 backend=cpp
[2026-03-16T18:44:37-04:00] [stage] heartbeat stage=msplit_fit elapsed_sec=7770.5 dataset=electricity depth=4 seed=0 eval=test lookahead=3 n_fit=31717 n_eval=9063 raw_features=14 solver=msplit msplit_variant=rush_dp z_cols=14 backend=cpp
[2026-03-16T18:45:07-04:00] [stage] heartbeat stage=msplit_fit elapsed_sec=7800.5 dataset=electricity depth=4 seed=0 eval=test lookahead=3 n_fit=31717 n_eval=9063 raw_features=14 solver=msplit msplit_variant=rush_dp z_cols=14 backend=cpp
[2026-03-16T18:45:37-04:00] [stage] heartbeat stage=msplit_fit elapsed_sec=7830.5 dataset=electricity depth=4 seed=0 eval=test lookahead=3 n_fit=31717 n_eval=9063 raw_features=14 solver=msplit msplit_variant=rush_dp z_cols=14 backend=cpp
[2026-03-16T18:46:07-04:00] [stage] heartbeat stage=msplit_fit elapsed_sec=7860.5 dataset=electricity depth=4 seed=0 eval=test lookahead=3 n_fit=31717 n_eval=9063 raw_features=14 solver=msplit msplit_variant=rush_dp z_cols=14 backend=cpp
[2026-03-16T18:46:37-04:00] [stage] heartbeat stage=msplit_fit elapsed_sec=7890.5 dataset=electricity depth=4 seed=0 eval=test lookahead=3 n_fit=31717 n_eval=9063 raw_features=14 solver=msplit msplit_variant=rush_dp z_cols=14 backend=cpp
[2026-03-16T18:47:07-04:00] [stage] heartbeat stage=msplit_fit elapsed_sec=7920.5 dataset=electricity depth=4 seed=0 eval=test lookahead=3 n_fit=31717 n_eval=9063 raw_features=14 solver=msplit msplit_variant=rush_dp z_cols=14 backend=cpp
[2026-03-16T18:47:37-04:00] [stage] heartbeat stage=msplit_fit elapsed_sec=7950.5 dataset=electricity depth=4 seed=0 eval=test lookahead=3 n_fit=31717 n_eval=9063 raw_features=14 solver=msplit msplit_variant=rush_dp z_cols=14 backend=cpp
[2026-03-16T18:48:07-04:00] [stage] heartbeat stage=msplit_fit elapsed_sec=7980.5 dataset=electricity depth=4 seed=0 eval=test lookahead=3 n_fit=31717 n_eval=9063 raw_features=14 solver=msplit msplit_variant=rush_dp z_cols=14 backend=cpp
[2026-03-16T18:48:37-04:00] [stage] heartbeat stage=msplit_fit elapsed_sec=8010.5 dataset=electricity depth=4 seed=0 eval=test lookahead=3 n_fit=31717 n_eval=9063 raw_features=14 solver=msplit msplit_variant=rush_dp z_cols=14 backend=cpp
[2026-03-16T18:49:07-04:00] [stage] heartbeat stage=msplit_fit elapsed_sec=8040.5 dataset=electricity depth=4 seed=0 eval=test lookahead=3 n_fit=31717 n_eval=9063 raw_features=14 solver=msplit msplit_variant=rush_dp z_cols=14 backend=cpp
[2026-03-16T18:49:37-04:00] [stage] heartbeat stage=msplit_fit elapsed_sec=8070.5 dataset=electricity depth=4 seed=0 eval=test lookahead=3 n_fit=31717 n_eval=9063 raw_features=14 solver=msplit msplit_variant=rush_dp z_cols=14 backend=cpp
[2026-03-16T18:50:07-04:00] [stage] heartbeat stage=msplit_fit elapsed_sec=8100.5 dataset=electricity depth=4 seed=0 eval=test lookahead=3 n_fit=31717 n_eval=9063 raw_features=14 solver=msplit msplit_variant=rush_dp z_cols=14 backend=cpp
[2026-03-16T18:50:37-04:00] [stage] heartbeat stage=msplit_fit elapsed_sec=8130.5 dataset=electricity depth=4 seed=0 eval=test lookahead=3 n_fit=31717 n_eval=9063 raw_features=14 solver=msplit msplit_variant=rush_dp z_cols=14 backend=cpp
[2026-03-16T18:51:07-04:00] [stage] heartbeat stage=msplit_fit elapsed_sec=8160.5 dataset=electricity depth=4 seed=0 eval=test lookahead=3 n_fit=31717 n_eval=9063 raw_features=14 solver=msplit msplit_variant=rush_dp z_cols=14 backend=cpp
[2026-03-16T18:51:37-04:00] [stage] heartbeat stage=msplit_fit elapsed_sec=8190.5 dataset=electricity depth=4 seed=0 eval=test lookahead=3 n_fit=31717 n_eval=9063 raw_features=14 solver=msplit msplit_variant=rush_dp z_cols=14 backend=cpp
[2026-03-16T18:52:07-04:00] [stage] heartbeat stage=msplit_fit elapsed_sec=8220.6 dataset=electricity depth=4 seed=0 eval=test lookahead=3 n_fit=31717 n_eval=9063 raw_features=14 solver=msplit msplit_variant=rush_dp z_cols=14 backend=cpp
[2026-03-16T18:52:37-04:00] [stage] heartbeat stage=msplit_fit elapsed_sec=8250.6 dataset=electricity depth=4 seed=0 eval=test lookahead=3 n_fit=31717 n_eval=9063 raw_features=14 solver=msplit msplit_variant=rush_dp z_cols=14 backend=cpp
[2026-03-16T18:53:07-04:00] [stage] heartbeat stage=msplit_fit elapsed_sec=8280.6 dataset=electricity depth=4 seed=0 eval=test lookahead=3 n_fit=31717 n_eval=9063 raw_features=14 solver=msplit msplit_variant=rush_dp z_cols=14 backend=cpp
[2026-03-16T18:53:37-04:00] [stage] heartbeat stage=msplit_fit elapsed_sec=8310.6 dataset=electricity depth=4 seed=0 eval=test lookahead=3 n_fit=31717 n_eval=9063 raw_features=14 solver=msplit msplit_variant=rush_dp z_cols=14 backend=cpp
[2026-03-16T18:54:07-04:00] [stage] heartbeat stage=msplit_fit elapsed_sec=8340.6 dataset=electricity depth=4 seed=0 eval=test lookahead=3 n_fit=31717 n_eval=9063 raw_features=14 solver=msplit msplit_variant=rush_dp z_cols=14 backend=cpp
[2026-03-16T18:54:37-04:00] [stage] heartbeat stage=msplit_fit elapsed_sec=8370.6 dataset=electricity depth=4 seed=0 eval=test lookahead=3 n_fit=31717 n_eval=9063 raw_features=14 solver=msplit msplit_variant=rush_dp z_cols=14 backend=cpp
[2026-03-16T18:55:07-04:00] [stage] heartbeat stage=msplit_fit elapsed_sec=8400.6 dataset=electricity depth=4 seed=0 eval=test lookahead=3 n_fit=31717 n_eval=9063 raw_features=14 solver=msplit msplit_variant=rush_dp z_cols=14 backend=cpp
[2026-03-16T18:55:37-04:00] [stage] heartbeat stage=msplit_fit elapsed_sec=8430.6 dataset=electricity depth=4 seed=0 eval=test lookahead=3 n_fit=31717 n_eval=9063 raw_features=14 solver=msplit msplit_variant=rush_dp z_cols=14 backend=cpp
[2026-03-16T18:56:07-04:00] [stage] heartbeat stage=msplit_fit elapsed_sec=8460.6 dataset=electricity depth=4 seed=0 eval=test lookahead=3 n_fit=31717 n_eval=9063 raw_features=14 solver=msplit msplit_variant=rush_dp z_cols=14 backend=cpp
[2026-03-16T18:56:37-04:00] [stage] heartbeat stage=msplit_fit elapsed_sec=8490.6 dataset=electricity depth=4 seed=0 eval=test lookahead=3 n_fit=31717 n_eval=9063 raw_features=14 solver=msplit msplit_variant=rush_dp z_cols=14 backend=cpp
[2026-03-16T18:57:07-04:00] [stage] heartbeat stage=msplit_fit elapsed_sec=8520.6 dataset=electricity depth=4 seed=0 eval=test lookahead=3 n_fit=31717 n_eval=9063 raw_features=14 solver=msplit msplit_variant=rush_dp z_cols=14 backend=cpp
[2026-03-16T18:57:37-04:00] [stage] heartbeat stage=msplit_fit elapsed_sec=8550.6 dataset=electricity depth=4 seed=0 eval=test lookahead=3 n_fit=31717 n_eval=9063 raw_features=14 solver=msplit msplit_variant=rush_dp z_cols=14 backend=cpp
[2026-03-16T18:58:07-04:00] [stage] heartbeat stage=msplit_fit elapsed_sec=8580.6 dataset=electricity depth=4 seed=0 eval=test lookahead=3 n_fit=31717 n_eval=9063 raw_features=14 solver=msplit msplit_variant=rush_dp z_cols=14 backend=cpp
[2026-03-16T18:58:37-04:00] [stage] heartbeat stage=msplit_fit elapsed_sec=8610.6 dataset=electricity depth=4 seed=0 eval=test lookahead=3 n_fit=31717 n_eval=9063 raw_features=14 solver=msplit msplit_variant=rush_dp z_cols=14 backend=cpp
[2026-03-16T18:59:07-04:00] [stage] heartbeat stage=msplit_fit elapsed_sec=8640.6 dataset=electricity depth=4 seed=0 eval=test lookahead=3 n_fit=31717 n_eval=9063 raw_features=14 solver=msplit msplit_variant=rush_dp z_cols=14 backend=cpp
[2026-03-16T18:59:37-04:00] [stage] heartbeat stage=msplit_fit elapsed_sec=8670.6 dataset=electricity depth=4 seed=0 eval=test lookahead=3 n_fit=31717 n_eval=9063 raw_features=14 solver=msplit msplit_variant=rush_dp z_cols=14 backend=cpp
