Job started on compsci-cluster-fitz-45 at Sun Feb 22 05:36:00 PM EST 2026
CPU settings: total_cpus=64, parallel_trials=64, threads_per_trial=1, split_threads=1, lgb_threads=1, xgb_threads=2
Optuna settings: enable=1, trials=10, val_size=0.2, seed=0, timeout_sec=0, warmstart_enable=1, warmstart_root=results, warmstart_max=8, seed_candidates=4, cpu_target=0.94, max_active_studies=0, max_concurrent_trials=0
LightGBM binning backend: device=gpu, gpu_platform=0, gpu_device=0, gpu_fallback=0, max_gpu_jobs=1, gpu_lock_dir=/tmp/msdt_lgb_gpu_lock, binning_max_bins=12, ensemble_runs=3, ensemble_feature_fraction=0.8, ensemble_bagging_fraction=0.8, ensemble_bagging_freq=1, threshold_dedup_eps=1e-9
Dataset runtime mode (all features): datasets=['electricity', 'eye-movements', 'eye-state'], B_sweep=[32, 64, 128, 256, 512, 1024], trials_per_B=50, m=5, lambda=0.01, max_branch_n=6, delta=0.2, ub_best=inf, dataset_binning=lightgbm, solvers=['baseline', 'candidate', 'linear_fallback', 'pelt_parity'], metric_validity=common, workers=64

[electricity] shape=45312x8 label_mode=binary classes=2 pos_label=UP pos=19237 neg=26075
  B=  32 | B_eff_mean=28.9 [7, 32]
    runtime_ms_total_features: baseline=12.54ms, candidate=0.5793ms, linear_fallback=2.382ms, pelt_parity=6.324ms
    speedup_vs_baseline: candidate=21.64x, linear_fallback=5.262x, pelt_parity=1.982x
    acc_gap_vs_baseline_pairmean: candidate=0, linear_fallback=0, pelt_parity=0
    accuracy_mean: baseline=0.75501, candidate=0.75501, linear_fallback=0.75501, pelt_parity=0.75501
    coverage: shared_valid=50/50, n_features=8, workers=32
  B=  64 | B_eff_mean=54.9 [7, 64]
    runtime_ms_total_features: baseline=68.37ms, candidate=1.819ms, linear_fallback=7.423ms, pelt_parity=25.45ms
    speedup_vs_baseline: candidate=37.58x, linear_fallback=9.211x, pelt_parity=2.687x
    acc_gap_vs_baseline_pairmean: candidate=0, linear_fallback=0, pelt_parity=0
    accuracy_mean: baseline=0.75689, candidate=0.75689, linear_fallback=0.75689, pelt_parity=0.75689
    coverage: shared_valid=50/50, n_features=8, workers=32
  B= 128 | B_eff_mean=103 [7, 128]
    runtime_ms_total_features: baseline=225.2ms, candidate=7.346ms, linear_fallback=12.11ms, pelt_parity=67.39ms
    speedup_vs_baseline: candidate=30.65x, linear_fallback=18.59x, pelt_parity=3.342x
    acc_gap_vs_baseline_pairmean: candidate=0, linear_fallback=0, pelt_parity=0
    accuracy_mean: baseline=0.75689, candidate=0.75689, linear_fallback=0.75689, pelt_parity=0.75689
    coverage: shared_valid=50/50, n_features=8, workers=32
  B= 256 | B_eff_mean=199 [7, 256]
    runtime_ms_total_features: baseline=nanms, candidate=nanms, linear_fallback=nanms, pelt_parity=nanms
    speedup_vs_baseline: candidate=nanx, linear_fallback=nanx, pelt_parity=nanx
    acc_gap_vs_baseline_pairmean: candidate=nan, linear_fallback=nan, pelt_parity=nan
    accuracy_mean: baseline=nan, candidate=nan, linear_fallback=nan, pelt_parity=nan
    coverage: shared_valid=0/50, n_features=8, workers=32
  B= 512 | B_eff_mean=391 [7, 512]
    runtime_ms_total_features: baseline=nanms, candidate=nanms, linear_fallback=nanms, pelt_parity=nanms
    speedup_vs_baseline: candidate=nanx, linear_fallback=nanx, pelt_parity=nanx
    acc_gap_vs_baseline_pairmean: candidate=nan, linear_fallback=nan, pelt_parity=nan
    accuracy_mean: baseline=nan, candidate=nan, linear_fallback=nan, pelt_parity=nan
    coverage: shared_valid=0/50, n_features=8, workers=32
  B=1024 | B_eff_mean=762 [7, 1024]
    runtime_ms_total_features: baseline=nanms, candidate=nanms, linear_fallback=nanms, pelt_parity=nanms
    speedup_vs_baseline: candidate=nanx, linear_fallback=nanx, pelt_parity=nanx
    acc_gap_vs_baseline_pairmean: candidate=nan, linear_fallback=nan, pelt_parity=nan
    accuracy_mean: baseline=nan, candidate=nan, linear_fallback=nan, pelt_parity=nan
    coverage: shared_valid=0/50, n_features=8, workers=32

[eye-movements] shape=7608x23 label_mode=binary classes=2 pos_label=1 pos=3804 neg=3804
  B=  32 | B_eff_mean=26.3 [2, 32]
    runtime_ms_total_features: baseline=47.93ms, candidate=12.12ms, linear_fallback=8.038ms, pelt_parity=11.92ms
    speedup_vs_baseline: candidate=3.955x, linear_fallback=5.964x, pelt_parity=4.021x
    acc_gap_vs_baseline_pairmean: candidate=0, linear_fallback=0, pelt_parity=0
    accuracy_mean: baseline=0.56506, candidate=0.56506, linear_fallback=0.56506, pelt_parity=0.56506
    coverage: shared_valid=50/50, n_features=23, workers=64
  B=  64 | B_eff_mean=50.7 [2, 64]
    runtime_ms_total_features: baseline=175ms, candidate=50.71ms, linear_fallback=18.03ms, pelt_parity=23.29ms
    speedup_vs_baseline: candidate=3.45x, linear_fallback=9.706x, pelt_parity=7.511x
    acc_gap_vs_baseline_pairmean: candidate=0, linear_fallback=0, pelt_parity=0
    accuracy_mean: baseline=0.56506, candidate=0.56506, linear_fallback=0.56506, pelt_parity=0.56506
    coverage: shared_valid=50/50, n_features=23, workers=64
  B= 128 | B_eff_mean=88.4 [2, 128]
    runtime_ms_total_features: baseline=601.3ms, candidate=188.8ms, linear_fallback=33.35ms, pelt_parity=49.08ms
    speedup_vs_baseline: candidate=3.185x, linear_fallback=18.03x, pelt_parity=12.25x
    acc_gap_vs_baseline_pairmean: candidate=0, linear_fallback=0, pelt_parity=0
    accuracy_mean: baseline=0.56506, candidate=0.56506, linear_fallback=0.56506, pelt_parity=0.56506
    coverage: shared_valid=50/50, n_features=23, workers=64
  B= 256 | B_eff_mean=157 [2, 256]
    runtime_ms_total_features: baseline=965.3ms, candidate=385.8ms, linear_fallback=32.07ms, pelt_parity=62.02ms
    speedup_vs_baseline: candidate=2.502x, linear_fallback=30.1x, pelt_parity=15.56x
    acc_gap_vs_baseline_pairmean: candidate=0, linear_fallback=0, pelt_parity=0
    accuracy_mean: baseline=0.56506, candidate=0.56506, linear_fallback=0.56506, pelt_parity=0.56506
    coverage: shared_valid=50/50, n_features=23, workers=64
  B= 512 | B_eff_mean=269 [2, 512]
    runtime_ms_total_features: baseline=2785ms, candidate=848.5ms, linear_fallback=49.05ms, pelt_parity=109.9ms
    speedup_vs_baseline: candidate=3.283x, linear_fallback=56.78x, pelt_parity=25.34x
    acc_gap_vs_baseline_pairmean: candidate=0, linear_fallback=0, pelt_parity=0
    accuracy_mean: baseline=0.56506, candidate=0.56506, linear_fallback=0.56506, pelt_parity=0.56506
    coverage: shared_valid=50/50, n_features=23, workers=64
  B=1024 | B_eff_mean=460 [2, 1024]
    runtime_ms_total_features: baseline=9161ms, candidate=2521ms, linear_fallback=81.62ms, pelt_parity=266.9ms
    speedup_vs_baseline: candidate=3.634x, linear_fallback=112.2x, pelt_parity=34.32x
    acc_gap_vs_baseline_pairmean: candidate=0, linear_fallback=0, pelt_parity=0
    accuracy_mean: baseline=0.56506, candidate=0.56506, linear_fallback=0.56506, pelt_parity=0.56506
    coverage: shared_valid=50/50, n_features=23, workers=64

[eye-state] shape=14980x14 label_mode=binary classes=2 pos_label=2 pos=6723 neg=8257
  B=  32 | B_eff_mean=32 [32, 32]
    runtime_ms_total_features: baseline=32.85ms, candidate=1.632ms, linear_fallback=5.98ms, pelt_parity=16.6ms
    speedup_vs_baseline: candidate=20.14x, linear_fallback=5.494x, pelt_parity=1.979x
    acc_gap_vs_baseline_pairmean: candidate=0, linear_fallback=0, pelt_parity=0
    accuracy_mean: baseline=0.63084, candidate=0.63084, linear_fallback=0.63084, pelt_parity=0.63084
    coverage: shared_valid=50/50, n_features=14, workers=56
  B=  64 | B_eff_mean=64 [64, 64]
    runtime_ms_total_features: baseline=127.6ms, candidate=3.995ms, linear_fallback=11.71ms, pelt_parity=50.69ms
    speedup_vs_baseline: candidate=31.94x, linear_fallback=10.89x, pelt_parity=2.517x
    acc_gap_vs_baseline_pairmean: candidate=0, linear_fallback=0, pelt_parity=0
    accuracy_mean: baseline=0.63358, candidate=0.63358, linear_fallback=0.63358, pelt_parity=0.63358
    coverage: shared_valid=50/50, n_features=14, workers=56
  B= 128 | B_eff_mean=128 [128, 128]
    runtime_ms_total_features: baseline=nanms, candidate=nanms, linear_fallback=nanms, pelt_parity=nanms
    speedup_vs_baseline: candidate=nanx, linear_fallback=nanx, pelt_parity=nanx
    acc_gap_vs_baseline_pairmean: candidate=nan, linear_fallback=nan, pelt_parity=nan
    accuracy_mean: baseline=nan, candidate=nan, linear_fallback=nan, pelt_parity=nan
    coverage: shared_valid=0/50, n_features=14, workers=56
  B= 256 | B_eff_mean=253 [246, 256]
    runtime_ms_total_features: baseline=nanms, candidate=nanms, linear_fallback=nanms, pelt_parity=nanms
    speedup_vs_baseline: candidate=nanx, linear_fallback=nanx, pelt_parity=nanx
    acc_gap_vs_baseline_pairmean: candidate=nan, linear_fallback=nan, pelt_parity=nan
    accuracy_mean: baseline=nan, candidate=nan, linear_fallback=nan, pelt_parity=nan
    coverage: shared_valid=0/50, n_features=14, workers=56
  B= 512 | B_eff_mean=368 [286, 483]
    runtime_ms_total_features: baseline=nanms, candidate=nanms, linear_fallback=nanms, pelt_parity=nanms
    speedup_vs_baseline: candidate=nanx, linear_fallback=nanx, pelt_parity=nanx
    acc_gap_vs_baseline_pairmean: candidate=nan, linear_fallback=nan, pelt_parity=nan
    accuracy_mean: baseline=nan, candidate=nan, linear_fallback=nan, pelt_parity=nan
    coverage: shared_valid=0/50, n_features=14, workers=56
  B=1024 | B_eff_mean=388 [286, 593]
    runtime_ms_total_features: baseline=nanms, candidate=nanms, linear_fallback=nanms, pelt_parity=nanms
    speedup_vs_baseline: candidate=nanx, linear_fallback=nanx, pelt_parity=nanx
    acc_gap_vs_baseline_pairmean: candidate=nan, linear_fallback=nan, pelt_parity=nan
    accuracy_mean: baseline=nan, candidate=nan, linear_fallback=nan, pelt_parity=nan
    coverage: shared_valid=0/50, n_features=14, workers=56

Saved runtime plot: /home/users/yz1075/msdt/runtime_full_comparison.png
Saved B_eff runtime plot: /home/users/yz1075/msdt/runtime_full_comparison_beff.png
Saved accuracy plot: /home/users/yz1075/msdt/runtime_full_comparison_accuracy.png
Saved run profile: /home/users/yz1075/msdt/results/test_strat/.profile_test_strat_20260222_173600_10613496/run_profile.json
Saved time profile: /home/users/yz1075/msdt/results/test_strat/.profile_test_strat_20260222_173600_10613496/run_profile.time.log
Saved command log: /home/users/yz1075/msdt/results/test_strat/.profile_test_strat_20260222_173600_10613496/run_profile.cmd.txt
=== Run Profile Summary ===
wall_time=3:21.51
user_time_sec=1781.21
sys_time_sec=40.40
cpu_utilization=903%
max_rss_kb=567772
max_rss_gb=0.54
Job ended at Sun Feb 22 05:39:21 PM EST 2026
