[ATOMCOLOR-PAIR-PROFILE] phase=start depth=0 rows=31717 features_done=0/14 pairs=0 feasible_pairs=0 exactify_calls=0 exactify_feasible=0 exactify_aborted=0 prep_sec=0.000 family_sec=0.000 bounds_sec=0.000 exactify_sec=0.000 incumbent_f=-1 incumbent_g=-1 incumbent_ub=inf node_lb=inf max_ambiguity=inf pending_pairs=0 elapsed_sec=0.000
[ATOMCOLOR-PAIR-DETAIL] phase=prep_start depth=0 feature=0 rows=31717 atoms=0 groups=0 elapsed_sec=0.000
[ATOMCOLOR-PAIR-DETAIL] phase=prep_done depth=0 feature=0 rows=31717 atoms=0 groups=0 elapsed_sec=0.004
[ATOMCOLOR-PAIR-DETAIL] phase=family_dict_done depth=0 feature=0 rows=31717 atoms=32 groups=0 elapsed_sec=0.010
[ATOMCOLOR-PAIR-DETAIL] phase=family_group_done depth=0 feature=0 rows=31717 atoms=32 groups=2 elapsed_sec=0.001 stage2_skipped=0
[ATOMCOLOR-PAIR-DETAIL] phase=family_group_done depth=0 feature=0 rows=31717 atoms=32 groups=3 elapsed_sec=0.002 stage2_skipped=0
[ATOMCOLOR-PAIR-DETAIL] phase=prep_start depth=0 feature=1 rows=31717 atoms=0 groups=0 elapsed_sec=0.000
[ATOMCOLOR-PAIR-DETAIL] phase=prep_done depth=0 feature=1 rows=31717 atoms=0 groups=0 elapsed_sec=0.003
[ATOMCOLOR-PAIR-DETAIL] phase=family_dict_done depth=0 feature=1 rows=31717 atoms=32 groups=0 elapsed_sec=0.000
[ATOMCOLOR-PAIR-DETAIL] phase=family_group_done depth=0 feature=1 rows=31717 atoms=32 groups=2 elapsed_sec=0.001 stage2_skipped=0
[ATOMCOLOR-PAIR-DETAIL] phase=family_group_done depth=0 feature=1 rows=31717 atoms=32 groups=3 elapsed_sec=0.002 stage2_skipped=0
[ATOMCOLOR-PAIR-DETAIL] phase=prep_start depth=0 feature=2 rows=31717 atoms=0 groups=0 elapsed_sec=0.000
[ATOMCOLOR-PAIR-DETAIL] phase=prep_done depth=0 feature=2 rows=31717 atoms=0 groups=0 elapsed_sec=0.004
[ATOMCOLOR-PAIR-DETAIL] phase=family_dict_done depth=0 feature=2 rows=31717 atoms=32 groups=0 elapsed_sec=0.010
[ATOMCOLOR-PAIR-DETAIL] phase=family_group_done depth=0 feature=2 rows=31717 atoms=32 groups=2 elapsed_sec=0.001 stage2_skipped=0
[ATOMCOLOR-PAIR-DETAIL] phase=family_group_done depth=0 feature=2 rows=31717 atoms=32 groups=3 elapsed_sec=0.003 stage2_skipped=0
[ATOMCOLOR-PAIR-DETAIL] phase=prep_start depth=0 feature=3 rows=31717 atoms=0 groups=0 elapsed_sec=0.000
[ATOMCOLOR-PAIR-DETAIL] phase=prep_done depth=0 feature=3 rows=31717 atoms=0 groups=0 elapsed_sec=0.004
[ATOMCOLOR-PAIR-DETAIL] phase=family_dict_done depth=0 feature=3 rows=31717 atoms=32 groups=0 elapsed_sec=0.010
[ATOMCOLOR-PAIR-DETAIL] phase=family_group_done depth=0 feature=3 rows=31717 atoms=32 groups=2 elapsed_sec=0.001 stage2_skipped=0
[ATOMCOLOR-PAIR-DETAIL] phase=family_group_done depth=0 feature=3 rows=31717 atoms=32 groups=3 elapsed_sec=0.002 stage2_skipped=0
[ATOMCOLOR-PAIR-DETAIL] phase=prep_start depth=0 feature=4 rows=31717 atoms=0 groups=0 elapsed_sec=0.000
[ATOMCOLOR-PAIR-DETAIL] phase=prep_done depth=0 feature=4 rows=31717 atoms=0 groups=0 elapsed_sec=0.003
[ATOMCOLOR-PAIR-DETAIL] phase=family_dict_done depth=0 feature=4 rows=31717 atoms=32 groups=0 elapsed_sec=0.010
[ATOMCOLOR-PAIR-DETAIL] phase=family_group_done depth=0 feature=4 rows=31717 atoms=32 groups=2 elapsed_sec=0.001 stage2_skipped=0
[ATOMCOLOR-PAIR-DETAIL] phase=family_group_done depth=0 feature=4 rows=31717 atoms=32 groups=3 elapsed_sec=0.003 stage2_skipped=0
[ATOMCOLOR-PAIR-DETAIL] phase=prep_start depth=0 feature=5 rows=31717 atoms=0 groups=0 elapsed_sec=0.000
[ATOMCOLOR-PAIR-DETAIL] phase=prep_done depth=0 feature=5 rows=31717 atoms=0 groups=0 elapsed_sec=0.003
[ATOMCOLOR-PAIR-DETAIL] phase=family_dict_done depth=0 feature=5 rows=31717 atoms=32 groups=0 elapsed_sec=0.010
[ATOMCOLOR-PAIR-DETAIL] phase=family_group_done depth=0 feature=5 rows=31717 atoms=32 groups=2 elapsed_sec=0.001 stage2_skipped=0
[ATOMCOLOR-PAIR-DETAIL] phase=family_group_done depth=0 feature=5 rows=31717 atoms=32 groups=3 elapsed_sec=0.002 stage2_skipped=0
[ATOMCOLOR-PAIR-DETAIL] phase=prep_start depth=0 feature=6 rows=31717 atoms=0 groups=0 elapsed_sec=0.000
[ATOMCOLOR-PAIR-DETAIL] phase=prep_done depth=0 feature=6 rows=31717 atoms=0 groups=0 elapsed_sec=0.004
[ATOMCOLOR-PAIR-DETAIL] phase=family_dict_done depth=0 feature=6 rows=31717 atoms=32 groups=0 elapsed_sec=0.010
[ATOMCOLOR-PAIR-DETAIL] phase=family_group_done depth=0 feature=6 rows=31717 atoms=32 groups=2 elapsed_sec=0.001 stage2_skipped=0
[ATOMCOLOR-PAIR-DETAIL] phase=family_group_done depth=0 feature=6 rows=31717 atoms=32 groups=3 elapsed_sec=0.002 stage2_skipped=0
[ATOMCOLOR-PAIR-DETAIL] phase=prep_start depth=0 feature=7 rows=31717 atoms=0 groups=0 elapsed_sec=0.000
[ATOMCOLOR-PAIR-DETAIL] phase=prep_done depth=0 feature=7 rows=31717 atoms=0 groups=0 elapsed_sec=0.003
[ATOMCOLOR-PAIR-DETAIL] phase=family_dict_done depth=0 feature=7 rows=31717 atoms=2 groups=0 elapsed_sec=0.000
[ATOMCOLOR-PAIR-DETAIL] phase=family_group_done depth=0 feature=7 rows=31717 atoms=2 groups=2 elapsed_sec=0.000 stage2_skipped=0
[ATOMCOLOR-PAIR-DETAIL] phase=prep_start depth=0 feature=8 rows=31717 atoms=0 groups=0 elapsed_sec=0.000
[ATOMCOLOR-PAIR-DETAIL] phase=prep_done depth=0 feature=8 rows=31717 atoms=0 groups=0 elapsed_sec=0.003
[ATOMCOLOR-PAIR-DETAIL] phase=family_dict_done depth=0 feature=8 rows=31717 atoms=2 groups=0 elapsed_sec=0.000
[ATOMCOLOR-PAIR-DETAIL] phase=family_group_done depth=0 feature=8 rows=31717 atoms=2 groups=2 elapsed_sec=0.000 stage2_skipped=0
[ATOMCOLOR-PAIR-DETAIL] phase=prep_start depth=0 feature=9 rows=31717 atoms=0 groups=0 elapsed_sec=0.000
[ATOMCOLOR-PAIR-DETAIL] phase=prep_done depth=0 feature=9 rows=31717 atoms=0 groups=0 elapsed_sec=0.003
[ATOMCOLOR-PAIR-DETAIL] phase=family_dict_done depth=0 feature=9 rows=31717 atoms=2 groups=0 elapsed_sec=0.000
[ATOMCOLOR-PAIR-DETAIL] phase=family_group_done depth=0 feature=9 rows=31717 atoms=2 groups=2 elapsed_sec=0.000 stage2_skipped=0
[ATOMCOLOR-PAIR-DETAIL] phase=prep_start depth=0 feature=10 rows=31717 atoms=0 groups=0 elapsed_sec=0.000
[ATOMCOLOR-PAIR-DETAIL] phase=prep_done depth=0 feature=10 rows=31717 atoms=0 groups=0 elapsed_sec=0.003
[ATOMCOLOR-PAIR-DETAIL] phase=family_dict_done depth=0 feature=10 rows=31717 atoms=2 groups=0 elapsed_sec=0.000
[ATOMCOLOR-PAIR-DETAIL] phase=family_group_done depth=0 feature=10 rows=31717 atoms=2 groups=2 elapsed_sec=0.000 stage2_skipped=0
[ATOMCOLOR-PAIR-DETAIL] phase=prep_start depth=0 feature=11 rows=31717 atoms=0 groups=0 elapsed_sec=0.000
[ATOMCOLOR-PAIR-DETAIL] phase=prep_done depth=0 feature=11 rows=31717 atoms=0 groups=0 elapsed_sec=0.003
[ATOMCOLOR-PAIR-DETAIL] phase=family_dict_done depth=0 feature=11 rows=31717 atoms=2 groups=0 elapsed_sec=0.000
[ATOMCOLOR-PAIR-DETAIL] phase=family_group_done depth=0 feature=11 rows=31717 atoms=2 groups=2 elapsed_sec=0.000 stage2_skipped=0
[ATOMCOLOR-PAIR-DETAIL] phase=prep_start depth=0 feature=12 rows=31717 atoms=0 groups=0 elapsed_sec=0.000
[ATOMCOLOR-PAIR-DETAIL] phase=prep_done depth=0 feature=12 rows=31717 atoms=0 groups=0 elapsed_sec=0.003
[ATOMCOLOR-PAIR-DETAIL] phase=family_dict_done depth=0 feature=12 rows=31717 atoms=2 groups=0 elapsed_sec=0.000
[ATOMCOLOR-PAIR-DETAIL] phase=family_group_done depth=0 feature=12 rows=31717 atoms=2 groups=2 elapsed_sec=0.000 stage2_skipped=0
[ATOMCOLOR-PAIR-DETAIL] phase=prep_start depth=0 feature=13 rows=31717 atoms=0 groups=0 elapsed_sec=0.000
[ATOMCOLOR-PAIR-DETAIL] phase=prep_done depth=0 feature=13 rows=31717 atoms=0 groups=0 elapsed_sec=0.003
[ATOMCOLOR-PAIR-DETAIL] phase=family_dict_done depth=0 feature=13 rows=31717 atoms=2 groups=0 elapsed_sec=0.000
[ATOMCOLOR-PAIR-DETAIL] phase=family_group_done depth=0 feature=13 rows=31717 atoms=2 groups=2 elapsed_sec=0.000 stage2_skipped=0
[ATOMCOLOR-PAIR-PROFILE] phase=broad_done depth=0 rows=31717 features_done=14/14 pairs=21 feasible_pairs=21 exactify_calls=0 exactify_feasible=0 exactify_aborted=0 prep_sec=0.047 family_sec=0.088 bounds_sec=0.048 exactify_sec=0.000 incumbent_f=-1 incumbent_g=-1 incumbent_ub=inf node_lb=inf max_ambiguity=inf pending_pairs=21 elapsed_sec=0.183
[ATOMCOLOR-PAIR-DETAIL] phase=prep_start depth=1 feature=0 rows=21706 atoms=0 groups=0 elapsed_sec=0.000
[ATOMCOLOR-PAIR-DETAIL] phase=prep_done depth=1 feature=0 rows=21706 atoms=0 groups=0 elapsed_sec=0.003
[ATOMCOLOR-PAIR-DETAIL] phase=family_prep_start depth=1 feature=0 rows=0 atoms=0 groups=0 elapsed_sec=0.000
[ATOMCOLOR-PAIR-DETAIL] phase=family_dict_done depth=1 feature=0 rows=0 atoms=32 groups=0 elapsed_sec=0.010
[ATOMCOLOR-PAIR-DETAIL] phase=family_start depth=1 feature=0 rows=0 atoms=32 groups=3 elapsed_sec=0.000
[ATOMCOLOR-PAIR-DETAIL] phase=family_group_done depth=1 feature=0 rows=0 atoms=32 groups=2 elapsed_sec=0.001
[2026-03-12T21:58:48.828] error: *** JOB 10725413 ON compsci-cluster-fitz-45 CANCELLED AT 2026-03-12T21:58:48 DUE to SIGNAL Terminated ***
