[ATOMCOLOR-PAIR-PROFILE] phase=start depth=0 rows=31717 features_done=0/14 pairs=0 feasible_pairs=0 exactify_calls=0 exactify_feasible=0 exactify_aborted=0 prep_sec=0.000 family_sec=0.000 bounds_sec=0.000 exactify_sec=0.000 incumbent_f=-1 incumbent_g=-1 incumbent_ub=inf node_lb=inf max_ambiguity=inf pending_pairs=0 elapsed_sec=0.000
[ATOMCOLOR-PAIR-DETAIL] phase=prep_start depth=0 feature=0 rows=31717 atoms=0 groups=0 elapsed_sec=0.000
[ATOMCOLOR-PAIR-DETAIL] phase=prep_done depth=0 feature=0 rows=31717 atoms=0 groups=0 elapsed_sec=0.001
[ATOMCOLOR-PAIR-DETAIL] phase=family_dict_done depth=0 feature=0 rows=31717 atoms=255 groups=0 elapsed_sec=0.001
[ATOMCOLOR-PAIR-DETAIL] phase=family_group_done depth=0 feature=0 rows=31717 atoms=255 groups=2 elapsed_sec=0.000 local_solver_ready=1
[ATOMCOLOR-PAIR-DETAIL] phase=family_group_done depth=0 feature=0 rows=31717 atoms=255 groups=3 elapsed_sec=0.001 local_solver_ready=1
[ATOMCOLOR-PAIR-DETAIL] phase=prep_start depth=0 feature=1 rows=31717 atoms=0 groups=0 elapsed_sec=0.000
[ATOMCOLOR-PAIR-DETAIL] phase=prep_done depth=0 feature=1 rows=31717 atoms=0 groups=0 elapsed_sec=0.000
[ATOMCOLOR-PAIR-DETAIL] phase=family_dict_done depth=0 feature=1 rows=31717 atoms=48 groups=0 elapsed_sec=0.000
[ATOMCOLOR-PAIR-DETAIL] phase=family_group_done depth=0 feature=1 rows=31717 atoms=48 groups=2 elapsed_sec=0.000 local_solver_ready=1
[ATOMCOLOR-PAIR-DETAIL] phase=family_group_done depth=0 feature=1 rows=31717 atoms=48 groups=3 elapsed_sec=0.000 local_solver_ready=1
[ATOMCOLOR-PAIR-DETAIL] phase=prep_start depth=0 feature=2 rows=31717 atoms=0 groups=0 elapsed_sec=0.000
[ATOMCOLOR-PAIR-DETAIL] phase=prep_done depth=0 feature=2 rows=31717 atoms=0 groups=0 elapsed_sec=0.000
[ATOMCOLOR-PAIR-DETAIL] phase=family_dict_done depth=0 feature=2 rows=31717 atoms=248 groups=0 elapsed_sec=0.001
[ATOMCOLOR-PAIR-DETAIL] phase=family_group_done depth=0 feature=2 rows=31717 atoms=248 groups=2 elapsed_sec=0.000 local_solver_ready=1
[ATOMCOLOR-PAIR-DETAIL] phase=family_group_done depth=0 feature=2 rows=31717 atoms=248 groups=3 elapsed_sec=0.001 local_solver_ready=1
[ATOMCOLOR-PAIR-DETAIL] phase=prep_start depth=0 feature=3 rows=31717 atoms=0 groups=0 elapsed_sec=0.000
[ATOMCOLOR-PAIR-DETAIL] phase=prep_done depth=0 feature=3 rows=31717 atoms=0 groups=0 elapsed_sec=0.001
[ATOMCOLOR-PAIR-DETAIL] phase=family_dict_done depth=0 feature=3 rows=31717 atoms=254 groups=0 elapsed_sec=0.001
[ATOMCOLOR-PAIR-DETAIL] phase=family_group_done depth=0 feature=3 rows=31717 atoms=254 groups=2 elapsed_sec=0.000 local_solver_ready=1
[ATOMCOLOR-PAIR-DETAIL] phase=family_group_done depth=0 feature=3 rows=31717 atoms=254 groups=3 elapsed_sec=0.001 local_solver_ready=1
[ATOMCOLOR-PAIR-DETAIL] phase=prep_start depth=0 feature=4 rows=31717 atoms=0 groups=0 elapsed_sec=0.000
[ATOMCOLOR-PAIR-DETAIL] phase=prep_done depth=0 feature=4 rows=31717 atoms=0 groups=0 elapsed_sec=0.001
[ATOMCOLOR-PAIR-DETAIL] phase=family_dict_done depth=0 feature=4 rows=31717 atoms=251 groups=0 elapsed_sec=0.001
[ATOMCOLOR-PAIR-DETAIL] phase=family_group_done depth=0 feature=4 rows=31717 atoms=251 groups=2 elapsed_sec=0.000 local_solver_ready=1
[ATOMCOLOR-PAIR-DETAIL] phase=family_group_done depth=0 feature=4 rows=31717 atoms=251 groups=3 elapsed_sec=0.001 local_solver_ready=1
[ATOMCOLOR-PAIR-DETAIL] phase=prep_start depth=0 feature=5 rows=31717 atoms=0 groups=0 elapsed_sec=0.000
[ATOMCOLOR-PAIR-DETAIL] phase=prep_done depth=0 feature=5 rows=31717 atoms=0 groups=0 elapsed_sec=0.001
[ATOMCOLOR-PAIR-DETAIL] phase=family_dict_done depth=0 feature=5 rows=31717 atoms=253 groups=0 elapsed_sec=0.001
[ATOMCOLOR-PAIR-DETAIL] phase=family_group_done depth=0 feature=5 rows=31717 atoms=253 groups=2 elapsed_sec=0.000 local_solver_ready=1
[ATOMCOLOR-PAIR-DETAIL] phase=family_group_done depth=0 feature=5 rows=31717 atoms=253 groups=3 elapsed_sec=0.001 local_solver_ready=1
[ATOMCOLOR-PAIR-DETAIL] phase=prep_start depth=0 feature=6 rows=31717 atoms=0 groups=0 elapsed_sec=0.000
[ATOMCOLOR-PAIR-DETAIL] phase=prep_done depth=0 feature=6 rows=31717 atoms=0 groups=0 elapsed_sec=0.001
[ATOMCOLOR-PAIR-DETAIL] phase=family_dict_done depth=0 feature=6 rows=31717 atoms=254 groups=0 elapsed_sec=0.001
[ATOMCOLOR-PAIR-DETAIL] phase=family_group_done depth=0 feature=6 rows=31717 atoms=254 groups=2 elapsed_sec=0.000 local_solver_ready=1
[ATOMCOLOR-PAIR-DETAIL] phase=family_group_done depth=0 feature=6 rows=31717 atoms=254 groups=3 elapsed_sec=0.001 local_solver_ready=1
[ATOMCOLOR-PAIR-DETAIL] phase=prep_start depth=0 feature=7 rows=31717 atoms=0 groups=0 elapsed_sec=0.000
[ATOMCOLOR-PAIR-DETAIL] phase=prep_done depth=0 feature=7 rows=31717 atoms=0 groups=0 elapsed_sec=0.000
[ATOMCOLOR-PAIR-DETAIL] phase=family_dict_done depth=0 feature=7 rows=31717 atoms=2 groups=0 elapsed_sec=0.000
[ATOMCOLOR-PAIR-DETAIL] phase=family_group_done depth=0 feature=7 rows=31717 atoms=2 groups=2 elapsed_sec=0.000 local_solver_ready=1
[ATOMCOLOR-PAIR-DETAIL] phase=prep_start depth=0 feature=8 rows=31717 atoms=0 groups=0 elapsed_sec=0.000
[ATOMCOLOR-PAIR-DETAIL] phase=prep_done depth=0 feature=8 rows=31717 atoms=0 groups=0 elapsed_sec=0.000
[ATOMCOLOR-PAIR-DETAIL] phase=family_dict_done depth=0 feature=8 rows=31717 atoms=2 groups=0 elapsed_sec=0.000
[ATOMCOLOR-PAIR-DETAIL] phase=family_group_done depth=0 feature=8 rows=31717 atoms=2 groups=2 elapsed_sec=0.000 local_solver_ready=1
[ATOMCOLOR-PAIR-DETAIL] phase=prep_start depth=0 feature=9 rows=31717 atoms=0 groups=0 elapsed_sec=0.000
[ATOMCOLOR-PAIR-DETAIL] phase=prep_done depth=0 feature=9 rows=31717 atoms=0 groups=0 elapsed_sec=0.000
[ATOMCOLOR-PAIR-DETAIL] phase=family_dict_done depth=0 feature=9 rows=31717 atoms=2 groups=0 elapsed_sec=0.000
[ATOMCOLOR-PAIR-DETAIL] phase=family_group_done depth=0 feature=9 rows=31717 atoms=2 groups=2 elapsed_sec=0.000 local_solver_ready=1
[ATOMCOLOR-PAIR-DETAIL] phase=prep_start depth=0 feature=10 rows=31717 atoms=0 groups=0 elapsed_sec=0.000
[ATOMCOLOR-PAIR-DETAIL] phase=prep_done depth=0 feature=10 rows=31717 atoms=0 groups=0 elapsed_sec=0.000
[ATOMCOLOR-PAIR-DETAIL] phase=family_dict_done depth=0 feature=10 rows=31717 atoms=2 groups=0 elapsed_sec=0.000
[ATOMCOLOR-PAIR-DETAIL] phase=family_group_done depth=0 feature=10 rows=31717 atoms=2 groups=2 elapsed_sec=0.000 local_solver_ready=1
[ATOMCOLOR-PAIR-DETAIL] phase=prep_start depth=0 feature=11 rows=31717 atoms=0 groups=0 elapsed_sec=0.000
[ATOMCOLOR-PAIR-DETAIL] phase=prep_done depth=0 feature=11 rows=31717 atoms=0 groups=0 elapsed_sec=0.000
[ATOMCOLOR-PAIR-DETAIL] phase=family_dict_done depth=0 feature=11 rows=31717 atoms=2 groups=0 elapsed_sec=0.000
[ATOMCOLOR-PAIR-DETAIL] phase=family_group_done depth=0 feature=11 rows=31717 atoms=2 groups=2 elapsed_sec=0.000 local_solver_ready=1
[ATOMCOLOR-PAIR-DETAIL] phase=prep_start depth=0 feature=12 rows=31717 atoms=0 groups=0 elapsed_sec=0.000
[ATOMCOLOR-PAIR-DETAIL] phase=prep_done depth=0 feature=12 rows=31717 atoms=0 groups=0 elapsed_sec=0.000
[ATOMCOLOR-PAIR-DETAIL] phase=family_dict_done depth=0 feature=12 rows=31717 atoms=2 groups=0 elapsed_sec=0.000
[ATOMCOLOR-PAIR-DETAIL] phase=family_group_done depth=0 feature=12 rows=31717 atoms=2 groups=2 elapsed_sec=0.000 local_solver_ready=1
[ATOMCOLOR-PAIR-DETAIL] phase=prep_start depth=0 feature=13 rows=31717 atoms=0 groups=0 elapsed_sec=0.000
[ATOMCOLOR-PAIR-DETAIL] phase=prep_done depth=0 feature=13 rows=31717 atoms=0 groups=0 elapsed_sec=0.000
[ATOMCOLOR-PAIR-DETAIL] phase=family_dict_done depth=0 feature=13 rows=31717 atoms=2 groups=0 elapsed_sec=0.000
[ATOMCOLOR-PAIR-DETAIL] phase=family_group_done depth=0 feature=13 rows=31717 atoms=2 groups=2 elapsed_sec=0.000 local_solver_ready=1
[ATOMCOLOR-PAIR-PROFILE] phase=broad_done depth=0 rows=31717 features_done=14/14 pairs=21 feasible_pairs=21 exactify_calls=0 exactify_feasible=0 exactify_aborted=0 prep_sec=0.007 family_sec=0.014 bounds_sec=0.006 exactify_sec=0.000 incumbent_f=-1 incumbent_g=-1 incumbent_ub=inf node_lb=inf max_ambiguity=inf pending_pairs=21 elapsed_sec=0.037
[ATOMCOLOR-PAIR-STEP] phase=greedy_ub_done depth=0 rows=31717 feature=2 groups=2 lb_before=2e-08 ub_before=0.241510881683 lb_after=2e-08 ub_after=0.241510881683 elapsed_sec=0.000608
[ATOMCOLOR-PAIR-DETAIL] phase=prep_start depth=1 feature=0 rows=10011 atoms=0 groups=0 elapsed_sec=0.000
[ATOMCOLOR-PAIR-DETAIL] phase=prep_done depth=1 feature=0 rows=10011 atoms=0 groups=0 elapsed_sec=0.000
[ATOMCOLOR-PAIR-DETAIL] phase=family_prep_start depth=1 feature=0 rows=0 atoms=0 groups=0 elapsed_sec=0.000
[ATOMCOLOR-PAIR-DETAIL] phase=family_dict_done depth=1 feature=0 rows=0 atoms=232 groups=0 elapsed_sec=0.002
[ATOMCOLOR-PAIR-DETAIL] phase=family_start depth=1 feature=0 rows=0 atoms=232 groups=3 elapsed_sec=0.000
[ATOMCOLOR-PAIR-DETAIL] phase=family_group_done depth=1 feature=0 rows=0 atoms=232 groups=2 elapsed_sec=0.000
[ATOMCOLOR-PAIR-DETAIL] phase=family_group_done depth=1 feature=0 rows=0 atoms=232 groups=3 elapsed_sec=0.001
[ATOMCOLOR-PAIR-DETAIL] phase=family_done depth=1 feature=0 rows=0 atoms=232 groups=3 elapsed_sec=0.001
[ATOMCOLOR-PAIR-DETAIL] phase=family_exact_done depth=1 feature=0 rows=0 atoms=232 groups=3 elapsed_sec=0.003
[ATOMCOLOR-PAIR-DETAIL] phase=family_prep_done depth=1 feature=0 rows=0 atoms=232 groups=2 elapsed_sec=0.003
[ATOMCOLOR-PAIR-DETAIL] phase=prep_start depth=1 feature=1 rows=10011 atoms=0 groups=0 elapsed_sec=0.000
[ATOMCOLOR-PAIR-DETAIL] phase=prep_done depth=1 feature=1 rows=10011 atoms=0 groups=0 elapsed_sec=0.000
[ATOMCOLOR-PAIR-DETAIL] phase=family_prep_start depth=1 feature=1 rows=0 atoms=0 groups=0 elapsed_sec=0.000
[ATOMCOLOR-PAIR-DETAIL] phase=family_dict_done depth=1 feature=1 rows=0 atoms=48 groups=0 elapsed_sec=0.000
[ATOMCOLOR-PAIR-DETAIL] phase=family_start depth=1 feature=1 rows=0 atoms=48 groups=3 elapsed_sec=0.000
[ATOMCOLOR-PAIR-DETAIL] phase=family_group_done depth=1 feature=1 rows=0 atoms=48 groups=2 elapsed_sec=0.000
[ATOMCOLOR-PAIR-DETAIL] phase=family_group_done depth=1 feature=1 rows=0 atoms=48 groups=3 elapsed_sec=0.000
[ATOMCOLOR-PAIR-DETAIL] phase=family_done depth=1 feature=1 rows=0 atoms=48 groups=3 elapsed_sec=0.000
[ATOMCOLOR-PAIR-DETAIL] phase=family_exact_done depth=1 feature=1 rows=0 atoms=48 groups=3 elapsed_sec=0.001
[ATOMCOLOR-PAIR-DETAIL] phase=family_prep_done depth=1 feature=1 rows=0 atoms=48 groups=2 elapsed_sec=0.001
[ATOMCOLOR-PAIR-DETAIL] phase=prep_start depth=1 feature=2 rows=10011 atoms=0 groups=0 elapsed_sec=0.000
[ATOMCOLOR-PAIR-DETAIL] phase=prep_done depth=1 feature=2 rows=10011 atoms=0 groups=0 elapsed_sec=0.000
[ATOMCOLOR-PAIR-DETAIL] phase=family_prep_start depth=1 feature=2 rows=0 atoms=0 groups=0 elapsed_sec=0.000
[ATOMCOLOR-PAIR-DETAIL] phase=family_dict_done depth=1 feature=2 rows=0 atoms=91 groups=0 elapsed_sec=0.001
[ATOMCOLOR-PAIR-DETAIL] phase=family_start depth=1 feature=2 rows=0 atoms=91 groups=3 elapsed_sec=0.000
[ATOMCOLOR-PAIR-DETAIL] phase=family_group_done depth=1 feature=2 rows=0 atoms=91 groups=2 elapsed_sec=0.000
[ATOMCOLOR-PAIR-DETAIL] phase=family_group_done depth=1 feature=2 rows=0 atoms=91 groups=3 elapsed_sec=0.000
[ATOMCOLOR-PAIR-DETAIL] phase=family_done depth=1 feature=2 rows=0 atoms=91 groups=3 elapsed_sec=0.000
[ATOMCOLOR-PAIR-DETAIL] phase=family_exact_done depth=1 feature=2 rows=0 atoms=91 groups=3 elapsed_sec=0.001
[ATOMCOLOR-PAIR-DETAIL] phase=family_prep_done depth=1 feature=2 rows=0 atoms=91 groups=2 elapsed_sec=0.001
[ATOMCOLOR-PAIR-DETAIL] phase=prep_start depth=1 feature=3 rows=10011 atoms=0 groups=0 elapsed_sec=0.000
[ATOMCOLOR-PAIR-DETAIL] phase=prep_done depth=1 feature=3 rows=10011 atoms=0 groups=0 elapsed_sec=0.000
[ATOMCOLOR-PAIR-DETAIL] phase=family_prep_start depth=1 feature=3 rows=0 atoms=0 groups=0 elapsed_sec=0.000
[ATOMCOLOR-PAIR-DETAIL] phase=family_dict_done depth=1 feature=3 rows=0 atoms=254 groups=0 elapsed_sec=0.002
[ATOMCOLOR-PAIR-DETAIL] phase=family_start depth=1 feature=3 rows=0 atoms=254 groups=3 elapsed_sec=0.000
[ATOMCOLOR-PAIR-DETAIL] phase=family_group_done depth=1 feature=3 rows=0 atoms=254 groups=2 elapsed_sec=0.000
[ATOMCOLOR-PAIR-DETAIL] phase=family_group_done depth=1 feature=3 rows=0 atoms=254 groups=3 elapsed_sec=0.001
[ATOMCOLOR-PAIR-DETAIL] phase=family_done depth=1 feature=3 rows=0 atoms=254 groups=3 elapsed_sec=0.001
[ATOMCOLOR-PAIR-DETAIL] phase=family_exact_done depth=1 feature=3 rows=0 atoms=254 groups=3 elapsed_sec=0.003
[ATOMCOLOR-PAIR-DETAIL] phase=family_prep_done depth=1 feature=3 rows=0 atoms=254 groups=2 elapsed_sec=0.003
[ATOMCOLOR-PAIR-DETAIL] phase=prep_start depth=1 feature=4 rows=10011 atoms=0 groups=0 elapsed_sec=0.000
[ATOMCOLOR-PAIR-DETAIL] phase=prep_done depth=1 feature=4 rows=10011 atoms=0 groups=0 elapsed_sec=0.000
[ATOMCOLOR-PAIR-DETAIL] phase=family_prep_start depth=1 feature=4 rows=0 atoms=0 groups=0 elapsed_sec=0.000
[ATOMCOLOR-PAIR-DETAIL] phase=family_dict_done depth=1 feature=4 rows=0 atoms=147 groups=0 elapsed_sec=0.002
[ATOMCOLOR-PAIR-DETAIL] phase=family_start depth=1 feature=4 rows=0 atoms=147 groups=3 elapsed_sec=0.000
[ATOMCOLOR-PAIR-DETAIL] phase=family_group_done depth=1 feature=4 rows=0 atoms=147 groups=2 elapsed_sec=0.000
[ATOMCOLOR-PAIR-DETAIL] phase=family_group_done depth=1 feature=4 rows=0 atoms=147 groups=3 elapsed_sec=0.000
[ATOMCOLOR-PAIR-DETAIL] phase=family_done depth=1 feature=4 rows=0 atoms=147 groups=3 elapsed_sec=0.000
[ATOMCOLOR-PAIR-DETAIL] phase=family_exact_done depth=1 feature=4 rows=0 atoms=147 groups=3 elapsed_sec=0.002
[ATOMCOLOR-PAIR-DETAIL] phase=family_prep_done depth=1 feature=4 rows=0 atoms=147 groups=2 elapsed_sec=0.002
[ATOMCOLOR-PAIR-DETAIL] phase=prep_start depth=1 feature=5 rows=10011 atoms=0 groups=0 elapsed_sec=0.000
[ATOMCOLOR-PAIR-DETAIL] phase=prep_done depth=1 feature=5 rows=10011 atoms=0 groups=0 elapsed_sec=0.000
[ATOMCOLOR-PAIR-DETAIL] phase=family_prep_start depth=1 feature=5 rows=0 atoms=0 groups=0 elapsed_sec=0.000
[ATOMCOLOR-PAIR-DETAIL] phase=family_dict_done depth=1 feature=5 rows=0 atoms=230 groups=0 elapsed_sec=0.002
[ATOMCOLOR-PAIR-DETAIL] phase=family_start depth=1 feature=5 rows=0 atoms=230 groups=3 elapsed_sec=0.000
[ATOMCOLOR-PAIR-DETAIL] phase=family_group_done depth=1 feature=5 rows=0 atoms=230 groups=2 elapsed_sec=0.000
[ATOMCOLOR-PAIR-DETAIL] phase=family_group_done depth=1 feature=5 rows=0 atoms=230 groups=3 elapsed_sec=0.001
[ATOMCOLOR-PAIR-DETAIL] phase=family_done depth=1 feature=5 rows=0 atoms=230 groups=3 elapsed_sec=0.001
[ATOMCOLOR-PAIR-DETAIL] phase=family_exact_done depth=1 feature=5 rows=0 atoms=230 groups=3 elapsed_sec=0.003
[ATOMCOLOR-PAIR-DETAIL] phase=family_prep_done depth=1 feature=5 rows=0 atoms=230 groups=2 elapsed_sec=0.003
[ATOMCOLOR-PAIR-DETAIL] phase=prep_start depth=1 feature=6 rows=10011 atoms=0 groups=0 elapsed_sec=0.000
[ATOMCOLOR-PAIR-DETAIL] phase=prep_done depth=1 feature=6 rows=10011 atoms=0 groups=0 elapsed_sec=0.000
[ATOMCOLOR-PAIR-DETAIL] phase=family_prep_start depth=1 feature=6 rows=0 atoms=0 groups=0 elapsed_sec=0.000
[ATOMCOLOR-PAIR-DETAIL] phase=family_dict_done depth=1 feature=6 rows=0 atoms=249 groups=0 elapsed_sec=0.001
[ATOMCOLOR-PAIR-DETAIL] phase=family_start depth=1 feature=6 rows=0 atoms=249 groups=3 elapsed_sec=0.000
[ATOMCOLOR-PAIR-DETAIL] phase=family_group_done depth=1 feature=6 rows=0 atoms=249 groups=2 elapsed_sec=0.000
[ATOMCOLOR-PAIR-DETAIL] phase=family_group_done depth=1 feature=6 rows=0 atoms=249 groups=3 elapsed_sec=0.001
[ATOMCOLOR-PAIR-DETAIL] phase=family_done depth=1 feature=6 rows=0 atoms=249 groups=3 elapsed_sec=0.001
[ATOMCOLOR-PAIR-DETAIL] phase=family_exact_done depth=1 feature=6 rows=0 atoms=249 groups=3 elapsed_sec=0.002
[ATOMCOLOR-PAIR-DETAIL] phase=family_prep_done depth=1 feature=6 rows=0 atoms=249 groups=2 elapsed_sec=0.002
[ATOMCOLOR-PAIR-DETAIL] phase=prep_start depth=1 feature=7 rows=10011 atoms=0 groups=0 elapsed_sec=0.000
[ATOMCOLOR-PAIR-DETAIL] phase=prep_done depth=1 feature=7 rows=10011 atoms=0 groups=0 elapsed_sec=0.000
[ATOMCOLOR-PAIR-DETAIL] phase=family_prep_start depth=1 feature=7 rows=0 atoms=0 groups=0 elapsed_sec=0.000
[ATOMCOLOR-PAIR-DETAIL] phase=family_dict_done depth=1 feature=7 rows=0 atoms=2 groups=0 elapsed_sec=0.000
[ATOMCOLOR-PAIR-DETAIL] phase=family_start depth=1 feature=7 rows=0 atoms=2 groups=2 elapsed_sec=0.000
[ATOMCOLOR-PAIR-DETAIL] phase=family_group_done depth=1 feature=7 rows=0 atoms=2 groups=2 elapsed_sec=0.000
[ATOMCOLOR-PAIR-DETAIL] phase=family_done depth=1 feature=7 rows=0 atoms=2 groups=2 elapsed_sec=0.000
[ATOMCOLOR-PAIR-DETAIL] phase=family_exact_done depth=1 feature=7 rows=0 atoms=2 groups=2 elapsed_sec=0.000
[ATOMCOLOR-PAIR-DETAIL] phase=family_prep_done depth=1 feature=7 rows=0 atoms=2 groups=1 elapsed_sec=0.000
[ATOMCOLOR-PAIR-DETAIL] phase=prep_start depth=1 feature=8 rows=10011 atoms=0 groups=0 elapsed_sec=0.000
[ATOMCOLOR-PAIR-DETAIL] phase=prep_done depth=1 feature=8 rows=10011 atoms=0 groups=0 elapsed_sec=0.000
[ATOMCOLOR-PAIR-DETAIL] phase=family_prep_start depth=1 feature=8 rows=0 atoms=0 groups=0 elapsed_sec=0.000
[ATOMCOLOR-PAIR-DETAIL] phase=family_dict_done depth=1 feature=8 rows=0 atoms=2 groups=0 elapsed_sec=0.000
[ATOMCOLOR-PAIR-DETAIL] phase=family_start depth=1 feature=8 rows=0 atoms=2 groups=2 elapsed_sec=0.000
[ATOMCOLOR-PAIR-DETAIL] phase=family_group_done depth=1 feature=8 rows=0 atoms=2 groups=2 elapsed_sec=0.000
[ATOMCOLOR-PAIR-DETAIL] phase=family_done depth=1 feature=8 rows=0 atoms=2 groups=2 elapsed_sec=0.000
[ATOMCOLOR-PAIR-DETAIL] phase=family_exact_done depth=1 feature=8 rows=0 atoms=2 groups=2 elapsed_sec=0.000
[ATOMCOLOR-PAIR-DETAIL] phase=family_prep_done depth=1 feature=8 rows=0 atoms=2 groups=1 elapsed_sec=0.000
[ATOMCOLOR-PAIR-DETAIL] phase=prep_start depth=1 feature=9 rows=10011 atoms=0 groups=0 elapsed_sec=0.000
[ATOMCOLOR-PAIR-DETAIL] phase=prep_done depth=1 feature=9 rows=10011 atoms=0 groups=0 elapsed_sec=0.000
[ATOMCOLOR-PAIR-DETAIL] phase=family_prep_start depth=1 feature=9 rows=0 atoms=0 groups=0 elapsed_sec=0.000
[ATOMCOLOR-PAIR-DETAIL] phase=family_dict_done depth=1 feature=9 rows=0 atoms=2 groups=0 elapsed_sec=0.000
[ATOMCOLOR-PAIR-DETAIL] phase=family_start depth=1 feature=9 rows=0 atoms=2 groups=2 elapsed_sec=0.000
[ATOMCOLOR-PAIR-DETAIL] phase=family_group_done depth=1 feature=9 rows=0 atoms=2 groups=2 elapsed_sec=0.000
[ATOMCOLOR-PAIR-DETAIL] phase=family_done depth=1 feature=9 rows=0 atoms=2 groups=2 elapsed_sec=0.000
[ATOMCOLOR-PAIR-DETAIL] phase=family_exact_done depth=1 feature=9 rows=0 atoms=2 groups=2 elapsed_sec=0.000
[ATOMCOLOR-PAIR-DETAIL] phase=family_prep_done depth=1 feature=9 rows=0 atoms=2 groups=1 elapsed_sec=0.000
[ATOMCOLOR-PAIR-DETAIL] phase=prep_start depth=1 feature=10 rows=10011 atoms=0 groups=0 elapsed_sec=0.000
[ATOMCOLOR-PAIR-DETAIL] phase=prep_done depth=1 feature=10 rows=10011 atoms=0 groups=0 elapsed_sec=0.000
[ATOMCOLOR-PAIR-DETAIL] phase=family_prep_start depth=1 feature=10 rows=0 atoms=0 groups=0 elapsed_sec=0.000
[ATOMCOLOR-PAIR-DETAIL] phase=family_dict_done depth=1 feature=10 rows=0 atoms=2 groups=0 elapsed_sec=0.000
[ATOMCOLOR-PAIR-DETAIL] phase=family_start depth=1 feature=10 rows=0 atoms=2 groups=2 elapsed_sec=0.000
[ATOMCOLOR-PAIR-DETAIL] phase=family_group_done depth=1 feature=10 rows=0 atoms=2 groups=2 elapsed_sec=0.000
[ATOMCOLOR-PAIR-DETAIL] phase=family_done depth=1 feature=10 rows=0 atoms=2 groups=2 elapsed_sec=0.000
[ATOMCOLOR-PAIR-DETAIL] phase=family_exact_done depth=1 feature=10 rows=0 atoms=2 groups=2 elapsed_sec=0.000
[ATOMCOLOR-PAIR-DETAIL] phase=family_prep_done depth=1 feature=10 rows=0 atoms=2 groups=1 elapsed_sec=0.000
[ATOMCOLOR-PAIR-DETAIL] phase=prep_start depth=1 feature=11 rows=10011 atoms=0 groups=0 elapsed_sec=0.000
[ATOMCOLOR-PAIR-DETAIL] phase=prep_done depth=1 feature=11 rows=10011 atoms=0 groups=0 elapsed_sec=0.000
[ATOMCOLOR-PAIR-DETAIL] phase=family_prep_start depth=1 feature=11 rows=0 atoms=0 groups=0 elapsed_sec=0.000
[ATOMCOLOR-PAIR-DETAIL] phase=family_dict_done depth=1 feature=11 rows=0 atoms=2 groups=0 elapsed_sec=0.000
[ATOMCOLOR-PAIR-DETAIL] phase=family_start depth=1 feature=11 rows=0 atoms=2 groups=2 elapsed_sec=0.000
[ATOMCOLOR-PAIR-DETAIL] phase=family_group_done depth=1 feature=11 rows=0 atoms=2 groups=2 elapsed_sec=0.000
[ATOMCOLOR-PAIR-DETAIL] phase=family_done depth=1 feature=11 rows=0 atoms=2 groups=2 elapsed_sec=0.000
[ATOMCOLOR-PAIR-DETAIL] phase=family_exact_done depth=1 feature=11 rows=0 atoms=2 groups=2 elapsed_sec=0.000
[ATOMCOLOR-PAIR-DETAIL] phase=family_prep_done depth=1 feature=11 rows=0 atoms=2 groups=1 elapsed_sec=0.000
[ATOMCOLOR-PAIR-DETAIL] phase=prep_start depth=1 feature=12 rows=10011 atoms=0 groups=0 elapsed_sec=0.000
[ATOMCOLOR-PAIR-DETAIL] phase=prep_done depth=1 feature=12 rows=10011 atoms=0 groups=0 elapsed_sec=0.000
[ATOMCOLOR-PAIR-DETAIL] phase=family_prep_start depth=1 feature=12 rows=0 atoms=0 groups=0 elapsed_sec=0.000
[ATOMCOLOR-PAIR-DETAIL] phase=family_dict_done depth=1 feature=12 rows=0 atoms=2 groups=0 elapsed_sec=0.000
[ATOMCOLOR-PAIR-DETAIL] phase=family_start depth=1 feature=12 rows=0 atoms=2 groups=2 elapsed_sec=0.000
[ATOMCOLOR-PAIR-DETAIL] phase=family_group_done depth=1 feature=12 rows=0 atoms=2 groups=2 elapsed_sec=0.000
[ATOMCOLOR-PAIR-DETAIL] phase=family_done depth=1 feature=12 rows=0 atoms=2 groups=2 elapsed_sec=0.000
[ATOMCOLOR-PAIR-DETAIL] phase=family_exact_done depth=1 feature=12 rows=0 atoms=2 groups=2 elapsed_sec=0.000
[ATOMCOLOR-PAIR-DETAIL] phase=family_prep_done depth=1 feature=12 rows=0 atoms=2 groups=1 elapsed_sec=0.000
[ATOMCOLOR-PAIR-DETAIL] phase=prep_start depth=1 feature=13 rows=10011 atoms=0 groups=0 elapsed_sec=0.000
[ATOMCOLOR-PAIR-DETAIL] phase=prep_done depth=1 feature=13 rows=10011 atoms=0 groups=0 elapsed_sec=0.000
[ATOMCOLOR-PAIR-DETAIL] phase=family_prep_start depth=1 feature=13 rows=0 atoms=0 groups=0 elapsed_sec=0.000
[ATOMCOLOR-PAIR-DETAIL] phase=family_dict_done depth=1 feature=13 rows=0 atoms=2 groups=0 elapsed_sec=0.000
[ATOMCOLOR-PAIR-DETAIL] phase=family_start depth=1 feature=13 rows=0 atoms=2 groups=2 elapsed_sec=0.000
[ATOMCOLOR-PAIR-DETAIL] phase=family_group_done depth=1 feature=13 rows=0 atoms=2 groups=2 elapsed_sec=0.000
[ATOMCOLOR-PAIR-DETAIL] phase=family_done depth=1 feature=13 rows=0 atoms=2 groups=2 elapsed_sec=0.000
[ATOMCOLOR-PAIR-DETAIL] phase=family_exact_done depth=1 feature=13 rows=0 atoms=2 groups=2 elapsed_sec=0.000
[ATOMCOLOR-PAIR-DETAIL] phase=family_prep_done depth=1 feature=13 rows=0 atoms=2 groups=1 elapsed_sec=0.000
[ATOMCOLOR-PAIR-DETAIL] phase=prep_start depth=1 feature=0 rows=21706 atoms=0 groups=0 elapsed_sec=0.000
[ATOMCOLOR-PAIR-DETAIL] phase=prep_done depth=1 feature=0 rows=21706 atoms=0 groups=0 elapsed_sec=0.001
Command terminated by signal 11
	Command being timed: ".venv/bin/python run_multisplit_experiments_lightgbm.py --run-name benchmark_teacher_guided_atomcolor_electricity_d4_l3_k3_atom0_default_20260316 --datasets electricity --depth-budgets 4 --seeds 0 --time-limit 28800 --lookahead-cap 3 --max-bins 255 --min-samples-leaf 8 --min-child-size 8 --proposal-atom-cap 0 --max-branching 3 --reg 0.0 --msplit-variant rush_dp --test-size 0.2 --parallel-trials 1 --threads-per-trial 3 --cpu-utilization-target 1.0 --no-optuna-enable --no-optuna-warmstart-enable --paper-split-protocol --lgb-device-type cpu --lgb-num-threads 3 --lgb-num-leaves 255 --lgb-learning-rate 0.05 --lgb-feature-fraction 1.0 --lgb-bagging-fraction 1.0 --lgb-bagging-freq 0 --lgb-min-data-in-bin 1 --lgb-lambda-l2 0.0 --results-root results/runs_lightgbm --stable-results-dir results/lightgbm --no-package-artifacts --approx-ref-shortlist --approx-ref-widen-max 1 --no-approx-challenger-sweep-enabled --approx-distilled-mode --approx-distilled-geometry-mode teacher_guided_atomcolor"
	User time (seconds): 2229.28
	System time (seconds): 27.75
	Percent of CPU this job got: 100%
	Elapsed (wall clock) time (h:mm:ss or m:ss): 37:30.83
	Average shared text size (kbytes): 0
	Average unshared data size (kbytes): 0
	Average stack size (kbytes): 0
	Average total size (kbytes): 0
	Maximum resident set size (kbytes): 60301832
	Average resident set size (kbytes): 0
	Major (requiring I/O) page faults: 24
	Minor (reclaiming a frame) page faults: 15368106
	Voluntary context switches: 5536
	Involuntary context switches: 4903
	Swaps: 0
	File system inputs: 13072
	File system outputs: 6712
	Socket messages sent: 0
	Socket messages received: 0
	Signals delivered: 0
	Page size (bytes): 4096
	Exit status: 0
