Job started on compsci-cluster-fitz-25 at Wed Feb 25 07:44:51 PM EST 2026
CPU settings: total_cpus=64, target_cpus=60, parallel_trials=60, threads_per_trial=1, split_threads=1, lgb_threads=1, xgb_threads=1
Optuna settings: enable=1, trials=5, val_size=0.2, seed=0, timeout_sec=0, warmstart_enable=1, warmstart_root=results, warmstart_max=8, seed_candidates=4, cpu_target=1.0, max_active_studies=0, max_concurrent_trials=0
Split protocol: paper_split_protocol=1
MSPLIT variant: optimal_dp
LightGBM binning backend: device=cpu, gpu_platform=0, gpu_device=0, gpu_fallback=1, max_gpu_jobs=1, gpu_lock_dir=/tmp/msdt_lgb_gpu_lock, binning_max_bins=12, ensemble_runs=3, ensemble_feature_fraction=0.8, ensemble_bagging_fraction=0.8, ensemble_bagging_freq=1, threshold_dedup_eps=1e-9
SPLIT native backend import OK
[compare] running: /home/users/yz1075/msdt/.venv/bin/python run_multisplit_experiments_lightgbm.py --run-name compare_4alg_original_dp_20260225_193124_lightgbm --datasets electricity eye-movements eye-state --depth-budgets 2 3 4 5 --seeds 0 1 2 3 4 --test-size 0.2 --time-limit 1200.0 --lookahead-cap 3 --max-bins 6 --min-samples-leaf 8 --min-child-size 8 --max-branching 0 --reg 0.01 --msplit-variant optimal_dp --parallel-trials 60 --threads-per-trial 1 --optuna-trials 5 --optuna-val-size 0.2 --optuna-seed 0 --optuna-timeout-sec 0.0 --optuna-warmstart-root results --optuna-warmstart-max-per-study 8 --optuna-seed-candidates 4 --cpu-utilization-target 1.0 --optuna-max-active-studies 0 --optuna-max-concurrent-trials 0 --results-root results/comparison/compare_4alg_original_dp_20260225_193124/_tmp/runs_lightgbm/compare_4alg_original_dp_20260225_193124_lightgbm --stable-results-dir results/comparison/compare_4alg_original_dp_20260225_193124/_tmp/stable_lightgbm --no-package-artifacts --optuna-enable --optuna-warmstart-enable --paper-split-protocol --tree-artifacts-dir results/comparison/compare_4alg_original_dp_20260225_193124/tree_artifacts/lightgbm_mssplit_all --lgb-device-type cpu --lgb-binning-max-bins 12 --lgb-ensemble-runs 3 --lgb-ensemble-feature-fraction 0.8 --lgb-ensemble-bagging-fraction 0.8 --lgb-ensemble-bagging-freq 1 --lgb-threshold-dedup-eps 1e-09 --lgb-gpu-platform-id 0 --lgb-gpu-device-id 0 --lgb-gpu-fallback --lgb-max-gpu-jobs 1 --lgb-gpu-lock-dir /tmp/msdt_lgb_gpu_lock
[2026-02-25T19:45:03-05:00] Starting LightGBM multisplit experiment run.
[2026-02-25T19:45:03-05:00] run_name=compare_4alg_original_dp_20260225_193124_lightgbm
[2026-02-25T19:45:03-05:00] run_dir=/home/users/yz1075/msdt/results/comparison/compare_4alg_original_dp_20260225_193124/_tmp/runs_lightgbm/compare_4alg_original_dp_20260225_193124_lightgbm/compare_4alg_original_dp_20260225_193124_lightgbm
[2026-02-25T19:45:03-05:00] parallel settings: parallel_trials=60, threads_per_trial=1, lgb_threads=1, lgb_binning_max_bins=12, lgb_ensemble_runs=3, lgb_device=cpu, lgb_max_gpu_jobs=1, core_budget=60, effective_core_budget=60, effective_parallel_trials=60, cpu_target=1.0
[2026-02-25T19:45:03-05:00] OpenML cache directory set to /home/users/yz1075/msdt/results/openml_cache
[2026-02-25T19:45:03-05:00] Loading dataset=electricity
[2026-02-25T19:45:04-05:00] dataset=electricity, class_prevalence(max class)=0.5755
[2026-02-25T19:45:04-05:00] Loading dataset=eye-movements
[2026-02-25T19:45:04-05:00] dataset=eye-movements, class_prevalence(max class)=0.5000
[2026-02-25T19:45:04-05:00] Loading dataset=eye-state
[2026-02-25T19:45:04-05:00] dataset=eye-state, class_prevalence(max class)=0.5512
[2026-02-25T19:45:04-05:00] optuna scheduling: studies=12, active_studies=12, jobs_per_study=5, effective_slots=60, effective_core_budget=60/60
[2026-02-25T19:45:05-05:00] optuna warm-start: scanned_files=21, study_keys=12, candidates=39, max_per_study=8
[2026-02-25T19:45:05-05:00] optuna fixed validation splits prepared for 12 studies (pipeline=lightgbm, dir=/home/users/yz1075/msdt/results/comparison/compare_4alg_original_dp_20260225_193124/_tmp/runs_lightgbm/compare_4alg_original_dp_20260225_193124_lightgbm/compare_4alg_original_dp_20260225_193124_lightgbm/optuna/study_payloads)
Saved run profile: /home/users/yz1075/msdt/results/comparison/compare_4alg_original_dp_20260225_193124/run_profile.json
Saved time profile: /home/users/yz1075/msdt/results/comparison/compare_4alg_original_dp_20260225_193124/run_profile.time.log
Saved command log: /home/users/yz1075/msdt/results/comparison/compare_4alg_original_dp_20260225_193124/run_profile.cmd.txt
=== Run Profile Summary ===
wall_time=58:21.07
user_time_sec=19778.60
sys_time_sec=1847.16
cpu_utilization=617%
max_rss_kb=217263792
max_rss_gb=207.20
