Job started on compsci-cluster-fitz-45 at Sun Feb 15 08:32:07 PM EST 2026
SPLIT native backend import OK
[compare] running: /home/users/yz1075/mdst/.venv/bin/python run_multisplit_experiments_cart.py --run-name comparison_20260215_203209_cart --datasets electricity eye-movements eye-state --depth-budgets 2 3 4 5 6 --seeds 0 1 2 3 4 --test-size 0.2 --time-limit 600.0 --lookahead-cap 3 --max-bins 6 --min-samples-leaf 8 --min-child-size 8 --max-branching 0 --reg 0.01 --branch-penalty 0.002 --results-root results/comparison/comparison_20260215_203209/_tmp/runs_cart/comparison_20260215_203209_cart --stable-results-dir results/comparison/comparison_20260215_203209/_tmp/stable_cart --no-package-artifacts
[2026-02-15T20:32:11-05:00] Starting multisplit experiment run.
[2026-02-15T20:32:11-05:00] run_name=comparison_20260215_203209_cart
[2026-02-15T20:32:11-05:00] run_dir=/home/users/yz1075/mdst/results/comparison/comparison_20260215_203209/_tmp/runs_cart/comparison_20260215_203209_cart/comparison_20260215_203209_cart
[2026-02-15T20:32:11-05:00] OpenML cache directory set to /home/users/yz1075/mdst/results/openml_cache
[2026-02-15T20:32:11-05:00] Loading dataset=electricity
[2026-02-15T20:32:13-05:00] dataset=electricity, class_prevalence(max class)=0.5755
[2026-02-15T20:32:13-05:00] dataset=electricity, depth=2, lookahead=1: running seeds [0, 1, 2, 3, 4]
[2026-02-15T20:32:13-05:00] trial dataset=electricity, depth=2, seed=0, status=ok, acc=0.7623303541873552
[2026-02-15T20:32:14-05:00] trial dataset=electricity, depth=2, seed=1, status=ok, acc=0.7547169811320755
[2026-02-15T20:32:14-05:00] trial dataset=electricity, depth=2, seed=2, status=ok, acc=0.7565927397109125
[2026-02-15T20:32:14-05:00] trial dataset=electricity, depth=2, seed=3, status=ok, acc=0.7586891757696127
[2026-02-15T20:32:14-05:00] trial dataset=electricity, depth=2, seed=4, status=ok, acc=0.7539446099525543
[2026-02-15T20:32:14-05:00] dataset=electricity, depth=3, lookahead=2: running seeds [0, 1, 2, 3, 4]
[2026-02-15T20:32:20-05:00] trial dataset=electricity, depth=3, seed=0, status=ok, acc=0.7623303541873552
[2026-02-15T20:32:24-05:00] trial dataset=electricity, depth=3, seed=1, status=ok, acc=0.7547169811320755
[2026-02-15T20:32:29-05:00] trial dataset=electricity, depth=3, seed=2, status=ok, acc=0.7565927397109125
[2026-02-15T20:32:34-05:00] trial dataset=electricity, depth=3, seed=3, status=ok, acc=0.7586891757696127
[2026-02-15T20:32:39-05:00] trial dataset=electricity, depth=3, seed=4, status=ok, acc=0.7539446099525543
[2026-02-15T20:32:39-05:00] dataset=electricity, depth=4, lookahead=3: running seeds [0, 1, 2, 3, 4]
