[2026-03-14T18:42:56-04:00] Starting LightGBM multisplit experiment run.
[2026-03-14T18:42:56-04:00] run_name=benchmark_teacher_guided_atomcolor_electricity_d3_exact_teachergeom_20260314_v48
[2026-03-14T18:42:56-04:00] run_dir=/home/users/yz1075/msdt/results/runs_lightgbm/benchmark_teacher_guided_atomcolor_electricity_d3_exact_teachergeom_20260314_v48
[2026-03-14T18:42:56-04:00] parallel settings: parallel_trials=1, threads_per_trial=6, lgb_threads=6, lgb_ensemble_runs=1, lgb_device=cpu, lgb_max_gpu_jobs=1, core_budget=6, effective_core_budget=6, effective_parallel_trials=1, cpu_target=1.0, cpu_affinity=[], cpu_nice=0
[2026-03-14T18:42:56-04:00] OpenML cache directory set to /home/users/yz1075/msdt/results/openml_cache
[2026-03-14T18:42:56-04:00] Loading dataset=electricity
[2026-03-14T18:42:56-04:00] dataset=electricity, class_prevalence(max class)=0.5755
[2026-03-14T18:42:56-04:00] historical default params: none found (using static defaults)
[2026-03-14T18:42:56-04:00] dataset=electricity, depth=3, lookahead=3, seeds=[0], param_source=static_defaults
[2026-03-14T18:42:56-04:00] [stage] start stage=prepare_eval_data dataset=electricity depth=3 seed=0 eval=test
[2026-03-14T18:42:56-04:00] [stage] done stage=prepare_eval_data elapsed_sec=0.1 dataset=electricity depth=3 seed=0 eval=test
[2026-03-14T18:42:56-04:00] [stage] start stage=lightgbm_binning dataset=electricity depth=3 seed=0 eval=test lookahead=3 n_fit=31717 n_eval=9063 raw_features=14
[2026-03-14T18:42:56-04:00] lightgbm_binner:start rows=31717 features=14 max_bins=255 ensemble_runs=1 device=cpu
[2026-03-14T18:42:56-04:00] lightgbm_binner:fit_run_start run=1/1 device=cpu
[2026-03-14T18:42:59-04:00] lightgbm_binner:fit_run_done run=1/1 device=cpu best_iteration=504
[2026-03-14T18:43:01-04:00] lightgbm_binner:thresholds_ready mean_bins=112.64 max_bins_used=255
[2026-03-14T18:43:03-04:00] lightgbm_binner:done
[2026-03-14T18:43:03-04:00] [stage] done stage=lightgbm_binning elapsed_sec=7.4 dataset=electricity depth=3 seed=0 eval=test lookahead=3 n_fit=31717 n_eval=9063 raw_features=14
[2026-03-14T18:43:03-04:00] [stage] summary stage=lightgbm_binning binner_features=14 mean_bins=112.64 median_bins=25.00 max_bins_used=255
[2026-03-14T18:43:03-04:00] [stage] start stage=bin_transform dataset=electricity depth=3 seed=0 eval=test lookahead=3 n_fit=31717 n_eval=9063 raw_features=14 binner_features=14 mean_bins=112.64 median_bins=25.00 max_bins_used=255
[2026-03-14T18:43:03-04:00] [stage] done stage=bin_transform elapsed_sec=0.0 dataset=electricity depth=3 seed=0 eval=test lookahead=3 n_fit=31717 n_eval=9063 raw_features=14 binner_features=14 mean_bins=112.64 median_bins=25.00 max_bins_used=255
[2026-03-14T18:43:03-04:00] [stage] summary stage=bin_transform Z_fit_base_shape=(31717, 14) Z_eval_base_shape=(9063, 14)
[2026-03-14T18:43:03-04:00] [stage] start stage=teacher_feature_augmentation dataset=electricity depth=3 seed=0 eval=test lookahead=3 n_fit=31717 n_eval=9063 raw_features=14 base_binned_features=14
[2026-03-14T18:43:03-04:00] [stage] done stage=teacher_feature_augmentation elapsed_sec=0.0 dataset=electricity depth=3 seed=0 eval=test lookahead=3 n_fit=31717 n_eval=9063 raw_features=14 base_binned_features=14
[2026-03-14T18:43:03-04:00] [stage] summary stage=teacher_feature_augmentation pair_templates=0 pair_shapes=0 teacher_microtrees=0 teacher_triplets=0 teacher_score_band=no Z_fit_shape=(31717, 14) Z_eval_shape=(9063, 14)
[2026-03-14T18:43:03-04:00] [stage] note stage=msplit_fit native_solver_has_no_live_node_callback=true current_node_depth_visibility=unavailable
[2026-03-14T18:43:03-04:00] [stage] start stage=msplit_fit dataset=electricity depth=3 seed=0 eval=test lookahead=3 n_fit=31717 n_eval=9063 raw_features=14 solver=msplit msplit_variant=rush_dp z_cols=14 backend=cpp
[2026-03-14T18:43:33-04:00] [stage] heartbeat stage=msplit_fit elapsed_sec=30.0 dataset=electricity depth=3 seed=0 eval=test lookahead=3 n_fit=31717 n_eval=9063 raw_features=14 solver=msplit msplit_variant=rush_dp z_cols=14 backend=cpp
[2026-03-14T18:44:03-04:00] [stage] heartbeat stage=msplit_fit elapsed_sec=60.0 dataset=electricity depth=3 seed=0 eval=test lookahead=3 n_fit=31717 n_eval=9063 raw_features=14 solver=msplit msplit_variant=rush_dp z_cols=14 backend=cpp
[2026-03-14T18:44:33-04:00] [stage] heartbeat stage=msplit_fit elapsed_sec=90.0 dataset=electricity depth=3 seed=0 eval=test lookahead=3 n_fit=31717 n_eval=9063 raw_features=14 solver=msplit msplit_variant=rush_dp z_cols=14 backend=cpp
[2026-03-14T18:45:03-04:00] [stage] heartbeat stage=msplit_fit elapsed_sec=120.0 dataset=electricity depth=3 seed=0 eval=test lookahead=3 n_fit=31717 n_eval=9063 raw_features=14 solver=msplit msplit_variant=rush_dp z_cols=14 backend=cpp
[2026-03-14T18:45:33-04:00] [stage] heartbeat stage=msplit_fit elapsed_sec=150.0 dataset=electricity depth=3 seed=0 eval=test lookahead=3 n_fit=31717 n_eval=9063 raw_features=14 solver=msplit msplit_variant=rush_dp z_cols=14 backend=cpp
[2026-03-14T18:46:03-04:00] [stage] heartbeat stage=msplit_fit elapsed_sec=180.0 dataset=electricity depth=3 seed=0 eval=test lookahead=3 n_fit=31717 n_eval=9063 raw_features=14 solver=msplit msplit_variant=rush_dp z_cols=14 backend=cpp
[2026-03-14T18:46:33-04:00] [stage] heartbeat stage=msplit_fit elapsed_sec=210.0 dataset=electricity depth=3 seed=0 eval=test lookahead=3 n_fit=31717 n_eval=9063 raw_features=14 solver=msplit msplit_variant=rush_dp z_cols=14 backend=cpp
[2026-03-14T18:47:03-04:00] [stage] heartbeat stage=msplit_fit elapsed_sec=240.0 dataset=electricity depth=3 seed=0 eval=test lookahead=3 n_fit=31717 n_eval=9063 raw_features=14 solver=msplit msplit_variant=rush_dp z_cols=14 backend=cpp
[2026-03-14T18:47:33-04:00] [stage] heartbeat stage=msplit_fit elapsed_sec=270.0 dataset=electricity depth=3 seed=0 eval=test lookahead=3 n_fit=31717 n_eval=9063 raw_features=14 solver=msplit msplit_variant=rush_dp z_cols=14 backend=cpp
[2026-03-14T18:48:03-04:00] [stage] heartbeat stage=msplit_fit elapsed_sec=300.0 dataset=electricity depth=3 seed=0 eval=test lookahead=3 n_fit=31717 n_eval=9063 raw_features=14 solver=msplit msplit_variant=rush_dp z_cols=14 backend=cpp
[2026-03-14T18:48:33-04:00] [stage] heartbeat stage=msplit_fit elapsed_sec=330.0 dataset=electricity depth=3 seed=0 eval=test lookahead=3 n_fit=31717 n_eval=9063 raw_features=14 solver=msplit msplit_variant=rush_dp z_cols=14 backend=cpp
[2026-03-14T18:49:03-04:00] [stage] heartbeat stage=msplit_fit elapsed_sec=360.0 dataset=electricity depth=3 seed=0 eval=test lookahead=3 n_fit=31717 n_eval=9063 raw_features=14 solver=msplit msplit_variant=rush_dp z_cols=14 backend=cpp
[2026-03-14T18:49:33-04:00] [stage] heartbeat stage=msplit_fit elapsed_sec=390.0 dataset=electricity depth=3 seed=0 eval=test lookahead=3 n_fit=31717 n_eval=9063 raw_features=14 solver=msplit msplit_variant=rush_dp z_cols=14 backend=cpp
[2026-03-14T18:50:03-04:00] [stage] heartbeat stage=msplit_fit elapsed_sec=420.0 dataset=electricity depth=3 seed=0 eval=test lookahead=3 n_fit=31717 n_eval=9063 raw_features=14 solver=msplit msplit_variant=rush_dp z_cols=14 backend=cpp
[2026-03-14T18:50:33-04:00] [stage] heartbeat stage=msplit_fit elapsed_sec=450.0 dataset=electricity depth=3 seed=0 eval=test lookahead=3 n_fit=31717 n_eval=9063 raw_features=14 solver=msplit msplit_variant=rush_dp z_cols=14 backend=cpp
[2026-03-14T18:51:03-04:00] [stage] heartbeat stage=msplit_fit elapsed_sec=480.0 dataset=electricity depth=3 seed=0 eval=test lookahead=3 n_fit=31717 n_eval=9063 raw_features=14 solver=msplit msplit_variant=rush_dp z_cols=14 backend=cpp
[2026-03-14T18:51:33-04:00] [stage] heartbeat stage=msplit_fit elapsed_sec=510.0 dataset=electricity depth=3 seed=0 eval=test lookahead=3 n_fit=31717 n_eval=9063 raw_features=14 solver=msplit msplit_variant=rush_dp z_cols=14 backend=cpp
[2026-03-14T18:52:03-04:00] [stage] heartbeat stage=msplit_fit elapsed_sec=540.0 dataset=electricity depth=3 seed=0 eval=test lookahead=3 n_fit=31717 n_eval=9063 raw_features=14 solver=msplit msplit_variant=rush_dp z_cols=14 backend=cpp
[2026-03-14T18:52:33-04:00] [stage] heartbeat stage=msplit_fit elapsed_sec=570.0 dataset=electricity depth=3 seed=0 eval=test lookahead=3 n_fit=31717 n_eval=9063 raw_features=14 solver=msplit msplit_variant=rush_dp z_cols=14 backend=cpp
[2026-03-14T18:53:03-04:00] [stage] heartbeat stage=msplit_fit elapsed_sec=600.0 dataset=electricity depth=3 seed=0 eval=test lookahead=3 n_fit=31717 n_eval=9063 raw_features=14 solver=msplit msplit_variant=rush_dp z_cols=14 backend=cpp
[2026-03-14T18:53:33-04:00] [stage] heartbeat stage=msplit_fit elapsed_sec=630.0 dataset=electricity depth=3 seed=0 eval=test lookahead=3 n_fit=31717 n_eval=9063 raw_features=14 solver=msplit msplit_variant=rush_dp z_cols=14 backend=cpp
[2026-03-14T18:54:03-04:00] [stage] heartbeat stage=msplit_fit elapsed_sec=660.0 dataset=electricity depth=3 seed=0 eval=test lookahead=3 n_fit=31717 n_eval=9063 raw_features=14 solver=msplit msplit_variant=rush_dp z_cols=14 backend=cpp
[2026-03-14T18:54:33-04:00] [stage] heartbeat stage=msplit_fit elapsed_sec=690.0 dataset=electricity depth=3 seed=0 eval=test lookahead=3 n_fit=31717 n_eval=9063 raw_features=14 solver=msplit msplit_variant=rush_dp z_cols=14 backend=cpp
[2026-03-14T18:55:03-04:00] [stage] heartbeat stage=msplit_fit elapsed_sec=720.0 dataset=electricity depth=3 seed=0 eval=test lookahead=3 n_fit=31717 n_eval=9063 raw_features=14 solver=msplit msplit_variant=rush_dp z_cols=14 backend=cpp
[2026-03-14T18:55:33-04:00] [stage] heartbeat stage=msplit_fit elapsed_sec=750.0 dataset=electricity depth=3 seed=0 eval=test lookahead=3 n_fit=31717 n_eval=9063 raw_features=14 solver=msplit msplit_variant=rush_dp z_cols=14 backend=cpp
[2026-03-14T18:56:03-04:00] [stage] heartbeat stage=msplit_fit elapsed_sec=780.1 dataset=electricity depth=3 seed=0 eval=test lookahead=3 n_fit=31717 n_eval=9063 raw_features=14 solver=msplit msplit_variant=rush_dp z_cols=14 backend=cpp
[2026-03-14T18:56:33-04:00] [stage] heartbeat stage=msplit_fit elapsed_sec=810.1 dataset=electricity depth=3 seed=0 eval=test lookahead=3 n_fit=31717 n_eval=9063 raw_features=14 solver=msplit msplit_variant=rush_dp z_cols=14 backend=cpp
[2026-03-14T18:57:03-04:00] [stage] heartbeat stage=msplit_fit elapsed_sec=840.1 dataset=electricity depth=3 seed=0 eval=test lookahead=3 n_fit=31717 n_eval=9063 raw_features=14 solver=msplit msplit_variant=rush_dp z_cols=14 backend=cpp
[2026-03-14T18:57:33-04:00] [stage] heartbeat stage=msplit_fit elapsed_sec=870.1 dataset=electricity depth=3 seed=0 eval=test lookahead=3 n_fit=31717 n_eval=9063 raw_features=14 solver=msplit msplit_variant=rush_dp z_cols=14 backend=cpp
[2026-03-14T18:58:03-04:00] [stage] heartbeat stage=msplit_fit elapsed_sec=900.1 dataset=electricity depth=3 seed=0 eval=test lookahead=3 n_fit=31717 n_eval=9063 raw_features=14 solver=msplit msplit_variant=rush_dp z_cols=14 backend=cpp
[2026-03-14T18:58:33-04:00] [stage] heartbeat stage=msplit_fit elapsed_sec=930.1 dataset=electricity depth=3 seed=0 eval=test lookahead=3 n_fit=31717 n_eval=9063 raw_features=14 solver=msplit msplit_variant=rush_dp z_cols=14 backend=cpp
[2026-03-14T18:59:03-04:00] [stage] heartbeat stage=msplit_fit elapsed_sec=960.1 dataset=electricity depth=3 seed=0 eval=test lookahead=3 n_fit=31717 n_eval=9063 raw_features=14 solver=msplit msplit_variant=rush_dp z_cols=14 backend=cpp
[2026-03-14T18:59:33-04:00] [stage] heartbeat stage=msplit_fit elapsed_sec=990.1 dataset=electricity depth=3 seed=0 eval=test lookahead=3 n_fit=31717 n_eval=9063 raw_features=14 solver=msplit msplit_variant=rush_dp z_cols=14 backend=cpp
[2026-03-14T19:00:03-04:00] [stage] heartbeat stage=msplit_fit elapsed_sec=1020.1 dataset=electricity depth=3 seed=0 eval=test lookahead=3 n_fit=31717 n_eval=9063 raw_features=14 solver=msplit msplit_variant=rush_dp z_cols=14 backend=cpp
[2026-03-14T19:00:33-04:00] [stage] heartbeat stage=msplit_fit elapsed_sec=1050.1 dataset=electricity depth=3 seed=0 eval=test lookahead=3 n_fit=31717 n_eval=9063 raw_features=14 solver=msplit msplit_variant=rush_dp z_cols=14 backend=cpp
[2026-03-14T19:01:03-04:00] [stage] heartbeat stage=msplit_fit elapsed_sec=1080.1 dataset=electricity depth=3 seed=0 eval=test lookahead=3 n_fit=31717 n_eval=9063 raw_features=14 solver=msplit msplit_variant=rush_dp z_cols=14 backend=cpp
[2026-03-14T19:01:33-04:00] [stage] heartbeat stage=msplit_fit elapsed_sec=1110.1 dataset=electricity depth=3 seed=0 eval=test lookahead=3 n_fit=31717 n_eval=9063 raw_features=14 solver=msplit msplit_variant=rush_dp z_cols=14 backend=cpp
[2026-03-14T19:02:03-04:00] [stage] heartbeat stage=msplit_fit elapsed_sec=1140.1 dataset=electricity depth=3 seed=0 eval=test lookahead=3 n_fit=31717 n_eval=9063 raw_features=14 solver=msplit msplit_variant=rush_dp z_cols=14 backend=cpp
[2026-03-14T19:02:33-04:00] [stage] heartbeat stage=msplit_fit elapsed_sec=1170.1 dataset=electricity depth=3 seed=0 eval=test lookahead=3 n_fit=31717 n_eval=9063 raw_features=14 solver=msplit msplit_variant=rush_dp z_cols=14 backend=cpp
[2026-03-14T19:03:04-04:00] [stage] heartbeat stage=msplit_fit elapsed_sec=1200.1 dataset=electricity depth=3 seed=0 eval=test lookahead=3 n_fit=31717 n_eval=9063 raw_features=14 solver=msplit msplit_variant=rush_dp z_cols=14 backend=cpp
[2026-03-14T19:03:34-04:00] [stage] heartbeat stage=msplit_fit elapsed_sec=1230.1 dataset=electricity depth=3 seed=0 eval=test lookahead=3 n_fit=31717 n_eval=9063 raw_features=14 solver=msplit msplit_variant=rush_dp z_cols=14 backend=cpp
[2026-03-14T19:04:04-04:00] [stage] heartbeat stage=msplit_fit elapsed_sec=1260.1 dataset=electricity depth=3 seed=0 eval=test lookahead=3 n_fit=31717 n_eval=9063 raw_features=14 solver=msplit msplit_variant=rush_dp z_cols=14 backend=cpp
[2026-03-14T19:04:34-04:00] [stage] heartbeat stage=msplit_fit elapsed_sec=1290.1 dataset=electricity depth=3 seed=0 eval=test lookahead=3 n_fit=31717 n_eval=9063 raw_features=14 solver=msplit msplit_variant=rush_dp z_cols=14 backend=cpp
[2026-03-14T19:05:04-04:00] [stage] heartbeat stage=msplit_fit elapsed_sec=1320.1 dataset=electricity depth=3 seed=0 eval=test lookahead=3 n_fit=31717 n_eval=9063 raw_features=14 solver=msplit msplit_variant=rush_dp z_cols=14 backend=cpp
[2026-03-14T19:05:34-04:00] [stage] heartbeat stage=msplit_fit elapsed_sec=1350.1 dataset=electricity depth=3 seed=0 eval=test lookahead=3 n_fit=31717 n_eval=9063 raw_features=14 solver=msplit msplit_variant=rush_dp z_cols=14 backend=cpp
[2026-03-14T19:06:04-04:00] [stage] heartbeat stage=msplit_fit elapsed_sec=1380.1 dataset=electricity depth=3 seed=0 eval=test lookahead=3 n_fit=31717 n_eval=9063 raw_features=14 solver=msplit msplit_variant=rush_dp z_cols=14 backend=cpp
[2026-03-14T19:06:34-04:00] [stage] heartbeat stage=msplit_fit elapsed_sec=1410.1 dataset=electricity depth=3 seed=0 eval=test lookahead=3 n_fit=31717 n_eval=9063 raw_features=14 solver=msplit msplit_variant=rush_dp z_cols=14 backend=cpp
[2026-03-14T19:07:04-04:00] [stage] heartbeat stage=msplit_fit elapsed_sec=1440.1 dataset=electricity depth=3 seed=0 eval=test lookahead=3 n_fit=31717 n_eval=9063 raw_features=14 solver=msplit msplit_variant=rush_dp z_cols=14 backend=cpp
[2026-03-14T19:07:34-04:00] [stage] heartbeat stage=msplit_fit elapsed_sec=1470.1 dataset=electricity depth=3 seed=0 eval=test lookahead=3 n_fit=31717 n_eval=9063 raw_features=14 solver=msplit msplit_variant=rush_dp z_cols=14 backend=cpp
[2026-03-14T19:08:04-04:00] [stage] heartbeat stage=msplit_fit elapsed_sec=1500.1 dataset=electricity depth=3 seed=0 eval=test lookahead=3 n_fit=31717 n_eval=9063 raw_features=14 solver=msplit msplit_variant=rush_dp z_cols=14 backend=cpp
[2026-03-14T19:08:34-04:00] [stage] heartbeat stage=msplit_fit elapsed_sec=1530.1 dataset=electricity depth=3 seed=0 eval=test lookahead=3 n_fit=31717 n_eval=9063 raw_features=14 solver=msplit msplit_variant=rush_dp z_cols=14 backend=cpp
[2026-03-14T19:09:04-04:00] [stage] heartbeat stage=msplit_fit elapsed_sec=1560.1 dataset=electricity depth=3 seed=0 eval=test lookahead=3 n_fit=31717 n_eval=9063 raw_features=14 solver=msplit msplit_variant=rush_dp z_cols=14 backend=cpp
[2026-03-14T19:09:34-04:00] [stage] heartbeat stage=msplit_fit elapsed_sec=1590.1 dataset=electricity depth=3 seed=0 eval=test lookahead=3 n_fit=31717 n_eval=9063 raw_features=14 solver=msplit msplit_variant=rush_dp z_cols=14 backend=cpp
[2026-03-14T19:10:04-04:00] [stage] heartbeat stage=msplit_fit elapsed_sec=1620.1 dataset=electricity depth=3 seed=0 eval=test lookahead=3 n_fit=31717 n_eval=9063 raw_features=14 solver=msplit msplit_variant=rush_dp z_cols=14 backend=cpp
[2026-03-14T19:10:34-04:00] [stage] heartbeat stage=msplit_fit elapsed_sec=1650.1 dataset=electricity depth=3 seed=0 eval=test lookahead=3 n_fit=31717 n_eval=9063 raw_features=14 solver=msplit msplit_variant=rush_dp z_cols=14 backend=cpp
[2026-03-14T19:11:04-04:00] [stage] heartbeat stage=msplit_fit elapsed_sec=1680.1 dataset=electricity depth=3 seed=0 eval=test lookahead=3 n_fit=31717 n_eval=9063 raw_features=14 solver=msplit msplit_variant=rush_dp z_cols=14 backend=cpp
