Job started on compsci-cluster-fitz-47 at Thu Feb 26 09:46:15 AM EST 2026
CPU settings: total_cpus=64, target_cpus=20, parallel_trials=20, threads_per_trial=1, split_threads=1, lgb_threads=1, xgb_threads=1
Optuna settings: enable=1, trials=10, val_size=0.2, seed=0, timeout_sec=0, warmstart_enable=1, warmstart_root=results, warmstart_max=8, seed_candidates=4, cpu_target=1.0, max_active_studies=0, max_concurrent_trials=0
Split protocol: paper_split_protocol=1
MSPLIT variant: rush_dp
LightGBM binning backend: device=cpu, gpu_platform=0, gpu_device=0, gpu_fallback=1, max_gpu_jobs=1, gpu_lock_dir=/tmp/msdt_lgb_gpu_lock, ensemble_runs=3, ensemble_feature_fraction=0.8, ensemble_bagging_fraction=0.8, ensemble_bagging_freq=1, threshold_dedup_eps=1e-9
SPLIT native backend import OK
[compare] running: /home/users/yz1075/msdt/.venv/bin/python run_multisplit_experiments_lightgbm.py --run-name acc_compare_rushdp_optuna10_20260226_094614_lightgbm --datasets electricity eye-movements eye-state --depth-budgets 2 3 4 5 --seeds 0 1 2 3 4 --test-size 0.2 --time-limit 3000.0 --lookahead-cap 3 --max-bins 255 --min-samples-leaf 8 --min-child-size 8 --max-branching 5 --reg 0.01 --msplit-variant rush_dp --parallel-trials 20 --threads-per-trial 1 --optuna-trials 10 --optuna-val-size 0.2 --optuna-seed 0 --optuna-timeout-sec 0.0 --optuna-warmstart-root results --optuna-warmstart-max-per-study 8 --optuna-seed-candidates 4 --cpu-utilization-target 1.0 --optuna-max-active-studies 0 --optuna-max-concurrent-trials 0 --results-root results/comparison/acc_compare_rushdp_optuna10_20260226_094614/_tmp/runs_lightgbm/acc_compare_rushdp_optuna10_20260226_094614_lightgbm --stable-results-dir results/comparison/acc_compare_rushdp_optuna10_20260226_094614/_tmp/stable_lightgbm --no-package-artifacts --optuna-enable --optuna-warmstart-enable --paper-split-protocol --tree-artifacts-dir results/comparison/acc_compare_rushdp_optuna10_20260226_094614/tree_artifacts/lightgbm_mssplit_all --lgb-device-type cpu --lgb-ensemble-runs 3 --lgb-ensemble-feature-fraction 0.8 --lgb-ensemble-bagging-fraction 0.8 --lgb-ensemble-bagging-freq 1 --lgb-threshold-dedup-eps 1e-09 --lgb-gpu-platform-id 0 --lgb-gpu-device-id 0 --lgb-gpu-fallback --lgb-max-gpu-jobs 1 --lgb-gpu-lock-dir /tmp/msdt_lgb_gpu_lock
[2026-02-26T09:46:19-05:00] Starting LightGBM multisplit experiment run.
[2026-02-26T09:46:19-05:00] run_name=acc_compare_rushdp_optuna10_20260226_094614_lightgbm
[2026-02-26T09:46:19-05:00] run_dir=/home/users/yz1075/msdt/results/comparison/acc_compare_rushdp_optuna10_20260226_094614/_tmp/runs_lightgbm/acc_compare_rushdp_optuna10_20260226_094614_lightgbm/acc_compare_rushdp_optuna10_20260226_094614_lightgbm
[2026-02-26T09:46:19-05:00] parallel settings: parallel_trials=20, threads_per_trial=1, lgb_threads=1, lgb_ensemble_runs=3, lgb_device=cpu, lgb_max_gpu_jobs=1, core_budget=20, effective_core_budget=20, effective_parallel_trials=20, cpu_target=1.0
[2026-02-26T09:46:19-05:00] OpenML cache directory set to /home/users/yz1075/msdt/results/openml_cache
[2026-02-26T09:46:19-05:00] Loading dataset=electricity
[2026-02-26T09:46:19-05:00] dataset=electricity, class_prevalence(max class)=0.5755
[2026-02-26T09:46:19-05:00] Loading dataset=eye-movements
[2026-02-26T09:46:19-05:00] dataset=eye-movements, class_prevalence(max class)=0.5000
[2026-02-26T09:46:19-05:00] Loading dataset=eye-state
[2026-02-26T09:46:19-05:00] dataset=eye-state, class_prevalence(max class)=0.5512
[2026-02-26T09:46:19-05:00] optuna scheduling: studies=12, active_studies=10, jobs_per_study=2, effective_slots=20, effective_core_budget=20/20
[2026-02-26T09:46:19-05:00] optuna warm-start: scanned_files=14, study_keys=12, candidates=35, max_per_study=8
[2026-02-26T09:46:20-05:00] optuna fixed validation splits prepared for 12 studies (pipeline=lightgbm, dir=/home/users/yz1075/msdt/results/comparison/acc_compare_rushdp_optuna10_20260226_094614/_tmp/runs_lightgbm/acc_compare_rushdp_optuna10_20260226_094614_lightgbm/acc_compare_rushdp_optuna10_20260226_094614_lightgbm/optuna/study_payloads)
Saved run profile: /home/users/yz1075/msdt/results/comparison/acc_compare_rushdp_optuna10_20260226_094614/run_profile.json
Saved time profile: /home/users/yz1075/msdt/results/comparison/acc_compare_rushdp_optuna10_20260226_094614/run_profile.time.log
Saved command log: /home/users/yz1075/msdt/results/comparison/acc_compare_rushdp_optuna10_20260226_094614/run_profile.cmd.txt
=== Run Profile Summary ===
wall_time=27:36.81
user_time_sec=12803.88
sys_time_sec=1212.96
cpu_utilization=846%
max_rss_kb=184989604
max_rss_gb=176.42
