Job started on compsci-cluster-fitz-35 at Tue Feb 24 03:13:14 PM EST 2026
CPU settings: total_cpus=64, parallel_trials=64, threads_per_trial=1, split_threads=1, lgb_threads=1, xgb_threads=2
Optuna settings: enable=1, trials=10, val_size=0.2, seed=0, timeout_sec=0, warmstart_enable=1, warmstart_root=results, warmstart_max=8, seed_candidates=4, cpu_target=0.94, max_active_studies=0, max_concurrent_trials=0
LightGBM binning backend: device=gpu, gpu_platform=0, gpu_device=0, gpu_fallback=0, max_gpu_jobs=1, gpu_lock_dir=/tmp/msdt_lgb_gpu_lock, binning_max_bins=12, ensemble_runs=3, ensemble_feature_fraction=0.8, ensemble_bagging_fraction=0.8, ensemble_bagging_freq=1, threshold_dedup_eps=1e-9
Dataset runtime mode: datasets=['electricity', 'eye-movements', 'eye-state'], B_sweep=[32, 64, 128, 256, 512, 1024], trials=50, m=5, lambda=0.01, max_branch_n=6, ub_best=inf, binning=lightgbm, dynamic_ub=False, solvers=['baseline', 'dl85_cbb', 'binoct_flow', 'snip', 'gosdt_dpb', 'linear_fallback', 'candidate']

[electricity] shape=45312x8 label_mode=binary classes=2 pos_label=UP pos=19237 neg=26075
  B=  32 | B_eff_mean=28.88 [7, 32]
    runtime_ms_total_features: Baseline=6.773ms, DL8.5-CBB=3.325ms, BinOCT-Flow=5.316ms, SNIP=2.102ms, GOSDT-DPB=4.102ms, Grid-DP=1.161ms, RUSH-DP=0.2105ms
    speedup_vs_baseline: DL8.5-CBB=2.037x, BinOCT-Flow=1.274x, SNIP=3.222x, GOSDT-DPB=1.651x, Grid-DP=5.834x, RUSH-DP=32.18x
    acc_gap_vs_baseline: DL8.5-CBB=0, BinOCT-Flow=0, SNIP=0, GOSDT-DPB=0, Grid-DP=0, RUSH-DP=0
    accuracy_mean: Baseline=0.75501, DL8.5-CBB=0.75501, BinOCT-Flow=0.75501, SNIP=0.75501, GOSDT-DPB=0.75501, Grid-DP=0.75501, RUSH-DP=0.75501
    coverage: shared_valid=50/50, n_features=8
  B=  64 | B_eff_mean=54.88 [7, 64]
    runtime_ms_total_features: Baseline=26.84ms, DL8.5-CBB=16.51ms, BinOCT-Flow=22.75ms, SNIP=4.885ms, GOSDT-DPB=21.31ms, Grid-DP=2.042ms, RUSH-DP=0.3548ms
    speedup_vs_baseline: DL8.5-CBB=1.626x, BinOCT-Flow=1.18x, SNIP=5.494x, GOSDT-DPB=1.259x, Grid-DP=13.14x, RUSH-DP=75.65x
    acc_gap_vs_baseline: DL8.5-CBB=0, BinOCT-Flow=0, SNIP=0, GOSDT-DPB=0, Grid-DP=0, RUSH-DP=0
    accuracy_mean: Baseline=0.756886, DL8.5-CBB=0.756886, BinOCT-Flow=0.756886, SNIP=0.756886, GOSDT-DPB=0.756886, Grid-DP=0.756886, RUSH-DP=0.756886
    coverage: shared_valid=50/50, n_features=8
  B= 128 | B_eff_mean=102.9 [7, 128]
    runtime_ms_total_features: Baseline=103.3ms, DL8.5-CBB=71.64ms, BinOCT-Flow=96.18ms, SNIP=11.6ms, GOSDT-DPB=92.94ms, Grid-DP=3.895ms, RUSH-DP=0.7325ms
    speedup_vs_baseline: DL8.5-CBB=1.442x, BinOCT-Flow=1.074x, SNIP=8.907x, GOSDT-DPB=1.111x, Grid-DP=26.52x, RUSH-DP=141x
    acc_gap_vs_baseline: DL8.5-CBB=0, BinOCT-Flow=0, SNIP=0, GOSDT-DPB=0, Grid-DP=0, RUSH-DP=0
    accuracy_mean: Baseline=0.756886, DL8.5-CBB=0.756886, BinOCT-Flow=0.756886, SNIP=0.756886, GOSDT-DPB=0.756886, Grid-DP=0.756886, RUSH-DP=0.756886
    coverage: shared_valid=50/50, n_features=8
  B= 256 | B_eff_mean=198.9 [7, 256]
    runtime_ms_total_features: Baseline=388.1ms, DL8.5-CBB=360.3ms, BinOCT-Flow=399.9ms, SNIP=30.27ms, GOSDT-DPB=452.7ms, Grid-DP=7.506ms, RUSH-DP=1.422ms
    speedup_vs_baseline: DL8.5-CBB=1.077x, BinOCT-Flow=0.9704x, SNIP=12.82x, GOSDT-DPB=0.8572x, Grid-DP=51.7x, RUSH-DP=273x
    acc_gap_vs_baseline: DL8.5-CBB=0, BinOCT-Flow=0, SNIP=0, GOSDT-DPB=0, Grid-DP=0, RUSH-DP=0
    accuracy_mean: Baseline=0.758651, DL8.5-CBB=0.758651, BinOCT-Flow=0.758651, SNIP=0.758651, GOSDT-DPB=0.758651, Grid-DP=0.758651, RUSH-DP=0.758651
    coverage: shared_valid=50/50, n_features=8
  B= 512 | B_eff_mean=390.9 [7, 512]
    runtime_ms_total_features: Baseline=1584ms, DL8.5-CBB=1543ms, BinOCT-Flow=1707ms, SNIP=92.85ms, GOSDT-DPB=1864ms, Grid-DP=15.06ms, RUSH-DP=3.61ms
    speedup_vs_baseline: DL8.5-CBB=1.026x, BinOCT-Flow=0.9276x, SNIP=17.05x, GOSDT-DPB=0.8494x, Grid-DP=105.2x, RUSH-DP=438.7x
    acc_gap_vs_baseline: DL8.5-CBB=0, BinOCT-Flow=0, SNIP=0, GOSDT-DPB=0, Grid-DP=0, RUSH-DP=0
    accuracy_mean: Baseline=0.758784, DL8.5-CBB=0.758784, BinOCT-Flow=0.758784, SNIP=0.758784, GOSDT-DPB=0.758784, Grid-DP=0.758784, RUSH-DP=0.758784
    coverage: shared_valid=50/50, n_features=8
  B=1024 | B_eff_mean=761.6 [7, 1024]
    runtime_ms_total_features: Baseline=6243ms, DL8.5-CBB=6307ms, BinOCT-Flow=6739ms, SNIP=293.4ms, GOSDT-DPB=7611ms, Grid-DP=29.47ms, RUSH-DP=8.258ms
    speedup_vs_baseline: DL8.5-CBB=0.9899x, BinOCT-Flow=0.9264x, SNIP=21.28x, GOSDT-DPB=0.8203x, Grid-DP=211.8x, RUSH-DP=756x
    acc_gap_vs_baseline: DL8.5-CBB=0, BinOCT-Flow=0, SNIP=0, GOSDT-DPB=0, Grid-DP=0, RUSH-DP=0
    accuracy_mean: Baseline=0.759048, DL8.5-CBB=0.759048, BinOCT-Flow=0.759048, SNIP=0.759048, GOSDT-DPB=0.759048, Grid-DP=0.759048, RUSH-DP=0.759048
    coverage: shared_valid=50/50, n_features=8

[eye-movements] shape=7608x23 label_mode=binary classes=2 pos_label=1 pos=3804 neg=3804
  B=  32 | B_eff_mean=26.26 [2, 32]
    runtime_ms_total_features: Baseline=16.63ms, DL8.5-CBB=15.02ms, BinOCT-Flow=17.95ms, SNIP=8.231ms, GOSDT-DPB=20.28ms, Grid-DP=2.81ms, RUSH-DP=1.421ms
    speedup_vs_baseline: DL8.5-CBB=1.107x, BinOCT-Flow=0.9266x, SNIP=2.02x, GOSDT-DPB=0.82x, Grid-DP=5.918x, RUSH-DP=11.7x
    acc_gap_vs_baseline: DL8.5-CBB=0, BinOCT-Flow=0, SNIP=0, GOSDT-DPB=0, Grid-DP=0, RUSH-DP=0
    accuracy_mean: Baseline=0.565063, DL8.5-CBB=0.565063, BinOCT-Flow=0.565063, SNIP=0.565063, GOSDT-DPB=0.565063, Grid-DP=0.565063, RUSH-DP=0.565063
    coverage: shared_valid=50/50, n_features=23
  B=  64 | B_eff_mean=50.7 [2, 64]
    runtime_ms_total_features: Baseline=68.02ms, DL8.5-CBB=60.95ms, BinOCT-Flow=73.38ms, SNIP=22.71ms, GOSDT-DPB=82.39ms, Grid-DP=5.564ms, RUSH-DP=2.824ms
    speedup_vs_baseline: DL8.5-CBB=1.116x, BinOCT-Flow=0.927x, SNIP=2.996x, GOSDT-DPB=0.8256x, Grid-DP=12.22x, RUSH-DP=24.09x
    acc_gap_vs_baseline: DL8.5-CBB=0, BinOCT-Flow=0, SNIP=0, GOSDT-DPB=0, Grid-DP=0, RUSH-DP=0
    accuracy_mean: Baseline=0.565063, DL8.5-CBB=0.565063, BinOCT-Flow=0.565063, SNIP=0.565063, GOSDT-DPB=0.565063, Grid-DP=0.565063, RUSH-DP=0.565063
    coverage: shared_valid=50/50, n_features=23
  B= 128 | B_eff_mean=88.39 [2, 128]
    runtime_ms_total_features: Baseline=228ms, DL8.5-CBB=233.3ms, BinOCT-Flow=247.8ms, SNIP=51.43ms, GOSDT-DPB=294.8ms, Grid-DP=9.709ms, RUSH-DP=5.031ms
    speedup_vs_baseline: DL8.5-CBB=0.9772x, BinOCT-Flow=0.9202x, SNIP=4.433x, GOSDT-DPB=0.7734x, Grid-DP=23.48x, RUSH-DP=45.32x
    acc_gap_vs_baseline: DL8.5-CBB=0, BinOCT-Flow=0, SNIP=0, GOSDT-DPB=0, Grid-DP=0, RUSH-DP=0
    accuracy_mean: Baseline=0.565063, DL8.5-CBB=0.565063, BinOCT-Flow=0.565063, SNIP=0.565063, GOSDT-DPB=0.565063, Grid-DP=0.565063, RUSH-DP=0.565063
    coverage: shared_valid=50/50, n_features=23
  B= 256 | B_eff_mean=157.4 [2, 256]
    runtime_ms_total_features: Baseline=817.4ms, DL8.5-CBB=876.3ms, BinOCT-Flow=894.9ms, SNIP=120ms, GOSDT-DPB=1058ms, Grid-DP=17.41ms, RUSH-DP=9.238ms
    speedup_vs_baseline: DL8.5-CBB=0.9328x, BinOCT-Flow=0.9134x, SNIP=6.81x, GOSDT-DPB=0.7729x, Grid-DP=46.96x, RUSH-DP=88.49x
    acc_gap_vs_baseline: DL8.5-CBB=0, BinOCT-Flow=0, SNIP=0, GOSDT-DPB=0, Grid-DP=0, RUSH-DP=0
    accuracy_mean: Baseline=0.565063, DL8.5-CBB=0.565063, BinOCT-Flow=0.565063, SNIP=0.565063, GOSDT-DPB=0.565063, Grid-DP=0.565063, RUSH-DP=0.565063
    coverage: shared_valid=50/50, n_features=23
  B= 512 | B_eff_mean=269.3 [2, 512]
    runtime_ms_total_features: Baseline=2787ms, DL8.5-CBB=3145ms, BinOCT-Flow=3112ms, SNIP=262.8ms, GOSDT-DPB=3603ms, Grid-DP=30.14ms, RUSH-DP=15.97ms
    speedup_vs_baseline: DL8.5-CBB=0.886x, BinOCT-Flow=0.8954x, SNIP=10.6x, GOSDT-DPB=0.7734x, Grid-DP=92.45x, RUSH-DP=174.5x
    acc_gap_vs_baseline: DL8.5-CBB=0, BinOCT-Flow=0, SNIP=0, GOSDT-DPB=0, Grid-DP=0, RUSH-DP=0
    accuracy_mean: Baseline=0.565063, DL8.5-CBB=0.565063, BinOCT-Flow=0.565063, SNIP=0.565063, GOSDT-DPB=0.565063, Grid-DP=0.565063, RUSH-DP=0.565063
    coverage: shared_valid=50/50, n_features=23
  B=1024 | B_eff_mean=460.4 [2, 1024]
    runtime_ms_total_features: Baseline=9674ms, DL8.5-CBB=1.094e+04ms, BinOCT-Flow=1.074e+04ms, SNIP=575.9ms, GOSDT-DPB=1.233e+04ms, Grid-DP=51.65ms, RUSH-DP=27.7ms
    speedup_vs_baseline: DL8.5-CBB=0.8846x, BinOCT-Flow=0.9006x, SNIP=16.8x, GOSDT-DPB=0.7848x, Grid-DP=187.3x, RUSH-DP=349.2x
    acc_gap_vs_baseline: DL8.5-CBB=0, BinOCT-Flow=0, SNIP=0, GOSDT-DPB=0, Grid-DP=0, RUSH-DP=0
    accuracy_mean: Baseline=0.565063, DL8.5-CBB=0.565063, BinOCT-Flow=0.565063, SNIP=0.565063, GOSDT-DPB=0.565063, Grid-DP=0.565063, RUSH-DP=0.565063
    coverage: shared_valid=50/50, n_features=23

[eye-state] shape=14980x14 label_mode=binary classes=2 pos_label=2 pos=6723 neg=8257
  B=  32 | B_eff_mean=32 [32, 32]
    runtime_ms_total_features: Baseline=12.38ms, DL8.5-CBB=8.087ms, BinOCT-Flow=11.31ms, SNIP=3.96ms, GOSDT-DPB=9.543ms, Grid-DP=2.079ms, RUSH-DP=0.4003ms
    speedup_vs_baseline: DL8.5-CBB=1.531x, BinOCT-Flow=1.094x, SNIP=3.125x, GOSDT-DPB=1.297x, Grid-DP=5.952x, RUSH-DP=30.92x
    acc_gap_vs_baseline: DL8.5-CBB=0, BinOCT-Flow=0, SNIP=0, GOSDT-DPB=0, Grid-DP=0, RUSH-DP=0
    accuracy_mean: Baseline=0.630841, DL8.5-CBB=0.630841, BinOCT-Flow=0.630841, SNIP=0.630841, GOSDT-DPB=0.630841, Grid-DP=0.630841, RUSH-DP=0.630841
    coverage: shared_valid=50/50, n_features=14
  B=  64 | B_eff_mean=64 [64, 64]
    runtime_ms_total_features: Baseline=52.99ms, DL8.5-CBB=42.29ms, BinOCT-Flow=54.47ms, SNIP=10.47ms, GOSDT-DPB=54.58ms, Grid-DP=4.159ms, RUSH-DP=0.7871ms
    speedup_vs_baseline: DL8.5-CBB=1.253x, BinOCT-Flow=0.973x, SNIP=5.064x, GOSDT-DPB=0.9709x, Grid-DP=12.74x, RUSH-DP=67.33x
    acc_gap_vs_baseline: DL8.5-CBB=0, BinOCT-Flow=0, SNIP=0, GOSDT-DPB=0, Grid-DP=0, RUSH-DP=0
    accuracy_mean: Baseline=0.633578, DL8.5-CBB=0.633578, BinOCT-Flow=0.633578, SNIP=0.633578, GOSDT-DPB=0.633578, Grid-DP=0.633578, RUSH-DP=0.633578
    coverage: shared_valid=50/50, n_features=14
  B= 128 | B_eff_mean=128 [128, 128]
    runtime_ms_total_features: Baseline=220.1ms, DL8.5-CBB=199.1ms, BinOCT-Flow=236.4ms, SNIP=30.03ms, GOSDT-DPB=262.5ms, Grid-DP=8.493ms, RUSH-DP=1.778ms
    speedup_vs_baseline: DL8.5-CBB=1.105x, BinOCT-Flow=0.9308x, SNIP=7.329x, GOSDT-DPB=0.8383x, Grid-DP=25.91x, RUSH-DP=123.8x
    acc_gap_vs_baseline: DL8.5-CBB=0, BinOCT-Flow=0, SNIP=0, GOSDT-DPB=0, Grid-DP=0, RUSH-DP=0
    accuracy_mean: Baseline=0.635314, DL8.5-CBB=0.635314, BinOCT-Flow=0.635314, SNIP=0.635314, GOSDT-DPB=0.635314, Grid-DP=0.635314, RUSH-DP=0.635314
    coverage: shared_valid=50/50, n_features=14
  B= 256 | B_eff_mean=253.1 [246, 256]
    runtime_ms_total_features: Baseline=876.5ms, DL8.5-CBB=750ms, BinOCT-Flow=935.9ms, SNIP=121.1ms, GOSDT-DPB=1106ms, Grid-DP=17.07ms, RUSH-DP=4.587ms
    speedup_vs_baseline: DL8.5-CBB=1.169x, BinOCT-Flow=0.9365x, SNIP=7.238x, GOSDT-DPB=0.7928x, Grid-DP=51.36x, RUSH-DP=191.1x
    acc_gap_vs_baseline: DL8.5-CBB=0, BinOCT-Flow=0, SNIP=0, GOSDT-DPB=0, Grid-DP=0, RUSH-DP=0
    accuracy_mean: Baseline=0.635781, DL8.5-CBB=0.635781, BinOCT-Flow=0.635781, SNIP=0.635781, GOSDT-DPB=0.635781, Grid-DP=0.635781, RUSH-DP=0.635781
    coverage: shared_valid=50/50, n_features=14
  B= 512 | B_eff_mean=368 [286, 483]
    runtime_ms_total_features: Baseline=1899ms, DL8.5-CBB=1651ms, BinOCT-Flow=2043ms, SNIP=242.6ms, GOSDT-DPB=2422ms, Grid-DP=25.14ms, RUSH-DP=7.154ms
    speedup_vs_baseline: DL8.5-CBB=1.15x, BinOCT-Flow=0.9295x, SNIP=7.828x, GOSDT-DPB=0.7841x, Grid-DP=75.54x, RUSH-DP=265.5x
    acc_gap_vs_baseline: DL8.5-CBB=0, BinOCT-Flow=0, SNIP=0, GOSDT-DPB=0, Grid-DP=0, RUSH-DP=0
    accuracy_mean: Baseline=0.635848, DL8.5-CBB=0.635848, BinOCT-Flow=0.635848, SNIP=0.635848, GOSDT-DPB=0.635848, Grid-DP=0.635848, RUSH-DP=0.635848
    coverage: shared_valid=50/50, n_features=14
  B=1024 | B_eff_mean=388 [286, 593]
    runtime_ms_total_features: Baseline=2174ms, DL8.5-CBB=1949ms, BinOCT-Flow=2328ms, SNIP=253.2ms, GOSDT-DPB=2744ms, Grid-DP=26.56ms, RUSH-DP=7.604ms
    speedup_vs_baseline: DL8.5-CBB=1.115x, BinOCT-Flow=0.9336x, SNIP=8.585x, GOSDT-DPB=0.7921x, Grid-DP=81.83x, RUSH-DP=285.8x
    acc_gap_vs_baseline: DL8.5-CBB=0, BinOCT-Flow=0, SNIP=0, GOSDT-DPB=0, Grid-DP=0, RUSH-DP=0
    accuracy_mean: Baseline=0.635848, DL8.5-CBB=0.635848, BinOCT-Flow=0.635848, SNIP=0.635848, GOSDT-DPB=0.635848, Grid-DP=0.635848, RUSH-DP=0.635848
    coverage: shared_valid=50/50, n_features=14

Saved runtime plot: partition-dp/results/runtime_full_comparison_static_ub_20260224_151313.pdf
Saved B_eff runtime plot: partition-dp/results/runtime_full_comparison_static_ub_20260224_151313_beff.pdf
Saved accuracy plot: partition-dp/results/runtime_full_comparison_static_ub_20260224_151313_accuracy.pdf
Saved metrics log: partition-dp/results/runtime_full_comparison_static_ub_20260224_151313_metrics.json
Saved run profile: /home/users/yz1075/msdt/results/test_strat/test_strat_static_ub_20260224_151313/run_profile.json
Saved time profile: /home/users/yz1075/msdt/results/test_strat/test_strat_static_ub_20260224_151313/run_profile.time.log
Saved command log: /home/users/yz1075/msdt/results/test_strat/test_strat_static_ub_20260224_151313/run_profile.cmd.txt
=== Run Profile Summary ===
wall_time=1:41:35
user_time_sec=6093.48
sys_time_sec=0.97
cpu_utilization=99%
max_rss_kb=678660
max_rss_gb=0.65
Job ended at Tue Feb 24 04:54:49 PM EST 2026
