Job started on compsci-cluster-fitz-35 at Mon Feb 23 11:24:04 PM EST 2026
CPU settings: total_cpus=64, parallel_trials=64, threads_per_trial=1, split_threads=1, lgb_threads=1, xgb_threads=2
Optuna settings: enable=1, trials=10, val_size=0.2, seed=0, timeout_sec=0, warmstart_enable=1, warmstart_root=results, warmstart_max=8, seed_candidates=4, cpu_target=0.94, max_active_studies=0, max_concurrent_trials=0
LightGBM binning backend: device=gpu, gpu_platform=0, gpu_device=0, gpu_fallback=0, max_gpu_jobs=1, gpu_lock_dir=/tmp/msdt_lgb_gpu_lock, binning_max_bins=12, ensemble_runs=3, ensemble_feature_fraction=0.8, ensemble_bagging_fraction=0.8, ensemble_bagging_freq=1, threshold_dedup_eps=1e-9
Dataset runtime mode: datasets=['electricity', 'eye-movements', 'eye-state'], B_sweep=[32, 64, 128, 256, 512, 1024], trials=50, m=5, lambda=0.01, max_branch_n=6, ub_best=inf, binning=lightgbm, dynamic_ub=False, solvers=['baseline', 'dl85_cbb', 'binoct_flow', 'snip', 'gosdt_dpb', 'linear_fallback', 'candidate']

[electricity] shape=45312x8 label_mode=binary classes=2 pos_label=UP pos=19237 neg=26075
  B=  32 | B_eff_mean=28.88 [7, 32]
    runtime_ms_total_features: baseline=6.631ms, dl85_cbb=3.324ms, binoct_flow=5.417ms, snip=2.112ms, gosdt_dpb=4.104ms, linear_fallback=1.232ms, candidate=0.2153ms
    speedup_vs_baseline: dl85_cbb=1.995x, binoct_flow=1.224x, snip=3.14x, gosdt_dpb=1.616x, linear_fallback=5.381x, candidate=30.81x
    acc_gap_vs_baseline: dl85_cbb=0, binoct_flow=0, snip=0, gosdt_dpb=0, linear_fallback=0, candidate=0
    accuracy_mean: baseline=0.75501, dl85_cbb=0.75501, binoct_flow=0.75501, snip=0.75501, gosdt_dpb=0.75501, linear_fallback=0.75501, candidate=0.75501
    coverage: shared_valid=50/50, n_features=8
  B=  64 | B_eff_mean=54.88 [7, 64]
    runtime_ms_total_features: baseline=26.13ms, dl85_cbb=16.23ms, binoct_flow=23.24ms, snip=4.902ms, gosdt_dpb=21.26ms, linear_fallback=2.038ms, candidate=0.3529ms
    speedup_vs_baseline: dl85_cbb=1.61x, binoct_flow=1.124x, snip=5.331x, gosdt_dpb=1.229x, linear_fallback=12.82x, candidate=74.05x
    acc_gap_vs_baseline: dl85_cbb=0, binoct_flow=0, snip=0, gosdt_dpb=0, linear_fallback=0, candidate=0
    accuracy_mean: baseline=0.756886, dl85_cbb=0.756886, binoct_flow=0.756886, snip=0.756886, gosdt_dpb=0.756886, linear_fallback=0.756886, candidate=0.756886
    coverage: shared_valid=50/50, n_features=8
  B= 128 | B_eff_mean=102.9 [7, 128]
    runtime_ms_total_features: baseline=100.4ms, dl85_cbb=70.28ms, binoct_flow=98.08ms, snip=11.72ms, gosdt_dpb=92.46ms, linear_fallback=3.837ms, candidate=0.7242ms
    speedup_vs_baseline: dl85_cbb=1.429x, binoct_flow=1.024x, snip=8.572x, gosdt_dpb=1.086x, linear_fallback=26.18x, candidate=138.7x
    acc_gap_vs_baseline: dl85_cbb=0, binoct_flow=0, snip=0, gosdt_dpb=0, linear_fallback=0, candidate=0
    accuracy_mean: baseline=0.756886, dl85_cbb=0.756886, binoct_flow=0.756886, snip=0.756886, gosdt_dpb=0.756886, linear_fallback=0.756886, candidate=0.756886
    coverage: shared_valid=50/50, n_features=8
  B= 256 | B_eff_mean=198.9 [7, 256]
    runtime_ms_total_features: baseline=381.3ms, dl85_cbb=353.7ms, binoct_flow=401.5ms, snip=30.08ms, gosdt_dpb=451.5ms, linear_fallback=7.52ms, candidate=1.432ms
    speedup_vs_baseline: dl85_cbb=1.078x, binoct_flow=0.9498x, snip=12.68x, gosdt_dpb=0.8446x, linear_fallback=50.7x, candidate=266.3x
    acc_gap_vs_baseline: dl85_cbb=0, binoct_flow=0, snip=0, gosdt_dpb=0, linear_fallback=0, candidate=0
    accuracy_mean: baseline=0.758651, dl85_cbb=0.758651, binoct_flow=0.758651, snip=0.758651, gosdt_dpb=0.758651, linear_fallback=0.758651, candidate=0.758651
    coverage: shared_valid=50/50, n_features=8
  B= 512 | B_eff_mean=390.9 [7, 512]
    runtime_ms_total_features: baseline=1545ms, dl85_cbb=1520ms, binoct_flow=1699ms, snip=91.77ms, gosdt_dpb=1850ms, linear_fallback=15.07ms, candidate=3.61ms
    speedup_vs_baseline: dl85_cbb=1.017x, binoct_flow=0.9094x, snip=16.84x, gosdt_dpb=0.8354x, linear_fallback=102.5x, candidate=428.1x
    acc_gap_vs_baseline: dl85_cbb=0, binoct_flow=0, snip=0, gosdt_dpb=0, linear_fallback=0, candidate=0
    accuracy_mean: baseline=0.758784, dl85_cbb=0.758784, binoct_flow=0.758784, snip=0.758784, gosdt_dpb=0.758784, linear_fallback=0.758784, candidate=0.758784
    coverage: shared_valid=50/50, n_features=8
  B=1024 | B_eff_mean=761.6 [7, 1024]
    runtime_ms_total_features: baseline=6122ms, dl85_cbb=6236ms, binoct_flow=6727ms, snip=291.6ms, gosdt_dpb=7565ms, linear_fallback=29.63ms, candidate=8.309ms
    speedup_vs_baseline: dl85_cbb=0.9817x, binoct_flow=0.91x, snip=21x, gosdt_dpb=0.8092x, linear_fallback=206.6x, candidate=736.7x
    acc_gap_vs_baseline: dl85_cbb=0, binoct_flow=0, snip=0, gosdt_dpb=0, linear_fallback=0, candidate=0
    accuracy_mean: baseline=0.759048, dl85_cbb=0.759048, binoct_flow=0.759048, snip=0.759048, gosdt_dpb=0.759048, linear_fallback=0.759048, candidate=0.759048
    coverage: shared_valid=50/50, n_features=8

[eye-movements] shape=7608x23 label_mode=binary classes=2 pos_label=1 pos=3804 neg=3804
  B=  32 | B_eff_mean=26.26 [2, 32]
    runtime_ms_total_features: baseline=16.04ms, dl85_cbb=14.63ms, binoct_flow=17.67ms, snip=8.118ms, gosdt_dpb=20.12ms, linear_fallback=2.821ms, candidate=1.425ms
    speedup_vs_baseline: dl85_cbb=1.096x, binoct_flow=0.908x, snip=1.976x, gosdt_dpb=0.7975x, linear_fallback=5.688x, candidate=11.26x
    acc_gap_vs_baseline: dl85_cbb=0, binoct_flow=0, snip=0, gosdt_dpb=0, linear_fallback=0, candidate=0
    accuracy_mean: baseline=0.565063, dl85_cbb=0.565063, binoct_flow=0.565063, snip=0.565063, gosdt_dpb=0.565063, linear_fallback=0.565063, candidate=0.565063
    coverage: shared_valid=50/50, n_features=23
  B=  64 | B_eff_mean=50.7 [2, 64]
    runtime_ms_total_features: baseline=65.76ms, dl85_cbb=60.21ms, binoct_flow=72.79ms, snip=22.32ms, gosdt_dpb=81.62ms, linear_fallback=5.538ms, candidate=2.811ms
    speedup_vs_baseline: dl85_cbb=1.092x, binoct_flow=0.9034x, snip=2.947x, gosdt_dpb=0.8057x, linear_fallback=11.87x, candidate=23.39x
    acc_gap_vs_baseline: dl85_cbb=0, binoct_flow=0, snip=0, gosdt_dpb=0, linear_fallback=0, candidate=0
    accuracy_mean: baseline=0.565063, dl85_cbb=0.565063, binoct_flow=0.565063, snip=0.565063, gosdt_dpb=0.565063, linear_fallback=0.565063, candidate=0.565063
    coverage: shared_valid=50/50, n_features=23
  B= 128 | B_eff_mean=88.39 [2, 128]
    runtime_ms_total_features: baseline=220.5ms, dl85_cbb=225ms, binoct_flow=246.6ms, snip=50.68ms, gosdt_dpb=290.8ms, linear_fallback=9.851ms, candidate=5.091ms
    speedup_vs_baseline: dl85_cbb=0.98x, binoct_flow=0.8941x, snip=4.351x, gosdt_dpb=0.7583x, linear_fallback=22.39x, candidate=43.32x
    acc_gap_vs_baseline: dl85_cbb=0, binoct_flow=0, snip=0, gosdt_dpb=0, linear_fallback=0, candidate=0
    accuracy_mean: baseline=0.565063, dl85_cbb=0.565063, binoct_flow=0.565063, snip=0.565063, gosdt_dpb=0.565063, linear_fallback=0.565063, candidate=0.565063
    coverage: shared_valid=50/50, n_features=23
  B= 256 | B_eff_mean=157.4 [2, 256]
    runtime_ms_total_features: baseline=793.1ms, dl85_cbb=861.9ms, binoct_flow=889.9ms, snip=118.6ms, gosdt_dpb=1045ms, linear_fallback=17.52ms, candidate=9.29ms
    speedup_vs_baseline: dl85_cbb=0.9201x, binoct_flow=0.8912x, snip=6.689x, gosdt_dpb=0.7589x, linear_fallback=45.28x, candidate=85.37x
    acc_gap_vs_baseline: dl85_cbb=0, binoct_flow=0, snip=0, gosdt_dpb=0, linear_fallback=0, candidate=0
    accuracy_mean: baseline=0.565063, dl85_cbb=0.565063, binoct_flow=0.565063, snip=0.565063, gosdt_dpb=0.565063, linear_fallback=0.565063, candidate=0.565063
    coverage: shared_valid=50/50, n_features=23
  B= 512 | B_eff_mean=269.3 [2, 512]
    runtime_ms_total_features: baseline=2713ms, dl85_cbb=3069ms, binoct_flow=3078ms, snip=260.9ms, gosdt_dpb=3576ms, linear_fallback=30.15ms, candidate=15.96ms
    speedup_vs_baseline: dl85_cbb=0.8839x, binoct_flow=0.8815x, snip=10.4x, gosdt_dpb=0.7587x, linear_fallback=89.97x, candidate=170x
    acc_gap_vs_baseline: dl85_cbb=0, binoct_flow=0, snip=0, gosdt_dpb=0, linear_fallback=0, candidate=0
    accuracy_mean: baseline=0.565063, dl85_cbb=0.565063, binoct_flow=0.565063, snip=0.565063, gosdt_dpb=0.565063, linear_fallback=0.565063, candidate=0.565063
    coverage: shared_valid=50/50, n_features=23
  B=1024 | B_eff_mean=460.4 [2, 1024]
    runtime_ms_total_features: baseline=9439ms, dl85_cbb=1.081e+04ms, binoct_flow=1.069e+04ms, snip=572.5ms, gosdt_dpb=1.211e+04ms, linear_fallback=51.53ms, candidate=27.7ms
    speedup_vs_baseline: dl85_cbb=0.8731x, binoct_flow=0.8832x, snip=16.49x, gosdt_dpb=0.7793x, linear_fallback=183.2x, candidate=340.7x
    acc_gap_vs_baseline: dl85_cbb=0, binoct_flow=0, snip=0, gosdt_dpb=0, linear_fallback=0, candidate=0
    accuracy_mean: baseline=0.565063, dl85_cbb=0.565063, binoct_flow=0.565063, snip=0.565063, gosdt_dpb=0.565063, linear_fallback=0.565063, candidate=0.565063
    coverage: shared_valid=50/50, n_features=23

[eye-state] shape=14980x14 label_mode=binary classes=2 pos_label=2 pos=6723 neg=8257
  B=  32 | B_eff_mean=32 [32, 32]
    runtime_ms_total_features: baseline=12ms, dl85_cbb=8.105ms, binoct_flow=11.14ms, snip=3.916ms, gosdt_dpb=9.518ms, linear_fallback=2.062ms, candidate=0.4009ms
    speedup_vs_baseline: dl85_cbb=1.48x, binoct_flow=1.077x, snip=3.064x, gosdt_dpb=1.261x, linear_fallback=5.818x, candidate=29.93x
    acc_gap_vs_baseline: dl85_cbb=0, binoct_flow=0, snip=0, gosdt_dpb=0, linear_fallback=0, candidate=0
    accuracy_mean: baseline=0.630841, dl85_cbb=0.630841, binoct_flow=0.630841, snip=0.630841, gosdt_dpb=0.630841, linear_fallback=0.630841, candidate=0.630841
    coverage: shared_valid=50/50, n_features=14
  B=  64 | B_eff_mean=64 [64, 64]
    runtime_ms_total_features: baseline=51.76ms, dl85_cbb=42.29ms, binoct_flow=54.63ms, snip=10.41ms, gosdt_dpb=54.64ms, linear_fallback=4.216ms, candidate=0.7955ms
    speedup_vs_baseline: dl85_cbb=1.224x, binoct_flow=0.9475x, snip=4.971x, gosdt_dpb=0.9473x, linear_fallback=12.28x, candidate=65.07x
    acc_gap_vs_baseline: dl85_cbb=0, binoct_flow=0, snip=0, gosdt_dpb=0, linear_fallback=0, candidate=0
    accuracy_mean: baseline=0.633578, dl85_cbb=0.633578, binoct_flow=0.633578, snip=0.633578, gosdt_dpb=0.633578, linear_fallback=0.633578, candidate=0.633578
    coverage: shared_valid=50/50, n_features=14
  B= 128 | B_eff_mean=128 [128, 128]
    runtime_ms_total_features: baseline=213.9ms, dl85_cbb=197.5ms, binoct_flow=235ms, snip=29.92ms, gosdt_dpb=260.9ms, linear_fallback=8.534ms, candidate=1.779ms
    speedup_vs_baseline: dl85_cbb=1.083x, binoct_flow=0.9104x, snip=7.149x, gosdt_dpb=0.82x, linear_fallback=25.06x, candidate=120.3x
    acc_gap_vs_baseline: dl85_cbb=0, binoct_flow=0, snip=0, gosdt_dpb=0, linear_fallback=0, candidate=0
    accuracy_mean: baseline=0.635314, dl85_cbb=0.635314, binoct_flow=0.635314, snip=0.635314, gosdt_dpb=0.635314, linear_fallback=0.635314, candidate=0.635314
    coverage: shared_valid=50/50, n_features=14
  B= 256 | B_eff_mean=253.1 [246, 256]
    runtime_ms_total_features: baseline=857.2ms, dl85_cbb=747.2ms, binoct_flow=934.7ms, snip=120.2ms, gosdt_dpb=1100ms, linear_fallback=17.08ms, candidate=4.593ms
    speedup_vs_baseline: dl85_cbb=1.147x, binoct_flow=0.9171x, snip=7.131x, gosdt_dpb=0.7795x, linear_fallback=50.17x, candidate=186.6x
    acc_gap_vs_baseline: dl85_cbb=0, binoct_flow=0, snip=0, gosdt_dpb=0, linear_fallback=0, candidate=0
    accuracy_mean: baseline=0.635781, dl85_cbb=0.635781, binoct_flow=0.635781, snip=0.635781, gosdt_dpb=0.635781, linear_fallback=0.635781, candidate=0.635781
    coverage: shared_valid=50/50, n_features=14
  B= 512 | B_eff_mean=368 [286, 483]
    runtime_ms_total_features: baseline=1849ms, dl85_cbb=1633ms, binoct_flow=2031ms, snip=240.2ms, gosdt_dpb=2354ms, linear_fallback=24.98ms, candidate=7.125ms
    speedup_vs_baseline: dl85_cbb=1.132x, binoct_flow=0.9106x, snip=7.698x, gosdt_dpb=0.7853x, linear_fallback=74.03x, candidate=259.5x
    acc_gap_vs_baseline: dl85_cbb=0, binoct_flow=0, snip=0, gosdt_dpb=0, linear_fallback=0, candidate=0
    accuracy_mean: baseline=0.635848, dl85_cbb=0.635848, binoct_flow=0.635848, snip=0.635848, gosdt_dpb=0.635848, linear_fallback=0.635848, candidate=0.635848
    coverage: shared_valid=50/50, n_features=14
  B=1024 | B_eff_mean=388 [286, 593]
    runtime_ms_total_features: baseline=2119ms, dl85_cbb=1909ms, binoct_flow=2314ms, snip=250.7ms, gosdt_dpb=2698ms, linear_fallback=26.57ms, candidate=7.613ms
    speedup_vs_baseline: dl85_cbb=1.11x, binoct_flow=0.9156x, snip=8.451x, gosdt_dpb=0.7854x, linear_fallback=79.76x, candidate=278.3x
    acc_gap_vs_baseline: dl85_cbb=0, binoct_flow=0, snip=0, gosdt_dpb=0, linear_fallback=0, candidate=0
    accuracy_mean: baseline=0.635848, dl85_cbb=0.635848, binoct_flow=0.635848, snip=0.635848, gosdt_dpb=0.635848, linear_fallback=0.635848, candidate=0.635848
    coverage: shared_valid=50/50, n_features=14

Saved runtime plot: partition-dp/results/runtime_full_comparison.png
Saved B_eff runtime plot: partition-dp/results/runtime_full_comparison_beff.png
Saved accuracy plot: partition-dp/results/runtime_full_comparison_accuracy.png
Saved run profile: /home/users/yz1075/msdt/results/test_strat/.profile_test_strat_static_ub_20260223_232403_10614547/run_profile.json
Saved time profile: /home/users/yz1075/msdt/results/test_strat/.profile_test_strat_static_ub_20260223_232403_10614547/run_profile.time.log
Saved command log: /home/users/yz1075/msdt/results/test_strat/.profile_test_strat_static_ub_20260223_232403_10614547/run_profile.cmd.txt
=== Run Profile Summary ===
wall_time=1:40:18
user_time_sec=6014.79
sys_time_sec=1.13
cpu_utilization=99%
max_rss_kb=673932
max_rss_gb=0.64
Job ended at Tue Feb 24 01:04:22 AM EST 2026
