	Command being timed: ".venv/bin/python -"
	User time (seconds): 123.25
	System time (seconds): 3.21
	Percent of CPU this job got: 107%
	Elapsed (wall clock) time (h:mm:ss or m:ss): 1:57.47
	Average shared text size (kbytes): 0
	Average unshared data size (kbytes): 0
	Average stack size (kbytes): 0
	Average total size (kbytes): 0
	Maximum resident set size (kbytes): 2022868
	Average resident set size (kbytes): 0
	Major (requiring I/O) page faults: 1979
	Minor (reclaiming a frame) page faults: 1119833
	Voluntary context switches: 8795
	Involuntary context switches: 683
	Swaps: 0
	File system inputs: 344064
	File system outputs: 5152
	Socket messages sent: 0
	Socket messages received: 0
	Signals delivered: 0
	Page size (bytes): 4096
	Exit status: 0
