Traceback (most recent call last):
  File "/home/users/yz1075/msdt/benchmark_root_rashomon_frontier.py", line 268, in <module>
    main()
  File "/home/users/yz1075/msdt/benchmark_root_rashomon_frontier.py", line 152, in main
    debug_json = msplit_debug_teacher_atomcolor_root_feature(
RuntimeError: MSPLIT exceeded time_limit during C++ solve.
Command exited with non-zero status 1
	Command being timed: ".venv/bin/python benchmark_root_rashomon_frontier.py --seed 0 --depth 4 --lookahead 3 --max-bins 255 --min-child-size 8 --proposal-atom-cap 32 --max-branching 3 --reg 0.0 --binner-threads 16 --root-time-limit 300 --output /home/users/yz1075/msdt/tmp_root_rashomon_frontier_electricity_d4.json"
	User time (seconds): 370.74
	System time (seconds): 6.29
	Percent of CPU this job got: 121%
	Elapsed (wall clock) time (h:mm:ss or m:ss): 5:10.34
	Average shared text size (kbytes): 0
	Average unshared data size (kbytes): 0
	Average stack size (kbytes): 0
	Average total size (kbytes): 0
	Maximum resident set size (kbytes): 5073648
	Average resident set size (kbytes): 0
	Major (requiring I/O) page faults: 112
	Minor (reclaiming a frame) page faults: 1500357
	Voluntary context switches: 5571
	Involuntary context switches: 3133
	Swaps: 0
	File system inputs: 3968
	File system outputs: 5144
	Socket messages sent: 0
	Socket messages received: 0
	Signals delivered: 0
	Page size (bytes): 4096
	Exit status: 1
