Job started on compsci-cluster-fitz-36 at Tue Feb 24 03:13:14 PM EST 2026
CPU settings: total_cpus=64, parallel_trials=64, threads_per_trial=1, split_threads=1, lgb_threads=1, xgb_threads=2
Optuna settings: enable=1, trials=10, val_size=0.2, seed=0, timeout_sec=0, warmstart_enable=1, warmstart_root=results, warmstart_max=8, seed_candidates=4, cpu_target=0.94, max_active_studies=0, max_concurrent_trials=0
LightGBM binning backend: device=gpu, gpu_platform=0, gpu_device=0, gpu_fallback=0, max_gpu_jobs=1, gpu_lock_dir=/tmp/msdt_lgb_gpu_lock, binning_max_bins=12, ensemble_runs=3, ensemble_feature_fraction=0.8, ensemble_bagging_fraction=0.8, ensemble_bagging_freq=1, threshold_dedup_eps=1e-9
Dataset runtime mode: datasets=['electricity', 'eye-movements', 'eye-state'], B_sweep=[32, 64, 128, 256, 512, 1024], trials=50, m=5, lambda=0.01, max_branch_n=6, ub_best=inf, binning=lightgbm, dynamic_ub=True, solvers=['baseline', 'dl85_cbb', 'binoct_flow', 'snip', 'gosdt_dpb', 'linear_fallback', 'candidate']

[electricity] shape=45312x8 label_mode=binary classes=2 pos_label=UP pos=19237 neg=26075
  B=  32 | B_eff_mean=28.88 [7, 32]
    runtime_ms_total_features: Baseline=2.993ms, DL8.5-CBB=1.909ms, BinOCT-Flow=2.79ms, SNIP=0.9389ms, GOSDT-DPB=2.248ms, Grid-DP=0.5323ms, RUSH-DP=0.15ms
    speedup_vs_baseline: DL8.5-CBB=1.568x, BinOCT-Flow=1.073x, SNIP=3.187x, GOSDT-DPB=1.331x, Grid-DP=5.622x, RUSH-DP=19.95x
    acc_gap_vs_baseline: DL8.5-CBB=0, BinOCT-Flow=0, SNIP=0, GOSDT-DPB=0, Grid-DP=0, RUSH-DP=0
    accuracy_mean: Baseline=0.75501, DL8.5-CBB=0.75501, BinOCT-Flow=0.75501, SNIP=0.75501, GOSDT-DPB=0.75501, Grid-DP=0.75501, RUSH-DP=0.75501
    coverage: shared_valid=50/50, n_features=8
  B=  64 | B_eff_mean=54.88 [7, 64]
    runtime_ms_total_features: Baseline=10.62ms, DL8.5-CBB=6.24ms, BinOCT-Flow=9.336ms, SNIP=1.998ms, GOSDT-DPB=8.375ms, Grid-DP=0.8312ms, RUSH-DP=0.2337ms
    speedup_vs_baseline: DL8.5-CBB=1.703x, BinOCT-Flow=1.138x, SNIP=5.318x, GOSDT-DPB=1.268x, Grid-DP=12.78x, RUSH-DP=45.45x
    acc_gap_vs_baseline: DL8.5-CBB=0, BinOCT-Flow=0, SNIP=0, GOSDT-DPB=0, Grid-DP=0, RUSH-DP=0
    accuracy_mean: Baseline=0.756886, DL8.5-CBB=0.756886, BinOCT-Flow=0.756886, SNIP=0.756886, GOSDT-DPB=0.756886, Grid-DP=0.756886, RUSH-DP=0.756886
    coverage: shared_valid=50/50, n_features=8
  B= 128 | B_eff_mean=102.9 [7, 128]
    runtime_ms_total_features: Baseline=36.01ms, DL8.5-CBB=23.94ms, BinOCT-Flow=29.84ms, SNIP=3.897ms, GOSDT-DPB=28.3ms, Grid-DP=1.442ms, RUSH-DP=0.4434ms
    speedup_vs_baseline: DL8.5-CBB=1.504x, BinOCT-Flow=1.207x, SNIP=9.24x, GOSDT-DPB=1.272x, Grid-DP=24.97x, RUSH-DP=81.22x
    acc_gap_vs_baseline: DL8.5-CBB=0, BinOCT-Flow=0, SNIP=0, GOSDT-DPB=0, Grid-DP=0, RUSH-DP=0
    accuracy_mean: Baseline=0.756886, DL8.5-CBB=0.756886, BinOCT-Flow=0.756886, SNIP=0.756886, GOSDT-DPB=0.756886, Grid-DP=0.756886, RUSH-DP=0.756886
    coverage: shared_valid=50/50, n_features=8
  B= 256 | B_eff_mean=198.9 [7, 256]
    runtime_ms_total_features: Baseline=128.6ms, DL8.5-CBB=136.9ms, BinOCT-Flow=138.8ms, SNIP=9.384ms, GOSDT-DPB=160.4ms, Grid-DP=2.65ms, RUSH-DP=0.8849ms
    speedup_vs_baseline: DL8.5-CBB=0.939x, BinOCT-Flow=0.9263x, SNIP=13.7x, GOSDT-DPB=0.8016x, Grid-DP=48.52x, RUSH-DP=145.3x
    acc_gap_vs_baseline: DL8.5-CBB=0, BinOCT-Flow=0, SNIP=0, GOSDT-DPB=0, Grid-DP=0, RUSH-DP=0
    accuracy_mean: Baseline=0.758651, DL8.5-CBB=0.758651, BinOCT-Flow=0.758651, SNIP=0.758651, GOSDT-DPB=0.758651, Grid-DP=0.758651, RUSH-DP=0.758651
    coverage: shared_valid=50/50, n_features=8
  B= 512 | B_eff_mean=390.9 [7, 512]
    runtime_ms_total_features: Baseline=522.1ms, DL8.5-CBB=560ms, BinOCT-Flow=577.5ms, SNIP=27.38ms, GOSDT-DPB=660.9ms, Grid-DP=5.189ms, RUSH-DP=1.936ms
    speedup_vs_baseline: DL8.5-CBB=0.9324x, BinOCT-Flow=0.9041x, SNIP=19.07x, GOSDT-DPB=0.79x, Grid-DP=100.6x, RUSH-DP=269.7x
    acc_gap_vs_baseline: DL8.5-CBB=0, BinOCT-Flow=0, SNIP=0, GOSDT-DPB=0, Grid-DP=0, RUSH-DP=0
    accuracy_mean: Baseline=0.758784, DL8.5-CBB=0.758784, BinOCT-Flow=0.758784, SNIP=0.758784, GOSDT-DPB=0.758784, Grid-DP=0.758784, RUSH-DP=0.758784
    coverage: shared_valid=50/50, n_features=8
  B=1024 | B_eff_mean=761.6 [7, 1024]
    runtime_ms_total_features: Baseline=1924ms, DL8.5-CBB=2067ms, BinOCT-Flow=2122ms, SNIP=85.89ms, GOSDT-DPB=2472ms, Grid-DP=9.583ms, RUSH-DP=3.965ms
    speedup_vs_baseline: DL8.5-CBB=0.9306x, BinOCT-Flow=0.9064x, SNIP=22.4x, GOSDT-DPB=0.7781x, Grid-DP=200.7x, RUSH-DP=485.2x
    acc_gap_vs_baseline: DL8.5-CBB=0, BinOCT-Flow=0, SNIP=0, GOSDT-DPB=0, Grid-DP=0, RUSH-DP=0
    accuracy_mean: Baseline=0.759048, DL8.5-CBB=0.759048, BinOCT-Flow=0.759048, SNIP=0.759048, GOSDT-DPB=0.759048, Grid-DP=0.759048, RUSH-DP=0.759048
    coverage: shared_valid=50/50, n_features=8

[eye-movements] shape=7608x23 label_mode=binary classes=2 pos_label=1 pos=3804 neg=3804
  B=  32 | B_eff_mean=26.26 [2, 32]
    runtime_ms_total_features: Baseline=4.513ms, DL8.5-CBB=4.103ms, BinOCT-Flow=4.974ms, SNIP=2.481ms, GOSDT-DPB=5.052ms, Grid-DP=0.7652ms, RUSH-DP=0.5209ms
    speedup_vs_baseline: DL8.5-CBB=1.1x, BinOCT-Flow=0.9074x, SNIP=1.819x, GOSDT-DPB=0.8934x, Grid-DP=5.898x, RUSH-DP=8.663x
    acc_gap_vs_baseline: DL8.5-CBB=0, BinOCT-Flow=0, SNIP=0, GOSDT-DPB=0, Grid-DP=0, RUSH-DP=0
    accuracy_mean: Baseline=0.565063, DL8.5-CBB=0.565063, BinOCT-Flow=0.565063, SNIP=0.565063, GOSDT-DPB=0.565063, Grid-DP=0.565063, RUSH-DP=0.565063
    coverage: shared_valid=50/50, n_features=23
  B=  64 | B_eff_mean=50.7 [2, 64]
    runtime_ms_total_features: Baseline=30.18ms, DL8.5-CBB=29.89ms, BinOCT-Flow=33.46ms, SNIP=9.874ms, GOSDT-DPB=38.69ms, Grid-DP=2.28ms, RUSH-DP=1.325ms
    speedup_vs_baseline: DL8.5-CBB=1.01x, BinOCT-Flow=0.902x, SNIP=3.057x, GOSDT-DPB=0.7801x, Grid-DP=13.24x, RUSH-DP=22.78x
    acc_gap_vs_baseline: DL8.5-CBB=0, BinOCT-Flow=0, SNIP=0, GOSDT-DPB=0, Grid-DP=0, RUSH-DP=0
    accuracy_mean: Baseline=0.565063, DL8.5-CBB=0.565063, BinOCT-Flow=0.565063, SNIP=0.565063, GOSDT-DPB=0.565063, Grid-DP=0.565063, RUSH-DP=0.565063
    coverage: shared_valid=50/50, n_features=23
  B= 128 | B_eff_mean=88.39 [2, 128]
    runtime_ms_total_features: Baseline=193.2ms, DL8.5-CBB=204.4ms, BinOCT-Flow=214.8ms, SNIP=39.8ms, GOSDT-DPB=261.1ms, Grid-DP=7.129ms, RUSH-DP=3.754ms
    speedup_vs_baseline: DL8.5-CBB=0.9452x, BinOCT-Flow=0.8996x, SNIP=4.855x, GOSDT-DPB=0.7401x, Grid-DP=27.11x, RUSH-DP=51.47x
    acc_gap_vs_baseline: DL8.5-CBB=0, BinOCT-Flow=0, SNIP=0, GOSDT-DPB=0, Grid-DP=0, RUSH-DP=0
    accuracy_mean: Baseline=0.565063, DL8.5-CBB=0.565063, BinOCT-Flow=0.565063, SNIP=0.565063, GOSDT-DPB=0.565063, Grid-DP=0.565063, RUSH-DP=0.565063
    coverage: shared_valid=50/50, n_features=23
  B= 256 | B_eff_mean=157.4 [2, 256]
    runtime_ms_total_features: Baseline=747.8ms, DL8.5-CBB=826.6ms, BinOCT-Flow=834.8ms, SNIP=103.6ms, GOSDT-DPB=988.9ms, Grid-DP=14.13ms, RUSH-DP=7.611ms
    speedup_vs_baseline: DL8.5-CBB=0.9047x, BinOCT-Flow=0.8958x, SNIP=7.222x, GOSDT-DPB=0.7562x, Grid-DP=52.91x, RUSH-DP=98.26x
    acc_gap_vs_baseline: DL8.5-CBB=0, BinOCT-Flow=0, SNIP=0, GOSDT-DPB=0, Grid-DP=0, RUSH-DP=0
    accuracy_mean: Baseline=0.565063, DL8.5-CBB=0.565063, BinOCT-Flow=0.565063, SNIP=0.565063, GOSDT-DPB=0.565063, Grid-DP=0.565063, RUSH-DP=0.565063
    coverage: shared_valid=50/50, n_features=23
  B= 512 | B_eff_mean=269.3 [2, 512]
    runtime_ms_total_features: Baseline=2685ms, DL8.5-CBB=3064ms, BinOCT-Flow=3031ms, SNIP=247.6ms, GOSDT-DPB=3534ms, Grid-DP=26.28ms, RUSH-DP=14.08ms
    speedup_vs_baseline: DL8.5-CBB=0.8762x, BinOCT-Flow=0.8858x, SNIP=10.84x, GOSDT-DPB=0.7597x, Grid-DP=102.1x, RUSH-DP=190.6x
    acc_gap_vs_baseline: DL8.5-CBB=0, BinOCT-Flow=0, SNIP=0, GOSDT-DPB=0, Grid-DP=0, RUSH-DP=0
    accuracy_mean: Baseline=0.565063, DL8.5-CBB=0.565063, BinOCT-Flow=0.565063, SNIP=0.565063, GOSDT-DPB=0.565063, Grid-DP=0.565063, RUSH-DP=0.565063
    coverage: shared_valid=50/50, n_features=23
  B=1024 | B_eff_mean=460.4 [2, 1024]
    runtime_ms_total_features: Baseline=9451ms, DL8.5-CBB=1.084e+04ms, BinOCT-Flow=1.062e+04ms, SNIP=560.7ms, GOSDT-DPB=1.21e+04ms, Grid-DP=46.83ms, RUSH-DP=25.4ms
    speedup_vs_baseline: DL8.5-CBB=0.8716x, BinOCT-Flow=0.8899x, SNIP=16.86x, GOSDT-DPB=0.7812x, Grid-DP=201.8x, RUSH-DP=372x
    acc_gap_vs_baseline: DL8.5-CBB=0, BinOCT-Flow=0, SNIP=0, GOSDT-DPB=0, Grid-DP=0, RUSH-DP=0
    accuracy_mean: Baseline=0.565063, DL8.5-CBB=0.565063, BinOCT-Flow=0.565063, SNIP=0.565063, GOSDT-DPB=0.565063, Grid-DP=0.565063, RUSH-DP=0.565063
    coverage: shared_valid=50/50, n_features=23

[eye-state] shape=14980x14 label_mode=binary classes=2 pos_label=2 pos=6723 neg=8257
  B=  32 | B_eff_mean=32 [32, 32]
    runtime_ms_total_features: Baseline=2.589ms, DL8.5-CBB=1.463ms, BinOCT-Flow=2.195ms, SNIP=1.013ms, GOSDT-DPB=1.824ms, Grid-DP=0.4422ms, RUSH-DP=0.1676ms
    speedup_vs_baseline: DL8.5-CBB=1.77x, BinOCT-Flow=1.179x, SNIP=2.557x, GOSDT-DPB=1.42x, Grid-DP=5.855x, RUSH-DP=15.45x
    acc_gap_vs_baseline: DL8.5-CBB=0, BinOCT-Flow=0, SNIP=0, GOSDT-DPB=0, Grid-DP=0, RUSH-DP=0
    accuracy_mean: Baseline=0.630841, DL8.5-CBB=0.630841, BinOCT-Flow=0.630841, SNIP=0.630841, GOSDT-DPB=0.630841, Grid-DP=0.630841, RUSH-DP=0.630841
    coverage: shared_valid=50/50, n_features=14
  B=  64 | B_eff_mean=64 [64, 64]
    runtime_ms_total_features: Baseline=11.17ms, DL8.5-CBB=6.951ms, BinOCT-Flow=10.68ms, SNIP=2.91ms, GOSDT-DPB=10.8ms, Grid-DP=0.8813ms, RUSH-DP=0.2849ms
    speedup_vs_baseline: DL8.5-CBB=1.606x, BinOCT-Flow=1.045x, SNIP=3.837x, GOSDT-DPB=1.034x, Grid-DP=12.67x, RUSH-DP=39.19x
    acc_gap_vs_baseline: DL8.5-CBB=0, BinOCT-Flow=0, SNIP=0, GOSDT-DPB=0, Grid-DP=0, RUSH-DP=0
    accuracy_mean: Baseline=0.633578, DL8.5-CBB=0.633578, BinOCT-Flow=0.633578, SNIP=0.633578, GOSDT-DPB=0.633578, Grid-DP=0.633578, RUSH-DP=0.633578
    coverage: shared_valid=50/50, n_features=14
  B= 128 | B_eff_mean=128 [128, 128]
    runtime_ms_total_features: Baseline=46.45ms, DL8.5-CBB=35.35ms, BinOCT-Flow=51.05ms, SNIP=8.28ms, GOSDT-DPB=59.42ms, Grid-DP=1.774ms, RUSH-DP=0.6062ms
    speedup_vs_baseline: DL8.5-CBB=1.314x, BinOCT-Flow=0.9099x, SNIP=5.61x, GOSDT-DPB=0.7818x, Grid-DP=26.18x, RUSH-DP=76.62x
    acc_gap_vs_baseline: DL8.5-CBB=0, BinOCT-Flow=0, SNIP=0, GOSDT-DPB=0, Grid-DP=0, RUSH-DP=0
    accuracy_mean: Baseline=0.635314, DL8.5-CBB=0.635314, BinOCT-Flow=0.635314, SNIP=0.635314, GOSDT-DPB=0.635314, Grid-DP=0.635314, RUSH-DP=0.635314
    coverage: shared_valid=50/50, n_features=14
  B= 256 | B_eff_mean=253.1 [246, 256]
    runtime_ms_total_features: Baseline=182.7ms, DL8.5-CBB=144.3ms, BinOCT-Flow=198.2ms, SNIP=34.89ms, GOSDT-DPB=251.3ms, Grid-DP=3.492ms, RUSH-DP=1.316ms
    speedup_vs_baseline: DL8.5-CBB=1.266x, BinOCT-Flow=0.9219x, SNIP=5.237x, GOSDT-DPB=0.7269x, Grid-DP=52.32x, RUSH-DP=138.8x
    acc_gap_vs_baseline: DL8.5-CBB=0, BinOCT-Flow=0, SNIP=0, GOSDT-DPB=0, Grid-DP=0, RUSH-DP=0
    accuracy_mean: Baseline=0.635781, DL8.5-CBB=0.635781, BinOCT-Flow=0.635781, SNIP=0.635781, GOSDT-DPB=0.635781, Grid-DP=0.635781, RUSH-DP=0.635781
    coverage: shared_valid=50/50, n_features=14
  B= 512 | B_eff_mean=368 [286, 483]
    runtime_ms_total_features: Baseline=408.8ms, DL8.5-CBB=324.8ms, BinOCT-Flow=443.7ms, SNIP=72.56ms, GOSDT-DPB=531.7ms, Grid-DP=5.199ms, RUSH-DP=2.163ms
    speedup_vs_baseline: DL8.5-CBB=1.259x, BinOCT-Flow=0.9214x, SNIP=5.635x, GOSDT-DPB=0.769x, Grid-DP=78.63x, RUSH-DP=189x
    acc_gap_vs_baseline: DL8.5-CBB=0, BinOCT-Flow=0, SNIP=0, GOSDT-DPB=0, Grid-DP=0, RUSH-DP=0
    accuracy_mean: Baseline=0.635848, DL8.5-CBB=0.635848, BinOCT-Flow=0.635848, SNIP=0.635848, GOSDT-DPB=0.635848, Grid-DP=0.635848, RUSH-DP=0.635848
    coverage: shared_valid=50/50, n_features=14
  B=1024 | B_eff_mean=388 [286, 593]
    runtime_ms_total_features: Baseline=467ms, DL8.5-CBB=387.4ms, BinOCT-Flow=508.8ms, SNIP=76ms, GOSDT-DPB=625.4ms, Grid-DP=5.512ms, RUSH-DP=2.328ms
    speedup_vs_baseline: DL8.5-CBB=1.206x, BinOCT-Flow=0.9178x, SNIP=6.144x, GOSDT-DPB=0.7467x, Grid-DP=84.72x, RUSH-DP=200.6x
    acc_gap_vs_baseline: DL8.5-CBB=0, BinOCT-Flow=0, SNIP=0, GOSDT-DPB=0, Grid-DP=0, RUSH-DP=0
    accuracy_mean: Baseline=0.635848, DL8.5-CBB=0.635848, BinOCT-Flow=0.635848, SNIP=0.635848, GOSDT-DPB=0.635848, Grid-DP=0.635848, RUSH-DP=0.635848
    coverage: shared_valid=50/50, n_features=14

Saved runtime plot: partition-dp/results/runtime_full_comparison_dynamic_ub_20260224_151313.pdf
Saved B_eff runtime plot: partition-dp/results/runtime_full_comparison_dynamic_ub_20260224_151313_beff.pdf
Saved accuracy plot: partition-dp/results/runtime_full_comparison_dynamic_ub_20260224_151313_accuracy.pdf
Saved metrics log: partition-dp/results/runtime_full_comparison_dynamic_ub_20260224_151313_metrics.json
Saved run profile: /home/users/yz1075/msdt/results/test_strat/test_strat_dynamic_ub_20260224_151313/run_profile.json
Saved time profile: /home/users/yz1075/msdt/results/test_strat/test_strat_dynamic_ub_20260224_151313/run_profile.time.log
Saved command log: /home/users/yz1075/msdt/results/test_strat/test_strat_dynamic_ub_20260224_151313/run_profile.cmd.txt
=== Run Profile Summary ===
wall_time=1:04:59
user_time_sec=3897.88
sys_time_sec=0.73
cpu_utilization=99%
max_rss_kb=562796
max_rss_gb=0.54
Job ended at Tue Feb 24 04:18:13 PM EST 2026
