Job started on compsci-cluster-fitz-47 at Thu Feb 26 08:21:04 AM EST 2026
CPU settings: total_cpus=64, target_cpus=20, parallel_trials=20, threads_per_trial=1, split_threads=1, lgb_threads=1, xgb_threads=1
Optuna settings: enable=0, trials=5, val_size=0.2, seed=0, timeout_sec=0, warmstart_enable=1, warmstart_root=results, warmstart_max=8, seed_candidates=4, cpu_target=1.0, max_active_studies=0, max_concurrent_trials=0
Split protocol: paper_split_protocol=1
MSPLIT variant: rush_dp
LightGBM binning backend: device=cpu, gpu_platform=0, gpu_device=0, gpu_fallback=1, max_gpu_jobs=1, gpu_lock_dir=/tmp/msdt_lgb_gpu_lock, ensemble_runs=3, ensemble_feature_fraction=0.8, ensemble_bagging_fraction=0.8, ensemble_bagging_freq=1, threshold_dedup_eps=1e-9
SPLIT native backend import OK
[compare] running: /home/users/yz1075/msdt/.venv/bin/python run_multisplit_experiments_lightgbm.py --run-name acc_compare_rushdp_nooptuna_20260226_082101_lightgbm --datasets electricity eye-movements eye-state --depth-budgets 2 3 4 5 --seeds 0 1 2 3 4 --test-size 0.2 --time-limit 3000.0 --lookahead-cap 3 --max-bins 255 --min-samples-leaf 8 --min-child-size 8 --max-branching 5 --reg 0.01 --msplit-variant rush_dp --parallel-trials 20 --threads-per-trial 1 --optuna-trials 5 --optuna-val-size 0.2 --optuna-seed 0 --optuna-timeout-sec 0.0 --optuna-warmstart-root results --optuna-warmstart-max-per-study 8 --optuna-seed-candidates 4 --cpu-utilization-target 1.0 --optuna-max-active-studies 0 --optuna-max-concurrent-trials 0 --results-root results/comparison/acc_compare_rushdp_nooptuna_20260226_082101/_tmp/runs_lightgbm/acc_compare_rushdp_nooptuna_20260226_082101_lightgbm --stable-results-dir results/comparison/acc_compare_rushdp_nooptuna_20260226_082101/_tmp/stable_lightgbm --no-package-artifacts --no-optuna-enable --optuna-warmstart-enable --paper-split-protocol --tree-artifacts-dir results/comparison/acc_compare_rushdp_nooptuna_20260226_082101/tree_artifacts/lightgbm_mssplit_all --lgb-device-type cpu --lgb-ensemble-runs 3 --lgb-ensemble-feature-fraction 0.8 --lgb-ensemble-bagging-fraction 0.8 --lgb-ensemble-bagging-freq 1 --lgb-threshold-dedup-eps 1e-09 --lgb-gpu-platform-id 0 --lgb-gpu-device-id 0 --lgb-gpu-fallback --lgb-max-gpu-jobs 1 --lgb-gpu-lock-dir /tmp/msdt_lgb_gpu_lock
[2026-02-26T08:21:08-05:00] Starting LightGBM multisplit experiment run.
[2026-02-26T08:21:08-05:00] run_name=acc_compare_rushdp_nooptuna_20260226_082101_lightgbm
[2026-02-26T08:21:08-05:00] run_dir=/home/users/yz1075/msdt/results/comparison/acc_compare_rushdp_nooptuna_20260226_082101/_tmp/runs_lightgbm/acc_compare_rushdp_nooptuna_20260226_082101_lightgbm/acc_compare_rushdp_nooptuna_20260226_082101_lightgbm
[2026-02-26T08:21:08-05:00] parallel settings: parallel_trials=20, threads_per_trial=1, lgb_threads=1, lgb_ensemble_runs=3, lgb_device=cpu, lgb_max_gpu_jobs=1, core_budget=20, effective_core_budget=20, effective_parallel_trials=20, cpu_target=1.0
[2026-02-26T08:21:08-05:00] OpenML cache directory set to /home/users/yz1075/msdt/results/openml_cache
[2026-02-26T08:21:08-05:00] Loading dataset=electricity
[2026-02-26T08:21:08-05:00] dataset=electricity, class_prevalence(max class)=0.5755
[2026-02-26T08:21:08-05:00] Loading dataset=eye-movements
[2026-02-26T08:21:08-05:00] dataset=eye-movements, class_prevalence(max class)=0.5000
[2026-02-26T08:21:08-05:00] Loading dataset=eye-state
[2026-02-26T08:21:08-05:00] dataset=eye-state, class_prevalence(max class)=0.5512
[2026-02-26T08:21:08-05:00] optuna warm-start: scanned_files=14, study_keys=12, candidates=35, max_per_study=8
[2026-02-26T08:21:08-05:00] historical default params loaded for 12 studies; saved /home/users/yz1075/msdt/results/comparison/acc_compare_rushdp_nooptuna_20260226_082101/_tmp/runs_lightgbm/acc_compare_rushdp_nooptuna_20260226_082101_lightgbm/acc_compare_rushdp_nooptuna_20260226_082101_lightgbm/optuna/history_default_params.csv
[2026-02-26T08:21:08-05:00] dataset=electricity, depth=2, lookahead=1, seeds=[0, 1, 2, 3, 4], param_source=history_defaults
[2026-02-26T08:21:08-05:00] dataset=electricity, depth=3, lookahead=1, seeds=[0, 1, 2, 3, 4], param_source=history_defaults
[2026-02-26T08:21:08-05:00] dataset=electricity, depth=4, lookahead=2, seeds=[0, 1, 2, 3, 4], param_source=history_defaults
[2026-02-26T08:21:08-05:00] dataset=electricity, depth=5, lookahead=2, seeds=[0, 1, 2, 3, 4], param_source=history_defaults
[2026-02-26T08:21:08-05:00] dataset=eye-movements, depth=2, lookahead=1, seeds=[0, 1, 2, 3, 4], param_source=history_defaults
[2026-02-26T08:21:08-05:00] dataset=eye-movements, depth=3, lookahead=2, seeds=[0, 1, 2, 3, 4], param_source=history_defaults
[2026-02-26T08:21:08-05:00] dataset=eye-movements, depth=4, lookahead=2, seeds=[0, 1, 2, 3, 4], param_source=history_defaults
[2026-02-26T08:21:08-05:00] dataset=eye-movements, depth=5, lookahead=2, seeds=[0, 1, 2, 3, 4], param_source=history_defaults
[2026-02-26T08:21:08-05:00] dataset=eye-state, depth=2, lookahead=1, seeds=[0, 1, 2, 3, 4], param_source=history_defaults
[2026-02-26T08:21:08-05:00] dataset=eye-state, depth=3, lookahead=2, seeds=[0, 1, 2, 3, 4], param_source=history_defaults
[2026-02-26T08:21:08-05:00] dataset=eye-state, depth=4, lookahead=2, seeds=[0, 1, 2, 3, 4], param_source=history_defaults
[2026-02-26T08:21:08-05:00] dataset=eye-state, depth=5, lookahead=3, seeds=[0, 1, 2, 3, 4], param_source=history_defaults
[2026-02-26T08:21:08-05:00] executing 60 pending trials across 3 dataset(s) with parallel_workers=20, threads_per_trial=1, lgb_threads=1, effective_core_budget=20/20
[2026-02-26T08:21:54-05:00] trial dataset=electricity, depth=2, seed=1, status=ok, acc=0.7543859649122807
[2026-02-26T08:21:54-05:00] trial dataset=electricity, depth=2, seed=0, status=ok, acc=0.762109676707492
[2026-02-26T08:21:54-05:00] trial dataset=electricity, depth=2, seed=3, status=ok, acc=0.7584684982897495
[2026-02-26T08:21:54-05:00] trial dataset=electricity, depth=2, seed=2, status=ok, acc=0.756482400970981
[2026-02-26T08:21:54-05:00] trial dataset=electricity, depth=2, seed=4, status=ok, acc=0.7537239324726912
[2026-02-26T08:21:54-05:00] trial dataset=electricity, depth=3, seed=1, status=ok, acc=0.7567030784508441
[2026-02-26T08:21:54-05:00] trial dataset=electricity, depth=3, seed=0, status=ok, acc=0.7695023722829085
[2026-02-26T08:21:55-05:00] trial dataset=electricity, depth=3, seed=4, status=ok, acc=0.7622200154474236
[2026-02-26T08:21:55-05:00] trial dataset=electricity, depth=3, seed=2, status=ok, acc=0.7617786604876973
[2026-02-26T08:21:55-05:00] trial dataset=electricity, depth=3, seed=3, status=ok, acc=0.764537128985987
[2026-02-26T08:21:55-05:00] trial dataset=eye-movements, depth=2, seed=1, status=ok, acc=0.5374507227332457
[2026-02-26T08:21:55-05:00] trial dataset=eye-movements, depth=2, seed=0, status=ok, acc=0.5525624178712221
[2026-02-26T08:21:55-05:00] trial dataset=eye-movements, depth=2, seed=2, status=ok, acc=0.5670170827858082
[2026-02-26T08:21:55-05:00] trial dataset=eye-movements, depth=2, seed=3, status=ok, acc=0.5604467805519053
[2026-02-26T08:21:55-05:00] trial dataset=eye-movements, depth=2, seed=4, status=ok, acc=0.5183968462549278
[2026-02-26T08:21:55-05:00] trial dataset=electricity, depth=4, seed=1, status=ok, acc=0.7668542425245504
[2026-02-26T08:21:55-05:00] trial dataset=electricity, depth=4, seed=0, status=ok, acc=0.776122696678804
[2026-02-26T08:21:55-05:00] trial dataset=electricity, depth=4, seed=4, status=ok, acc=0.7692816948030453
[2026-02-26T08:21:55-05:00] trial dataset=electricity, depth=4, seed=3, status=ok, acc=0.7703850822023612
[2026-02-26T08:21:55-05:00] trial dataset=electricity, depth=4, seed=2, status=ok, acc=0.7697230497627717
[2026-02-26T08:21:55-05:00] trial dataset=eye-movements, depth=3, seed=2, status=ok, acc=0.5584756898817346
[2026-02-26T08:21:55-05:00] trial dataset=eye-movements, depth=3, seed=1, status=ok, acc=0.5578186596583443
[2026-02-26T08:21:55-05:00] trial dataset=eye-movements, depth=3, seed=4, status=ok, acc=0.5492772667542707
[2026-02-26T08:21:55-05:00] trial dataset=eye-movements, depth=3, seed=3, status=ok, acc=0.5611038107752957
[2026-02-26T08:21:55-05:00] trial dataset=eye-movements, depth=3, seed=0, status=ok, acc=0.5597897503285151
[2026-02-26T08:21:55-05:00] trial dataset=eye-state, depth=2, seed=0, status=ok, acc=0.6358477970627503
[2026-02-26T08:21:55-05:00] trial dataset=eye-state, depth=2, seed=1, status=ok, acc=0.6278371161548731
[2026-02-26T08:21:55-05:00] trial dataset=eye-state, depth=2, seed=2, status=ok, acc=0.5977970627503337
[2026-02-26T08:21:55-05:00] trial dataset=eye-state, depth=2, seed=3, status=ok, acc=0.6164886515353805
[2026-02-26T08:21:55-05:00] trial dataset=eye-state, depth=2, seed=4, status=ok, acc=0.595460614152203
[2026-02-26T08:21:55-05:00] trial dataset=eye-state, depth=3, seed=0, status=ok, acc=0.6572096128170895
[2026-02-26T08:21:55-05:00] trial dataset=eye-state, depth=3, seed=1, status=ok, acc=0.670894526034713
[2026-02-26T08:21:55-05:00] trial dataset=eye-state, depth=3, seed=2, status=ok, acc=0.6618825100133512
[2026-02-26T08:21:55-05:00] trial dataset=eye-state, depth=3, seed=3, status=ok, acc=0.657543391188251
[2026-02-26T08:21:55-05:00] trial dataset=eye-state, depth=3, seed=4, status=ok, acc=0.6425233644859814
[2026-02-26T08:21:55-05:00] trial dataset=electricity, depth=5, seed=4, status=ok, acc=0.7837360697340836
[2026-02-26T08:21:55-05:00] trial dataset=eye-state, depth=4, seed=0, status=ok, acc=0.7039385847797063
[2026-02-26T08:21:55-05:00] trial dataset=eye-state, depth=4, seed=2, status=ok, acc=0.7109479305740988
[2026-02-26T08:21:55-05:00] trial dataset=eye-state, depth=4, seed=1, status=ok, acc=0.6839118825100133
[2026-02-26T08:21:55-05:00] trial dataset=eye-state, depth=4, seed=3, status=ok, acc=0.6939252336448598
[2026-02-26T08:21:55-05:00] trial dataset=electricity, depth=5, seed=0, status=ok, acc=0.7889219905108684
[2026-02-26T08:21:55-05:00] trial dataset=eye-state, depth=4, seed=4, status=ok, acc=0.7202937249666221
[2026-02-26T08:21:55-05:00] trial dataset=electricity, depth=5, seed=1, status=ok, acc=0.7953216374269005
[2026-02-26T08:21:55-05:00] trial dataset=electricity, depth=5, seed=3, status=ok, acc=0.7864945382323734
[2026-02-26T08:21:55-05:00] trial dataset=eye-movements, depth=5, seed=1, status=ok, acc=0.5604467805519053
[2026-02-26T08:21:55-05:00] trial dataset=electricity, depth=5, seed=2, status=ok, acc=0.7867152157122366
[2026-02-26T08:21:55-05:00] trial dataset=eye-movements, depth=5, seed=0, status=ok, acc=0.5663600525624178
[2026-02-26T08:21:55-05:00] trial dataset=eye-movements, depth=5, seed=4, status=ok, acc=0.5749014454664915
[2026-02-26T08:21:55-05:00] trial dataset=eye-movements, depth=5, seed=2, status=ok, acc=0.5604467805519053
[2026-02-26T08:21:55-05:00] trial dataset=eye-movements, depth=5, seed=3, status=ok, acc=0.5801576872536137
[2026-02-26T08:21:55-05:00] trial dataset=eye-state, depth=5, seed=3, status=ok, acc=0.5961281708945261
[2026-02-26T08:21:55-05:00] trial dataset=eye-state, depth=5, seed=2, status=ok, acc=0.5977970627503337
[2026-02-26T08:21:55-05:00] trial dataset=eye-state, depth=5, seed=0, status=ok, acc=0.5847797062750334
[2026-02-26T08:21:55-05:00] trial dataset=eye-state, depth=5, seed=1, status=ok, acc=0.5937917222963952
[2026-02-26T08:21:55-05:00] trial dataset=eye-state, depth=5, seed=4, status=ok, acc=0.6038050734312417
[2026-02-26T08:21:55-05:00] trial dataset=eye-movements, depth=4, seed=3, status=ok, acc=0.557161629434954
[2026-02-26T08:21:55-05:00] trial dataset=eye-movements, depth=4, seed=4, status=ok, acc=0.5729303547963206
[2026-02-26T08:21:55-05:00] trial dataset=eye-movements, depth=4, seed=2, status=ok, acc=0.5584756898817346
[2026-02-26T08:21:55-05:00] trial dataset=eye-movements, depth=4, seed=1, status=ok, acc=0.5479632063074902
[2026-02-26T08:21:55-05:00] trial dataset=eye-movements, depth=4, seed=0, status=ok, acc=0.5558475689881734
[2026-02-26T08:21:55-05:00] === Summary Table ===
      dataset  depth_budget  lookahead_depth_budget  n_success  mean_train_accuracy  mean_accuracy  mean_balanced_accuracy  mean_trivial_accuracy  std_accuracy  mean_fit_time_sec  mean_n_leaves  mean_n_internal  mean_max_arity  mean_exact_internal_nodes  mean_greedy_internal_nodes
  electricity             2                       1          5               0.7572         0.7570                  0.7328                 0.5754        0.0034             0.0182         3.0000           1.0000          3.0000                     1.0000                      0.0000
  electricity             3                       1          5               0.7648         0.7629                  0.7396                 0.5754        0.0046             0.1603        36.0000           7.0000          6.0000                     1.0000                     16.4000
  electricity             4                       2          5               0.7726         0.7705                  0.7528                 0.5754        0.0034             0.8222        43.6000          14.4000          5.0000                    15.0000                    144.0000
  electricity             5                       2          5               0.7935         0.7882                  0.7730                 0.5754        0.0044             6.2297       510.8000         127.0000          6.0000                    17.0000                   2580.0000
eye-movements             2                       1          5               0.5577         0.5472                  0.5472                 0.5000        0.0195             0.0081         4.0000           1.0000          4.0000                     1.0000                      0.0000
eye-movements             3                       2          5               0.5848         0.5573                  0.5573                 0.5000        0.0047             0.5067        25.0000           6.0000          5.0000                   128.4000                      0.0000
eye-movements             4                       2          5               0.6232         0.5585                  0.5585                 0.5000        0.0091            33.2984       184.8000          41.2000          6.0000                   163.4000                  15587.6000
eye-movements             5                       2          5               0.6052         0.5685                  0.5685                 0.5000        0.0088             7.8518        13.4000          12.4000          2.0000                    46.8000                  10801.4000
    eye-state             2                       1          5               0.6197         0.6147                  0.5964                 0.5511        0.0179             0.0079         5.0000           1.0000          5.0000                     1.0000                      0.0000
    eye-state             3                       2          5               0.6680         0.6580                  0.6492                 0.5511        0.0103             0.0980        24.8000           6.0000          5.0000                    30.4000                      0.0000
    eye-state             4                       2          5               0.7118         0.7026                  0.6908                 0.5511        0.0142             1.6793       181.4000          37.0000          6.0000                    36.0000                    912.4000
    eye-state             5                       3          5               0.6007         0.5953                  0.5735                 0.5511        0.0069             4.8553         4.0000           1.0000          4.0000                     4.8000                      2.6000
[2026-02-26T08:21:55-05:00] === Depth vs Accuracy (Exact) ===
[2026-02-26T08:21:55-05:00] Dataset: electricity
[2026-02-26T08:21:55-05:00] Depth 2: ours=0.7570 (75.70%), bal_acc=0.7328 (73.28%), trivial_acc=0.5754 (57.54%), mean_leaves=3.00, paper=0.8490 (84.90%), delta=-0.0920 (-9.20 pp)
[2026-02-26T08:21:55-05:00] Depth 3: ours=0.7629 (76.29%), bal_acc=0.7396 (73.96%), trivial_acc=0.5754 (57.54%), mean_leaves=36.00, paper=0.8260 (82.60%), delta=-0.0631 (-6.31 pp)
[2026-02-26T08:21:55-05:00] Depth 4: ours=0.7705 (77.05%), bal_acc=0.7528 (75.28%), trivial_acc=0.5754 (57.54%), mean_leaves=43.60, paper=0.8660 (86.60%), delta=-0.0955 (-9.55 pp)
[2026-02-26T08:21:55-05:00] Depth 5: ours=0.7882 (78.82%), bal_acc=0.7730 (77.30%), trivial_acc=0.5754 (57.54%), mean_leaves=510.80, paper=0.8820 (88.20%), delta=-0.0938 (-9.38 pp)
[2026-02-26T08:21:55-05:00] Dataset: eye-movements
[2026-02-26T08:21:55-05:00] Depth 2: ours=0.5472 (54.72%), bal_acc=0.5472 (54.72%), trivial_acc=0.5000 (50.00%), mean_leaves=4.00, paper=0.6010 (60.10%), delta=-0.0538 (-5.38 pp)
[2026-02-26T08:21:55-05:00] Depth 3: ours=0.5573 (55.73%), bal_acc=0.5573 (55.73%), trivial_acc=0.5000 (50.00%), mean_leaves=25.00, paper=0.6360 (63.60%), delta=-0.0787 (-7.87 pp)
[2026-02-26T08:21:55-05:00] Depth 4: ours=0.5585 (55.85%), bal_acc=0.5585 (55.85%), trivial_acc=0.5000 (50.00%), mean_leaves=184.80, paper=0.6620 (66.20%), delta=-0.1035 (-10.35 pp)
[2026-02-26T08:21:55-05:00] Depth 5: ours=0.5685 (56.85%), bal_acc=0.5685 (56.85%), trivial_acc=0.5000 (50.00%), mean_leaves=13.40, paper=0.6750 (67.50%), delta=-0.1065 (-10.65 pp)
[2026-02-26T08:21:55-05:00] Dataset: eye-state
[2026-02-26T08:21:55-05:00] Depth 2: ours=0.6147 (61.47%), bal_acc=0.5964 (59.64%), trivial_acc=0.5511 (55.11%), mean_leaves=5.00, paper=0.7590 (75.90%), delta=-0.1443 (-14.43 pp)
[2026-02-26T08:21:55-05:00] Depth 3: ours=0.6580 (65.80%), bal_acc=0.6492 (64.92%), trivial_acc=0.5511 (55.11%), mean_leaves=24.80, paper=0.7630 (76.30%), delta=-0.1050 (-10.50 pp)
[2026-02-26T08:21:55-05:00] Depth 4: ours=0.7026 (70.26%), bal_acc=0.6908 (69.08%), trivial_acc=0.5511 (55.11%), mean_leaves=181.40, paper=0.7930 (79.30%), delta=-0.0904 (-9.04 pp)
[2026-02-26T08:21:55-05:00] Depth 5: ours=0.5953 (59.53%), bal_acc=0.5735 (57.35%), trivial_acc=0.5511 (55.11%), mean_leaves=4.00, paper=0.8110 (81.10%), delta=-0.2157 (-21.57 pp)
[2026-02-26T08:21:55-05:00] Saved run summary CSV: /home/users/yz1075/msdt/results/comparison/acc_compare_rushdp_nooptuna_20260226_082101/_tmp/runs_lightgbm/acc_compare_rushdp_nooptuna_20260226_082101_lightgbm/acc_compare_rushdp_nooptuna_20260226_082101_lightgbm/summary_results.csv
[2026-02-26T08:21:55-05:00] Saved run seed CSV: /home/users/yz1075/msdt/results/comparison/acc_compare_rushdp_nooptuna_20260226_082101/_tmp/runs_lightgbm/acc_compare_rushdp_nooptuna_20260226_082101_lightgbm/acc_compare_rushdp_nooptuna_20260226_082101_lightgbm/seed_results.csv
[2026-02-26T08:21:55-05:00] Saved run plot: /home/users/yz1075/msdt/results/comparison/acc_compare_rushdp_nooptuna_20260226_082101/_tmp/runs_lightgbm/acc_compare_rushdp_nooptuna_20260226_082101_lightgbm/acc_compare_rushdp_nooptuna_20260226_082101_lightgbm/multisplit_lightgbm_dp_accuracy.png
[2026-02-26T08:21:55-05:00] Saved run log: /home/users/yz1075/msdt/results/comparison/acc_compare_rushdp_nooptuna_20260226_082101/_tmp/runs_lightgbm/acc_compare_rushdp_nooptuna_20260226_082101_lightgbm/acc_compare_rushdp_nooptuna_20260226_082101_lightgbm/multisplit_lightgbm_depth_vs_accuracy.log
[2026-02-26T08:21:55-05:00] Saved run manifest: /home/users/yz1075/msdt/results/comparison/acc_compare_rushdp_nooptuna_20260226_082101/_tmp/runs_lightgbm/acc_compare_rushdp_nooptuna_20260226_082101_lightgbm/acc_compare_rushdp_nooptuna_20260226_082101_lightgbm/manifest.json
[2026-02-26T08:21:55-05:00] Saved run paper comparison plot: /home/users/yz1075/msdt/results/comparison/acc_compare_rushdp_nooptuna_20260226_082101/_tmp/runs_lightgbm/acc_compare_rushdp_nooptuna_20260226_082101_lightgbm/acc_compare_rushdp_nooptuna_20260226_082101_lightgbm/multisplit_lightgbm_dp_vs_paper_accuracy.png
[2026-02-26T08:21:55-05:00] Compatibility CSV: /home/users/yz1075/msdt/results/comparison/acc_compare_rushdp_nooptuna_20260226_082101/_tmp/stable_lightgbm/multisplit_lightgbm_dp_results.csv
[2026-02-26T08:21:55-05:00] Compatibility plot: /home/users/yz1075/msdt/results/comparison/acc_compare_rushdp_nooptuna_20260226_082101/_tmp/stable_lightgbm/multisplit_lightgbm_dp_accuracy.png
[2026-02-26T08:21:55-05:00] Compatibility log: /home/users/yz1075/msdt/results/comparison/acc_compare_rushdp_nooptuna_20260226_082101/_tmp/stable_lightgbm/multisplit_lightgbm_depth_vs_accuracy.log
[compare] XGBoost dataset=electricity
[compare] XGBoost dataset=eye-movements
[compare] XGBoost dataset=eye-state
[compare] XGBoost parallel workers=20, threads_per_trial=1, trials=60
[compare] ShapeCART dataset=electricity
[compare] ShapeCART dataset=eye-movements
[compare] ShapeCART dataset=eye-state
[compare] ShapeCART parallel workers=20, trials=60
[compare] visualizing xgboost dataset=electricity depth=5 seed=0 source=artifact
[compare] visualizing: /home/users/yz1075/msdt/.venv/bin/python visualize_multisplit_tree.py --dataset electricity --pipeline xgboost --artifact-in results/comparison/acc_compare_rushdp_nooptuna_20260226_082101/tree_artifacts/xgboost_all/electricity/depth_5/seed_0.json --out results/comparison/acc_compare_rushdp_nooptuna_20260226_082101/XGBoost_trees/electricity.png --artifact-out results/comparison/acc_compare_rushdp_nooptuna_20260226_082101/tree_artifacts/xgboost/electricity.json
saved results/comparison/acc_compare_rushdp_nooptuna_20260226_082101/XGBoost_trees/electricity.png
accuracy 0.8756482401
realized_depth 5
[compare] visualizing lightgbm dataset=electricity depth=5 seed=1 source=artifact
[compare] visualizing: /home/users/yz1075/msdt/.venv/bin/python visualize_multisplit_tree.py --dataset electricity --pipeline lightgbm --artifact-in results/comparison/acc_compare_rushdp_nooptuna_20260226_082101/tree_artifacts/lightgbm_mssplit_all/electricity/depth_5/seed_1.json --out results/comparison/acc_compare_rushdp_nooptuna_20260226_082101/lightgbm_mssplit_trees/electricity.png --artifact-out results/comparison/acc_compare_rushdp_nooptuna_20260226_082101/tree_artifacts/lightgbm_mssplit/electricity.json
saved results/comparison/acc_compare_rushdp_nooptuna_20260226_082101/lightgbm_mssplit_trees/electricity.png
accuracy 0.7953216374
realized_depth 4
[compare] visualizing xgboost dataset=eye-movements depth=5 seed=3 source=artifact
[compare] visualizing: /home/users/yz1075/msdt/.venv/bin/python visualize_multisplit_tree.py --dataset eye-movements --pipeline xgboost --artifact-in results/comparison/acc_compare_rushdp_nooptuna_20260226_082101/tree_artifacts/xgboost_all/eye-movements/depth_5/seed_3.json --out results/comparison/acc_compare_rushdp_nooptuna_20260226_082101/XGBoost_trees/eye-movements.png --artifact-out results/comparison/acc_compare_rushdp_nooptuna_20260226_082101/tree_artifacts/xgboost/eye-movements.json
saved results/comparison/acc_compare_rushdp_nooptuna_20260226_082101/XGBoost_trees/eye-movements.png
accuracy 0.6491458607
realized_depth 5
[compare] visualizing lightgbm dataset=eye-movements depth=5 seed=3 source=artifact
[compare] visualizing: /home/users/yz1075/msdt/.venv/bin/python visualize_multisplit_tree.py --dataset eye-movements --pipeline lightgbm --artifact-in results/comparison/acc_compare_rushdp_nooptuna_20260226_082101/tree_artifacts/lightgbm_mssplit_all/eye-movements/depth_5/seed_3.json --out results/comparison/acc_compare_rushdp_nooptuna_20260226_082101/lightgbm_mssplit_trees/eye-movements.png --artifact-out results/comparison/acc_compare_rushdp_nooptuna_20260226_082101/tree_artifacts/lightgbm_mssplit/eye-movements.json
saved results/comparison/acc_compare_rushdp_nooptuna_20260226_082101/lightgbm_mssplit_trees/eye-movements.png
accuracy 0.5801576873
realized_depth 4
[compare] visualizing xgboost dataset=eye-state depth=5 seed=4 source=artifact
[compare] visualizing: /home/users/yz1075/msdt/.venv/bin/python visualize_multisplit_tree.py --dataset eye-state --pipeline xgboost --artifact-in results/comparison/acc_compare_rushdp_nooptuna_20260226_082101/tree_artifacts/xgboost_all/eye-state/depth_5/seed_4.json --out results/comparison/acc_compare_rushdp_nooptuna_20260226_082101/XGBoost_trees/eye-state.png --artifact-out results/comparison/acc_compare_rushdp_nooptuna_20260226_082101/tree_artifacts/xgboost/eye-state.json
saved results/comparison/acc_compare_rushdp_nooptuna_20260226_082101/XGBoost_trees/eye-state.png
accuracy 0.8958611482
realized_depth 5
[compare] visualizing lightgbm dataset=eye-state depth=4 seed=4 source=artifact
[compare] visualizing: /home/users/yz1075/msdt/.venv/bin/python visualize_multisplit_tree.py --dataset eye-state --pipeline lightgbm --artifact-in results/comparison/acc_compare_rushdp_nooptuna_20260226_082101/tree_artifacts/lightgbm_mssplit_all/eye-state/depth_4/seed_4.json --out results/comparison/acc_compare_rushdp_nooptuna_20260226_082101/lightgbm_mssplit_trees/eye-state.png --artifact-out results/comparison/acc_compare_rushdp_nooptuna_20260226_082101/tree_artifacts/lightgbm_mssplit/eye-state.json
saved results/comparison/acc_compare_rushdp_nooptuna_20260226_082101/lightgbm_mssplit_trees/eye-state.png
accuracy 0.7202937250
realized_depth 3
[compare] saved:
- results/comparison/acc_compare_rushdp_nooptuna_20260226_082101/accuracy_vs_depth_all.csv
- results/comparison/acc_compare_rushdp_nooptuna_20260226_082101/lightgbm_mssplit_detailed_report.txt
- results/comparison/acc_compare_rushdp_nooptuna_20260226_082101/shapecart_detailed_report.txt
- results/comparison/acc_compare_rushdp_nooptuna_20260226_082101/accuracy_vs_depth_all.png
- results/comparison/acc_compare_rushdp_nooptuna_20260226_082101/accuracy_vs_depth_train_all.png
- results/comparison/acc_compare_rushdp_nooptuna_20260226_082101/lightgbm_mssplit_seed_runtime.csv
- results/comparison/acc_compare_rushdp_nooptuna_20260226_082101/lightgbm_mssplit_runtime_vs_depth.csv
- results/comparison/acc_compare_rushdp_nooptuna_20260226_082101/XGBoost_trees
- results/comparison/acc_compare_rushdp_nooptuna_20260226_082101/lightgbm_mssplit_trees
- results/comparison/acc_compare_rushdp_nooptuna_20260226_082101/optuna_history/lightgbm
- results/comparison/acc_compare_rushdp_nooptuna_20260226_082101/tree_artifacts
- results/comparison/acc_compare_rushdp_nooptuna_20260226_082101/timing_profile.json
Saved run profile: /home/users/yz1075/msdt/results/comparison/acc_compare_rushdp_nooptuna_20260226_082101/run_profile.json
Saved time profile: /home/users/yz1075/msdt/results/comparison/acc_compare_rushdp_nooptuna_20260226_082101/run_profile.time.log
Saved command log: /home/users/yz1075/msdt/results/comparison/acc_compare_rushdp_nooptuna_20260226_082101/run_profile.cmd.txt
=== Run Profile Summary ===
wall_time=6:10.17
user_time_sec=899.20
sys_time_sec=177.66
cpu_utilization=290%
max_rss_kb=3499656
max_rss_gb=3.34
Job ended at Thu Feb 26 08:27:15 AM EST 2026
