Job started on compsci-cluster-fitz-36 at Mon Feb 23 01:43:49 PM EST 2026
CPU settings: total_cpus=64, parallel_trials=64, threads_per_trial=1, split_threads=1, lgb_threads=1, xgb_threads=2
Optuna settings: enable=1, trials=10, val_size=0.2, seed=0, timeout_sec=0, warmstart_enable=1, warmstart_root=results, warmstart_max=8, seed_candidates=4, cpu_target=0.94, max_active_studies=0, max_concurrent_trials=0
LightGBM binning backend: device=gpu, gpu_platform=0, gpu_device=0, gpu_fallback=0, max_gpu_jobs=1, gpu_lock_dir=/tmp/msdt_lgb_gpu_lock, binning_max_bins=12, ensemble_runs=3, ensemble_feature_fraction=0.8, ensemble_bagging_fraction=0.8, ensemble_bagging_freq=1, threshold_dedup_eps=1e-9
Dataset runtime mode (all features): datasets=['electricity', 'eye-movements', 'eye-state'], B_sweep=[32, 64, 128, 256, 512, 1024], trials_per_B=50, m=5, lambda=0.01, max_branch_n=6, delta=0.2, ub_best=inf, dataset_binning=lightgbm, solvers=['baseline', 'candidate', 'linear_fallback', 'snip', 'pelt_parity'], metric_validity=common, dynamic_ub=True, workers=64

[electricity] shape=45312x8 label_mode=binary classes=2 pos_label=UP pos=19237 neg=26075
  B=  32 | B_eff_mean=28.9 [7, 32]
    runtime_ms_total_features: baseline=2.742ms, candidate=0.1613ms, linear_fallback=0.5219ms, snip=0.8654ms, pelt_parity=3.375ms
    speedup_vs_baseline: candidate=17x, linear_fallback=5.254x, snip=3.169x, pelt_parity=0.8124x
    acc_gap_vs_baseline_pairmean: candidate=0, linear_fallback=0, snip=0, pelt_parity=0
    accuracy_mean: baseline=0.75501, candidate=0.75501, linear_fallback=0.75501, snip=0.75501, pelt_parity=0.75501
    coverage: shared_valid=50/50, n_features=8, workers=1
  B=  64 | B_eff_mean=54.9 [7, 64]
    runtime_ms_total_features: baseline=9.843ms, candidate=0.2635ms, linear_fallback=0.9635ms, snip=1.851ms, pelt_parity=16.34ms
    speedup_vs_baseline: candidate=37.35x, linear_fallback=10.22x, snip=5.318x, pelt_parity=0.6026x
    acc_gap_vs_baseline_pairmean: candidate=0, linear_fallback=0, snip=0, pelt_parity=0
    accuracy_mean: baseline=0.75689, candidate=0.75689, linear_fallback=0.75689, snip=0.75689, pelt_parity=0.75689
    coverage: shared_valid=50/50, n_features=8, workers=1
  B= 128 | B_eff_mean=103 [7, 128]
    runtime_ms_total_features: baseline=33.36ms, candidate=0.4955ms, linear_fallback=1.66ms, snip=3.514ms, pelt_parity=27.91ms
    speedup_vs_baseline: candidate=67.32x, linear_fallback=20.09x, snip=9.492x, pelt_parity=1.195x
    acc_gap_vs_baseline_pairmean: candidate=0, linear_fallback=0, snip=0, pelt_parity=0
    accuracy_mean: baseline=0.75689, candidate=0.75689, linear_fallback=0.75689, snip=0.75689, pelt_parity=0.75689
    coverage: shared_valid=50/50, n_features=8, workers=1
  B= 256 | B_eff_mean=199 [7, 256]
    runtime_ms_total_features: baseline=127.2ms, candidate=0.9392ms, linear_fallback=2.53ms, snip=8.798ms, pelt_parity=191.7ms
    speedup_vs_baseline: candidate=135.4x, linear_fallback=50.25x, snip=14.45x, pelt_parity=0.6634x
    acc_gap_vs_baseline_pairmean: candidate=0, linear_fallback=0, snip=0, pelt_parity=0
    accuracy_mean: baseline=0.75865, candidate=0.75865, linear_fallback=0.75865, snip=0.75865, pelt_parity=0.75865
    coverage: shared_valid=50/50, n_features=8, workers=1
  B= 512 | B_eff_mean=391 [7, 512]
    runtime_ms_total_features: baseline=519.2ms, candidate=2.02ms, linear_fallback=5.001ms, snip=26.16ms, pelt_parity=541.5ms
    speedup_vs_baseline: candidate=257.1x, linear_fallback=103.8x, snip=19.85x, pelt_parity=0.9589x
    acc_gap_vs_baseline_pairmean: candidate=0, linear_fallback=0, snip=0, pelt_parity=0.00139036
    accuracy_mean: baseline=0.75878, candidate=0.75878, linear_fallback=0.75878, snip=0.75878, pelt_parity=0.75739
    coverage: shared_valid=50/50, n_features=8, workers=1
  B=1024 | B_eff_mean=762 [7, 1024]
    runtime_ms_total_features: baseline=1931ms, candidate=4.216ms, linear_fallback=9.508ms, snip=84.27ms, pelt_parity=1610ms
    speedup_vs_baseline: candidate=457.9x, linear_fallback=203x, snip=22.91x, pelt_parity=1.199x
    acc_gap_vs_baseline_pairmean: candidate=0, linear_fallback=0, snip=0, pelt_parity=0.000662076
    accuracy_mean: baseline=0.75905, candidate=0.75905, linear_fallback=0.75905, snip=0.75905, pelt_parity=0.75839
    coverage: shared_valid=50/50, n_features=8, workers=1

[eye-movements] shape=7608x23 label_mode=binary classes=2 pos_label=1 pos=3804 neg=3804
  B=  32 | B_eff_mean=26.3 [2, 32]
    runtime_ms_total_features: baseline=4.475ms, candidate=0.5593ms, linear_fallback=0.7252ms, snip=2.397ms, pelt_parity=14.09ms
    speedup_vs_baseline: candidate=8x, linear_fallback=6.171x, snip=1.867x, pelt_parity=0.3176x
    acc_gap_vs_baseline_pairmean: candidate=0, linear_fallback=0, snip=0, pelt_parity=0
    accuracy_mean: baseline=0.56506, candidate=0.56506, linear_fallback=0.56506, snip=0.56506, pelt_parity=0.56506
    coverage: shared_valid=50/50, n_features=23, workers=1
  B=  64 | B_eff_mean=50.7 [2, 64]
    runtime_ms_total_features: baseline=30.14ms, candidate=1.398ms, linear_fallback=2.211ms, snip=9.659ms, pelt_parity=46.49ms
    speedup_vs_baseline: candidate=21.55x, linear_fallback=13.63x, snip=3.12x, pelt_parity=0.6482x
    acc_gap_vs_baseline_pairmean: candidate=0, linear_fallback=0, snip=0, pelt_parity=0
    accuracy_mean: baseline=0.56506, candidate=0.56506, linear_fallback=0.56506, snip=0.56506, pelt_parity=0.56506
    coverage: shared_valid=50/50, n_features=23, workers=1
  B= 128 | B_eff_mean=88.4 [2, 128]
    runtime_ms_total_features: baseline=191.8ms, candidate=3.813ms, linear_fallback=6.841ms, snip=39ms, pelt_parity=188.5ms
    speedup_vs_baseline: candidate=50.31x, linear_fallback=28.04x, snip=4.919x, pelt_parity=1.017x
    acc_gap_vs_baseline_pairmean: candidate=0, linear_fallback=0, snip=0, pelt_parity=0
    accuracy_mean: baseline=0.56506, candidate=0.56506, linear_fallback=0.56506, snip=0.56506, pelt_parity=0.56506
    coverage: shared_valid=50/50, n_features=23, workers=1
  B= 256 | B_eff_mean=157 [2, 256]
    runtime_ms_total_features: baseline=744.5ms, candidate=7.765ms, linear_fallback=13.72ms, snip=101.2ms, pelt_parity=536.3ms
    speedup_vs_baseline: candidate=95.88x, linear_fallback=54.28x, snip=7.36x, pelt_parity=1.388x
    acc_gap_vs_baseline_pairmean: candidate=0, linear_fallback=0, snip=0, pelt_parity=0
    accuracy_mean: baseline=0.56506, candidate=0.56506, linear_fallback=0.56506, snip=0.56506, pelt_parity=0.56506
    coverage: shared_valid=50/50, n_features=23, workers=1
  B= 512 | B_eff_mean=269 [2, 512]
    runtime_ms_total_features: baseline=2677ms, candidate=14.34ms, linear_fallback=25.6ms, snip=242.7ms, pelt_parity=1570ms
    speedup_vs_baseline: candidate=186.7x, linear_fallback=104.6x, snip=11.03x, pelt_parity=1.705x
    acc_gap_vs_baseline_pairmean: candidate=0, linear_fallback=0, snip=0, pelt_parity=0
    accuracy_mean: baseline=0.56506, candidate=0.56506, linear_fallback=0.56506, snip=0.56506, pelt_parity=0.56506
    coverage: shared_valid=50/50, n_features=23, workers=1
  B=1024 | B_eff_mean=460 [2, 1024]
    runtime_ms_total_features: baseline=9411ms, candidate=26.12ms, linear_fallback=46.25ms, snip=549ms, pelt_parity=4445ms
    speedup_vs_baseline: candidate=360.3x, linear_fallback=203.5x, snip=17.14x, pelt_parity=2.117x
    acc_gap_vs_baseline_pairmean: candidate=0, linear_fallback=0, snip=0, pelt_parity=0
    accuracy_mean: baseline=0.56506, candidate=0.56506, linear_fallback=0.56506, snip=0.56506, pelt_parity=0.56506
    coverage: shared_valid=50/50, n_features=23, workers=1

[eye-state] shape=14980x14 label_mode=binary classes=2 pos_label=2 pos=6723 neg=8257
  B=  32 | B_eff_mean=32 [32, 32]
    runtime_ms_total_features: baseline=2.579ms, candidate=0.1902ms, linear_fallback=0.4182ms, snip=0.9675ms, pelt_parity=1.161ms
    speedup_vs_baseline: candidate=13.56x, linear_fallback=6.167x, snip=2.666x, pelt_parity=2.222x
    acc_gap_vs_baseline_pairmean: candidate=0, linear_fallback=0, snip=0, pelt_parity=0
    accuracy_mean: baseline=0.63084, candidate=0.63084, linear_fallback=0.63084, snip=0.63084, pelt_parity=0.63084
    coverage: shared_valid=50/50, n_features=14, workers=1
  B=  64 | B_eff_mean=64 [64, 64]
    runtime_ms_total_features: baseline=11.17ms, candidate=0.3226ms, linear_fallback=0.8363ms, snip=2.803ms, pelt_parity=3.634ms
    speedup_vs_baseline: candidate=34.62x, linear_fallback=13.35x, snip=3.984x, pelt_parity=3.073x
    acc_gap_vs_baseline_pairmean: candidate=0, linear_fallback=0, snip=0, pelt_parity=0
    accuracy_mean: baseline=0.63358, candidate=0.63358, linear_fallback=0.63358, snip=0.63358, pelt_parity=0.63358
    coverage: shared_valid=50/50, n_features=14, workers=1
  B= 128 | B_eff_mean=128 [128, 128]
    runtime_ms_total_features: baseline=46.26ms, candidate=0.6764ms, linear_fallback=1.709ms, snip=8.147ms, pelt_parity=74.03ms
    speedup_vs_baseline: candidate=68.39x, linear_fallback=27.07x, snip=5.678x, pelt_parity=0.6249x
    acc_gap_vs_baseline_pairmean: candidate=0, linear_fallback=0, snip=0, pelt_parity=0
    accuracy_mean: baseline=0.63531, candidate=0.63531, linear_fallback=0.63531, snip=0.63531, pelt_parity=0.63531
    coverage: shared_valid=50/50, n_features=14, workers=1
  B= 256 | B_eff_mean=253 [246, 256]
    runtime_ms_total_features: baseline=181.3ms, candidate=1.439ms, linear_fallback=3.314ms, snip=33.72ms, pelt_parity=165.6ms
    speedup_vs_baseline: candidate=126x, linear_fallback=54.71x, snip=5.377x, pelt_parity=1.095x
    acc_gap_vs_baseline_pairmean: candidate=0, linear_fallback=0, snip=0, pelt_parity=6.67557e-05
    accuracy_mean: baseline=0.63578, candidate=0.63578, linear_fallback=0.63578, snip=0.63578, pelt_parity=0.63571
    coverage: shared_valid=50/50, n_features=14, workers=1
  B= 512 | B_eff_mean=368 [286, 483]
    runtime_ms_total_features: baseline=407.2ms, candidate=2.316ms, linear_fallback=4.987ms, snip=70.51ms, pelt_parity=231.5ms
    speedup_vs_baseline: candidate=175.8x, linear_fallback=81.65x, snip=5.775x, pelt_parity=1.759x
    acc_gap_vs_baseline_pairmean: candidate=0, linear_fallback=0, snip=0, pelt_parity=0.000133511
    accuracy_mean: baseline=0.63585, candidate=0.63585, linear_fallback=0.63585, snip=0.63585, pelt_parity=0.63571
    coverage: shared_valid=50/50, n_features=14, workers=1
  B=1024 | B_eff_mean=388 [286, 593]
    runtime_ms_total_features: baseline=466.8ms, candidate=2.49ms, linear_fallback=5.253ms, snip=73.38ms, pelt_parity=230.2ms
    speedup_vs_baseline: candidate=187.5x, linear_fallback=88.85x, snip=6.361x, pelt_parity=2.028x
    acc_gap_vs_baseline_pairmean: candidate=0, linear_fallback=0, snip=0, pelt_parity=0.000133511
    accuracy_mean: baseline=0.63585, candidate=0.63585, linear_fallback=0.63585, snip=0.63585, pelt_parity=0.63571
    coverage: shared_valid=50/50, n_features=14, workers=1

Saved runtime plot: /home/users/yz1075/msdt/runtime_full_comparison_with_snip.png
Saved B_eff runtime plot: /home/users/yz1075/msdt/runtime_full_comparison_with_snip_beff.png
Saved accuracy plot: /home/users/yz1075/msdt/runtime_full_comparison_with_snip_accuracy.png
Saved run profile: /home/users/yz1075/msdt/results/test_strat/.profile_test_strat_snip_20260223_134347_10614312/run_profile.json
Saved time profile: /home/users/yz1075/msdt/results/test_strat/.profile_test_strat_snip_20260223_134347_10614312/run_profile.time.log
Saved command log: /home/users/yz1075/msdt/results/test_strat/.profile_test_strat_snip_20260223_134347_10614312/run_profile.cmd.txt
=== Run Profile Summary ===
wall_time=23:46.50
user_time_sec=1422.53
sys_time_sec=1.63
cpu_utilization=99%
max_rss_kb=520320
max_rss_gb=0.50
Job ended at Mon Feb 23 02:07:35 PM EST 2026
