	Command being timed: ".venv/bin/python -"
	User time (seconds): 36.70
	System time (seconds): 1.46
	Percent of CPU this job got: 134%
	Elapsed (wall clock) time (h:mm:ss or m:ss): 0:28.47
	Average shared text size (kbytes): 0
	Average unshared data size (kbytes): 0
	Average stack size (kbytes): 0
	Average total size (kbytes): 0
	Maximum resident set size (kbytes): 775012
	Average resident set size (kbytes): 0
	Major (requiring I/O) page faults: 1837
	Minor (reclaiming a frame) page faults: 433407
	Voluntary context switches: 8771
	Involuntary context switches: 139
	Swaps: 0
	File system inputs: 344408
	File system outputs: 5248
	Socket messages sent: 0
	Socket messages received: 0
	Signals delivered: 0
	Page size (bytes): 4096
	Exit status: 0
