Job started on compsci-cluster-fitz-49 at Sun Feb 22 07:03:02 PM EST 2026
CPU settings: total_cpus=64, parallel_trials=64, threads_per_trial=1, split_threads=1, lgb_threads=1, xgb_threads=2
Optuna settings: enable=1, trials=10, val_size=0.2, seed=0, timeout_sec=0, warmstart_enable=1, warmstart_root=results, warmstart_max=8, seed_candidates=4, cpu_target=0.94, max_active_studies=0, max_concurrent_trials=0
LightGBM binning backend: device=gpu, gpu_platform=0, gpu_device=0, gpu_fallback=0, max_gpu_jobs=1, gpu_lock_dir=/tmp/msdt_lgb_gpu_lock, binning_max_bins=12, ensemble_runs=3, ensemble_feature_fraction=0.8, ensemble_bagging_fraction=0.8, ensemble_bagging_freq=1, threshold_dedup_eps=1e-9
Dataset runtime mode (all features): datasets=['electricity', 'eye-movements', 'eye-state'], B_sweep=[32, 64, 128, 256, 512, 1024], trials_per_B=50, m=5, lambda=0.01, max_branch_n=6, delta=0.2, ub_best=inf, dataset_binning=lightgbm, solvers=['baseline', 'candidate', 'linear_fallback', 'pelt_parity'], metric_validity=common, workers=64

[electricity] shape=45312x8 label_mode=binary classes=2 pos_label=UP pos=19237 neg=26075
  B=  32 | B_eff_mean=28.9 [7, 32]
    runtime_ms_total_features: baseline=17.31ms, candidate=0.9132ms, linear_fallback=3.333ms, pelt_parity=15.4ms
    speedup_vs_baseline: candidate=18.95x, linear_fallback=5.192x, pelt_parity=1.124x
    acc_gap_vs_baseline_pairmean: candidate=0, linear_fallback=0, pelt_parity=0
    accuracy_mean: baseline=0.75501, candidate=0.75501, linear_fallback=0.75501, pelt_parity=0.75501
    coverage: shared_valid=50/50, n_features=8, workers=32
  B=  64 | B_eff_mean=54.9 [7, 64]
    runtime_ms_total_features: baseline=72.98ms, candidate=1.536ms, linear_fallback=6.84ms, pelt_parity=88.81ms
    speedup_vs_baseline: candidate=47.52x, linear_fallback=10.67x, pelt_parity=0.8218x
    acc_gap_vs_baseline_pairmean: candidate=0, linear_fallback=0, pelt_parity=0
    accuracy_mean: baseline=0.75689, candidate=0.75689, linear_fallback=0.75689, pelt_parity=0.75689
    coverage: shared_valid=50/50, n_features=8, workers=32
  B= 128 | B_eff_mean=103 [7, 128]
    runtime_ms_total_features: baseline=205.7ms, candidate=2.226ms, linear_fallback=9.431ms, pelt_parity=201ms
    speedup_vs_baseline: candidate=92.41x, linear_fallback=21.81x, pelt_parity=1.023x
    acc_gap_vs_baseline_pairmean: candidate=0, linear_fallback=0, pelt_parity=0
    accuracy_mean: baseline=0.75689, candidate=0.75689, linear_fallback=0.75689, pelt_parity=0.75689
    coverage: shared_valid=50/50, n_features=8, workers=32
  B= 256 | B_eff_mean=199 [7, 256]
    runtime_ms_total_features: baseline=441.5ms, candidate=3.198ms, linear_fallback=11.71ms, pelt_parity=721.8ms
    speedup_vs_baseline: candidate=138.1x, linear_fallback=37.7x, pelt_parity=0.6116x
    acc_gap_vs_baseline_pairmean: candidate=0, linear_fallback=0, pelt_parity=0
    accuracy_mean: baseline=0.75865, candidate=0.75865, linear_fallback=0.75865, pelt_parity=0.75865
    coverage: shared_valid=50/50, n_features=8, workers=32
  B= 512 | B_eff_mean=391 [7, 512]
    runtime_ms_total_features: baseline=1512ms, candidate=6.99ms, linear_fallback=21.06ms, pelt_parity=1679ms
    speedup_vs_baseline: candidate=216.3x, linear_fallback=71.8x, pelt_parity=0.9005x
    acc_gap_vs_baseline_pairmean: candidate=0, linear_fallback=0, pelt_parity=0.00139036
    accuracy_mean: baseline=0.75878, candidate=0.75878, linear_fallback=0.75878, pelt_parity=0.75739
    coverage: shared_valid=50/50, n_features=8, workers=32
  B=1024 | B_eff_mean=762 [7, 1024]
    runtime_ms_total_features: baseline=5794ms, candidate=16.13ms, linear_fallback=38.2ms, pelt_parity=5322ms
    speedup_vs_baseline: candidate=359.2x, linear_fallback=151.7x, pelt_parity=1.089x
    acc_gap_vs_baseline_pairmean: candidate=0, linear_fallback=0, pelt_parity=0.000662076
    accuracy_mean: baseline=0.75905, candidate=0.75905, linear_fallback=0.75905, pelt_parity=0.75839
    coverage: shared_valid=50/50, n_features=8, workers=32

[eye-movements] shape=7608x23 label_mode=binary classes=2 pos_label=1 pos=3804 neg=3804
  B=  32 | B_eff_mean=26.3 [2, 32]
    runtime_ms_total_features: baseline=40.66ms, candidate=4.807ms, linear_fallback=7.342ms, pelt_parity=90.73ms
    speedup_vs_baseline: candidate=8.458x, linear_fallback=5.538x, pelt_parity=0.4482x
    acc_gap_vs_baseline_pairmean: candidate=0, linear_fallback=0, pelt_parity=0
    accuracy_mean: baseline=0.56506, candidate=0.56506, linear_fallback=0.56506, pelt_parity=0.56506
    coverage: shared_valid=50/50, n_features=23, workers=64
  B=  64 | B_eff_mean=50.7 [2, 64]
    runtime_ms_total_features: baseline=189.8ms, candidate=8.847ms, linear_fallback=17.2ms, pelt_parity=275.5ms
    speedup_vs_baseline: candidate=21.45x, linear_fallback=11.04x, pelt_parity=0.6888x
    acc_gap_vs_baseline_pairmean: candidate=0, linear_fallback=0, pelt_parity=0
    accuracy_mean: baseline=0.56506, candidate=0.56506, linear_fallback=0.56506, pelt_parity=0.56506
    coverage: shared_valid=50/50, n_features=23, workers=64
  B= 128 | B_eff_mean=88.4 [2, 128]
    runtime_ms_total_features: baseline=499.4ms, candidate=13.63ms, linear_fallback=22.91ms, pelt_parity=518.3ms
    speedup_vs_baseline: candidate=36.65x, linear_fallback=21.8x, pelt_parity=0.9636x
    acc_gap_vs_baseline_pairmean: candidate=0, linear_fallback=0, pelt_parity=0
    accuracy_mean: baseline=0.56506, candidate=0.56506, linear_fallback=0.56506, pelt_parity=0.56506
    coverage: shared_valid=50/50, n_features=23, workers=64
  B= 256 | B_eff_mean=157 [2, 256]
    runtime_ms_total_features: baseline=994.6ms, candidate=16.31ms, linear_fallback=25.17ms, pelt_parity=741.2ms
    speedup_vs_baseline: candidate=60.98x, linear_fallback=39.51x, pelt_parity=1.342x
    acc_gap_vs_baseline_pairmean: candidate=0, linear_fallback=0, pelt_parity=0
    accuracy_mean: baseline=0.56506, candidate=0.56506, linear_fallback=0.56506, pelt_parity=0.56506
    coverage: shared_valid=50/50, n_features=23, workers=64
  B= 512 | B_eff_mean=269 [2, 512]
    runtime_ms_total_features: baseline=2789ms, candidate=27.34ms, linear_fallback=44.93ms, pelt_parity=1766ms
    speedup_vs_baseline: candidate=102x, linear_fallback=62.07x, pelt_parity=1.579x
    acc_gap_vs_baseline_pairmean: candidate=0, linear_fallback=0, pelt_parity=0
    accuracy_mean: baseline=0.56506, candidate=0.56506, linear_fallback=0.56506, pelt_parity=0.56506
    coverage: shared_valid=50/50, n_features=23, workers=64
  B=1024 | B_eff_mean=460 [2, 1024]
    runtime_ms_total_features: baseline=9176ms, candidate=47.62ms, linear_fallback=79.06ms, pelt_parity=4656ms
    speedup_vs_baseline: candidate=192.7x, linear_fallback=116.1x, pelt_parity=1.971x
    acc_gap_vs_baseline_pairmean: candidate=0, linear_fallback=0, pelt_parity=0
    accuracy_mean: baseline=0.56506, candidate=0.56506, linear_fallback=0.56506, pelt_parity=0.56506
    coverage: shared_valid=50/50, n_features=23, workers=64

[eye-state] shape=14980x14 label_mode=binary classes=2 pos_label=2 pos=6723 neg=8257
  B=  32 | B_eff_mean=32 [32, 32]
    runtime_ms_total_features: baseline=26.75ms, candidate=1.63ms, linear_fallback=5.607ms, pelt_parity=15.77ms
    speedup_vs_baseline: candidate=16.41x, linear_fallback=4.771x, pelt_parity=1.696x
    acc_gap_vs_baseline_pairmean: candidate=0, linear_fallback=0, pelt_parity=0
    accuracy_mean: baseline=0.63084, candidate=0.63084, linear_fallback=0.63084, pelt_parity=0.63084
    coverage: shared_valid=50/50, n_features=14, workers=56
  B=  64 | B_eff_mean=64 [64, 64]
    runtime_ms_total_features: baseline=165.6ms, candidate=3.432ms, linear_fallback=14.53ms, pelt_parity=212.1ms
    speedup_vs_baseline: candidate=48.25x, linear_fallback=11.39x, pelt_parity=0.7807x
    acc_gap_vs_baseline_pairmean: candidate=0, linear_fallback=0, pelt_parity=0
    accuracy_mean: baseline=0.63358, candidate=0.63358, linear_fallback=0.63358, pelt_parity=0.63358
    coverage: shared_valid=50/50, n_features=14, workers=56
  B= 128 | B_eff_mean=128 [128, 128]
    runtime_ms_total_features: baseline=397.1ms, candidate=4.356ms, linear_fallback=16.61ms, pelt_parity=518.3ms
    speedup_vs_baseline: candidate=91.18x, linear_fallback=23.92x, pelt_parity=0.7663x
    acc_gap_vs_baseline_pairmean: candidate=0, linear_fallback=0, pelt_parity=0
    accuracy_mean: baseline=0.63531, candidate=0.63531, linear_fallback=0.63531, pelt_parity=0.63531
    coverage: shared_valid=50/50, n_features=14, workers=56
  B= 256 | B_eff_mean=253 [246, 256]
    runtime_ms_total_features: baseline=1101ms, candidate=8.216ms, linear_fallback=25.12ms, pelt_parity=1016ms
    speedup_vs_baseline: candidate=134x, linear_fallback=43.82x, pelt_parity=1.084x
    acc_gap_vs_baseline_pairmean: candidate=0, linear_fallback=0, pelt_parity=6.67557e-05
    accuracy_mean: baseline=0.63578, candidate=0.63578, linear_fallback=0.63578, pelt_parity=0.63571
    coverage: shared_valid=50/50, n_features=14, workers=56
  B= 512 | B_eff_mean=368 [286, 483]
    runtime_ms_total_features: baseline=2049ms, candidate=12.49ms, linear_fallback=35.02ms, pelt_parity=1392ms
    speedup_vs_baseline: candidate=164.1x, linear_fallback=58.5x, pelt_parity=1.472x
    acc_gap_vs_baseline_pairmean: candidate=0, linear_fallback=0, pelt_parity=0.000133511
    accuracy_mean: baseline=0.63585, candidate=0.63585, linear_fallback=0.63585, pelt_parity=0.63571
    coverage: shared_valid=50/50, n_features=14, workers=56
  B=1024 | B_eff_mean=388 [286, 593]
    runtime_ms_total_features: baseline=2289ms, candidate=13.79ms, linear_fallback=37.19ms, pelt_parity=1397ms
    speedup_vs_baseline: candidate=166x, linear_fallback=61.55x, pelt_parity=1.639x
    acc_gap_vs_baseline_pairmean: candidate=0, linear_fallback=0, pelt_parity=0.000133511
    accuracy_mean: baseline=0.63585, candidate=0.63585, linear_fallback=0.63585, pelt_parity=0.63571
    coverage: shared_valid=50/50, n_features=14, workers=56

Saved runtime plot: /home/users/yz1075/msdt/runtime_full_comparison.png
Saved B_eff runtime plot: /home/users/yz1075/msdt/runtime_full_comparison_beff.png
Saved accuracy plot: /home/users/yz1075/msdt/runtime_full_comparison_accuracy.png
Saved run profile: /home/users/yz1075/msdt/results/test_strat/.profile_test_strat_20260222_190302_10613532/run_profile.json
Saved time profile: /home/users/yz1075/msdt/results/test_strat/.profile_test_strat_20260222_190302_10613532/run_profile.time.log
Saved command log: /home/users/yz1075/msdt/results/test_strat/.profile_test_strat_20260222_190302_10613532/run_profile.cmd.txt
=== Run Profile Summary ===
wall_time=3:58.99
user_time_sec=2489.80
sys_time_sec=34.93
cpu_utilization=1056%
max_rss_kb=466432
max_rss_gb=0.44
Job ended at Sun Feb 22 07:07:01 PM EST 2026
