[ATOMCOLOR-PAIR-PROFILE] phase=start depth=0 rows=31717 features_done=0/14 pairs=0 feasible_pairs=0 exactify_calls=0 exactify_feasible=0 exactify_aborted=0 prep_sec=0.000 family_sec=0.000 bounds_sec=0.000 exactify_sec=0.000 incumbent_f=-1 incumbent_g=-1 incumbent_ub=inf node_lb=inf max_ambiguity=inf pending_pairs=0 elapsed_sec=0.000
[ATOMCOLOR-PAIR-DETAIL] phase=prep_start depth=0 feature=0 rows=31717 atoms=0 groups=0 elapsed_sec=0.000
[ATOMCOLOR-PAIR-DETAIL] phase=prep_done depth=0 feature=0 rows=31717 atoms=0 groups=0 elapsed_sec=0.004
[ATOMCOLOR-PAIR-DETAIL] phase=family_dict_done depth=0 feature=0 rows=31717 atoms=32 groups=0 elapsed_sec=0.010
[ATOMCOLOR-PAIR-DETAIL] phase=family_group_done depth=0 feature=0 rows=31717 atoms=32 groups=2 elapsed_sec=0.001 stage2_skipped=0
[ATOMCOLOR-PAIR-DETAIL] phase=family_group_done depth=0 feature=0 rows=31717 atoms=32 groups=3 elapsed_sec=0.002 stage2_skipped=0
[ATOMCOLOR-PAIR-DETAIL] phase=prep_start depth=0 feature=1 rows=31717 atoms=0 groups=0 elapsed_sec=0.000
[ATOMCOLOR-PAIR-DETAIL] phase=prep_done depth=0 feature=1 rows=31717 atoms=0 groups=0 elapsed_sec=0.003
[ATOMCOLOR-PAIR-DETAIL] phase=family_dict_done depth=0 feature=1 rows=31717 atoms=32 groups=0 elapsed_sec=0.000
[ATOMCOLOR-PAIR-DETAIL] phase=family_group_done depth=0 feature=1 rows=31717 atoms=32 groups=2 elapsed_sec=0.001 stage2_skipped=0
[ATOMCOLOR-PAIR-DETAIL] phase=family_group_done depth=0 feature=1 rows=31717 atoms=32 groups=3 elapsed_sec=0.002 stage2_skipped=0
[ATOMCOLOR-PAIR-DETAIL] phase=prep_start depth=0 feature=2 rows=31717 atoms=0 groups=0 elapsed_sec=0.000
[ATOMCOLOR-PAIR-DETAIL] phase=prep_done depth=0 feature=2 rows=31717 atoms=0 groups=0 elapsed_sec=0.004
[ATOMCOLOR-PAIR-DETAIL] phase=family_dict_done depth=0 feature=2 rows=31717 atoms=32 groups=0 elapsed_sec=0.010
[ATOMCOLOR-PAIR-DETAIL] phase=family_group_done depth=0 feature=2 rows=31717 atoms=32 groups=2 elapsed_sec=0.001 stage2_skipped=0
[ATOMCOLOR-PAIR-DETAIL] phase=family_group_done depth=0 feature=2 rows=31717 atoms=32 groups=3 elapsed_sec=0.003 stage2_skipped=0
[ATOMCOLOR-PAIR-DETAIL] phase=prep_start depth=0 feature=3 rows=31717 atoms=0 groups=0 elapsed_sec=0.000
[ATOMCOLOR-PAIR-DETAIL] phase=prep_done depth=0 feature=3 rows=31717 atoms=0 groups=0 elapsed_sec=0.004
[ATOMCOLOR-PAIR-DETAIL] phase=family_dict_done depth=0 feature=3 rows=31717 atoms=32 groups=0 elapsed_sec=0.010
[ATOMCOLOR-PAIR-DETAIL] phase=family_group_done depth=0 feature=3 rows=31717 atoms=32 groups=2 elapsed_sec=0.001 stage2_skipped=0
[ATOMCOLOR-PAIR-DETAIL] phase=family_group_done depth=0 feature=3 rows=31717 atoms=32 groups=3 elapsed_sec=0.002 stage2_skipped=0
[ATOMCOLOR-PAIR-DETAIL] phase=prep_start depth=0 feature=4 rows=31717 atoms=0 groups=0 elapsed_sec=0.000
[ATOMCOLOR-PAIR-DETAIL] phase=prep_done depth=0 feature=4 rows=31717 atoms=0 groups=0 elapsed_sec=0.004
[ATOMCOLOR-PAIR-DETAIL] phase=family_dict_done depth=0 feature=4 rows=31717 atoms=32 groups=0 elapsed_sec=0.011
[ATOMCOLOR-PAIR-DETAIL] phase=family_group_done depth=0 feature=4 rows=31717 atoms=32 groups=2 elapsed_sec=0.001 stage2_skipped=0
[ATOMCOLOR-PAIR-DETAIL] phase=family_group_done depth=0 feature=4 rows=31717 atoms=32 groups=3 elapsed_sec=0.003 stage2_skipped=0
[ATOMCOLOR-PAIR-DETAIL] phase=prep_start depth=0 feature=5 rows=31717 atoms=0 groups=0 elapsed_sec=0.000
[ATOMCOLOR-PAIR-DETAIL] phase=prep_done depth=0 feature=5 rows=31717 atoms=0 groups=0 elapsed_sec=0.004
[ATOMCOLOR-PAIR-DETAIL] phase=family_dict_done depth=0 feature=5 rows=31717 atoms=32 groups=0 elapsed_sec=0.010
[ATOMCOLOR-PAIR-DETAIL] phase=family_group_done depth=0 feature=5 rows=31717 atoms=32 groups=2 elapsed_sec=0.001 stage2_skipped=0
[ATOMCOLOR-PAIR-DETAIL] phase=family_group_done depth=0 feature=5 rows=31717 atoms=32 groups=3 elapsed_sec=0.002 stage2_skipped=0
[ATOMCOLOR-PAIR-DETAIL] phase=prep_start depth=0 feature=6 rows=31717 atoms=0 groups=0 elapsed_sec=0.000
[ATOMCOLOR-PAIR-DETAIL] phase=prep_done depth=0 feature=6 rows=31717 atoms=0 groups=0 elapsed_sec=0.004
[ATOMCOLOR-PAIR-DETAIL] phase=family_dict_done depth=0 feature=6 rows=31717 atoms=32 groups=0 elapsed_sec=0.010
[ATOMCOLOR-PAIR-DETAIL] phase=family_group_done depth=0 feature=6 rows=31717 atoms=32 groups=2 elapsed_sec=0.001 stage2_skipped=0
[ATOMCOLOR-PAIR-DETAIL] phase=family_group_done depth=0 feature=6 rows=31717 atoms=32 groups=3 elapsed_sec=0.002 stage2_skipped=0
[ATOMCOLOR-PAIR-DETAIL] phase=prep_start depth=0 feature=7 rows=31717 atoms=0 groups=0 elapsed_sec=0.000
[ATOMCOLOR-PAIR-DETAIL] phase=prep_done depth=0 feature=7 rows=31717 atoms=0 groups=0 elapsed_sec=0.003
[ATOMCOLOR-PAIR-DETAIL] phase=family_dict_done depth=0 feature=7 rows=31717 atoms=2 groups=0 elapsed_sec=0.000
[ATOMCOLOR-PAIR-DETAIL] phase=family_group_done depth=0 feature=7 rows=31717 atoms=2 groups=2 elapsed_sec=0.000 stage2_skipped=0
[ATOMCOLOR-PAIR-DETAIL] phase=prep_start depth=0 feature=8 rows=31717 atoms=0 groups=0 elapsed_sec=0.000
[ATOMCOLOR-PAIR-DETAIL] phase=prep_done depth=0 feature=8 rows=31717 atoms=0 groups=0 elapsed_sec=0.003
[ATOMCOLOR-PAIR-DETAIL] phase=family_dict_done depth=0 feature=8 rows=31717 atoms=2 groups=0 elapsed_sec=0.000
[ATOMCOLOR-PAIR-DETAIL] phase=family_group_done depth=0 feature=8 rows=31717 atoms=2 groups=2 elapsed_sec=0.000 stage2_skipped=0
[ATOMCOLOR-PAIR-DETAIL] phase=prep_start depth=0 feature=9 rows=31717 atoms=0 groups=0 elapsed_sec=0.000
[ATOMCOLOR-PAIR-DETAIL] phase=prep_done depth=0 feature=9 rows=31717 atoms=0 groups=0 elapsed_sec=0.003
[ATOMCOLOR-PAIR-DETAIL] phase=family_dict_done depth=0 feature=9 rows=31717 atoms=2 groups=0 elapsed_sec=0.000
[ATOMCOLOR-PAIR-DETAIL] phase=family_group_done depth=0 feature=9 rows=31717 atoms=2 groups=2 elapsed_sec=0.000 stage2_skipped=0
[ATOMCOLOR-PAIR-DETAIL] phase=prep_start depth=0 feature=10 rows=31717 atoms=0 groups=0 elapsed_sec=0.000
[ATOMCOLOR-PAIR-DETAIL] phase=prep_done depth=0 feature=10 rows=31717 atoms=0 groups=0 elapsed_sec=0.003
[ATOMCOLOR-PAIR-DETAIL] phase=family_dict_done depth=0 feature=10 rows=31717 atoms=2 groups=0 elapsed_sec=0.000
[ATOMCOLOR-PAIR-DETAIL] phase=family_group_done depth=0 feature=10 rows=31717 atoms=2 groups=2 elapsed_sec=0.000 stage2_skipped=0
[ATOMCOLOR-PAIR-DETAIL] phase=prep_start depth=0 feature=11 rows=31717 atoms=0 groups=0 elapsed_sec=0.000
[ATOMCOLOR-PAIR-DETAIL] phase=prep_done depth=0 feature=11 rows=31717 atoms=0 groups=0 elapsed_sec=0.003
[ATOMCOLOR-PAIR-DETAIL] phase=family_dict_done depth=0 feature=11 rows=31717 atoms=2 groups=0 elapsed_sec=0.000
[ATOMCOLOR-PAIR-DETAIL] phase=family_group_done depth=0 feature=11 rows=31717 atoms=2 groups=2 elapsed_sec=0.000 stage2_skipped=0
[ATOMCOLOR-PAIR-DETAIL] phase=prep_start depth=0 feature=12 rows=31717 atoms=0 groups=0 elapsed_sec=0.000
[ATOMCOLOR-PAIR-DETAIL] phase=prep_done depth=0 feature=12 rows=31717 atoms=0 groups=0 elapsed_sec=0.003
[ATOMCOLOR-PAIR-DETAIL] phase=family_dict_done depth=0 feature=12 rows=31717 atoms=2 groups=0 elapsed_sec=0.000
[ATOMCOLOR-PAIR-DETAIL] phase=family_group_done depth=0 feature=12 rows=31717 atoms=2 groups=2 elapsed_sec=0.000 stage2_skipped=0
[ATOMCOLOR-PAIR-DETAIL] phase=prep_start depth=0 feature=13 rows=31717 atoms=0 groups=0 elapsed_sec=0.000
[ATOMCOLOR-PAIR-DETAIL] phase=prep_done depth=0 feature=13 rows=31717 atoms=0 groups=0 elapsed_sec=0.003
[ATOMCOLOR-PAIR-DETAIL] phase=family_dict_done depth=0 feature=13 rows=31717 atoms=2 groups=0 elapsed_sec=0.000
[ATOMCOLOR-PAIR-DETAIL] phase=family_group_done depth=0 feature=13 rows=31717 atoms=2 groups=2 elapsed_sec=0.000 stage2_skipped=0
[ATOMCOLOR-PAIR-PROFILE] phase=broad_done depth=0 rows=31717 features_done=14/14 pairs=21 feasible_pairs=21 exactify_calls=0 exactify_feasible=0 exactify_aborted=0 prep_sec=0.048 family_sec=0.088 bounds_sec=0.048 exactify_sec=0.000 incumbent_f=-1 incumbent_g=-1 incumbent_ub=inf node_lb=inf max_ambiguity=inf pending_pairs=21 elapsed_sec=0.185
[ATOMCOLOR-PAIR-PROFILE] phase=start depth=1 rows=21706 features_done=0/14 pairs=0 feasible_pairs=0 exactify_calls=0 exactify_feasible=0 exactify_aborted=0 prep_sec=0.000 family_sec=0.000 bounds_sec=0.000 exactify_sec=0.000 incumbent_f=-1 incumbent_g=-1 incumbent_ub=inf node_lb=inf max_ambiguity=inf pending_pairs=0 elapsed_sec=0.000
[ATOMCOLOR-PAIR-DETAIL] phase=prep_start depth=1 feature=0 rows=21706 atoms=0 groups=0 elapsed_sec=0.000
[ATOMCOLOR-PAIR-DETAIL] phase=prep_done depth=1 feature=0 rows=21706 atoms=0 groups=0 elapsed_sec=0.003
[ATOMCOLOR-PAIR-DETAIL] phase=family_dict_done depth=1 feature=0 rows=21706 atoms=32 groups=0 elapsed_sec=0.010
[ATOMCOLOR-PAIR-DETAIL] phase=family_group_done depth=1 feature=0 rows=21706 atoms=32 groups=2 elapsed_sec=0.001 stage2_skipped=0
[ATOMCOLOR-PAIR-DETAIL] phase=family_group_done depth=1 feature=0 rows=21706 atoms=32 groups=3 elapsed_sec=0.003 stage2_skipped=0
[ATOMCOLOR-PAIR-DETAIL] phase=prep_start depth=1 feature=1 rows=21706 atoms=0 groups=0 elapsed_sec=0.000
[ATOMCOLOR-PAIR-DETAIL] phase=prep_done depth=1 feature=1 rows=21706 atoms=0 groups=0 elapsed_sec=0.002
[ATOMCOLOR-PAIR-DETAIL] phase=family_dict_done depth=1 feature=1 rows=21706 atoms=32 groups=0 elapsed_sec=0.000
[ATOMCOLOR-PAIR-DETAIL] phase=family_group_done depth=1 feature=1 rows=21706 atoms=32 groups=2 elapsed_sec=0.001 stage2_skipped=0
[ATOMCOLOR-PAIR-DETAIL] phase=family_group_done depth=1 feature=1 rows=21706 atoms=32 groups=3 elapsed_sec=0.002 stage2_skipped=0
[ATOMCOLOR-PAIR-DETAIL] phase=prep_start depth=1 feature=2 rows=21706 atoms=0 groups=0 elapsed_sec=0.000
[ATOMCOLOR-PAIR-DETAIL] phase=prep_fail depth=1 feature=2 rows=21706 atoms=0 groups=0 elapsed_sec=0.002
[ATOMCOLOR-PAIR-DETAIL] phase=prep_start depth=1 feature=3 rows=21706 atoms=0 groups=0 elapsed_sec=0.000
[ATOMCOLOR-PAIR-DETAIL] phase=prep_done depth=1 feature=3 rows=21706 atoms=0 groups=0 elapsed_sec=0.003
[ATOMCOLOR-PAIR-DETAIL] phase=family_dict_done depth=1 feature=3 rows=21706 atoms=32 groups=0 elapsed_sec=0.010
[ATOMCOLOR-PAIR-DETAIL] phase=family_group_done depth=1 feature=3 rows=21706 atoms=32 groups=2 elapsed_sec=0.001 stage2_skipped=0
[ATOMCOLOR-PAIR-DETAIL] phase=family_group_done depth=1 feature=3 rows=21706 atoms=32 groups=3 elapsed_sec=0.003 stage2_skipped=0
[ATOMCOLOR-PAIR-DETAIL] phase=prep_start depth=1 feature=4 rows=21706 atoms=0 groups=0 elapsed_sec=0.000
[ATOMCOLOR-PAIR-DETAIL] phase=prep_done depth=1 feature=4 rows=21706 atoms=0 groups=0 elapsed_sec=0.003
[ATOMCOLOR-PAIR-DETAIL] phase=family_dict_done depth=1 feature=4 rows=21706 atoms=28 groups=0 elapsed_sec=0.010
[ATOMCOLOR-PAIR-DETAIL] phase=family_group_done depth=1 feature=4 rows=21706 atoms=28 groups=2 elapsed_sec=0.001 stage2_skipped=0
[ATOMCOLOR-PAIR-DETAIL] phase=family_group_done depth=1 feature=4 rows=21706 atoms=28 groups=3 elapsed_sec=0.005 stage2_skipped=0
[ATOMCOLOR-PAIR-DETAIL] phase=prep_start depth=1 feature=5 rows=21706 atoms=0 groups=0 elapsed_sec=0.000
[ATOMCOLOR-PAIR-DETAIL] phase=prep_done depth=1 feature=5 rows=21706 atoms=0 groups=0 elapsed_sec=0.003
[ATOMCOLOR-PAIR-DETAIL] phase=family_dict_done depth=1 feature=5 rows=21706 atoms=32 groups=0 elapsed_sec=0.010
[ATOMCOLOR-PAIR-DETAIL] phase=family_group_done depth=1 feature=5 rows=21706 atoms=32 groups=2 elapsed_sec=0.001 stage2_skipped=0
[ATOMCOLOR-PAIR-DETAIL] phase=family_group_done depth=1 feature=5 rows=21706 atoms=32 groups=3 elapsed_sec=0.002 stage2_skipped=0
[ATOMCOLOR-PAIR-DETAIL] phase=prep_start depth=1 feature=6 rows=21706 atoms=0 groups=0 elapsed_sec=0.000
[ATOMCOLOR-PAIR-DETAIL] phase=prep_done depth=1 feature=6 rows=21706 atoms=0 groups=0 elapsed_sec=0.003
[ATOMCOLOR-PAIR-DETAIL] phase=family_dict_done depth=1 feature=6 rows=21706 atoms=32 groups=0 elapsed_sec=0.010
[ATOMCOLOR-PAIR-DETAIL] phase=family_group_done depth=1 feature=6 rows=21706 atoms=32 groups=2 elapsed_sec=0.001 stage2_skipped=0
[ATOMCOLOR-PAIR-DETAIL] phase=family_group_done depth=1 feature=6 rows=21706 atoms=32 groups=3 elapsed_sec=0.002 stage2_skipped=0
[ATOMCOLOR-PAIR-DETAIL] phase=prep_start depth=1 feature=7 rows=21706 atoms=0 groups=0 elapsed_sec=0.000
[ATOMCOLOR-PAIR-DETAIL] phase=prep_done depth=1 feature=7 rows=21706 atoms=0 groups=0 elapsed_sec=0.002
[ATOMCOLOR-PAIR-DETAIL] phase=family_dict_done depth=1 feature=7 rows=21706 atoms=2 groups=0 elapsed_sec=0.000
[ATOMCOLOR-PAIR-DETAIL] phase=family_group_done depth=1 feature=7 rows=21706 atoms=2 groups=2 elapsed_sec=0.000 stage2_skipped=0
[ATOMCOLOR-PAIR-DETAIL] phase=prep_start depth=1 feature=8 rows=21706 atoms=0 groups=0 elapsed_sec=0.000
[ATOMCOLOR-PAIR-DETAIL] phase=prep_done depth=1 feature=8 rows=21706 atoms=0 groups=0 elapsed_sec=0.002
[ATOMCOLOR-PAIR-DETAIL] phase=family_dict_done depth=1 feature=8 rows=21706 atoms=2 groups=0 elapsed_sec=0.000
[ATOMCOLOR-PAIR-DETAIL] phase=family_group_done depth=1 feature=8 rows=21706 atoms=2 groups=2 elapsed_sec=0.000 stage2_skipped=0
[ATOMCOLOR-PAIR-DETAIL] phase=prep_start depth=1 feature=9 rows=21706 atoms=0 groups=0 elapsed_sec=0.000
[ATOMCOLOR-PAIR-DETAIL] phase=prep_done depth=1 feature=9 rows=21706 atoms=0 groups=0 elapsed_sec=0.002
[ATOMCOLOR-PAIR-DETAIL] phase=family_dict_done depth=1 feature=9 rows=21706 atoms=2 groups=0 elapsed_sec=0.000
[ATOMCOLOR-PAIR-DETAIL] phase=family_group_done depth=1 feature=9 rows=21706 atoms=2 groups=2 elapsed_sec=0.000 stage2_skipped=0
[ATOMCOLOR-PAIR-DETAIL] phase=prep_start depth=1 feature=10 rows=21706 atoms=0 groups=0 elapsed_sec=0.000
[ATOMCOLOR-PAIR-DETAIL] phase=prep_done depth=1 feature=10 rows=21706 atoms=0 groups=0 elapsed_sec=0.002
[ATOMCOLOR-PAIR-DETAIL] phase=family_dict_done depth=1 feature=10 rows=21706 atoms=2 groups=0 elapsed_sec=0.000
[ATOMCOLOR-PAIR-DETAIL] phase=family_group_done depth=1 feature=10 rows=21706 atoms=2 groups=2 elapsed_sec=0.000 stage2_skipped=0
[ATOMCOLOR-PAIR-DETAIL] phase=prep_start depth=1 feature=11 rows=21706 atoms=0 groups=0 elapsed_sec=0.000
[ATOMCOLOR-PAIR-DETAIL] phase=prep_done depth=1 feature=11 rows=21706 atoms=0 groups=0 elapsed_sec=0.002
[ATOMCOLOR-PAIR-DETAIL] phase=family_dict_done depth=1 feature=11 rows=21706 atoms=2 groups=0 elapsed_sec=0.000
[ATOMCOLOR-PAIR-DETAIL] phase=family_group_done depth=1 feature=11 rows=21706 atoms=2 groups=2 elapsed_sec=0.000 stage2_skipped=0
[ATOMCOLOR-PAIR-DETAIL] phase=prep_start depth=1 feature=12 rows=21706 atoms=0 groups=0 elapsed_sec=0.000
[ATOMCOLOR-PAIR-DETAIL] phase=prep_done depth=1 feature=12 rows=21706 atoms=0 groups=0 elapsed_sec=0.002
[ATOMCOLOR-PAIR-DETAIL] phase=family_dict_done depth=1 feature=12 rows=21706 atoms=2 groups=0 elapsed_sec=0.000
[ATOMCOLOR-PAIR-DETAIL] phase=family_group_done depth=1 feature=12 rows=21706 atoms=2 groups=2 elapsed_sec=0.000 stage2_skipped=0
[ATOMCOLOR-PAIR-DETAIL] phase=prep_start depth=1 feature=13 rows=21706 atoms=0 groups=0 elapsed_sec=0.000
[ATOMCOLOR-PAIR-DETAIL] phase=prep_done depth=1 feature=13 rows=21706 atoms=0 groups=0 elapsed_sec=0.002
[ATOMCOLOR-PAIR-DETAIL] phase=family_dict_done depth=1 feature=13 rows=21706 atoms=2 groups=0 elapsed_sec=0.000
[ATOMCOLOR-PAIR-DETAIL] phase=family_group_done depth=1 feature=13 rows=21706 atoms=2 groups=2 elapsed_sec=0.000 stage2_skipped=0
[ATOMCOLOR-PAIR-PROFILE] phase=broad_done depth=1 rows=21706 features_done=13/14 pairs=19 feasible_pairs=19 exactify_calls=0 exactify_feasible=0 exactify_aborted=0 prep_sec=0.034 family_sec=0.077 bounds_sec=0.029 exactify_sec=0.000 incumbent_f=-1 incumbent_g=-1 incumbent_ub=inf node_lb=inf max_ambiguity=inf pending_pairs=19 elapsed_sec=0.141
[ATOMCOLOR-PAIR-ORDER] phase=incumbent depth=1 order=1 feature=0 groups=2 L_a=0.168111758185 U_a=0.168111758185 gap_before=inf exact_lb=0.168111758185 exact_ub=0.168111758185 survivors_before=19 survivors_after=0 incumbent_before=inf incumbent_after=0.168111758185
[ATOMCOLOR-PAIR-PROFILE] phase=done depth=1 rows=21706 features_done=13/14 pairs=19 feasible_pairs=19 exactify_calls=1 exactify_feasible=1 exactify_aborted=0 prep_sec=0.034 family_sec=0.077 bounds_sec=0.029 exactify_sec=0.003 incumbent_f=0 incumbent_g=2 incumbent_ub=0.168111758185 node_lb=0.168111758185 max_ambiguity=0 pending_pairs=0 elapsed_sec=0.143
[ATOMCOLOR-PAIR-PROFILE] phase=start depth=1 rows=10011 features_done=0/14 pairs=0 feasible_pairs=0 exactify_calls=0 exactify_feasible=0 exactify_aborted=0 prep_sec=0.000 family_sec=0.000 bounds_sec=0.000 exactify_sec=0.000 incumbent_f=-1 incumbent_g=-1 incumbent_ub=inf node_lb=inf max_ambiguity=inf pending_pairs=0 elapsed_sec=0.000
[ATOMCOLOR-PAIR-DETAIL] phase=prep_start depth=1 feature=0 rows=10011 atoms=0 groups=0 elapsed_sec=0.000
[ATOMCOLOR-PAIR-DETAIL] phase=prep_done depth=1 feature=0 rows=10011 atoms=0 groups=0 elapsed_sec=0.002
[ATOMCOLOR-PAIR-DETAIL] phase=family_dict_done depth=1 feature=0 rows=10011 atoms=32 groups=0 elapsed_sec=0.010
[ATOMCOLOR-PAIR-DETAIL] phase=family_group_done depth=1 feature=0 rows=10011 atoms=32 groups=2 elapsed_sec=0.001 stage2_skipped=0
[ATOMCOLOR-PAIR-DETAIL] phase=family_group_done depth=1 feature=0 rows=10011 atoms=32 groups=3 elapsed_sec=0.003 stage2_skipped=0
[ATOMCOLOR-PAIR-DETAIL] phase=prep_start depth=1 feature=1 rows=10011 atoms=0 groups=0 elapsed_sec=0.000
[ATOMCOLOR-PAIR-DETAIL] phase=prep_done depth=1 feature=1 rows=10011 atoms=0 groups=0 elapsed_sec=0.001
[ATOMCOLOR-PAIR-DETAIL] phase=family_dict_done depth=1 feature=1 rows=10011 atoms=32 groups=0 elapsed_sec=0.000
[ATOMCOLOR-PAIR-DETAIL] phase=family_group_done depth=1 feature=1 rows=10011 atoms=32 groups=2 elapsed_sec=0.001 stage2_skipped=0
[ATOMCOLOR-PAIR-DETAIL] phase=family_group_done depth=1 feature=1 rows=10011 atoms=32 groups=3 elapsed_sec=0.003 stage2_skipped=0
[ATOMCOLOR-PAIR-DETAIL] phase=prep_start depth=1 feature=2 rows=10011 atoms=0 groups=0 elapsed_sec=0.000
[ATOMCOLOR-PAIR-DETAIL] phase=prep_done depth=1 feature=2 rows=10011 atoms=0 groups=0 elapsed_sec=0.002
[ATOMCOLOR-PAIR-DETAIL] phase=family_dict_done depth=1 feature=2 rows=10011 atoms=30 groups=0 elapsed_sec=0.003
[ATOMCOLOR-PAIR-DETAIL] phase=family_group_done depth=1 feature=2 rows=10011 atoms=30 groups=2 elapsed_sec=0.001 stage2_skipped=0
[ATOMCOLOR-PAIR-DETAIL] phase=family_group_done depth=1 feature=2 rows=10011 atoms=30 groups=3 elapsed_sec=0.002 stage2_skipped=0
[ATOMCOLOR-PAIR-DETAIL] phase=prep_start depth=1 feature=3 rows=10011 atoms=0 groups=0 elapsed_sec=0.000
[ATOMCOLOR-PAIR-DETAIL] phase=prep_done depth=1 feature=3 rows=10011 atoms=0 groups=0 elapsed_sec=0.002
[ATOMCOLOR-PAIR-DETAIL] phase=family_dict_done depth=1 feature=3 rows=10011 atoms=32 groups=0 elapsed_sec=0.011
[ATOMCOLOR-PAIR-DETAIL] phase=family_group_done depth=1 feature=3 rows=10011 atoms=32 groups=2 elapsed_sec=0.001 stage2_skipped=0
[ATOMCOLOR-PAIR-DETAIL] phase=family_group_done depth=1 feature=3 rows=10011 atoms=32 groups=3 elapsed_sec=0.002 stage2_skipped=0
[ATOMCOLOR-PAIR-DETAIL] phase=prep_start depth=1 feature=4 rows=10011 atoms=0 groups=0 elapsed_sec=0.000
[ATOMCOLOR-PAIR-DETAIL] phase=prep_done depth=1 feature=4 rows=10011 atoms=0 groups=0 elapsed_sec=0.002
[ATOMCOLOR-PAIR-DETAIL] phase=family_dict_done depth=1 feature=4 rows=10011 atoms=32 groups=0 elapsed_sec=0.010
[ATOMCOLOR-PAIR-DETAIL] phase=family_group_done depth=1 feature=4 rows=10011 atoms=32 groups=2 elapsed_sec=0.003 stage2_skipped=0
[ATOMCOLOR-PAIR-DETAIL] phase=family_group_done depth=1 feature=4 rows=10011 atoms=32 groups=3 elapsed_sec=0.021 stage2_skipped=0
[ATOMCOLOR-PAIR-DETAIL] phase=prep_start depth=1 feature=5 rows=10011 atoms=0 groups=0 elapsed_sec=0.000
[ATOMCOLOR-PAIR-DETAIL] phase=prep_fail depth=1 feature=5 rows=10011 atoms=0 groups=0 elapsed_sec=0.002
[ATOMCOLOR-PAIR-DETAIL] phase=prep_start depth=1 feature=6 rows=10011 atoms=0 groups=0 elapsed_sec=0.000
[ATOMCOLOR-PAIR-DETAIL] phase=prep_done depth=1 feature=6 rows=10011 atoms=0 groups=0 elapsed_sec=0.002
[ATOMCOLOR-PAIR-DETAIL] phase=family_dict_done depth=1 feature=6 rows=10011 atoms=32 groups=0 elapsed_sec=0.010
[ATOMCOLOR-PAIR-DETAIL] phase=family_group_done depth=1 feature=6 rows=10011 atoms=32 groups=2 elapsed_sec=0.001 stage2_skipped=0
[ATOMCOLOR-PAIR-DETAIL] phase=family_group_done depth=1 feature=6 rows=10011 atoms=32 groups=3 elapsed_sec=0.003 stage2_skipped=0
[ATOMCOLOR-PAIR-DETAIL] phase=prep_start depth=1 feature=7 rows=10011 atoms=0 groups=0 elapsed_sec=0.000
[ATOMCOLOR-PAIR-DETAIL] phase=prep_done depth=1 feature=7 rows=10011 atoms=0 groups=0 elapsed_sec=0.001
[ATOMCOLOR-PAIR-DETAIL] phase=family_dict_done depth=1 feature=7 rows=10011 atoms=2 groups=0 elapsed_sec=0.000
[ATOMCOLOR-PAIR-DETAIL] phase=family_group_done depth=1 feature=7 rows=10011 atoms=2 groups=2 elapsed_sec=0.000 stage2_skipped=0
[ATOMCOLOR-PAIR-DETAIL] phase=prep_start depth=1 feature=8 rows=10011 atoms=0 groups=0 elapsed_sec=0.000
[ATOMCOLOR-PAIR-DETAIL] phase=prep_done depth=1 feature=8 rows=10011 atoms=0 groups=0 elapsed_sec=0.002
[ATOMCOLOR-PAIR-DETAIL] phase=family_dict_done depth=1 feature=8 rows=10011 atoms=2 groups=0 elapsed_sec=0.000
[ATOMCOLOR-PAIR-DETAIL] phase=family_group_done depth=1 feature=8 rows=10011 atoms=2 groups=2 elapsed_sec=0.000 stage2_skipped=0
[ATOMCOLOR-PAIR-DETAIL] phase=prep_start depth=1 feature=9 rows=10011 atoms=0 groups=0 elapsed_sec=0.000
[ATOMCOLOR-PAIR-DETAIL] phase=prep_done depth=1 feature=9 rows=10011 atoms=0 groups=0 elapsed_sec=0.001
[ATOMCOLOR-PAIR-DETAIL] phase=family_dict_done depth=1 feature=9 rows=10011 atoms=2 groups=0 elapsed_sec=0.000
[ATOMCOLOR-PAIR-DETAIL] phase=family_group_done depth=1 feature=9 rows=10011 atoms=2 groups=2 elapsed_sec=0.000 stage2_skipped=0
[ATOMCOLOR-PAIR-DETAIL] phase=prep_start depth=1 feature=10 rows=10011 atoms=0 groups=0 elapsed_sec=0.000
[ATOMCOLOR-PAIR-DETAIL] phase=prep_done depth=1 feature=10 rows=10011 atoms=0 groups=0 elapsed_sec=0.001
[ATOMCOLOR-PAIR-DETAIL] phase=family_dict_done depth=1 feature=10 rows=10011 atoms=2 groups=0 elapsed_sec=0.000
[ATOMCOLOR-PAIR-DETAIL] phase=family_group_done depth=1 feature=10 rows=10011 atoms=2 groups=2 elapsed_sec=0.000 stage2_skipped=0
[ATOMCOLOR-PAIR-DETAIL] phase=prep_start depth=1 feature=11 rows=10011 atoms=0 groups=0 elapsed_sec=0.000
[ATOMCOLOR-PAIR-DETAIL] phase=prep_done depth=1 feature=11 rows=10011 atoms=0 groups=0 elapsed_sec=0.001
[ATOMCOLOR-PAIR-DETAIL] phase=family_dict_done depth=1 feature=11 rows=10011 atoms=2 groups=0 elapsed_sec=0.000
[ATOMCOLOR-PAIR-DETAIL] phase=family_group_done depth=1 feature=11 rows=10011 atoms=2 groups=2 elapsed_sec=0.000 stage2_skipped=0
[ATOMCOLOR-PAIR-DETAIL] phase=prep_start depth=1 feature=12 rows=10011 atoms=0 groups=0 elapsed_sec=0.000
[ATOMCOLOR-PAIR-DETAIL] phase=prep_done depth=1 feature=12 rows=10011 atoms=0 groups=0 elapsed_sec=0.002
[ATOMCOLOR-PAIR-DETAIL] phase=family_dict_done depth=1 feature=12 rows=10011 atoms=2 groups=0 elapsed_sec=0.000
[ATOMCOLOR-PAIR-DETAIL] phase=family_group_done depth=1 feature=12 rows=10011 atoms=2 groups=2 elapsed_sec=0.000 stage2_skipped=0
[ATOMCOLOR-PAIR-DETAIL] phase=prep_start depth=1 feature=13 rows=10011 atoms=0 groups=0 elapsed_sec=0.000
[ATOMCOLOR-PAIR-DETAIL] phase=prep_done depth=1 feature=13 rows=10011 atoms=0 groups=0 elapsed_sec=0.001
[ATOMCOLOR-PAIR-DETAIL] phase=family_dict_done depth=1 feature=13 rows=10011 atoms=2 groups=0 elapsed_sec=0.000
[ATOMCOLOR-PAIR-DETAIL] phase=family_group_done depth=1 feature=13 rows=10011 atoms=2 groups=2 elapsed_sec=0.000 stage2_skipped=0
[ATOMCOLOR-PAIR-PROFILE] phase=broad_done depth=1 rows=10011 features_done=13/14 pairs=19 feasible_pairs=19 exactify_calls=0 exactify_feasible=0 exactify_aborted=0 prep_sec=0.022 family_sec=0.087 bounds_sec=0.016 exactify_sec=0.000 incumbent_f=-1 incumbent_g=-1 incumbent_ub=inf node_lb=inf max_ambiguity=inf pending_pairs=19 elapsed_sec=0.125
[ATOMCOLOR-PAIR-ORDER] phase=incumbent depth=1 order=1 feature=1 groups=2 L_a=0.0609137255838 U_a=0.0609137255838 gap_before=inf exact_lb=0.0609137255838 exact_ub=0.0609137255838 survivors_before=19 survivors_after=0 incumbent_before=inf incumbent_after=0.0609137255838
[ATOMCOLOR-PAIR-PROFILE] phase=done depth=1 rows=10011 features_done=13/14 pairs=19 feasible_pairs=19 exactify_calls=1 exactify_feasible=1 exactify_aborted=0 prep_sec=0.022 family_sec=0.087 bounds_sec=0.016 exactify_sec=0.002 incumbent_f=1 incumbent_g=2 incumbent_ub=0.0609137255838 node_lb=0.0609137255838 max_ambiguity=0 pending_pairs=0 elapsed_sec=0.127
[ATOMCOLOR-PAIR-ORDER] phase=incumbent depth=0 order=1 feature=2 groups=2 L_a=2e-08 U_a=0.241510881683 gap_before=inf exact_lb=0.229025483768 exact_ub=0.229025483768 survivors_before=21 survivors_after=20 incumbent_before=inf incumbent_after=0.229025483768
[ATOMCOLOR-PAIR-DETAIL] phase=prep_start depth=0 feature=2 rows=31717 atoms=0 groups=0 elapsed_sec=0.000
[ATOMCOLOR-PAIR-DETAIL] phase=prep_done depth=0 feature=2 rows=31717 atoms=0 groups=0 elapsed_sec=0.004
[ATOMCOLOR-PAIR-DETAIL] phase=prep_start depth=1 feature=0 rows=21706 atoms=0 groups=0 elapsed_sec=0.000
[ATOMCOLOR-PAIR-DETAIL] phase=prep_done depth=1 feature=0 rows=21706 atoms=0 groups=0 elapsed_sec=0.003
[2026-03-12T21:23:02.722] error: *** JOB 10725403 ON compsci-cluster-fitz-45 CANCELLED AT 2026-03-12T21:23:02 DUE to SIGNAL Terminated ***
