Job started on compsci-cluster-fitz-36 at Tue Feb 24 07:38:01 AM EST 2026
CPU settings: total_cpus=64, parallel_trials=64, threads_per_trial=1, split_threads=1, lgb_threads=1, xgb_threads=2
Optuna settings: enable=1, trials=10, val_size=0.2, seed=0, timeout_sec=0, warmstart_enable=1, warmstart_root=results, warmstart_max=8, seed_candidates=4, cpu_target=0.94, max_active_studies=0, max_concurrent_trials=0
LightGBM binning backend: device=gpu, gpu_platform=0, gpu_device=0, gpu_fallback=0, max_gpu_jobs=1, gpu_lock_dir=/tmp/msdt_lgb_gpu_lock, binning_max_bins=12, ensemble_runs=3, ensemble_feature_fraction=0.8, ensemble_bagging_fraction=0.8, ensemble_bagging_freq=1, threshold_dedup_eps=1e-9
Dataset runtime mode: datasets=['electricity', 'eye-movements', 'eye-state'], B_sweep=[32, 64, 128, 256, 512, 1024], trials=50, m=5, lambda=0.01, max_branch_n=6, ub_best=inf, binning=lightgbm, dynamic_ub=True, solvers=['baseline', 'dl85_cbb', 'binoct_flow', 'snip', 'gosdt_dpb', 'linear_fallback', 'candidate']

[electricity] shape=45312x8 label_mode=binary classes=2 pos_label=UP pos=19237 neg=26075
  B=  32 | B_eff_mean=28.88 [7, 32]
    runtime_ms_total_features: baseline=3.003ms, dl85_cbb=1.888ms, binoct_flow=2.774ms, snip=0.9449ms, gosdt_dpb=2.282ms, linear_fallback=0.5027ms, candidate=0.1457ms
    speedup_vs_baseline: dl85_cbb=1.59x, binoct_flow=1.082x, snip=3.178x, gosdt_dpb=1.316x, linear_fallback=5.973x, candidate=20.61x
    acc_gap_vs_baseline: dl85_cbb=0, binoct_flow=0, snip=0, gosdt_dpb=0, linear_fallback=0, candidate=0
    accuracy_mean: baseline=0.75501, dl85_cbb=0.75501, binoct_flow=0.75501, snip=0.75501, gosdt_dpb=0.75501, linear_fallback=0.75501, candidate=0.75501
    coverage: shared_valid=50/50, n_features=8
  B=  64 | B_eff_mean=54.88 [7, 64]
    runtime_ms_total_features: baseline=10.6ms, dl85_cbb=6.255ms, binoct_flow=9.358ms, snip=2.011ms, gosdt_dpb=8.512ms, linear_fallback=0.8389ms, candidate=0.2281ms
    speedup_vs_baseline: dl85_cbb=1.695x, binoct_flow=1.133x, snip=5.272x, gosdt_dpb=1.246x, linear_fallback=12.64x, candidate=46.48x
    acc_gap_vs_baseline: dl85_cbb=0, binoct_flow=0, snip=0, gosdt_dpb=0, linear_fallback=0, candidate=0
    accuracy_mean: baseline=0.756886, dl85_cbb=0.756886, binoct_flow=0.756886, snip=0.756886, gosdt_dpb=0.756886, linear_fallback=0.756886, candidate=0.756886
    coverage: shared_valid=50/50, n_features=8
  B= 128 | B_eff_mean=102.9 [7, 128]
    runtime_ms_total_features: baseline=36.06ms, dl85_cbb=24.13ms, binoct_flow=29.78ms, snip=3.895ms, gosdt_dpb=28.54ms, linear_fallback=1.452ms, candidate=0.4359ms
    speedup_vs_baseline: dl85_cbb=1.495x, binoct_flow=1.211x, snip=9.257x, gosdt_dpb=1.263x, linear_fallback=24.83x, candidate=82.71x
    acc_gap_vs_baseline: dl85_cbb=0, binoct_flow=0, snip=0, gosdt_dpb=0, linear_fallback=0, candidate=0
    accuracy_mean: baseline=0.756886, dl85_cbb=0.756886, binoct_flow=0.756886, snip=0.756886, gosdt_dpb=0.756886, linear_fallback=0.756886, candidate=0.756886
    coverage: shared_valid=50/50, n_features=8
  B= 256 | B_eff_mean=198.9 [7, 256]
    runtime_ms_total_features: baseline=131.4ms, dl85_cbb=136.6ms, binoct_flow=142.3ms, snip=9.516ms, gosdt_dpb=162.8ms, linear_fallback=2.684ms, candidate=0.887ms
    speedup_vs_baseline: dl85_cbb=0.9623x, binoct_flow=0.9236x, snip=13.81x, gosdt_dpb=0.8071x, linear_fallback=48.96x, candidate=148.1x
    acc_gap_vs_baseline: dl85_cbb=0, binoct_flow=0, snip=0, gosdt_dpb=0, linear_fallback=0, candidate=0
    accuracy_mean: baseline=0.758651, dl85_cbb=0.758651, binoct_flow=0.758651, snip=0.758651, gosdt_dpb=0.758651, linear_fallback=0.758651, candidate=0.758651
    coverage: shared_valid=50/50, n_features=8
  B= 512 | B_eff_mean=390.9 [7, 512]
    runtime_ms_total_features: baseline=531.6ms, dl85_cbb=558.6ms, binoct_flow=588.2ms, snip=27.86ms, gosdt_dpb=670.3ms, linear_fallback=5.189ms, candidate=1.941ms
    speedup_vs_baseline: dl85_cbb=0.9516x, binoct_flow=0.9038x, snip=19.08x, gosdt_dpb=0.793x, linear_fallback=102.4x, candidate=273.8x
    acc_gap_vs_baseline: dl85_cbb=0, binoct_flow=0, snip=0, gosdt_dpb=0, linear_fallback=0, candidate=0
    accuracy_mean: baseline=0.758784, dl85_cbb=0.758784, binoct_flow=0.758784, snip=0.758784, gosdt_dpb=0.758784, linear_fallback=0.758784, candidate=0.758784
    coverage: shared_valid=50/50, n_features=8
  B=1024 | B_eff_mean=761.6 [7, 1024]
    runtime_ms_total_features: baseline=1973ms, dl85_cbb=2085ms, binoct_flow=2196ms, snip=87.89ms, gosdt_dpb=2515ms, linear_fallback=9.786ms, candidate=4.041ms
    speedup_vs_baseline: dl85_cbb=0.9463x, binoct_flow=0.8985x, snip=22.45x, gosdt_dpb=0.7845x, linear_fallback=201.7x, candidate=488.4x
    acc_gap_vs_baseline: dl85_cbb=0, binoct_flow=0, snip=0, gosdt_dpb=0, linear_fallback=0, candidate=0
    accuracy_mean: baseline=0.759048, dl85_cbb=0.759048, binoct_flow=0.759048, snip=0.759048, gosdt_dpb=0.759048, linear_fallback=0.759048, candidate=0.759048
    coverage: shared_valid=50/50, n_features=8

[eye-movements] shape=7608x23 label_mode=binary classes=2 pos_label=1 pos=3804 neg=3804
  B=  32 | B_eff_mean=26.26 [2, 32]
    runtime_ms_total_features: baseline=4.597ms, dl85_cbb=4.115ms, binoct_flow=5.12ms, snip=2.531ms, gosdt_dpb=5.159ms, linear_fallback=0.7818ms, candidate=0.5319ms
    speedup_vs_baseline: dl85_cbb=1.117x, binoct_flow=0.898x, snip=1.817x, gosdt_dpb=0.8911x, linear_fallback=5.88x, candidate=8.643x
    acc_gap_vs_baseline: dl85_cbb=0, binoct_flow=0, snip=0, gosdt_dpb=0, linear_fallback=0, candidate=0
    accuracy_mean: baseline=0.565063, dl85_cbb=0.565063, binoct_flow=0.565063, snip=0.565063, gosdt_dpb=0.565063, linear_fallback=0.565063, candidate=0.565063
    coverage: shared_valid=50/50, n_features=23
  B=  64 | B_eff_mean=50.7 [2, 64]
    runtime_ms_total_features: baseline=30.86ms, dl85_cbb=29.95ms, binoct_flow=34.56ms, snip=10.1ms, gosdt_dpb=39.58ms, linear_fallback=2.316ms, candidate=1.338ms
    speedup_vs_baseline: dl85_cbb=1.03x, binoct_flow=0.8928x, snip=3.055x, gosdt_dpb=0.7796x, linear_fallback=13.32x, candidate=23.07x
    acc_gap_vs_baseline: dl85_cbb=0, binoct_flow=0, snip=0, gosdt_dpb=0, linear_fallback=0, candidate=0
    accuracy_mean: baseline=0.565063, dl85_cbb=0.565063, binoct_flow=0.565063, snip=0.565063, gosdt_dpb=0.565063, linear_fallback=0.565063, candidate=0.565063
    coverage: shared_valid=50/50, n_features=23
  B= 128 | B_eff_mean=88.39 [2, 128]
    runtime_ms_total_features: baseline=196.5ms, dl85_cbb=203.4ms, binoct_flow=221.1ms, snip=40.77ms, gosdt_dpb=263.6ms, linear_fallback=7.25ms, candidate=3.795ms
    speedup_vs_baseline: dl85_cbb=0.9658x, binoct_flow=0.8885x, snip=4.819x, gosdt_dpb=0.7453x, linear_fallback=27.1x, candidate=51.77x
    acc_gap_vs_baseline: dl85_cbb=0, binoct_flow=0, snip=0, gosdt_dpb=0, linear_fallback=0, candidate=0
    accuracy_mean: baseline=0.565063, dl85_cbb=0.565063, binoct_flow=0.565063, snip=0.565063, gosdt_dpb=0.565063, linear_fallback=0.565063, candidate=0.565063
    coverage: shared_valid=50/50, n_features=23
  B= 256 | B_eff_mean=157.4 [2, 256]
    runtime_ms_total_features: baseline=765.6ms, dl85_cbb=825.1ms, binoct_flow=861.6ms, snip=106.3ms, gosdt_dpb=1005ms, linear_fallback=14.28ms, candidate=7.685ms
    speedup_vs_baseline: dl85_cbb=0.9278x, binoct_flow=0.8885x, snip=7.202x, gosdt_dpb=0.7614x, linear_fallback=53.62x, candidate=99.62x
    acc_gap_vs_baseline: dl85_cbb=0, binoct_flow=0, snip=0, gosdt_dpb=0, linear_fallback=0, candidate=0
    accuracy_mean: baseline=0.565063, dl85_cbb=0.565063, binoct_flow=0.565063, snip=0.565063, gosdt_dpb=0.565063, linear_fallback=0.565063, candidate=0.565063
    coverage: shared_valid=50/50, n_features=23
  B= 512 | B_eff_mean=269.3 [2, 512]
    runtime_ms_total_features: baseline=2735ms, dl85_cbb=3048ms, binoct_flow=3086ms, snip=252.3ms, gosdt_dpb=3577ms, linear_fallback=26.31ms, candidate=14.05ms
    speedup_vs_baseline: dl85_cbb=0.8972x, binoct_flow=0.8863x, snip=10.84x, gosdt_dpb=0.7647x, linear_fallback=104x, candidate=194.7x
    acc_gap_vs_baseline: dl85_cbb=0, binoct_flow=0, snip=0, gosdt_dpb=0, linear_fallback=0, candidate=0
    accuracy_mean: baseline=0.565063, dl85_cbb=0.565063, binoct_flow=0.565063, snip=0.565063, gosdt_dpb=0.565063, linear_fallback=0.565063, candidate=0.565063
    coverage: shared_valid=50/50, n_features=23
  B=1024 | B_eff_mean=460.4 [2, 1024]
    runtime_ms_total_features: baseline=9650ms, dl85_cbb=1.089e+04ms, binoct_flow=1.088e+04ms, snip=571.1ms, gosdt_dpb=1.234e+04ms, linear_fallback=47.27ms, candidate=25.66ms
    speedup_vs_baseline: dl85_cbb=0.8858x, binoct_flow=0.8865x, snip=16.9x, gosdt_dpb=0.7822x, linear_fallback=204.2x, candidate=376.1x
    acc_gap_vs_baseline: dl85_cbb=0, binoct_flow=0, snip=0, gosdt_dpb=0, linear_fallback=0, candidate=0
    accuracy_mean: baseline=0.565063, dl85_cbb=0.565063, binoct_flow=0.565063, snip=0.565063, gosdt_dpb=0.565063, linear_fallback=0.565063, candidate=0.565063
    coverage: shared_valid=50/50, n_features=23

[eye-state] shape=14980x14 label_mode=binary classes=2 pos_label=2 pos=6723 neg=8257
  B=  32 | B_eff_mean=32 [32, 32]
    runtime_ms_total_features: baseline=2.655ms, dl85_cbb=1.467ms, binoct_flow=2.222ms, snip=1.023ms, gosdt_dpb=1.838ms, linear_fallback=0.4458ms, candidate=0.1665ms
    speedup_vs_baseline: dl85_cbb=1.81x, binoct_flow=1.195x, snip=2.597x, gosdt_dpb=1.444x, linear_fallback=5.956x, candidate=15.94x
    acc_gap_vs_baseline: dl85_cbb=0, binoct_flow=0, snip=0, gosdt_dpb=0, linear_fallback=0, candidate=0
    accuracy_mean: baseline=0.630841, dl85_cbb=0.630841, binoct_flow=0.630841, snip=0.630841, gosdt_dpb=0.630841, linear_fallback=0.630841, candidate=0.630841
    coverage: shared_valid=50/50, n_features=14
  B=  64 | B_eff_mean=64 [64, 64]
    runtime_ms_total_features: baseline=11.41ms, dl85_cbb=7.075ms, binoct_flow=10.95ms, snip=2.955ms, gosdt_dpb=10.91ms, linear_fallback=0.8981ms, candidate=0.2858ms
    speedup_vs_baseline: dl85_cbb=1.613x, binoct_flow=1.043x, snip=3.863x, gosdt_dpb=1.046x, linear_fallback=12.71x, candidate=39.94x
    acc_gap_vs_baseline: dl85_cbb=0, binoct_flow=0, snip=0, gosdt_dpb=0, linear_fallback=0, candidate=0
    accuracy_mean: baseline=0.633578, dl85_cbb=0.633578, binoct_flow=0.633578, snip=0.633578, gosdt_dpb=0.633578, linear_fallback=0.633578, candidate=0.633578
    coverage: shared_valid=50/50, n_features=14
  B= 128 | B_eff_mean=128 [128, 128]
    runtime_ms_total_features: baseline=47.3ms, dl85_cbb=35.43ms, binoct_flow=52.2ms, snip=8.459ms, gosdt_dpb=59.38ms, linear_fallback=1.804ms, candidate=0.6228ms
    speedup_vs_baseline: dl85_cbb=1.335x, binoct_flow=0.9062x, snip=5.592x, gosdt_dpb=0.7966x, linear_fallback=26.23x, candidate=75.95x
    acc_gap_vs_baseline: dl85_cbb=0, binoct_flow=0, snip=0, gosdt_dpb=0, linear_fallback=0, candidate=0
    accuracy_mean: baseline=0.635314, dl85_cbb=0.635314, binoct_flow=0.635314, snip=0.635314, gosdt_dpb=0.635314, linear_fallback=0.635314, candidate=0.635314
    coverage: shared_valid=50/50, n_features=14
  B= 256 | B_eff_mean=253.1 [246, 256]
    runtime_ms_total_features: baseline=186.1ms, dl85_cbb=145.1ms, binoct_flow=202.2ms, snip=35.57ms, gosdt_dpb=252.5ms, linear_fallback=3.533ms, candidate=1.328ms
    speedup_vs_baseline: dl85_cbb=1.283x, binoct_flow=0.9203x, snip=5.233x, gosdt_dpb=0.7373x, linear_fallback=52.68x, candidate=140.2x
    acc_gap_vs_baseline: dl85_cbb=0, binoct_flow=0, snip=0, gosdt_dpb=0, linear_fallback=0, candidate=0
    accuracy_mean: baseline=0.635781, dl85_cbb=0.635781, binoct_flow=0.635781, snip=0.635781, gosdt_dpb=0.635781, linear_fallback=0.635781, candidate=0.635781
    coverage: shared_valid=50/50, n_features=14
  B= 512 | B_eff_mean=368 [286, 483]
    runtime_ms_total_features: baseline=416.6ms, dl85_cbb=327.8ms, binoct_flow=455.2ms, snip=73.84ms, gosdt_dpb=540.1ms, linear_fallback=5.213ms, candidate=2.175ms
    speedup_vs_baseline: dl85_cbb=1.271x, binoct_flow=0.9153x, snip=5.642x, gosdt_dpb=0.7714x, linear_fallback=79.92x, candidate=191.5x
    acc_gap_vs_baseline: dl85_cbb=0, binoct_flow=0, snip=0, gosdt_dpb=0, linear_fallback=0, candidate=0
    accuracy_mean: baseline=0.635848, dl85_cbb=0.635848, binoct_flow=0.635848, snip=0.635848, gosdt_dpb=0.635848, linear_fallback=0.635848, candidate=0.635848
    coverage: shared_valid=50/50, n_features=14
  B=1024 | B_eff_mean=388 [286, 593]
    runtime_ms_total_features: baseline=477.5ms, dl85_cbb=390ms, binoct_flow=519.7ms, snip=77.08ms, gosdt_dpb=633.2ms, linear_fallback=5.539ms, candidate=2.338ms
    speedup_vs_baseline: dl85_cbb=1.224x, binoct_flow=0.9189x, snip=6.195x, gosdt_dpb=0.7541x, linear_fallback=86.22x, candidate=204.2x
    acc_gap_vs_baseline: dl85_cbb=0, binoct_flow=0, snip=0, gosdt_dpb=0, linear_fallback=0, candidate=0
    accuracy_mean: baseline=0.635848, dl85_cbb=0.635848, binoct_flow=0.635848, snip=0.635848, gosdt_dpb=0.635848, linear_fallback=0.635848, candidate=0.635848
    coverage: shared_valid=50/50, n_features=14

Saved runtime plot: partition-dp/results/runtime_full_comparison_dynamic_ub_20260224_073800.pdf
Saved B_eff runtime plot: partition-dp/results/runtime_full_comparison_dynamic_ub_20260224_073800_beff.pdf
Saved accuracy plot: partition-dp/results/runtime_full_comparison_dynamic_ub_20260224_073800_accuracy.pdf
Saved metrics log: partition-dp/results/runtime_full_comparison_dynamic_ub_20260224_073800_metrics.json
Saved run profile: /home/users/yz1075/msdt/results/test_strat/test_strat_dynamic_ub_20260224_073800/run_profile.json
Saved time profile: /home/users/yz1075/msdt/results/test_strat/test_strat_dynamic_ub_20260224_073800/run_profile.time.log
Saved command log: /home/users/yz1075/msdt/results/test_strat/test_strat_dynamic_ub_20260224_073800/run_profile.cmd.txt
=== Run Profile Summary ===
wall_time=1:06:04
user_time_sec=3962.83
sys_time_sec=0.74
cpu_utilization=99%
max_rss_kb=563292
max_rss_gb=0.54
Job ended at Tue Feb 24 08:44:05 AM EST 2026
