Job started on compsci-cluster-fitz-45 at Mon Feb 23 01:25:39 AM EST 2026
CPU settings: total_cpus=64, parallel_trials=64, threads_per_trial=1, split_threads=1, lgb_threads=1, xgb_threads=2
Optuna settings: enable=1, trials=10, val_size=0.2, seed=0, timeout_sec=0, warmstart_enable=1, warmstart_root=results, warmstart_max=8, seed_candidates=4, cpu_target=0.94, max_active_studies=0, max_concurrent_trials=0
LightGBM binning backend: device=gpu, gpu_platform=0, gpu_device=0, gpu_fallback=0, max_gpu_jobs=1, gpu_lock_dir=/tmp/msdt_lgb_gpu_lock, binning_max_bins=12, ensemble_runs=3, ensemble_feature_fraction=0.8, ensemble_bagging_fraction=0.8, ensemble_bagging_freq=1, threshold_dedup_eps=1e-9
Dataset runtime mode (all features): datasets=['electricity', 'eye-movements', 'eye-state'], B_sweep=[32, 64, 128, 256, 512, 1024], trials_per_B=50, m=5, lambda=0.01, max_branch_n=6, delta=0.2, ub_best=inf, dataset_binning=lightgbm, solvers=['baseline', 'candidate', 'linear_fallback', 'pelt_parity'], metric_validity=common, dynamic_ub=True, workers=1

[electricity] shape=45312x8 label_mode=binary classes=2 pos_label=UP pos=19237 neg=26075
  B=  32 | B_eff_mean=28.9 [7, 32]
    runtime_ms_total_features: baseline=2.745ms, candidate=0.1536ms, linear_fallback=0.4291ms, pelt_parity=3.362ms
    speedup_vs_baseline: candidate=17.87x, linear_fallback=6.397x, pelt_parity=0.8165x
    acc_gap_vs_baseline_pairmean: candidate=0, linear_fallback=0, pelt_parity=0
    accuracy_mean: baseline=0.75501, candidate=0.75501, linear_fallback=0.75501, pelt_parity=0.75501
    coverage: shared_valid=50/50, n_features=8, workers=1
  B=  64 | B_eff_mean=54.9 [7, 64]
    runtime_ms_total_features: baseline=9.833ms, candidate=0.2527ms, linear_fallback=0.797ms, pelt_parity=16.26ms
    speedup_vs_baseline: candidate=38.91x, linear_fallback=12.34x, pelt_parity=0.6047x
    acc_gap_vs_baseline_pairmean: candidate=0, linear_fallback=0, pelt_parity=0
    accuracy_mean: baseline=0.75689, candidate=0.75689, linear_fallback=0.75689, pelt_parity=0.75689
    coverage: shared_valid=50/50, n_features=8, workers=1
  B= 128 | B_eff_mean=103 [7, 128]
    runtime_ms_total_features: baseline=33.2ms, candidate=0.4716ms, linear_fallback=1.379ms, pelt_parity=27.91ms
    speedup_vs_baseline: candidate=70.41x, linear_fallback=24.07x, pelt_parity=1.19x
    acc_gap_vs_baseline_pairmean: candidate=0, linear_fallback=0, pelt_parity=0
    accuracy_mean: baseline=0.75689, candidate=0.75689, linear_fallback=0.75689, pelt_parity=0.75689
    coverage: shared_valid=50/50, n_features=8, workers=1
  B= 256 | B_eff_mean=199 [7, 256]
    runtime_ms_total_features: baseline=125.3ms, candidate=0.8856ms, linear_fallback=2.305ms, pelt_parity=190.2ms
    speedup_vs_baseline: candidate=141.4x, linear_fallback=54.34x, pelt_parity=0.6585x
    acc_gap_vs_baseline_pairmean: candidate=0, linear_fallback=0, pelt_parity=0
    accuracy_mean: baseline=0.75865, candidate=0.75865, linear_fallback=0.75865, pelt_parity=0.75865
    coverage: shared_valid=50/50, n_features=8, workers=1
  B= 512 | B_eff_mean=391 [7, 512]
    runtime_ms_total_features: baseline=512.7ms, candidate=1.909ms, linear_fallback=4.539ms, pelt_parity=537.6ms
    speedup_vs_baseline: candidate=268.5x, linear_fallback=113x, pelt_parity=0.9536x
    acc_gap_vs_baseline_pairmean: candidate=0, linear_fallback=0, pelt_parity=0.00139036
    accuracy_mean: baseline=0.75878, candidate=0.75878, linear_fallback=0.75878, pelt_parity=0.75739
    coverage: shared_valid=50/50, n_features=8, workers=1
  B=1024 | B_eff_mean=762 [7, 1024]
    runtime_ms_total_features: baseline=1914ms, candidate=3.931ms, linear_fallback=8.547ms, pelt_parity=1604ms
    speedup_vs_baseline: candidate=486.9x, linear_fallback=223.9x, pelt_parity=1.193x
    acc_gap_vs_baseline_pairmean: candidate=0, linear_fallback=0, pelt_parity=0.000662076
    accuracy_mean: baseline=0.75905, candidate=0.75905, linear_fallback=0.75905, pelt_parity=0.75839
    coverage: shared_valid=50/50, n_features=8, workers=1

[eye-movements] shape=7608x23 label_mode=binary classes=2 pos_label=1 pos=3804 neg=3804
  B=  32 | B_eff_mean=26.3 [2, 32]
    runtime_ms_total_features: baseline=4.335ms, candidate=0.5236ms, linear_fallback=0.6519ms, pelt_parity=14.1ms
    speedup_vs_baseline: candidate=8.279x, linear_fallback=6.649x, pelt_parity=0.3075x
    acc_gap_vs_baseline_pairmean: candidate=0, linear_fallback=0, pelt_parity=0
    accuracy_mean: baseline=0.56506, candidate=0.56506, linear_fallback=0.56506, pelt_parity=0.56506
    coverage: shared_valid=50/50, n_features=23, workers=1
  B=  64 | B_eff_mean=50.7 [2, 64]
    runtime_ms_total_features: baseline=29.3ms, candidate=1.273ms, linear_fallback=1.962ms, pelt_parity=46.31ms
    speedup_vs_baseline: candidate=23.02x, linear_fallback=14.93x, pelt_parity=0.6327x
    acc_gap_vs_baseline_pairmean: candidate=0, linear_fallback=0, pelt_parity=0
    accuracy_mean: baseline=0.56506, candidate=0.56506, linear_fallback=0.56506, pelt_parity=0.56506
    coverage: shared_valid=50/50, n_features=23, workers=1
  B= 128 | B_eff_mean=88.4 [2, 128]
    runtime_ms_total_features: baseline=187.5ms, candidate=3.453ms, linear_fallback=6.048ms, pelt_parity=187.8ms
    speedup_vs_baseline: candidate=54.29x, linear_fallback=31x, pelt_parity=0.9982x
    acc_gap_vs_baseline_pairmean: candidate=0, linear_fallback=0, pelt_parity=0
    accuracy_mean: baseline=0.56506, candidate=0.56506, linear_fallback=0.56506, pelt_parity=0.56506
    coverage: shared_valid=50/50, n_features=23, workers=1
  B= 256 | B_eff_mean=157 [2, 256]
    runtime_ms_total_features: baseline=726.7ms, candidate=6.958ms, linear_fallback=12.12ms, pelt_parity=536.8ms
    speedup_vs_baseline: candidate=104.5x, linear_fallback=59.97x, pelt_parity=1.354x
    acc_gap_vs_baseline_pairmean: candidate=0, linear_fallback=0, pelt_parity=0
    accuracy_mean: baseline=0.56506, candidate=0.56506, linear_fallback=0.56506, pelt_parity=0.56506
    coverage: shared_valid=50/50, n_features=23, workers=1
  B= 512 | B_eff_mean=269 [2, 512]
    runtime_ms_total_features: baseline=2626ms, candidate=13.02ms, linear_fallback=23.06ms, pelt_parity=1551ms
    speedup_vs_baseline: candidate=201.7x, linear_fallback=113.9x, pelt_parity=1.693x
    acc_gap_vs_baseline_pairmean: candidate=0, linear_fallback=0, pelt_parity=0
    accuracy_mean: baseline=0.56506, candidate=0.56506, linear_fallback=0.56506, pelt_parity=0.56506
    coverage: shared_valid=50/50, n_features=23, workers=1
  B=1024 | B_eff_mean=460 [2, 1024]
    runtime_ms_total_features: baseline=9293ms, candidate=23.64ms, linear_fallback=41.41ms, pelt_parity=4480ms
    speedup_vs_baseline: candidate=393x, linear_fallback=224.4x, pelt_parity=2.074x
    acc_gap_vs_baseline_pairmean: candidate=0, linear_fallback=0, pelt_parity=0
    accuracy_mean: baseline=0.56506, candidate=0.56506, linear_fallback=0.56506, pelt_parity=0.56506
    coverage: shared_valid=50/50, n_features=23, workers=1

[eye-state] shape=14980x14 label_mode=binary classes=2 pos_label=2 pos=6723 neg=8257
  B=  32 | B_eff_mean=32 [32, 32]
    runtime_ms_total_features: baseline=2.516ms, candidate=0.1828ms, linear_fallback=0.3712ms, pelt_parity=1.148ms
    speedup_vs_baseline: candidate=13.76x, linear_fallback=6.778x, pelt_parity=2.191x
    acc_gap_vs_baseline_pairmean: candidate=0, linear_fallback=0, pelt_parity=0
    accuracy_mean: baseline=0.63084, candidate=0.63084, linear_fallback=0.63084, pelt_parity=0.63084
    coverage: shared_valid=50/50, n_features=14, workers=1
  B=  64 | B_eff_mean=64 [64, 64]
    runtime_ms_total_features: baseline=10.99ms, candidate=0.3133ms, linear_fallback=0.761ms, pelt_parity=3.615ms
    speedup_vs_baseline: candidate=35.08x, linear_fallback=14.44x, pelt_parity=3.04x
    acc_gap_vs_baseline_pairmean: candidate=0, linear_fallback=0, pelt_parity=0
    accuracy_mean: baseline=0.63358, candidate=0.63358, linear_fallback=0.63358, pelt_parity=0.63358
    coverage: shared_valid=50/50, n_features=14, workers=1
  B= 128 | B_eff_mean=128 [128, 128]
    runtime_ms_total_features: baseline=45.12ms, candidate=0.6339ms, linear_fallback=1.523ms, pelt_parity=73.82ms
    speedup_vs_baseline: candidate=71.18x, linear_fallback=29.62x, pelt_parity=0.6112x
    acc_gap_vs_baseline_pairmean: candidate=0, linear_fallback=0, pelt_parity=0
    accuracy_mean: baseline=0.63531, candidate=0.63531, linear_fallback=0.63531, pelt_parity=0.63531
    coverage: shared_valid=50/50, n_features=14, workers=1
  B= 256 | B_eff_mean=253 [246, 256]
    runtime_ms_total_features: baseline=178.1ms, candidate=1.343ms, linear_fallback=3.015ms, pelt_parity=164.8ms
    speedup_vs_baseline: candidate=132.6x, linear_fallback=59.08x, pelt_parity=1.081x
    acc_gap_vs_baseline_pairmean: candidate=0, linear_fallback=0, pelt_parity=6.67557e-05
    accuracy_mean: baseline=0.63578, candidate=0.63578, linear_fallback=0.63578, pelt_parity=0.63571
    coverage: shared_valid=50/50, n_features=14, workers=1
  B= 512 | B_eff_mean=368 [286, 483]
    runtime_ms_total_features: baseline=397.5ms, candidate=2.168ms, linear_fallback=4.476ms, pelt_parity=230.5ms
    speedup_vs_baseline: candidate=183.3x, linear_fallback=88.8x, pelt_parity=1.724x
    acc_gap_vs_baseline_pairmean: candidate=0, linear_fallback=0, pelt_parity=0.000133511
    accuracy_mean: baseline=0.63585, candidate=0.63585, linear_fallback=0.63585, pelt_parity=0.63571
    coverage: shared_valid=50/50, n_features=14, workers=1
  B=1024 | B_eff_mean=388 [286, 593]
    runtime_ms_total_features: baseline=456.8ms, candidate=2.317ms, linear_fallback=4.721ms, pelt_parity=229.4ms
    speedup_vs_baseline: candidate=197.2x, linear_fallback=96.76x, pelt_parity=1.992x
    acc_gap_vs_baseline_pairmean: candidate=0, linear_fallback=0, pelt_parity=0.000133511
    accuracy_mean: baseline=0.63585, candidate=0.63585, linear_fallback=0.63585, pelt_parity=0.63571
    coverage: shared_valid=50/50, n_features=14, workers=1

Saved runtime plot: /home/users/yz1075/msdt/runtime_full_comparison.png
Saved B_eff runtime plot: /home/users/yz1075/msdt/runtime_full_comparison_beff.png
Saved accuracy plot: /home/users/yz1075/msdt/runtime_full_comparison_accuracy.png
Saved run profile: /home/users/yz1075/msdt/results/test_strat/.profile_test_strat_dynamicub_20260223_012531_10613975/run_profile.json
Saved time profile: /home/users/yz1075/msdt/results/test_strat/.profile_test_strat_dynamicub_20260223_012531_10613975/run_profile.time.log
Saved command log: /home/users/yz1075/msdt/results/test_strat/.profile_test_strat_dynamicub_20260223_012531_10613975/run_profile.cmd.txt
=== Run Profile Summary ===
wall_time=22:24.53
user_time_sec=1342.21
sys_time_sec=1.71
cpu_utilization=99%
max_rss_kb=519476
max_rss_gb=0.50
Job ended at Mon Feb 23 01:48:03 AM EST 2026
