[ATOMCOLOR-PAIR-PROFILE] phase=start depth=0 rows=31717 features_done=0/14 pairs=0 feasible_pairs=0 exactify_calls=0 exactify_feasible=0 prep_sec=0.000 family_sec=0.000 bounds_sec=0.000 exactify_sec=0.000 incumbent_f=-1 incumbent_g=-1 incumbent_ub=inf node_lb=inf max_ambiguity=inf pending_pairs=0 elapsed_sec=0.000
[ATOMCOLOR-PAIR-DETAIL] phase=prep_start depth=0 feature=0 rows=31717 atoms=0 groups=0 elapsed_sec=0.000
[ATOMCOLOR-PAIR-DETAIL] phase=prep_done depth=0 feature=0 rows=31717 atoms=0 groups=0 elapsed_sec=0.001
[ATOMCOLOR-PAIR-DETAIL] phase=family_dict_done depth=0 feature=0 rows=31717 atoms=255 groups=0 elapsed_sec=0.001
[ATOMCOLOR-PAIR-DETAIL] phase=family_group_done depth=0 feature=0 rows=31717 atoms=255 groups=2 elapsed_sec=0.000 local_solver_ready=1
[ATOMCOLOR-PAIR-DETAIL] phase=family_group_done depth=0 feature=0 rows=31717 atoms=255 groups=3 elapsed_sec=0.001 local_solver_ready=1
[ATOMCOLOR-PAIR-DETAIL] phase=prep_start depth=0 feature=1 rows=31717 atoms=0 groups=0 elapsed_sec=0.000
[ATOMCOLOR-PAIR-DETAIL] phase=prep_done depth=0 feature=1 rows=31717 atoms=0 groups=0 elapsed_sec=0.000
[ATOMCOLOR-PAIR-DETAIL] phase=family_dict_done depth=0 feature=1 rows=31717 atoms=48 groups=0 elapsed_sec=0.000
[ATOMCOLOR-PAIR-DETAIL] phase=family_group_done depth=0 feature=1 rows=31717 atoms=48 groups=2 elapsed_sec=0.000 local_solver_ready=1
[ATOMCOLOR-PAIR-DETAIL] phase=family_group_done depth=0 feature=1 rows=31717 atoms=48 groups=3 elapsed_sec=0.000 local_solver_ready=1
[ATOMCOLOR-PAIR-DETAIL] phase=prep_start depth=0 feature=2 rows=31717 atoms=0 groups=0 elapsed_sec=0.000
[ATOMCOLOR-PAIR-DETAIL] phase=prep_done depth=0 feature=2 rows=31717 atoms=0 groups=0 elapsed_sec=0.001
[ATOMCOLOR-PAIR-DETAIL] phase=family_dict_done depth=0 feature=2 rows=31717 atoms=248 groups=0 elapsed_sec=0.001
[ATOMCOLOR-PAIR-DETAIL] phase=family_group_done depth=0 feature=2 rows=31717 atoms=248 groups=2 elapsed_sec=0.000 local_solver_ready=1
[ATOMCOLOR-PAIR-DETAIL] phase=family_group_done depth=0 feature=2 rows=31717 atoms=248 groups=3 elapsed_sec=0.001 local_solver_ready=1
[ATOMCOLOR-PAIR-DETAIL] phase=prep_start depth=0 feature=3 rows=31717 atoms=0 groups=0 elapsed_sec=0.000
[ATOMCOLOR-PAIR-DETAIL] phase=prep_done depth=0 feature=3 rows=31717 atoms=0 groups=0 elapsed_sec=0.001
[ATOMCOLOR-PAIR-DETAIL] phase=family_dict_done depth=0 feature=3 rows=31717 atoms=254 groups=0 elapsed_sec=0.001
[ATOMCOLOR-PAIR-DETAIL] phase=family_group_done depth=0 feature=3 rows=31717 atoms=254 groups=2 elapsed_sec=0.000 local_solver_ready=1
[ATOMCOLOR-PAIR-DETAIL] phase=family_group_done depth=0 feature=3 rows=31717 atoms=254 groups=3 elapsed_sec=0.001 local_solver_ready=1
[ATOMCOLOR-PAIR-DETAIL] phase=prep_start depth=0 feature=4 rows=31717 atoms=0 groups=0 elapsed_sec=0.000
[ATOMCOLOR-PAIR-DETAIL] phase=prep_done depth=0 feature=4 rows=31717 atoms=0 groups=0 elapsed_sec=0.001
[ATOMCOLOR-PAIR-DETAIL] phase=family_dict_done depth=0 feature=4 rows=31717 atoms=251 groups=0 elapsed_sec=0.001
[ATOMCOLOR-PAIR-DETAIL] phase=family_group_done depth=0 feature=4 rows=31717 atoms=251 groups=2 elapsed_sec=0.000 local_solver_ready=1
[ATOMCOLOR-PAIR-DETAIL] phase=family_group_done depth=0 feature=4 rows=31717 atoms=251 groups=3 elapsed_sec=0.001 local_solver_ready=1
[ATOMCOLOR-PAIR-DETAIL] phase=prep_start depth=0 feature=5 rows=31717 atoms=0 groups=0 elapsed_sec=0.000
[ATOMCOLOR-PAIR-DETAIL] phase=prep_done depth=0 feature=5 rows=31717 atoms=0 groups=0 elapsed_sec=0.001
[ATOMCOLOR-PAIR-DETAIL] phase=family_dict_done depth=0 feature=5 rows=31717 atoms=253 groups=0 elapsed_sec=0.001
[ATOMCOLOR-PAIR-DETAIL] phase=family_group_done depth=0 feature=5 rows=31717 atoms=253 groups=2 elapsed_sec=0.000 local_solver_ready=1
[ATOMCOLOR-PAIR-DETAIL] phase=family_group_done depth=0 feature=5 rows=31717 atoms=253 groups=3 elapsed_sec=0.001 local_solver_ready=1
[ATOMCOLOR-PAIR-DETAIL] phase=prep_start depth=0 feature=6 rows=31717 atoms=0 groups=0 elapsed_sec=0.000
[ATOMCOLOR-PAIR-DETAIL] phase=prep_done depth=0 feature=6 rows=31717 atoms=0 groups=0 elapsed_sec=0.001
[ATOMCOLOR-PAIR-DETAIL] phase=family_dict_done depth=0 feature=6 rows=31717 atoms=254 groups=0 elapsed_sec=0.001
[ATOMCOLOR-PAIR-DETAIL] phase=family_group_done depth=0 feature=6 rows=31717 atoms=254 groups=2 elapsed_sec=0.000 local_solver_ready=1
[ATOMCOLOR-PAIR-DETAIL] phase=family_group_done depth=0 feature=6 rows=31717 atoms=254 groups=3 elapsed_sec=0.001 local_solver_ready=1
[ATOMCOLOR-PAIR-DETAIL] phase=prep_start depth=0 feature=7 rows=31717 atoms=0 groups=0 elapsed_sec=0.000
[ATOMCOLOR-PAIR-DETAIL] phase=prep_done depth=0 feature=7 rows=31717 atoms=0 groups=0 elapsed_sec=0.000
[ATOMCOLOR-PAIR-DETAIL] phase=family_dict_done depth=0 feature=7 rows=31717 atoms=2 groups=0 elapsed_sec=0.000
[ATOMCOLOR-PAIR-DETAIL] phase=family_group_done depth=0 feature=7 rows=31717 atoms=2 groups=2 elapsed_sec=0.000 local_solver_ready=1
[ATOMCOLOR-PAIR-DETAIL] phase=prep_start depth=0 feature=8 rows=31717 atoms=0 groups=0 elapsed_sec=0.000
[ATOMCOLOR-PAIR-DETAIL] phase=prep_done depth=0 feature=8 rows=31717 atoms=0 groups=0 elapsed_sec=0.000
[ATOMCOLOR-PAIR-DETAIL] phase=family_dict_done depth=0 feature=8 rows=31717 atoms=2 groups=0 elapsed_sec=0.000
[ATOMCOLOR-PAIR-DETAIL] phase=family_group_done depth=0 feature=8 rows=31717 atoms=2 groups=2 elapsed_sec=0.000 local_solver_ready=1
[ATOMCOLOR-PAIR-DETAIL] phase=prep_start depth=0 feature=9 rows=31717 atoms=0 groups=0 elapsed_sec=0.000
[ATOMCOLOR-PAIR-DETAIL] phase=prep_done depth=0 feature=9 rows=31717 atoms=0 groups=0 elapsed_sec=0.000
[ATOMCOLOR-PAIR-DETAIL] phase=family_dict_done depth=0 feature=9 rows=31717 atoms=2 groups=0 elapsed_sec=0.000
[ATOMCOLOR-PAIR-DETAIL] phase=family_group_done depth=0 feature=9 rows=31717 atoms=2 groups=2 elapsed_sec=0.000 local_solver_ready=1
[ATOMCOLOR-PAIR-DETAIL] phase=prep_start depth=0 feature=10 rows=31717 atoms=0 groups=0 elapsed_sec=0.000
[ATOMCOLOR-PAIR-DETAIL] phase=prep_done depth=0 feature=10 rows=31717 atoms=0 groups=0 elapsed_sec=0.000
[ATOMCOLOR-PAIR-DETAIL] phase=family_dict_done depth=0 feature=10 rows=31717 atoms=2 groups=0 elapsed_sec=0.000
[ATOMCOLOR-PAIR-DETAIL] phase=family_group_done depth=0 feature=10 rows=31717 atoms=2 groups=2 elapsed_sec=0.000 local_solver_ready=1
[ATOMCOLOR-PAIR-DETAIL] phase=prep_start depth=0 feature=11 rows=31717 atoms=0 groups=0 elapsed_sec=0.000
[ATOMCOLOR-PAIR-DETAIL] phase=prep_done depth=0 feature=11 rows=31717 atoms=0 groups=0 elapsed_sec=0.000
[ATOMCOLOR-PAIR-DETAIL] phase=family_dict_done depth=0 feature=11 rows=31717 atoms=2 groups=0 elapsed_sec=0.000
[ATOMCOLOR-PAIR-DETAIL] phase=family_group_done depth=0 feature=11 rows=31717 atoms=2 groups=2 elapsed_sec=0.000 local_solver_ready=1
[ATOMCOLOR-PAIR-DETAIL] phase=prep_start depth=0 feature=12 rows=31717 atoms=0 groups=0 elapsed_sec=0.000
[ATOMCOLOR-PAIR-DETAIL] phase=prep_done depth=0 feature=12 rows=31717 atoms=0 groups=0 elapsed_sec=0.000
[ATOMCOLOR-PAIR-DETAIL] phase=family_dict_done depth=0 feature=12 rows=31717 atoms=2 groups=0 elapsed_sec=0.000
[ATOMCOLOR-PAIR-DETAIL] phase=family_group_done depth=0 feature=12 rows=31717 atoms=2 groups=2 elapsed_sec=0.000 local_solver_ready=1
[ATOMCOLOR-PAIR-DETAIL] phase=prep_start depth=0 feature=13 rows=31717 atoms=0 groups=0 elapsed_sec=0.000
[ATOMCOLOR-PAIR-DETAIL] phase=prep_done depth=0 feature=13 rows=31717 atoms=0 groups=0 elapsed_sec=0.000
[ATOMCOLOR-PAIR-DETAIL] phase=family_dict_done depth=0 feature=13 rows=31717 atoms=2 groups=0 elapsed_sec=0.000
[ATOMCOLOR-PAIR-DETAIL] phase=family_group_done depth=0 feature=13 rows=31717 atoms=2 groups=2 elapsed_sec=0.000 local_solver_ready=1
[ATOMCOLOR-PAIR-PROFILE] phase=broad_done depth=0 rows=31717 features_done=14/14 pairs=21 feasible_pairs=21 exactify_calls=0 exactify_feasible=0 prep_sec=0.007 family_sec=0.014 bounds_sec=0.006 exactify_sec=0.000 incumbent_f=-1 incumbent_g=-1 incumbent_ub=inf node_lb=inf max_ambiguity=inf pending_pairs=21 elapsed_sec=0.037
[ATOMCOLOR-PAIR-STEP] phase=proxy_bounds_done depth=0 rows=31717 feature=2 groups=2 lb_before=2e-08 ub_before=0.241510881683 lb_after=2e-08 ub_after=0.241510881683 elapsed_sec=0.000617
[ATOMCOLOR-PAIR-STEP] phase=proxy_bounds_done depth=0 rows=31717 feature=2 groups=3 lb_before=3e-08 ub_before=0.241510891683 lb_after=3e-08 ub_after=0.241510891683 elapsed_sec=0.000471
[ATOMCOLOR-PAIR-STEP] phase=proxy_bounds_done depth=0 rows=31717 feature=4 groups=2 lb_before=2e-08 ub_before=0.334993871878 lb_after=2e-08 ub_after=0.334993871878 elapsed_sec=0.000559
[ATOMCOLOR-PAIR-STEP] phase=proxy_bounds_done depth=0 rows=31717 feature=4 groups=3 lb_before=3e-08 ub_before=0.334993881878 lb_after=3e-08 ub_after=0.334993881878 elapsed_sec=0.000538
[ATOMCOLOR-PAIR-STEP] phase=proxy_bounds_done depth=0 rows=31717 feature=3 groups=2 lb_before=2e-08 ub_before=0.357127112726 lb_after=2e-08 ub_after=0.357127112726 elapsed_sec=0.000559
[ATOMCOLOR-PAIR-STEP] phase=proxy_bounds_done depth=0 rows=31717 feature=3 groups=3 lb_before=3e-08 ub_before=0.357127122726 lb_after=3e-08 ub_after=0.357127122726 elapsed_sec=0.000508
[ATOMCOLOR-PAIR-STEP] phase=proxy_bounds_done depth=0 rows=31717 feature=1 groups=2 lb_before=2e-08 ub_before=0.357253228059 lb_after=2e-08 ub_after=0.357253228059 elapsed_sec=0.000567
[ATOMCOLOR-PAIR-STEP] phase=proxy_bounds_done depth=0 rows=31717 feature=1 groups=3 lb_before=3e-08 ub_before=0.357253238059 lb_after=3e-08 ub_after=0.357253238059 elapsed_sec=0.000506
[ATOMCOLOR-PAIR-STEP] phase=proxy_bounds_done depth=0 rows=31717 feature=5 groups=2 lb_before=2e-08 ub_before=0.388183013348 lb_after=2e-08 ub_after=0.388183013348 elapsed_sec=0.000566
[ATOMCOLOR-PAIR-STEP] phase=proxy_bounds_done depth=0 rows=31717 feature=5 groups=3 lb_before=3e-08 ub_before=0.388183023347 lb_after=3e-08 ub_after=0.388183023347 elapsed_sec=0.000540
[ATOMCOLOR-PAIR-STEP] phase=proxy_bounds_done depth=0 rows=31717 feature=0 groups=2 lb_before=2e-08 ub_before=0.389097349508 lb_after=2e-08 ub_after=0.389097349508 elapsed_sec=0.000563
[ATOMCOLOR-PAIR-STEP] phase=proxy_bounds_done depth=0 rows=31717 feature=0 groups=3 lb_before=3e-08 ub_before=0.389097359508 lb_after=3e-08 ub_after=0.389097359508 elapsed_sec=0.000469
[ATOMCOLOR-PAIR-STEP] phase=proxy_bounds_done depth=0 rows=31717 feature=6 groups=2 lb_before=2e-08 ub_before=0.409811792866 lb_after=2e-08 ub_after=0.409811792866 elapsed_sec=0.000552
[ATOMCOLOR-PAIR-STEP] phase=proxy_bounds_done depth=0 rows=31717 feature=6 groups=3 lb_before=3e-08 ub_before=0.409811802866 lb_after=3e-08 ub_after=0.409811802866 elapsed_sec=0.000553
[ATOMCOLOR-PAIR-STEP] phase=proxy_bounds_done depth=0 rows=31717 feature=7 groups=2 lb_before=2e-08 ub_before=0.424535757932 lb_after=2e-08 ub_after=0.424535757932 elapsed_sec=0.000561
[ATOMCOLOR-PAIR-STEP] phase=proxy_bounds_done depth=0 rows=31717 feature=8 groups=2 lb_before=2e-08 ub_before=0.424535757932 lb_after=2e-08 ub_after=0.424535757932 elapsed_sec=0.000552
[ATOMCOLOR-PAIR-STEP] phase=proxy_bounds_done depth=0 rows=31717 feature=10 groups=2 lb_before=2e-08 ub_before=0.424535757932 lb_after=2e-08 ub_after=0.424535757932 elapsed_sec=0.000550
[ATOMCOLOR-PAIR-STEP] phase=proxy_bounds_done depth=0 rows=31717 feature=9 groups=2 lb_before=2e-08 ub_before=0.424535757932 lb_after=2e-08 ub_after=0.424535757932 elapsed_sec=0.000544
[ATOMCOLOR-PAIR-STEP] phase=proxy_bounds_done depth=0 rows=31717 feature=13 groups=2 lb_before=2e-08 ub_before=0.424535757932 lb_after=2e-08 ub_after=0.424535757932 elapsed_sec=0.000558
[ATOMCOLOR-PAIR-STEP] phase=proxy_bounds_done depth=0 rows=31717 feature=11 groups=2 lb_before=2e-08 ub_before=0.424535757932 lb_after=2e-08 ub_after=0.424535757932 elapsed_sec=0.000547
[ATOMCOLOR-PAIR-STEP] phase=proxy_bounds_done depth=0 rows=31717 feature=12 groups=2 lb_before=2e-08 ub_before=0.424535757932 lb_after=2e-08 ub_after=0.424535757932 elapsed_sec=0.000570
[ATOMCOLOR-PAIR-PROFILE] phase=start depth=1 rows=10011 features_done=0/14 pairs=0 feasible_pairs=0 exactify_calls=0 exactify_feasible=0 prep_sec=0.000 family_sec=0.000 bounds_sec=0.000 exactify_sec=0.000 incumbent_f=-1 incumbent_g=-1 incumbent_ub=inf node_lb=inf max_ambiguity=inf pending_pairs=0 elapsed_sec=0.000
[ATOMCOLOR-PAIR-DETAIL] phase=prep_start depth=1 feature=0 rows=10011 atoms=0 groups=0 elapsed_sec=0.000
[ATOMCOLOR-PAIR-DETAIL] phase=prep_done depth=1 feature=0 rows=10011 atoms=0 groups=0 elapsed_sec=0.000
[ATOMCOLOR-PAIR-DETAIL] phase=family_dict_done depth=1 feature=0 rows=10011 atoms=232 groups=0 elapsed_sec=0.001
[ATOMCOLOR-PAIR-DETAIL] phase=family_group_done depth=1 feature=0 rows=10011 atoms=232 groups=2 elapsed_sec=0.000 local_solver_ready=1
[ATOMCOLOR-PAIR-DETAIL] phase=family_group_done depth=1 feature=0 rows=10011 atoms=232 groups=3 elapsed_sec=0.001 local_solver_ready=1
[ATOMCOLOR-PAIR-DETAIL] phase=prep_start depth=1 feature=1 rows=10011 atoms=0 groups=0 elapsed_sec=0.000
[ATOMCOLOR-PAIR-DETAIL] phase=prep_done depth=1 feature=1 rows=10011 atoms=0 groups=0 elapsed_sec=0.000
[ATOMCOLOR-PAIR-DETAIL] phase=family_dict_done depth=1 feature=1 rows=10011 atoms=48 groups=0 elapsed_sec=0.000
[ATOMCOLOR-PAIR-DETAIL] phase=family_group_done depth=1 feature=1 rows=10011 atoms=48 groups=2 elapsed_sec=0.000 local_solver_ready=1
[ATOMCOLOR-PAIR-DETAIL] phase=family_group_done depth=1 feature=1 rows=10011 atoms=48 groups=3 elapsed_sec=0.000 local_solver_ready=1
[ATOMCOLOR-PAIR-DETAIL] phase=prep_start depth=1 feature=2 rows=10011 atoms=0 groups=0 elapsed_sec=0.000
[ATOMCOLOR-PAIR-DETAIL] phase=prep_done depth=1 feature=2 rows=10011 atoms=0 groups=0 elapsed_sec=0.000
[ATOMCOLOR-PAIR-DETAIL] phase=family_dict_done depth=1 feature=2 rows=10011 atoms=91 groups=0 elapsed_sec=0.000
[ATOMCOLOR-PAIR-DETAIL] phase=family_group_done depth=1 feature=2 rows=10011 atoms=91 groups=2 elapsed_sec=0.000 local_solver_ready=1
[ATOMCOLOR-PAIR-DETAIL] phase=family_group_done depth=1 feature=2 rows=10011 atoms=91 groups=3 elapsed_sec=0.000 local_solver_ready=1
[ATOMCOLOR-PAIR-DETAIL] phase=prep_start depth=1 feature=3 rows=10011 atoms=0 groups=0 elapsed_sec=0.000
[ATOMCOLOR-PAIR-DETAIL] phase=prep_done depth=1 feature=3 rows=10011 atoms=0 groups=0 elapsed_sec=0.000
[ATOMCOLOR-PAIR-DETAIL] phase=family_dict_done depth=1 feature=3 rows=10011 atoms=254 groups=0 elapsed_sec=0.001
[ATOMCOLOR-PAIR-DETAIL] phase=family_group_done depth=1 feature=3 rows=10011 atoms=254 groups=2 elapsed_sec=0.000 local_solver_ready=1
[ATOMCOLOR-PAIR-DETAIL] phase=family_group_done depth=1 feature=3 rows=10011 atoms=254 groups=3 elapsed_sec=0.001 local_solver_ready=1
[ATOMCOLOR-PAIR-DETAIL] phase=prep_start depth=1 feature=4 rows=10011 atoms=0 groups=0 elapsed_sec=0.000
[ATOMCOLOR-PAIR-DETAIL] phase=prep_done depth=1 feature=4 rows=10011 atoms=0 groups=0 elapsed_sec=0.000
[ATOMCOLOR-PAIR-DETAIL] phase=family_dict_done depth=1 feature=4 rows=10011 atoms=147 groups=0 elapsed_sec=0.001
[ATOMCOLOR-PAIR-DETAIL] phase=family_group_done depth=1 feature=4 rows=10011 atoms=147 groups=2 elapsed_sec=0.000 local_solver_ready=1
[ATOMCOLOR-PAIR-DETAIL] phase=family_group_done depth=1 feature=4 rows=10011 atoms=147 groups=3 elapsed_sec=0.000 local_solver_ready=1
[ATOMCOLOR-PAIR-DETAIL] phase=prep_start depth=1 feature=5 rows=10011 atoms=0 groups=0 elapsed_sec=0.000
[ATOMCOLOR-PAIR-DETAIL] phase=prep_done depth=1 feature=5 rows=10011 atoms=0 groups=0 elapsed_sec=0.000
[ATOMCOLOR-PAIR-DETAIL] phase=family_dict_done depth=1 feature=5 rows=10011 atoms=230 groups=0 elapsed_sec=0.001
[ATOMCOLOR-PAIR-DETAIL] phase=family_group_done depth=1 feature=5 rows=10011 atoms=230 groups=2 elapsed_sec=0.000 local_solver_ready=1
[ATOMCOLOR-PAIR-DETAIL] phase=family_group_done depth=1 feature=5 rows=10011 atoms=230 groups=3 elapsed_sec=0.001 local_solver_ready=1
[ATOMCOLOR-PAIR-DETAIL] phase=prep_start depth=1 feature=6 rows=10011 atoms=0 groups=0 elapsed_sec=0.000
[ATOMCOLOR-PAIR-DETAIL] phase=prep_done depth=1 feature=6 rows=10011 atoms=0 groups=0 elapsed_sec=0.000
[ATOMCOLOR-PAIR-DETAIL] phase=family_dict_done depth=1 feature=6 rows=10011 atoms=249 groups=0 elapsed_sec=0.001
[ATOMCOLOR-PAIR-DETAIL] phase=family_group_done depth=1 feature=6 rows=10011 atoms=249 groups=2 elapsed_sec=0.000 local_solver_ready=1
[ATOMCOLOR-PAIR-DETAIL] phase=family_group_done depth=1 feature=6 rows=10011 atoms=249 groups=3 elapsed_sec=0.001 local_solver_ready=1
[ATOMCOLOR-PAIR-DETAIL] phase=prep_start depth=1 feature=7 rows=10011 atoms=0 groups=0 elapsed_sec=0.000
[ATOMCOLOR-PAIR-DETAIL] phase=prep_done depth=1 feature=7 rows=10011 atoms=0 groups=0 elapsed_sec=0.000
[ATOMCOLOR-PAIR-DETAIL] phase=family_dict_done depth=1 feature=7 rows=10011 atoms=2 groups=0 elapsed_sec=0.000
[ATOMCOLOR-PAIR-DETAIL] phase=family_group_done depth=1 feature=7 rows=10011 atoms=2 groups=2 elapsed_sec=0.000 local_solver_ready=1
[ATOMCOLOR-PAIR-DETAIL] phase=prep_start depth=1 feature=8 rows=10011 atoms=0 groups=0 elapsed_sec=0.000
[ATOMCOLOR-PAIR-DETAIL] phase=prep_done depth=1 feature=8 rows=10011 atoms=0 groups=0 elapsed_sec=0.000
[ATOMCOLOR-PAIR-DETAIL] phase=family_dict_done depth=1 feature=8 rows=10011 atoms=2 groups=0 elapsed_sec=0.000
[ATOMCOLOR-PAIR-DETAIL] phase=family_group_done depth=1 feature=8 rows=10011 atoms=2 groups=2 elapsed_sec=0.000 local_solver_ready=1
[ATOMCOLOR-PAIR-DETAIL] phase=prep_start depth=1 feature=9 rows=10011 atoms=0 groups=0 elapsed_sec=0.000
[ATOMCOLOR-PAIR-DETAIL] phase=prep_done depth=1 feature=9 rows=10011 atoms=0 groups=0 elapsed_sec=0.000
[ATOMCOLOR-PAIR-DETAIL] phase=family_dict_done depth=1 feature=9 rows=10011 atoms=2 groups=0 elapsed_sec=0.000
[ATOMCOLOR-PAIR-DETAIL] phase=family_group_done depth=1 feature=9 rows=10011 atoms=2 groups=2 elapsed_sec=0.000 local_solver_ready=1
[ATOMCOLOR-PAIR-DETAIL] phase=prep_start depth=1 feature=10 rows=10011 atoms=0 groups=0 elapsed_sec=0.000
[ATOMCOLOR-PAIR-DETAIL] phase=prep_done depth=1 feature=10 rows=10011 atoms=0 groups=0 elapsed_sec=0.000
[ATOMCOLOR-PAIR-DETAIL] phase=family_dict_done depth=1 feature=10 rows=10011 atoms=2 groups=0 elapsed_sec=0.000
[ATOMCOLOR-PAIR-DETAIL] phase=family_group_done depth=1 feature=10 rows=10011 atoms=2 groups=2 elapsed_sec=0.000 local_solver_ready=1
[ATOMCOLOR-PAIR-DETAIL] phase=prep_start depth=1 feature=11 rows=10011 atoms=0 groups=0 elapsed_sec=0.000
[ATOMCOLOR-PAIR-DETAIL] phase=prep_done depth=1 feature=11 rows=10011 atoms=0 groups=0 elapsed_sec=0.000
[ATOMCOLOR-PAIR-DETAIL] phase=family_dict_done depth=1 feature=11 rows=10011 atoms=2 groups=0 elapsed_sec=0.000
[ATOMCOLOR-PAIR-DETAIL] phase=family_group_done depth=1 feature=11 rows=10011 atoms=2 groups=2 elapsed_sec=0.000 local_solver_ready=1
[ATOMCOLOR-PAIR-DETAIL] phase=prep_start depth=1 feature=12 rows=10011 atoms=0 groups=0 elapsed_sec=0.000
[ATOMCOLOR-PAIR-DETAIL] phase=prep_done depth=1 feature=12 rows=10011 atoms=0 groups=0 elapsed_sec=0.000
[ATOMCOLOR-PAIR-DETAIL] phase=family_dict_done depth=1 feature=12 rows=10011 atoms=2 groups=0 elapsed_sec=0.000
[ATOMCOLOR-PAIR-DETAIL] phase=family_group_done depth=1 feature=12 rows=10011 atoms=2 groups=2 elapsed_sec=0.000 local_solver_ready=1
[ATOMCOLOR-PAIR-DETAIL] phase=prep_start depth=1 feature=13 rows=10011 atoms=0 groups=0 elapsed_sec=0.000
[ATOMCOLOR-PAIR-DETAIL] phase=prep_done depth=1 feature=13 rows=10011 atoms=0 groups=0 elapsed_sec=0.000
[ATOMCOLOR-PAIR-DETAIL] phase=family_dict_done depth=1 feature=13 rows=10011 atoms=2 groups=0 elapsed_sec=0.000
[ATOMCOLOR-PAIR-DETAIL] phase=family_group_done depth=1 feature=13 rows=10011 atoms=2 groups=2 elapsed_sec=0.000 local_solver_ready=1
[ATOMCOLOR-PAIR-PROFILE] phase=broad_done depth=1 rows=10011 features_done=14/14 pairs=21 feasible_pairs=21 exactify_calls=0 exactify_feasible=0 prep_sec=0.003 family_sec=0.011 bounds_sec=0.002 exactify_sec=0.000 incumbent_f=-1 incumbent_g=-1 incumbent_ub=inf node_lb=inf max_ambiguity=inf pending_pairs=21 elapsed_sec=0.025
[ATOMCOLOR-PAIR-STEP] phase=proxy_bounds_done depth=1 rows=10011 feature=1 groups=2 lb_before=2e-08 ub_before=0.0609137255838 lb_after=2e-08 ub_after=0.0609137255838 elapsed_sec=0.000218
[ATOMCOLOR-PAIR-STEP] phase=proxy_bounds_done depth=1 rows=10011 feature=1 groups=3 lb_before=3e-08 ub_before=0.0609137355838 lb_after=3e-08 ub_after=0.0609137355838 elapsed_sec=0.000203
[ATOMCOLOR-PAIR-STEP] phase=proxy_bounds_done depth=1 rows=10011 feature=3 groups=2 lb_before=2e-08 ub_before=0.0621748789085 lb_after=2e-08 ub_after=0.0621748789085 elapsed_sec=0.000199
[ATOMCOLOR-PAIR-STEP] phase=proxy_bounds_done depth=1 rows=10011 feature=3 groups=3 lb_before=3e-08 ub_before=0.0621748889085 lb_after=3e-08 ub_after=0.0621748889085 elapsed_sec=0.000199
[ATOMCOLOR-PAIR-STEP] phase=proxy_bounds_done depth=1 rows=10011 feature=0 groups=2 lb_before=2e-08 ub_before=0.0648548297235 lb_after=2e-08 ub_after=0.0648548297235 elapsed_sec=0.000194
[ATOMCOLOR-PAIR-STEP] phase=proxy_bounds_done depth=1 rows=10011 feature=0 groups=3 lb_before=3e-08 ub_before=0.0648548397235 lb_after=3e-08 ub_after=0.0648548397235 elapsed_sec=0.000202
[ATOMCOLOR-PAIR-STEP] phase=proxy_bounds_done depth=1 rows=10011 feature=4 groups=2 lb_before=2e-08 ub_before=0.0656745793846 lb_after=2e-08 ub_after=0.0656745793846 elapsed_sec=0.000194
[ATOMCOLOR-PAIR-STEP] phase=proxy_bounds_done depth=1 rows=10011 feature=4 groups=3 lb_before=3e-08 ub_before=0.0656745893846 lb_after=3e-08 ub_after=0.0656745893846 elapsed_sec=0.000200
[ATOMCOLOR-PAIR-STEP] phase=proxy_bounds_done depth=1 rows=10011 feature=5 groups=2 lb_before=2e-08 ub_before=0.0661790407145 lb_after=2e-08 ub_after=0.0661790407145 elapsed_sec=0.000186
[ATOMCOLOR-PAIR-STEP] phase=proxy_bounds_done depth=1 rows=10011 feature=6 groups=2 lb_before=2e-08 ub_before=0.0661790407145 lb_after=2e-08 ub_after=0.0661790407145 elapsed_sec=0.000186
[ATOMCOLOR-PAIR-STEP] phase=proxy_bounds_done depth=1 rows=10011 feature=5 groups=3 lb_before=3e-08 ub_before=0.0661790507145 lb_after=3e-08 ub_after=0.0661790507145 elapsed_sec=0.000201
[ATOMCOLOR-PAIR-STEP] phase=proxy_bounds_done depth=1 rows=10011 feature=6 groups=3 lb_before=3e-08 ub_before=0.0661790507145 lb_after=3e-08 ub_after=0.0661790507145 elapsed_sec=0.000208
[ATOMCOLOR-PAIR-STEP] phase=proxy_bounds_done depth=1 rows=10011 feature=2 groups=2 lb_before=2e-08 ub_before=0.0663051560469 lb_after=2e-08 ub_after=0.0663051560469 elapsed_sec=0.000191
[ATOMCOLOR-PAIR-STEP] phase=proxy_bounds_done depth=1 rows=10011 feature=2 groups=3 lb_before=3e-08 ub_before=0.0663051660469 lb_after=3e-08 ub_after=0.0663051660469 elapsed_sec=0.000202
[ATOMCOLOR-PAIR-STEP] phase=proxy_bounds_done depth=1 rows=10011 feature=12 groups=2 lb_before=2e-08 ub_before=0.0663051560469 lb_after=2e-08 ub_after=0.0663051560469 elapsed_sec=0.000212
[ATOMCOLOR-PAIR-STEP] phase=proxy_bounds_done depth=1 rows=10011 feature=10 groups=2 lb_before=2e-08 ub_before=0.0663051560469 lb_after=2e-08 ub_after=0.0663051560469 elapsed_sec=0.000204
[ATOMCOLOR-PAIR-STEP] phase=proxy_bounds_done depth=1 rows=10011 feature=13 groups=2 lb_before=2e-08 ub_before=0.0663051560469 lb_after=2e-08 ub_after=0.0663051560469 elapsed_sec=0.000201
[ATOMCOLOR-PAIR-STEP] phase=proxy_bounds_done depth=1 rows=10011 feature=8 groups=2 lb_before=2e-08 ub_before=0.0663051560469 lb_after=2e-08 ub_after=0.0663051560469 elapsed_sec=0.000206
[ATOMCOLOR-PAIR-STEP] phase=proxy_bounds_done depth=1 rows=10011 feature=11 groups=2 lb_before=2e-08 ub_before=0.0663051560469 lb_after=2e-08 ub_after=0.0663051560469 elapsed_sec=0.000201
[ATOMCOLOR-PAIR-STEP] phase=proxy_bounds_done depth=1 rows=10011 feature=9 groups=2 lb_before=2e-08 ub_before=0.0663051560469 lb_after=2e-08 ub_after=0.0663051560469 elapsed_sec=0.000202
[ATOMCOLOR-PAIR-STEP] phase=proxy_bounds_done depth=1 rows=10011 feature=7 groups=2 lb_before=2e-08 ub_before=0.0663051560469 lb_after=2e-08 ub_after=0.0663051560469 elapsed_sec=0.000198
[ATOMCOLOR-PAIR-STEP] phase=winner_recursive_done depth=1 rows=10011 feature=1 groups=2 lb_before=2e-08 ub_before=0.0609137255838 lb_after=4e-08 ub_after=0.0565628266135 elapsed_sec=0.059478
[ATOMCOLOR-PAIR-PROFILE] phase=done depth=1 rows=10011 features_done=14/14 pairs=21 feasible_pairs=21 exactify_calls=1 exactify_feasible=1 prep_sec=0.003 family_sec=0.011 bounds_sec=0.002 exactify_sec=0.059 incumbent_f=1 incumbent_g=2 incumbent_ub=0.0565628266135 node_lb=2e-08 max_ambiguity=0.0609137055838 pending_pairs=21 elapsed_sec=0.089
[ATOMCOLOR-PAIR-PROFILE] phase=start depth=1 rows=21706 features_done=0/14 pairs=0 feasible_pairs=0 exactify_calls=0 exactify_feasible=0 prep_sec=0.000 family_sec=0.000 bounds_sec=0.000 exactify_sec=0.000 incumbent_f=-1 incumbent_g=-1 incumbent_ub=inf node_lb=inf max_ambiguity=inf pending_pairs=0 elapsed_sec=0.000
[ATOMCOLOR-PAIR-DETAIL] phase=prep_start depth=1 feature=0 rows=21706 atoms=0 groups=0 elapsed_sec=0.000
[ATOMCOLOR-PAIR-DETAIL] phase=prep_done depth=1 feature=0 rows=21706 atoms=0 groups=0 elapsed_sec=0.001
[ATOMCOLOR-PAIR-DETAIL] phase=family_dict_done depth=1 feature=0 rows=21706 atoms=255 groups=0 elapsed_sec=0.001
[ATOMCOLOR-PAIR-DETAIL] phase=family_group_done depth=1 feature=0 rows=21706 atoms=255 groups=2 elapsed_sec=0.000 local_solver_ready=1
[ATOMCOLOR-PAIR-DETAIL] phase=family_group_done depth=1 feature=0 rows=21706 atoms=255 groups=3 elapsed_sec=0.001 local_solver_ready=1
[ATOMCOLOR-PAIR-DETAIL] phase=prep_start depth=1 feature=1 rows=21706 atoms=0 groups=0 elapsed_sec=0.000
[ATOMCOLOR-PAIR-DETAIL] phase=prep_done depth=1 feature=1 rows=21706 atoms=0 groups=0 elapsed_sec=0.000
[ATOMCOLOR-PAIR-DETAIL] phase=family_dict_done depth=1 feature=1 rows=21706 atoms=48 groups=0 elapsed_sec=0.000
[ATOMCOLOR-PAIR-DETAIL] phase=family_group_done depth=1 feature=1 rows=21706 atoms=48 groups=2 elapsed_sec=0.000 local_solver_ready=1
[ATOMCOLOR-PAIR-DETAIL] phase=family_group_done depth=1 feature=1 rows=21706 atoms=48 groups=3 elapsed_sec=0.000 local_solver_ready=1
[ATOMCOLOR-PAIR-DETAIL] phase=prep_start depth=1 feature=2 rows=21706 atoms=0 groups=0 elapsed_sec=0.000
[ATOMCOLOR-PAIR-DETAIL] phase=prep_fail depth=1 feature=2 rows=21706 atoms=0 groups=0 elapsed_sec=0.000
[ATOMCOLOR-PAIR-DETAIL] phase=prep_start depth=1 feature=3 rows=21706 atoms=0 groups=0 elapsed_sec=0.000
[ATOMCOLOR-PAIR-DETAIL] phase=prep_done depth=1 feature=3 rows=21706 atoms=0 groups=0 elapsed_sec=0.000
[ATOMCOLOR-PAIR-DETAIL] phase=family_dict_done depth=1 feature=3 rows=21706 atoms=254 groups=0 elapsed_sec=0.001
[ATOMCOLOR-PAIR-DETAIL] phase=family_group_done depth=1 feature=3 rows=21706 atoms=254 groups=2 elapsed_sec=0.000 local_solver_ready=1
[ATOMCOLOR-PAIR-DETAIL] phase=family_group_done depth=1 feature=3 rows=21706 atoms=254 groups=3 elapsed_sec=0.001 local_solver_ready=1
[ATOMCOLOR-PAIR-DETAIL] phase=prep_start depth=1 feature=4 rows=21706 atoms=0 groups=0 elapsed_sec=0.000
[ATOMCOLOR-PAIR-DETAIL] phase=prep_done depth=1 feature=4 rows=21706 atoms=0 groups=0 elapsed_sec=0.000
[ATOMCOLOR-PAIR-DETAIL] phase=family_dict_done depth=1 feature=4 rows=21706 atoms=216 groups=0 elapsed_sec=0.001
[ATOMCOLOR-PAIR-DETAIL] phase=family_group_done depth=1 feature=4 rows=21706 atoms=216 groups=2 elapsed_sec=0.000 local_solver_ready=1
[ATOMCOLOR-PAIR-DETAIL] phase=family_group_done depth=1 feature=4 rows=21706 atoms=216 groups=3 elapsed_sec=0.001 local_solver_ready=1
[ATOMCOLOR-PAIR-DETAIL] phase=prep_start depth=1 feature=5 rows=21706 atoms=0 groups=0 elapsed_sec=0.000
[ATOMCOLOR-PAIR-DETAIL] phase=prep_done depth=1 feature=5 rows=21706 atoms=0 groups=0 elapsed_sec=0.000
[ATOMCOLOR-PAIR-DETAIL] phase=family_dict_done depth=1 feature=5 rows=21706 atoms=253 groups=0 elapsed_sec=0.001
[ATOMCOLOR-PAIR-DETAIL] phase=family_group_done depth=1 feature=5 rows=21706 atoms=253 groups=2 elapsed_sec=0.000 local_solver_ready=1
[ATOMCOLOR-PAIR-DETAIL] phase=family_group_done depth=1 feature=5 rows=21706 atoms=253 groups=3 elapsed_sec=0.001 local_solver_ready=1
[ATOMCOLOR-PAIR-DETAIL] phase=prep_start depth=1 feature=6 rows=21706 atoms=0 groups=0 elapsed_sec=0.000
[ATOMCOLOR-PAIR-DETAIL] phase=prep_done depth=1 feature=6 rows=21706 atoms=0 groups=0 elapsed_sec=0.000
[ATOMCOLOR-PAIR-DETAIL] phase=family_dict_done depth=1 feature=6 rows=21706 atoms=254 groups=0 elapsed_sec=0.001
[ATOMCOLOR-PAIR-DETAIL] phase=family_group_done depth=1 feature=6 rows=21706 atoms=254 groups=2 elapsed_sec=0.000 local_solver_ready=1
[ATOMCOLOR-PAIR-DETAIL] phase=family_group_done depth=1 feature=6 rows=21706 atoms=254 groups=3 elapsed_sec=0.001 local_solver_ready=1
[ATOMCOLOR-PAIR-DETAIL] phase=prep_start depth=1 feature=7 rows=21706 atoms=0 groups=0 elapsed_sec=0.000
[ATOMCOLOR-PAIR-DETAIL] phase=prep_done depth=1 feature=7 rows=21706 atoms=0 groups=0 elapsed_sec=0.000
[ATOMCOLOR-PAIR-DETAIL] phase=family_dict_done depth=1 feature=7 rows=21706 atoms=2 groups=0 elapsed_sec=0.000
[ATOMCOLOR-PAIR-DETAIL] phase=family_group_done depth=1 feature=7 rows=21706 atoms=2 groups=2 elapsed_sec=0.000 local_solver_ready=1
[ATOMCOLOR-PAIR-DETAIL] phase=prep_start depth=1 feature=8 rows=21706 atoms=0 groups=0 elapsed_sec=0.000
[ATOMCOLOR-PAIR-DETAIL] phase=prep_done depth=1 feature=8 rows=21706 atoms=0 groups=0 elapsed_sec=0.000
[ATOMCOLOR-PAIR-DETAIL] phase=family_dict_done depth=1 feature=8 rows=21706 atoms=2 groups=0 elapsed_sec=0.000
[ATOMCOLOR-PAIR-DETAIL] phase=family_group_done depth=1 feature=8 rows=21706 atoms=2 groups=2 elapsed_sec=0.000 local_solver_ready=1
[ATOMCOLOR-PAIR-DETAIL] phase=prep_start depth=1 feature=9 rows=21706 atoms=0 groups=0 elapsed_sec=0.000
[ATOMCOLOR-PAIR-DETAIL] phase=prep_done depth=1 feature=9 rows=21706 atoms=0 groups=0 elapsed_sec=0.000
[ATOMCOLOR-PAIR-DETAIL] phase=family_dict_done depth=1 feature=9 rows=21706 atoms=2 groups=0 elapsed_sec=0.000
[ATOMCOLOR-PAIR-DETAIL] phase=family_group_done depth=1 feature=9 rows=21706 atoms=2 groups=2 elapsed_sec=0.000 local_solver_ready=1
[ATOMCOLOR-PAIR-DETAIL] phase=prep_start depth=1 feature=10 rows=21706 atoms=0 groups=0 elapsed_sec=0.000
[ATOMCOLOR-PAIR-DETAIL] phase=prep_done depth=1 feature=10 rows=21706 atoms=0 groups=0 elapsed_sec=0.000
[ATOMCOLOR-PAIR-DETAIL] phase=family_dict_done depth=1 feature=10 rows=21706 atoms=2 groups=0 elapsed_sec=0.000
[ATOMCOLOR-PAIR-DETAIL] phase=family_group_done depth=1 feature=10 rows=21706 atoms=2 groups=2 elapsed_sec=0.000 local_solver_ready=1
[ATOMCOLOR-PAIR-DETAIL] phase=prep_start depth=1 feature=11 rows=21706 atoms=0 groups=0 elapsed_sec=0.000
[ATOMCOLOR-PAIR-DETAIL] phase=prep_done depth=1 feature=11 rows=21706 atoms=0 groups=0 elapsed_sec=0.000
[ATOMCOLOR-PAIR-DETAIL] phase=family_dict_done depth=1 feature=11 rows=21706 atoms=2 groups=0 elapsed_sec=0.000
[ATOMCOLOR-PAIR-DETAIL] phase=family_group_done depth=1 feature=11 rows=21706 atoms=2 groups=2 elapsed_sec=0.000 local_solver_ready=1
[ATOMCOLOR-PAIR-DETAIL] phase=prep_start depth=1 feature=12 rows=21706 atoms=0 groups=0 elapsed_sec=0.000
[ATOMCOLOR-PAIR-DETAIL] phase=prep_done depth=1 feature=12 rows=21706 atoms=0 groups=0 elapsed_sec=0.000
[ATOMCOLOR-PAIR-DETAIL] phase=family_dict_done depth=1 feature=12 rows=21706 atoms=2 groups=0 elapsed_sec=0.000
[ATOMCOLOR-PAIR-DETAIL] phase=family_group_done depth=1 feature=12 rows=21706 atoms=2 groups=2 elapsed_sec=0.000 local_solver_ready=1
[ATOMCOLOR-PAIR-DETAIL] phase=prep_start depth=1 feature=13 rows=21706 atoms=0 groups=0 elapsed_sec=0.000
[ATOMCOLOR-PAIR-DETAIL] phase=prep_done depth=1 feature=13 rows=21706 atoms=0 groups=0 elapsed_sec=0.000
[ATOMCOLOR-PAIR-DETAIL] phase=family_dict_done depth=1 feature=13 rows=21706 atoms=2 groups=0 elapsed_sec=0.000
[ATOMCOLOR-PAIR-DETAIL] phase=family_group_done depth=1 feature=13 rows=21706 atoms=2 groups=2 elapsed_sec=0.000 local_solver_ready=1
[ATOMCOLOR-PAIR-PROFILE] phase=broad_done depth=1 rows=21706 features_done=13/14 pairs=19 feasible_pairs=19 exactify_calls=0 exactify_feasible=0 prep_sec=0.005 family_sec=0.012 bounds_sec=0.004 exactify_sec=0.000 incumbent_f=-1 incumbent_g=-1 incumbent_ub=inf node_lb=inf max_ambiguity=inf pending_pairs=19 elapsed_sec=0.030
[ATOMCOLOR-PAIR-STEP] phase=proxy_bounds_done depth=1 rows=21706 feature=0 groups=2 lb_before=2e-08 ub_before=0.168111758185 lb_after=2e-08 ub_after=0.168111758185 elapsed_sec=0.000467
[ATOMCOLOR-PAIR-STEP] phase=proxy_bounds_done depth=1 rows=21706 feature=0 groups=3 lb_before=3e-08 ub_before=0.168111768185 lb_after=3e-08 ub_after=0.168111768185 elapsed_sec=0.000393
[ATOMCOLOR-PAIR-STEP] phase=proxy_bounds_done depth=1 rows=21706 feature=4 groups=2 lb_before=2e-08 ub_before=0.170035017005 lb_after=2e-08 ub_after=0.170035017005 elapsed_sec=0.000405
[ATOMCOLOR-PAIR-STEP] phase=proxy_bounds_done depth=1 rows=21706 feature=4 groups=3 lb_before=3e-08 ub_before=0.170035027005 lb_after=3e-08 ub_after=0.170035027005 elapsed_sec=0.000396
[ATOMCOLOR-PAIR-STEP] phase=proxy_bounds_done depth=1 rows=21706 feature=5 groups=2 lb_before=2e-08 ub_before=0.172021333491 lb_after=2e-08 ub_after=0.172021333491 elapsed_sec=0.000398
[ATOMCOLOR-PAIR-STEP] phase=proxy_bounds_done depth=1 rows=21706 feature=5 groups=3 lb_before=3e-08 ub_before=0.172021343491 lb_after=3e-08 ub_after=0.172021343491 elapsed_sec=0.000394
[ATOMCOLOR-PAIR-STEP] phase=proxy_bounds_done depth=1 rows=21706 feature=3 groups=2 lb_before=2e-08 ub_before=0.173850005812 lb_after=2e-08 ub_after=0.173850005812 elapsed_sec=0.000403
[ATOMCOLOR-PAIR-STEP] phase=proxy_bounds_done depth=1 rows=21706 feature=3 groups=3 lb_before=3e-08 ub_before=0.173850015812 lb_after=3e-08 ub_after=0.173850015812 elapsed_sec=0.000398
[ATOMCOLOR-PAIR-STEP] phase=proxy_bounds_done depth=1 rows=21706 feature=6 groups=2 lb_before=2e-08 ub_before=0.175111159137 lb_after=2e-08 ub_after=0.175111159137 elapsed_sec=0.000389
[ATOMCOLOR-PAIR-STEP] phase=proxy_bounds_done depth=1 rows=21706 feature=6 groups=3 lb_before=3e-08 ub_before=0.175111169137 lb_after=3e-08 ub_after=0.175111169137 elapsed_sec=0.000393
[ATOMCOLOR-PAIR-STEP] phase=proxy_bounds_done depth=1 rows=21706 feature=1 groups=2 lb_before=2e-08 ub_before=0.175205745636 lb_after=2e-08 ub_after=0.175205745636 elapsed_sec=0.000400
[ATOMCOLOR-PAIR-STEP] phase=proxy_bounds_done depth=1 rows=21706 feature=1 groups=3 lb_before=3e-08 ub_before=0.175205755636 lb_after=3e-08 ub_after=0.175205755636 elapsed_sec=0.000394
[ATOMCOLOR-PAIR-STEP] phase=proxy_bounds_done depth=1 rows=21706 feature=7 groups=2 lb_before=2e-08 ub_before=0.175205745636 lb_after=2e-08 ub_after=0.175205745636 elapsed_sec=0.000405
[ATOMCOLOR-PAIR-STEP] phase=proxy_bounds_done depth=1 rows=21706 feature=8 groups=2 lb_before=2e-08 ub_before=0.175205745636 lb_after=2e-08 ub_after=0.175205745636 elapsed_sec=0.000400
[ATOMCOLOR-PAIR-STEP] phase=proxy_bounds_done depth=1 rows=21706 feature=10 groups=2 lb_before=2e-08 ub_before=0.175205745636 lb_after=2e-08 ub_after=0.175205745636 elapsed_sec=0.000406
[ATOMCOLOR-PAIR-STEP] phase=proxy_bounds_done depth=1 rows=21706 feature=13 groups=2 lb_before=2e-08 ub_before=0.175205745636 lb_after=2e-08 ub_after=0.175205745636 elapsed_sec=0.000404
[ATOMCOLOR-PAIR-STEP] phase=proxy_bounds_done depth=1 rows=21706 feature=9 groups=2 lb_before=2e-08 ub_before=0.175205745636 lb_after=2e-08 ub_after=0.175205745636 elapsed_sec=0.000397
[ATOMCOLOR-PAIR-STEP] phase=proxy_bounds_done depth=1 rows=21706 feature=11 groups=2 lb_before=2e-08 ub_before=0.175205745636 lb_after=2e-08 ub_after=0.175205745636 elapsed_sec=0.000399
[ATOMCOLOR-PAIR-STEP] phase=proxy_bounds_done depth=1 rows=21706 feature=12 groups=2 lb_before=2e-08 ub_before=0.175205745636 lb_after=2e-08 ub_after=0.175205745636 elapsed_sec=0.000407
[ATOMCOLOR-PAIR-STEP] phase=winner_recursive_done depth=1 rows=21706 feature=0 groups=2 lb_before=2e-08 ub_before=0.168111758185 lb_after=4e-08 ub_after=0.150329566306 elapsed_sec=0.092480
[ATOMCOLOR-PAIR-PROFILE] phase=done depth=1 rows=21706 features_done=13/14 pairs=19 feasible_pairs=19 exactify_calls=1 exactify_feasible=1 prep_sec=0.005 family_sec=0.012 bounds_sec=0.004 exactify_sec=0.092 incumbent_f=0 incumbent_g=2 incumbent_ub=0.150329566306 node_lb=2e-08 max_ambiguity=0.168111738185 pending_pairs=19 elapsed_sec=0.130
[ATOMCOLOR-PAIR-STEP] phase=winner_recursive_done depth=0 rows=31717 feature=2 groups=2 lb_before=2e-08 ub_before=0.241510881683 lb_after=4e-08 ub_after=0.20689239292 elapsed_sec=0.220068
[ATOMCOLOR-PAIR-PROFILE] phase=done depth=0 rows=31717 features_done=14/14 pairs=21 feasible_pairs=21 exactify_calls=1 exactify_feasible=1 prep_sec=0.007 family_sec=0.014 bounds_sec=0.006 exactify_sec=0.220 incumbent_f=2 incumbent_g=2 incumbent_ub=0.20689239292 node_lb=2e-08 max_ambiguity=0.241510861683 pending_pairs=21 elapsed_sec=0.269
	Command being timed: ".venv/bin/python run_multisplit_experiments_lightgbm.py --run-name benchmark_teacher_guided_atomcolor_electricity_d4_l3_k3_atom0_localobj_20260316 --datasets electricity --depth-budgets 4 --seeds 0 --time-limit 28800 --lookahead-cap 3 --max-bins 255 --min-samples-leaf 8 --min-child-size 8 --proposal-atom-cap 0 --max-branching 3 --reg 0.0 --msplit-variant rush_dp --test-size 0.2 --parallel-trials 1 --threads-per-trial 3 --cpu-utilization-target 1.0 --no-optuna-enable --no-optuna-warmstart-enable --paper-split-protocol --lgb-device-type cpu --lgb-num-threads 3 --lgb-num-leaves 255 --lgb-learning-rate 0.05 --lgb-feature-fraction 1.0 --lgb-bagging-fraction 1.0 --lgb-bagging-freq 0 --lgb-min-data-in-bin 1 --lgb-lambda-l2 0.0 --results-root results/runs_lightgbm --stable-results-dir results/lightgbm --no-package-artifacts --approx-ref-shortlist --approx-ref-widen-max 1 --no-approx-challenger-sweep-enabled --approx-distilled-mode --approx-distilled-geometry-mode teacher_guided_atomcolor"
	User time (seconds): 16.07
	System time (seconds): 1.32
	Percent of CPU this job got: 159%
	Elapsed (wall clock) time (h:mm:ss or m:ss): 0:10.90
	Average shared text size (kbytes): 0
	Average unshared data size (kbytes): 0
	Average stack size (kbytes): 0
	Average total size (kbytes): 0
	Maximum resident set size (kbytes): 682184
	Average resident set size (kbytes): 0
	Major (requiring I/O) page faults: 22
	Minor (reclaiming a frame) page faults: 381830
	Voluntary context switches: 4678
	Involuntary context switches: 126
	Swaps: 0
	File system inputs: 3048
	File system outputs: 6144
	Socket messages sent: 0
	Socket messages received: 0
	Signals delivered: 0
	Page size (bytes): 4096
	Exit status: 0
