Command terminated by signal 7
	Command being timed: ".venv/bin/python run_multisplit_experiments_lightgbm.py --run-name benchmark_rushdp_4h_s1_legacy_20260228_165227 --datasets eye-state --depth-budgets 4 --seeds 0 --time-limit 14400 --lookahead-cap 3 --max-bins 96 --min-samples-leaf 8 --min-child-size 8 --leaf-frac 0.05 --max-branching 3 --reg 1e-05 --msplit-variant rush_dp --test-size 0.2 --parallel-trials 1 --threads-per-trial 32 --cpu-utilization-target 1.0 --no-optuna-enable --optuna-warmstart-root results/runtime_compare_jobs/no_warmstart_20260228_165227 --optuna-warmstart-max-per-study 0 --lgb-device-type cpu --lgb-num-threads 32 --lgb-num-leaves 48 --lgb-learning-rate 0.04 --lgb-feature-fraction 0.90 --lgb-bagging-fraction 0.90 --lgb-bagging-freq 1 --lgb-min-data-in-bin 1 --lgb-lambda-l2 0.1 --results-root results/runs_lightgbm --stable-results-dir results/lightgbm --no-package-artifacts"
	User time (seconds): 7647.78
	System time (seconds): 47.58
	Percent of CPU this job got: 88%
	Elapsed (wall clock) time (h:mm:ss or m:ss): 2:24:18
	Average shared text size (kbytes): 0
	Average unshared data size (kbytes): 0
	Average stack size (kbytes): 0
	Average total size (kbytes): 0
	Maximum resident set size (kbytes): 43742012
	Average resident set size (kbytes): 0
	Major (requiring I/O) page faults: 1921
	Minor (reclaiming a frame) page faults: 10983755
	Voluntary context switches: 56041
	Involuntary context switches: 37052
	Swaps: 0
	File system inputs: 338456
	File system outputs: 3336
	Socket messages sent: 0
	Socket messages received: 0
	Signals delivered: 0
	Page size (bytes): 4096
	Exit status: 0
