[ATOMCOLOR-PAIR-PROFILE] phase=start depth=0 rows=31717 features_done=0/14 pairs=0 feasible_pairs=0 exactify_calls=0 exactify_feasible=0 exactify_aborted=0 prep_sec=0.000 family_sec=0.000 bounds_sec=0.000 exactify_sec=0.000 incumbent_f=-1 incumbent_g=-1 incumbent_ub=inf node_lb=inf max_ambiguity=inf pending_pairs=0 elapsed_sec=0.000
[ATOMCOLOR-PAIR-DETAIL] phase=prep_start depth=0 feature=0 rows=31717 atoms=0 groups=0 elapsed_sec=0.000
[ATOMCOLOR-PAIR-DETAIL] phase=prep_done depth=0 feature=0 rows=31717 atoms=0 groups=0 elapsed_sec=0.004
[ATOMCOLOR-PAIR-DETAIL] phase=family_dict_done depth=0 feature=0 rows=31717 atoms=32 groups=0 elapsed_sec=0.011
[ATOMCOLOR-PAIR-DETAIL] phase=family_group_done depth=0 feature=0 rows=31717 atoms=32 groups=2 elapsed_sec=0.001 stage2_skipped=0
[ATOMCOLOR-PAIR-DETAIL] phase=family_group_done depth=0 feature=0 rows=31717 atoms=32 groups=3 elapsed_sec=0.003 stage2_skipped=0
[ATOMCOLOR-PAIR-DETAIL] phase=prep_start depth=0 feature=1 rows=31717 atoms=0 groups=0 elapsed_sec=0.000
[ATOMCOLOR-PAIR-DETAIL] phase=prep_done depth=0 feature=1 rows=31717 atoms=0 groups=0 elapsed_sec=0.003
[ATOMCOLOR-PAIR-DETAIL] phase=family_dict_done depth=0 feature=1 rows=31717 atoms=32 groups=0 elapsed_sec=0.000
[ATOMCOLOR-PAIR-DETAIL] phase=family_group_done depth=0 feature=1 rows=31717 atoms=32 groups=2 elapsed_sec=0.001 stage2_skipped=0
[ATOMCOLOR-PAIR-DETAIL] phase=family_group_done depth=0 feature=1 rows=31717 atoms=32 groups=3 elapsed_sec=0.003 stage2_skipped=0
[ATOMCOLOR-PAIR-DETAIL] phase=prep_start depth=0 feature=2 rows=31717 atoms=0 groups=0 elapsed_sec=0.000
[ATOMCOLOR-PAIR-DETAIL] phase=prep_done depth=0 feature=2 rows=31717 atoms=0 groups=0 elapsed_sec=0.004
[ATOMCOLOR-PAIR-DETAIL] phase=family_dict_done depth=0 feature=2 rows=31717 atoms=32 groups=0 elapsed_sec=0.010
[ATOMCOLOR-PAIR-DETAIL] phase=family_group_done depth=0 feature=2 rows=31717 atoms=32 groups=2 elapsed_sec=0.001 stage2_skipped=0
[ATOMCOLOR-PAIR-DETAIL] phase=family_group_done depth=0 feature=2 rows=31717 atoms=32 groups=3 elapsed_sec=0.003 stage2_skipped=0
[ATOMCOLOR-PAIR-DETAIL] phase=prep_start depth=0 feature=3 rows=31717 atoms=0 groups=0 elapsed_sec=0.000
[ATOMCOLOR-PAIR-DETAIL] phase=prep_done depth=0 feature=3 rows=31717 atoms=0 groups=0 elapsed_sec=0.004
[ATOMCOLOR-PAIR-DETAIL] phase=family_dict_done depth=0 feature=3 rows=31717 atoms=32 groups=0 elapsed_sec=0.011
[ATOMCOLOR-PAIR-DETAIL] phase=family_group_done depth=0 feature=3 rows=31717 atoms=32 groups=2 elapsed_sec=0.001 stage2_skipped=0
[ATOMCOLOR-PAIR-DETAIL] phase=family_group_done depth=0 feature=3 rows=31717 atoms=32 groups=3 elapsed_sec=0.003 stage2_skipped=0
[ATOMCOLOR-PAIR-DETAIL] phase=prep_start depth=0 feature=4 rows=31717 atoms=0 groups=0 elapsed_sec=0.000
[ATOMCOLOR-PAIR-DETAIL] phase=prep_done depth=0 feature=4 rows=31717 atoms=0 groups=0 elapsed_sec=0.004
[ATOMCOLOR-PAIR-DETAIL] phase=family_dict_done depth=0 feature=4 rows=31717 atoms=32 groups=0 elapsed_sec=0.010
[ATOMCOLOR-PAIR-DETAIL] phase=family_group_done depth=0 feature=4 rows=31717 atoms=32 groups=2 elapsed_sec=0.001 stage2_skipped=0
[ATOMCOLOR-PAIR-DETAIL] phase=family_group_done depth=0 feature=4 rows=31717 atoms=32 groups=3 elapsed_sec=0.003 stage2_skipped=0
[ATOMCOLOR-PAIR-DETAIL] phase=prep_start depth=0 feature=5 rows=31717 atoms=0 groups=0 elapsed_sec=0.000
[ATOMCOLOR-PAIR-DETAIL] phase=prep_done depth=0 feature=5 rows=31717 atoms=0 groups=0 elapsed_sec=0.004
[ATOMCOLOR-PAIR-DETAIL] phase=family_dict_done depth=0 feature=5 rows=31717 atoms=32 groups=0 elapsed_sec=0.010
[ATOMCOLOR-PAIR-DETAIL] phase=family_group_done depth=0 feature=5 rows=31717 atoms=32 groups=2 elapsed_sec=0.001 stage2_skipped=0
[ATOMCOLOR-PAIR-DETAIL] phase=family_group_done depth=0 feature=5 rows=31717 atoms=32 groups=3 elapsed_sec=0.003 stage2_skipped=0
[ATOMCOLOR-PAIR-DETAIL] phase=prep_start depth=0 feature=6 rows=31717 atoms=0 groups=0 elapsed_sec=0.000
[ATOMCOLOR-PAIR-DETAIL] phase=prep_done depth=0 feature=6 rows=31717 atoms=0 groups=0 elapsed_sec=0.004
[ATOMCOLOR-PAIR-DETAIL] phase=family_dict_done depth=0 feature=6 rows=31717 atoms=32 groups=0 elapsed_sec=0.011
[ATOMCOLOR-PAIR-DETAIL] phase=family_group_done depth=0 feature=6 rows=31717 atoms=32 groups=2 elapsed_sec=0.001 stage2_skipped=0
[ATOMCOLOR-PAIR-DETAIL] phase=family_group_done depth=0 feature=6 rows=31717 atoms=32 groups=3 elapsed_sec=0.003 stage2_skipped=0
[ATOMCOLOR-PAIR-DETAIL] phase=prep_start depth=0 feature=7 rows=31717 atoms=0 groups=0 elapsed_sec=0.000
[ATOMCOLOR-PAIR-DETAIL] phase=prep_done depth=0 feature=7 rows=31717 atoms=0 groups=0 elapsed_sec=0.003
[ATOMCOLOR-PAIR-DETAIL] phase=family_dict_done depth=0 feature=7 rows=31717 atoms=2 groups=0 elapsed_sec=0.000
[ATOMCOLOR-PAIR-DETAIL] phase=family_group_done depth=0 feature=7 rows=31717 atoms=2 groups=2 elapsed_sec=0.000 stage2_skipped=0
[ATOMCOLOR-PAIR-DETAIL] phase=prep_start depth=0 feature=8 rows=31717 atoms=0 groups=0 elapsed_sec=0.000
[ATOMCOLOR-PAIR-DETAIL] phase=prep_done depth=0 feature=8 rows=31717 atoms=0 groups=0 elapsed_sec=0.003
[ATOMCOLOR-PAIR-DETAIL] phase=family_dict_done depth=0 feature=8 rows=31717 atoms=2 groups=0 elapsed_sec=0.000
[ATOMCOLOR-PAIR-DETAIL] phase=family_group_done depth=0 feature=8 rows=31717 atoms=2 groups=2 elapsed_sec=0.000 stage2_skipped=0
[ATOMCOLOR-PAIR-DETAIL] phase=prep_start depth=0 feature=9 rows=31717 atoms=0 groups=0 elapsed_sec=0.000
[ATOMCOLOR-PAIR-DETAIL] phase=prep_done depth=0 feature=9 rows=31717 atoms=0 groups=0 elapsed_sec=0.003
[ATOMCOLOR-PAIR-DETAIL] phase=family_dict_done depth=0 feature=9 rows=31717 atoms=2 groups=0 elapsed_sec=0.000
[ATOMCOLOR-PAIR-DETAIL] phase=family_group_done depth=0 feature=9 rows=31717 atoms=2 groups=2 elapsed_sec=0.000 stage2_skipped=0
[ATOMCOLOR-PAIR-DETAIL] phase=prep_start depth=0 feature=10 rows=31717 atoms=0 groups=0 elapsed_sec=0.000
[ATOMCOLOR-PAIR-DETAIL] phase=prep_done depth=0 feature=10 rows=31717 atoms=0 groups=0 elapsed_sec=0.003
[ATOMCOLOR-PAIR-DETAIL] phase=family_dict_done depth=0 feature=10 rows=31717 atoms=2 groups=0 elapsed_sec=0.000
[ATOMCOLOR-PAIR-DETAIL] phase=family_group_done depth=0 feature=10 rows=31717 atoms=2 groups=2 elapsed_sec=0.000 stage2_skipped=0
[ATOMCOLOR-PAIR-DETAIL] phase=prep_start depth=0 feature=11 rows=31717 atoms=0 groups=0 elapsed_sec=0.000
[ATOMCOLOR-PAIR-DETAIL] phase=prep_done depth=0 feature=11 rows=31717 atoms=0 groups=0 elapsed_sec=0.003
[ATOMCOLOR-PAIR-DETAIL] phase=family_dict_done depth=0 feature=11 rows=31717 atoms=2 groups=0 elapsed_sec=0.000
[ATOMCOLOR-PAIR-DETAIL] phase=family_group_done depth=0 feature=11 rows=31717 atoms=2 groups=2 elapsed_sec=0.000 stage2_skipped=0
[ATOMCOLOR-PAIR-DETAIL] phase=prep_start depth=0 feature=12 rows=31717 atoms=0 groups=0 elapsed_sec=0.000
[ATOMCOLOR-PAIR-DETAIL] phase=prep_done depth=0 feature=12 rows=31717 atoms=0 groups=0 elapsed_sec=0.003
[ATOMCOLOR-PAIR-DETAIL] phase=family_dict_done depth=0 feature=12 rows=31717 atoms=2 groups=0 elapsed_sec=0.000
[ATOMCOLOR-PAIR-DETAIL] phase=family_group_done depth=0 feature=12 rows=31717 atoms=2 groups=2 elapsed_sec=0.000 stage2_skipped=0
[ATOMCOLOR-PAIR-DETAIL] phase=prep_start depth=0 feature=13 rows=31717 atoms=0 groups=0 elapsed_sec=0.000
[ATOMCOLOR-PAIR-DETAIL] phase=prep_done depth=0 feature=13 rows=31717 atoms=0 groups=0 elapsed_sec=0.003
[ATOMCOLOR-PAIR-DETAIL] phase=family_dict_done depth=0 feature=13 rows=31717 atoms=2 groups=0 elapsed_sec=0.000
[ATOMCOLOR-PAIR-DETAIL] phase=family_group_done depth=0 feature=13 rows=31717 atoms=2 groups=2 elapsed_sec=0.000 stage2_skipped=0
[ATOMCOLOR-PAIR-PROFILE] phase=broad_done depth=0 rows=31717 features_done=14/14 pairs=21 feasible_pairs=21 exactify_calls=0 exactify_feasible=0 exactify_aborted=0 prep_sec=0.047 family_sec=0.090 bounds_sec=0.049 exactify_sec=0.000 incumbent_f=-1 incumbent_g=-1 incumbent_ub=inf node_lb=inf max_ambiguity=inf pending_pairs=21 elapsed_sec=0.210
[ATOMCOLOR-PAIR-DETAIL] phase=prep_start depth=1 feature=0 rows=21706 atoms=0 groups=0 elapsed_sec=0.000
[ATOMCOLOR-PAIR-DETAIL] phase=prep_done depth=1 feature=0 rows=21706 atoms=0 groups=0 elapsed_sec=0.003
[ATOMCOLOR-PAIR-DETAIL] phase=prep_start depth=1 feature=1 rows=21706 atoms=0 groups=0 elapsed_sec=0.000
[ATOMCOLOR-PAIR-DETAIL] phase=prep_done depth=1 feature=1 rows=21706 atoms=0 groups=0 elapsed_sec=0.003
[ATOMCOLOR-PAIR-DETAIL] phase=prep_start depth=1 feature=2 rows=21706 atoms=0 groups=0 elapsed_sec=0.000
[ATOMCOLOR-PAIR-DETAIL] phase=prep_fail depth=1 feature=2 rows=21706 atoms=0 groups=0 elapsed_sec=0.003
[ATOMCOLOR-PAIR-DETAIL] phase=prep_start depth=1 feature=3 rows=21706 atoms=0 groups=0 elapsed_sec=0.000
[ATOMCOLOR-PAIR-DETAIL] phase=prep_done depth=1 feature=3 rows=21706 atoms=0 groups=0 elapsed_sec=0.003
[ATOMCOLOR-PAIR-DETAIL] phase=prep_start depth=1 feature=4 rows=21706 atoms=0 groups=0 elapsed_sec=0.000
[ATOMCOLOR-PAIR-DETAIL] phase=prep_done depth=1 feature=4 rows=21706 atoms=0 groups=0 elapsed_sec=0.003
[ATOMCOLOR-PAIR-DETAIL] phase=prep_start depth=1 feature=5 rows=21706 atoms=0 groups=0 elapsed_sec=0.000
[ATOMCOLOR-PAIR-DETAIL] phase=prep_done depth=1 feature=5 rows=21706 atoms=0 groups=0 elapsed_sec=0.003
[ATOMCOLOR-PAIR-DETAIL] phase=prep_start depth=1 feature=6 rows=21706 atoms=0 groups=0 elapsed_sec=0.000
[ATOMCOLOR-PAIR-DETAIL] phase=prep_done depth=1 feature=6 rows=21706 atoms=0 groups=0 elapsed_sec=0.003
[ATOMCOLOR-PAIR-DETAIL] phase=prep_start depth=1 feature=7 rows=21706 atoms=0 groups=0 elapsed_sec=0.000
[ATOMCOLOR-PAIR-DETAIL] phase=prep_done depth=1 feature=7 rows=21706 atoms=0 groups=0 elapsed_sec=0.003
[ATOMCOLOR-PAIR-DETAIL] phase=prep_start depth=1 feature=8 rows=21706 atoms=0 groups=0 elapsed_sec=0.000
[ATOMCOLOR-PAIR-DETAIL] phase=prep_done depth=1 feature=8 rows=21706 atoms=0 groups=0 elapsed_sec=0.002
[ATOMCOLOR-PAIR-DETAIL] phase=prep_start depth=1 feature=9 rows=21706 atoms=0 groups=0 elapsed_sec=0.000
[ATOMCOLOR-PAIR-DETAIL] phase=prep_done depth=1 feature=9 rows=21706 atoms=0 groups=0 elapsed_sec=0.002
[ATOMCOLOR-PAIR-DETAIL] phase=prep_start depth=1 feature=10 rows=21706 atoms=0 groups=0 elapsed_sec=0.000
[ATOMCOLOR-PAIR-DETAIL] phase=prep_done depth=1 feature=10 rows=21706 atoms=0 groups=0 elapsed_sec=0.002
[ATOMCOLOR-PAIR-DETAIL] phase=prep_start depth=1 feature=11 rows=21706 atoms=0 groups=0 elapsed_sec=0.000
[ATOMCOLOR-PAIR-DETAIL] phase=prep_done depth=1 feature=11 rows=21706 atoms=0 groups=0 elapsed_sec=0.002
[ATOMCOLOR-PAIR-DETAIL] phase=prep_start depth=1 feature=12 rows=21706 atoms=0 groups=0 elapsed_sec=0.000
[ATOMCOLOR-PAIR-DETAIL] phase=prep_done depth=1 feature=12 rows=21706 atoms=0 groups=0 elapsed_sec=0.002
[ATOMCOLOR-PAIR-DETAIL] phase=prep_start depth=1 feature=13 rows=21706 atoms=0 groups=0 elapsed_sec=0.000
[ATOMCOLOR-PAIR-DETAIL] phase=prep_done depth=1 feature=13 rows=21706 atoms=0 groups=0 elapsed_sec=0.002
[ATOMCOLOR-PAIR-DETAIL] phase=prep_start depth=1 feature=0 rows=10011 atoms=0 groups=0 elapsed_sec=0.000
[ATOMCOLOR-PAIR-DETAIL] phase=prep_done depth=1 feature=0 rows=10011 atoms=0 groups=0 elapsed_sec=0.003
[ATOMCOLOR-PAIR-DETAIL] phase=prep_start depth=1 feature=1 rows=10011 atoms=0 groups=0 elapsed_sec=0.000
[ATOMCOLOR-PAIR-DETAIL] phase=prep_done depth=1 feature=1 rows=10011 atoms=0 groups=0 elapsed_sec=0.002
[ATOMCOLOR-PAIR-DETAIL] phase=prep_start depth=1 feature=2 rows=10011 atoms=0 groups=0 elapsed_sec=0.000
[ATOMCOLOR-PAIR-DETAIL] phase=prep_done depth=1 feature=2 rows=10011 atoms=0 groups=0 elapsed_sec=0.002
[ATOMCOLOR-PAIR-DETAIL] phase=prep_start depth=1 feature=3 rows=10011 atoms=0 groups=0 elapsed_sec=0.000
[ATOMCOLOR-PAIR-DETAIL] phase=prep_done depth=1 feature=3 rows=10011 atoms=0 groups=0 elapsed_sec=0.003
[ATOMCOLOR-PAIR-DETAIL] phase=prep_start depth=1 feature=4 rows=10011 atoms=0 groups=0 elapsed_sec=0.000
[ATOMCOLOR-PAIR-DETAIL] phase=prep_done depth=1 feature=4 rows=10011 atoms=0 groups=0 elapsed_sec=0.002
[ATOMCOLOR-PAIR-DETAIL] phase=prep_start depth=1 feature=5 rows=10011 atoms=0 groups=0 elapsed_sec=0.000
[ATOMCOLOR-PAIR-DETAIL] phase=prep_done depth=1 feature=5 rows=10011 atoms=0 groups=0 elapsed_sec=0.002
[ATOMCOLOR-PAIR-DETAIL] phase=prep_start depth=1 feature=6 rows=10011 atoms=0 groups=0 elapsed_sec=0.000
[ATOMCOLOR-PAIR-DETAIL] phase=prep_done depth=1 feature=6 rows=10011 atoms=0 groups=0 elapsed_sec=0.002
[ATOMCOLOR-PAIR-DETAIL] phase=prep_start depth=1 feature=7 rows=10011 atoms=0 groups=0 elapsed_sec=0.000
[ATOMCOLOR-PAIR-DETAIL] phase=prep_done depth=1 feature=7 rows=10011 atoms=0 groups=0 elapsed_sec=0.002
[ATOMCOLOR-PAIR-DETAIL] phase=prep_start depth=1 feature=8 rows=10011 atoms=0 groups=0 elapsed_sec=0.000
[ATOMCOLOR-PAIR-DETAIL] phase=prep_done depth=1 feature=8 rows=10011 atoms=0 groups=0 elapsed_sec=0.002
[ATOMCOLOR-PAIR-DETAIL] phase=prep_start depth=1 feature=9 rows=10011 atoms=0 groups=0 elapsed_sec=0.000
[ATOMCOLOR-PAIR-DETAIL] phase=prep_done depth=1 feature=9 rows=10011 atoms=0 groups=0 elapsed_sec=0.002
[ATOMCOLOR-PAIR-DETAIL] phase=prep_start depth=1 feature=10 rows=10011 atoms=0 groups=0 elapsed_sec=0.000
[ATOMCOLOR-PAIR-DETAIL] phase=prep_done depth=1 feature=10 rows=10011 atoms=0 groups=0 elapsed_sec=0.002
[ATOMCOLOR-PAIR-DETAIL] phase=prep_start depth=1 feature=11 rows=10011 atoms=0 groups=0 elapsed_sec=0.000
[ATOMCOLOR-PAIR-DETAIL] phase=prep_done depth=1 feature=11 rows=10011 atoms=0 groups=0 elapsed_sec=0.002
[ATOMCOLOR-PAIR-DETAIL] phase=prep_start depth=1 feature=12 rows=10011 atoms=0 groups=0 elapsed_sec=0.000
[ATOMCOLOR-PAIR-DETAIL] phase=prep_done depth=1 feature=12 rows=10011 atoms=0 groups=0 elapsed_sec=0.002
[ATOMCOLOR-PAIR-DETAIL] phase=prep_start depth=1 feature=13 rows=10011 atoms=0 groups=0 elapsed_sec=0.000
[ATOMCOLOR-PAIR-DETAIL] phase=prep_done depth=1 feature=13 rows=10011 atoms=0 groups=0 elapsed_sec=0.002
[ATOMCOLOR-PAIR-STEP] phase=greedy_ub_done depth=0 rows=31717 feature=2 groups=2 lb_before=2e-08 ub_before=0.241510881683 lb_after=2e-08 ub_after=0.206608573422 elapsed_sec=106.293512
[ATOMCOLOR-PAIR-STEP] phase=local_exact_done depth=0 rows=31717 feature=2 groups=2 lb_before=2e-08 ub_before=0.206608573422 lb_after=2e-08 ub_after=0.241510881683 elapsed_sec=0.003209 stage1_exact=1 stage2_states=124 max_states=124
[ATOMCOLOR-PAIR-STEP] phase=greedy_ub_done depth=0 rows=31717 feature=2 groups=2 lb_before=2e-08 ub_before=0.241510881683 lb_after=2e-08 ub_after=0.206608573422 elapsed_sec=0.003266
[ATOMCOLOR-PAIR-PROFILE] phase=start depth=1 rows=21706 features_done=0/14 pairs=0 feasible_pairs=0 exactify_calls=0 exactify_feasible=0 exactify_aborted=0 prep_sec=0.000 family_sec=0.000 bounds_sec=0.000 exactify_sec=0.000 incumbent_f=-1 incumbent_g=-1 incumbent_ub=inf node_lb=inf max_ambiguity=inf pending_pairs=0 elapsed_sec=0.000
[ATOMCOLOR-PAIR-DETAIL] phase=prep_start depth=1 feature=0 rows=21706 atoms=0 groups=0 elapsed_sec=0.000
[ATOMCOLOR-PAIR-DETAIL] phase=prep_done depth=1 feature=0 rows=21706 atoms=0 groups=0 elapsed_sec=0.003
[ATOMCOLOR-PAIR-DETAIL] phase=family_dict_done depth=1 feature=0 rows=21706 atoms=32 groups=0 elapsed_sec=0.011
[ATOMCOLOR-PAIR-DETAIL] phase=family_group_done depth=1 feature=0 rows=21706 atoms=32 groups=2 elapsed_sec=0.001 stage2_skipped=0
[ATOMCOLOR-PAIR-DETAIL] phase=family_group_done depth=1 feature=0 rows=21706 atoms=32 groups=3 elapsed_sec=0.003 stage2_skipped=0
[ATOMCOLOR-PAIR-DETAIL] phase=prep_start depth=1 feature=1 rows=21706 atoms=0 groups=0 elapsed_sec=0.000
[ATOMCOLOR-PAIR-DETAIL] phase=prep_done depth=1 feature=1 rows=21706 atoms=0 groups=0 elapsed_sec=0.002
[ATOMCOLOR-PAIR-DETAIL] phase=family_dict_done depth=1 feature=1 rows=21706 atoms=32 groups=0 elapsed_sec=0.000
[ATOMCOLOR-PAIR-DETAIL] phase=family_group_done depth=1 feature=1 rows=21706 atoms=32 groups=2 elapsed_sec=0.001 stage2_skipped=0
[ATOMCOLOR-PAIR-DETAIL] phase=family_group_done depth=1 feature=1 rows=21706 atoms=32 groups=3 elapsed_sec=0.003 stage2_skipped=0
[ATOMCOLOR-PAIR-DETAIL] phase=prep_start depth=1 feature=2 rows=21706 atoms=0 groups=0 elapsed_sec=0.000
[ATOMCOLOR-PAIR-DETAIL] phase=prep_fail depth=1 feature=2 rows=21706 atoms=0 groups=0 elapsed_sec=0.002
[ATOMCOLOR-PAIR-DETAIL] phase=prep_start depth=1 feature=3 rows=21706 atoms=0 groups=0 elapsed_sec=0.000
[ATOMCOLOR-PAIR-DETAIL] phase=prep_done depth=1 feature=3 rows=21706 atoms=0 groups=0 elapsed_sec=0.003
[ATOMCOLOR-PAIR-DETAIL] phase=family_dict_done depth=1 feature=3 rows=21706 atoms=32 groups=0 elapsed_sec=0.010
[ATOMCOLOR-PAIR-DETAIL] phase=family_group_done depth=1 feature=3 rows=21706 atoms=32 groups=2 elapsed_sec=0.001 stage2_skipped=0
[ATOMCOLOR-PAIR-DETAIL] phase=family_group_done depth=1 feature=3 rows=21706 atoms=32 groups=3 elapsed_sec=0.003 stage2_skipped=0
[ATOMCOLOR-PAIR-DETAIL] phase=prep_start depth=1 feature=4 rows=21706 atoms=0 groups=0 elapsed_sec=0.000
[ATOMCOLOR-PAIR-DETAIL] phase=prep_done depth=1 feature=4 rows=21706 atoms=0 groups=0 elapsed_sec=0.003
[ATOMCOLOR-PAIR-DETAIL] phase=family_dict_done depth=1 feature=4 rows=21706 atoms=28 groups=0 elapsed_sec=0.010
[ATOMCOLOR-PAIR-DETAIL] phase=family_group_done depth=1 feature=4 rows=21706 atoms=28 groups=2 elapsed_sec=0.002 stage2_skipped=0
[ATOMCOLOR-PAIR-DETAIL] phase=family_group_done depth=1 feature=4 rows=21706 atoms=28 groups=3 elapsed_sec=0.005 stage2_skipped=0
[ATOMCOLOR-PAIR-DETAIL] phase=prep_start depth=1 feature=5 rows=21706 atoms=0 groups=0 elapsed_sec=0.000
[ATOMCOLOR-PAIR-DETAIL] phase=prep_done depth=1 feature=5 rows=21706 atoms=0 groups=0 elapsed_sec=0.003
[ATOMCOLOR-PAIR-DETAIL] phase=family_dict_done depth=1 feature=5 rows=21706 atoms=32 groups=0 elapsed_sec=0.011
[ATOMCOLOR-PAIR-DETAIL] phase=family_group_done depth=1 feature=5 rows=21706 atoms=32 groups=2 elapsed_sec=0.001 stage2_skipped=0
[ATOMCOLOR-PAIR-DETAIL] phase=family_group_done depth=1 feature=5 rows=21706 atoms=32 groups=3 elapsed_sec=0.003 stage2_skipped=0
[ATOMCOLOR-PAIR-DETAIL] phase=prep_start depth=1 feature=6 rows=21706 atoms=0 groups=0 elapsed_sec=0.000
[ATOMCOLOR-PAIR-DETAIL] phase=prep_done depth=1 feature=6 rows=21706 atoms=0 groups=0 elapsed_sec=0.003
[ATOMCOLOR-PAIR-DETAIL] phase=family_dict_done depth=1 feature=6 rows=21706 atoms=32 groups=0 elapsed_sec=0.010
[ATOMCOLOR-PAIR-DETAIL] phase=family_group_done depth=1 feature=6 rows=21706 atoms=32 groups=2 elapsed_sec=0.001 stage2_skipped=0
[ATOMCOLOR-PAIR-DETAIL] phase=family_group_done depth=1 feature=6 rows=21706 atoms=32 groups=3 elapsed_sec=0.003 stage2_skipped=0
[ATOMCOLOR-PAIR-DETAIL] phase=prep_start depth=1 feature=7 rows=21706 atoms=0 groups=0 elapsed_sec=0.000
[ATOMCOLOR-PAIR-DETAIL] phase=prep_done depth=1 feature=7 rows=21706 atoms=0 groups=0 elapsed_sec=0.002
[ATOMCOLOR-PAIR-DETAIL] phase=family_dict_done depth=1 feature=7 rows=21706 atoms=2 groups=0 elapsed_sec=0.000
[ATOMCOLOR-PAIR-DETAIL] phase=family_group_done depth=1 feature=7 rows=21706 atoms=2 groups=2 elapsed_sec=0.000 stage2_skipped=0
[ATOMCOLOR-PAIR-DETAIL] phase=prep_start depth=1 feature=8 rows=21706 atoms=0 groups=0 elapsed_sec=0.000
[ATOMCOLOR-PAIR-DETAIL] phase=prep_done depth=1 feature=8 rows=21706 atoms=0 groups=0 elapsed_sec=0.002
[ATOMCOLOR-PAIR-DETAIL] phase=family_dict_done depth=1 feature=8 rows=21706 atoms=2 groups=0 elapsed_sec=0.000
[ATOMCOLOR-PAIR-DETAIL] phase=family_group_done depth=1 feature=8 rows=21706 atoms=2 groups=2 elapsed_sec=0.000 stage2_skipped=0
[ATOMCOLOR-PAIR-DETAIL] phase=prep_start depth=1 feature=9 rows=21706 atoms=0 groups=0 elapsed_sec=0.000
[ATOMCOLOR-PAIR-DETAIL] phase=prep_done depth=1 feature=9 rows=21706 atoms=0 groups=0 elapsed_sec=0.002
[ATOMCOLOR-PAIR-DETAIL] phase=family_dict_done depth=1 feature=9 rows=21706 atoms=2 groups=0 elapsed_sec=0.000
[ATOMCOLOR-PAIR-DETAIL] phase=family_group_done depth=1 feature=9 rows=21706 atoms=2 groups=2 elapsed_sec=0.000 stage2_skipped=0
[ATOMCOLOR-PAIR-DETAIL] phase=prep_start depth=1 feature=10 rows=21706 atoms=0 groups=0 elapsed_sec=0.000
[ATOMCOLOR-PAIR-DETAIL] phase=prep_done depth=1 feature=10 rows=21706 atoms=0 groups=0 elapsed_sec=0.002
[ATOMCOLOR-PAIR-DETAIL] phase=family_dict_done depth=1 feature=10 rows=21706 atoms=2 groups=0 elapsed_sec=0.000
[ATOMCOLOR-PAIR-DETAIL] phase=family_group_done depth=1 feature=10 rows=21706 atoms=2 groups=2 elapsed_sec=0.000 stage2_skipped=0
[ATOMCOLOR-PAIR-DETAIL] phase=prep_start depth=1 feature=11 rows=21706 atoms=0 groups=0 elapsed_sec=0.000
[ATOMCOLOR-PAIR-DETAIL] phase=prep_done depth=1 feature=11 rows=21706 atoms=0 groups=0 elapsed_sec=0.002
[ATOMCOLOR-PAIR-DETAIL] phase=family_dict_done depth=1 feature=11 rows=21706 atoms=2 groups=0 elapsed_sec=0.000
[ATOMCOLOR-PAIR-DETAIL] phase=family_group_done depth=1 feature=11 rows=21706 atoms=2 groups=2 elapsed_sec=0.000 stage2_skipped=0
[ATOMCOLOR-PAIR-DETAIL] phase=prep_start depth=1 feature=12 rows=21706 atoms=0 groups=0 elapsed_sec=0.000
[ATOMCOLOR-PAIR-DETAIL] phase=prep_done depth=1 feature=12 rows=21706 atoms=0 groups=0 elapsed_sec=0.002
[ATOMCOLOR-PAIR-DETAIL] phase=family_dict_done depth=1 feature=12 rows=21706 atoms=2 groups=0 elapsed_sec=0.000
[ATOMCOLOR-PAIR-DETAIL] phase=family_group_done depth=1 feature=12 rows=21706 atoms=2 groups=2 elapsed_sec=0.000 stage2_skipped=0
[ATOMCOLOR-PAIR-DETAIL] phase=prep_start depth=1 feature=13 rows=21706 atoms=0 groups=0 elapsed_sec=0.000
[ATOMCOLOR-PAIR-DETAIL] phase=prep_done depth=1 feature=13 rows=21706 atoms=0 groups=0 elapsed_sec=0.002
[ATOMCOLOR-PAIR-DETAIL] phase=family_dict_done depth=1 feature=13 rows=21706 atoms=2 groups=0 elapsed_sec=0.000
[ATOMCOLOR-PAIR-DETAIL] phase=family_group_done depth=1 feature=13 rows=21706 atoms=2 groups=2 elapsed_sec=0.000 stage2_skipped=0
[ATOMCOLOR-PAIR-PROFILE] phase=broad_done depth=1 rows=21706 features_done=13/14 pairs=19 feasible_pairs=19 exactify_calls=0 exactify_feasible=0 exactify_aborted=0 prep_sec=0.034 family_sec=0.080 bounds_sec=0.031 exactify_sec=0.000 incumbent_f=-1 incumbent_g=-1 incumbent_ub=inf node_lb=inf max_ambiguity=inf pending_pairs=19 elapsed_sec=0.163
[ATOMCOLOR-PAIR-STEP] phase=greedy_ub_done depth=1 rows=21706 feature=0 groups=2 lb_before=2e-08 ub_before=0.168111758185 lb_after=2e-08 ub_after=0.158747714749 elapsed_sec=0.722326
[ATOMCOLOR-PAIR-STEP] phase=local_exact_done depth=1 rows=21706 feature=0 groups=2 lb_before=2e-08 ub_before=0.158747714749 lb_after=2e-08 ub_after=0.168111758185 elapsed_sec=0.003070 stage1_exact=1 stage2_states=168 max_states=168
[ATOMCOLOR-PAIR-STEP] phase=greedy_ub_done depth=1 rows=21706 feature=0 groups=2 lb_before=2e-08 ub_before=0.168111758185 lb_after=2e-08 ub_after=0.158747714749 elapsed_sec=0.002284
[ATOMCOLOR-PAIR-STEP] phase=recursive_exact_done depth=1 rows=21706 feature=0 groups=2 lb_before=2e-08 ub_before=0.158747714749 lb_after=0.158653138249 ub_after=0.158653138249 elapsed_sec=19.884216
[ATOMCOLOR-PAIR-ORDER] phase=incumbent depth=1 order=1 feature=0 groups=2 L_a=2e-08 U_a=0.158747714749 gap_before=inf exact_lb=0.158653138249 exact_ub=0.158653138249 survivors_before=19 survivors_after=18 incumbent_before=inf incumbent_after=0.158653138249
[ATOMCOLOR-PAIR-STEP] phase=greedy_ub_done depth=1 rows=21706 feature=0 groups=3 lb_before=3e-08 ub_before=0.168111768185 lb_after=3e-08 ub_after=0.158747724749 elapsed_sec=0.686129
[ATOMCOLOR-PAIR-STEP] phase=local_exact_done depth=1 rows=21706 feature=0 groups=3 lb_before=3e-08 ub_before=0.158747724749 lb_after=3e-08 ub_after=0.158747724749 elapsed_sec=0.016064 stage1_exact=1 stage2_states=2338 max_states=2338
[ATOMCOLOR-PAIR-STEP] phase=greedy_ub_done depth=1 rows=21706 feature=0 groups=3 lb_before=3e-08 ub_before=0.158747724749 lb_after=3e-08 ub_after=0.158747724749 elapsed_sec=0.000666
[ATOMCOLOR-PAIR-STEP] phase=recursive_exact_fail depth=1 rows=21706 feature=0 groups=3 lb_before=3e-08 ub_before=0.158747724749 lb_after=3e-08 ub_after=inf elapsed_sec=0.000017
[ATOMCOLOR-PAIR-ORDER] phase=exactify depth=1 order=2 feature=0 groups=3 L_a=3e-08 U_a=0.158747724749 gap_before=0.158653108249 exact_lb=3e-08 exact_ub=inf survivors_before=18 survivors_after=18 incumbent_before=0.158653138249 incumbent_after=0.158653138249
[ATOMCOLOR-PAIR-PROFILE] phase=exactify depth=1 rows=21706 features_done=13/14 pairs=19 feasible_pairs=19 exactify_calls=2 exactify_feasible=1 exactify_aborted=0 prep_sec=0.034 family_sec=0.080 bounds_sec=0.031 exactify_sec=19.903 incumbent_f=0 incumbent_g=2 incumbent_ub=0.158653138249 node_lb=2e-08 max_ambiguity=0.158653118249 pending_pairs=18 elapsed_sec=21.478
[ATOMCOLOR-PAIR-STEP] phase=greedy_ub_done depth=1 rows=21706 feature=4 groups=2 lb_before=2e-08 ub_before=0.170035017005 lb_after=2e-08 ub_after=0.170035017005 elapsed_sec=0.628799
[ATOMCOLOR-PAIR-STEP] phase=local_exact_done depth=1 rows=21706 feature=4 groups=2 lb_before=2e-08 ub_before=0.170035017005 lb_after=2e-08 ub_after=0.170035017005 elapsed_sec=0.002872 stage1_exact=1 stage2_states=150 max_states=150
[ATOMCOLOR-PAIR-STEP] phase=greedy_ub_done depth=1 rows=21706 feature=4 groups=2 lb_before=2e-08 ub_before=0.170035017005 lb_after=2e-08 ub_after=0.164549030042 elapsed_sec=0.026708
[ATOMCOLOR-PAIR-STEP] phase=recursive_exact_aborted depth=1 rows=21706 feature=4 groups=2 lb_before=2e-08 ub_before=0.164549030042 lb_after=0.159504396743 ub_after=inf elapsed_sec=0.671619
[ATOMCOLOR-PAIR-ORDER] phase=exactify depth=1 order=3 feature=4 groups=2 L_a=2e-08 U_a=0.164549030042 gap_before=0.158653118249 exact_lb=0.159504396743 exact_ub=inf survivors_before=18 survivors_after=17 incumbent_before=0.158653138249 incumbent_after=0.158653138249
[ATOMCOLOR-PAIR-PROFILE] phase=exactify depth=1 rows=21706 features_done=13/14 pairs=19 feasible_pairs=19 exactify_calls=3 exactify_feasible=1 exactify_aborted=1 prep_sec=0.034 family_sec=0.080 bounds_sec=0.031 exactify_sec=20.578 incumbent_f=0 incumbent_g=2 incumbent_ub=0.158653138249 node_lb=2e-08 max_ambiguity=0.158653118249 pending_pairs=18 elapsed_sec=22.808
[ATOMCOLOR-PAIR-STEP] phase=greedy_ub_done depth=1 rows=21706 feature=4 groups=3 lb_before=3e-08 ub_before=0.170035027005 lb_after=3e-08 ub_after=0.161522302063 elapsed_sec=0.659946
[ATOMCOLOR-PAIR-STEP] phase=local_exact_done depth=1 rows=21706 feature=4 groups=3 lb_before=3e-08 ub_before=0.161522302063 lb_after=3e-08 ub_after=0.161522302063 elapsed_sec=0.014480 stage1_exact=1 stage2_states=2151 max_states=2151
[ATOMCOLOR-PAIR-STEP] phase=greedy_ub_done depth=1 rows=21706 feature=4 groups=3 lb_before=3e-08 ub_before=0.161522302063 lb_after=3e-08 ub_after=0.161522302063 elapsed_sec=0.000718
[ATOMCOLOR-PAIR-STEP] phase=recursive_exact_fail depth=1 rows=21706 feature=4 groups=3 lb_before=3e-08 ub_before=0.161522302063 lb_after=3e-08 ub_after=inf elapsed_sec=0.000031
[ATOMCOLOR-PAIR-ORDER] phase=exactify depth=1 order=4 feature=4 groups=3 L_a=3e-08 U_a=0.161522302063 gap_before=0.158653108249 exact_lb=3e-08 exact_ub=inf survivors_before=17 survivors_after=17 incumbent_before=0.158653138249 incumbent_after=0.158653138249
[ATOMCOLOR-PAIR-PROFILE] phase=exactify depth=1 rows=21706 features_done=13/14 pairs=19 feasible_pairs=19 exactify_calls=4 exactify_feasible=1 exactify_aborted=1 prep_sec=0.034 family_sec=0.080 bounds_sec=0.031 exactify_sec=20.592 incumbent_f=0 incumbent_g=2 incumbent_ub=0.158653138249 node_lb=2e-08 max_ambiguity=0.158653118249 pending_pairs=17 elapsed_sec=23.484
[ATOMCOLOR-PAIR-STEP] phase=greedy_ub_done depth=1 rows=21706 feature=5 groups=2 lb_before=2e-08 ub_before=0.172021333491 lb_after=2e-08 ub_after=0.172021333491 elapsed_sec=0.658523
[ATOMCOLOR-PAIR-STEP] phase=local_exact_done depth=1 rows=21706 feature=5 groups=2 lb_before=2e-08 ub_before=0.172021333491 lb_after=2e-08 ub_after=0.172021333491 elapsed_sec=0.003046 stage1_exact=1 stage2_states=179 max_states=179
[ATOMCOLOR-PAIR-STEP] phase=greedy_ub_done depth=1 rows=21706 feature=5 groups=2 lb_before=2e-08 ub_before=0.172021333491 lb_after=2e-08 ub_after=0.166724509527 elapsed_sec=0.020535
[ATOMCOLOR-PAIR-STEP] phase=recursive_exact_aborted depth=1 rows=21706 feature=5 groups=2 lb_before=2e-08 ub_before=0.166724509527 lb_after=0.161333079064 ub_after=inf elapsed_sec=0.610484
[ATOMCOLOR-PAIR-ORDER] phase=exactify depth=1 order=5 feature=5 groups=2 L_a=2e-08 U_a=0.166724509527 gap_before=0.158653118249 exact_lb=0.161333079064 exact_ub=inf survivors_before=17 survivors_after=16 incumbent_before=0.158653138249 incumbent_after=0.158653138249
[ATOMCOLOR-PAIR-PROFILE] phase=exactify depth=1 rows=21706 features_done=13/14 pairs=19 feasible_pairs=19 exactify_calls=5 exactify_feasible=1 exactify_aborted=2 prep_sec=0.034 family_sec=0.080 bounds_sec=0.031 exactify_sec=21.206 incumbent_f=0 incumbent_g=2 incumbent_ub=0.158653138249 node_lb=2e-08 max_ambiguity=0.158653118249 pending_pairs=17 elapsed_sec=24.776
[ATOMCOLOR-PAIR-STEP] phase=greedy_ub_done depth=1 rows=21706 feature=5 groups=3 lb_before=3e-08 ub_before=0.172021343491 lb_after=3e-08 ub_after=0.172021343491 elapsed_sec=0.660758
[ATOMCOLOR-PAIR-STEP] phase=local_exact_done depth=1 rows=21706 feature=5 groups=3 lb_before=3e-08 ub_before=0.172021343491 lb_after=3e-08 ub_after=0.172021343491 elapsed_sec=0.018325 stage1_exact=1 stage2_states=2683 max_states=2683
[ATOMCOLOR-PAIR-STEP] phase=greedy_ub_done depth=1 rows=21706 feature=5 groups=3 lb_before=3e-08 ub_before=0.172021343491 lb_after=3e-08 ub_after=0.172021343491 elapsed_sec=0.000720
[ATOMCOLOR-PAIR-STEP] phase=recursive_exact_fail depth=1 rows=21706 feature=5 groups=3 lb_before=3e-08 ub_before=0.172021343491 lb_after=3e-08 ub_after=inf elapsed_sec=0.000028
[ATOMCOLOR-PAIR-ORDER] phase=exactify depth=1 order=6 feature=5 groups=3 L_a=3e-08 U_a=0.172021343491 gap_before=0.158653108249 exact_lb=3e-08 exact_ub=inf survivors_before=16 survivors_after=16 incumbent_before=0.158653138249 incumbent_after=0.158653138249
[ATOMCOLOR-PAIR-PROFILE] phase=exactify depth=1 rows=21706 features_done=13/14 pairs=19 feasible_pairs=19 exactify_calls=6 exactify_feasible=1 exactify_aborted=2 prep_sec=0.034 family_sec=0.080 bounds_sec=0.031 exactify_sec=21.224 incumbent_f=0 incumbent_g=2 incumbent_ub=0.158653138249 node_lb=2e-08 max_ambiguity=0.158653118249 pending_pairs=16 elapsed_sec=25.456
[ATOMCOLOR-PAIR-STEP] phase=greedy_ub_done depth=1 rows=21706 feature=3 groups=2 lb_before=2e-08 ub_before=0.173850005812 lb_after=2e-08 ub_after=0.173850005812 elapsed_sec=0.668060
[ATOMCOLOR-PAIR-STEP] phase=local_exact_done depth=1 rows=21706 feature=3 groups=2 lb_before=2e-08 ub_before=0.173850005812 lb_after=2e-08 ub_after=0.173850005812 elapsed_sec=0.002453 stage1_exact=1 stage2_states=98 max_states=98
[ATOMCOLOR-PAIR-STEP] phase=greedy_ub_done depth=1 rows=21706 feature=3 groups=2 lb_before=2e-08 ub_before=0.173850005812 lb_after=2e-08 ub_after=0.168994595512 elapsed_sec=0.013328
[ATOMCOLOR-PAIR-STEP] phase=recursive_exact_aborted depth=1 rows=21706 feature=3 groups=2 lb_before=2e-08 ub_before=0.168994595512 lb_after=0.166503807696 ub_after=inf elapsed_sec=0.954619
[ATOMCOLOR-PAIR-ORDER] phase=exactify depth=1 order=7 feature=3 groups=2 L_a=2e-08 U_a=0.168994595512 gap_before=0.158653118249 exact_lb=0.166503807696 exact_ub=inf survivors_before=16 survivors_after=15 incumbent_before=0.158653138249 incumbent_after=0.158653138249
[ATOMCOLOR-PAIR-PROFILE] phase=exactify depth=1 rows=21706 features_done=13/14 pairs=19 feasible_pairs=19 exactify_calls=7 exactify_feasible=1 exactify_aborted=3 prep_sec=0.034 family_sec=0.080 bounds_sec=0.031 exactify_sec=22.181 incumbent_f=0 incumbent_g=2 incumbent_ub=0.158653138249 node_lb=2e-08 max_ambiguity=0.158653118249 pending_pairs=16 elapsed_sec=27.095
[ATOMCOLOR-PAIR-STEP] phase=greedy_ub_done depth=1 rows=21706 feature=3 groups=3 lb_before=3e-08 ub_before=0.173850015812 lb_after=3e-08 ub_after=0.173850015812 elapsed_sec=0.671839
[ATOMCOLOR-PAIR-STEP] phase=local_exact_done depth=1 rows=21706 feature=3 groups=3 lb_before=3e-08 ub_before=0.173850015812 lb_after=3e-08 ub_after=0.173850015812 elapsed_sec=0.009376 stage1_exact=1 stage2_states=1507 max_states=1507
[ATOMCOLOR-PAIR-STEP] phase=greedy_ub_done depth=1 rows=21706 feature=3 groups=3 lb_before=3e-08 ub_before=0.173850015812 lb_after=3e-08 ub_after=0.173850015812 elapsed_sec=0.000696
[ATOMCOLOR-PAIR-STEP] phase=recursive_exact_fail depth=1 rows=21706 feature=3 groups=3 lb_before=3e-08 ub_before=0.173850015812 lb_after=3e-08 ub_after=inf elapsed_sec=0.000018
[ATOMCOLOR-PAIR-ORDER] phase=exactify depth=1 order=8 feature=3 groups=3 L_a=3e-08 U_a=0.173850015812 gap_before=0.158653108249 exact_lb=3e-08 exact_ub=inf survivors_before=15 survivors_after=15 incumbent_before=0.158653138249 incumbent_after=0.158653138249
[ATOMCOLOR-PAIR-PROFILE] phase=exactify depth=1 rows=21706 features_done=13/14 pairs=19 feasible_pairs=19 exactify_calls=8 exactify_feasible=1 exactify_aborted=3 prep_sec=0.034 family_sec=0.080 bounds_sec=0.031 exactify_sec=22.191 incumbent_f=0 incumbent_g=2 incumbent_ub=0.158653138249 node_lb=2e-08 max_ambiguity=0.158653118249 pending_pairs=15 elapsed_sec=27.777
[ATOMCOLOR-PAIR-STEP] phase=greedy_ub_done depth=1 rows=21706 feature=6 groups=2 lb_before=2e-08 ub_before=0.175111159137 lb_after=2e-08 ub_after=0.175111159137 elapsed_sec=0.651787
[ATOMCOLOR-PAIR-STEP] phase=local_exact_done depth=1 rows=21706 feature=6 groups=2 lb_before=2e-08 ub_before=0.175111159137 lb_after=2e-08 ub_after=0.175111159137 elapsed_sec=0.002282 stage1_exact=1 stage2_states=81 max_states=81
[ATOMCOLOR-PAIR-STEP] phase=greedy_ub_done depth=1 rows=21706 feature=6 groups=2 lb_before=2e-08 ub_before=0.175111159137 lb_after=2e-08 ub_after=0.170066575838 elapsed_sec=0.009368
[ATOMCOLOR-PAIR-STEP] phase=recursive_exact_aborted depth=1 rows=21706 feature=6 groups=2 lb_before=2e-08 ub_before=0.170066575838 lb_after=0.168868470179 ub_after=inf elapsed_sec=1.349363
[ATOMCOLOR-PAIR-ORDER] phase=exactify depth=1 order=9 feature=6 groups=2 L_a=2e-08 U_a=0.170066575838 gap_before=0.158653118249 exact_lb=0.168868470179 exact_ub=inf survivors_before=15 survivors_after=14 incumbent_before=0.158653138249 incumbent_after=0.158653138249
[ATOMCOLOR-PAIR-PROFILE] phase=exactify depth=1 rows=21706 features_done=13/14 pairs=19 feasible_pairs=19 exactify_calls=9 exactify_feasible=1 exactify_aborted=4 prep_sec=0.034 family_sec=0.080 bounds_sec=0.031 exactify_sec=23.542 incumbent_f=0 incumbent_g=2 incumbent_ub=0.158653138249 node_lb=2e-08 max_ambiguity=0.158653118249 pending_pairs=15 elapsed_sec=29.790
[ATOMCOLOR-PAIR-STEP] phase=greedy_ub_done depth=1 rows=21706 feature=6 groups=3 lb_before=3e-08 ub_before=0.175111169137 lb_after=3e-08 ub_after=0.168900039013 elapsed_sec=0.707807
[ATOMCOLOR-PAIR-STEP] phase=local_exact_done depth=1 rows=21706 feature=6 groups=3 lb_before=3e-08 ub_before=0.168900039013 lb_after=3e-08 ub_after=0.168900039013 elapsed_sec=0.008819 stage1_exact=1 stage2_states=1483 max_states=1483
[ATOMCOLOR-PAIR-STEP] phase=greedy_ub_done depth=1 rows=21706 feature=6 groups=3 lb_before=3e-08 ub_before=0.168900039013 lb_after=3e-08 ub_after=0.168900039013 elapsed_sec=0.000695
[ATOMCOLOR-PAIR-STEP] phase=recursive_exact_fail depth=1 rows=21706 feature=6 groups=3 lb_before=3e-08 ub_before=0.168900039013 lb_after=3e-08 ub_after=inf elapsed_sec=0.000018
[ATOMCOLOR-PAIR-ORDER] phase=exactify depth=1 order=10 feature=6 groups=3 L_a=3e-08 U_a=0.168900039013 gap_before=0.158653108249 exact_lb=3e-08 exact_ub=inf survivors_before=14 survivors_after=14 incumbent_before=0.158653138249 incumbent_after=0.158653138249
[ATOMCOLOR-PAIR-PROFILE] phase=exactify depth=1 rows=21706 features_done=13/14 pairs=19 feasible_pairs=19 exactify_calls=10 exactify_feasible=1 exactify_aborted=4 prep_sec=0.034 family_sec=0.080 bounds_sec=0.031 exactify_sec=23.551 incumbent_f=0 incumbent_g=2 incumbent_ub=0.158653138249 node_lb=2e-08 max_ambiguity=0.158653118249 pending_pairs=14 elapsed_sec=30.507
[ATOMCOLOR-PAIR-STEP] phase=greedy_ub_done depth=1 rows=21706 feature=1 groups=2 lb_before=2e-08 ub_before=0.175205745636 lb_after=2e-08 ub_after=0.175205745636 elapsed_sec=0.713308
[ATOMCOLOR-PAIR-STEP] phase=local_exact_done depth=1 rows=21706 feature=1 groups=2 lb_before=2e-08 ub_before=0.175205745636 lb_after=2e-08 ub_after=0.175205745636 elapsed_sec=0.003410 stage1_exact=1 stage2_states=282 max_states=282
[ATOMCOLOR-PAIR-STEP] phase=greedy_ub_done depth=1 rows=21706 feature=1 groups=2 lb_before=2e-08 ub_before=0.175205745636 lb_after=2e-08 ub_after=0.168994605512 elapsed_sec=0.710584
[ATOMCOLOR-PAIR-STEP] phase=recursive_exact_done depth=1 rows=21706 feature=1 groups=2 lb_before=2e-08 ub_before=0.168994605512 lb_after=0.168900019013 ub_after=0.168900019013 elapsed_sec=7.723542
[ATOMCOLOR-PAIR-ORDER] phase=exactify depth=1 order=11 feature=1 groups=2 L_a=2e-08 U_a=0.168994605512 gap_before=0.158653118249 exact_lb=0.168900019013 exact_ub=0.168900019013 survivors_before=14 survivors_after=13 incumbent_before=0.158653138249 incumbent_after=0.158653138249
[ATOMCOLOR-PAIR-PROFILE] phase=exactify depth=1 rows=21706 features_done=13/14 pairs=19 feasible_pairs=19 exactify_calls=11 exactify_feasible=2 exactify_aborted=4 prep_sec=0.034 family_sec=0.080 bounds_sec=0.031 exactify_sec=31.278 incumbent_f=0 incumbent_g=2 incumbent_ub=0.158653138249 node_lb=2e-08 max_ambiguity=0.158653118249 pending_pairs=14 elapsed_sec=39.658
[ATOMCOLOR-PAIR-STEP] phase=greedy_ub_done depth=1 rows=21706 feature=1 groups=3 lb_before=3e-08 ub_before=0.175205755636 lb_after=3e-08 ub_after=0.168710866014 elapsed_sec=0.743947
[ATOMCOLOR-PAIR-STEP] phase=local_exact_done depth=1 rows=21706 feature=1 groups=3 lb_before=3e-08 ub_before=0.168710866014 lb_after=3e-08 ub_after=0.168710866014 elapsed_sec=0.014633 stage1_exact=1 stage2_states=2451 max_states=2451
[ATOMCOLOR-PAIR-STEP] phase=greedy_ub_done depth=1 rows=21706 feature=1 groups=3 lb_before=3e-08 ub_before=0.168710866014 lb_after=3e-08 ub_after=0.168710866014 elapsed_sec=0.000932
[ATOMCOLOR-PAIR-STEP] phase=recursive_exact_fail depth=1 rows=21706 feature=1 groups=3 lb_before=3e-08 ub_before=0.168710866014 lb_after=3e-08 ub_after=inf elapsed_sec=0.000148
[ATOMCOLOR-PAIR-ORDER] phase=exactify depth=1 order=12 feature=1 groups=3 L_a=3e-08 U_a=0.168710866014 gap_before=0.158653108249 exact_lb=3e-08 exact_ub=inf survivors_before=13 survivors_after=13 incumbent_before=0.158653138249 incumbent_after=0.158653138249
[ATOMCOLOR-PAIR-PROFILE] phase=exactify depth=1 rows=21706 features_done=13/14 pairs=19 feasible_pairs=19 exactify_calls=12 exactify_feasible=2 exactify_aborted=4 prep_sec=0.034 family_sec=0.080 bounds_sec=0.031 exactify_sec=31.293 incumbent_f=0 incumbent_g=2 incumbent_ub=0.158653138249 node_lb=2e-08 max_ambiguity=0.158653118249 pending_pairs=13 elapsed_sec=40.418
[ATOMCOLOR-PAIR-STEP] phase=greedy_ub_done depth=1 rows=21706 feature=7 groups=2 lb_before=2e-08 ub_before=0.175205745636 lb_after=2e-08 ub_after=0.165999356366 elapsed_sec=0.002788
[ATOMCOLOR-PAIR-STEP] phase=local_exact_done depth=1 rows=21706 feature=7 groups=2 lb_before=2e-08 ub_before=0.165999356366 lb_after=2e-08 ub_after=0.175205745636 elapsed_sec=0.000052 stage1_exact=1 stage2_states=12 max_states=12
[ATOMCOLOR-PAIR-STEP] phase=greedy_ub_done depth=1 rows=21706 feature=7 groups=2 lb_before=2e-08 ub_before=0.175205745636 lb_after=2e-08 ub_after=0.165999356366 elapsed_sec=0.000662
[ATOMCOLOR-PAIR-STEP] phase=recursive_exact_done depth=1 rows=21706 feature=7 groups=2 lb_before=2e-08 ub_before=0.165999356366 lb_after=0.165557962702 ub_after=0.165557962702 elapsed_sec=15.423632
[ATOMCOLOR-PAIR-ORDER] phase=exactify depth=1 order=13 feature=7 groups=2 L_a=2e-08 U_a=0.165999356366 gap_before=0.158653118249 exact_lb=0.165557962702 exact_ub=0.165557962702 survivors_before=13 survivors_after=12 incumbent_before=0.158653138249 incumbent_after=0.158653138249
[ATOMCOLOR-PAIR-PROFILE] phase=exactify depth=1 rows=21706 features_done=13/14 pairs=19 feasible_pairs=19 exactify_calls=13 exactify_feasible=3 exactify_aborted=4 prep_sec=0.034 family_sec=0.080 bounds_sec=0.031 exactify_sec=46.717 incumbent_f=0 incumbent_g=2 incumbent_ub=0.158653138249 node_lb=2e-08 max_ambiguity=0.158653118249 pending_pairs=13 elapsed_sec=55.845
[ATOMCOLOR-PAIR-STEP] phase=greedy_ub_done depth=1 rows=21706 feature=8 groups=2 lb_before=2e-08 ub_before=0.175205745636 lb_after=2e-08 ub_after=0.170003508172 elapsed_sec=0.003078
[ATOMCOLOR-PAIR-STEP] phase=local_exact_done depth=1 rows=21706 feature=8 groups=2 lb_before=2e-08 ub_before=0.170003508172 lb_after=2e-08 ub_after=0.175205745636 elapsed_sec=0.000080 stage1_exact=1 stage2_states=12 max_states=12
[ATOMCOLOR-PAIR-STEP] phase=greedy_ub_done depth=1 rows=21706 feature=8 groups=2 lb_before=2e-08 ub_before=0.175205745636 lb_after=2e-08 ub_after=0.170003508172 elapsed_sec=0.000661
[ATOMCOLOR-PAIR-STEP] phase=recursive_exact_done depth=1 rows=21706 feature=8 groups=2 lb_before=2e-08 ub_before=0.170003508172 lb_after=0.169845884006 ub_after=0.169845884006 elapsed_sec=10.128636
[ATOMCOLOR-PAIR-ORDER] phase=exactify depth=1 order=14 feature=8 groups=2 L_a=2e-08 U_a=0.170003508172 gap_before=0.158653118249 exact_lb=0.169845884006 exact_ub=0.169845884006 survivors_before=12 survivors_after=11 incumbent_before=0.158653138249 incumbent_after=0.158653138249
[ATOMCOLOR-PAIR-PROFILE] phase=exactify depth=1 rows=21706 features_done=13/14 pairs=19 feasible_pairs=19 exactify_calls=14 exactify_feasible=4 exactify_aborted=4 prep_sec=0.034 family_sec=0.080 bounds_sec=0.031 exactify_sec=56.845 incumbent_f=0 incumbent_g=2 incumbent_ub=0.158653138249 node_lb=2e-08 max_ambiguity=0.158653118249 pending_pairs=12 elapsed_sec=65.978
[ATOMCOLOR-PAIR-STEP] phase=greedy_ub_done depth=1 rows=21706 feature=10 groups=2 lb_before=2e-08 ub_before=0.175205745636 lb_after=2e-08 ub_after=0.169057643178 elapsed_sec=0.003086
[ATOMCOLOR-PAIR-STEP] phase=local_exact_done depth=1 rows=21706 feature=10 groups=2 lb_before=2e-08 ub_before=0.169057643178 lb_after=2e-08 ub_after=0.175205745636 elapsed_sec=0.000084 stage1_exact=1 stage2_states=12 max_states=12
[ATOMCOLOR-PAIR-STEP] phase=greedy_ub_done depth=1 rows=21706 feature=10 groups=2 lb_before=2e-08 ub_before=0.175205745636 lb_after=2e-08 ub_after=0.169057643178 elapsed_sec=0.000663
[ATOMCOLOR-PAIR-STEP] phase=recursive_exact_done depth=1 rows=21706 feature=10 groups=2 lb_before=2e-08 ub_before=0.169057643178 lb_after=0.168836951346 ub_after=0.168836951346 elapsed_sec=2.949639
[ATOMCOLOR-PAIR-ORDER] phase=exactify depth=1 order=15 feature=10 groups=2 L_a=2e-08 U_a=0.169057643178 gap_before=0.158653118249 exact_lb=0.168836951346 exact_ub=0.168836951346 survivors_before=11 survivors_after=10 incumbent_before=0.158653138249 incumbent_after=0.158653138249
[ATOMCOLOR-PAIR-PROFILE] phase=exactify depth=1 rows=21706 features_done=13/14 pairs=19 feasible_pairs=19 exactify_calls=15 exactify_feasible=5 exactify_aborted=4 prep_sec=0.034 family_sec=0.080 bounds_sec=0.031 exactify_sec=59.795 incumbent_f=0 incumbent_g=2 incumbent_ub=0.158653138249 node_lb=2e-08 max_ambiguity=0.158653118249 pending_pairs=11 elapsed_sec=68.931
[ATOMCOLOR-PAIR-STEP] phase=greedy_ub_done depth=1 rows=21706 feature=13 groups=2 lb_before=2e-08 ub_before=0.175205745636 lb_after=2e-08 ub_after=0.170476450668 elapsed_sec=0.003067
[ATOMCOLOR-PAIR-STEP] phase=local_exact_done depth=1 rows=21706 feature=13 groups=2 lb_before=2e-08 ub_before=0.170476450668 lb_after=2e-08 ub_after=0.175205745636 elapsed_sec=0.000080 stage1_exact=1 stage2_states=12 max_states=12
[ATOMCOLOR-PAIR-STEP] phase=greedy_ub_done depth=1 rows=21706 feature=13 groups=2 lb_before=2e-08 ub_before=0.175205745636 lb_after=2e-08 ub_after=0.170476450668 elapsed_sec=0.000671
[ATOMCOLOR-PAIR-STEP] phase=recursive_exact_done depth=1 rows=21706 feature=13 groups=2 lb_before=2e-08 ub_before=0.170476450668 lb_after=0.170255758837 ub_after=0.170255758837 elapsed_sec=6.893921
[ATOMCOLOR-PAIR-ORDER] phase=exactify depth=1 order=16 feature=13 groups=2 L_a=2e-08 U_a=0.170476450668 gap_before=0.158653118249 exact_lb=0.170255758837 exact_ub=0.170255758837 survivors_before=10 survivors_after=9 incumbent_before=0.158653138249 incumbent_after=0.158653138249
[ATOMCOLOR-PAIR-PROFILE] phase=exactify depth=1 rows=21706 features_done=13/14 pairs=19 feasible_pairs=19 exactify_calls=16 exactify_feasible=6 exactify_aborted=4 prep_sec=0.034 family_sec=0.080 bounds_sec=0.031 exactify_sec=66.689 incumbent_f=0 incumbent_g=2 incumbent_ub=0.158653138249 node_lb=2e-08 max_ambiguity=0.158653118249 pending_pairs=10 elapsed_sec=75.829
[ATOMCOLOR-PAIR-STEP] phase=greedy_ub_done depth=1 rows=21706 feature=9 groups=2 lb_before=2e-08 ub_before=0.175205745636 lb_after=2e-08 ub_after=0.169530585675 elapsed_sec=0.003094
[ATOMCOLOR-PAIR-STEP] phase=local_exact_done depth=1 rows=21706 feature=9 groups=2 lb_before=2e-08 ub_before=0.169530585675 lb_after=2e-08 ub_after=0.175205745636 elapsed_sec=0.000083 stage1_exact=1 stage2_states=12 max_states=12
[ATOMCOLOR-PAIR-STEP] phase=greedy_ub_done depth=1 rows=21706 feature=9 groups=2 lb_before=2e-08 ub_before=0.175205745636 lb_after=2e-08 ub_after=0.169530585675 elapsed_sec=0.000661
[ATOMCOLOR-PAIR-STEP] phase=recursive_exact_done depth=1 rows=21706 feature=9 groups=2 lb_before=2e-08 ub_before=0.169530585675 lb_after=0.169372951509 ub_after=0.169372951509 elapsed_sec=3.677123
[ATOMCOLOR-PAIR-ORDER] phase=exactify depth=1 order=17 feature=9 groups=2 L_a=2e-08 U_a=0.169530585675 gap_before=0.158653118249 exact_lb=0.169372951509 exact_ub=0.169372951509 survivors_before=9 survivors_after=8 incumbent_before=0.158653138249 incumbent_after=0.158653138249
[ATOMCOLOR-PAIR-PROFILE] phase=exactify depth=1 rows=21706 features_done=13/14 pairs=19 feasible_pairs=19 exactify_calls=17 exactify_feasible=7 exactify_aborted=4 prep_sec=0.034 family_sec=0.080 bounds_sec=0.031 exactify_sec=70.366 incumbent_f=0 incumbent_g=2 incumbent_ub=0.158653138249 node_lb=2e-08 max_ambiguity=0.158653118249 pending_pairs=9 elapsed_sec=79.510
[ATOMCOLOR-PAIR-STEP] phase=greedy_ub_done depth=1 rows=21706 feature=11 groups=2 lb_before=2e-08 ub_before=0.175205745636 lb_after=2e-08 ub_after=0.1706971525 elapsed_sec=0.003113
[ATOMCOLOR-PAIR-STEP] phase=local_exact_done depth=1 rows=21706 feature=11 groups=2 lb_before=2e-08 ub_before=0.1706971525 lb_after=2e-08 ub_after=0.175205745636 elapsed_sec=0.000084 stage1_exact=1 stage2_states=12 max_states=12
[ATOMCOLOR-PAIR-STEP] phase=greedy_ub_done depth=1 rows=21706 feature=11 groups=2 lb_before=2e-08 ub_before=0.175205745636 lb_after=2e-08 ub_after=0.1706971525 elapsed_sec=0.000664
[ATOMCOLOR-PAIR-STEP] phase=recursive_exact_done depth=1 rows=21706 feature=11 groups=2 lb_before=2e-08 ub_before=0.1706971525 lb_after=0.170318816503 ub_after=0.170318816503 elapsed_sec=2.822894
[ATOMCOLOR-PAIR-ORDER] phase=exactify depth=1 order=18 feature=11 groups=2 L_a=2e-08 U_a=0.1706971525 gap_before=0.158653118249 exact_lb=0.170318816503 exact_ub=0.170318816503 survivors_before=8 survivors_after=7 incumbent_before=0.158653138249 incumbent_after=0.158653138249
[ATOMCOLOR-PAIR-PROFILE] phase=exactify depth=1 rows=21706 features_done=13/14 pairs=19 feasible_pairs=19 exactify_calls=18 exactify_feasible=8 exactify_aborted=4 prep_sec=0.034 family_sec=0.080 bounds_sec=0.031 exactify_sec=73.189 incumbent_f=0 incumbent_g=2 incumbent_ub=0.158653138249 node_lb=2e-08 max_ambiguity=0.158653118249 pending_pairs=8 elapsed_sec=82.337
[ATOMCOLOR-PAIR-STEP] phase=greedy_ub_done depth=1 rows=21706 feature=12 groups=2 lb_before=2e-08 ub_before=0.175205745636 lb_after=2e-08 ub_after=0.1706971425 elapsed_sec=0.003061
[ATOMCOLOR-PAIR-STEP] phase=local_exact_done depth=1 rows=21706 feature=12 groups=2 lb_before=2e-08 ub_before=0.1706971425 lb_after=2e-08 ub_after=0.175205745636 elapsed_sec=0.000075 stage1_exact=1 stage2_states=12 max_states=12
[ATOMCOLOR-PAIR-STEP] phase=greedy_ub_done depth=1 rows=21706 feature=12 groups=2 lb_before=2e-08 ub_before=0.175205745636 lb_after=2e-08 ub_after=0.1706971425 elapsed_sec=0.000662
[ATOMCOLOR-PAIR-STEP] phase=recursive_exact_done depth=1 rows=21706 feature=12 groups=2 lb_before=2e-08 ub_before=0.1706971425 lb_after=0.170476450668 ub_after=0.170476450668 elapsed_sec=3.645213
[ATOMCOLOR-PAIR-ORDER] phase=exactify depth=1 order=19 feature=12 groups=2 L_a=2e-08 U_a=0.1706971425 gap_before=0.158653118249 exact_lb=0.170476450668 exact_ub=0.170476450668 survivors_before=7 survivors_after=6 incumbent_before=0.158653138249 incumbent_after=0.158653138249
[ATOMCOLOR-PAIR-PROFILE] phase=exactify depth=1 rows=21706 features_done=13/14 pairs=19 feasible_pairs=19 exactify_calls=19 exactify_feasible=9 exactify_aborted=4 prep_sec=0.034 family_sec=0.080 bounds_sec=0.031 exactify_sec=76.835 incumbent_f=0 incumbent_g=2 incumbent_ub=0.158653138249 node_lb=2e-08 max_ambiguity=0.158653118249 pending_pairs=7 elapsed_sec=85.986
[ATOMCOLOR-PAIR-PROFILE] phase=done depth=1 rows=21706 features_done=13/14 pairs=19 feasible_pairs=19 exactify_calls=19 exactify_feasible=9 exactify_aborted=4 prep_sec=0.034 family_sec=0.080 bounds_sec=0.031 exactify_sec=76.835 incumbent_f=0 incumbent_g=2 incumbent_ub=0.158653138249 node_lb=3e-08 max_ambiguity=0 pending_pairs=6 elapsed_sec=85.986
[ATOMCOLOR-PAIR-PROFILE] phase=start depth=1 rows=10011 features_done=0/14 pairs=0 feasible_pairs=0 exactify_calls=0 exactify_feasible=0 exactify_aborted=0 prep_sec=0.000 family_sec=0.000 bounds_sec=0.000 exactify_sec=0.000 incumbent_f=-1 incumbent_g=-1 incumbent_ub=inf node_lb=inf max_ambiguity=inf pending_pairs=0 elapsed_sec=0.000
[ATOMCOLOR-PAIR-DETAIL] phase=prep_start depth=1 feature=0 rows=10011 atoms=0 groups=0 elapsed_sec=0.000
[ATOMCOLOR-PAIR-DETAIL] phase=prep_done depth=1 feature=0 rows=10011 atoms=0 groups=0 elapsed_sec=0.003
[ATOMCOLOR-PAIR-DETAIL] phase=family_dict_done depth=1 feature=0 rows=10011 atoms=32 groups=0 elapsed_sec=0.010
[ATOMCOLOR-PAIR-DETAIL] phase=family_group_done depth=1 feature=0 rows=10011 atoms=32 groups=2 elapsed_sec=0.001 stage2_skipped=0
[ATOMCOLOR-PAIR-DETAIL] phase=family_group_done depth=1 feature=0 rows=10011 atoms=32 groups=3 elapsed_sec=0.003 stage2_skipped=0
[ATOMCOLOR-PAIR-DETAIL] phase=prep_start depth=1 feature=1 rows=10011 atoms=0 groups=0 elapsed_sec=0.000
[ATOMCOLOR-PAIR-DETAIL] phase=prep_done depth=1 feature=1 rows=10011 atoms=0 groups=0 elapsed_sec=0.001
[ATOMCOLOR-PAIR-DETAIL] phase=family_dict_done depth=1 feature=1 rows=10011 atoms=32 groups=0 elapsed_sec=0.000
[ATOMCOLOR-PAIR-DETAIL] phase=family_group_done depth=1 feature=1 rows=10011 atoms=32 groups=2 elapsed_sec=0.001 stage2_skipped=0
[ATOMCOLOR-PAIR-DETAIL] phase=family_group_done depth=1 feature=1 rows=10011 atoms=32 groups=3 elapsed_sec=0.003 stage2_skipped=0
[ATOMCOLOR-PAIR-DETAIL] phase=prep_start depth=1 feature=2 rows=10011 atoms=0 groups=0 elapsed_sec=0.000
[ATOMCOLOR-PAIR-DETAIL] phase=prep_done depth=1 feature=2 rows=10011 atoms=0 groups=0 elapsed_sec=0.002
[ATOMCOLOR-PAIR-DETAIL] phase=family_dict_done depth=1 feature=2 rows=10011 atoms=30 groups=0 elapsed_sec=0.003
[ATOMCOLOR-PAIR-DETAIL] phase=family_group_done depth=1 feature=2 rows=10011 atoms=30 groups=2 elapsed_sec=0.001 stage2_skipped=0
[ATOMCOLOR-PAIR-DETAIL] phase=family_group_done depth=1 feature=2 rows=10011 atoms=30 groups=3 elapsed_sec=0.003 stage2_skipped=0
[ATOMCOLOR-PAIR-DETAIL] phase=prep_start depth=1 feature=3 rows=10011 atoms=0 groups=0 elapsed_sec=0.000
[ATOMCOLOR-PAIR-DETAIL] phase=prep_done depth=1 feature=3 rows=10011 atoms=0 groups=0 elapsed_sec=0.002
[ATOMCOLOR-PAIR-DETAIL] phase=family_dict_done depth=1 feature=3 rows=10011 atoms=32 groups=0 elapsed_sec=0.011
[ATOMCOLOR-PAIR-DETAIL] phase=family_group_done depth=1 feature=3 rows=10011 atoms=32 groups=2 elapsed_sec=0.001 stage2_skipped=0
[ATOMCOLOR-PAIR-DETAIL] phase=family_group_done depth=1 feature=3 rows=10011 atoms=32 groups=3 elapsed_sec=0.003 stage2_skipped=0
[ATOMCOLOR-PAIR-DETAIL] phase=prep_start depth=1 feature=4 rows=10011 atoms=0 groups=0 elapsed_sec=0.000
[ATOMCOLOR-PAIR-DETAIL] phase=prep_done depth=1 feature=4 rows=10011 atoms=0 groups=0 elapsed_sec=0.002
[ATOMCOLOR-PAIR-DETAIL] phase=family_dict_done depth=1 feature=4 rows=10011 atoms=32 groups=0 elapsed_sec=0.010
[ATOMCOLOR-PAIR-DETAIL] phase=family_group_done depth=1 feature=4 rows=10011 atoms=32 groups=2 elapsed_sec=0.003 stage2_skipped=0
[ATOMCOLOR-PAIR-DETAIL] phase=family_group_done depth=1 feature=4 rows=10011 atoms=32 groups=3 elapsed_sec=0.026 stage2_skipped=0
[ATOMCOLOR-PAIR-DETAIL] phase=prep_start depth=1 feature=5 rows=10011 atoms=0 groups=0 elapsed_sec=0.000
[ATOMCOLOR-PAIR-DETAIL] phase=prep_done depth=1 feature=5 rows=10011 atoms=0 groups=0 elapsed_sec=0.002
[ATOMCOLOR-PAIR-DETAIL] phase=family_dict_done depth=1 feature=5 rows=10011 atoms=30 groups=0 elapsed_sec=0.010
[ATOMCOLOR-PAIR-DETAIL] phase=family_group_done depth=1 feature=5 rows=10011 atoms=30 groups=2 elapsed_sec=0.002 stage2_skipped=0
[ATOMCOLOR-PAIR-DETAIL] phase=family_group_done depth=1 feature=5 rows=10011 atoms=30 groups=3 elapsed_sec=0.014 stage2_skipped=0
[ATOMCOLOR-PAIR-DETAIL] phase=prep_start depth=1 feature=6 rows=10011 atoms=0 groups=0 elapsed_sec=0.000
[ATOMCOLOR-PAIR-DETAIL] phase=prep_done depth=1 feature=6 rows=10011 atoms=0 groups=0 elapsed_sec=0.002
[ATOMCOLOR-PAIR-DETAIL] phase=family_dict_done depth=1 feature=6 rows=10011 atoms=32 groups=0 elapsed_sec=0.010
[ATOMCOLOR-PAIR-DETAIL] phase=family_group_done depth=1 feature=6 rows=10011 atoms=32 groups=2 elapsed_sec=0.001 stage2_skipped=0
[ATOMCOLOR-PAIR-DETAIL] phase=family_group_done depth=1 feature=6 rows=10011 atoms=32 groups=3 elapsed_sec=0.004 stage2_skipped=0
[ATOMCOLOR-PAIR-DETAIL] phase=prep_start depth=1 feature=7 rows=10011 atoms=0 groups=0 elapsed_sec=0.000
[ATOMCOLOR-PAIR-DETAIL] phase=prep_done depth=1 feature=7 rows=10011 atoms=0 groups=0 elapsed_sec=0.001
[ATOMCOLOR-PAIR-DETAIL] phase=family_dict_done depth=1 feature=7 rows=10011 atoms=2 groups=0 elapsed_sec=0.000
[ATOMCOLOR-PAIR-DETAIL] phase=family_group_done depth=1 feature=7 rows=10011 atoms=2 groups=2 elapsed_sec=0.000 stage2_skipped=0
[ATOMCOLOR-PAIR-DETAIL] phase=prep_start depth=1 feature=8 rows=10011 atoms=0 groups=0 elapsed_sec=0.000
[ATOMCOLOR-PAIR-DETAIL] phase=prep_done depth=1 feature=8 rows=10011 atoms=0 groups=0 elapsed_sec=0.001
[ATOMCOLOR-PAIR-DETAIL] phase=family_dict_done depth=1 feature=8 rows=10011 atoms=2 groups=0 elapsed_sec=0.000
[ATOMCOLOR-PAIR-DETAIL] phase=family_group_done depth=1 feature=8 rows=10011 atoms=2 groups=2 elapsed_sec=0.000 stage2_skipped=0
[ATOMCOLOR-PAIR-DETAIL] phase=prep_start depth=1 feature=9 rows=10011 atoms=0 groups=0 elapsed_sec=0.000
[ATOMCOLOR-PAIR-DETAIL] phase=prep_done depth=1 feature=9 rows=10011 atoms=0 groups=0 elapsed_sec=0.001
[ATOMCOLOR-PAIR-DETAIL] phase=family_dict_done depth=1 feature=9 rows=10011 atoms=2 groups=0 elapsed_sec=0.000
[ATOMCOLOR-PAIR-DETAIL] phase=family_group_done depth=1 feature=9 rows=10011 atoms=2 groups=2 elapsed_sec=0.000 stage2_skipped=0
[ATOMCOLOR-PAIR-DETAIL] phase=prep_start depth=1 feature=10 rows=10011 atoms=0 groups=0 elapsed_sec=0.000
[ATOMCOLOR-PAIR-DETAIL] phase=prep_done depth=1 feature=10 rows=10011 atoms=0 groups=0 elapsed_sec=0.001
[ATOMCOLOR-PAIR-DETAIL] phase=family_dict_done depth=1 feature=10 rows=10011 atoms=2 groups=0 elapsed_sec=0.000
[ATOMCOLOR-PAIR-DETAIL] phase=family_group_done depth=1 feature=10 rows=10011 atoms=2 groups=2 elapsed_sec=0.000 stage2_skipped=0
[ATOMCOLOR-PAIR-DETAIL] phase=prep_start depth=1 feature=11 rows=10011 atoms=0 groups=0 elapsed_sec=0.000
[ATOMCOLOR-PAIR-DETAIL] phase=prep_done depth=1 feature=11 rows=10011 atoms=0 groups=0 elapsed_sec=0.001
[ATOMCOLOR-PAIR-DETAIL] phase=family_dict_done depth=1 feature=11 rows=10011 atoms=2 groups=0 elapsed_sec=0.000
[ATOMCOLOR-PAIR-DETAIL] phase=family_group_done depth=1 feature=11 rows=10011 atoms=2 groups=2 elapsed_sec=0.000 stage2_skipped=0
[ATOMCOLOR-PAIR-DETAIL] phase=prep_start depth=1 feature=12 rows=10011 atoms=0 groups=0 elapsed_sec=0.000
[ATOMCOLOR-PAIR-DETAIL] phase=prep_done depth=1 feature=12 rows=10011 atoms=0 groups=0 elapsed_sec=0.001
[ATOMCOLOR-PAIR-DETAIL] phase=family_dict_done depth=1 feature=12 rows=10011 atoms=2 groups=0 elapsed_sec=0.000
[ATOMCOLOR-PAIR-DETAIL] phase=family_group_done depth=1 feature=12 rows=10011 atoms=2 groups=2 elapsed_sec=0.000 stage2_skipped=0
[ATOMCOLOR-PAIR-DETAIL] phase=prep_start depth=1 feature=13 rows=10011 atoms=0 groups=0 elapsed_sec=0.000
[ATOMCOLOR-PAIR-DETAIL] phase=prep_done depth=1 feature=13 rows=10011 atoms=0 groups=0 elapsed_sec=0.001
[ATOMCOLOR-PAIR-DETAIL] phase=family_dict_done depth=1 feature=13 rows=10011 atoms=2 groups=0 elapsed_sec=0.000
[ATOMCOLOR-PAIR-DETAIL] phase=family_group_done depth=1 feature=13 rows=10011 atoms=2 groups=2 elapsed_sec=0.000 stage2_skipped=0
[ATOMCOLOR-PAIR-PROFILE] phase=broad_done depth=1 rows=10011 features_done=14/14 pairs=21 feasible_pairs=21 exactify_calls=0 exactify_feasible=0 exactify_aborted=0 prep_sec=0.023 family_sec=0.123 bounds_sec=0.019 exactify_sec=0.000 incumbent_f=-1 incumbent_g=-1 incumbent_ub=inf node_lb=inf max_ambiguity=inf pending_pairs=21 elapsed_sec=0.188
[ATOMCOLOR-PAIR-STEP] phase=greedy_ub_done depth=1 rows=10011 feature=1 groups=2 lb_before=2e-08 ub_before=0.0609137255838 lb_after=2e-08 ub_after=0.0598417852578 elapsed_sec=0.342842
[ATOMCOLOR-PAIR-STEP] phase=local_exact_done depth=1 rows=10011 feature=1 groups=2 lb_before=2e-08 ub_before=0.0598417852578 lb_after=2e-08 ub_after=0.0609137255838 elapsed_sec=0.000395 stage1_exact=1 stage2_states=71 max_states=71
[ATOMCOLOR-PAIR-STEP] phase=greedy_ub_done depth=1 rows=10011 feature=1 groups=2 lb_before=2e-08 ub_before=0.0609137255838 lb_after=2e-08 ub_after=0.0598417852578 elapsed_sec=0.000315
[ATOMCOLOR-PAIR-STEP] phase=recursive_exact_done depth=1 rows=10011 feature=1 groups=2 lb_before=2e-08 ub_before=0.0598417852578 lb_after=0.0598417852578 ub_after=0.0598417852578 elapsed_sec=1.218584
[ATOMCOLOR-PAIR-ORDER] phase=incumbent depth=1 order=1 feature=1 groups=2 L_a=2e-08 U_a=0.0598417852578 gap_before=inf exact_lb=0.0598417852578 exact_ub=0.0598417852578 survivors_before=21 survivors_after=20 incumbent_before=inf incumbent_after=0.0598417852578
[ATOMCOLOR-PAIR-STEP] phase=greedy_ub_done depth=1 rows=10011 feature=1 groups=3 lb_before=3e-08 ub_before=0.0609137355838 lb_after=3e-08 ub_after=0.0594004115941 elapsed_sec=0.341283
[ATOMCOLOR-PAIR-STEP] phase=local_exact_done depth=1 rows=10011 feature=1 groups=3 lb_before=3e-08 ub_before=0.0594004115941 lb_after=3e-08 ub_after=0.0594004115941 elapsed_sec=0.017927 stage1_exact=1 stage2_states=3184 max_states=3184
[ATOMCOLOR-PAIR-STEP] phase=greedy_ub_done depth=1 rows=10011 feature=1 groups=3 lb_before=3e-08 ub_before=0.0594004115941 lb_after=3e-08 ub_after=0.0594004115941 elapsed_sec=0.000803
[ATOMCOLOR-PAIR-STEP] phase=recursive_exact_fail depth=1 rows=10011 feature=1 groups=3 lb_before=3e-08 ub_before=0.0594004115941 lb_after=3e-08 ub_after=inf elapsed_sec=0.000221
[ATOMCOLOR-PAIR-ORDER] phase=exactify depth=1 order=2 feature=1 groups=3 L_a=3e-08 U_a=0.0594004115941 gap_before=0.0598417552578 exact_lb=3e-08 exact_ub=inf survivors_before=20 survivors_after=20 incumbent_before=0.0598417852578 incumbent_after=0.0598417852578
[ATOMCOLOR-PAIR-PROFILE] phase=exactify depth=1 rows=10011 features_done=14/14 pairs=21 feasible_pairs=21 exactify_calls=2 exactify_feasible=1 exactify_aborted=0 prep_sec=0.023 family_sec=0.123 bounds_sec=0.019 exactify_sec=1.237 incumbent_f=1 incumbent_g=2 incumbent_ub=0.0598417852578 node_lb=2e-08 max_ambiguity=0.0598417652578 pending_pairs=20 elapsed_sec=2.110
[ATOMCOLOR-PAIR-STEP] phase=greedy_ub_done depth=1 rows=10011 feature=3 groups=2 lb_before=2e-08 ub_before=0.0621748789085 lb_after=2e-08 ub_after=0.0600624870896 elapsed_sec=0.333436
[ATOMCOLOR-PAIR-STEP] phase=local_exact_done depth=1 rows=10011 feature=3 groups=2 lb_before=2e-08 ub_before=0.0600624870896 lb_after=2e-08 ub_after=0.0621748789085 elapsed_sec=0.002280 stage1_exact=1 stage2_states=146 max_states=146
[ATOMCOLOR-PAIR-STEP] phase=greedy_ub_done depth=1 rows=10011 feature=3 groups=2 lb_before=2e-08 ub_before=0.0621748789085 lb_after=2e-08 ub_after=0.0600624870896 elapsed_sec=0.332098
[ATOMCOLOR-PAIR-STEP] phase=recursive_exact_done depth=1 rows=10011 feature=3 groups=2 lb_before=2e-08 ub_before=0.0600624870896 lb_after=0.0600624870896 ub_after=0.0600624870896 elapsed_sec=0.954566
[ATOMCOLOR-PAIR-ORDER] phase=exactify depth=1 order=3 feature=3 groups=2 L_a=2e-08 U_a=0.0600624870896 gap_before=0.0598417652578 exact_lb=0.0600624870896 exact_ub=0.0600624870896 survivors_before=20 survivors_after=19 incumbent_before=0.0598417852578 incumbent_after=0.0598417852578
[ATOMCOLOR-PAIR-PROFILE] phase=exactify depth=1 rows=10011 features_done=14/14 pairs=21 feasible_pairs=21 exactify_calls=3 exactify_feasible=2 exactify_aborted=0 prep_sec=0.023 family_sec=0.123 bounds_sec=0.019 exactify_sec=2.194 incumbent_f=1 incumbent_g=2 incumbent_ub=0.0598417852578 node_lb=2e-08 max_ambiguity=0.0598417652578 pending_pairs=20 elapsed_sec=3.733
[ATOMCOLOR-PAIR-STEP] phase=greedy_ub_done depth=1 rows=10011 feature=3 groups=3 lb_before=3e-08 ub_before=0.0621748889085 lb_after=3e-08 ub_after=0.0598102864246 elapsed_sec=0.306142
[ATOMCOLOR-PAIR-STEP] phase=local_exact_done depth=1 rows=10011 feature=3 groups=3 lb_before=3e-08 ub_before=0.0598102864246 lb_after=3e-08 ub_after=0.0621748889085 elapsed_sec=0.008387 stage1_exact=1 stage2_states=1097 max_states=1097
[ATOMCOLOR-PAIR-STEP] phase=greedy_ub_done depth=1 rows=10011 feature=3 groups=3 lb_before=3e-08 ub_before=0.0621748889085 lb_after=3e-08 ub_after=0.0595265269266 elapsed_sec=0.288400
[ATOMCOLOR-PAIR-STEP] phase=recursive_exact_done depth=1 rows=10011 feature=3 groups=3 lb_before=3e-08 ub_before=0.0595265269266 lb_after=0.0595265269266 ub_after=0.0595265269266 elapsed_sec=2.386974
[ATOMCOLOR-PAIR-ORDER] phase=exactify depth=1 order=4 feature=3 groups=3 L_a=3e-08 U_a=0.0595265269266 gap_before=0.0598417552578 exact_lb=0.0595265269266 exact_ub=0.0595265269266 survivors_before=19 survivors_after=18 incumbent_before=0.0598417852578 incumbent_after=0.0595265269266
[ATOMCOLOR-PAIR-PROFILE] phase=exactify depth=1 rows=10011 features_done=14/14 pairs=21 feasible_pairs=21 exactify_calls=4 exactify_feasible=3 exactify_aborted=0 prep_sec=0.023 family_sec=0.123 bounds_sec=0.019 exactify_sec=4.589 incumbent_f=3 incumbent_g=3 incumbent_ub=0.0595265269266 node_lb=2e-08 max_ambiguity=0.0598417652578 pending_pairs=19 elapsed_sec=6.723
[ATOMCOLOR-PAIR-STEP] phase=greedy_ub_done depth=1 rows=10011 feature=0 groups=2 lb_before=2e-08 ub_before=0.0648548297235 lb_after=2e-08 ub_after=0.0589589679305 elapsed_sec=0.305170
[ATOMCOLOR-PAIR-STEP] phase=local_exact_done depth=1 rows=10011 feature=0 groups=2 lb_before=2e-08 ub_before=0.0589589679305 lb_after=2e-08 ub_after=0.0648548297235 elapsed_sec=0.000499 stage1_exact=1 stage2_states=84 max_states=84
[ATOMCOLOR-PAIR-STEP] phase=greedy_ub_done depth=1 rows=10011 feature=0 groups=2 lb_before=2e-08 ub_before=0.0648548297235 lb_after=2e-08 ub_after=0.0589589679305 elapsed_sec=0.000316
[ATOMCOLOR-PAIR-STEP] phase=recursive_exact_done depth=1 rows=10011 feature=0 groups=2 lb_before=2e-08 ub_before=0.0589589679305 lb_after=0.0589589679305 ub_after=0.0589589679305 elapsed_sec=0.646174
[ATOMCOLOR-PAIR-ORDER] phase=exactify depth=1 order=5 feature=0 groups=2 L_a=2e-08 U_a=0.0589589679305 gap_before=0.0595265069266 exact_lb=0.0589589679305 exact_ub=0.0589589679305 survivors_before=18 survivors_after=17 incumbent_before=0.0595265269266 incumbent_after=0.0589589679305
[ATOMCOLOR-PAIR-PROFILE] phase=exactify depth=1 rows=10011 features_done=14/14 pairs=21 feasible_pairs=21 exactify_calls=5 exactify_feasible=4 exactify_aborted=0 prep_sec=0.023 family_sec=0.123 bounds_sec=0.019 exactify_sec=5.236 incumbent_f=0 incumbent_g=2 incumbent_ub=0.0589589679305 node_lb=2e-08 max_ambiguity=0.0595265069266 pending_pairs=18 elapsed_sec=7.675
[ATOMCOLOR-PAIR-STEP] phase=greedy_ub_done depth=1 rows=10011 feature=0 groups=3 lb_before=3e-08 ub_before=0.0648548397235 lb_after=3e-08 ub_after=0.0583284112681 elapsed_sec=0.356194
[ATOMCOLOR-PAIR-STEP] phase=local_exact_done depth=1 rows=10011 feature=0 groups=3 lb_before=3e-08 ub_before=0.0583284112681 lb_after=3e-08 ub_after=0.0583284112681 elapsed_sec=0.010614 stage1_exact=1 stage2_states=1567 max_states=1567
[ATOMCOLOR-PAIR-STEP] phase=greedy_ub_done depth=1 rows=10011 feature=0 groups=3 lb_before=3e-08 ub_before=0.0583284112681 lb_after=3e-08 ub_after=0.0583284112681 elapsed_sec=0.000824
[ATOMCOLOR-PAIR-STEP] phase=recursive_exact_fail depth=1 rows=10011 feature=0 groups=3 lb_before=3e-08 ub_before=0.0583284112681 lb_after=3e-08 ub_after=inf elapsed_sec=0.000218
[ATOMCOLOR-PAIR-ORDER] phase=exactify depth=1 order=6 feature=0 groups=3 L_a=3e-08 U_a=0.0583284112681 gap_before=0.0589589379305 exact_lb=3e-08 exact_ub=inf survivors_before=17 survivors_after=17 incumbent_before=0.0589589679305 incumbent_after=0.0589589679305
[ATOMCOLOR-PAIR-PROFILE] phase=exactify depth=1 rows=10011 features_done=14/14 pairs=21 feasible_pairs=21 exactify_calls=6 exactify_feasible=4 exactify_aborted=0 prep_sec=0.023 family_sec=0.123 bounds_sec=0.019 exactify_sec=5.247 incumbent_f=0 incumbent_g=2 incumbent_ub=0.0589589679305 node_lb=2e-08 max_ambiguity=0.0589589479305 pending_pairs=17 elapsed_sec=8.043
[ATOMCOLOR-PAIR-STEP] phase=greedy_ub_done depth=1 rows=10011 feature=4 groups=2 lb_before=2e-08 ub_before=0.0656745793846 lb_after=2e-08 ub_after=0.0656745793846 elapsed_sec=0.364661
[ATOMCOLOR-PAIR-STEP] phase=local_exact_done depth=1 rows=10011 feature=4 groups=2 lb_before=2e-08 ub_before=0.0656745793846 lb_after=2e-08 ub_after=0.0656745793846 elapsed_sec=0.003777 stage1_exact=1 stage2_states=398 max_states=398
[ATOMCOLOR-PAIR-STEP] phase=greedy_ub_done depth=1 rows=10011 feature=4 groups=2 lb_before=2e-08 ub_before=0.0656745793846 lb_after=2e-08 ub_after=0.0656745793846 elapsed_sec=0.364245
[ATOMCOLOR-PAIR-STEP] phase=recursive_exact_aborted depth=1 rows=10011 feature=4 groups=2 lb_before=2e-08 ub_before=0.0656745793846 lb_after=0.0597787075915 ub_after=inf elapsed_sec=0.199171
[ATOMCOLOR-PAIR-ORDER] phase=exactify depth=1 order=7 feature=4 groups=2 L_a=2e-08 U_a=0.0656745793846 gap_before=0.0589589479305 exact_lb=0.0597787075915 exact_ub=inf survivors_before=17 survivors_after=16 incumbent_before=0.0589589679305 incumbent_after=0.0589589679305
[ATOMCOLOR-PAIR-PROFILE] phase=exactify depth=1 rows=10011 features_done=14/14 pairs=21 feasible_pairs=21 exactify_calls=7 exactify_feasible=4 exactify_aborted=1 prep_sec=0.023 family_sec=0.123 bounds_sec=0.019 exactify_sec=5.450 incumbent_f=0 incumbent_g=2 incumbent_ub=0.0589589679305 node_lb=2e-08 max_ambiguity=0.0589589479305 pending_pairs=17 elapsed_sec=8.975
[ATOMCOLOR-PAIR-STEP] phase=greedy_ub_done depth=1 rows=10011 feature=4 groups=3 lb_before=3e-08 ub_before=0.0656745893846 lb_after=3e-08 ub_after=0.0599994394234 elapsed_sec=0.312999
[ATOMCOLOR-PAIR-STEP] phase=local_exact_done depth=1 rows=10011 feature=4 groups=3 lb_before=3e-08 ub_before=0.0599994394234 lb_after=3e-08 ub_after=0.0599994394234 elapsed_sec=0.029620 stage1_exact=1 stage2_states=4804 max_states=4804
[ATOMCOLOR-PAIR-STEP] phase=greedy_ub_done depth=1 rows=10011 feature=4 groups=3 lb_before=3e-08 ub_before=0.0599994394234 lb_after=3e-08 ub_after=0.0599994394234 elapsed_sec=0.000812
[ATOMCOLOR-PAIR-STEP] phase=recursive_exact_fail depth=1 rows=10011 feature=4 groups=3 lb_before=3e-08 ub_before=0.0599994394234 lb_after=3e-08 ub_after=inf elapsed_sec=0.000217
[ATOMCOLOR-PAIR-ORDER] phase=exactify depth=1 order=8 feature=4 groups=3 L_a=3e-08 U_a=0.0599994394234 gap_before=0.0589589379305 exact_lb=3e-08 exact_ub=inf survivors_before=16 survivors_after=16 incumbent_before=0.0589589679305 incumbent_after=0.0589589679305
[ATOMCOLOR-PAIR-PROFILE] phase=exactify depth=1 rows=10011 features_done=14/14 pairs=21 feasible_pairs=21 exactify_calls=8 exactify_feasible=4 exactify_aborted=1 prep_sec=0.023 family_sec=0.123 bounds_sec=0.019 exactify_sec=5.480 incumbent_f=0 incumbent_g=2 incumbent_ub=0.0589589679305 node_lb=2e-08 max_ambiguity=0.0589589479305 pending_pairs=16 elapsed_sec=9.319
[ATOMCOLOR-PAIR-STEP] phase=greedy_ub_done depth=1 rows=10011 feature=5 groups=2 lb_before=6.30776662358e-05 ub_before=0.0661790407145 lb_after=6.30776662358e-05 ub_after=0.0661790407145 elapsed_sec=0.336372
[ATOMCOLOR-PAIR-STEP] phase=local_exact_done depth=1 rows=10011 feature=5 groups=2 lb_before=6.30776662358e-05 ub_before=0.0661790407145 lb_after=0.000126135332472 ub_after=0.0661790407145 elapsed_sec=0.002949 stage1_exact=1 stage2_states=313 max_states=313
[ATOMCOLOR-PAIR-STEP] phase=greedy_ub_done depth=1 rows=10011 feature=6 groups=2 lb_before=9.46064993537e-05 ub_before=0.0661790407145 lb_after=9.46064993537e-05 ub_after=0.0661790407145 elapsed_sec=0.264974
[ATOMCOLOR-PAIR-STEP] phase=local_exact_done depth=1 rows=10011 feature=6 groups=2 lb_before=9.46064993537e-05 ub_before=0.0661790407145 lb_after=2e-08 ub_after=0.0661790407145 elapsed_sec=0.002449 stage1_exact=1 stage2_states=192 max_states=192
[ATOMCOLOR-PAIR-STEP] phase=greedy_ub_done depth=1 rows=10011 feature=6 groups=2 lb_before=2e-08 ub_before=0.0661790407145 lb_after=2e-08 ub_after=0.0661790407145 elapsed_sec=0.265013
[ATOMCOLOR-PAIR-STEP] phase=recursive_exact_aborted depth=1 rows=10011 feature=6 groups=2 lb_before=2e-08 ub_before=0.0661790407145 lb_after=0.0604723419201 ub_after=inf elapsed_sec=0.752029
[ATOMCOLOR-PAIR-ORDER] phase=exactify depth=1 order=9 feature=6 groups=2 L_a=2e-08 U_a=0.0661790407145 gap_before=0.0589589479305 exact_lb=0.0604723419201 exact_ub=inf survivors_before=16 survivors_after=15 incumbent_before=0.0589589679305 incumbent_after=0.0589589679305
[ATOMCOLOR-PAIR-PROFILE] phase=exactify depth=1 rows=10011 features_done=14/14 pairs=21 feasible_pairs=21 exactify_calls=9 exactify_feasible=4 exactify_aborted=2 prep_sec=0.023 family_sec=0.123 bounds_sec=0.019 exactify_sec=6.237 incumbent_f=0 incumbent_g=2 incumbent_ub=0.0589589679305 node_lb=2e-08 max_ambiguity=0.0589589479305 pending_pairs=16 elapsed_sec=10.943
[ATOMCOLOR-PAIR-STEP] phase=greedy_ub_done depth=1 rows=10011 feature=5 groups=2 lb_before=0.000126135332472 ub_before=0.0661790407145 lb_after=0.000126135332472 ub_after=0.0661790407145 elapsed_sec=0.337636
[ATOMCOLOR-PAIR-STEP] phase=recursive_exact_aborted depth=1 rows=10011 feature=5 groups=2 lb_before=0.000126135332472 ub_before=0.0661790407145 lb_after=0.0606615149188 ub_after=inf elapsed_sec=0.685060
[ATOMCOLOR-PAIR-ORDER] phase=exactify depth=1 order=10 feature=5 groups=2 L_a=0.000126135332472 U_a=0.0661790407145 gap_before=0.058832832598 exact_lb=0.0606615149188 exact_ub=inf survivors_before=15 survivors_after=14 incumbent_before=0.0589589679305 incumbent_after=0.0589589679305
[ATOMCOLOR-PAIR-PROFILE] phase=exactify depth=1 rows=10011 features_done=14/14 pairs=21 feasible_pairs=21 exactify_calls=10 exactify_feasible=4 exactify_aborted=3 prep_sec=0.023 family_sec=0.123 bounds_sec=0.019 exactify_sec=6.922 incumbent_f=0 incumbent_g=2 incumbent_ub=0.0589589679305 node_lb=2e-08 max_ambiguity=0.0589589479305 pending_pairs=15 elapsed_sec=11.966
[ATOMCOLOR-PAIR-STEP] phase=greedy_ub_done depth=1 rows=10011 feature=5 groups=3 lb_before=6.30876662358e-05 ub_before=0.0661790507145 lb_after=6.30876662358e-05 ub_after=0.0605354295864 elapsed_sec=0.340048
[ATOMCOLOR-PAIR-STEP] phase=local_exact_done depth=1 rows=10011 feature=5 groups=3 lb_before=6.30876662358e-05 ub_before=0.0605354295864 lb_after=6.30876662358e-05 ub_after=0.0605354295864 elapsed_sec=0.031695 stage1_exact=1 stage2_states=8135 max_states=8135
[ATOMCOLOR-PAIR-STEP] phase=greedy_ub_done depth=1 rows=10011 feature=5 groups=3 lb_before=6.30876662358e-05 ub_before=0.0605354295864 lb_after=6.30876662358e-05 ub_after=0.0605354295864 elapsed_sec=0.000834
[ATOMCOLOR-PAIR-STEP] phase=recursive_exact_fail depth=1 rows=10011 feature=5 groups=3 lb_before=6.30876662358e-05 ub_before=0.0605354295864 lb_after=6.30876662358e-05 ub_after=inf elapsed_sec=0.000228
[ATOMCOLOR-PAIR-ORDER] phase=exactify depth=1 order=11 feature=5 groups=3 L_a=6.30876662358e-05 U_a=0.0605354295864 gap_before=0.0588958802642 exact_lb=6.30876662358e-05 exact_ub=inf survivors_before=14 survivors_after=14 incumbent_before=0.0589589679305 incumbent_after=0.0589589679305
[ATOMCOLOR-PAIR-PROFILE] phase=exactify depth=1 rows=10011 features_done=14/14 pairs=21 feasible_pairs=21 exactify_calls=11 exactify_feasible=4 exactify_aborted=3 prep_sec=0.023 family_sec=0.123 bounds_sec=0.019 exactify_sec=6.954 incumbent_f=0 incumbent_g=2 incumbent_ub=0.0589589679305 node_lb=2e-08 max_ambiguity=0.0589589479305 pending_pairs=14 elapsed_sec=12.338
[ATOMCOLOR-PAIR-STEP] phase=greedy_ub_done depth=1 rows=10011 feature=6 groups=3 lb_before=9.46164993537e-05 ub_before=0.0661790507145 lb_after=9.46164993537e-05 ub_after=0.0661790507145 elapsed_sec=0.344082
[ATOMCOLOR-PAIR-STEP] phase=local_exact_done depth=1 rows=10011 feature=6 groups=3 lb_before=9.46164993537e-05 ub_before=0.0661790507145 lb_after=9.46164993537e-05 ub_after=0.0661790507145 elapsed_sec=0.034453 stage1_exact=1 stage2_states=5732 max_states=5732
[ATOMCOLOR-PAIR-STEP] phase=greedy_ub_done depth=1 rows=10011 feature=6 groups=3 lb_before=9.46164993537e-05 ub_before=0.0661790507145 lb_after=9.46164993537e-05 ub_after=0.0661790507145 elapsed_sec=0.000835
[ATOMCOLOR-PAIR-STEP] phase=recursive_exact_fail depth=1 rows=10011 feature=6 groups=3 lb_before=9.46164993537e-05 ub_before=0.0661790507145 lb_after=9.46164993537e-05 ub_after=inf elapsed_sec=0.000230
[ATOMCOLOR-PAIR-ORDER] phase=exactify depth=1 order=12 feature=6 groups=3 L_a=9.46164993537e-05 U_a=0.0661790507145 gap_before=0.0588643514311 exact_lb=9.46164993537e-05 exact_ub=inf survivors_before=14 survivors_after=14 incumbent_before=0.0589589679305 incumbent_after=0.0589589679305
[ATOMCOLOR-PAIR-PROFILE] phase=exactify depth=1 rows=10011 features_done=14/14 pairs=21 feasible_pairs=21 exactify_calls=12 exactify_feasible=4 exactify_aborted=3 prep_sec=0.023 family_sec=0.123 bounds_sec=0.019 exactify_sec=6.989 incumbent_f=0 incumbent_g=2 incumbent_ub=0.0589589679305 node_lb=2e-08 max_ambiguity=0.0589589479305 pending_pairs=14 elapsed_sec=12.718
[ATOMCOLOR-PAIR-STEP] phase=greedy_ub_done depth=1 rows=10011 feature=2 groups=2 lb_before=2e-08 ub_before=0.0663051560469 lb_after=2e-08 ub_after=0.0663051560469 elapsed_sec=0.286948
[ATOMCOLOR-PAIR-STEP] phase=local_exact_done depth=1 rows=10011 feature=2 groups=2 lb_before=2e-08 ub_before=0.0663051560469 lb_after=2e-08 ub_after=0.0663051560469 elapsed_sec=0.001974 stage1_exact=1 stage2_states=97 max_states=97
[ATOMCOLOR-PAIR-STEP] phase=greedy_ub_done depth=1 rows=10011 feature=2 groups=2 lb_before=2e-08 ub_before=0.0663051560469 lb_after=2e-08 ub_after=0.0604093042539 elapsed_sec=0.323868
[ATOMCOLOR-PAIR-STEP] phase=recursive_exact_done depth=1 rows=10011 feature=2 groups=2 lb_before=2e-08 ub_before=0.0604093042539 lb_after=0.0604093042539 ub_after=0.0604093042539 elapsed_sec=13.695905
[ATOMCOLOR-PAIR-ORDER] phase=exactify depth=1 order=13 feature=2 groups=2 L_a=2e-08 U_a=0.0604093042539 gap_before=0.0589589479305 exact_lb=0.0604093042539 exact_ub=0.0604093042539 survivors_before=14 survivors_after=13 incumbent_before=0.0589589679305 incumbent_after=0.0589589679305
[ATOMCOLOR-PAIR-PROFILE] phase=exactify depth=1 rows=10011 features_done=14/14 pairs=21 feasible_pairs=21 exactify_calls=13 exactify_feasible=5 exactify_aborted=3 prep_sec=0.023 family_sec=0.123 bounds_sec=0.019 exactify_sec=20.687 incumbent_f=0 incumbent_g=2 incumbent_ub=0.0589589679305 node_lb=2e-08 max_ambiguity=0.0589589479305 pending_pairs=14 elapsed_sec=27.027
[ATOMCOLOR-PAIR-STEP] phase=greedy_ub_done depth=1 rows=10011 feature=2 groups=3 lb_before=3e-08 ub_before=0.0663051660469 lb_after=3e-08 ub_after=0.0663051660469 elapsed_sec=0.287399
[ATOMCOLOR-PAIR-STEP] phase=local_exact_done depth=1 rows=10011 feature=2 groups=3 lb_before=3e-08 ub_before=0.0663051660469 lb_after=3e-08 ub_after=0.0663051660469 elapsed_sec=0.016470 stage1_exact=1 stage2_states=3018 max_states=3018
[ATOMCOLOR-PAIR-STEP] phase=greedy_ub_done depth=1 rows=10011 feature=2 groups=3 lb_before=3e-08 ub_before=0.0663051660469 lb_after=3e-08 ub_after=0.0663051660469 elapsed_sec=0.000877
[ATOMCOLOR-PAIR-STEP] phase=recursive_exact_fail depth=1 rows=10011 feature=2 groups=3 lb_before=3e-08 ub_before=0.0663051660469 lb_after=3e-08 ub_after=inf elapsed_sec=0.000220
[ATOMCOLOR-PAIR-ORDER] phase=exactify depth=1 order=14 feature=2 groups=3 L_a=3e-08 U_a=0.0663051660469 gap_before=0.0589589379305 exact_lb=3e-08 exact_ub=inf survivors_before=13 survivors_after=13 incumbent_before=0.0589589679305 incumbent_after=0.0589589679305
[ATOMCOLOR-PAIR-PROFILE] phase=exactify depth=1 rows=10011 features_done=14/14 pairs=21 feasible_pairs=21 exactify_calls=14 exactify_feasible=5 exactify_aborted=3 prep_sec=0.023 family_sec=0.123 bounds_sec=0.019 exactify_sec=20.703 incumbent_f=0 incumbent_g=2 incumbent_ub=0.0589589679305 node_lb=2e-08 max_ambiguity=0.0589589479305 pending_pairs=13 elapsed_sec=27.332
[ATOMCOLOR-PAIR-STEP] phase=greedy_ub_done depth=1 rows=10011 feature=12 groups=2 lb_before=2e-08 ub_before=0.0663051560469 lb_after=2e-08 ub_after=0.060440833087 elapsed_sec=0.001832
[ATOMCOLOR-PAIR-STEP] phase=local_exact_done depth=1 rows=10011 feature=12 groups=2 lb_before=2e-08 ub_before=0.060440833087 lb_after=2e-08 ub_after=0.0663051560469 elapsed_sec=0.000046 stage1_exact=1 stage2_states=12 max_states=12
[ATOMCOLOR-PAIR-STEP] phase=greedy_ub_done depth=1 rows=10011 feature=12 groups=2 lb_before=2e-08 ub_before=0.0663051560469 lb_after=2e-08 ub_after=0.060440833087 elapsed_sec=0.000309
[ATOMCOLOR-PAIR-STEP] phase=recursive_exact_done depth=1 rows=10011 feature=12 groups=2 lb_before=2e-08 ub_before=0.060440833087 lb_after=0.060440833087 ub_after=0.060440833087 elapsed_sec=3.121166
[ATOMCOLOR-PAIR-ORDER] phase=exactify depth=1 order=15 feature=12 groups=2 L_a=2e-08 U_a=0.060440833087 gap_before=0.0589589479305 exact_lb=0.060440833087 exact_ub=0.060440833087 survivors_before=13 survivors_after=12 incumbent_before=0.0589589679305 incumbent_after=0.0589589679305
[ATOMCOLOR-PAIR-PROFILE] phase=exactify depth=1 rows=10011 features_done=14/14 pairs=21 feasible_pairs=21 exactify_calls=15 exactify_feasible=6 exactify_aborted=3 prep_sec=0.023 family_sec=0.123 bounds_sec=0.019 exactify_sec=23.824 incumbent_f=0 incumbent_g=2 incumbent_ub=0.0589589679305 node_lb=2e-08 max_ambiguity=0.0589589479305 pending_pairs=13 elapsed_sec=30.456
[ATOMCOLOR-PAIR-STEP] phase=greedy_ub_done depth=1 rows=10011 feature=10 groups=2 lb_before=2e-08 ub_before=0.0663051560469 lb_after=2e-08 ub_after=0.0607561214182 elapsed_sec=0.002302
[ATOMCOLOR-PAIR-STEP] phase=local_exact_done depth=1 rows=10011 feature=10 groups=2 lb_before=2e-08 ub_before=0.0607561214182 lb_after=2e-08 ub_after=0.0663051560469 elapsed_sec=0.000076 stage1_exact=1 stage2_states=12 max_states=12
[ATOMCOLOR-PAIR-STEP] phase=greedy_ub_done depth=1 rows=10011 feature=10 groups=2 lb_before=2e-08 ub_before=0.0663051560469 lb_after=2e-08 ub_after=0.0607561214182 elapsed_sec=0.000310
[ATOMCOLOR-PAIR-STEP] phase=recursive_exact_done depth=1 rows=10011 feature=10 groups=2 lb_before=2e-08 ub_before=0.0607561214182 lb_after=0.0607561214182 ub_after=0.0607561214182 elapsed_sec=5.103462
[ATOMCOLOR-PAIR-ORDER] phase=exactify depth=1 order=16 feature=10 groups=2 L_a=2e-08 U_a=0.0607561214182 gap_before=0.0589589479305 exact_lb=0.0607561214182 exact_ub=0.0607561214182 survivors_before=12 survivors_after=11 incumbent_before=0.0589589679305 incumbent_after=0.0589589679305
[ATOMCOLOR-PAIR-PROFILE] phase=exactify depth=1 rows=10011 features_done=14/14 pairs=21 feasible_pairs=21 exactify_calls=16 exactify_feasible=7 exactify_aborted=3 prep_sec=0.023 family_sec=0.123 bounds_sec=0.019 exactify_sec=28.928 incumbent_f=0 incumbent_g=2 incumbent_ub=0.0589589679305 node_lb=2e-08 max_ambiguity=0.0589589479305 pending_pairs=12 elapsed_sec=35.562
[ATOMCOLOR-PAIR-STEP] phase=greedy_ub_done depth=1 rows=10011 feature=13 groups=2 lb_before=2e-08 ub_before=0.0663051560469 lb_after=2e-08 ub_after=0.0603777754208 elapsed_sec=0.002297
[ATOMCOLOR-PAIR-STEP] phase=local_exact_done depth=1 rows=10011 feature=13 groups=2 lb_before=2e-08 ub_before=0.0603777754208 lb_after=2e-08 ub_after=0.0663051560469 elapsed_sec=0.000077 stage1_exact=1 stage2_states=12 max_states=12
[ATOMCOLOR-PAIR-STEP] phase=greedy_ub_done depth=1 rows=10011 feature=13 groups=2 lb_before=2e-08 ub_before=0.0663051560469 lb_after=2e-08 ub_after=0.0603777754208 elapsed_sec=0.000309
[ATOMCOLOR-PAIR-STEP] phase=recursive_exact_done depth=1 rows=10011 feature=13 groups=2 lb_before=2e-08 ub_before=0.0603777754208 lb_after=0.0603777754208 ub_after=0.0603777754208 elapsed_sec=1.376439
[ATOMCOLOR-PAIR-ORDER] phase=exactify depth=1 order=17 feature=13 groups=2 L_a=2e-08 U_a=0.0603777754208 gap_before=0.0589589479305 exact_lb=0.0603777754208 exact_ub=0.0603777754208 survivors_before=11 survivors_after=10 incumbent_before=0.0589589679305 incumbent_after=0.0589589679305
[ATOMCOLOR-PAIR-PROFILE] phase=exactify depth=1 rows=10011 features_done=14/14 pairs=21 feasible_pairs=21 exactify_calls=17 exactify_feasible=8 exactify_aborted=3 prep_sec=0.023 family_sec=0.123 bounds_sec=0.019 exactify_sec=30.305 incumbent_f=0 incumbent_g=2 incumbent_ub=0.0589589679305 node_lb=2e-08 max_ambiguity=0.0589589479305 pending_pairs=11 elapsed_sec=36.941
[ATOMCOLOR-PAIR-STEP] phase=greedy_ub_done depth=1 rows=10011 feature=8 groups=2 lb_before=2e-08 ub_before=0.0663051560469 lb_after=2e-08 ub_after=0.0605984672526 elapsed_sec=0.002289
[ATOMCOLOR-PAIR-STEP] phase=local_exact_done depth=1 rows=10011 feature=8 groups=2 lb_before=2e-08 ub_before=0.0605984672526 lb_after=2e-08 ub_after=0.0663051560469 elapsed_sec=0.000082 stage1_exact=1 stage2_states=12 max_states=12
[ATOMCOLOR-PAIR-STEP] phase=greedy_ub_done depth=1 rows=10011 feature=8 groups=2 lb_before=2e-08 ub_before=0.0663051560469 lb_after=2e-08 ub_after=0.0605984672526 elapsed_sec=0.000310
[ATOMCOLOR-PAIR-STEP] phase=recursive_exact_done depth=1 rows=10011 feature=8 groups=2 lb_before=2e-08 ub_before=0.0605984672526 lb_after=0.0605984672526 ub_after=0.0605984672526 elapsed_sec=2.184459
[ATOMCOLOR-PAIR-ORDER] phase=exactify depth=1 order=18 feature=8 groups=2 L_a=2e-08 U_a=0.0605984672526 gap_before=0.0589589479305 exact_lb=0.0605984672526 exact_ub=0.0605984672526 survivors_before=10 survivors_after=9 incumbent_before=0.0589589679305 incumbent_after=0.0589589679305
[ATOMCOLOR-PAIR-PROFILE] phase=exactify depth=1 rows=10011 features_done=14/14 pairs=21 feasible_pairs=21 exactify_calls=18 exactify_feasible=9 exactify_aborted=3 prep_sec=0.023 family_sec=0.123 bounds_sec=0.019 exactify_sec=32.489 incumbent_f=0 incumbent_g=2 incumbent_ub=0.0589589679305 node_lb=2e-08 max_ambiguity=0.0589589479305 pending_pairs=10 elapsed_sec=39.128
[ATOMCOLOR-PAIR-STEP] phase=greedy_ub_done depth=1 rows=10011 feature=11 groups=2 lb_before=2e-08 ub_before=0.0663051560469 lb_after=2e-08 ub_after=0.060693063752 elapsed_sec=0.002170
[ATOMCOLOR-PAIR-STEP] phase=local_exact_done depth=1 rows=10011 feature=11 groups=2 lb_before=2e-08 ub_before=0.060693063752 lb_after=2e-08 ub_after=0.0663051560469 elapsed_sec=0.000074 stage1_exact=1 stage2_states=12 max_states=12
[ATOMCOLOR-PAIR-STEP] phase=greedy_ub_done depth=1 rows=10011 feature=11 groups=2 lb_before=2e-08 ub_before=0.0663051560469 lb_after=2e-08 ub_after=0.060693063752 elapsed_sec=0.000309
[ATOMCOLOR-PAIR-STEP] phase=recursive_exact_done depth=1 rows=10011 feature=11 groups=2 lb_before=2e-08 ub_before=0.060693063752 lb_after=0.060693063752 ub_after=0.060693063752 elapsed_sec=3.250400
[ATOMCOLOR-PAIR-ORDER] phase=exactify depth=1 order=19 feature=11 groups=2 L_a=2e-08 U_a=0.060693063752 gap_before=0.0589589479305 exact_lb=0.060693063752 exact_ub=0.060693063752 survivors_before=9 survivors_after=8 incumbent_before=0.0589589679305 incumbent_after=0.0589589679305
[ATOMCOLOR-PAIR-PROFILE] phase=exactify depth=1 rows=10011 features_done=14/14 pairs=21 feasible_pairs=21 exactify_calls=19 exactify_feasible=10 exactify_aborted=3 prep_sec=0.023 family_sec=0.123 bounds_sec=0.019 exactify_sec=35.740 incumbent_f=0 incumbent_g=2 incumbent_ub=0.0589589679305 node_lb=2e-08 max_ambiguity=0.0589589479305 pending_pairs=9 elapsed_sec=42.381
[ATOMCOLOR-PAIR-STEP] phase=greedy_ub_done depth=1 rows=10011 feature=9 groups=2 lb_before=2e-08 ub_before=0.0663051560469 lb_after=2e-08 ub_after=0.0608822367507 elapsed_sec=0.002297
[ATOMCOLOR-PAIR-STEP] phase=local_exact_done depth=1 rows=10011 feature=9 groups=2 lb_before=2e-08 ub_before=0.0608822367507 lb_after=2e-08 ub_after=0.0663051560469 elapsed_sec=0.000077 stage1_exact=1 stage2_states=12 max_states=12
[ATOMCOLOR-PAIR-STEP] phase=greedy_ub_done depth=1 rows=10011 feature=9 groups=2 lb_before=2e-08 ub_before=0.0663051560469 lb_after=2e-08 ub_after=0.0608822367507 elapsed_sec=0.000311
[ATOMCOLOR-PAIR-STEP] phase=recursive_exact_done depth=1 rows=10011 feature=9 groups=2 lb_before=2e-08 ub_before=0.0608822367507 lb_after=0.0608822367507 ub_after=0.0608822367507 elapsed_sec=3.196687
[ATOMCOLOR-PAIR-ORDER] phase=exactify depth=1 order=20 feature=9 groups=2 L_a=2e-08 U_a=0.0608822367507 gap_before=0.0589589479305 exact_lb=0.0608822367507 exact_ub=0.0608822367507 survivors_before=8 survivors_after=7 incumbent_before=0.0589589679305 incumbent_after=0.0589589679305
[ATOMCOLOR-PAIR-PROFILE] phase=exactify depth=1 rows=10011 features_done=14/14 pairs=21 feasible_pairs=21 exactify_calls=20 exactify_feasible=11 exactify_aborted=3 prep_sec=0.023 family_sec=0.123 bounds_sec=0.019 exactify_sec=38.936 incumbent_f=0 incumbent_g=2 incumbent_ub=0.0589589679305 node_lb=2e-08 max_ambiguity=0.0589589479305 pending_pairs=8 elapsed_sec=45.581
[ATOMCOLOR-PAIR-STEP] phase=greedy_ub_done depth=1 rows=10011 feature=7 groups=2 lb_before=2e-08 ub_before=0.0663051560469 lb_after=2e-08 ub_after=0.0607245925851 elapsed_sec=0.002279
[ATOMCOLOR-PAIR-STEP] phase=local_exact_done depth=1 rows=10011 feature=7 groups=2 lb_before=2e-08 ub_before=0.0607245925851 lb_after=2e-08 ub_after=0.0663051560469 elapsed_sec=0.000076 stage1_exact=1 stage2_states=12 max_states=12
[ATOMCOLOR-PAIR-STEP] phase=greedy_ub_done depth=1 rows=10011 feature=7 groups=2 lb_before=2e-08 ub_before=0.0663051560469 lb_after=2e-08 ub_after=0.0607245925851 elapsed_sec=0.000319
[ATOMCOLOR-PAIR-STEP] phase=recursive_exact_done depth=1 rows=10011 feature=7 groups=2 lb_before=2e-08 ub_before=0.0607245925851 lb_after=0.0607245925851 ub_after=0.0607245925851 elapsed_sec=1.306345
[ATOMCOLOR-PAIR-ORDER] phase=exactify depth=1 order=21 feature=7 groups=2 L_a=2e-08 U_a=0.0607245925851 gap_before=0.0589589479305 exact_lb=0.0607245925851 exact_ub=0.0607245925851 survivors_before=7 survivors_after=6 incumbent_before=0.0589589679305 incumbent_after=0.0589589679305
[ATOMCOLOR-PAIR-PROFILE] phase=exactify depth=1 rows=10011 features_done=14/14 pairs=21 feasible_pairs=21 exactify_calls=21 exactify_feasible=12 exactify_aborted=3 prep_sec=0.023 family_sec=0.123 bounds_sec=0.019 exactify_sec=40.243 incumbent_f=0 incumbent_g=2 incumbent_ub=0.0589589679305 node_lb=2e-08 max_ambiguity=0.0589589479305 pending_pairs=7 elapsed_sec=46.890
[ATOMCOLOR-PAIR-PROFILE] phase=done depth=1 rows=10011 features_done=14/14 pairs=21 feasible_pairs=21 exactify_calls=21 exactify_feasible=12 exactify_aborted=3 prep_sec=0.023 family_sec=0.123 bounds_sec=0.019 exactify_sec=40.243 incumbent_f=0 incumbent_g=2 incumbent_ub=0.0589589679305 node_lb=3e-08 max_ambiguity=0 pending_pairs=6 elapsed_sec=46.890
[ATOMCOLOR-PAIR-STEP] phase=recursive_exact_done depth=0 rows=31717 feature=2 groups=2 lb_before=2e-08 ub_before=0.206608573422 lb_after=6e-08 ub_after=0.21761210618 elapsed_sec=132.892451
[ATOMCOLOR-PAIR-ORDER] phase=incumbent depth=0 order=1 feature=2 groups=2 L_a=2e-08 U_a=0.206608573422 gap_before=inf exact_lb=6e-08 exact_ub=0.21761210618 survivors_before=21 survivors_after=21 incumbent_before=inf incumbent_after=0.21761210618
[ATOMCOLOR-PAIR-DETAIL] phase=prep_start depth=1 feature=0 rows=8581 atoms=0 groups=0 elapsed_sec=0.000
[ATOMCOLOR-PAIR-DETAIL] phase=prep_done depth=1 feature=0 rows=8581 atoms=0 groups=0 elapsed_sec=0.002
[ATOMCOLOR-PAIR-DETAIL] phase=prep_start depth=1 feature=1 rows=8581 atoms=0 groups=0 elapsed_sec=0.000
[ATOMCOLOR-PAIR-DETAIL] phase=prep_done depth=1 feature=1 rows=8581 atoms=0 groups=0 elapsed_sec=0.002
[ATOMCOLOR-PAIR-DETAIL] phase=prep_start depth=1 feature=2 rows=8581 atoms=0 groups=0 elapsed_sec=0.000
[ATOMCOLOR-PAIR-DETAIL] phase=prep_done depth=1 feature=2 rows=8581 atoms=0 groups=0 elapsed_sec=0.002
[ATOMCOLOR-PAIR-DETAIL] phase=prep_start depth=1 feature=3 rows=8581 atoms=0 groups=0 elapsed_sec=0.000
[ATOMCOLOR-PAIR-DETAIL] phase=prep_done depth=1 feature=3 rows=8581 atoms=0 groups=0 elapsed_sec=0.002
[ATOMCOLOR-PAIR-DETAIL] phase=prep_start depth=1 feature=4 rows=8581 atoms=0 groups=0 elapsed_sec=0.000
[ATOMCOLOR-PAIR-DETAIL] phase=prep_done depth=1 feature=4 rows=8581 atoms=0 groups=0 elapsed_sec=0.002
[ATOMCOLOR-PAIR-DETAIL] phase=prep_start depth=1 feature=5 rows=8581 atoms=0 groups=0 elapsed_sec=0.000
[ATOMCOLOR-PAIR-DETAIL] phase=prep_done depth=1 feature=5 rows=8581 atoms=0 groups=0 elapsed_sec=0.002
[2026-03-15T07:13:16.811] error: *** JOB 10734909 ON compsci-cluster-fitz-45 CANCELLED AT 2026-03-15T07:13:16 DUE to SIGNAL Terminated ***
