	Command being timed: ".venv/bin/python parity_depth3_exact_legacy_single.py --mode exact --dataset eye-state --seed 0 --depth-budget 3 --time-limit 10800 --lgb-num-threads 1 --out /home/users/yz1075/msdt/results/debug/parity_depth3_exact_20260301_024339_job10631104.json"
	User time (seconds): 371.79
	System time (seconds): 15.51
	Percent of CPU this job got: 102%
	Elapsed (wall clock) time (h:mm:ss or m:ss): 6:16.86
	Average shared text size (kbytes): 0
	Average unshared data size (kbytes): 0
	Average stack size (kbytes): 0
	Average total size (kbytes): 0
	Maximum resident set size (kbytes): 28554636
	Average resident set size (kbytes): 0
	Major (requiring I/O) page faults: 15
	Minor (reclaiming a frame) page faults: 7188526
	Voluntary context switches: 4100
	Involuntary context switches: 2684
	Swaps: 0
	File system inputs: 1968
	File system outputs: 3328
	Socket messages sent: 0
	Socket messages received: 0
	Signals delivered: 0
	Page size (bytes): 4096
	Exit status: 0
	Command being timed: ".venv/bin/python parity_depth3_exact_legacy_single.py --mode legacy --dataset eye-state --seed 0 --depth-budget 3 --time-limit 10800 --lgb-num-threads 1 --out /home/users/yz1075/msdt/results/debug/parity_depth3_legacy_20260301_024339_job10631104.json"
	User time (seconds): 14.52
	System time (seconds): 0.57
	Percent of CPU this job got: 148%
	Elapsed (wall clock) time (h:mm:ss or m:ss): 0:10.16
	Average shared text size (kbytes): 0
	Average unshared data size (kbytes): 0
	Average stack size (kbytes): 0
	Average total size (kbytes): 0
	Maximum resident set size (kbytes): 388948
	Average resident set size (kbytes): 0
	Major (requiring I/O) page faults: 0
	Minor (reclaiming a frame) page faults: 123242
	Voluntary context switches: 4078
	Involuntary context switches: 131
	Swaps: 0
	File system inputs: 0
	File system outputs: 3328
	Socket messages sent: 0
	Socket messages received: 0
	Signals delivered: 0
	Page size (bytes): 4096
	Exit status: 0
