Job started on compsci-cluster-fitz-47 at Thu Feb 26 05:52:29 AM EST 2026
CPU settings: total_cpus=16, target_cpus=16, parallel_trials=16, threads_per_trial=1, split_threads=1, lgb_threads=1, xgb_threads=1
Optuna settings: enable=0, trials=5, val_size=0.2, seed=0, timeout_sec=0, warmstart_enable=1, warmstart_root=results, warmstart_max=8, seed_candidates=4, cpu_target=1.0, max_active_studies=0, max_concurrent_trials=0
Split protocol: paper_split_protocol=1
MSPLIT variant: optimal_dp
LightGBM binning backend: device=cpu, gpu_platform=0, gpu_device=0, gpu_fallback=1, max_gpu_jobs=1, gpu_lock_dir=/tmp/msdt_lgb_gpu_lock, binning_max_bins=12, ensemble_runs=3, ensemble_feature_fraction=0.8, ensemble_bagging_fraction=0.8, ensemble_bagging_freq=1, threshold_dedup_eps=1e-9
SPLIT native backend import OK
[compare] running: /home/users/yz1075/msdt/.venv/bin/python run_multisplit_experiments_lightgbm.py --run-name acc_compare_original_histdefault_nooptuna_20260226_055228_lightgbm --datasets electricity eye-movements eye-state --depth-budgets 2 3 4 5 --seeds 0 1 2 3 4 --test-size 0.2 --time-limit 1200.0 --lookahead-cap 3 --max-bins 6 --min-samples-leaf 8 --min-child-size 8 --max-branching 0 --reg 0.01 --msplit-variant optimal_dp --parallel-trials 16 --threads-per-trial 1 --optuna-trials 5 --optuna-val-size 0.2 --optuna-seed 0 --optuna-timeout-sec 0.0 --optuna-warmstart-root results --optuna-warmstart-max-per-study 8 --optuna-seed-candidates 4 --cpu-utilization-target 1.0 --optuna-max-active-studies 0 --optuna-max-concurrent-trials 0 --results-root results/comparison/acc_compare_original_histdefault_nooptuna_20260226_055228/_tmp/runs_lightgbm/acc_compare_original_histdefault_nooptuna_20260226_055228_lightgbm --stable-results-dir results/comparison/acc_compare_original_histdefault_nooptuna_20260226_055228/_tmp/stable_lightgbm --no-package-artifacts --no-optuna-enable --optuna-warmstart-enable --paper-split-protocol --tree-artifacts-dir results/comparison/acc_compare_original_histdefault_nooptuna_20260226_055228/tree_artifacts/lightgbm_mssplit_all --lgb-device-type cpu --lgb-binning-max-bins 12 --lgb-ensemble-runs 3 --lgb-ensemble-feature-fraction 0.8 --lgb-ensemble-bagging-fraction 0.8 --lgb-ensemble-bagging-freq 1 --lgb-threshold-dedup-eps 1e-09 --lgb-gpu-platform-id 0 --lgb-gpu-device-id 0 --lgb-gpu-fallback --lgb-max-gpu-jobs 1 --lgb-gpu-lock-dir /tmp/msdt_lgb_gpu_lock
[2026-02-26T05:52:33-05:00] Starting LightGBM multisplit experiment run.
[2026-02-26T05:52:33-05:00] run_name=acc_compare_original_histdefault_nooptuna_20260226_055228_lightgbm
[2026-02-26T05:52:33-05:00] run_dir=/home/users/yz1075/msdt/results/comparison/acc_compare_original_histdefault_nooptuna_20260226_055228/_tmp/runs_lightgbm/acc_compare_original_histdefault_nooptuna_20260226_055228_lightgbm/acc_compare_original_histdefault_nooptuna_20260226_055228_lightgbm
[2026-02-26T05:52:33-05:00] parallel settings: parallel_trials=16, threads_per_trial=1, lgb_threads=1, lgb_binning_max_bins=12, lgb_ensemble_runs=3, lgb_device=cpu, lgb_max_gpu_jobs=1, core_budget=16, effective_core_budget=16, effective_parallel_trials=16, cpu_target=1.0
[2026-02-26T05:52:33-05:00] OpenML cache directory set to /home/users/yz1075/msdt/results/openml_cache
[2026-02-26T05:52:33-05:00] Loading dataset=electricity
[2026-02-26T05:52:33-05:00] dataset=electricity, class_prevalence(max class)=0.5755
[2026-02-26T05:52:33-05:00] Loading dataset=eye-movements
[2026-02-26T05:52:33-05:00] dataset=eye-movements, class_prevalence(max class)=0.5000
[2026-02-26T05:52:33-05:00] Loading dataset=eye-state
[2026-02-26T05:52:33-05:00] dataset=eye-state, class_prevalence(max class)=0.5512
[2026-02-26T05:52:33-05:00] optuna warm-start: scanned_files=14, study_keys=12, candidates=37, max_per_study=8
[2026-02-26T05:52:33-05:00] historical default params loaded for 12 studies; saved /home/users/yz1075/msdt/results/comparison/acc_compare_original_histdefault_nooptuna_20260226_055228/_tmp/runs_lightgbm/acc_compare_original_histdefault_nooptuna_20260226_055228_lightgbm/acc_compare_original_histdefault_nooptuna_20260226_055228_lightgbm/optuna/history_default_params.csv
[2026-02-26T05:52:33-05:00] dataset=electricity, depth=2, lookahead=1, seeds=[0, 1, 2, 3, 4], param_source=history_defaults
[2026-02-26T05:52:33-05:00] dataset=electricity, depth=3, lookahead=1, seeds=[0, 1, 2, 3, 4], param_source=history_defaults
[2026-02-26T05:52:33-05:00] dataset=electricity, depth=4, lookahead=2, seeds=[0, 1, 2, 3, 4], param_source=history_defaults
[2026-02-26T05:52:33-05:00] dataset=electricity, depth=5, lookahead=2, seeds=[0, 1, 2, 3, 4], param_source=history_defaults
[2026-02-26T05:52:33-05:00] dataset=eye-movements, depth=2, lookahead=1, seeds=[0, 1, 2, 3, 4], param_source=history_defaults
[2026-02-26T05:52:33-05:00] dataset=eye-movements, depth=3, lookahead=2, seeds=[0, 1, 2, 3, 4], param_source=history_defaults
[2026-02-26T05:52:33-05:00] dataset=eye-movements, depth=4, lookahead=2, seeds=[0, 1, 2, 3, 4], param_source=history_defaults
[2026-02-26T05:52:33-05:00] dataset=eye-movements, depth=5, lookahead=2, seeds=[0, 1, 2, 3, 4], param_source=history_defaults
[2026-02-26T05:52:33-05:00] dataset=eye-state, depth=2, lookahead=1, seeds=[0, 1, 2, 3, 4], param_source=history_defaults
[2026-02-26T05:52:33-05:00] dataset=eye-state, depth=3, lookahead=2, seeds=[0, 1, 2, 3, 4], param_source=history_defaults
[2026-02-26T05:52:33-05:00] dataset=eye-state, depth=4, lookahead=2, seeds=[0, 1, 2, 3, 4], param_source=history_defaults
[2026-02-26T05:52:33-05:00] dataset=eye-state, depth=5, lookahead=3, seeds=[0, 1, 2, 3, 4], param_source=history_defaults
[2026-02-26T05:52:33-05:00] executing 60 pending trials across 3 dataset(s) with parallel_workers=16, threads_per_trial=1, lgb_threads=1, effective_core_budget=16/16
[2026-02-26T06:35:26-05:00] trial dataset=electricity, depth=2, seed=2, status=ok, acc=0.756482400970981
[2026-02-26T06:35:26-05:00] trial dataset=electricity, depth=2, seed=0, status=ok, acc=0.762109676707492
[2026-02-26T06:35:26-05:00] trial dataset=electricity, depth=2, seed=1, status=ok, acc=0.7543859649122807
[2026-02-26T06:35:26-05:00] trial dataset=electricity, depth=2, seed=3, status=ok, acc=0.7584684982897495
[2026-02-26T06:35:26-05:00] trial dataset=electricity, depth=2, seed=4, status=ok, acc=0.7537239324726912
[2026-02-26T06:35:26-05:00] trial dataset=eye-movements, depth=2, seed=0, status=ok, acc=0.5525624178712221
[2026-02-26T06:35:26-05:00] trial dataset=eye-movements, depth=2, seed=1, status=ok, acc=0.5374507227332457
[2026-02-26T06:35:26-05:00] trial dataset=eye-movements, depth=2, seed=2, status=ok, acc=0.5670170827858082
[2026-02-26T06:35:26-05:00] trial dataset=eye-movements, depth=2, seed=3, status=ok, acc=0.5604467805519053
[2026-02-26T06:35:26-05:00] trial dataset=eye-movements, depth=2, seed=4, status=ok, acc=0.5183968462549278
[2026-02-26T06:35:26-05:00] trial dataset=electricity, depth=3, seed=2, status=ok, acc=0.7850601346132627
[2026-02-26T06:35:26-05:00] trial dataset=electricity, depth=3, seed=1, status=ok, acc=0.786604876972305
[2026-02-26T06:35:26-05:00] trial dataset=electricity, depth=3, seed=4, status=ok, acc=0.7885909742910736
[2026-02-26T06:35:26-05:00] trial dataset=electricity, depth=3, seed=3, status=ok, acc=0.7879289418514841
[2026-02-26T06:35:26-05:00] trial dataset=electricity, depth=3, seed=0, status=ok, acc=0.8011695906432749
[2026-02-26T06:35:26-05:00] trial dataset=eye-movements, depth=3, seed=0, status=ok, acc=0.5709592641261498
[2026-02-26T06:35:26-05:00] trial dataset=eye-movements, depth=3, seed=1, status=ok, acc=0.5591327201051248
[2026-02-26T06:35:26-05:00] trial dataset=eye-movements, depth=3, seed=2, status=ok, acc=0.5670170827858082
[2026-02-26T06:35:26-05:00] trial dataset=eye-movements, depth=3, seed=4, status=ok, acc=0.5604467805519053
[2026-02-26T06:35:26-05:00] trial dataset=eye-movements, depth=3, seed=3, status=ok, acc=0.5703022339027596
[2026-02-26T06:35:26-05:00] trial dataset=electricity, depth=5, seed=0, status=timeout, acc=nan
[2026-02-26T06:35:26-05:00] trial dataset=electricity, depth=4, seed=0, status=timeout, acc=nan
[2026-02-26T06:35:26-05:00] trial dataset=electricity, depth=4, seed=1, status=timeout, acc=nan
[2026-02-26T06:35:26-05:00] trial dataset=electricity, depth=4, seed=4, status=timeout, acc=nan
[2026-02-26T06:35:26-05:00] trial dataset=electricity, depth=4, seed=3, status=timeout, acc=nan
[2026-02-26T06:35:26-05:00] trial dataset=electricity, depth=4, seed=2, status=timeout, acc=nan
[2026-02-26T06:35:26-05:00] trial dataset=electricity, depth=5, seed=2, status=timeout, acc=nan
[2026-02-26T06:35:26-05:00] trial dataset=eye-state, depth=2, seed=0, status=ok, acc=0.6351802403204272
[2026-02-26T06:35:26-05:00] trial dataset=electricity, depth=5, seed=3, status=timeout, acc=nan
[2026-02-26T06:35:26-05:00] trial dataset=electricity, depth=5, seed=1, status=timeout, acc=nan
[2026-02-26T06:35:26-05:00] trial dataset=electricity, depth=5, seed=4, status=timeout, acc=nan
[2026-02-26T06:35:26-05:00] trial dataset=eye-state, depth=2, seed=1, status=ok, acc=0.6275033377837116
[2026-02-26T06:35:26-05:00] trial dataset=eye-state, depth=2, seed=2, status=ok, acc=0.6421895861148198
[2026-02-26T06:35:26-05:00] trial dataset=eye-state, depth=2, seed=3, status=ok, acc=0.6164886515353805
[2026-02-26T06:35:26-05:00] trial dataset=eye-state, depth=2, seed=4, status=ok, acc=0.6361815754339119
[2026-02-26T06:35:26-05:00] trial dataset=eye-state, depth=3, seed=3, status=ok, acc=0.6625500667556742
[2026-02-26T06:35:26-05:00] trial dataset=eye-state, depth=3, seed=0, status=ok, acc=0.6765687583444593
[2026-02-26T06:35:26-05:00] trial dataset=eye-state, depth=3, seed=1, status=ok, acc=0.6748998664886515
[2026-02-26T06:35:26-05:00] trial dataset=eye-state, depth=3, seed=2, status=ok, acc=0.6792389853137517
[2026-02-26T06:35:26-05:00] trial dataset=eye-state, depth=3, seed=4, status=ok, acc=0.67456608811749
[2026-02-26T06:35:26-05:00] trial dataset=eye-movements, depth=4, seed=0, status=timeout, acc=nan
[2026-02-26T06:35:26-05:00] trial dataset=eye-movements, depth=4, seed=1, status=timeout, acc=nan
[2026-02-26T06:35:26-05:00] trial dataset=eye-movements, depth=4, seed=2, status=timeout, acc=nan
[2026-02-26T06:35:26-05:00] trial dataset=eye-movements, depth=4, seed=4, status=timeout, acc=nan
[2026-02-26T06:35:26-05:00] trial dataset=eye-movements, depth=4, seed=3, status=timeout, acc=nan
[2026-02-26T06:35:26-05:00] trial dataset=eye-movements, depth=5, seed=0, status=timeout, acc=nan
[2026-02-26T06:35:26-05:00] trial dataset=eye-state, depth=4, seed=0, status=timeout, acc=nan
[2026-02-26T06:35:26-05:00] trial dataset=eye-state, depth=4, seed=3, status=timeout, acc=nan
[2026-02-26T06:35:26-05:00] trial dataset=eye-state, depth=4, seed=2, status=timeout, acc=nan
[2026-02-26T06:35:26-05:00] trial dataset=eye-state, depth=4, seed=1, status=timeout, acc=nan
[2026-02-26T06:35:26-05:00] trial dataset=eye-state, depth=4, seed=4, status=timeout, acc=nan
[2026-02-26T06:35:26-05:00] trial dataset=eye-movements, depth=5, seed=2, status=timeout, acc=nan
[2026-02-26T06:35:26-05:00] trial dataset=eye-movements, depth=5, seed=1, status=timeout, acc=nan
[2026-02-26T06:35:26-05:00] trial dataset=eye-state, depth=5, seed=0, status=timeout, acc=nan
[2026-02-26T06:35:26-05:00] trial dataset=eye-movements, depth=5, seed=4, status=timeout, acc=nan
[2026-02-26T06:35:26-05:00] trial dataset=eye-state, depth=5, seed=1, status=timeout, acc=nan
[2026-02-26T06:35:26-05:00] trial dataset=eye-movements, depth=5, seed=3, status=timeout, acc=nan
[2026-02-26T06:35:26-05:00] trial dataset=eye-state, depth=5, seed=2, status=timeout, acc=nan
[2026-02-26T06:35:26-05:00] trial dataset=eye-state, depth=5, seed=3, status=timeout, acc=nan
[2026-02-26T06:35:26-05:00] trial dataset=eye-state, depth=5, seed=4, status=timeout, acc=nan
[2026-02-26T06:35:27-05:00] === Summary Table ===
      dataset  depth_budget  lookahead_depth_budget  n_success  mean_train_accuracy  mean_accuracy  mean_balanced_accuracy  mean_trivial_accuracy  std_accuracy  mean_fit_time_sec  mean_n_leaves  mean_n_internal  mean_max_arity  mean_exact_internal_nodes  mean_greedy_internal_nodes
  electricity             2                       1          5               0.7572         0.7570                  0.7328                 0.5754        0.0034             0.1977        12.0000           1.0000         12.0000                     1.0000                      0.0000
  electricity             3                       1          5               0.7894         0.7899                  0.7823                 0.5754        0.0065            31.8376       137.0000          12.4000         12.0000                     1.0000                    510.6000
  electricity             4                       3          0                  NaN            NaN                     NaN                    NaN           NaN                NaN            NaN              NaN             NaN                        NaN                         NaN
  electricity             5                       3          0                  NaN            NaN                     NaN                    NaN           NaN                NaN            NaN              NaN             NaN                        NaN                         NaN
eye-movements             2                       1          5               0.5577         0.5472                  0.5472                 0.5000        0.0195             0.0858        10.0000           1.0000         10.0000                     1.0000                      0.0000
eye-movements             3                       2          5               0.5906         0.5656                  0.5656                 0.5000        0.0055            45.2302        91.2000          10.4000         12.0000                  1458.6000                      0.0000
eye-movements             4                       3          0                  NaN            NaN                     NaN                    NaN           NaN                NaN            NaN              NaN             NaN                        NaN                         NaN
eye-movements             5                       3          0                  NaN            NaN                     NaN                    NaN           NaN                NaN            NaN              NaN             NaN                        NaN                         NaN
    eye-state             2                       1          5               0.6320         0.6315                  0.6108                 0.5511        0.0099             0.1151        12.0000           1.0000         12.0000                     1.0000                      0.0000
    eye-state             3                       2          5               0.6849         0.6736                  0.6601                 0.5511        0.0064            40.6622       138.0000          13.0000         12.0000                  1053.2000                      0.0000
    eye-state             4                       3          0                  NaN            NaN                     NaN                    NaN           NaN                NaN            NaN              NaN             NaN                        NaN                         NaN
    eye-state             5                       3          0                  NaN            NaN                     NaN                    NaN           NaN                NaN            NaN              NaN             NaN                        NaN                         NaN
[2026-02-26T06:35:27-05:00] === Depth vs Accuracy (Exact) ===
[2026-02-26T06:35:27-05:00] Dataset: electricity
[2026-02-26T06:35:27-05:00] Depth 2: ours=0.7570 (75.70%), bal_acc=0.7328 (73.28%), trivial_acc=0.5754 (57.54%), mean_leaves=12.00, paper=0.8490 (84.90%), delta=-0.0920 (-9.20 pp)
[2026-02-26T06:35:27-05:00] Depth 3: ours=0.7899 (78.99%), bal_acc=0.7823 (78.23%), trivial_acc=0.5754 (57.54%), mean_leaves=137.00, paper=0.8260 (82.60%), delta=-0.0361 (-3.61 pp)
[2026-02-26T06:35:27-05:00] Depth 4: ours=nan (nan%), bal_acc=nan (nan%), trivial_acc=nan (nan%), mean_leaves=nan, paper=0.8660 (86.60%), delta=+nan (+nan pp)
[2026-02-26T06:35:27-05:00] Depth 5: ours=nan (nan%), bal_acc=nan (nan%), trivial_acc=nan (nan%), mean_leaves=nan, paper=0.8820 (88.20%), delta=+nan (+nan pp)
[2026-02-26T06:35:27-05:00] Dataset: eye-movements
[2026-02-26T06:35:27-05:00] Depth 2: ours=0.5472 (54.72%), bal_acc=0.5472 (54.72%), trivial_acc=0.5000 (50.00%), mean_leaves=10.00, paper=0.6010 (60.10%), delta=-0.0538 (-5.38 pp)
[2026-02-26T06:35:27-05:00] Depth 3: ours=0.5656 (56.56%), bal_acc=0.5656 (56.56%), trivial_acc=0.5000 (50.00%), mean_leaves=91.20, paper=0.6360 (63.60%), delta=-0.0704 (-7.04 pp)
[2026-02-26T06:35:27-05:00] Depth 4: ours=nan (nan%), bal_acc=nan (nan%), trivial_acc=nan (nan%), mean_leaves=nan, paper=0.6620 (66.20%), delta=+nan (+nan pp)
[2026-02-26T06:35:27-05:00] Depth 5: ours=nan (nan%), bal_acc=nan (nan%), trivial_acc=nan (nan%), mean_leaves=nan, paper=0.6750 (67.50%), delta=+nan (+nan pp)
[2026-02-26T06:35:27-05:00] Dataset: eye-state
[2026-02-26T06:35:27-05:00] Depth 2: ours=0.6315 (63.15%), bal_acc=0.6108 (61.08%), trivial_acc=0.5511 (55.11%), mean_leaves=12.00, paper=0.7590 (75.90%), delta=-0.1275 (-12.75 pp)
[2026-02-26T06:35:27-05:00] Depth 3: ours=0.6736 (67.36%), bal_acc=0.6601 (66.01%), trivial_acc=0.5511 (55.11%), mean_leaves=138.00, paper=0.7630 (76.30%), delta=-0.0894 (-8.94 pp)
[2026-02-26T06:35:27-05:00] Depth 4: ours=nan (nan%), bal_acc=nan (nan%), trivial_acc=nan (nan%), mean_leaves=nan, paper=0.7930 (79.30%), delta=+nan (+nan pp)
[2026-02-26T06:35:27-05:00] Depth 5: ours=nan (nan%), bal_acc=nan (nan%), trivial_acc=nan (nan%), mean_leaves=nan, paper=0.8110 (81.10%), delta=+nan (+nan pp)
[2026-02-26T06:35:27-05:00] Saved run summary CSV: /home/users/yz1075/msdt/results/comparison/acc_compare_original_histdefault_nooptuna_20260226_055228/_tmp/runs_lightgbm/acc_compare_original_histdefault_nooptuna_20260226_055228_lightgbm/acc_compare_original_histdefault_nooptuna_20260226_055228_lightgbm/summary_results.csv
[2026-02-26T06:35:27-05:00] Saved run seed CSV: /home/users/yz1075/msdt/results/comparison/acc_compare_original_histdefault_nooptuna_20260226_055228/_tmp/runs_lightgbm/acc_compare_original_histdefault_nooptuna_20260226_055228_lightgbm/acc_compare_original_histdefault_nooptuna_20260226_055228_lightgbm/seed_results.csv
[2026-02-26T06:35:27-05:00] Saved run plot: /home/users/yz1075/msdt/results/comparison/acc_compare_original_histdefault_nooptuna_20260226_055228/_tmp/runs_lightgbm/acc_compare_original_histdefault_nooptuna_20260226_055228_lightgbm/acc_compare_original_histdefault_nooptuna_20260226_055228_lightgbm/multisplit_lightgbm_dp_accuracy.png
[2026-02-26T06:35:27-05:00] Saved run log: /home/users/yz1075/msdt/results/comparison/acc_compare_original_histdefault_nooptuna_20260226_055228/_tmp/runs_lightgbm/acc_compare_original_histdefault_nooptuna_20260226_055228_lightgbm/acc_compare_original_histdefault_nooptuna_20260226_055228_lightgbm/multisplit_lightgbm_depth_vs_accuracy.log
[2026-02-26T06:35:27-05:00] Saved run manifest: /home/users/yz1075/msdt/results/comparison/acc_compare_original_histdefault_nooptuna_20260226_055228/_tmp/runs_lightgbm/acc_compare_original_histdefault_nooptuna_20260226_055228_lightgbm/acc_compare_original_histdefault_nooptuna_20260226_055228_lightgbm/manifest.json
[2026-02-26T06:35:27-05:00] Saved run paper comparison plot: /home/users/yz1075/msdt/results/comparison/acc_compare_original_histdefault_nooptuna_20260226_055228/_tmp/runs_lightgbm/acc_compare_original_histdefault_nooptuna_20260226_055228_lightgbm/acc_compare_original_histdefault_nooptuna_20260226_055228_lightgbm/multisplit_lightgbm_dp_vs_paper_accuracy.png
[2026-02-26T06:35:27-05:00] Compatibility CSV: /home/users/yz1075/msdt/results/comparison/acc_compare_original_histdefault_nooptuna_20260226_055228/_tmp/stable_lightgbm/multisplit_lightgbm_dp_results.csv
[2026-02-26T06:35:27-05:00] Compatibility plot: /home/users/yz1075/msdt/results/comparison/acc_compare_original_histdefault_nooptuna_20260226_055228/_tmp/stable_lightgbm/multisplit_lightgbm_dp_accuracy.png
[2026-02-26T06:35:27-05:00] Compatibility log: /home/users/yz1075/msdt/results/comparison/acc_compare_original_histdefault_nooptuna_20260226_055228/_tmp/stable_lightgbm/multisplit_lightgbm_depth_vs_accuracy.log
[compare] running: /home/users/yz1075/msdt/.venv/bin/python run_binarysplit_experiments_lightgbm.py --run-name acc_compare_original_histdefault_nooptuna_20260226_055228_lightgbm_split --datasets electricity eye-movements eye-state --depth-budgets 2 3 4 5 --seeds 0 1 2 3 4 --test-size 0.2 --time-limit 1200.0 --lookahead-cap 3 --max-bins 6 --min-samples-leaf 8 --min-child-size 8 --max-branching 0 --reg 0.01 --msplit-variant optimal_dp --parallel-trials 16 --threads-per-trial 1 --optuna-trials 5 --optuna-val-size 0.2 --optuna-seed 0 --optuna-timeout-sec 0.0 --optuna-warmstart-root results --optuna-warmstart-max-per-study 8 --optuna-seed-candidates 4 --cpu-utilization-target 1.0 --optuna-max-active-studies 0 --optuna-max-concurrent-trials 0 --results-root results/comparison/acc_compare_original_histdefault_nooptuna_20260226_055228/_tmp/runs_lightgbm_split/acc_compare_original_histdefault_nooptuna_20260226_055228_lightgbm_split --stable-results-dir results/comparison/acc_compare_original_histdefault_nooptuna_20260226_055228/_tmp/stable_lightgbm_split --no-package-artifacts --no-optuna-enable --optuna-warmstart-enable --paper-split-protocol --lgb-device-type cpu --lgb-binning-max-bins 12 --lgb-ensemble-runs 3 --lgb-ensemble-feature-fraction 0.8 --lgb-ensemble-bagging-fraction 0.8 --lgb-ensemble-bagging-freq 1 --lgb-threshold-dedup-eps 1e-09 --lgb-gpu-platform-id 0 --lgb-gpu-device-id 0 --lgb-gpu-fallback --lgb-max-gpu-jobs 1 --lgb-gpu-lock-dir /tmp/msdt_lgb_gpu_lock
[2026-02-26T06:35:28-05:00] Starting LightGBM SPLIT experiment run.
[2026-02-26T06:35:28-05:00] run_name=acc_compare_original_histdefault_nooptuna_20260226_055228_lightgbm_split
[2026-02-26T06:35:28-05:00] run_dir=/home/users/yz1075/msdt/results/comparison/acc_compare_original_histdefault_nooptuna_20260226_055228/_tmp/runs_lightgbm_split/acc_compare_original_histdefault_nooptuna_20260226_055228_lightgbm_split/acc_compare_original_histdefault_nooptuna_20260226_055228_lightgbm_split
[2026-02-26T06:35:28-05:00] parallel settings: parallel_trials=16, threads_per_trial=1, lgb_threads=1, lgb_binning_max_bins=12, lgb_ensemble_runs=3, lgb_device=cpu, lgb_max_gpu_jobs=1, core_budget=16, effective_core_budget=16, effective_parallel_trials=16, cpu_target=1.0
[2026-02-26T06:35:28-05:00] OpenML cache directory set to /home/users/yz1075/msdt/results/openml_cache
[2026-02-26T06:35:28-05:00] Loading dataset=electricity
[2026-02-26T06:35:29-05:00] dataset=electricity, class_prevalence(max class)=0.5755
[2026-02-26T06:35:29-05:00] Loading dataset=eye-movements
[2026-02-26T06:35:29-05:00] dataset=eye-movements, class_prevalence(max class)=0.5000
[2026-02-26T06:35:29-05:00] Loading dataset=eye-state
[2026-02-26T06:35:29-05:00] dataset=eye-state, class_prevalence(max class)=0.5512
[2026-02-26T06:35:29-05:00] optuna warm-start: scanned_files=7, study_keys=12, candidates=14, max_per_study=8
[2026-02-26T06:35:29-05:00] historical default params loaded for 12 studies; saved /home/users/yz1075/msdt/results/comparison/acc_compare_original_histdefault_nooptuna_20260226_055228/_tmp/runs_lightgbm_split/acc_compare_original_histdefault_nooptuna_20260226_055228_lightgbm_split/acc_compare_original_histdefault_nooptuna_20260226_055228_lightgbm_split/optuna/history_default_params.csv
[2026-02-26T06:35:29-05:00] dataset=electricity, depth=2, lookahead=1, seeds=[0, 1, 2, 3, 4], param_source=history_defaults
[2026-02-26T06:35:29-05:00] dataset=electricity, depth=3, lookahead=2, seeds=[0, 1, 2, 3, 4], param_source=history_defaults
[2026-02-26T06:35:29-05:00] dataset=electricity, depth=4, lookahead=2, seeds=[0, 1, 2, 3, 4], param_source=history_defaults
[2026-02-26T06:35:29-05:00] dataset=electricity, depth=5, lookahead=3, seeds=[0, 1, 2, 3, 4], param_source=history_defaults
[2026-02-26T06:35:29-05:00] dataset=eye-movements, depth=2, lookahead=1, seeds=[0, 1, 2, 3, 4], param_source=history_defaults
[2026-02-26T06:35:29-05:00] dataset=eye-movements, depth=3, lookahead=2, seeds=[0, 1, 2, 3, 4], param_source=history_defaults
[2026-02-26T06:35:29-05:00] dataset=eye-movements, depth=4, lookahead=1, seeds=[0, 1, 2, 3, 4], param_source=history_defaults
[2026-02-26T06:35:29-05:00] dataset=eye-movements, depth=5, lookahead=2, seeds=[0, 1, 2, 3, 4], param_source=history_defaults
[2026-02-26T06:35:29-05:00] dataset=eye-state, depth=2, lookahead=1, seeds=[0, 1, 2, 3, 4], param_source=history_defaults
[2026-02-26T06:35:29-05:00] dataset=eye-state, depth=3, lookahead=2, seeds=[0, 1, 2, 3, 4], param_source=history_defaults
[2026-02-26T06:35:29-05:00] dataset=eye-state, depth=4, lookahead=2, seeds=[0, 1, 2, 3, 4], param_source=history_defaults
[2026-02-26T06:35:29-05:00] dataset=eye-state, depth=5, lookahead=2, seeds=[0, 1, 2, 3, 4], param_source=history_defaults
[2026-02-26T06:35:29-05:00] executing 60 pending trials across 3 dataset(s) with parallel_workers=16, threads_per_trial=1, lgb_threads=1, effective_core_budget=16/16
Warning: lookahead 1 equals 1. This means the lookahead will be ignored (depth 1 is just the root).
Warning: lookahead 1 equals 1. This means the lookahead will be ignored (depth 1 is just the root).
Warning: lookahead 1 equals 1. This means the lookahead will be ignored (depth 1 is just the root).
[WARNING] A regularization was chosen that is less than 1 / (# of samples) = 0.00020542317173377156. This may lead to a longer training time if not adjusted.
Warning: lookahead 1 equals 1. This means the lookahead will be ignored (depth 1 is just the root).
[WARNING] A regularization was chosen that is less than 1 / (# of samples) = 0.00020542317173377156. This may lead to a longer training time if not adjusted.
Warning: lookahead 1 equals 1. This means the lookahead will be ignored (depth 1 is just the root).
[WARNING] A regularization was chosen that is less than 1 / (# of samples) = 0.00020542317173377156. This may lead to a longer training time if not adjusted.
Warning: lookahead 1 equals 1. This means the lookahead will be ignored (depth 1 is just the root).
Warning: lookahead 1 equals 1. This means the lookahead will be ignored (depth 1 is just the root).
[WARNING] A regularization was chosen that is less than 1 / (# of samples) = 0.00020542317173377156. This may lead to a longer training time if not adjusted.
Warning: lookahead 1 equals 1. This means the lookahead will be ignored (depth 1 is just the root).
Warning: lookahead 1 equals 1. This means the lookahead will be ignored (depth 1 is just the root).
Warning: lookahead 1 equals 1. This means the lookahead will be ignored (depth 1 is just the root).
Warning: lookahead 1 equals 1. This means the lookahead will be ignored (depth 1 is just the root).
Warning: lookahead 1 equals 1. This means the lookahead will be ignored (depth 1 is just the root).
[WARNING] A regularization was chosen that is less than 1 / (# of samples) = 0.00010430791697089809. This may lead to a longer training time if not adjusted.
[WARNING] A regularization was chosen that is less than 1 / (# of samples) = 0.00025056376847907793. This may lead to a longer training time if not adjusted.
[WARNING] A regularization was chosen that is less than 1 / (# of samples) = 0.00017869907076483203. This may lead to a longer training time if not adjusted.
[WARNING] A regularization was chosen that is less than 1 / (# of samples) = 0.00010430791697089809. This may lead to a longer training time if not adjusted.
[WARNING] A regularization was chosen that is less than 1 / (# of samples) = 0.00025284450063211124. This may lead to a longer training time if not adjusted.
[WARNING] A regularization was chosen that is less than 1 / (# of samples) = 0.0001775568181818182. This may lead to a longer training time if not adjusted.
[WARNING] A regularization was chosen that is less than 1 / (# of samples) = 0.00010430791697089809. This may lead to a longer training time if not adjusted.
[WARNING] A regularization was chosen that is less than 1 / (# of samples) = 0.0001686056314280897. This may lead to a longer training time if not adjusted.
[WARNING] A regularization was chosen that is less than 1 / (# of samples) = 0.0002735229759299781. This may lead to a longer training time if not adjusted.
[WARNING] A regularization was chosen that is less than 1 / (# of samples) = 0.00010430791697089809. This may lead to a longer training time if not adjusted.
[WARNING] A regularization was chosen that is less than 1 / (# of samples) = 0.00016570008285004143. This may lead to a longer training time if not adjusted.
[WARNING] A regularization was chosen that is less than 1 / (# of samples) = 0.00028153153153153153. This may lead to a longer training time if not adjusted.
[WARNING] A regularization was chosen that is less than 1 / (# of samples) = 0.00010430791697089809. This may lead to a longer training time if not adjusted.
[WARNING] A regularization was chosen that is less than 1 / (# of samples) = 0.00015964240102171138. This may lead to a longer training time if not adjusted.
[WARNING] A regularization was chosen that is less than 1 / (# of samples) = 0.0003009328919650918. This may lead to a longer training time if not adjusted.
Warning: lookahead 1 equals 1. This means the lookahead will be ignored (depth 1 is just the root).
Warning: lookahead 1 equals 1. This means the lookahead will be ignored (depth 1 is just the root).
[WARNING] A regularization was chosen that is less than 1 / (# of samples) = 0.00020542317173377156. This may lead to a longer training time if not adjusted.
Warning: lookahead 1 equals 1. This means the lookahead will be ignored (depth 1 is just the root).
Warning: lookahead 1 equals 1. This means the lookahead will be ignored (depth 1 is just the root).
Warning: lookahead 1 equals 1. This means the lookahead will be ignored (depth 1 is just the root).
Warning: lookahead 1 equals 1. This means the lookahead will be ignored (depth 1 is just the root).
Warning: lookahead 1 equals 1. This means the lookahead will be ignored (depth 1 is just the root).
Warning: lookahead 1 equals 1. This means the lookahead will be ignored (depth 1 is just the root).
[2026-02-26T06:38:36-05:00] trial dataset=electricity, depth=2, seed=1, status=ok, acc=0.7543859649122807
[2026-02-26T06:38:36-05:00] trial dataset=electricity, depth=2, seed=0, status=ok, acc=0.762109676707492
[2026-02-26T06:38:36-05:00] trial dataset=electricity, depth=2, seed=3, status=ok, acc=0.7584684982897495
[2026-02-26T06:38:36-05:00] trial dataset=electricity, depth=2, seed=2, status=ok, acc=0.756482400970981
[2026-02-26T06:38:36-05:00] trial dataset=electricity, depth=2, seed=4, status=ok, acc=0.7537239324726912
[2026-02-26T06:38:36-05:00] trial dataset=electricity, depth=3, seed=3, status=ok, acc=0.7653095001655081
[2026-02-26T06:38:36-05:00] trial dataset=electricity, depth=3, seed=1, status=ok, acc=0.7558203685313913
[2026-02-26T06:38:36-05:00] trial dataset=electricity, depth=3, seed=0, status=ok, acc=0.7675162749641399
[2026-02-26T06:38:36-05:00] trial dataset=electricity, depth=3, seed=2, status=ok, acc=0.75780646585016
[2026-02-26T06:38:36-05:00] trial dataset=electricity, depth=3, seed=4, status=ok, acc=0.7610062893081762
[2026-02-26T06:38:36-05:00] trial dataset=eye-movements, depth=2, seed=0, status=ok, acc=0.5525624178712221
[2026-02-26T06:38:36-05:00] trial dataset=electricity, depth=4, seed=1, status=ok, acc=0.7732538894405826
[2026-02-26T06:38:36-05:00] trial dataset=electricity, depth=4, seed=0, status=ok, acc=0.7814189561955203
[2026-02-26T06:38:36-05:00] trial dataset=electricity, depth=4, seed=4, status=ok, acc=0.7720401633013351
[2026-02-26T06:38:36-05:00] trial dataset=electricity, depth=4, seed=2, status=ok, acc=0.7734745669204458
[2026-02-26T06:38:36-05:00] trial dataset=electricity, depth=4, seed=3, status=ok, acc=0.7775571002979146
[2026-02-26T06:38:36-05:00] trial dataset=eye-movements, depth=2, seed=1, status=ok, acc=0.5374507227332457
[2026-02-26T06:38:36-05:00] trial dataset=eye-movements, depth=2, seed=3, status=ok, acc=0.5604467805519053
[2026-02-26T06:38:36-05:00] trial dataset=eye-movements, depth=2, seed=2, status=ok, acc=0.5670170827858082
[2026-02-26T06:38:36-05:00] trial dataset=eye-movements, depth=2, seed=4, status=ok, acc=0.5183968462549278
[2026-02-26T06:38:36-05:00] trial dataset=eye-movements, depth=3, seed=0, status=ok, acc=0.5696452036793692
[2026-02-26T06:38:36-05:00] trial dataset=eye-movements, depth=3, seed=1, status=ok, acc=0.557161629434954
[2026-02-26T06:38:36-05:00] trial dataset=eye-movements, depth=3, seed=2, status=ok, acc=0.5308804204993429
[2026-02-26T06:38:36-05:00] trial dataset=eye-movements, depth=3, seed=3, status=ok, acc=0.5604467805519053
[2026-02-26T06:38:36-05:00] trial dataset=eye-movements, depth=3, seed=4, status=ok, acc=0.5433639947437582
[2026-02-26T06:38:36-05:00] trial dataset=eye-state, depth=2, seed=0, status=ok, acc=0.5847797062750334
[2026-02-26T06:38:36-05:00] trial dataset=eye-state, depth=2, seed=1, status=ok, acc=0.5937917222963952
[2026-02-26T06:38:36-05:00] trial dataset=eye-state, depth=2, seed=2, status=ok, acc=0.5977970627503337
[2026-02-26T06:38:36-05:00] trial dataset=eye-state, depth=2, seed=3, status=ok, acc=0.5961281708945261
[2026-02-26T06:38:36-05:00] trial dataset=eye-state, depth=2, seed=4, status=ok, acc=0.6038050734312417
[2026-02-26T06:38:36-05:00] trial dataset=eye-state, depth=3, seed=0, status=ok, acc=0.6762349799732977
[2026-02-26T06:38:36-05:00] trial dataset=eye-state, depth=3, seed=1, status=ok, acc=0.6658878504672897
[2026-02-26T06:38:36-05:00] trial dataset=eye-state, depth=3, seed=2, status=ok, acc=0.6692256341789052
[2026-02-26T06:38:36-05:00] trial dataset=eye-state, depth=3, seed=3, status=ok, acc=0.6588785046728972
[2026-02-26T06:38:36-05:00] trial dataset=eye-state, depth=3, seed=4, status=ok, acc=0.6485313751668892
[2026-02-26T06:38:36-05:00] trial dataset=eye-state, depth=4, seed=0, status=ok, acc=0.6942590120160214
[2026-02-26T06:38:36-05:00] trial dataset=eye-state, depth=4, seed=1, status=ok, acc=0.6975967957276369
[2026-02-26T06:38:36-05:00] trial dataset=eye-state, depth=4, seed=2, status=ok, acc=0.7072763684913218
[2026-02-26T06:38:36-05:00] trial dataset=eye-state, depth=4, seed=3, status=ok, acc=0.6955941255006676
[2026-02-26T06:38:36-05:00] trial dataset=eye-state, depth=4, seed=4, status=ok, acc=0.7239652870493992
[2026-02-26T06:38:36-05:00] trial dataset=eye-state, depth=5, seed=0, status=ok, acc=0.7406542056074766
[2026-02-26T06:38:36-05:00] trial dataset=electricity, depth=5, seed=1, status=ok, acc=0.7543859649122807
[2026-02-26T06:38:36-05:00] trial dataset=electricity, depth=5, seed=2, status=ok, acc=0.756482400970981
[2026-02-26T06:38:36-05:00] trial dataset=electricity, depth=5, seed=3, status=ok, acc=0.7584684982897495
[2026-02-26T06:38:36-05:00] trial dataset=electricity, depth=5, seed=0, status=ok, acc=0.762109676707492
[2026-02-26T06:38:36-05:00] trial dataset=electricity, depth=5, seed=4, status=ok, acc=0.7537239324726912
[2026-02-26T06:38:36-05:00] trial dataset=eye-movements, depth=4, seed=0, status=ok, acc=0.5538764783180026
[2026-02-26T06:38:36-05:00] trial dataset=eye-movements, depth=4, seed=1, status=ok, acc=0.5565045992115637
[2026-02-26T06:38:36-05:00] trial dataset=eye-movements, depth=4, seed=4, status=ok, acc=0.5584756898817346
[2026-02-26T06:38:36-05:00] trial dataset=eye-movements, depth=4, seed=3, status=ok, acc=0.5525624178712221
[2026-02-26T06:38:36-05:00] trial dataset=eye-movements, depth=4, seed=2, status=ok, acc=0.5558475689881734
[2026-02-26T06:38:36-05:00] trial dataset=eye-state, depth=5, seed=1, status=ok, acc=0.7283044058744993
[2026-02-26T06:38:36-05:00] trial dataset=eye-state, depth=5, seed=3, status=ok, acc=0.6955941255006676
[2026-02-26T06:38:36-05:00] trial dataset=eye-state, depth=5, seed=4, status=ok, acc=0.7279706275033377
[2026-02-26T06:38:36-05:00] trial dataset=eye-state, depth=5, seed=2, status=ok, acc=0.735981308411215
[2026-02-26T06:38:36-05:00] trial dataset=eye-movements, depth=5, seed=0, status=ok, acc=0.5657030223390276
[2026-02-26T06:38:36-05:00] trial dataset=eye-movements, depth=5, seed=1, status=ok, acc=0.5597897503285151
[2026-02-26T06:38:36-05:00] trial dataset=eye-movements, depth=5, seed=4, status=ok, acc=0.557161629434954
[2026-02-26T06:38:36-05:00] trial dataset=eye-movements, depth=5, seed=3, status=ok, acc=0.5814717477003942
[2026-02-26T06:38:36-05:00] trial dataset=eye-movements, depth=5, seed=2, status=ok, acc=0.5492772667542707
[2026-02-26T06:38:37-05:00] === Summary Table ===
      dataset  depth_budget  lookahead_depth_budget  n_success  mean_train_accuracy  mean_accuracy  mean_balanced_accuracy  mean_trivial_accuracy  std_accuracy  mean_fit_time_sec  mean_n_leaves  mean_n_internal  mean_max_arity  mean_exact_internal_nodes  mean_greedy_internal_nodes
  electricity             2                       1          5               0.7572         0.7570                  0.7328                 0.5754        0.0034             0.0904         2.0000           1.0000          2.0000                     0.0000                      0.0000
  electricity             3                       2          5               0.7634         0.7615                  0.7403                 0.5754        0.0049             0.5655         3.8000           2.8000          2.0000                     0.0000                      0.0000
  electricity             4                       2          5               0.7787         0.7755                  0.7546                 0.5754        0.0039             1.4009         7.0000           6.0000          2.0000                     0.0000                      0.0000
  electricity             5                       3          5               0.7572         0.7570                  0.7328                 0.5754        0.0034           113.8248         2.0000           1.0000          2.0000                     0.0000                      0.0000
eye-movements             2                       1          5               0.5577         0.5472                  0.5472                 0.5000        0.0195             0.0361         2.0000           1.0000          2.0000                     0.0000                      0.0000
eye-movements             3                       2          5               0.5808         0.5523                  0.5523                 0.5000        0.0152             0.5124         4.0000           3.0000          2.0000                     0.0000                      0.0000
eye-movements             4                       1          5               0.5999         0.5555                  0.5555                 0.5000        0.0023           125.9919         8.0000           7.0000          2.0000                     0.0000                      0.0000
eye-movements             5                       2          5               0.6192         0.5627                  0.5627                 0.5000        0.0120           177.7721        15.8000          14.8000          2.0000                     0.0000                      0.0000
    eye-state             2                       1          5               0.6007         0.5953                  0.5735                 0.5511        0.0069             0.0366         2.0000           1.0000          2.0000                     0.0000                      0.0000
    eye-state             3                       2          5               0.6652         0.6638                  0.6551                 0.5511        0.0106             0.1210         4.0000           3.0000          2.0000                     0.0000                      0.0000
    eye-state             4                       2          5               0.7055         0.7037                  0.6909                 0.5511        0.0124             1.7145         8.0000           7.0000          2.0000                     0.0000                      0.0000
    eye-state             5                       2          5               0.7381         0.7257                  0.7156                 0.5511        0.0177            48.7077        16.0000          15.0000          2.0000                     0.0000                      0.0000
[2026-02-26T06:38:37-05:00] === Depth vs Accuracy (Exact) ===
[2026-02-26T06:38:37-05:00] Dataset: electricity
[2026-02-26T06:38:37-05:00] Depth 2: ours=0.7570 (75.70%), bal_acc=0.7328 (73.28%), trivial_acc=0.5754 (57.54%), mean_leaves=2.00, paper=0.8490 (84.90%), delta=-0.0920 (-9.20 pp)
[2026-02-26T06:38:37-05:00] Depth 3: ours=0.7615 (76.15%), bal_acc=0.7403 (74.03%), trivial_acc=0.5754 (57.54%), mean_leaves=3.80, paper=0.8260 (82.60%), delta=-0.0645 (-6.45 pp)
[2026-02-26T06:38:37-05:00] Depth 4: ours=0.7755 (77.55%), bal_acc=0.7546 (75.46%), trivial_acc=0.5754 (57.54%), mean_leaves=7.00, paper=0.8660 (86.60%), delta=-0.0905 (-9.05 pp)
[2026-02-26T06:38:37-05:00] Depth 5: ours=0.7570 (75.70%), bal_acc=0.7328 (73.28%), trivial_acc=0.5754 (57.54%), mean_leaves=2.00, paper=0.8820 (88.20%), delta=-0.1250 (-12.50 pp)
[2026-02-26T06:38:37-05:00] Dataset: eye-movements
[2026-02-26T06:38:37-05:00] Depth 2: ours=0.5472 (54.72%), bal_acc=0.5472 (54.72%), trivial_acc=0.5000 (50.00%), mean_leaves=2.00, paper=0.6010 (60.10%), delta=-0.0538 (-5.38 pp)
[2026-02-26T06:38:37-05:00] Depth 3: ours=0.5523 (55.23%), bal_acc=0.5523 (55.23%), trivial_acc=0.5000 (50.00%), mean_leaves=4.00, paper=0.6360 (63.60%), delta=-0.0837 (-8.37 pp)
[2026-02-26T06:38:37-05:00] Depth 4: ours=0.5555 (55.55%), bal_acc=0.5555 (55.55%), trivial_acc=0.5000 (50.00%), mean_leaves=8.00, paper=0.6620 (66.20%), delta=-0.1065 (-10.65 pp)
[2026-02-26T06:38:37-05:00] Depth 5: ours=0.5627 (56.27%), bal_acc=0.5627 (56.27%), trivial_acc=0.5000 (50.00%), mean_leaves=15.80, paper=0.6750 (67.50%), delta=-0.1123 (-11.23 pp)
[2026-02-26T06:38:37-05:00] Dataset: eye-state
[2026-02-26T06:38:37-05:00] Depth 2: ours=0.5953 (59.53%), bal_acc=0.5735 (57.35%), trivial_acc=0.5511 (55.11%), mean_leaves=2.00, paper=0.7590 (75.90%), delta=-0.1637 (-16.37 pp)
[2026-02-26T06:38:37-05:00] Depth 3: ours=0.6638 (66.38%), bal_acc=0.6551 (65.51%), trivial_acc=0.5511 (55.11%), mean_leaves=4.00, paper=0.7630 (76.30%), delta=-0.0992 (-9.92 pp)
[2026-02-26T06:38:37-05:00] Depth 4: ours=0.7037 (70.37%), bal_acc=0.6909 (69.09%), trivial_acc=0.5511 (55.11%), mean_leaves=8.00, paper=0.7930 (79.30%), delta=-0.0893 (-8.93 pp)
[2026-02-26T06:38:37-05:00] Depth 5: ours=0.7257 (72.57%), bal_acc=0.7156 (71.56%), trivial_acc=0.5511 (55.11%), mean_leaves=16.00, paper=0.8110 (81.10%), delta=-0.0853 (-8.53 pp)
[2026-02-26T06:38:37-05:00] Saved run summary CSV: /home/users/yz1075/msdt/results/comparison/acc_compare_original_histdefault_nooptuna_20260226_055228/_tmp/runs_lightgbm_split/acc_compare_original_histdefault_nooptuna_20260226_055228_lightgbm_split/acc_compare_original_histdefault_nooptuna_20260226_055228_lightgbm_split/summary_results.csv
[2026-02-26T06:38:37-05:00] Saved run seed CSV: /home/users/yz1075/msdt/results/comparison/acc_compare_original_histdefault_nooptuna_20260226_055228/_tmp/runs_lightgbm_split/acc_compare_original_histdefault_nooptuna_20260226_055228_lightgbm_split/acc_compare_original_histdefault_nooptuna_20260226_055228_lightgbm_split/seed_results.csv
[2026-02-26T06:38:37-05:00] Saved run plot: /home/users/yz1075/msdt/results/comparison/acc_compare_original_histdefault_nooptuna_20260226_055228/_tmp/runs_lightgbm_split/acc_compare_original_histdefault_nooptuna_20260226_055228_lightgbm_split/acc_compare_original_histdefault_nooptuna_20260226_055228_lightgbm_split/split_lightgbm_accuracy.png
[2026-02-26T06:38:37-05:00] Saved run log: /home/users/yz1075/msdt/results/comparison/acc_compare_original_histdefault_nooptuna_20260226_055228/_tmp/runs_lightgbm_split/acc_compare_original_histdefault_nooptuna_20260226_055228_lightgbm_split/acc_compare_original_histdefault_nooptuna_20260226_055228_lightgbm_split/split_lightgbm_depth_vs_accuracy.log
[2026-02-26T06:38:37-05:00] Saved run manifest: /home/users/yz1075/msdt/results/comparison/acc_compare_original_histdefault_nooptuna_20260226_055228/_tmp/runs_lightgbm_split/acc_compare_original_histdefault_nooptuna_20260226_055228_lightgbm_split/acc_compare_original_histdefault_nooptuna_20260226_055228_lightgbm_split/manifest.json
[2026-02-26T06:38:37-05:00] Saved run paper comparison plot: /home/users/yz1075/msdt/results/comparison/acc_compare_original_histdefault_nooptuna_20260226_055228/_tmp/runs_lightgbm_split/acc_compare_original_histdefault_nooptuna_20260226_055228_lightgbm_split/acc_compare_original_histdefault_nooptuna_20260226_055228_lightgbm_split/split_lightgbm_vs_paper_accuracy.png
[2026-02-26T06:38:37-05:00] Compatibility CSV: /home/users/yz1075/msdt/results/comparison/acc_compare_original_histdefault_nooptuna_20260226_055228/_tmp/stable_lightgbm_split/split_lightgbm_results.csv
[2026-02-26T06:38:37-05:00] Compatibility plot: /home/users/yz1075/msdt/results/comparison/acc_compare_original_histdefault_nooptuna_20260226_055228/_tmp/stable_lightgbm_split/split_lightgbm_accuracy.png
[2026-02-26T06:38:37-05:00] Compatibility log: /home/users/yz1075/msdt/results/comparison/acc_compare_original_histdefault_nooptuna_20260226_055228/_tmp/stable_lightgbm_split/split_lightgbm_depth_vs_accuracy.log
[compare] XGBoost dataset=electricity
[compare] XGBoost dataset=eye-movements
[compare] XGBoost dataset=eye-state
[compare] XGBoost parallel workers=16, threads_per_trial=1, trials=60
[compare] ShapeCART dataset=electricity
[compare] ShapeCART dataset=eye-movements
[compare] ShapeCART dataset=eye-state
[compare] ShapeCART parallel workers=16, trials=60
[compare] visualizing xgboost dataset=electricity depth=5 seed=0 source=artifact
[compare] visualizing: /home/users/yz1075/msdt/.venv/bin/python visualize_multisplit_tree.py --dataset electricity --pipeline xgboost --artifact-in results/comparison/acc_compare_original_histdefault_nooptuna_20260226_055228/tree_artifacts/xgboost_all/electricity/depth_5/seed_0.json --out results/comparison/acc_compare_original_histdefault_nooptuna_20260226_055228/XGBoost_trees/electricity.png --artifact-out results/comparison/acc_compare_original_histdefault_nooptuna_20260226_055228/tree_artifacts/xgboost/electricity.json
saved results/comparison/acc_compare_original_histdefault_nooptuna_20260226_055228/XGBoost_trees/electricity.png
accuracy 0.8756482401
realized_depth 5
[compare] visualizing lightgbm dataset=electricity depth=3 seed=0 source=artifact
[compare] visualizing: /home/users/yz1075/msdt/.venv/bin/python visualize_multisplit_tree.py --dataset electricity --pipeline lightgbm --artifact-in results/comparison/acc_compare_original_histdefault_nooptuna_20260226_055228/tree_artifacts/lightgbm_mssplit_all/electricity/depth_3/seed_0.json --out results/comparison/acc_compare_original_histdefault_nooptuna_20260226_055228/lightgbm_mssplit_trees/electricity.png --artifact-out results/comparison/acc_compare_original_histdefault_nooptuna_20260226_055228/tree_artifacts/lightgbm_mssplit/electricity.json
saved results/comparison/acc_compare_original_histdefault_nooptuna_20260226_055228/lightgbm_mssplit_trees/electricity.png
accuracy 0.8011695906
realized_depth 2
[compare] visualizing xgboost dataset=eye-movements depth=5 seed=3 source=artifact
[compare] visualizing: /home/users/yz1075/msdt/.venv/bin/python visualize_multisplit_tree.py --dataset eye-movements --pipeline xgboost --artifact-in results/comparison/acc_compare_original_histdefault_nooptuna_20260226_055228/tree_artifacts/xgboost_all/eye-movements/depth_5/seed_3.json --out results/comparison/acc_compare_original_histdefault_nooptuna_20260226_055228/XGBoost_trees/eye-movements.png --artifact-out results/comparison/acc_compare_original_histdefault_nooptuna_20260226_055228/tree_artifacts/xgboost/eye-movements.json
saved results/comparison/acc_compare_original_histdefault_nooptuna_20260226_055228/XGBoost_trees/eye-movements.png
accuracy 0.6491458607
realized_depth 5
[compare] visualizing lightgbm dataset=eye-movements depth=3 seed=0 source=artifact
[compare] visualizing: /home/users/yz1075/msdt/.venv/bin/python visualize_multisplit_tree.py --dataset eye-movements --pipeline lightgbm --artifact-in results/comparison/acc_compare_original_histdefault_nooptuna_20260226_055228/tree_artifacts/lightgbm_mssplit_all/eye-movements/depth_3/seed_0.json --out results/comparison/acc_compare_original_histdefault_nooptuna_20260226_055228/lightgbm_mssplit_trees/eye-movements.png --artifact-out results/comparison/acc_compare_original_histdefault_nooptuna_20260226_055228/tree_artifacts/lightgbm_mssplit/eye-movements.json
saved results/comparison/acc_compare_original_histdefault_nooptuna_20260226_055228/lightgbm_mssplit_trees/eye-movements.png
accuracy 0.5709592641
realized_depth 2
[compare] visualizing xgboost dataset=eye-state depth=5 seed=4 source=artifact
[compare] visualizing: /home/users/yz1075/msdt/.venv/bin/python visualize_multisplit_tree.py --dataset eye-state --pipeline xgboost --artifact-in results/comparison/acc_compare_original_histdefault_nooptuna_20260226_055228/tree_artifacts/xgboost_all/eye-state/depth_5/seed_4.json --out results/comparison/acc_compare_original_histdefault_nooptuna_20260226_055228/XGBoost_trees/eye-state.png --artifact-out results/comparison/acc_compare_original_histdefault_nooptuna_20260226_055228/tree_artifacts/xgboost/eye-state.json
saved results/comparison/acc_compare_original_histdefault_nooptuna_20260226_055228/XGBoost_trees/eye-state.png
accuracy 0.8958611482
realized_depth 5
[compare] visualizing lightgbm dataset=eye-state depth=3 seed=2 source=artifact
[compare] visualizing: /home/users/yz1075/msdt/.venv/bin/python visualize_multisplit_tree.py --dataset eye-state --pipeline lightgbm --artifact-in results/comparison/acc_compare_original_histdefault_nooptuna_20260226_055228/tree_artifacts/lightgbm_mssplit_all/eye-state/depth_3/seed_2.json --out results/comparison/acc_compare_original_histdefault_nooptuna_20260226_055228/lightgbm_mssplit_trees/eye-state.png --artifact-out results/comparison/acc_compare_original_histdefault_nooptuna_20260226_055228/tree_artifacts/lightgbm_mssplit/eye-state.json
saved results/comparison/acc_compare_original_histdefault_nooptuna_20260226_055228/lightgbm_mssplit_trees/eye-state.png
accuracy 0.6792389853
realized_depth 2
[compare] saved:
- results/comparison/acc_compare_original_histdefault_nooptuna_20260226_055228/accuracy_vs_depth_all.csv
- results/comparison/acc_compare_original_histdefault_nooptuna_20260226_055228/binary_split_detailed_report.txt
- results/comparison/acc_compare_original_histdefault_nooptuna_20260226_055228/lightgbm_mssplit_detailed_report.txt
- results/comparison/acc_compare_original_histdefault_nooptuna_20260226_055228/shapecart_detailed_report.txt
- results/comparison/acc_compare_original_histdefault_nooptuna_20260226_055228/accuracy_vs_depth_all.png
- results/comparison/acc_compare_original_histdefault_nooptuna_20260226_055228/accuracy_vs_depth_train_all.png
- results/comparison/acc_compare_original_histdefault_nooptuna_20260226_055228/lightgbm_mssplit_seed_runtime.csv
- results/comparison/acc_compare_original_histdefault_nooptuna_20260226_055228/lightgbm_mssplit_runtime_vs_depth.csv
- results/comparison/acc_compare_original_histdefault_nooptuna_20260226_055228/XGBoost_trees
- results/comparison/acc_compare_original_histdefault_nooptuna_20260226_055228/lightgbm_mssplit_trees
- results/comparison/acc_compare_original_histdefault_nooptuna_20260226_055228/optuna_history/lightgbm
- results/comparison/acc_compare_original_histdefault_nooptuna_20260226_055228/optuna_history/lightgbm_split
- results/comparison/acc_compare_original_histdefault_nooptuna_20260226_055228/tree_artifacts
- results/comparison/acc_compare_original_histdefault_nooptuna_20260226_055228/timing_profile.json
Saved run profile: /home/users/yz1075/msdt/results/comparison/acc_compare_original_histdefault_nooptuna_20260226_055228/run_profile.json
Saved time profile: /home/users/yz1075/msdt/results/comparison/acc_compare_original_histdefault_nooptuna_20260226_055228/run_profile.time.log
Saved command log: /home/users/yz1075/msdt/results/comparison/acc_compare_original_histdefault_nooptuna_20260226_055228/run_profile.cmd.txt
=== Run Profile Summary ===
wall_time=51:02.87
user_time_sec=40014.33
sys_time_sec=926.87
cpu_utilization=1336%
max_rss_kb=89591540
max_rss_gb=85.44
Job ended at Thu Feb 26 06:43:33 AM EST 2026
