[ATOMCOLOR-PAIR-PROFILE] phase=start depth=0 rows=31717 features_done=0/14 pairs=0 feasible_pairs=0 exactify_calls=0 exactify_feasible=0 exactify_aborted=0 prep_sec=0.000 family_sec=0.000 bounds_sec=0.000 exactify_sec=0.000 incumbent_f=-1 incumbent_g=-1 incumbent_ub=inf node_lb=inf max_ambiguity=inf pending_pairs=0 elapsed_sec=0.000
[ATOMCOLOR-PAIR-DETAIL] phase=prep_start depth=0 feature=0 rows=31717 atoms=0 groups=0 elapsed_sec=0.000
[ATOMCOLOR-PAIR-DETAIL] phase=prep_done depth=0 feature=0 rows=31717 atoms=0 groups=0 elapsed_sec=0.004
[ATOMCOLOR-PAIR-DETAIL] phase=family_prep_start depth=0 feature=0 rows=0 atoms=0 groups=0 elapsed_sec=0.000
[ATOMCOLOR-PAIR-DETAIL] phase=family_dict_done depth=0 feature=0 rows=0 atoms=32 groups=0 elapsed_sec=0.012
[ATOMCOLOR-PAIR-DETAIL] phase=family_start depth=0 feature=0 rows=0 atoms=32 groups=3 elapsed_sec=0.000
[ATOMCOLOR-PAIR-DETAIL] phase=family_group_done depth=0 feature=0 rows=0 atoms=32 groups=2 elapsed_sec=0.001
[ATOMCOLOR-PAIR-DETAIL] phase=family_group_done depth=0 feature=0 rows=0 atoms=32 groups=3 elapsed_sec=17.042
[ATOMCOLOR-PAIR-DETAIL] phase=family_done depth=0 feature=0 rows=0 atoms=32 groups=3 elapsed_sec=17.043
[ATOMCOLOR-PAIR-DETAIL] phase=family_exact_done depth=0 feature=0 rows=0 atoms=32 groups=3 elapsed_sec=17.054
[ATOMCOLOR-PAIR-DETAIL] phase=family_prep_done depth=0 feature=0 rows=0 atoms=32 groups=2 elapsed_sec=17.054
[ATOMCOLOR-PAIR-PROFILE] phase=broad depth=0 rows=31717 features_done=1/14 pairs=2 feasible_pairs=2 exactify_calls=0 exactify_feasible=0 exactify_aborted=0 prep_sec=0.004 family_sec=17.054 bounds_sec=0.005 exactify_sec=0.000 incumbent_f=-1 incumbent_g=-1 incumbent_ub=inf node_lb=inf max_ambiguity=inf pending_pairs=0 elapsed_sec=17.064
[ATOMCOLOR-PAIR-DETAIL] phase=prep_start depth=0 feature=1 rows=31717 atoms=0 groups=0 elapsed_sec=0.000
[ATOMCOLOR-PAIR-DETAIL] phase=prep_done depth=0 feature=1 rows=31717 atoms=0 groups=0 elapsed_sec=0.003
[ATOMCOLOR-PAIR-DETAIL] phase=family_prep_start depth=0 feature=1 rows=0 atoms=0 groups=0 elapsed_sec=0.000
[ATOMCOLOR-PAIR-DETAIL] phase=family_dict_done depth=0 feature=1 rows=0 atoms=32 groups=0 elapsed_sec=0.000
[ATOMCOLOR-PAIR-DETAIL] phase=family_start depth=0 feature=1 rows=0 atoms=32 groups=3 elapsed_sec=0.000
[ATOMCOLOR-PAIR-DETAIL] phase=family_group_done depth=0 feature=1 rows=0 atoms=32 groups=2 elapsed_sec=0.001
[ATOMCOLOR-PAIR-DETAIL] phase=family_group_done depth=0 feature=1 rows=0 atoms=32 groups=3 elapsed_sec=16.761
[ATOMCOLOR-PAIR-DETAIL] phase=family_done depth=0 feature=1 rows=0 atoms=32 groups=3 elapsed_sec=16.761
[ATOMCOLOR-PAIR-DETAIL] phase=family_exact_done depth=0 feature=1 rows=0 atoms=32 groups=3 elapsed_sec=16.762
[ATOMCOLOR-PAIR-DETAIL] phase=family_prep_done depth=0 feature=1 rows=0 atoms=32 groups=2 elapsed_sec=16.762
[ATOMCOLOR-PAIR-PROFILE] phase=broad depth=0 rows=31717 features_done=2/14 pairs=4 feasible_pairs=4 exactify_calls=0 exactify_feasible=0 exactify_aborted=0 prep_sec=0.007 family_sec=33.816 bounds_sec=0.010 exactify_sec=0.000 incumbent_f=-1 incumbent_g=-1 incumbent_ub=inf node_lb=inf max_ambiguity=inf pending_pairs=0 elapsed_sec=33.833
[ATOMCOLOR-PAIR-DETAIL] phase=prep_start depth=0 feature=2 rows=31717 atoms=0 groups=0 elapsed_sec=0.000
[ATOMCOLOR-PAIR-DETAIL] phase=prep_done depth=0 feature=2 rows=31717 atoms=0 groups=0 elapsed_sec=0.004
[ATOMCOLOR-PAIR-DETAIL] phase=family_prep_start depth=0 feature=2 rows=0 atoms=0 groups=0 elapsed_sec=0.000
[ATOMCOLOR-PAIR-DETAIL] phase=family_dict_done depth=0 feature=2 rows=0 atoms=32 groups=0 elapsed_sec=0.011
[ATOMCOLOR-PAIR-DETAIL] phase=family_start depth=0 feature=2 rows=0 atoms=32 groups=3 elapsed_sec=0.000
[ATOMCOLOR-PAIR-DETAIL] phase=family_group_done depth=0 feature=2 rows=0 atoms=32 groups=2 elapsed_sec=0.001
[ATOMCOLOR-PAIR-DETAIL] phase=family_group_done depth=0 feature=2 rows=0 atoms=32 groups=3 elapsed_sec=1.247
[ATOMCOLOR-PAIR-DETAIL] phase=family_done depth=0 feature=2 rows=0 atoms=32 groups=3 elapsed_sec=1.247
[ATOMCOLOR-PAIR-DETAIL] phase=family_exact_done depth=0 feature=2 rows=0 atoms=32 groups=3 elapsed_sec=1.258
[ATOMCOLOR-PAIR-DETAIL] phase=family_prep_done depth=0 feature=2 rows=0 atoms=32 groups=2 elapsed_sec=1.258
[ATOMCOLOR-PAIR-DETAIL] phase=prep_start depth=0 feature=3 rows=31717 atoms=0 groups=0 elapsed_sec=0.000
[ATOMCOLOR-PAIR-DETAIL] phase=prep_done depth=0 feature=3 rows=31717 atoms=0 groups=0 elapsed_sec=0.004
[ATOMCOLOR-PAIR-DETAIL] phase=family_prep_start depth=0 feature=3 rows=0 atoms=0 groups=0 elapsed_sec=0.000
[ATOMCOLOR-PAIR-DETAIL] phase=family_dict_done depth=0 feature=3 rows=0 atoms=32 groups=0 elapsed_sec=0.011
[ATOMCOLOR-PAIR-DETAIL] phase=family_start depth=0 feature=3 rows=0 atoms=32 groups=3 elapsed_sec=0.000
[ATOMCOLOR-PAIR-DETAIL] phase=family_group_done depth=0 feature=3 rows=0 atoms=32 groups=2 elapsed_sec=0.001
[ATOMCOLOR-PAIR-DETAIL] phase=family_group_done depth=0 feature=3 rows=0 atoms=32 groups=3 elapsed_sec=1.326
[ATOMCOLOR-PAIR-DETAIL] phase=family_done depth=0 feature=3 rows=0 atoms=32 groups=3 elapsed_sec=1.326
[ATOMCOLOR-PAIR-DETAIL] phase=family_exact_done depth=0 feature=3 rows=0 atoms=32 groups=3 elapsed_sec=1.337
[ATOMCOLOR-PAIR-DETAIL] phase=family_prep_done depth=0 feature=3 rows=0 atoms=32 groups=2 elapsed_sec=1.337
[ATOMCOLOR-PAIR-DETAIL] phase=prep_start depth=0 feature=4 rows=31717 atoms=0 groups=0 elapsed_sec=0.000
[ATOMCOLOR-PAIR-DETAIL] phase=prep_done depth=0 feature=4 rows=31717 atoms=0 groups=0 elapsed_sec=0.004
[ATOMCOLOR-PAIR-DETAIL] phase=family_prep_start depth=0 feature=4 rows=0 atoms=0 groups=0 elapsed_sec=0.000
[ATOMCOLOR-PAIR-DETAIL] phase=family_dict_done depth=0 feature=4 rows=0 atoms=32 groups=0 elapsed_sec=0.012
[ATOMCOLOR-PAIR-DETAIL] phase=family_start depth=0 feature=4 rows=0 atoms=32 groups=3 elapsed_sec=0.000
[ATOMCOLOR-PAIR-DETAIL] phase=family_group_done depth=0 feature=4 rows=0 atoms=32 groups=2 elapsed_sec=0.001
[ATOMCOLOR-PAIR-DETAIL] phase=family_group_done depth=0 feature=4 rows=0 atoms=32 groups=3 elapsed_sec=3.933
[ATOMCOLOR-PAIR-DETAIL] phase=family_done depth=0 feature=4 rows=0 atoms=32 groups=3 elapsed_sec=3.933
[ATOMCOLOR-PAIR-DETAIL] phase=family_exact_done depth=0 feature=4 rows=0 atoms=32 groups=3 elapsed_sec=3.945
[ATOMCOLOR-PAIR-DETAIL] phase=family_prep_done depth=0 feature=4 rows=0 atoms=32 groups=2 elapsed_sec=3.946
[ATOMCOLOR-PAIR-DETAIL] phase=prep_start depth=0 feature=5 rows=31717 atoms=0 groups=0 elapsed_sec=0.000
[ATOMCOLOR-PAIR-DETAIL] phase=prep_done depth=0 feature=5 rows=31717 atoms=0 groups=0 elapsed_sec=0.004
[ATOMCOLOR-PAIR-DETAIL] phase=family_prep_start depth=0 feature=5 rows=0 atoms=0 groups=0 elapsed_sec=0.000
[ATOMCOLOR-PAIR-DETAIL] phase=family_dict_done depth=0 feature=5 rows=0 atoms=32 groups=0 elapsed_sec=0.011
[ATOMCOLOR-PAIR-DETAIL] phase=family_start depth=0 feature=5 rows=0 atoms=32 groups=3 elapsed_sec=0.000
[ATOMCOLOR-PAIR-DETAIL] phase=family_group_done depth=0 feature=5 rows=0 atoms=32 groups=2 elapsed_sec=0.001
[ATOMCOLOR-PAIR-DETAIL] phase=family_group_done depth=0 feature=5 rows=0 atoms=32 groups=3 elapsed_sec=1.206
[ATOMCOLOR-PAIR-DETAIL] phase=family_done depth=0 feature=5 rows=0 atoms=32 groups=3 elapsed_sec=1.206
[ATOMCOLOR-PAIR-DETAIL] phase=family_exact_done depth=0 feature=5 rows=0 atoms=32 groups=3 elapsed_sec=1.217
[ATOMCOLOR-PAIR-DETAIL] phase=family_prep_done depth=0 feature=5 rows=0 atoms=32 groups=2 elapsed_sec=1.218
[ATOMCOLOR-PAIR-DETAIL] phase=prep_start depth=0 feature=6 rows=31717 atoms=0 groups=0 elapsed_sec=0.000
[ATOMCOLOR-PAIR-DETAIL] phase=prep_done depth=0 feature=6 rows=31717 atoms=0 groups=0 elapsed_sec=0.004
[ATOMCOLOR-PAIR-DETAIL] phase=family_prep_start depth=0 feature=6 rows=0 atoms=0 groups=0 elapsed_sec=0.000
[ATOMCOLOR-PAIR-DETAIL] phase=family_dict_done depth=0 feature=6 rows=0 atoms=32 groups=0 elapsed_sec=0.011
[ATOMCOLOR-PAIR-DETAIL] phase=family_start depth=0 feature=6 rows=0 atoms=32 groups=3 elapsed_sec=0.000
[ATOMCOLOR-PAIR-DETAIL] phase=family_group_done depth=0 feature=6 rows=0 atoms=32 groups=2 elapsed_sec=0.001
[ATOMCOLOR-PAIR-DETAIL] phase=family_group_done depth=0 feature=6 rows=0 atoms=32 groups=3 elapsed_sec=1.338
[ATOMCOLOR-PAIR-DETAIL] phase=family_done depth=0 feature=6 rows=0 atoms=32 groups=3 elapsed_sec=1.339
[ATOMCOLOR-PAIR-DETAIL] phase=family_exact_done depth=0 feature=6 rows=0 atoms=32 groups=3 elapsed_sec=1.350
[ATOMCOLOR-PAIR-DETAIL] phase=family_prep_done depth=0 feature=6 rows=0 atoms=32 groups=2 elapsed_sec=1.350
[ATOMCOLOR-PAIR-DETAIL] phase=prep_start depth=0 feature=7 rows=31717 atoms=0 groups=0 elapsed_sec=0.000
[ATOMCOLOR-PAIR-DETAIL] phase=prep_done depth=0 feature=7 rows=31717 atoms=0 groups=0 elapsed_sec=0.003
[ATOMCOLOR-PAIR-DETAIL] phase=family_prep_start depth=0 feature=7 rows=0 atoms=0 groups=0 elapsed_sec=0.000
[ATOMCOLOR-PAIR-DETAIL] phase=family_dict_done depth=0 feature=7 rows=0 atoms=2 groups=0 elapsed_sec=0.000
[ATOMCOLOR-PAIR-DETAIL] phase=family_start depth=0 feature=7 rows=0 atoms=2 groups=2 elapsed_sec=0.000
[ATOMCOLOR-PAIR-DETAIL] phase=family_group_done depth=0 feature=7 rows=0 atoms=2 groups=2 elapsed_sec=0.000
[ATOMCOLOR-PAIR-DETAIL] phase=family_done depth=0 feature=7 rows=0 atoms=2 groups=2 elapsed_sec=0.000
[ATOMCOLOR-PAIR-DETAIL] phase=family_exact_done depth=0 feature=7 rows=0 atoms=2 groups=2 elapsed_sec=0.000
[ATOMCOLOR-PAIR-DETAIL] phase=family_prep_done depth=0 feature=7 rows=0 atoms=2 groups=1 elapsed_sec=0.000
[ATOMCOLOR-PAIR-DETAIL] phase=prep_start depth=0 feature=8 rows=31717 atoms=0 groups=0 elapsed_sec=0.000
[ATOMCOLOR-PAIR-DETAIL] phase=prep_done depth=0 feature=8 rows=31717 atoms=0 groups=0 elapsed_sec=0.003
[ATOMCOLOR-PAIR-DETAIL] phase=family_prep_start depth=0 feature=8 rows=0 atoms=0 groups=0 elapsed_sec=0.000
[ATOMCOLOR-PAIR-DETAIL] phase=family_dict_done depth=0 feature=8 rows=0 atoms=2 groups=0 elapsed_sec=0.000
[ATOMCOLOR-PAIR-DETAIL] phase=family_start depth=0 feature=8 rows=0 atoms=2 groups=2 elapsed_sec=0.000
[ATOMCOLOR-PAIR-DETAIL] phase=family_group_done depth=0 feature=8 rows=0 atoms=2 groups=2 elapsed_sec=0.000
[ATOMCOLOR-PAIR-DETAIL] phase=family_done depth=0 feature=8 rows=0 atoms=2 groups=2 elapsed_sec=0.000
[ATOMCOLOR-PAIR-DETAIL] phase=family_exact_done depth=0 feature=8 rows=0 atoms=2 groups=2 elapsed_sec=0.000
[ATOMCOLOR-PAIR-DETAIL] phase=family_prep_done depth=0 feature=8 rows=0 atoms=2 groups=1 elapsed_sec=0.000
[ATOMCOLOR-PAIR-DETAIL] phase=prep_start depth=0 feature=9 rows=31717 atoms=0 groups=0 elapsed_sec=0.000
[ATOMCOLOR-PAIR-DETAIL] phase=prep_done depth=0 feature=9 rows=31717 atoms=0 groups=0 elapsed_sec=0.003
[ATOMCOLOR-PAIR-DETAIL] phase=family_prep_start depth=0 feature=9 rows=0 atoms=0 groups=0 elapsed_sec=0.000
[ATOMCOLOR-PAIR-DETAIL] phase=family_dict_done depth=0 feature=9 rows=0 atoms=2 groups=0 elapsed_sec=0.000
[ATOMCOLOR-PAIR-DETAIL] phase=family_start depth=0 feature=9 rows=0 atoms=2 groups=2 elapsed_sec=0.000
[ATOMCOLOR-PAIR-DETAIL] phase=family_group_done depth=0 feature=9 rows=0 atoms=2 groups=2 elapsed_sec=0.000
[ATOMCOLOR-PAIR-DETAIL] phase=family_done depth=0 feature=9 rows=0 atoms=2 groups=2 elapsed_sec=0.000
[ATOMCOLOR-PAIR-DETAIL] phase=family_exact_done depth=0 feature=9 rows=0 atoms=2 groups=2 elapsed_sec=0.000
[ATOMCOLOR-PAIR-DETAIL] phase=family_prep_done depth=0 feature=9 rows=0 atoms=2 groups=1 elapsed_sec=0.000
[ATOMCOLOR-PAIR-DETAIL] phase=prep_start depth=0 feature=10 rows=31717 atoms=0 groups=0 elapsed_sec=0.000
[ATOMCOLOR-PAIR-DETAIL] phase=prep_done depth=0 feature=10 rows=31717 atoms=0 groups=0 elapsed_sec=0.003
[ATOMCOLOR-PAIR-DETAIL] phase=family_prep_start depth=0 feature=10 rows=0 atoms=0 groups=0 elapsed_sec=0.000
[ATOMCOLOR-PAIR-DETAIL] phase=family_dict_done depth=0 feature=10 rows=0 atoms=2 groups=0 elapsed_sec=0.000
[ATOMCOLOR-PAIR-DETAIL] phase=family_start depth=0 feature=10 rows=0 atoms=2 groups=2 elapsed_sec=0.000
[ATOMCOLOR-PAIR-DETAIL] phase=family_group_done depth=0 feature=10 rows=0 atoms=2 groups=2 elapsed_sec=0.000
[ATOMCOLOR-PAIR-DETAIL] phase=family_done depth=0 feature=10 rows=0 atoms=2 groups=2 elapsed_sec=0.000
[ATOMCOLOR-PAIR-DETAIL] phase=family_exact_done depth=0 feature=10 rows=0 atoms=2 groups=2 elapsed_sec=0.000
[ATOMCOLOR-PAIR-DETAIL] phase=family_prep_done depth=0 feature=10 rows=0 atoms=2 groups=1 elapsed_sec=0.000
[ATOMCOLOR-PAIR-DETAIL] phase=prep_start depth=0 feature=11 rows=31717 atoms=0 groups=0 elapsed_sec=0.000
[ATOMCOLOR-PAIR-DETAIL] phase=prep_done depth=0 feature=11 rows=31717 atoms=0 groups=0 elapsed_sec=0.003
[ATOMCOLOR-PAIR-DETAIL] phase=family_prep_start depth=0 feature=11 rows=0 atoms=0 groups=0 elapsed_sec=0.000
[ATOMCOLOR-PAIR-DETAIL] phase=family_dict_done depth=0 feature=11 rows=0 atoms=2 groups=0 elapsed_sec=0.000
[ATOMCOLOR-PAIR-DETAIL] phase=family_start depth=0 feature=11 rows=0 atoms=2 groups=2 elapsed_sec=0.000
[ATOMCOLOR-PAIR-DETAIL] phase=family_group_done depth=0 feature=11 rows=0 atoms=2 groups=2 elapsed_sec=0.000
[ATOMCOLOR-PAIR-DETAIL] phase=family_done depth=0 feature=11 rows=0 atoms=2 groups=2 elapsed_sec=0.000
[ATOMCOLOR-PAIR-DETAIL] phase=family_exact_done depth=0 feature=11 rows=0 atoms=2 groups=2 elapsed_sec=0.000
[ATOMCOLOR-PAIR-DETAIL] phase=family_prep_done depth=0 feature=11 rows=0 atoms=2 groups=1 elapsed_sec=0.000
[ATOMCOLOR-PAIR-DETAIL] phase=prep_start depth=0 feature=12 rows=31717 atoms=0 groups=0 elapsed_sec=0.000
[ATOMCOLOR-PAIR-DETAIL] phase=prep_done depth=0 feature=12 rows=31717 atoms=0 groups=0 elapsed_sec=0.003
[ATOMCOLOR-PAIR-DETAIL] phase=family_prep_start depth=0 feature=12 rows=0 atoms=0 groups=0 elapsed_sec=0.000
[ATOMCOLOR-PAIR-DETAIL] phase=family_dict_done depth=0 feature=12 rows=0 atoms=2 groups=0 elapsed_sec=0.000
[ATOMCOLOR-PAIR-DETAIL] phase=family_start depth=0 feature=12 rows=0 atoms=2 groups=2 elapsed_sec=0.000
[ATOMCOLOR-PAIR-DETAIL] phase=family_group_done depth=0 feature=12 rows=0 atoms=2 groups=2 elapsed_sec=0.000
[ATOMCOLOR-PAIR-DETAIL] phase=family_done depth=0 feature=12 rows=0 atoms=2 groups=2 elapsed_sec=0.000
[ATOMCOLOR-PAIR-DETAIL] phase=family_exact_done depth=0 feature=12 rows=0 atoms=2 groups=2 elapsed_sec=0.000
[ATOMCOLOR-PAIR-DETAIL] phase=family_prep_done depth=0 feature=12 rows=0 atoms=2 groups=1 elapsed_sec=0.000
[ATOMCOLOR-PAIR-DETAIL] phase=prep_start depth=0 feature=13 rows=31717 atoms=0 groups=0 elapsed_sec=0.000
[ATOMCOLOR-PAIR-DETAIL] phase=prep_done depth=0 feature=13 rows=31717 atoms=0 groups=0 elapsed_sec=0.003
[ATOMCOLOR-PAIR-DETAIL] phase=family_prep_start depth=0 feature=13 rows=0 atoms=0 groups=0 elapsed_sec=0.000
[ATOMCOLOR-PAIR-DETAIL] phase=family_dict_done depth=0 feature=13 rows=0 atoms=2 groups=0 elapsed_sec=0.000
[ATOMCOLOR-PAIR-DETAIL] phase=family_start depth=0 feature=13 rows=0 atoms=2 groups=2 elapsed_sec=0.000
[ATOMCOLOR-PAIR-DETAIL] phase=family_group_done depth=0 feature=13 rows=0 atoms=2 groups=2 elapsed_sec=0.000
[ATOMCOLOR-PAIR-DETAIL] phase=family_done depth=0 feature=13 rows=0 atoms=2 groups=2 elapsed_sec=0.000
[ATOMCOLOR-PAIR-DETAIL] phase=family_exact_done depth=0 feature=13 rows=0 atoms=2 groups=2 elapsed_sec=0.000
[ATOMCOLOR-PAIR-DETAIL] phase=family_prep_done depth=0 feature=13 rows=0 atoms=2 groups=1 elapsed_sec=0.000
[ATOMCOLOR-PAIR-PROFILE] phase=broad_done depth=0 rows=31717 features_done=14/14 pairs=21 feasible_pairs=21 exactify_calls=0 exactify_feasible=0 exactify_aborted=0 prep_sec=0.049 family_sec=42.926 bounds_sec=0.051 exactify_sec=0.000 incumbent_f=-1 incumbent_g=-1 incumbent_ub=inf node_lb=inf max_ambiguity=inf pending_pairs=21 elapsed_sec=43.060
[ATOMCOLOR-PAIR-PROFILE] phase=start depth=1 rows=21706 features_done=0/14 pairs=0 feasible_pairs=0 exactify_calls=0 exactify_feasible=0 exactify_aborted=0 prep_sec=0.000 family_sec=0.000 bounds_sec=0.000 exactify_sec=0.000 incumbent_f=-1 incumbent_g=-1 incumbent_ub=inf node_lb=inf max_ambiguity=inf pending_pairs=0 elapsed_sec=0.000
[ATOMCOLOR-PAIR-DETAIL] phase=prep_start depth=1 feature=0 rows=21706 atoms=0 groups=0 elapsed_sec=0.000
[ATOMCOLOR-PAIR-DETAIL] phase=prep_done depth=1 feature=0 rows=21706 atoms=0 groups=0 elapsed_sec=0.003
[ATOMCOLOR-PAIR-DETAIL] phase=family_prep_start depth=1 feature=0 rows=0 atoms=0 groups=0 elapsed_sec=0.000
[ATOMCOLOR-PAIR-DETAIL] phase=family_dict_done depth=1 feature=0 rows=0 atoms=32 groups=0 elapsed_sec=0.012
[ATOMCOLOR-PAIR-DETAIL] phase=family_start depth=1 feature=0 rows=0 atoms=32 groups=3 elapsed_sec=0.000
[ATOMCOLOR-PAIR-DETAIL] phase=family_group_done depth=1 feature=0 rows=0 atoms=32 groups=2 elapsed_sec=0.001
[ATOMCOLOR-PAIR-DETAIL] phase=family_group_done depth=1 feature=0 rows=0 atoms=32 groups=3 elapsed_sec=348.489
[ATOMCOLOR-PAIR-DETAIL] phase=family_done depth=1 feature=0 rows=0 atoms=32 groups=3 elapsed_sec=348.490
[ATOMCOLOR-PAIR-DETAIL] phase=family_exact_done depth=1 feature=0 rows=0 atoms=32 groups=3 elapsed_sec=348.501
[ATOMCOLOR-PAIR-DETAIL] phase=family_prep_done depth=1 feature=0 rows=0 atoms=32 groups=2 elapsed_sec=348.501
[ATOMCOLOR-PAIR-PROFILE] phase=broad depth=1 rows=21706 features_done=1/14 pairs=2 feasible_pairs=2 exactify_calls=0 exactify_feasible=0 exactify_aborted=0 prep_sec=0.003 family_sec=348.501 bounds_sec=0.003 exactify_sec=0.000 incumbent_f=-1 incumbent_g=-1 incumbent_ub=inf node_lb=inf max_ambiguity=inf pending_pairs=0 elapsed_sec=348.507
[ATOMCOLOR-PAIR-DETAIL] phase=prep_start depth=1 feature=1 rows=21706 atoms=0 groups=0 elapsed_sec=0.000
[ATOMCOLOR-PAIR-DETAIL] phase=prep_done depth=1 feature=1 rows=21706 atoms=0 groups=0 elapsed_sec=0.002
[ATOMCOLOR-PAIR-DETAIL] phase=family_prep_start depth=1 feature=1 rows=0 atoms=0 groups=0 elapsed_sec=0.000
[ATOMCOLOR-PAIR-DETAIL] phase=family_dict_done depth=1 feature=1 rows=0 atoms=32 groups=0 elapsed_sec=0.000
[ATOMCOLOR-PAIR-DETAIL] phase=family_start depth=1 feature=1 rows=0 atoms=32 groups=3 elapsed_sec=0.000
Command terminated by signal 9
	Command being timed: ".venv/bin/python run_multisplit_experiments_lightgbm.py --run-name benchmark_teacher_guided_atomcolor_electricity_d3_l3_reg0_20260312_v7 --datasets electricity --depth-budgets 3 --seeds 0 --time-limit 28800 --lookahead-cap 3 --max-bins 255 --min-samples-leaf 8 --min-child-size 8 --proposal-atom-cap 32 --max-branching 3 --reg 0.0 --msplit-variant rush_dp --test-size 0.2 --parallel-trials 1 --threads-per-trial 6 --cpu-utilization-target 1.0 --no-optuna-enable --no-optuna-warmstart-enable --paper-split-protocol --lgb-device-type cpu --lgb-num-threads 6 --lgb-num-leaves 255 --lgb-learning-rate 0.05 --lgb-feature-fraction 1.0 --lgb-bagging-fraction 1.0 --lgb-bagging-freq 0 --lgb-min-data-in-bin 1 --lgb-lambda-l2 0.0 --results-root results/runs_lightgbm --stable-results-dir results/lightgbm --no-package-artifacts --approx-mode --patch-budget-per-feature 0 --exactify-top-m 0 --approx-ref-shortlist --approx-ref-widen-max 1 --no-approx-challenger-sweep-enabled --approx-distilled-mode --approx-distilled-geometry-mode teacher_guided_atomcolor"
	User time (seconds): 7252.44
	System time (seconds): 837.62
	Percent of CPU this job got: 93%
	Elapsed (wall clock) time (h:mm:ss or m:ss): 2:24:11
	Average shared text size (kbytes): 0
	Average unshared data size (kbytes): 0
	Average stack size (kbytes): 0
	Average total size (kbytes): 0
	Maximum resident set size (kbytes): 314058304
	Average resident set size (kbytes): 0
	Major (requiring I/O) page faults: 2757270
	Minor (reclaiming a frame) page faults: 87662483
	Voluntary context switches: 2721331
	Involuntary context switches: 9736715
	Swaps: 0
	File system inputs: 335083912
	File system outputs: 9232
	Socket messages sent: 0
	Socket messages received: 0
	Signals delivered: 0
	Page size (bytes): 4096
	Exit status: 0
[2026-03-12T18:58:43.362] error: Detected 1 oom_kill event in StepId=10724988.batch. Some of the step tasks have been OOM Killed.
