Traceback (most recent call last):
  File "<stdin>", line 75, in <module>
  File "<stdin>", line 43, in main
RuntimeError: teacher_guided_atomcolor scalar k3 solver invariant failed: leaf cost mismatch
Command exited with non-zero status 1
	Command being timed: ".venv/bin/python -"
	User time (seconds): 20.22
	System time (seconds): 1.47
	Percent of CPU this job got: 199%
	Elapsed (wall clock) time (h:mm:ss or m:ss): 0:10.87
	Average shared text size (kbytes): 0
	Average unshared data size (kbytes): 0
	Average stack size (kbytes): 0
	Average total size (kbytes): 0
	Maximum resident set size (kbytes): 606292
	Average resident set size (kbytes): 0
	Major (requiring I/O) page faults: 43
	Minor (reclaiming a frame) page faults: 492745
	Voluntary context switches: 4297
	Involuntary context switches: 101
	Swaps: 0
	File system inputs: 1152
	File system outputs: 5160
	Socket messages sent: 0
	Socket messages received: 0
	Signals delivered: 0
	Page size (bytes): 4096
	Exit status: 1
