[I 2026-02-16 05:04:57,798] A new study created in memory with name: cart_electricity_d2
[I 2026-02-16 05:04:57,806] A new study created in memory with name: cart_electricity_d3
[I 2026-02-16 05:04:57,814] A new study created in memory with name: cart_electricity_d4
[I 2026-02-16 05:04:57,822] A new study created in memory with name: cart_electricity_d5
[I 2026-02-16 05:04:57,830] A new study created in memory with name: cart_electricity_d6
[I 2026-02-16 05:04:57,833] A new study created in memory with name: cart_eye-movements_d2
[I 2026-02-16 05:04:57,837] A new study created in memory with name: cart_eye-movements_d4
[I 2026-02-16 05:04:57,838] A new study created in memory with name: cart_eye-movements_d3
[I 2026-02-16 05:04:57,839] A new study created in memory with name: cart_eye-movements_d5
[I 2026-02-16 05:04:57,841] A new study created in memory with name: cart_eye-movements_d6
[I 2026-02-16 05:04:57,845] A new study created in memory with name: cart_eye-state_d2
[I 2026-02-16 05:04:57,850] A new study created in memory with name: cart_eye-state_d3
[I 2026-02-16 05:04:57,966] Trial 0 finished with value: 0.5886524822695035 and parameters: {'lookahead_cap': 1, 'max_bins': 3, 'min_samples_leaf': 7, 'min_child_size': 14, 'max_branching': 2, 'reg': 0.018719388072760672, 'branch_penalty': 0.0001455010798045433}. Best is trial 0 with value: 0.5886524822695035.
[I 2026-02-16 05:04:57,971] Trial 1 finished with value: 0.5377668308702791 and parameters: {'lookahead_cap': 1, 'max_bins': 2, 'min_samples_leaf': 5, 'min_child_size': 10, 'max_branching': 2, 'reg': 0.003045804345160554, 'branch_penalty': 0.0003805583886049902}. Best is trial 1 with value: 0.5377668308702791.
[I 2026-02-16 05:04:58,068] Trial 1 finished with value: 0.6337088026700042 and parameters: {'lookahead_cap': 2, 'max_bins': 2, 'min_samples_leaf': 14, 'min_child_size': 15, 'max_branching': 5, 'reg': 0.00033457615025902457, 'branch_penalty': 0.007055546679301846}. Best is trial 1 with value: 0.6337088026700042.
[I 2026-02-16 05:04:58,078] Trial 2 finished with value: 0.7641379310344828 and parameters: {'lookahead_cap': 1, 'max_bins': 4, 'min_samples_leaf': 12, 'min_child_size': 14, 'max_branching': 0, 'reg': 0.014601586747382997, 'branch_penalty': 0.000894329356579201}. Best is trial 2 with value: 0.7641379310344828.
[I 2026-02-16 05:04:58,100] Trial 0 finished with value: 0.5451559934318555 and parameters: {'lookahead_cap': 1, 'max_bins': 3, 'min_samples_leaf': 8, 'min_child_size': 8, 'max_branching': 0, 'reg': 0.00010111102722775644, 'branch_penalty': 0.00025038762805050177}. Best is trial 0 with value: 0.5451559934318555.
[I 2026-02-16 05:04:58,101] Trial 2 finished with value: 0.5965790571547768 and parameters: {'lookahead_cap': 1, 'max_bins': 3, 'min_samples_leaf': 4, 'min_child_size': 16, 'max_branching': 2, 'reg': 0.0018041950325452018, 'branch_penalty': 0.002363029130799783}. Best is trial 2 with value: 0.5965790571547768.
[I 2026-02-16 05:04:58,171] Trial 2 finished with value: 0.5369458128078818 and parameters: {'lookahead_cap': 1, 'max_bins': 4, 'min_samples_leaf': 14, 'min_child_size': 16, 'max_branching': 4, 'reg': 0.0017897886694187982, 'branch_penalty': 0.007412604425589973}. Best is trial 0 with value: 0.5451559934318555.
[I 2026-02-16 05:04:58,232] Trial 1 finished with value: 0.6278681685440134 and parameters: {'lookahead_cap': 1, 'max_bins': 4, 'min_samples_leaf': 2, 'min_child_size': 12, 'max_branching': 4, 'reg': 0.0015907591923386233, 'branch_penalty': 0.007108407899472631}. Best is trial 1 with value: 0.6278681685440134.
[I 2026-02-16 05:04:58,263] Trial 1 finished with value: 0.7510344827586207 and parameters: {'lookahead_cap': 1, 'max_bins': 4, 'min_samples_leaf': 8, 'min_child_size': 14, 'max_branching': 5, 'reg': 0.00028223799127138807, 'branch_penalty': 0.0014159826632895497}. Best is trial 2 with value: 0.7641379310344828.
[I 2026-02-16 05:04:58,338] Trial 3 finished with value: 0.5492610837438424 and parameters: {'lookahead_cap': 1, 'max_bins': 4, 'min_samples_leaf': 16, 'min_child_size': 9, 'max_branching': 3, 'reg': 0.0003228658018617427, 'branch_penalty': 0.0011123238276054906}. Best is trial 3 with value: 0.5492610837438424.
[I 2026-02-16 05:04:58,378] Trial 1 finished with value: 0.5714285714285714 and parameters: {'lookahead_cap': 1, 'max_bins': 3, 'min_samples_leaf': 4, 'min_child_size': 7, 'max_branching': 0, 'reg': 0.0015034723099070326, 'branch_penalty': 0.01789508461811971}. Best is trial 1 with value: 0.5714285714285714.
[I 2026-02-16 05:04:58,391] Trial 4 finished with value: 0.6320400500625782 and parameters: {'lookahead_cap': 1, 'max_bins': 5, 'min_samples_leaf': 10, 'min_child_size': 12, 'max_branching': 4, 'reg': 0.007998867139048151, 'branch_penalty': 0.002463060880983603}. Best is trial 4 with value: 0.6320400500625782.
[I 2026-02-16 05:04:58,427] Trial 0 finished with value: 0.760551724137931 and parameters: {'lookahead_cap': 1, 'max_bins': 6, 'min_samples_leaf': 7, 'min_child_size': 6, 'max_branching': 4, 'reg': 0.009949161509070395, 'branch_penalty': 0.0002883723802634775}. Best is trial 2 with value: 0.7641379310344828.
[I 2026-02-16 05:04:58,448] Trial 4 finished with value: 0.5689655172413793 and parameters: {'lookahead_cap': 1, 'max_bins': 4, 'min_samples_leaf': 4, 'min_child_size': 10, 'max_branching': 6, 'reg': 0.0006158638079367035, 'branch_penalty': 0.0030494920877863737}. Best is trial 4 with value: 0.5689655172413793.
[I 2026-02-16 05:04:58,482] Trial 5 finished with value: 0.590738423028786 and parameters: {'lookahead_cap': 1, 'max_bins': 2, 'min_samples_leaf': 10, 'min_child_size': 13, 'max_branching': 5, 'reg': 0.004288080818016769, 'branch_penalty': 0.00010397050624362434}. Best is trial 4 with value: 0.6320400500625782.
[I 2026-02-16 05:04:58,538] Trial 5 finished with value: 0.5706075533661741 and parameters: {'lookahead_cap': 1, 'max_bins': 6, 'min_samples_leaf': 7, 'min_child_size': 9, 'max_branching': 6, 'reg': 0.0011777846088396413, 'branch_penalty': 0.019345411132975658}. Best is trial 5 with value: 0.5706075533661741.
[I 2026-02-16 05:04:58,603] Trial 3 finished with value: 0.7582068965517241 and parameters: {'lookahead_cap': 1, 'max_bins': 3, 'min_samples_leaf': 2, 'min_child_size': 10, 'max_branching': 0, 'reg': 0.018180868873750016, 'branch_penalty': 0.0014755715606520373}. Best is trial 2 with value: 0.7641379310344828.
[I 2026-02-16 05:04:58,616] Trial 3 finished with value: 0.6295369211514393 and parameters: {'lookahead_cap': 1, 'max_bins': 5, 'min_samples_leaf': 9, 'min_child_size': 5, 'max_branching': 0, 'reg': 0.0007739984956482739, 'branch_penalty': 0.01102278230841921}. Best is trial 4 with value: 0.6320400500625782.
[I 2026-02-16 05:04:58,623] Trial 1 finished with value: 0.756551724137931 and parameters: {'lookahead_cap': 1, 'max_bins': 3, 'min_samples_leaf': 2, 'min_child_size': 4, 'max_branching': 2, 'reg': 0.00017434629867360684, 'branch_penalty': 0.00788691516716795}. Best is trial 1 with value: 0.756551724137931.
[I 2026-02-16 05:04:58,690] Trial 6 finished with value: 0.5476190476190477 and parameters: {'lookahead_cap': 1, 'max_bins': 3, 'min_samples_leaf': 16, 'min_child_size': 3, 'max_branching': 3, 'reg': 0.04418021820341234, 'branch_penalty': 0.0024080863393466075}. Best is trial 5 with value: 0.5706075533661741.
[I 2026-02-16 05:04:58,759] Trial 6 finished with value: 0.6282853566958698 and parameters: {'lookahead_cap': 1, 'max_bins': 3, 'min_samples_leaf': 14, 'min_child_size': 12, 'max_branching': 0, 'reg': 0.00375286506549027, 'branch_penalty': 0.0012726805053386737}. Best is trial 4 with value: 0.6320400500625782.
[I 2026-02-16 05:04:58,760] Trial 7 finished with value: 0.5689655172413793 and parameters: {'lookahead_cap': 1, 'max_bins': 2, 'min_samples_leaf': 14, 'min_child_size': 7, 'max_branching': 0, 'reg': 0.0022086372753762646, 'branch_penalty': 0.00022031745355322467}. Best is trial 5 with value: 0.5706075533661741.
[I 2026-02-16 05:04:58,793] Trial 6 finished with value: 0.7655172413793103 and parameters: {'lookahead_cap': 1, 'max_bins': 2, 'min_samples_leaf': 2, 'min_child_size': 6, 'max_branching': 5, 'reg': 0.03561179986076277, 'branch_penalty': 0.0011801543322562259}. Best is trial 6 with value: 0.7655172413793103.
[I 2026-02-16 05:04:58,829] Trial 8 finished with value: 0.5673234811165846 and parameters: {'lookahead_cap': 1, 'max_bins': 2, 'min_samples_leaf': 13, 'min_child_size': 10, 'max_branching': 6, 'reg': 0.004191117595955981, 'branch_penalty': 0.0007787120028898571}. Best is trial 5 with value: 0.5706075533661741.
[I 2026-02-16 05:04:58,951] Trial 8 finished with value: 0.6303712974551523 and parameters: {'lookahead_cap': 1, 'max_bins': 5, 'min_samples_leaf': 4, 'min_child_size': 15, 'max_branching': 4, 'reg': 0.00036587034990788475, 'branch_penalty': 0.0004744115720654806}. Best is trial 4 with value: 0.6320400500625782.
[I 2026-02-16 05:04:58,965] Trial 9 finished with value: 0.535303776683087 and parameters: {'lookahead_cap': 1, 'max_bins': 5, 'min_samples_leaf': 16, 'min_child_size': 3, 'max_branching': 2, 'reg': 0.0012773816129252916, 'branch_penalty': 0.00011072733840646107}. Best is trial 5 with value: 0.5706075533661741.
[I 2026-02-16 05:04:58,951] Trial 7 finished with value: 0.6274509803921569 and parameters: {'lookahead_cap': 1, 'max_bins': 3, 'min_samples_leaf': 9, 'min_child_size': 4, 'max_branching': 3, 'reg': 0.025549643475391164, 'branch_penalty': 0.0018073190787148503}. Best is trial 4 with value: 0.6320400500625782.
[I 2026-02-16 05:04:59,024] Trial 4 finished with value: 0.7561379310344828 and parameters: {'lookahead_cap': 1, 'max_bins': 4, 'min_samples_leaf': 16, 'min_child_size': 8, 'max_branching': 0, 'reg': 0.0021953599140292416, 'branch_penalty': 0.0014196746385678634}. Best is trial 6 with value: 0.7655172413793103.
[I 2026-02-16 05:04:59,040] A new study created in memory with name: cart_eye-state_d4
[I 2026-02-16 05:04:59,077] Trial 9 finished with value: 0.6420525657071339 and parameters: {'lookahead_cap': 1, 'max_bins': 3, 'min_samples_leaf': 3, 'min_child_size': 14, 'max_branching': 6, 'reg': 0.0004263720553341347, 'branch_penalty': 0.00015592362479307468}. Best is trial 9 with value: 0.6420525657071339.
[I 2026-02-16 05:04:59,024] Trial 5 finished with value: 0.7562758620689655 and parameters: {'lookahead_cap': 1, 'max_bins': 6, 'min_samples_leaf': 10, 'min_child_size': 9, 'max_branching': 4, 'reg': 0.0018858630435609144, 'branch_penalty': 0.010510015161929264}. Best is trial 6 with value: 0.7655172413793103.
[I 2026-02-16 05:04:59,158] A new study created in memory with name: cart_eye-state_d5
[I 2026-02-16 05:04:59,269] Trial 0 finished with value: 0.6612432206925324 and parameters: {'lookahead_cap': 2, 'max_bins': 4, 'min_samples_leaf': 8, 'min_child_size': 14, 'max_branching': 3, 'reg': 0.0001048842484248629, 'branch_penalty': 0.0057106289524351175}. Best is trial 0 with value: 0.6612432206925324.
[I 2026-02-16 05:04:59,364] Trial 8 finished with value: 0.7684137931034483 and parameters: {'lookahead_cap': 1, 'max_bins': 2, 'min_samples_leaf': 4, 'min_child_size': 10, 'max_branching': 4, 'reg': 0.0009010165351622089, 'branch_penalty': 0.000267537232393344}. Best is trial 8 with value: 0.7684137931034483.
[I 2026-02-16 05:04:59,398] Trial 0 finished with value: 0.7573793103448276 and parameters: {'lookahead_cap': 1, 'max_bins': 3, 'min_samples_leaf': 10, 'min_child_size': 13, 'max_branching': 2, 'reg': 0.04217528263247906, 'branch_penalty': 0.000387091724691254}. Best is trial 0 with value: 0.7573793103448276.
[I 2026-02-16 05:04:59,491] Trial 7 finished with value: 0.7526896551724138 and parameters: {'lookahead_cap': 1, 'max_bins': 3, 'min_samples_leaf': 16, 'min_child_size': 13, 'max_branching': 2, 'reg': 0.000123420643051344, 'branch_penalty': 0.00035803850408181376}. Best is trial 8 with value: 0.7684137931034483.
[I 2026-02-16 05:04:59,646] Trial 9 finished with value: 0.7591724137931034 and parameters: {'lookahead_cap': 1, 'max_bins': 6, 'min_samples_leaf': 5, 'min_child_size': 11, 'max_branching': 4, 'reg': 0.00011131697861660975, 'branch_penalty': 0.00951686301087789}. Best is trial 8 with value: 0.7684137931034483.
[I 2026-02-16 05:04:59,689] Trial 2 finished with value: 0.6758448060075094 and parameters: {'lookahead_cap': 2, 'max_bins': 3, 'min_samples_leaf': 13, 'min_child_size': 11, 'max_branching': 4, 'reg': 0.0030627666504065894, 'branch_penalty': 0.000254281197070569}. Best is trial 2 with value: 0.6758448060075094.
[I 2026-02-16 05:04:59,691] Trial 0 finished with value: 0.6620775969962454 and parameters: {'lookahead_cap': 1, 'max_bins': 2, 'min_samples_leaf': 4, 'min_child_size': 7, 'max_branching': 3, 'reg': 0.002660727935623987, 'branch_penalty': 0.0001730031188696714}. Best is trial 0 with value: 0.6620775969962454.
[I 2026-02-16 05:04:59,716] A new study created in memory with name: cart_eye-state_d6
[I 2026-02-16 05:04:59,837] Trial 2 finished with value: 0.7583448275862069 and parameters: {'lookahead_cap': 3, 'max_bins': 2, 'min_samples_leaf': 13, 'min_child_size': 10, 'max_branching': 3, 'reg': 0.008290719426975596, 'branch_penalty': 0.01823024979363238}. Best is trial 2 with value: 0.7583448275862069.
[I 2026-02-16 05:05:00,265] Trial 2 finished with value: 0.555008210180624 and parameters: {'lookahead_cap': 1, 'max_bins': 5, 'min_samples_leaf': 3, 'min_child_size': 3, 'max_branching': 5, 'reg': 0.004420322941432413, 'branch_penalty': 0.0006903998223801749}. Best is trial 1 with value: 0.5714285714285714.
[I 2026-02-16 05:05:01,991] Trial 3 finished with value: 0.5511055486024197 and parameters: {'lookahead_cap': 2, 'max_bins': 5, 'min_samples_leaf': 9, 'min_child_size': 13, 'max_branching': 2, 'reg': 0.04681343035811775, 'branch_penalty': 0.00024005166365830344}. Best is trial 2 with value: 0.6758448060075094.
[I 2026-02-16 05:05:02,219] Trial 1 finished with value: 0.7604137931034483 and parameters: {'lookahead_cap': 1, 'max_bins': 2, 'min_samples_leaf': 12, 'min_child_size': 5, 'max_branching': 5, 'reg': 0.0002653441749192269, 'branch_penalty': 0.0046304292171750324}. Best is trial 1 with value: 0.7604137931034483.
[I 2026-02-16 05:05:03,263] Trial 0 finished with value: 0.5591133004926109 and parameters: {'lookahead_cap': 2, 'max_bins': 6, 'min_samples_leaf': 6, 'min_child_size': 5, 'max_branching': 5, 'reg': 0.01627491904031462, 'branch_penalty': 0.0003600610004014271}. Best is trial 1 with value: 0.5714285714285714.
[I 2026-02-16 05:05:03,381] Trial 2 finished with value: 0.7584827586206897 and parameters: {'lookahead_cap': 1, 'max_bins': 6, 'min_samples_leaf': 8, 'min_child_size': 8, 'max_branching': 3, 'reg': 0.005576970904980906, 'branch_penalty': 0.0004409404099544253}. Best is trial 2 with value: 0.7584827586206897.
[I 2026-02-16 05:05:03,775] Trial 4 finished with value: 0.7524137931034482 and parameters: {'lookahead_cap': 2, 'max_bins': 2, 'min_samples_leaf': 6, 'min_child_size': 4, 'max_branching': 3, 'reg': 0.0035331798010744954, 'branch_penalty': 0.004234869242337177}. Best is trial 2 with value: 0.7584827586206897.
[I 2026-02-16 05:05:04,253] Trial 5 finished with value: 0.6846057571964956 and parameters: {'lookahead_cap': 1, 'max_bins': 5, 'min_samples_leaf': 2, 'min_child_size': 5, 'max_branching': 5, 'reg': 0.0010563476505762728, 'branch_penalty': 0.00028564063220665366}. Best is trial 5 with value: 0.6846057571964956.
[I 2026-02-16 05:05:04,451] Trial 7 finished with value: 0.6533166458072591 and parameters: {'lookahead_cap': 1, 'max_bins': 2, 'min_samples_leaf': 7, 'min_child_size': 11, 'max_branching': 5, 'reg': 0.01610081388929783, 'branch_penalty': 0.010794410315798168}. Best is trial 5 with value: 0.6846057571964956.
[I 2026-02-16 05:05:05,240] Trial 3 finished with value: 0.5591133004926109 and parameters: {'lookahead_cap': 2, 'max_bins': 5, 'min_samples_leaf': 16, 'min_child_size': 16, 'max_branching': 4, 'reg': 0.002142984731395582, 'branch_penalty': 0.0004015229448839122}. Best is trial 1 with value: 0.5714285714285714.
[I 2026-02-16 05:05:05,561] Trial 4 finished with value: 0.6691697955778055 and parameters: {'lookahead_cap': 1, 'max_bins': 4, 'min_samples_leaf': 7, 'min_child_size': 3, 'max_branching': 0, 'reg': 0.001573048281262293, 'branch_penalty': 0.0024098292471861943}. Best is trial 5 with value: 0.6846057571964956.
[I 2026-02-16 05:05:05,819] Trial 1 finished with value: 0.5697865353037767 and parameters: {'lookahead_cap': 3, 'max_bins': 3, 'min_samples_leaf': 7, 'min_child_size': 13, 'max_branching': 4, 'reg': 0.010233109867591236, 'branch_penalty': 0.00033529081607824895}. Best is trial 1 with value: 0.5697865353037767.
[I 2026-02-16 05:05:06,027] Trial 6 finished with value: 0.6528994576554026 and parameters: {'lookahead_cap': 1, 'max_bins': 3, 'min_samples_leaf': 7, 'min_child_size': 9, 'max_branching': 6, 'reg': 0.00043073608575822407, 'branch_penalty': 0.00016855182549961988}. Best is trial 5 with value: 0.6846057571964956.
[I 2026-02-16 05:05:06,324] Trial 3 finished with value: 0.7582068965517241 and parameters: {'lookahead_cap': 2, 'max_bins': 5, 'min_samples_leaf': 4, 'min_child_size': 4, 'max_branching': 6, 'reg': 0.008456442310830776, 'branch_penalty': 0.01504384249584364}. Best is trial 2 with value: 0.7584827586206897.
[I 2026-02-16 05:05:06,988] Trial 0 finished with value: 0.6545682102628285 and parameters: {'lookahead_cap': 3, 'max_bins': 2, 'min_samples_leaf': 15, 'min_child_size': 2, 'max_branching': 5, 'reg': 0.015662533225469913, 'branch_penalty': 0.003977898937287959}. Best is trial 0 with value: 0.6545682102628285.
[I 2026-02-16 05:05:08,100] Trial 5 finished with value: 0.5779967159277504 and parameters: {'lookahead_cap': 1, 'max_bins': 6, 'min_samples_leaf': 15, 'min_child_size': 11, 'max_branching': 0, 'reg': 0.015397065872409525, 'branch_penalty': 0.0002246316642339109}. Best is trial 5 with value: 0.5779967159277504.
[I 2026-02-16 05:05:08,303] Trial 9 finished with value: 0.6362119315811431 and parameters: {'lookahead_cap': 1, 'max_bins': 5, 'min_samples_leaf': 9, 'min_child_size': 11, 'max_branching': 2, 'reg': 0.007425886089332233, 'branch_penalty': 0.01597131249720059}. Best is trial 5 with value: 0.6846057571964956.
[I 2026-02-16 05:05:08,471] Trial 8 finished with value: 0.6691697955778055 and parameters: {'lookahead_cap': 1, 'max_bins': 2, 'min_samples_leaf': 3, 'min_child_size': 13, 'max_branching': 2, 'reg': 0.0001960110587027143, 'branch_penalty': 0.0037446437038726388}. Best is trial 5 with value: 0.6846057571964956.
[I 2026-02-16 05:05:10,546] Trial 5 finished with value: 0.7630344827586207 and parameters: {'lookahead_cap': 2, 'max_bins': 6, 'min_samples_leaf': 5, 'min_child_size': 14, 'max_branching': 3, 'reg': 0.020581688264838346, 'branch_penalty': 0.00011058517296456612}. Best is trial 5 with value: 0.7630344827586207.
[I 2026-02-16 05:05:10,660] Trial 4 finished with value: 0.5492610837438424 and parameters: {'lookahead_cap': 1, 'max_bins': 6, 'min_samples_leaf': 11, 'min_child_size': 4, 'max_branching': 6, 'reg': 0.02161248450069809, 'branch_penalty': 0.0005235973866289086}. Best is trial 5 with value: 0.5779967159277504.
[I 2026-02-16 05:05:10,867] Trial 7 finished with value: 0.5804597701149425 and parameters: {'lookahead_cap': 2, 'max_bins': 2, 'min_samples_leaf': 15, 'min_child_size': 16, 'max_branching': 2, 'reg': 0.0005800389100758716, 'branch_penalty': 0.0024125452762684997}. Best is trial 7 with value: 0.5804597701149425.
[I 2026-02-16 05:05:11,309] Trial 6 finished with value: 0.5665024630541872 and parameters: {'lookahead_cap': 1, 'max_bins': 3, 'min_samples_leaf': 10, 'min_child_size': 6, 'max_branching': 0, 'reg': 0.0036019056689990956, 'branch_penalty': 0.00037733075705033566}. Best is trial 7 with value: 0.5804597701149425.
[I 2026-02-16 05:05:11,753] Trial 8 finished with value: 0.5722495894909688 and parameters: {'lookahead_cap': 2, 'max_bins': 3, 'min_samples_leaf': 2, 'min_child_size': 12, 'max_branching': 2, 'reg': 0.0025890602310168574, 'branch_penalty': 0.0023516716482527324}. Best is trial 7 with value: 0.5804597701149425.
[I 2026-02-16 05:05:12,236] Trial 9 finished with value: 0.5467980295566502 and parameters: {'lookahead_cap': 2, 'max_bins': 3, 'min_samples_leaf': 12, 'min_child_size': 7, 'max_branching': 3, 'reg': 0.0019131620396492784, 'branch_penalty': 0.0007217098839722701}. Best is trial 7 with value: 0.5804597701149425.
[I 2026-02-16 05:05:12,390] Trial 7 finished with value: 0.7535172413793103 and parameters: {'lookahead_cap': 1, 'max_bins': 4, 'min_samples_leaf': 3, 'min_child_size': 9, 'max_branching': 2, 'reg': 0.0021058061112303773, 'branch_penalty': 0.0015398507986760668}. Best is trial 5 with value: 0.7630344827586207.
[I 2026-02-16 05:05:15,566] Trial 6 finished with value: 0.7630344827586207 and parameters: {'lookahead_cap': 2, 'max_bins': 5, 'min_samples_leaf': 6, 'min_child_size': 10, 'max_branching': 4, 'reg': 0.0008096175725838208, 'branch_penalty': 0.014663053856357206}. Best is trial 5 with value: 0.7630344827586207.
[I 2026-02-16 05:05:18,986] Trial 1 finished with value: 0.7710344827586207 and parameters: {'lookahead_cap': 1, 'max_bins': 2, 'min_samples_leaf': 5, 'min_child_size': 3, 'max_branching': 6, 'reg': 0.0009153369313747477, 'branch_penalty': 0.0006989582898321525}. Best is trial 1 with value: 0.7710344827586207.
[I 2026-02-16 05:05:19,030] Trial 8 finished with value: 0.7571034482758621 and parameters: {'lookahead_cap': 1, 'max_bins': 5, 'min_samples_leaf': 4, 'min_child_size': 12, 'max_branching': 3, 'reg': 0.009811610226163977, 'branch_penalty': 0.0002510802791755974}. Best is trial 5 with value: 0.7630344827586207.
[I 2026-02-16 05:05:19,358] Trial 9 finished with value: 0.7524137931034482 and parameters: {'lookahead_cap': 2, 'max_bins': 2, 'min_samples_leaf': 8, 'min_child_size': 11, 'max_branching': 0, 'reg': 0.046909641951345435, 'branch_penalty': 0.00125574354969494}. Best is trial 5 with value: 0.7630344827586207.
[I 2026-02-16 05:05:21,202] Trial 2 finished with value: 0.6946182728410513 and parameters: {'lookahead_cap': 3, 'max_bins': 4, 'min_samples_leaf': 3, 'min_child_size': 7, 'max_branching': 5, 'reg': 0.00039320336899907816, 'branch_penalty': 0.0006660399959677258}. Best is trial 2 with value: 0.6946182728410513.
[I 2026-02-16 05:05:25,667] Trial 1 finished with value: 0.6887776387150605 and parameters: {'lookahead_cap': 1, 'max_bins': 3, 'min_samples_leaf': 16, 'min_child_size': 7, 'max_branching': 6, 'reg': 0.0009500909229519886, 'branch_penalty': 0.0002824435782561287}. Best is trial 2 with value: 0.6946182728410513.
[I 2026-02-16 05:05:26,502] Trial 5 finished with value: 0.6733416770963705 and parameters: {'lookahead_cap': 2, 'max_bins': 2, 'min_samples_leaf': 11, 'min_child_size': 14, 'max_branching': 5, 'reg': 0.0005874051469541558, 'branch_penalty': 0.0005468202573588804}. Best is trial 2 with value: 0.6946182728410513.
[I 2026-02-16 05:05:27,119] Trial 4 finished with value: 0.6850229453483521 and parameters: {'lookahead_cap': 2, 'max_bins': 2, 'min_samples_leaf': 14, 'min_child_size': 7, 'max_branching': 6, 'reg': 0.006570874002964493, 'branch_penalty': 0.000697307318087447}. Best is trial 2 with value: 0.6946182728410513.
[I 2026-02-16 05:05:30,950] Trial 3 finished with value: 0.6512307050479766 and parameters: {'lookahead_cap': 3, 'max_bins': 3, 'min_samples_leaf': 16, 'min_child_size': 6, 'max_branching': 3, 'reg': 0.030293475006266484, 'branch_penalty': 0.0092999409181005}. Best is trial 2 with value: 0.6946182728410513.
[I 2026-02-16 05:05:36,581] Trial 0 finished with value: 0.5385878489326765 and parameters: {'lookahead_cap': 1, 'max_bins': 4, 'min_samples_leaf': 11, 'min_child_size': 9, 'max_branching': 4, 'reg': 0.0034021077077288787, 'branch_penalty': 0.0011675722336271647}. Best is trial 1 with value: 0.5697865353037767.
[I 2026-02-16 05:06:47,636] Trial 0 finished with value: 0.7838620689655172 and parameters: {'lookahead_cap': 3, 'max_bins': 6, 'min_samples_leaf': 13, 'min_child_size': 14, 'max_branching': 6, 'reg': 0.0017975004748241878, 'branch_penalty': 0.000541724476217877}. Best is trial 0 with value: 0.7838620689655172.
[I 2026-02-16 05:06:56,885] Trial 4 finished with value: 0.7508965517241379 and parameters: {'lookahead_cap': 3, 'max_bins': 3, 'min_samples_leaf': 7, 'min_child_size': 8, 'max_branching': 3, 'reg': 0.030912754294281496, 'branch_penalty': 0.005987358800738569}. Best is trial 0 with value: 0.7838620689655172.
[I 2026-02-16 05:08:25,716] Trial 8 finished with value: 0.7104714226115978 and parameters: {'lookahead_cap': 2, 'max_bins': 6, 'min_samples_leaf': 10, 'min_child_size': 10, 'max_branching': 4, 'reg': 0.00020480344276403736, 'branch_penalty': 0.004743799380156184}. Best is trial 8 with value: 0.7104714226115978.
[I 2026-02-16 05:08:49,158] Trial 3 finished with value: 0.7852413793103449 and parameters: {'lookahead_cap': 2, 'max_bins': 6, 'min_samples_leaf': 12, 'min_child_size': 10, 'max_branching': 5, 'reg': 0.0018234100030980248, 'branch_penalty': 0.0008369726684980568}. Best is trial 3 with value: 0.7852413793103449.
[I 2026-02-16 05:08:55,216] Trial 5 finished with value: 0.7543448275862069 and parameters: {'lookahead_cap': 1, 'max_bins': 3, 'min_samples_leaf': 5, 'min_child_size': 4, 'max_branching': 6, 'reg': 0.0023457808745775055, 'branch_penalty': 0.0003674637607852745}. Best is trial 3 with value: 0.7852413793103449.
[I 2026-02-16 05:09:03,030] Trial 8 finished with value: 0.7540689655172413 and parameters: {'lookahead_cap': 3, 'max_bins': 3, 'min_samples_leaf': 12, 'min_child_size': 9, 'max_branching': 3, 'reg': 0.04056241220829301, 'branch_penalty': 0.007437758183105039}. Best is trial 3 with value: 0.7852413793103449.
[I 2026-02-16 05:09:03,079] Trial 6 finished with value: 0.7641379310344828 and parameters: {'lookahead_cap': 1, 'max_bins': 2, 'min_samples_leaf': 12, 'min_child_size': 2, 'max_branching': 3, 'reg': 0.0007333684724615759, 'branch_penalty': 0.0006294747154493286}. Best is trial 3 with value: 0.7852413793103449.
[I 2026-02-16 05:09:23,501] Trial 7 finished with value: 0.7609655172413793 and parameters: {'lookahead_cap': 3, 'max_bins': 4, 'min_samples_leaf': 8, 'min_child_size': 15, 'max_branching': 2, 'reg': 0.00216217186075924, 'branch_penalty': 0.0037350818471067284}. Best is trial 3 with value: 0.7852413793103449.
[I 2026-02-16 05:09:25,226] Trial 9 finished with value: 0.7670344827586207 and parameters: {'lookahead_cap': 3, 'max_bins': 2, 'min_samples_leaf': 3, 'min_child_size': 9, 'max_branching': 5, 'reg': 0.013022850508814335, 'branch_penalty': 0.0005355948600117848}. Best is trial 3 with value: 0.7852413793103449.
[I 2026-02-16 05:09:30,917] Trial 6 finished with value: 0.6958698372966208 and parameters: {'lookahead_cap': 2, 'max_bins': 5, 'min_samples_leaf': 5, 'min_child_size': 7, 'max_branching': 0, 'reg': 0.00717713791375945, 'branch_penalty': 0.0001260739507436531}. Best is trial 8 with value: 0.7104714226115978.
[I 2026-02-16 05:09:39,995] Trial 0 finished with value: 0.6979557780559033 and parameters: {'lookahead_cap': 3, 'max_bins': 4, 'min_samples_leaf': 5, 'min_child_size': 3, 'max_branching': 6, 'reg': 0.0015289585782627929, 'branch_penalty': 0.0004113233590340294}. Best is trial 0 with value: 0.6979557780559033.
[I 2026-02-16 05:09:54,195] Trial 2 finished with value: 0.5788177339901478 and parameters: {'lookahead_cap': 3, 'max_bins': 6, 'min_samples_leaf': 14, 'min_child_size': 7, 'max_branching': 6, 'reg': 0.0008645764081873894, 'branch_penalty': 0.00015605463488681045}. Best is trial 2 with value: 0.5788177339901478.
[I 2026-02-16 05:09:55,554] Trial 5 finished with value: 0.5911330049261084 and parameters: {'lookahead_cap': 2, 'max_bins': 2, 'min_samples_leaf': 10, 'min_child_size': 16, 'max_branching': 3, 'reg': 0.010734897941979203, 'branch_penalty': 0.0003509268010738768}. Best is trial 5 with value: 0.5911330049261084.
[I 2026-02-16 05:10:03,149] Trial 3 finished with value: 0.5426929392446633 and parameters: {'lookahead_cap': 2, 'max_bins': 3, 'min_samples_leaf': 3, 'min_child_size': 4, 'max_branching': 0, 'reg': 0.008660838541560686, 'branch_penalty': 0.0002823578187002609}. Best is trial 5 with value: 0.5911330049261084.
[I 2026-02-16 05:10:30,944] Trial 4 finished with value: 0.5755336617405583 and parameters: {'lookahead_cap': 2, 'max_bins': 4, 'min_samples_leaf': 2, 'min_child_size': 8, 'max_branching': 2, 'reg': 0.009417720274600656, 'branch_penalty': 0.00033125984187936877}. Best is trial 5 with value: 0.5911330049261084.
[I 2026-02-16 05:12:32,857] Trial 7 finished with value: 0.720066750104297 and parameters: {'lookahead_cap': 3, 'max_bins': 6, 'min_samples_leaf': 8, 'min_child_size': 16, 'max_branching': 5, 'reg': 0.0030922325345188258, 'branch_penalty': 0.00012200115761652546}. Best is trial 7 with value: 0.720066750104297.
[I 2026-02-16 05:12:33,578] Trial 9 finished with value: 0.688360450563204 and parameters: {'lookahead_cap': 1, 'max_bins': 2, 'min_samples_leaf': 4, 'min_child_size': 11, 'max_branching': 4, 'reg': 0.00026488823784313165, 'branch_penalty': 0.00011526928794925543}. Best is trial 7 with value: 0.720066750104297.
[I 2026-02-16 05:13:30,117] Trial 8 finished with value: 0.5747126436781609 and parameters: {'lookahead_cap': 2, 'max_bins': 6, 'min_samples_leaf': 16, 'min_child_size': 7, 'max_branching': 3, 'reg': 0.000976096444139959, 'branch_penalty': 0.0019504675234678851}. Best is trial 5 with value: 0.5911330049261084.
[I 2026-02-16 05:13:50,837] Trial 2 finished with value: 0.7012932832707551 and parameters: {'lookahead_cap': 3, 'max_bins': 4, 'min_samples_leaf': 11, 'min_child_size': 13, 'max_branching': 6, 'reg': 0.0009292056757043271, 'branch_penalty': 0.0014457999701738087}. Best is trial 2 with value: 0.7012932832707551.
[I 2026-02-16 05:16:53,858] Trial 6 finished with value: 0.5960591133004927 and parameters: {'lookahead_cap': 2, 'max_bins': 6, 'min_samples_leaf': 15, 'min_child_size': 9, 'max_branching': 4, 'reg': 0.0001136964267784035, 'branch_penalty': 0.00029428678122661855}. Best is trial 6 with value: 0.5960591133004927.
[I 2026-02-16 05:16:55,191] Trial 7 finished with value: 0.5919540229885057 and parameters: {'lookahead_cap': 1, 'max_bins': 2, 'min_samples_leaf': 4, 'min_child_size': 13, 'max_branching': 6, 'reg': 0.0012154997655247947, 'branch_penalty': 0.00010482668403438603}. Best is trial 6 with value: 0.5960591133004927.
[I 2026-02-16 05:17:04,278] Trial 9 finished with value: 0.5492610837438424 and parameters: {'lookahead_cap': 3, 'max_bins': 3, 'min_samples_leaf': 11, 'min_child_size': 9, 'max_branching': 5, 'reg': 0.04093440783392431, 'branch_penalty': 0.013869197751641766}. Best is trial 6 with value: 0.5960591133004927.
[I 2026-02-16 05:25:01,350] Trial 1 finished with value: 0.0 and parameters: {'lookahead_cap': 2, 'max_bins': 6, 'min_samples_leaf': 7, 'min_child_size': 7, 'max_branching': 6, 'reg': 0.006172302981312128, 'branch_penalty': 0.006855869741023769}. Best is trial 1 with value: 0.0.
[I 2026-02-16 05:25:07,484] Trial 0 finished with value: 0.0 and parameters: {'lookahead_cap': 2, 'max_bins': 6, 'min_samples_leaf': 5, 'min_child_size': 9, 'max_branching': 4, 'reg': 0.000121497909731847, 'branch_penalty': 0.00028471309891428147}. Best is trial 0 with value: 0.0.
[I 2026-02-16 05:25:08,572] Trial 2 finished with value: 0.0 and parameters: {'lookahead_cap': 2, 'max_bins': 3, 'min_samples_leaf': 14, 'min_child_size': 13, 'max_branching': 6, 'reg': 0.024182134867846806, 'branch_penalty': 0.00058945237264487}. Best is trial 2 with value: 0.0.
[I 2026-02-16 05:25:10,822] Trial 2 finished with value: 0.0 and parameters: {'lookahead_cap': 1, 'max_bins': 5, 'min_samples_leaf': 12, 'min_child_size': 10, 'max_branching': 4, 'reg': 0.0024994267883575536, 'branch_penalty': 0.0007367341291996417}. Best is trial 0 with value: 0.6545682102628285.
[I 2026-02-16 05:25:21,268] Trial 0 finished with value: 0.0 and parameters: {'lookahead_cap': 3, 'max_bins': 5, 'min_samples_leaf': 5, 'min_child_size': 16, 'max_branching': 6, 'reg': 0.0004799040606945359, 'branch_penalty': 0.00031227193718806146}. Best is trial 1 with value: 0.7710344827586207.
[I 2026-02-16 05:28:10,983] Trial 2 finished with value: 0.7813793103448275 and parameters: {'lookahead_cap': 1, 'max_bins': 4, 'min_samples_leaf': 6, 'min_child_size': 4, 'max_branching': 5, 'reg': 0.0004202266898921659, 'branch_penalty': 0.016476149656349297}. Best is trial 2 with value: 0.7813793103448275.
[I 2026-02-16 05:28:22,777] Trial 2 finished with value: 0.7735172413793103 and parameters: {'lookahead_cap': 3, 'max_bins': 3, 'min_samples_leaf': 3, 'min_child_size': 12, 'max_branching': 2, 'reg': 0.0030372306862916703, 'branch_penalty': 0.00014976753693501376}. Best is trial 2 with value: 0.7735172413793103.
[I 2026-02-16 05:31:13,840] Trial 3 finished with value: 0.7601379310344828 and parameters: {'lookahead_cap': 3, 'max_bins': 3, 'min_samples_leaf': 8, 'min_child_size': 4, 'max_branching': 5, 'reg': 0.0075476645863364255, 'branch_penalty': 0.000312800724328365}. Best is trial 2 with value: 0.7735172413793103.
[I 2026-02-16 05:31:33,701] Trial 0 finished with value: 0.7562758620689655 and parameters: {'lookahead_cap': 3, 'max_bins': 4, 'min_samples_leaf': 11, 'min_child_size': 5, 'max_branching': 4, 'reg': 0.018898261180805807, 'branch_penalty': 0.0009618459498472601}. Best is trial 2 with value: 0.7813793103448275.
[I 2026-02-16 05:31:34,187] Trial 4 finished with value: 0.7711724137931034 and parameters: {'lookahead_cap': 2, 'max_bins': 2, 'min_samples_leaf': 14, 'min_child_size': 6, 'max_branching': 0, 'reg': 0.0004517304624831671, 'branch_penalty': 0.001953397625754649}. Best is trial 2 with value: 0.7735172413793103.
[I 2026-02-16 05:32:01,800] Trial 1 finished with value: 0.720066750104297 and parameters: {'lookahead_cap': 1, 'max_bins': 5, 'min_samples_leaf': 4, 'min_child_size': 11, 'max_branching': 2, 'reg': 0.00011438681875247168, 'branch_penalty': 0.0018962214246212854}. Best is trial 1 with value: 0.720066750104297.
[I 2026-02-16 05:36:14,996] Trial 4 finished with value: 0.6787651230705048 and parameters: {'lookahead_cap': 2, 'max_bins': 4, 'min_samples_leaf': 4, 'min_child_size': 16, 'max_branching': 4, 'reg': 0.013510793504132847, 'branch_penalty': 0.00037789949006292525}. Best is trial 1 with value: 0.720066750104297.
[I 2026-02-16 05:40:21,329] Trial 5 finished with value: 0.6946182728410513 and parameters: {'lookahead_cap': 1, 'max_bins': 4, 'min_samples_leaf': 8, 'min_child_size': 6, 'max_branching': 4, 'reg': 0.006851599116284927, 'branch_penalty': 0.0007696835421565336}. Best is trial 1 with value: 0.720066750104297.
[I 2026-02-16 05:41:18,311] Trial 5 finished with value: 0.7817931034482759 and parameters: {'lookahead_cap': 1, 'max_bins': 5, 'min_samples_leaf': 10, 'min_child_size': 9, 'max_branching': 3, 'reg': 0.0006863750657670908, 'branch_penalty': 0.00046407786824416365}. Best is trial 5 with value: 0.7817931034482759.
[I 2026-02-16 05:43:15,039] Trial 0 finished with value: 0.5656814449917899 and parameters: {'lookahead_cap': 1, 'max_bins': 3, 'min_samples_leaf': 8, 'min_child_size': 16, 'max_branching': 3, 'reg': 0.0005685462415995525, 'branch_penalty': 0.0050487995932434184}. Best is trial 0 with value: 0.5656814449917899.
[I 2026-02-16 05:45:16,562] Trial 1 finished with value: 0.0 and parameters: {'lookahead_cap': 1, 'max_bins': 6, 'min_samples_leaf': 6, 'min_child_size': 16, 'max_branching': 3, 'reg': 0.001457086997164596, 'branch_penalty': 0.008994939310203376}. Best is trial 0 with value: 0.6545682102628285.
[I 2026-02-16 05:45:21,678] Trial 2 finished with value: 0.0 and parameters: {'lookahead_cap': 1, 'max_bins': 5, 'min_samples_leaf': 8, 'min_child_size': 13, 'max_branching': 0, 'reg': 0.0005548811083085648, 'branch_penalty': 0.009798776457688877}. Best is trial 0 with value: 0.0.
[I 2026-02-16 05:51:36,236] Trial 5 finished with value: 0.0 and parameters: {'lookahead_cap': 1, 'max_bins': 4, 'min_samples_leaf': 15, 'min_child_size': 12, 'max_branching': 6, 'reg': 0.008873937434625693, 'branch_penalty': 0.0008570074223411545}. Best is trial 2 with value: 0.7735172413793103.
Traceback (most recent call last):
  File "/home/users/yz1075/mdst/run_multisplit_experiments_cart.py", line 1388, in <module>
    main()
  File "/home/users/yz1075/mdst/run_multisplit_experiments_cart.py", line 1189, in main
    tuned_params, optuna_best_csv = _run_optuna_tuning(
  File "/home/users/yz1075/mdst/run_multisplit_experiments_cart.py", line 824, in _run_optuna_tuning
    results.append(fut.result())
  File "/usr/lib/python3.10/concurrent/futures/_base.py", line 451, in result
    return self.__get_result()
  File "/usr/lib/python3.10/concurrent/futures/_base.py", line 403, in __get_result
    raise self._exception
concurrent.futures.process.BrokenProcessPool: A process in the process pool was terminated abruptly while the future was running or pending.
Traceback (most recent call last):
  File "/home/users/yz1075/mdst/run_multisplit_xgboost_comparison.py", line 981, in <module>
    main()
  File "/home/users/yz1075/mdst/run_multisplit_xgboost_comparison.py", line 890, in main
    cart_summary, cart_seed, _ = _run_split_pipeline(
  File "/home/users/yz1075/mdst/run_multisplit_xgboost_comparison.py", line 218, in _run_split_pipeline
    subprocess.run(cmd, check=True)
  File "/usr/lib/python3.10/subprocess.py", line 526, in run
    raise CalledProcessError(retcode, process.args,
subprocess.CalledProcessError: Command '['/home/users/yz1075/mdst/.venv/bin/python', 'run_multisplit_experiments_cart.py', '--run-name', 'compare_20260216_050454_cart', '--datasets', 'electricity', 'eye-movements', 'eye-state', '--depth-budgets', '2', '3', '4', '5', '6', '--seeds', '0', '1', '2', '3', '4', '--test-size', '0.2', '--time-limit', '1200.0', '--lookahead-cap', '3', '--max-bins', '6', '--min-samples-leaf', '8', '--min-child-size', '8', '--max-branching', '0', '--reg', '0.01', '--branch-penalty', '0.002', '--parallel-trials', '40', '--threads-per-trial', '1', '--optuna-trials', '10', '--optuna-val-size', '0.2', '--optuna-seed', '0', '--optuna-timeout-sec', '0.0', '--cpu-utilization-target', '0.93', '--optuna-max-active-studies', '0', '--results-root', 'results/comparison/compare_20260216_050454/_tmp/runs_cart/compare_20260216_050454_cart', '--stable-results-dir', 'results/comparison/compare_20260216_050454/_tmp/stable_cart', '--no-package-artifacts', '--optuna-enable', '--tree-artifacts-dir', 'results/comparison/compare_20260216_050454/tree_artifacts/cart_mssplit_all']' returned non-zero exit status 1.
Pipeline execution failed. Check /home/users/yz1075/mdst/results/comparison/compare_20260216_050454/run_profile.time.log and /home/users/yz1075/mdst/results/comparison/compare_20260216_050454/run_profile.json
[2026-02-16T05:53:34.544] error: Detected 1 oom_kill event in StepId=10601654.batch. Some of the step tasks have been OOM Killed.
