Job started on compsci-cluster-fitz-46 at Tue Feb 17 01:36:46 AM EST 2026
CPU settings: total_cpus=64, parallel_trials=64, threads_per_trial=1, split_threads=1, lgb_threads=1, xgb_threads=2
Optuna settings: enable=1, trials=30, val_size=0.2, seed=0, timeout_sec=0, cpu_target=0.94, max_active_studies=0
LightGBM binning backend: device=gpu, gpu_platform=0, gpu_device=0, gpu_fallback=0
SPLIT native backend import OK
[run_vcm_multisplit_lightgbm] run_name=lightgbm_minimal_20260217_013642
[run_vcm_multisplit_lightgbm] threads=1, lgb_threads=1, MPLBACKEND=Agg
[2026-02-17T01:36:48-05:00] Starting LightGBM multisplit experiment run.
[2026-02-17T01:36:48-05:00] run_name=lightgbm_minimal_20260217_013642
[2026-02-17T01:36:48-05:00] run_dir=/home/users/yz1075/msdt/results/runs_lightgbm/lightgbm_minimal_20260217_013642
[2026-02-17T01:36:48-05:00] parallel settings: parallel_trials=64, threads_per_trial=1, lgb_threads=1, lgb_device=gpu, core_budget=64, effective_core_budget=60, effective_parallel_trials=60, cpu_target=0.94
[2026-02-17T01:36:48-05:00] OpenML cache directory set to /home/users/yz1075/msdt/results/openml_cache
[2026-02-17T01:36:48-05:00] Loading dataset=electricity
[2026-02-17T01:36:48-05:00] dataset=electricity, class_prevalence(max class)=0.5755
[2026-02-17T01:36:48-05:00] Loading dataset=eye-movements
[2026-02-17T01:36:48-05:00] dataset=eye-movements, class_prevalence(max class)=0.5000
[2026-02-17T01:36:48-05:00] Loading dataset=eye-state
[2026-02-17T01:36:48-05:00] dataset=eye-state, class_prevalence(max class)=0.5512
[2026-02-17T01:36:48-05:00] optuna scheduling: studies=15, active_studies=15, jobs_per_study=4, effective_slots=60, effective_core_budget=60/64
Saved run profile: /home/users/yz1075/msdt/results/runs_lightgbm/lightgbm_minimal_20260217_013642/run_profile.json
Saved time profile: /home/users/yz1075/msdt/results/runs_lightgbm/lightgbm_minimal_20260217_013642/run_profile.time.log
Saved command log: /home/users/yz1075/msdt/results/runs_lightgbm/lightgbm_minimal_20260217_013642/run_profile.cmd.txt
=== Run Profile Summary ===
wall_time=4:20:47
user_time_sec=98093.22
sys_time_sec=1744.11
cpu_utilization=638%
max_rss_kb=247506392
max_rss_gb=236.04
