[2026-03-11T15:57:55-04:00] Starting LightGBM multisplit experiment run.
[2026-03-11T15:57:55-04:00] run_name=benchmark_teacher_guided_atomcolor_electricity_d3_l3_fix6_20260311_155800
[2026-03-11T15:57:55-04:00] run_dir=/home/users/yz1075/msdt/results/runs_lightgbm/benchmark_teacher_guided_atomcolor_electricity_d3_l3_fix6_20260311_155800
[2026-03-11T15:57:55-04:00] parallel settings: parallel_trials=1, threads_per_trial=6, lgb_threads=6, lgb_ensemble_runs=1, lgb_device=cpu, lgb_max_gpu_jobs=1, core_budget=6, effective_core_budget=6, effective_parallel_trials=1, cpu_target=1.0, cpu_affinity=[], cpu_nice=0
[2026-03-11T15:57:55-04:00] OpenML cache directory set to /home/users/yz1075/msdt/results/openml_cache
[2026-03-11T15:57:55-04:00] Loading dataset=electricity
[2026-03-11T15:57:55-04:00] dataset=electricity, class_prevalence(max class)=0.5755
[2026-03-11T15:57:55-04:00] historical default params: none found (using static defaults)
[2026-03-11T15:57:55-04:00] dataset=electricity, depth=3, lookahead=2, seeds=[0], param_source=static_defaults
[2026-03-11T15:57:55-04:00] [stage] start stage=prepare_eval_data dataset=electricity depth=3 seed=0 eval=test
[2026-03-11T15:57:55-04:00] [stage] done stage=prepare_eval_data elapsed_sec=0.1 dataset=electricity depth=3 seed=0 eval=test
[2026-03-11T15:57:55-04:00] [stage] start stage=lightgbm_binning dataset=electricity depth=3 seed=0 eval=test lookahead=2 n_fit=31717 n_eval=9063 raw_features=14
[2026-03-11T15:57:55-04:00] lightgbm_binner:start rows=31717 features=14 max_bins=255 ensemble_runs=1 device=cpu
[2026-03-11T15:57:55-04:00] lightgbm_binner:fit_run_start run=1/1 device=cpu
[2026-03-11T15:57:58-04:00] lightgbm_binner:fit_run_done run=1/1 device=cpu best_iteration=504
[2026-03-11T15:58:00-04:00] lightgbm_binner:thresholds_ready mean_bins=112.64 max_bins_used=255
[2026-03-11T15:58:03-04:00] lightgbm_binner:done
[2026-03-11T15:58:03-04:00] [stage] done stage=lightgbm_binning elapsed_sec=7.5 dataset=electricity depth=3 seed=0 eval=test lookahead=2 n_fit=31717 n_eval=9063 raw_features=14
[2026-03-11T15:58:03-04:00] [stage] summary stage=lightgbm_binning binner_features=14 mean_bins=112.64 median_bins=25.00 max_bins_used=255
[2026-03-11T15:58:03-04:00] [stage] start stage=bin_transform dataset=electricity depth=3 seed=0 eval=test lookahead=2 n_fit=31717 n_eval=9063 raw_features=14 binner_features=14 mean_bins=112.64 median_bins=25.00 max_bins_used=255
[2026-03-11T15:58:03-04:00] [stage] done stage=bin_transform elapsed_sec=0.0 dataset=electricity depth=3 seed=0 eval=test lookahead=2 n_fit=31717 n_eval=9063 raw_features=14 binner_features=14 mean_bins=112.64 median_bins=25.00 max_bins_used=255
[2026-03-11T15:58:03-04:00] [stage] summary stage=bin_transform Z_fit_base_shape=(31717, 14) Z_eval_base_shape=(9063, 14)
[2026-03-11T15:58:03-04:00] [stage] start stage=teacher_feature_augmentation dataset=electricity depth=3 seed=0 eval=test lookahead=2 n_fit=31717 n_eval=9063 raw_features=14 base_binned_features=14
[2026-03-11T15:58:03-04:00] [stage] done stage=teacher_feature_augmentation elapsed_sec=0.0 dataset=electricity depth=3 seed=0 eval=test lookahead=2 n_fit=31717 n_eval=9063 raw_features=14 base_binned_features=14
[2026-03-11T15:58:03-04:00] [stage] summary stage=teacher_feature_augmentation pair_templates=0 pair_shapes=0 teacher_microtrees=0 teacher_triplets=0 teacher_score_band=no Z_fit_shape=(31717, 14) Z_eval_shape=(9063, 14)
[2026-03-11T15:58:03-04:00] [stage] note stage=msplit_fit native_solver_has_no_live_node_callback=true current_node_depth_visibility=unavailable
[2026-03-11T15:58:03-04:00] [stage] start stage=msplit_fit dataset=electricity depth=3 seed=0 eval=test lookahead=2 n_fit=31717 n_eval=9063 raw_features=14 solver=msplit msplit_variant=rush_dp z_cols=14 backend=cpp
[2026-03-11T15:58:33-04:00] [stage] heartbeat stage=msplit_fit elapsed_sec=30.0 dataset=electricity depth=3 seed=0 eval=test lookahead=2 n_fit=31717 n_eval=9063 raw_features=14 solver=msplit msplit_variant=rush_dp z_cols=14 backend=cpp
[2026-03-11T15:59:03-04:00] [stage] heartbeat stage=msplit_fit elapsed_sec=60.0 dataset=electricity depth=3 seed=0 eval=test lookahead=2 n_fit=31717 n_eval=9063 raw_features=14 solver=msplit msplit_variant=rush_dp z_cols=14 backend=cpp
[2026-03-11T15:59:33-04:00] [stage] heartbeat stage=msplit_fit elapsed_sec=90.0 dataset=electricity depth=3 seed=0 eval=test lookahead=2 n_fit=31717 n_eval=9063 raw_features=14 solver=msplit msplit_variant=rush_dp z_cols=14 backend=cpp
[2026-03-11T16:00:03-04:00] [stage] heartbeat stage=msplit_fit elapsed_sec=120.0 dataset=electricity depth=3 seed=0 eval=test lookahead=2 n_fit=31717 n_eval=9063 raw_features=14 solver=msplit msplit_variant=rush_dp z_cols=14 backend=cpp
[2026-03-11T16:00:33-04:00] [stage] heartbeat stage=msplit_fit elapsed_sec=150.0 dataset=electricity depth=3 seed=0 eval=test lookahead=2 n_fit=31717 n_eval=9063 raw_features=14 solver=msplit msplit_variant=rush_dp z_cols=14 backend=cpp
[2026-03-11T16:01:03-04:00] [stage] heartbeat stage=msplit_fit elapsed_sec=180.0 dataset=electricity depth=3 seed=0 eval=test lookahead=2 n_fit=31717 n_eval=9063 raw_features=14 solver=msplit msplit_variant=rush_dp z_cols=14 backend=cpp
[2026-03-11T16:01:33-04:00] [stage] heartbeat stage=msplit_fit elapsed_sec=210.0 dataset=electricity depth=3 seed=0 eval=test lookahead=2 n_fit=31717 n_eval=9063 raw_features=14 solver=msplit msplit_variant=rush_dp z_cols=14 backend=cpp
[2026-03-11T16:02:03-04:00] [stage] heartbeat stage=msplit_fit elapsed_sec=240.0 dataset=electricity depth=3 seed=0 eval=test lookahead=2 n_fit=31717 n_eval=9063 raw_features=14 solver=msplit msplit_variant=rush_dp z_cols=14 backend=cpp
[2026-03-11T16:02:33-04:00] [stage] heartbeat stage=msplit_fit elapsed_sec=270.0 dataset=electricity depth=3 seed=0 eval=test lookahead=2 n_fit=31717 n_eval=9063 raw_features=14 solver=msplit msplit_variant=rush_dp z_cols=14 backend=cpp
[2026-03-11T16:03:03-04:00] [stage] heartbeat stage=msplit_fit elapsed_sec=300.0 dataset=electricity depth=3 seed=0 eval=test lookahead=2 n_fit=31717 n_eval=9063 raw_features=14 solver=msplit msplit_variant=rush_dp z_cols=14 backend=cpp
[2026-03-11T16:03:33-04:00] [stage] heartbeat stage=msplit_fit elapsed_sec=330.0 dataset=electricity depth=3 seed=0 eval=test lookahead=2 n_fit=31717 n_eval=9063 raw_features=14 solver=msplit msplit_variant=rush_dp z_cols=14 backend=cpp
[2026-03-11T16:04:03-04:00] [stage] heartbeat stage=msplit_fit elapsed_sec=360.0 dataset=electricity depth=3 seed=0 eval=test lookahead=2 n_fit=31717 n_eval=9063 raw_features=14 solver=msplit msplit_variant=rush_dp z_cols=14 backend=cpp
[2026-03-11T16:04:33-04:00] [stage] heartbeat stage=msplit_fit elapsed_sec=390.0 dataset=electricity depth=3 seed=0 eval=test lookahead=2 n_fit=31717 n_eval=9063 raw_features=14 solver=msplit msplit_variant=rush_dp z_cols=14 backend=cpp
[2026-03-11T16:05:03-04:00] [stage] heartbeat stage=msplit_fit elapsed_sec=420.0 dataset=electricity depth=3 seed=0 eval=test lookahead=2 n_fit=31717 n_eval=9063 raw_features=14 solver=msplit msplit_variant=rush_dp z_cols=14 backend=cpp
[2026-03-11T16:05:33-04:00] [stage] heartbeat stage=msplit_fit elapsed_sec=450.0 dataset=electricity depth=3 seed=0 eval=test lookahead=2 n_fit=31717 n_eval=9063 raw_features=14 solver=msplit msplit_variant=rush_dp z_cols=14 backend=cpp
[2026-03-11T16:06:03-04:00] [stage] heartbeat stage=msplit_fit elapsed_sec=480.0 dataset=electricity depth=3 seed=0 eval=test lookahead=2 n_fit=31717 n_eval=9063 raw_features=14 solver=msplit msplit_variant=rush_dp z_cols=14 backend=cpp
[2026-03-11T16:06:33-04:00] [stage] heartbeat stage=msplit_fit elapsed_sec=510.0 dataset=electricity depth=3 seed=0 eval=test lookahead=2 n_fit=31717 n_eval=9063 raw_features=14 solver=msplit msplit_variant=rush_dp z_cols=14 backend=cpp
[2026-03-11T16:07:03-04:00] [stage] heartbeat stage=msplit_fit elapsed_sec=540.0 dataset=electricity depth=3 seed=0 eval=test lookahead=2 n_fit=31717 n_eval=9063 raw_features=14 solver=msplit msplit_variant=rush_dp z_cols=14 backend=cpp
[2026-03-11T16:07:33-04:00] [stage] heartbeat stage=msplit_fit elapsed_sec=570.0 dataset=electricity depth=3 seed=0 eval=test lookahead=2 n_fit=31717 n_eval=9063 raw_features=14 solver=msplit msplit_variant=rush_dp z_cols=14 backend=cpp
[2026-03-11T16:08:03-04:00] [stage] heartbeat stage=msplit_fit elapsed_sec=600.0 dataset=electricity depth=3 seed=0 eval=test lookahead=2 n_fit=31717 n_eval=9063 raw_features=14 solver=msplit msplit_variant=rush_dp z_cols=14 backend=cpp
[2026-03-11T16:08:33-04:00] [stage] heartbeat stage=msplit_fit elapsed_sec=630.0 dataset=electricity depth=3 seed=0 eval=test lookahead=2 n_fit=31717 n_eval=9063 raw_features=14 solver=msplit msplit_variant=rush_dp z_cols=14 backend=cpp
[2026-03-11T16:09:03-04:00] [stage] heartbeat stage=msplit_fit elapsed_sec=660.0 dataset=electricity depth=3 seed=0 eval=test lookahead=2 n_fit=31717 n_eval=9063 raw_features=14 solver=msplit msplit_variant=rush_dp z_cols=14 backend=cpp
[2026-03-11T16:09:33-04:00] [stage] heartbeat stage=msplit_fit elapsed_sec=690.0 dataset=electricity depth=3 seed=0 eval=test lookahead=2 n_fit=31717 n_eval=9063 raw_features=14 solver=msplit msplit_variant=rush_dp z_cols=14 backend=cpp
[2026-03-11T16:10:03-04:00] [stage] heartbeat stage=msplit_fit elapsed_sec=720.0 dataset=electricity depth=3 seed=0 eval=test lookahead=2 n_fit=31717 n_eval=9063 raw_features=14 solver=msplit msplit_variant=rush_dp z_cols=14 backend=cpp
[2026-03-11T16:10:33-04:00] [stage] heartbeat stage=msplit_fit elapsed_sec=750.0 dataset=electricity depth=3 seed=0 eval=test lookahead=2 n_fit=31717 n_eval=9063 raw_features=14 solver=msplit msplit_variant=rush_dp z_cols=14 backend=cpp
[2026-03-11T16:11:03-04:00] [stage] heartbeat stage=msplit_fit elapsed_sec=780.0 dataset=electricity depth=3 seed=0 eval=test lookahead=2 n_fit=31717 n_eval=9063 raw_features=14 solver=msplit msplit_variant=rush_dp z_cols=14 backend=cpp
[2026-03-11T16:11:33-04:00] [stage] heartbeat stage=msplit_fit elapsed_sec=810.0 dataset=electricity depth=3 seed=0 eval=test lookahead=2 n_fit=31717 n_eval=9063 raw_features=14 solver=msplit msplit_variant=rush_dp z_cols=14 backend=cpp
[2026-03-11T16:12:03-04:00] [stage] heartbeat stage=msplit_fit elapsed_sec=840.1 dataset=electricity depth=3 seed=0 eval=test lookahead=2 n_fit=31717 n_eval=9063 raw_features=14 solver=msplit msplit_variant=rush_dp z_cols=14 backend=cpp
[2026-03-11T16:12:33-04:00] [stage] heartbeat stage=msplit_fit elapsed_sec=870.1 dataset=electricity depth=3 seed=0 eval=test lookahead=2 n_fit=31717 n_eval=9063 raw_features=14 solver=msplit msplit_variant=rush_dp z_cols=14 backend=cpp
[2026-03-11T16:13:03-04:00] [stage] heartbeat stage=msplit_fit elapsed_sec=900.1 dataset=electricity depth=3 seed=0 eval=test lookahead=2 n_fit=31717 n_eval=9063 raw_features=14 solver=msplit msplit_variant=rush_dp z_cols=14 backend=cpp
[2026-03-11T16:13:33-04:00] [stage] heartbeat stage=msplit_fit elapsed_sec=930.1 dataset=electricity depth=3 seed=0 eval=test lookahead=2 n_fit=31717 n_eval=9063 raw_features=14 solver=msplit msplit_variant=rush_dp z_cols=14 backend=cpp
[2026-03-11T16:14:03-04:00] [stage] heartbeat stage=msplit_fit elapsed_sec=960.1 dataset=electricity depth=3 seed=0 eval=test lookahead=2 n_fit=31717 n_eval=9063 raw_features=14 solver=msplit msplit_variant=rush_dp z_cols=14 backend=cpp
[2026-03-11T16:14:33-04:00] [stage] heartbeat stage=msplit_fit elapsed_sec=990.1 dataset=electricity depth=3 seed=0 eval=test lookahead=2 n_fit=31717 n_eval=9063 raw_features=14 solver=msplit msplit_variant=rush_dp z_cols=14 backend=cpp
[2026-03-11T16:15:03-04:00] [stage] heartbeat stage=msplit_fit elapsed_sec=1020.1 dataset=electricity depth=3 seed=0 eval=test lookahead=2 n_fit=31717 n_eval=9063 raw_features=14 solver=msplit msplit_variant=rush_dp z_cols=14 backend=cpp
[2026-03-11T16:15:33-04:00] [stage] heartbeat stage=msplit_fit elapsed_sec=1050.1 dataset=electricity depth=3 seed=0 eval=test lookahead=2 n_fit=31717 n_eval=9063 raw_features=14 solver=msplit msplit_variant=rush_dp z_cols=14 backend=cpp
[2026-03-11T16:16:03-04:00] [stage] heartbeat stage=msplit_fit elapsed_sec=1080.1 dataset=electricity depth=3 seed=0 eval=test lookahead=2 n_fit=31717 n_eval=9063 raw_features=14 solver=msplit msplit_variant=rush_dp z_cols=14 backend=cpp
[2026-03-11T16:16:33-04:00] [stage] heartbeat stage=msplit_fit elapsed_sec=1110.1 dataset=electricity depth=3 seed=0 eval=test lookahead=2 n_fit=31717 n_eval=9063 raw_features=14 solver=msplit msplit_variant=rush_dp z_cols=14 backend=cpp
[2026-03-11T16:17:03-04:00] [stage] heartbeat stage=msplit_fit elapsed_sec=1140.1 dataset=electricity depth=3 seed=0 eval=test lookahead=2 n_fit=31717 n_eval=9063 raw_features=14 solver=msplit msplit_variant=rush_dp z_cols=14 backend=cpp
[2026-03-11T16:17:33-04:00] [stage] heartbeat stage=msplit_fit elapsed_sec=1170.1 dataset=electricity depth=3 seed=0 eval=test lookahead=2 n_fit=31717 n_eval=9063 raw_features=14 solver=msplit msplit_variant=rush_dp z_cols=14 backend=cpp
[2026-03-11T16:18:03-04:00] [stage] heartbeat stage=msplit_fit elapsed_sec=1200.1 dataset=electricity depth=3 seed=0 eval=test lookahead=2 n_fit=31717 n_eval=9063 raw_features=14 solver=msplit msplit_variant=rush_dp z_cols=14 backend=cpp
[2026-03-11T16:18:33-04:00] [stage] heartbeat stage=msplit_fit elapsed_sec=1230.1 dataset=electricity depth=3 seed=0 eval=test lookahead=2 n_fit=31717 n_eval=9063 raw_features=14 solver=msplit msplit_variant=rush_dp z_cols=14 backend=cpp
[2026-03-11T16:19:03-04:00] [stage] heartbeat stage=msplit_fit elapsed_sec=1260.1 dataset=electricity depth=3 seed=0 eval=test lookahead=2 n_fit=31717 n_eval=9063 raw_features=14 solver=msplit msplit_variant=rush_dp z_cols=14 backend=cpp
[2026-03-11T16:19:33-04:00] [stage] heartbeat stage=msplit_fit elapsed_sec=1290.1 dataset=electricity depth=3 seed=0 eval=test lookahead=2 n_fit=31717 n_eval=9063 raw_features=14 solver=msplit msplit_variant=rush_dp z_cols=14 backend=cpp
[2026-03-11T16:20:03-04:00] [stage] heartbeat stage=msplit_fit elapsed_sec=1320.1 dataset=electricity depth=3 seed=0 eval=test lookahead=2 n_fit=31717 n_eval=9063 raw_features=14 solver=msplit msplit_variant=rush_dp z_cols=14 backend=cpp
[2026-03-11T16:20:33-04:00] [stage] heartbeat stage=msplit_fit elapsed_sec=1350.1 dataset=electricity depth=3 seed=0 eval=test lookahead=2 n_fit=31717 n_eval=9063 raw_features=14 solver=msplit msplit_variant=rush_dp z_cols=14 backend=cpp
[2026-03-11T16:21:03-04:00] [stage] heartbeat stage=msplit_fit elapsed_sec=1380.1 dataset=electricity depth=3 seed=0 eval=test lookahead=2 n_fit=31717 n_eval=9063 raw_features=14 solver=msplit msplit_variant=rush_dp z_cols=14 backend=cpp
[2026-03-11T16:21:33-04:00] [stage] heartbeat stage=msplit_fit elapsed_sec=1410.1 dataset=electricity depth=3 seed=0 eval=test lookahead=2 n_fit=31717 n_eval=9063 raw_features=14 solver=msplit msplit_variant=rush_dp z_cols=14 backend=cpp
[2026-03-11T16:22:03-04:00] [stage] heartbeat stage=msplit_fit elapsed_sec=1440.1 dataset=electricity depth=3 seed=0 eval=test lookahead=2 n_fit=31717 n_eval=9063 raw_features=14 solver=msplit msplit_variant=rush_dp z_cols=14 backend=cpp
[2026-03-11T16:22:33-04:00] [stage] heartbeat stage=msplit_fit elapsed_sec=1470.1 dataset=electricity depth=3 seed=0 eval=test lookahead=2 n_fit=31717 n_eval=9063 raw_features=14 solver=msplit msplit_variant=rush_dp z_cols=14 backend=cpp
[2026-03-11T16:23:03-04:00] [stage] heartbeat stage=msplit_fit elapsed_sec=1500.1 dataset=electricity depth=3 seed=0 eval=test lookahead=2 n_fit=31717 n_eval=9063 raw_features=14 solver=msplit msplit_variant=rush_dp z_cols=14 backend=cpp
[2026-03-11T16:23:33-04:00] [stage] heartbeat stage=msplit_fit elapsed_sec=1530.1 dataset=electricity depth=3 seed=0 eval=test lookahead=2 n_fit=31717 n_eval=9063 raw_features=14 solver=msplit msplit_variant=rush_dp z_cols=14 backend=cpp
[2026-03-11T16:24:03-04:00] [stage] heartbeat stage=msplit_fit elapsed_sec=1560.1 dataset=electricity depth=3 seed=0 eval=test lookahead=2 n_fit=31717 n_eval=9063 raw_features=14 solver=msplit msplit_variant=rush_dp z_cols=14 backend=cpp
[2026-03-11T16:24:33-04:00] [stage] heartbeat stage=msplit_fit elapsed_sec=1590.1 dataset=electricity depth=3 seed=0 eval=test lookahead=2 n_fit=31717 n_eval=9063 raw_features=14 solver=msplit msplit_variant=rush_dp z_cols=14 backend=cpp
[2026-03-11T16:25:03-04:00] [stage] heartbeat stage=msplit_fit elapsed_sec=1620.1 dataset=electricity depth=3 seed=0 eval=test lookahead=2 n_fit=31717 n_eval=9063 raw_features=14 solver=msplit msplit_variant=rush_dp z_cols=14 backend=cpp
[2026-03-11T16:25:33-04:00] [stage] heartbeat stage=msplit_fit elapsed_sec=1650.1 dataset=electricity depth=3 seed=0 eval=test lookahead=2 n_fit=31717 n_eval=9063 raw_features=14 solver=msplit msplit_variant=rush_dp z_cols=14 backend=cpp
[2026-03-11T16:26:03-04:00] [stage] heartbeat stage=msplit_fit elapsed_sec=1680.1 dataset=electricity depth=3 seed=0 eval=test lookahead=2 n_fit=31717 n_eval=9063 raw_features=14 solver=msplit msplit_variant=rush_dp z_cols=14 backend=cpp
[2026-03-11T16:26:33-04:00] [stage] heartbeat stage=msplit_fit elapsed_sec=1710.1 dataset=electricity depth=3 seed=0 eval=test lookahead=2 n_fit=31717 n_eval=9063 raw_features=14 solver=msplit msplit_variant=rush_dp z_cols=14 backend=cpp
[2026-03-11T16:27:03-04:00] [stage] heartbeat stage=msplit_fit elapsed_sec=1740.1 dataset=electricity depth=3 seed=0 eval=test lookahead=2 n_fit=31717 n_eval=9063 raw_features=14 solver=msplit msplit_variant=rush_dp z_cols=14 backend=cpp
[2026-03-11T16:27:33-04:00] [stage] heartbeat stage=msplit_fit elapsed_sec=1770.1 dataset=electricity depth=3 seed=0 eval=test lookahead=2 n_fit=31717 n_eval=9063 raw_features=14 solver=msplit msplit_variant=rush_dp z_cols=14 backend=cpp
[2026-03-11T16:28:03-04:00] [stage] heartbeat stage=msplit_fit elapsed_sec=1800.1 dataset=electricity depth=3 seed=0 eval=test lookahead=2 n_fit=31717 n_eval=9063 raw_features=14 solver=msplit msplit_variant=rush_dp z_cols=14 backend=cpp
[2026-03-11T16:28:33-04:00] [stage] heartbeat stage=msplit_fit elapsed_sec=1830.1 dataset=electricity depth=3 seed=0 eval=test lookahead=2 n_fit=31717 n_eval=9063 raw_features=14 solver=msplit msplit_variant=rush_dp z_cols=14 backend=cpp
[2026-03-11T16:29:03-04:00] [stage] heartbeat stage=msplit_fit elapsed_sec=1860.1 dataset=electricity depth=3 seed=0 eval=test lookahead=2 n_fit=31717 n_eval=9063 raw_features=14 solver=msplit msplit_variant=rush_dp z_cols=14 backend=cpp
[2026-03-11T16:29:33-04:00] [stage] heartbeat stage=msplit_fit elapsed_sec=1890.1 dataset=electricity depth=3 seed=0 eval=test lookahead=2 n_fit=31717 n_eval=9063 raw_features=14 solver=msplit msplit_variant=rush_dp z_cols=14 backend=cpp
[2026-03-11T16:30:03-04:00] [stage] heartbeat stage=msplit_fit elapsed_sec=1920.1 dataset=electricity depth=3 seed=0 eval=test lookahead=2 n_fit=31717 n_eval=9063 raw_features=14 solver=msplit msplit_variant=rush_dp z_cols=14 backend=cpp
[2026-03-11T16:30:33-04:00] [stage] heartbeat stage=msplit_fit elapsed_sec=1950.1 dataset=electricity depth=3 seed=0 eval=test lookahead=2 n_fit=31717 n_eval=9063 raw_features=14 solver=msplit msplit_variant=rush_dp z_cols=14 backend=cpp
[2026-03-11T16:31:03-04:00] [stage] heartbeat stage=msplit_fit elapsed_sec=1980.1 dataset=electricity depth=3 seed=0 eval=test lookahead=2 n_fit=31717 n_eval=9063 raw_features=14 solver=msplit msplit_variant=rush_dp z_cols=14 backend=cpp
[2026-03-11T16:31:33-04:00] [stage] heartbeat stage=msplit_fit elapsed_sec=2010.1 dataset=electricity depth=3 seed=0 eval=test lookahead=2 n_fit=31717 n_eval=9063 raw_features=14 solver=msplit msplit_variant=rush_dp z_cols=14 backend=cpp
[2026-03-11T16:32:03-04:00] [stage] heartbeat stage=msplit_fit elapsed_sec=2040.1 dataset=electricity depth=3 seed=0 eval=test lookahead=2 n_fit=31717 n_eval=9063 raw_features=14 solver=msplit msplit_variant=rush_dp z_cols=14 backend=cpp
[2026-03-11T16:32:33-04:00] [stage] heartbeat stage=msplit_fit elapsed_sec=2070.1 dataset=electricity depth=3 seed=0 eval=test lookahead=2 n_fit=31717 n_eval=9063 raw_features=14 solver=msplit msplit_variant=rush_dp z_cols=14 backend=cpp
[2026-03-11T16:33:03-04:00] [stage] heartbeat stage=msplit_fit elapsed_sec=2100.1 dataset=electricity depth=3 seed=0 eval=test lookahead=2 n_fit=31717 n_eval=9063 raw_features=14 solver=msplit msplit_variant=rush_dp z_cols=14 backend=cpp
[2026-03-11T16:33:33-04:00] [stage] heartbeat stage=msplit_fit elapsed_sec=2130.1 dataset=electricity depth=3 seed=0 eval=test lookahead=2 n_fit=31717 n_eval=9063 raw_features=14 solver=msplit msplit_variant=rush_dp z_cols=14 backend=cpp
[2026-03-11T16:34:03-04:00] [stage] heartbeat stage=msplit_fit elapsed_sec=2160.1 dataset=electricity depth=3 seed=0 eval=test lookahead=2 n_fit=31717 n_eval=9063 raw_features=14 solver=msplit msplit_variant=rush_dp z_cols=14 backend=cpp
[2026-03-11T16:34:33-04:00] [stage] heartbeat stage=msplit_fit elapsed_sec=2190.1 dataset=electricity depth=3 seed=0 eval=test lookahead=2 n_fit=31717 n_eval=9063 raw_features=14 solver=msplit msplit_variant=rush_dp z_cols=14 backend=cpp
[2026-03-11T16:35:03-04:00] [stage] heartbeat stage=msplit_fit elapsed_sec=2220.1 dataset=electricity depth=3 seed=0 eval=test lookahead=2 n_fit=31717 n_eval=9063 raw_features=14 solver=msplit msplit_variant=rush_dp z_cols=14 backend=cpp
[2026-03-11T16:35:33-04:00] [stage] heartbeat stage=msplit_fit elapsed_sec=2250.1 dataset=electricity depth=3 seed=0 eval=test lookahead=2 n_fit=31717 n_eval=9063 raw_features=14 solver=msplit msplit_variant=rush_dp z_cols=14 backend=cpp
[2026-03-11T16:36:03-04:00] [stage] heartbeat stage=msplit_fit elapsed_sec=2280.1 dataset=electricity depth=3 seed=0 eval=test lookahead=2 n_fit=31717 n_eval=9063 raw_features=14 solver=msplit msplit_variant=rush_dp z_cols=14 backend=cpp
[2026-03-11T16:36:33-04:00] [stage] heartbeat stage=msplit_fit elapsed_sec=2310.1 dataset=electricity depth=3 seed=0 eval=test lookahead=2 n_fit=31717 n_eval=9063 raw_features=14 solver=msplit msplit_variant=rush_dp z_cols=14 backend=cpp
[2026-03-11T16:37:03-04:00] [stage] heartbeat stage=msplit_fit elapsed_sec=2340.1 dataset=electricity depth=3 seed=0 eval=test lookahead=2 n_fit=31717 n_eval=9063 raw_features=14 solver=msplit msplit_variant=rush_dp z_cols=14 backend=cpp
[2026-03-11T16:37:33-04:00] [stage] heartbeat stage=msplit_fit elapsed_sec=2370.1 dataset=electricity depth=3 seed=0 eval=test lookahead=2 n_fit=31717 n_eval=9063 raw_features=14 solver=msplit msplit_variant=rush_dp z_cols=14 backend=cpp
[2026-03-11T16:38:03-04:00] [stage] heartbeat stage=msplit_fit elapsed_sec=2400.1 dataset=electricity depth=3 seed=0 eval=test lookahead=2 n_fit=31717 n_eval=9063 raw_features=14 solver=msplit msplit_variant=rush_dp z_cols=14 backend=cpp
[2026-03-11T16:38:33-04:00] [stage] heartbeat stage=msplit_fit elapsed_sec=2430.2 dataset=electricity depth=3 seed=0 eval=test lookahead=2 n_fit=31717 n_eval=9063 raw_features=14 solver=msplit msplit_variant=rush_dp z_cols=14 backend=cpp
[2026-03-11T16:39:03-04:00] [stage] heartbeat stage=msplit_fit elapsed_sec=2460.2 dataset=electricity depth=3 seed=0 eval=test lookahead=2 n_fit=31717 n_eval=9063 raw_features=14 solver=msplit msplit_variant=rush_dp z_cols=14 backend=cpp
[2026-03-11T16:39:33-04:00] [stage] heartbeat stage=msplit_fit elapsed_sec=2490.2 dataset=electricity depth=3 seed=0 eval=test lookahead=2 n_fit=31717 n_eval=9063 raw_features=14 solver=msplit msplit_variant=rush_dp z_cols=14 backend=cpp
[2026-03-11T16:40:03-04:00] [stage] heartbeat stage=msplit_fit elapsed_sec=2520.2 dataset=electricity depth=3 seed=0 eval=test lookahead=2 n_fit=31717 n_eval=9063 raw_features=14 solver=msplit msplit_variant=rush_dp z_cols=14 backend=cpp
[2026-03-11T16:40:33-04:00] [stage] heartbeat stage=msplit_fit elapsed_sec=2550.2 dataset=electricity depth=3 seed=0 eval=test lookahead=2 n_fit=31717 n_eval=9063 raw_features=14 solver=msplit msplit_variant=rush_dp z_cols=14 backend=cpp
[2026-03-11T16:41:03-04:00] [stage] heartbeat stage=msplit_fit elapsed_sec=2580.2 dataset=electricity depth=3 seed=0 eval=test lookahead=2 n_fit=31717 n_eval=9063 raw_features=14 solver=msplit msplit_variant=rush_dp z_cols=14 backend=cpp
[2026-03-11T16:41:33-04:00] [stage] heartbeat stage=msplit_fit elapsed_sec=2610.2 dataset=electricity depth=3 seed=0 eval=test lookahead=2 n_fit=31717 n_eval=9063 raw_features=14 solver=msplit msplit_variant=rush_dp z_cols=14 backend=cpp
[2026-03-11T16:42:03-04:00] [stage] heartbeat stage=msplit_fit elapsed_sec=2640.2 dataset=electricity depth=3 seed=0 eval=test lookahead=2 n_fit=31717 n_eval=9063 raw_features=14 solver=msplit msplit_variant=rush_dp z_cols=14 backend=cpp
[2026-03-11T16:42:33-04:00] [stage] heartbeat stage=msplit_fit elapsed_sec=2670.2 dataset=electricity depth=3 seed=0 eval=test lookahead=2 n_fit=31717 n_eval=9063 raw_features=14 solver=msplit msplit_variant=rush_dp z_cols=14 backend=cpp
[2026-03-11T16:43:03-04:00] [stage] heartbeat stage=msplit_fit elapsed_sec=2700.2 dataset=electricity depth=3 seed=0 eval=test lookahead=2 n_fit=31717 n_eval=9063 raw_features=14 solver=msplit msplit_variant=rush_dp z_cols=14 backend=cpp
[2026-03-11T16:43:33-04:00] [stage] heartbeat stage=msplit_fit elapsed_sec=2730.2 dataset=electricity depth=3 seed=0 eval=test lookahead=2 n_fit=31717 n_eval=9063 raw_features=14 solver=msplit msplit_variant=rush_dp z_cols=14 backend=cpp
[2026-03-11T16:44:03-04:00] [stage] heartbeat stage=msplit_fit elapsed_sec=2760.2 dataset=electricity depth=3 seed=0 eval=test lookahead=2 n_fit=31717 n_eval=9063 raw_features=14 solver=msplit msplit_variant=rush_dp z_cols=14 backend=cpp
[2026-03-11T16:44:33-04:00] [stage] heartbeat stage=msplit_fit elapsed_sec=2790.2 dataset=electricity depth=3 seed=0 eval=test lookahead=2 n_fit=31717 n_eval=9063 raw_features=14 solver=msplit msplit_variant=rush_dp z_cols=14 backend=cpp
[2026-03-11T16:45:03-04:00] [stage] heartbeat stage=msplit_fit elapsed_sec=2820.2 dataset=electricity depth=3 seed=0 eval=test lookahead=2 n_fit=31717 n_eval=9063 raw_features=14 solver=msplit msplit_variant=rush_dp z_cols=14 backend=cpp
[2026-03-11T16:45:33-04:00] [stage] heartbeat stage=msplit_fit elapsed_sec=2850.2 dataset=electricity depth=3 seed=0 eval=test lookahead=2 n_fit=31717 n_eval=9063 raw_features=14 solver=msplit msplit_variant=rush_dp z_cols=14 backend=cpp
[2026-03-11T16:46:03-04:00] [stage] heartbeat stage=msplit_fit elapsed_sec=2880.2 dataset=electricity depth=3 seed=0 eval=test lookahead=2 n_fit=31717 n_eval=9063 raw_features=14 solver=msplit msplit_variant=rush_dp z_cols=14 backend=cpp
[2026-03-11T16:46:33-04:00] [stage] heartbeat stage=msplit_fit elapsed_sec=2910.2 dataset=electricity depth=3 seed=0 eval=test lookahead=2 n_fit=31717 n_eval=9063 raw_features=14 solver=msplit msplit_variant=rush_dp z_cols=14 backend=cpp
[2026-03-11T16:47:03-04:00] [stage] heartbeat stage=msplit_fit elapsed_sec=2940.2 dataset=electricity depth=3 seed=0 eval=test lookahead=2 n_fit=31717 n_eval=9063 raw_features=14 solver=msplit msplit_variant=rush_dp z_cols=14 backend=cpp
[2026-03-11T16:47:33-04:00] [stage] heartbeat stage=msplit_fit elapsed_sec=2970.2 dataset=electricity depth=3 seed=0 eval=test lookahead=2 n_fit=31717 n_eval=9063 raw_features=14 solver=msplit msplit_variant=rush_dp z_cols=14 backend=cpp
[2026-03-11T16:48:03-04:00] [stage] heartbeat stage=msplit_fit elapsed_sec=3000.2 dataset=electricity depth=3 seed=0 eval=test lookahead=2 n_fit=31717 n_eval=9063 raw_features=14 solver=msplit msplit_variant=rush_dp z_cols=14 backend=cpp
[2026-03-11T16:48:33-04:00] [stage] heartbeat stage=msplit_fit elapsed_sec=3030.2 dataset=electricity depth=3 seed=0 eval=test lookahead=2 n_fit=31717 n_eval=9063 raw_features=14 solver=msplit msplit_variant=rush_dp z_cols=14 backend=cpp
[2026-03-11T16:49:03-04:00] [stage] heartbeat stage=msplit_fit elapsed_sec=3060.2 dataset=electricity depth=3 seed=0 eval=test lookahead=2 n_fit=31717 n_eval=9063 raw_features=14 solver=msplit msplit_variant=rush_dp z_cols=14 backend=cpp
[2026-03-11T16:49:33-04:00] [stage] heartbeat stage=msplit_fit elapsed_sec=3090.2 dataset=electricity depth=3 seed=0 eval=test lookahead=2 n_fit=31717 n_eval=9063 raw_features=14 solver=msplit msplit_variant=rush_dp z_cols=14 backend=cpp
[2026-03-11T16:50:03-04:00] [stage] heartbeat stage=msplit_fit elapsed_sec=3120.2 dataset=electricity depth=3 seed=0 eval=test lookahead=2 n_fit=31717 n_eval=9063 raw_features=14 solver=msplit msplit_variant=rush_dp z_cols=14 backend=cpp
[2026-03-11T16:50:33-04:00] [stage] heartbeat stage=msplit_fit elapsed_sec=3150.2 dataset=electricity depth=3 seed=0 eval=test lookahead=2 n_fit=31717 n_eval=9063 raw_features=14 solver=msplit msplit_variant=rush_dp z_cols=14 backend=cpp
[2026-03-11T16:51:03-04:00] [stage] heartbeat stage=msplit_fit elapsed_sec=3180.2 dataset=electricity depth=3 seed=0 eval=test lookahead=2 n_fit=31717 n_eval=9063 raw_features=14 solver=msplit msplit_variant=rush_dp z_cols=14 backend=cpp
[2026-03-11T16:51:33-04:00] [stage] heartbeat stage=msplit_fit elapsed_sec=3210.2 dataset=electricity depth=3 seed=0 eval=test lookahead=2 n_fit=31717 n_eval=9063 raw_features=14 solver=msplit msplit_variant=rush_dp z_cols=14 backend=cpp
[2026-03-11T16:52:03-04:00] [stage] heartbeat stage=msplit_fit elapsed_sec=3240.2 dataset=electricity depth=3 seed=0 eval=test lookahead=2 n_fit=31717 n_eval=9063 raw_features=14 solver=msplit msplit_variant=rush_dp z_cols=14 backend=cpp
[2026-03-11T16:52:33-04:00] [stage] heartbeat stage=msplit_fit elapsed_sec=3270.2 dataset=electricity depth=3 seed=0 eval=test lookahead=2 n_fit=31717 n_eval=9063 raw_features=14 solver=msplit msplit_variant=rush_dp z_cols=14 backend=cpp
[2026-03-11T16:53:03-04:00] [stage] heartbeat stage=msplit_fit elapsed_sec=3300.2 dataset=electricity depth=3 seed=0 eval=test lookahead=2 n_fit=31717 n_eval=9063 raw_features=14 solver=msplit msplit_variant=rush_dp z_cols=14 backend=cpp
[2026-03-11T16:53:33-04:00] [stage] heartbeat stage=msplit_fit elapsed_sec=3330.2 dataset=electricity depth=3 seed=0 eval=test lookahead=2 n_fit=31717 n_eval=9063 raw_features=14 solver=msplit msplit_variant=rush_dp z_cols=14 backend=cpp
[2026-03-11T16:54:03-04:00] [stage] heartbeat stage=msplit_fit elapsed_sec=3360.2 dataset=electricity depth=3 seed=0 eval=test lookahead=2 n_fit=31717 n_eval=9063 raw_features=14 solver=msplit msplit_variant=rush_dp z_cols=14 backend=cpp
[2026-03-11T16:54:33-04:00] [stage] heartbeat stage=msplit_fit elapsed_sec=3390.2 dataset=electricity depth=3 seed=0 eval=test lookahead=2 n_fit=31717 n_eval=9063 raw_features=14 solver=msplit msplit_variant=rush_dp z_cols=14 backend=cpp
[2026-03-11T16:55:03-04:00] [stage] heartbeat stage=msplit_fit elapsed_sec=3420.2 dataset=electricity depth=3 seed=0 eval=test lookahead=2 n_fit=31717 n_eval=9063 raw_features=14 solver=msplit msplit_variant=rush_dp z_cols=14 backend=cpp
[2026-03-11T16:55:33-04:00] [stage] heartbeat stage=msplit_fit elapsed_sec=3450.2 dataset=electricity depth=3 seed=0 eval=test lookahead=2 n_fit=31717 n_eval=9063 raw_features=14 solver=msplit msplit_variant=rush_dp z_cols=14 backend=cpp
[2026-03-11T16:56:03-04:00] [stage] heartbeat stage=msplit_fit elapsed_sec=3480.2 dataset=electricity depth=3 seed=0 eval=test lookahead=2 n_fit=31717 n_eval=9063 raw_features=14 solver=msplit msplit_variant=rush_dp z_cols=14 backend=cpp
[2026-03-11T16:56:33-04:00] [stage] heartbeat stage=msplit_fit elapsed_sec=3510.2 dataset=electricity depth=3 seed=0 eval=test lookahead=2 n_fit=31717 n_eval=9063 raw_features=14 solver=msplit msplit_variant=rush_dp z_cols=14 backend=cpp
[2026-03-11T16:57:03-04:00] [stage] heartbeat stage=msplit_fit elapsed_sec=3540.2 dataset=electricity depth=3 seed=0 eval=test lookahead=2 n_fit=31717 n_eval=9063 raw_features=14 solver=msplit msplit_variant=rush_dp z_cols=14 backend=cpp
[2026-03-11T16:57:33-04:00] [stage] heartbeat stage=msplit_fit elapsed_sec=3570.2 dataset=electricity depth=3 seed=0 eval=test lookahead=2 n_fit=31717 n_eval=9063 raw_features=14 solver=msplit msplit_variant=rush_dp z_cols=14 backend=cpp
[2026-03-11T16:58:03-04:00] [stage] heartbeat stage=msplit_fit elapsed_sec=3600.2 dataset=electricity depth=3 seed=0 eval=test lookahead=2 n_fit=31717 n_eval=9063 raw_features=14 solver=msplit msplit_variant=rush_dp z_cols=14 backend=cpp
[2026-03-11T16:58:33-04:00] [stage] heartbeat stage=msplit_fit elapsed_sec=3630.2 dataset=electricity depth=3 seed=0 eval=test lookahead=2 n_fit=31717 n_eval=9063 raw_features=14 solver=msplit msplit_variant=rush_dp z_cols=14 backend=cpp
[2026-03-11T16:59:03-04:00] [stage] heartbeat stage=msplit_fit elapsed_sec=3660.2 dataset=electricity depth=3 seed=0 eval=test lookahead=2 n_fit=31717 n_eval=9063 raw_features=14 solver=msplit msplit_variant=rush_dp z_cols=14 backend=cpp
[2026-03-11T16:59:33-04:00] [stage] heartbeat stage=msplit_fit elapsed_sec=3690.2 dataset=electricity depth=3 seed=0 eval=test lookahead=2 n_fit=31717 n_eval=9063 raw_features=14 solver=msplit msplit_variant=rush_dp z_cols=14 backend=cpp
[2026-03-11T17:00:03-04:00] [stage] heartbeat stage=msplit_fit elapsed_sec=3720.2 dataset=electricity depth=3 seed=0 eval=test lookahead=2 n_fit=31717 n_eval=9063 raw_features=14 solver=msplit msplit_variant=rush_dp z_cols=14 backend=cpp
[2026-03-11T17:00:33-04:00] [stage] heartbeat stage=msplit_fit elapsed_sec=3750.2 dataset=electricity depth=3 seed=0 eval=test lookahead=2 n_fit=31717 n_eval=9063 raw_features=14 solver=msplit msplit_variant=rush_dp z_cols=14 backend=cpp
[2026-03-11T17:01:03-04:00] [stage] heartbeat stage=msplit_fit elapsed_sec=3780.2 dataset=electricity depth=3 seed=0 eval=test lookahead=2 n_fit=31717 n_eval=9063 raw_features=14 solver=msplit msplit_variant=rush_dp z_cols=14 backend=cpp
[2026-03-11T17:01:33-04:00] [stage] heartbeat stage=msplit_fit elapsed_sec=3810.2 dataset=electricity depth=3 seed=0 eval=test lookahead=2 n_fit=31717 n_eval=9063 raw_features=14 solver=msplit msplit_variant=rush_dp z_cols=14 backend=cpp
[2026-03-11T17:02:03-04:00] [stage] heartbeat stage=msplit_fit elapsed_sec=3840.2 dataset=electricity depth=3 seed=0 eval=test lookahead=2 n_fit=31717 n_eval=9063 raw_features=14 solver=msplit msplit_variant=rush_dp z_cols=14 backend=cpp
[2026-03-11T17:02:33-04:00] [stage] heartbeat stage=msplit_fit elapsed_sec=3870.2 dataset=electricity depth=3 seed=0 eval=test lookahead=2 n_fit=31717 n_eval=9063 raw_features=14 solver=msplit msplit_variant=rush_dp z_cols=14 backend=cpp
[2026-03-11T17:03:03-04:00] [stage] heartbeat stage=msplit_fit elapsed_sec=3900.2 dataset=electricity depth=3 seed=0 eval=test lookahead=2 n_fit=31717 n_eval=9063 raw_features=14 solver=msplit msplit_variant=rush_dp z_cols=14 backend=cpp
[2026-03-11T17:03:33-04:00] [stage] heartbeat stage=msplit_fit elapsed_sec=3930.2 dataset=electricity depth=3 seed=0 eval=test lookahead=2 n_fit=31717 n_eval=9063 raw_features=14 solver=msplit msplit_variant=rush_dp z_cols=14 backend=cpp
[2026-03-11T17:04:03-04:00] [stage] heartbeat stage=msplit_fit elapsed_sec=3960.2 dataset=electricity depth=3 seed=0 eval=test lookahead=2 n_fit=31717 n_eval=9063 raw_features=14 solver=msplit msplit_variant=rush_dp z_cols=14 backend=cpp
[2026-03-11T17:04:33-04:00] [stage] heartbeat stage=msplit_fit elapsed_sec=3990.3 dataset=electricity depth=3 seed=0 eval=test lookahead=2 n_fit=31717 n_eval=9063 raw_features=14 solver=msplit msplit_variant=rush_dp z_cols=14 backend=cpp
[2026-03-11T17:05:03-04:00] [stage] heartbeat stage=msplit_fit elapsed_sec=4020.3 dataset=electricity depth=3 seed=0 eval=test lookahead=2 n_fit=31717 n_eval=9063 raw_features=14 solver=msplit msplit_variant=rush_dp z_cols=14 backend=cpp
[2026-03-11T17:05:33-04:00] [stage] heartbeat stage=msplit_fit elapsed_sec=4050.3 dataset=electricity depth=3 seed=0 eval=test lookahead=2 n_fit=31717 n_eval=9063 raw_features=14 solver=msplit msplit_variant=rush_dp z_cols=14 backend=cpp
[2026-03-11T17:06:03-04:00] [stage] heartbeat stage=msplit_fit elapsed_sec=4080.3 dataset=electricity depth=3 seed=0 eval=test lookahead=2 n_fit=31717 n_eval=9063 raw_features=14 solver=msplit msplit_variant=rush_dp z_cols=14 backend=cpp
[2026-03-11T17:06:33-04:00] [stage] heartbeat stage=msplit_fit elapsed_sec=4110.3 dataset=electricity depth=3 seed=0 eval=test lookahead=2 n_fit=31717 n_eval=9063 raw_features=14 solver=msplit msplit_variant=rush_dp z_cols=14 backend=cpp
[2026-03-11T17:07:03-04:00] [stage] heartbeat stage=msplit_fit elapsed_sec=4140.3 dataset=electricity depth=3 seed=0 eval=test lookahead=2 n_fit=31717 n_eval=9063 raw_features=14 solver=msplit msplit_variant=rush_dp z_cols=14 backend=cpp
[2026-03-11T17:07:33-04:00] [stage] heartbeat stage=msplit_fit elapsed_sec=4170.3 dataset=electricity depth=3 seed=0 eval=test lookahead=2 n_fit=31717 n_eval=9063 raw_features=14 solver=msplit msplit_variant=rush_dp z_cols=14 backend=cpp
[2026-03-11T17:08:03-04:00] [stage] heartbeat stage=msplit_fit elapsed_sec=4200.3 dataset=electricity depth=3 seed=0 eval=test lookahead=2 n_fit=31717 n_eval=9063 raw_features=14 solver=msplit msplit_variant=rush_dp z_cols=14 backend=cpp
[2026-03-11T17:08:33-04:00] [stage] heartbeat stage=msplit_fit elapsed_sec=4230.3 dataset=electricity depth=3 seed=0 eval=test lookahead=2 n_fit=31717 n_eval=9063 raw_features=14 solver=msplit msplit_variant=rush_dp z_cols=14 backend=cpp
[2026-03-11T17:09:03-04:00] [stage] heartbeat stage=msplit_fit elapsed_sec=4260.3 dataset=electricity depth=3 seed=0 eval=test lookahead=2 n_fit=31717 n_eval=9063 raw_features=14 solver=msplit msplit_variant=rush_dp z_cols=14 backend=cpp
[2026-03-11T17:09:33-04:00] [stage] heartbeat stage=msplit_fit elapsed_sec=4290.3 dataset=electricity depth=3 seed=0 eval=test lookahead=2 n_fit=31717 n_eval=9063 raw_features=14 solver=msplit msplit_variant=rush_dp z_cols=14 backend=cpp
[2026-03-11T17:10:03-04:00] [stage] heartbeat stage=msplit_fit elapsed_sec=4320.3 dataset=electricity depth=3 seed=0 eval=test lookahead=2 n_fit=31717 n_eval=9063 raw_features=14 solver=msplit msplit_variant=rush_dp z_cols=14 backend=cpp
[2026-03-11T17:10:33-04:00] [stage] heartbeat stage=msplit_fit elapsed_sec=4350.3 dataset=electricity depth=3 seed=0 eval=test lookahead=2 n_fit=31717 n_eval=9063 raw_features=14 solver=msplit msplit_variant=rush_dp z_cols=14 backend=cpp
[2026-03-11T17:11:03-04:00] [stage] heartbeat stage=msplit_fit elapsed_sec=4380.3 dataset=electricity depth=3 seed=0 eval=test lookahead=2 n_fit=31717 n_eval=9063 raw_features=14 solver=msplit msplit_variant=rush_dp z_cols=14 backend=cpp
[2026-03-11T17:11:33-04:00] [stage] heartbeat stage=msplit_fit elapsed_sec=4410.3 dataset=electricity depth=3 seed=0 eval=test lookahead=2 n_fit=31717 n_eval=9063 raw_features=14 solver=msplit msplit_variant=rush_dp z_cols=14 backend=cpp
[2026-03-11T17:12:03-04:00] [stage] heartbeat stage=msplit_fit elapsed_sec=4440.3 dataset=electricity depth=3 seed=0 eval=test lookahead=2 n_fit=31717 n_eval=9063 raw_features=14 solver=msplit msplit_variant=rush_dp z_cols=14 backend=cpp
[2026-03-11T17:12:33-04:00] [stage] heartbeat stage=msplit_fit elapsed_sec=4470.3 dataset=electricity depth=3 seed=0 eval=test lookahead=2 n_fit=31717 n_eval=9063 raw_features=14 solver=msplit msplit_variant=rush_dp z_cols=14 backend=cpp
[2026-03-11T17:13:03-04:00] [stage] heartbeat stage=msplit_fit elapsed_sec=4500.3 dataset=electricity depth=3 seed=0 eval=test lookahead=2 n_fit=31717 n_eval=9063 raw_features=14 solver=msplit msplit_variant=rush_dp z_cols=14 backend=cpp
[2026-03-11T17:13:33-04:00] [stage] heartbeat stage=msplit_fit elapsed_sec=4530.3 dataset=electricity depth=3 seed=0 eval=test lookahead=2 n_fit=31717 n_eval=9063 raw_features=14 solver=msplit msplit_variant=rush_dp z_cols=14 backend=cpp
[2026-03-11T17:14:03-04:00] [stage] heartbeat stage=msplit_fit elapsed_sec=4560.3 dataset=electricity depth=3 seed=0 eval=test lookahead=2 n_fit=31717 n_eval=9063 raw_features=14 solver=msplit msplit_variant=rush_dp z_cols=14 backend=cpp
[2026-03-11T17:14:33-04:00] [stage] heartbeat stage=msplit_fit elapsed_sec=4590.3 dataset=electricity depth=3 seed=0 eval=test lookahead=2 n_fit=31717 n_eval=9063 raw_features=14 solver=msplit msplit_variant=rush_dp z_cols=14 backend=cpp
[2026-03-11T17:15:03-04:00] [stage] heartbeat stage=msplit_fit elapsed_sec=4620.3 dataset=electricity depth=3 seed=0 eval=test lookahead=2 n_fit=31717 n_eval=9063 raw_features=14 solver=msplit msplit_variant=rush_dp z_cols=14 backend=cpp
[2026-03-11T17:15:33-04:00] [stage] heartbeat stage=msplit_fit elapsed_sec=4650.3 dataset=electricity depth=3 seed=0 eval=test lookahead=2 n_fit=31717 n_eval=9063 raw_features=14 solver=msplit msplit_variant=rush_dp z_cols=14 backend=cpp
[2026-03-11T17:16:03-04:00] [stage] heartbeat stage=msplit_fit elapsed_sec=4680.3 dataset=electricity depth=3 seed=0 eval=test lookahead=2 n_fit=31717 n_eval=9063 raw_features=14 solver=msplit msplit_variant=rush_dp z_cols=14 backend=cpp
[2026-03-11T17:16:33-04:00] [stage] heartbeat stage=msplit_fit elapsed_sec=4710.3 dataset=electricity depth=3 seed=0 eval=test lookahead=2 n_fit=31717 n_eval=9063 raw_features=14 solver=msplit msplit_variant=rush_dp z_cols=14 backend=cpp
[2026-03-11T17:17:03-04:00] [stage] heartbeat stage=msplit_fit elapsed_sec=4740.3 dataset=electricity depth=3 seed=0 eval=test lookahead=2 n_fit=31717 n_eval=9063 raw_features=14 solver=msplit msplit_variant=rush_dp z_cols=14 backend=cpp
[2026-03-11T17:17:33-04:00] [stage] heartbeat stage=msplit_fit elapsed_sec=4770.3 dataset=electricity depth=3 seed=0 eval=test lookahead=2 n_fit=31717 n_eval=9063 raw_features=14 solver=msplit msplit_variant=rush_dp z_cols=14 backend=cpp
[2026-03-11T17:18:03-04:00] [stage] heartbeat stage=msplit_fit elapsed_sec=4800.3 dataset=electricity depth=3 seed=0 eval=test lookahead=2 n_fit=31717 n_eval=9063 raw_features=14 solver=msplit msplit_variant=rush_dp z_cols=14 backend=cpp
[2026-03-11T17:18:33-04:00] [stage] heartbeat stage=msplit_fit elapsed_sec=4830.3 dataset=electricity depth=3 seed=0 eval=test lookahead=2 n_fit=31717 n_eval=9063 raw_features=14 solver=msplit msplit_variant=rush_dp z_cols=14 backend=cpp
[2026-03-11T17:19:03-04:00] [stage] heartbeat stage=msplit_fit elapsed_sec=4860.3 dataset=electricity depth=3 seed=0 eval=test lookahead=2 n_fit=31717 n_eval=9063 raw_features=14 solver=msplit msplit_variant=rush_dp z_cols=14 backend=cpp
[2026-03-11T17:19:33-04:00] [stage] heartbeat stage=msplit_fit elapsed_sec=4890.3 dataset=electricity depth=3 seed=0 eval=test lookahead=2 n_fit=31717 n_eval=9063 raw_features=14 solver=msplit msplit_variant=rush_dp z_cols=14 backend=cpp
[2026-03-11T17:20:03-04:00] [stage] heartbeat stage=msplit_fit elapsed_sec=4920.3 dataset=electricity depth=3 seed=0 eval=test lookahead=2 n_fit=31717 n_eval=9063 raw_features=14 solver=msplit msplit_variant=rush_dp z_cols=14 backend=cpp
[2026-03-11T17:20:33-04:00] [stage] heartbeat stage=msplit_fit elapsed_sec=4950.3 dataset=electricity depth=3 seed=0 eval=test lookahead=2 n_fit=31717 n_eval=9063 raw_features=14 solver=msplit msplit_variant=rush_dp z_cols=14 backend=cpp
[2026-03-11T17:21:03-04:00] [stage] heartbeat stage=msplit_fit elapsed_sec=4980.3 dataset=electricity depth=3 seed=0 eval=test lookahead=2 n_fit=31717 n_eval=9063 raw_features=14 solver=msplit msplit_variant=rush_dp z_cols=14 backend=cpp
[2026-03-11T17:21:33-04:00] [stage] heartbeat stage=msplit_fit elapsed_sec=5010.3 dataset=electricity depth=3 seed=0 eval=test lookahead=2 n_fit=31717 n_eval=9063 raw_features=14 solver=msplit msplit_variant=rush_dp z_cols=14 backend=cpp
[2026-03-11T17:22:03-04:00] [stage] heartbeat stage=msplit_fit elapsed_sec=5040.3 dataset=electricity depth=3 seed=0 eval=test lookahead=2 n_fit=31717 n_eval=9063 raw_features=14 solver=msplit msplit_variant=rush_dp z_cols=14 backend=cpp
[2026-03-11T17:22:33-04:00] [stage] heartbeat stage=msplit_fit elapsed_sec=5070.3 dataset=electricity depth=3 seed=0 eval=test lookahead=2 n_fit=31717 n_eval=9063 raw_features=14 solver=msplit msplit_variant=rush_dp z_cols=14 backend=cpp
[2026-03-11T17:23:03-04:00] [stage] heartbeat stage=msplit_fit elapsed_sec=5100.3 dataset=electricity depth=3 seed=0 eval=test lookahead=2 n_fit=31717 n_eval=9063 raw_features=14 solver=msplit msplit_variant=rush_dp z_cols=14 backend=cpp
[2026-03-11T17:23:33-04:00] [stage] heartbeat stage=msplit_fit elapsed_sec=5130.3 dataset=electricity depth=3 seed=0 eval=test lookahead=2 n_fit=31717 n_eval=9063 raw_features=14 solver=msplit msplit_variant=rush_dp z_cols=14 backend=cpp
[2026-03-11T17:24:03-04:00] [stage] heartbeat stage=msplit_fit elapsed_sec=5160.3 dataset=electricity depth=3 seed=0 eval=test lookahead=2 n_fit=31717 n_eval=9063 raw_features=14 solver=msplit msplit_variant=rush_dp z_cols=14 backend=cpp
[2026-03-11T17:24:33-04:00] [stage] heartbeat stage=msplit_fit elapsed_sec=5190.3 dataset=electricity depth=3 seed=0 eval=test lookahead=2 n_fit=31717 n_eval=9063 raw_features=14 solver=msplit msplit_variant=rush_dp z_cols=14 backend=cpp
[2026-03-11T17:25:03-04:00] [stage] heartbeat stage=msplit_fit elapsed_sec=5220.3 dataset=electricity depth=3 seed=0 eval=test lookahead=2 n_fit=31717 n_eval=9063 raw_features=14 solver=msplit msplit_variant=rush_dp z_cols=14 backend=cpp
[2026-03-11T17:25:33-04:00] [stage] heartbeat stage=msplit_fit elapsed_sec=5250.3 dataset=electricity depth=3 seed=0 eval=test lookahead=2 n_fit=31717 n_eval=9063 raw_features=14 solver=msplit msplit_variant=rush_dp z_cols=14 backend=cpp
[2026-03-11T17:26:03-04:00] [stage] heartbeat stage=msplit_fit elapsed_sec=5280.3 dataset=electricity depth=3 seed=0 eval=test lookahead=2 n_fit=31717 n_eval=9063 raw_features=14 solver=msplit msplit_variant=rush_dp z_cols=14 backend=cpp
[2026-03-11T17:26:33-04:00] [stage] heartbeat stage=msplit_fit elapsed_sec=5310.3 dataset=electricity depth=3 seed=0 eval=test lookahead=2 n_fit=31717 n_eval=9063 raw_features=14 solver=msplit msplit_variant=rush_dp z_cols=14 backend=cpp
[2026-03-11T17:27:03-04:00] [stage] heartbeat stage=msplit_fit elapsed_sec=5340.3 dataset=electricity depth=3 seed=0 eval=test lookahead=2 n_fit=31717 n_eval=9063 raw_features=14 solver=msplit msplit_variant=rush_dp z_cols=14 backend=cpp
[2026-03-11T17:27:33-04:00] [stage] heartbeat stage=msplit_fit elapsed_sec=5370.3 dataset=electricity depth=3 seed=0 eval=test lookahead=2 n_fit=31717 n_eval=9063 raw_features=14 solver=msplit msplit_variant=rush_dp z_cols=14 backend=cpp
[2026-03-11T17:28:03-04:00] [stage] heartbeat stage=msplit_fit elapsed_sec=5400.3 dataset=electricity depth=3 seed=0 eval=test lookahead=2 n_fit=31717 n_eval=9063 raw_features=14 solver=msplit msplit_variant=rush_dp z_cols=14 backend=cpp
[2026-03-11T17:28:33-04:00] [stage] heartbeat stage=msplit_fit elapsed_sec=5430.3 dataset=electricity depth=3 seed=0 eval=test lookahead=2 n_fit=31717 n_eval=9063 raw_features=14 solver=msplit msplit_variant=rush_dp z_cols=14 backend=cpp
[2026-03-11T17:29:03-04:00] [stage] heartbeat stage=msplit_fit elapsed_sec=5460.3 dataset=electricity depth=3 seed=0 eval=test lookahead=2 n_fit=31717 n_eval=9063 raw_features=14 solver=msplit msplit_variant=rush_dp z_cols=14 backend=cpp
[2026-03-11T17:29:33-04:00] [stage] heartbeat stage=msplit_fit elapsed_sec=5490.3 dataset=electricity depth=3 seed=0 eval=test lookahead=2 n_fit=31717 n_eval=9063 raw_features=14 solver=msplit msplit_variant=rush_dp z_cols=14 backend=cpp
[2026-03-11T17:30:03-04:00] [stage] heartbeat stage=msplit_fit elapsed_sec=5520.3 dataset=electricity depth=3 seed=0 eval=test lookahead=2 n_fit=31717 n_eval=9063 raw_features=14 solver=msplit msplit_variant=rush_dp z_cols=14 backend=cpp
[2026-03-11T17:30:33-04:00] [stage] heartbeat stage=msplit_fit elapsed_sec=5550.3 dataset=electricity depth=3 seed=0 eval=test lookahead=2 n_fit=31717 n_eval=9063 raw_features=14 solver=msplit msplit_variant=rush_dp z_cols=14 backend=cpp
[2026-03-11T17:31:03-04:00] [stage] heartbeat stage=msplit_fit elapsed_sec=5580.4 dataset=electricity depth=3 seed=0 eval=test lookahead=2 n_fit=31717 n_eval=9063 raw_features=14 solver=msplit msplit_variant=rush_dp z_cols=14 backend=cpp
[2026-03-11T17:31:33-04:00] [stage] heartbeat stage=msplit_fit elapsed_sec=5610.4 dataset=electricity depth=3 seed=0 eval=test lookahead=2 n_fit=31717 n_eval=9063 raw_features=14 solver=msplit msplit_variant=rush_dp z_cols=14 backend=cpp
[2026-03-11T17:32:03-04:00] [stage] heartbeat stage=msplit_fit elapsed_sec=5640.4 dataset=electricity depth=3 seed=0 eval=test lookahead=2 n_fit=31717 n_eval=9063 raw_features=14 solver=msplit msplit_variant=rush_dp z_cols=14 backend=cpp
[2026-03-11T17:32:33-04:00] [stage] heartbeat stage=msplit_fit elapsed_sec=5670.4 dataset=electricity depth=3 seed=0 eval=test lookahead=2 n_fit=31717 n_eval=9063 raw_features=14 solver=msplit msplit_variant=rush_dp z_cols=14 backend=cpp
[2026-03-11T17:33:03-04:00] [stage] heartbeat stage=msplit_fit elapsed_sec=5700.4 dataset=electricity depth=3 seed=0 eval=test lookahead=2 n_fit=31717 n_eval=9063 raw_features=14 solver=msplit msplit_variant=rush_dp z_cols=14 backend=cpp
[2026-03-11T17:33:33-04:00] [stage] heartbeat stage=msplit_fit elapsed_sec=5730.4 dataset=electricity depth=3 seed=0 eval=test lookahead=2 n_fit=31717 n_eval=9063 raw_features=14 solver=msplit msplit_variant=rush_dp z_cols=14 backend=cpp
[2026-03-11T17:34:03-04:00] [stage] heartbeat stage=msplit_fit elapsed_sec=5760.4 dataset=electricity depth=3 seed=0 eval=test lookahead=2 n_fit=31717 n_eval=9063 raw_features=14 solver=msplit msplit_variant=rush_dp z_cols=14 backend=cpp
[2026-03-11T17:34:33-04:00] [stage] heartbeat stage=msplit_fit elapsed_sec=5790.4 dataset=electricity depth=3 seed=0 eval=test lookahead=2 n_fit=31717 n_eval=9063 raw_features=14 solver=msplit msplit_variant=rush_dp z_cols=14 backend=cpp
[2026-03-11T17:35:03-04:00] [stage] heartbeat stage=msplit_fit elapsed_sec=5820.4 dataset=electricity depth=3 seed=0 eval=test lookahead=2 n_fit=31717 n_eval=9063 raw_features=14 solver=msplit msplit_variant=rush_dp z_cols=14 backend=cpp
[2026-03-11T17:35:33-04:00] [stage] heartbeat stage=msplit_fit elapsed_sec=5850.4 dataset=electricity depth=3 seed=0 eval=test lookahead=2 n_fit=31717 n_eval=9063 raw_features=14 solver=msplit msplit_variant=rush_dp z_cols=14 backend=cpp
[2026-03-11T17:36:03-04:00] [stage] heartbeat stage=msplit_fit elapsed_sec=5880.4 dataset=electricity depth=3 seed=0 eval=test lookahead=2 n_fit=31717 n_eval=9063 raw_features=14 solver=msplit msplit_variant=rush_dp z_cols=14 backend=cpp
[2026-03-11T17:36:33-04:00] [stage] heartbeat stage=msplit_fit elapsed_sec=5910.4 dataset=electricity depth=3 seed=0 eval=test lookahead=2 n_fit=31717 n_eval=9063 raw_features=14 solver=msplit msplit_variant=rush_dp z_cols=14 backend=cpp
[2026-03-11T17:37:03-04:00] [stage] heartbeat stage=msplit_fit elapsed_sec=5940.4 dataset=electricity depth=3 seed=0 eval=test lookahead=2 n_fit=31717 n_eval=9063 raw_features=14 solver=msplit msplit_variant=rush_dp z_cols=14 backend=cpp
[2026-03-11T17:37:33-04:00] [stage] heartbeat stage=msplit_fit elapsed_sec=5970.4 dataset=electricity depth=3 seed=0 eval=test lookahead=2 n_fit=31717 n_eval=9063 raw_features=14 solver=msplit msplit_variant=rush_dp z_cols=14 backend=cpp
[2026-03-11T17:38:03-04:00] [stage] heartbeat stage=msplit_fit elapsed_sec=6000.4 dataset=electricity depth=3 seed=0 eval=test lookahead=2 n_fit=31717 n_eval=9063 raw_features=14 solver=msplit msplit_variant=rush_dp z_cols=14 backend=cpp
[2026-03-11T17:38:33-04:00] [stage] heartbeat stage=msplit_fit elapsed_sec=6030.4 dataset=electricity depth=3 seed=0 eval=test lookahead=2 n_fit=31717 n_eval=9063 raw_features=14 solver=msplit msplit_variant=rush_dp z_cols=14 backend=cpp
[2026-03-11T17:39:03-04:00] [stage] heartbeat stage=msplit_fit elapsed_sec=6060.4 dataset=electricity depth=3 seed=0 eval=test lookahead=2 n_fit=31717 n_eval=9063 raw_features=14 solver=msplit msplit_variant=rush_dp z_cols=14 backend=cpp
[2026-03-11T17:39:33-04:00] [stage] heartbeat stage=msplit_fit elapsed_sec=6090.4 dataset=electricity depth=3 seed=0 eval=test lookahead=2 n_fit=31717 n_eval=9063 raw_features=14 solver=msplit msplit_variant=rush_dp z_cols=14 backend=cpp
[2026-03-11T17:40:03-04:00] [stage] heartbeat stage=msplit_fit elapsed_sec=6120.4 dataset=electricity depth=3 seed=0 eval=test lookahead=2 n_fit=31717 n_eval=9063 raw_features=14 solver=msplit msplit_variant=rush_dp z_cols=14 backend=cpp
[2026-03-11T17:40:33-04:00] [stage] heartbeat stage=msplit_fit elapsed_sec=6150.4 dataset=electricity depth=3 seed=0 eval=test lookahead=2 n_fit=31717 n_eval=9063 raw_features=14 solver=msplit msplit_variant=rush_dp z_cols=14 backend=cpp
[2026-03-11T17:41:03-04:00] [stage] heartbeat stage=msplit_fit elapsed_sec=6180.4 dataset=electricity depth=3 seed=0 eval=test lookahead=2 n_fit=31717 n_eval=9063 raw_features=14 solver=msplit msplit_variant=rush_dp z_cols=14 backend=cpp
[2026-03-11T17:41:33-04:00] [stage] heartbeat stage=msplit_fit elapsed_sec=6210.4 dataset=electricity depth=3 seed=0 eval=test lookahead=2 n_fit=31717 n_eval=9063 raw_features=14 solver=msplit msplit_variant=rush_dp z_cols=14 backend=cpp
[2026-03-11T17:42:03-04:00] [stage] heartbeat stage=msplit_fit elapsed_sec=6240.4 dataset=electricity depth=3 seed=0 eval=test lookahead=2 n_fit=31717 n_eval=9063 raw_features=14 solver=msplit msplit_variant=rush_dp z_cols=14 backend=cpp
[2026-03-11T17:42:33-04:00] [stage] heartbeat stage=msplit_fit elapsed_sec=6270.4 dataset=electricity depth=3 seed=0 eval=test lookahead=2 n_fit=31717 n_eval=9063 raw_features=14 solver=msplit msplit_variant=rush_dp z_cols=14 backend=cpp
[2026-03-11T17:43:03-04:00] [stage] heartbeat stage=msplit_fit elapsed_sec=6300.4 dataset=electricity depth=3 seed=0 eval=test lookahead=2 n_fit=31717 n_eval=9063 raw_features=14 solver=msplit msplit_variant=rush_dp z_cols=14 backend=cpp
[2026-03-11T17:43:33-04:00] [stage] heartbeat stage=msplit_fit elapsed_sec=6330.4 dataset=electricity depth=3 seed=0 eval=test lookahead=2 n_fit=31717 n_eval=9063 raw_features=14 solver=msplit msplit_variant=rush_dp z_cols=14 backend=cpp
[2026-03-11T17:44:03-04:00] [stage] heartbeat stage=msplit_fit elapsed_sec=6360.4 dataset=electricity depth=3 seed=0 eval=test lookahead=2 n_fit=31717 n_eval=9063 raw_features=14 solver=msplit msplit_variant=rush_dp z_cols=14 backend=cpp
[2026-03-11T17:44:33-04:00] [stage] heartbeat stage=msplit_fit elapsed_sec=6390.4 dataset=electricity depth=3 seed=0 eval=test lookahead=2 n_fit=31717 n_eval=9063 raw_features=14 solver=msplit msplit_variant=rush_dp z_cols=14 backend=cpp
[2026-03-11T17:45:03-04:00] [stage] heartbeat stage=msplit_fit elapsed_sec=6420.4 dataset=electricity depth=3 seed=0 eval=test lookahead=2 n_fit=31717 n_eval=9063 raw_features=14 solver=msplit msplit_variant=rush_dp z_cols=14 backend=cpp
[2026-03-11T17:45:33-04:00] [stage] heartbeat stage=msplit_fit elapsed_sec=6450.4 dataset=electricity depth=3 seed=0 eval=test lookahead=2 n_fit=31717 n_eval=9063 raw_features=14 solver=msplit msplit_variant=rush_dp z_cols=14 backend=cpp
[2026-03-11T17:46:03-04:00] [stage] heartbeat stage=msplit_fit elapsed_sec=6480.4 dataset=electricity depth=3 seed=0 eval=test lookahead=2 n_fit=31717 n_eval=9063 raw_features=14 solver=msplit msplit_variant=rush_dp z_cols=14 backend=cpp
[2026-03-11T17:46:33-04:00] [stage] heartbeat stage=msplit_fit elapsed_sec=6510.4 dataset=electricity depth=3 seed=0 eval=test lookahead=2 n_fit=31717 n_eval=9063 raw_features=14 solver=msplit msplit_variant=rush_dp z_cols=14 backend=cpp
[2026-03-11T17:47:03-04:00] [stage] heartbeat stage=msplit_fit elapsed_sec=6540.4 dataset=electricity depth=3 seed=0 eval=test lookahead=2 n_fit=31717 n_eval=9063 raw_features=14 solver=msplit msplit_variant=rush_dp z_cols=14 backend=cpp
[2026-03-11T17:47:33-04:00] [stage] heartbeat stage=msplit_fit elapsed_sec=6570.4 dataset=electricity depth=3 seed=0 eval=test lookahead=2 n_fit=31717 n_eval=9063 raw_features=14 solver=msplit msplit_variant=rush_dp z_cols=14 backend=cpp
[2026-03-11T17:48:03-04:00] [stage] heartbeat stage=msplit_fit elapsed_sec=6600.4 dataset=electricity depth=3 seed=0 eval=test lookahead=2 n_fit=31717 n_eval=9063 raw_features=14 solver=msplit msplit_variant=rush_dp z_cols=14 backend=cpp
[2026-03-11T17:48:33-04:00] [stage] heartbeat stage=msplit_fit elapsed_sec=6630.4 dataset=electricity depth=3 seed=0 eval=test lookahead=2 n_fit=31717 n_eval=9063 raw_features=14 solver=msplit msplit_variant=rush_dp z_cols=14 backend=cpp
[2026-03-11T17:49:03-04:00] [stage] heartbeat stage=msplit_fit elapsed_sec=6660.4 dataset=electricity depth=3 seed=0 eval=test lookahead=2 n_fit=31717 n_eval=9063 raw_features=14 solver=msplit msplit_variant=rush_dp z_cols=14 backend=cpp
[2026-03-11T17:49:33-04:00] [stage] heartbeat stage=msplit_fit elapsed_sec=6690.4 dataset=electricity depth=3 seed=0 eval=test lookahead=2 n_fit=31717 n_eval=9063 raw_features=14 solver=msplit msplit_variant=rush_dp z_cols=14 backend=cpp
[2026-03-11T17:50:03-04:00] [stage] heartbeat stage=msplit_fit elapsed_sec=6720.4 dataset=electricity depth=3 seed=0 eval=test lookahead=2 n_fit=31717 n_eval=9063 raw_features=14 solver=msplit msplit_variant=rush_dp z_cols=14 backend=cpp
[2026-03-11T17:50:33-04:00] [stage] heartbeat stage=msplit_fit elapsed_sec=6750.4 dataset=electricity depth=3 seed=0 eval=test lookahead=2 n_fit=31717 n_eval=9063 raw_features=14 solver=msplit msplit_variant=rush_dp z_cols=14 backend=cpp
[2026-03-11T17:51:03-04:00] [stage] heartbeat stage=msplit_fit elapsed_sec=6780.4 dataset=electricity depth=3 seed=0 eval=test lookahead=2 n_fit=31717 n_eval=9063 raw_features=14 solver=msplit msplit_variant=rush_dp z_cols=14 backend=cpp
[2026-03-11T17:51:33-04:00] [stage] heartbeat stage=msplit_fit elapsed_sec=6810.4 dataset=electricity depth=3 seed=0 eval=test lookahead=2 n_fit=31717 n_eval=9063 raw_features=14 solver=msplit msplit_variant=rush_dp z_cols=14 backend=cpp
[2026-03-11T17:52:03-04:00] [stage] heartbeat stage=msplit_fit elapsed_sec=6840.4 dataset=electricity depth=3 seed=0 eval=test lookahead=2 n_fit=31717 n_eval=9063 raw_features=14 solver=msplit msplit_variant=rush_dp z_cols=14 backend=cpp
[2026-03-11T17:52:33-04:00] [stage] heartbeat stage=msplit_fit elapsed_sec=6870.4 dataset=electricity depth=3 seed=0 eval=test lookahead=2 n_fit=31717 n_eval=9063 raw_features=14 solver=msplit msplit_variant=rush_dp z_cols=14 backend=cpp
[2026-03-11T17:53:03-04:00] [stage] heartbeat stage=msplit_fit elapsed_sec=6900.4 dataset=electricity depth=3 seed=0 eval=test lookahead=2 n_fit=31717 n_eval=9063 raw_features=14 solver=msplit msplit_variant=rush_dp z_cols=14 backend=cpp
[2026-03-11T17:53:33-04:00] [stage] heartbeat stage=msplit_fit elapsed_sec=6930.4 dataset=electricity depth=3 seed=0 eval=test lookahead=2 n_fit=31717 n_eval=9063 raw_features=14 solver=msplit msplit_variant=rush_dp z_cols=14 backend=cpp
[2026-03-11T17:54:03-04:00] [stage] heartbeat stage=msplit_fit elapsed_sec=6960.4 dataset=electricity depth=3 seed=0 eval=test lookahead=2 n_fit=31717 n_eval=9063 raw_features=14 solver=msplit msplit_variant=rush_dp z_cols=14 backend=cpp
[2026-03-11T17:54:33-04:00] [stage] heartbeat stage=msplit_fit elapsed_sec=6990.4 dataset=electricity depth=3 seed=0 eval=test lookahead=2 n_fit=31717 n_eval=9063 raw_features=14 solver=msplit msplit_variant=rush_dp z_cols=14 backend=cpp
[2026-03-11T17:55:03-04:00] [stage] heartbeat stage=msplit_fit elapsed_sec=7020.4 dataset=electricity depth=3 seed=0 eval=test lookahead=2 n_fit=31717 n_eval=9063 raw_features=14 solver=msplit msplit_variant=rush_dp z_cols=14 backend=cpp
[2026-03-11T17:55:33-04:00] [stage] heartbeat stage=msplit_fit elapsed_sec=7050.4 dataset=electricity depth=3 seed=0 eval=test lookahead=2 n_fit=31717 n_eval=9063 raw_features=14 solver=msplit msplit_variant=rush_dp z_cols=14 backend=cpp
[2026-03-11T17:56:03-04:00] [stage] heartbeat stage=msplit_fit elapsed_sec=7080.4 dataset=electricity depth=3 seed=0 eval=test lookahead=2 n_fit=31717 n_eval=9063 raw_features=14 solver=msplit msplit_variant=rush_dp z_cols=14 backend=cpp
[2026-03-11T17:56:33-04:00] [stage] heartbeat stage=msplit_fit elapsed_sec=7110.4 dataset=electricity depth=3 seed=0 eval=test lookahead=2 n_fit=31717 n_eval=9063 raw_features=14 solver=msplit msplit_variant=rush_dp z_cols=14 backend=cpp
[2026-03-11T17:57:03-04:00] [stage] heartbeat stage=msplit_fit elapsed_sec=7140.4 dataset=electricity depth=3 seed=0 eval=test lookahead=2 n_fit=31717 n_eval=9063 raw_features=14 solver=msplit msplit_variant=rush_dp z_cols=14 backend=cpp
[2026-03-11T17:57:33-04:00] [stage] heartbeat stage=msplit_fit elapsed_sec=7170.4 dataset=electricity depth=3 seed=0 eval=test lookahead=2 n_fit=31717 n_eval=9063 raw_features=14 solver=msplit msplit_variant=rush_dp z_cols=14 backend=cpp
[2026-03-11T17:58:03-04:00] [stage] heartbeat stage=msplit_fit elapsed_sec=7200.5 dataset=electricity depth=3 seed=0 eval=test lookahead=2 n_fit=31717 n_eval=9063 raw_features=14 solver=msplit msplit_variant=rush_dp z_cols=14 backend=cpp
[2026-03-11T17:58:33-04:00] [stage] heartbeat stage=msplit_fit elapsed_sec=7230.5 dataset=electricity depth=3 seed=0 eval=test lookahead=2 n_fit=31717 n_eval=9063 raw_features=14 solver=msplit msplit_variant=rush_dp z_cols=14 backend=cpp
[2026-03-11T17:59:03-04:00] [stage] heartbeat stage=msplit_fit elapsed_sec=7260.5 dataset=electricity depth=3 seed=0 eval=test lookahead=2 n_fit=31717 n_eval=9063 raw_features=14 solver=msplit msplit_variant=rush_dp z_cols=14 backend=cpp
[2026-03-11T17:59:33-04:00] [stage] heartbeat stage=msplit_fit elapsed_sec=7290.5 dataset=electricity depth=3 seed=0 eval=test lookahead=2 n_fit=31717 n_eval=9063 raw_features=14 solver=msplit msplit_variant=rush_dp z_cols=14 backend=cpp
[2026-03-11T18:00:03-04:00] [stage] heartbeat stage=msplit_fit elapsed_sec=7320.5 dataset=electricity depth=3 seed=0 eval=test lookahead=2 n_fit=31717 n_eval=9063 raw_features=14 solver=msplit msplit_variant=rush_dp z_cols=14 backend=cpp
[2026-03-11T18:00:33-04:00] [stage] heartbeat stage=msplit_fit elapsed_sec=7350.5 dataset=electricity depth=3 seed=0 eval=test lookahead=2 n_fit=31717 n_eval=9063 raw_features=14 solver=msplit msplit_variant=rush_dp z_cols=14 backend=cpp
[2026-03-11T18:01:03-04:00] [stage] heartbeat stage=msplit_fit elapsed_sec=7380.5 dataset=electricity depth=3 seed=0 eval=test lookahead=2 n_fit=31717 n_eval=9063 raw_features=14 solver=msplit msplit_variant=rush_dp z_cols=14 backend=cpp
[2026-03-11T18:01:33-04:00] [stage] heartbeat stage=msplit_fit elapsed_sec=7410.5 dataset=electricity depth=3 seed=0 eval=test lookahead=2 n_fit=31717 n_eval=9063 raw_features=14 solver=msplit msplit_variant=rush_dp z_cols=14 backend=cpp
[2026-03-11T18:02:03-04:00] [stage] heartbeat stage=msplit_fit elapsed_sec=7440.5 dataset=electricity depth=3 seed=0 eval=test lookahead=2 n_fit=31717 n_eval=9063 raw_features=14 solver=msplit msplit_variant=rush_dp z_cols=14 backend=cpp
[2026-03-11T18:02:33-04:00] [stage] heartbeat stage=msplit_fit elapsed_sec=7470.5 dataset=electricity depth=3 seed=0 eval=test lookahead=2 n_fit=31717 n_eval=9063 raw_features=14 solver=msplit msplit_variant=rush_dp z_cols=14 backend=cpp
[2026-03-11T18:03:03-04:00] [stage] heartbeat stage=msplit_fit elapsed_sec=7500.5 dataset=electricity depth=3 seed=0 eval=test lookahead=2 n_fit=31717 n_eval=9063 raw_features=14 solver=msplit msplit_variant=rush_dp z_cols=14 backend=cpp
[2026-03-11T18:03:33-04:00] [stage] heartbeat stage=msplit_fit elapsed_sec=7530.5 dataset=electricity depth=3 seed=0 eval=test lookahead=2 n_fit=31717 n_eval=9063 raw_features=14 solver=msplit msplit_variant=rush_dp z_cols=14 backend=cpp
[2026-03-11T18:04:03-04:00] [stage] heartbeat stage=msplit_fit elapsed_sec=7560.5 dataset=electricity depth=3 seed=0 eval=test lookahead=2 n_fit=31717 n_eval=9063 raw_features=14 solver=msplit msplit_variant=rush_dp z_cols=14 backend=cpp
[2026-03-11T18:04:33-04:00] [stage] heartbeat stage=msplit_fit elapsed_sec=7590.5 dataset=electricity depth=3 seed=0 eval=test lookahead=2 n_fit=31717 n_eval=9063 raw_features=14 solver=msplit msplit_variant=rush_dp z_cols=14 backend=cpp
[2026-03-11T18:05:03-04:00] [stage] heartbeat stage=msplit_fit elapsed_sec=7620.5 dataset=electricity depth=3 seed=0 eval=test lookahead=2 n_fit=31717 n_eval=9063 raw_features=14 solver=msplit msplit_variant=rush_dp z_cols=14 backend=cpp
[2026-03-11T18:05:33-04:00] [stage] heartbeat stage=msplit_fit elapsed_sec=7650.5 dataset=electricity depth=3 seed=0 eval=test lookahead=2 n_fit=31717 n_eval=9063 raw_features=14 solver=msplit msplit_variant=rush_dp z_cols=14 backend=cpp
[2026-03-11T18:06:03-04:00] [stage] heartbeat stage=msplit_fit elapsed_sec=7680.5 dataset=electricity depth=3 seed=0 eval=test lookahead=2 n_fit=31717 n_eval=9063 raw_features=14 solver=msplit msplit_variant=rush_dp z_cols=14 backend=cpp
[2026-03-11T18:06:33-04:00] [stage] heartbeat stage=msplit_fit elapsed_sec=7710.5 dataset=electricity depth=3 seed=0 eval=test lookahead=2 n_fit=31717 n_eval=9063 raw_features=14 solver=msplit msplit_variant=rush_dp z_cols=14 backend=cpp
[2026-03-11T18:07:03-04:00] [stage] heartbeat stage=msplit_fit elapsed_sec=7740.5 dataset=electricity depth=3 seed=0 eval=test lookahead=2 n_fit=31717 n_eval=9063 raw_features=14 solver=msplit msplit_variant=rush_dp z_cols=14 backend=cpp
[2026-03-11T18:07:33-04:00] [stage] heartbeat stage=msplit_fit elapsed_sec=7770.5 dataset=electricity depth=3 seed=0 eval=test lookahead=2 n_fit=31717 n_eval=9063 raw_features=14 solver=msplit msplit_variant=rush_dp z_cols=14 backend=cpp
[2026-03-11T18:08:03-04:00] [stage] heartbeat stage=msplit_fit elapsed_sec=7800.5 dataset=electricity depth=3 seed=0 eval=test lookahead=2 n_fit=31717 n_eval=9063 raw_features=14 solver=msplit msplit_variant=rush_dp z_cols=14 backend=cpp
[2026-03-11T18:08:33-04:00] [stage] heartbeat stage=msplit_fit elapsed_sec=7830.5 dataset=electricity depth=3 seed=0 eval=test lookahead=2 n_fit=31717 n_eval=9063 raw_features=14 solver=msplit msplit_variant=rush_dp z_cols=14 backend=cpp
[2026-03-11T18:09:03-04:00] [stage] heartbeat stage=msplit_fit elapsed_sec=7860.5 dataset=electricity depth=3 seed=0 eval=test lookahead=2 n_fit=31717 n_eval=9063 raw_features=14 solver=msplit msplit_variant=rush_dp z_cols=14 backend=cpp
[2026-03-11T18:09:33-04:00] [stage] heartbeat stage=msplit_fit elapsed_sec=7890.5 dataset=electricity depth=3 seed=0 eval=test lookahead=2 n_fit=31717 n_eval=9063 raw_features=14 solver=msplit msplit_variant=rush_dp z_cols=14 backend=cpp
[2026-03-11T18:10:03-04:00] [stage] heartbeat stage=msplit_fit elapsed_sec=7920.5 dataset=electricity depth=3 seed=0 eval=test lookahead=2 n_fit=31717 n_eval=9063 raw_features=14 solver=msplit msplit_variant=rush_dp z_cols=14 backend=cpp
[2026-03-11T18:10:33-04:00] [stage] heartbeat stage=msplit_fit elapsed_sec=7950.5 dataset=electricity depth=3 seed=0 eval=test lookahead=2 n_fit=31717 n_eval=9063 raw_features=14 solver=msplit msplit_variant=rush_dp z_cols=14 backend=cpp
[2026-03-11T18:11:03-04:00] [stage] heartbeat stage=msplit_fit elapsed_sec=7980.5 dataset=electricity depth=3 seed=0 eval=test lookahead=2 n_fit=31717 n_eval=9063 raw_features=14 solver=msplit msplit_variant=rush_dp z_cols=14 backend=cpp
[2026-03-11T18:11:33-04:00] [stage] heartbeat stage=msplit_fit elapsed_sec=8010.5 dataset=electricity depth=3 seed=0 eval=test lookahead=2 n_fit=31717 n_eval=9063 raw_features=14 solver=msplit msplit_variant=rush_dp z_cols=14 backend=cpp
[2026-03-11T18:12:03-04:00] [stage] heartbeat stage=msplit_fit elapsed_sec=8040.5 dataset=electricity depth=3 seed=0 eval=test lookahead=2 n_fit=31717 n_eval=9063 raw_features=14 solver=msplit msplit_variant=rush_dp z_cols=14 backend=cpp
[2026-03-11T18:12:33-04:00] [stage] heartbeat stage=msplit_fit elapsed_sec=8070.5 dataset=electricity depth=3 seed=0 eval=test lookahead=2 n_fit=31717 n_eval=9063 raw_features=14 solver=msplit msplit_variant=rush_dp z_cols=14 backend=cpp
[2026-03-11T18:13:03-04:00] [stage] heartbeat stage=msplit_fit elapsed_sec=8100.5 dataset=electricity depth=3 seed=0 eval=test lookahead=2 n_fit=31717 n_eval=9063 raw_features=14 solver=msplit msplit_variant=rush_dp z_cols=14 backend=cpp
[2026-03-11T18:13:33-04:00] [stage] heartbeat stage=msplit_fit elapsed_sec=8130.5 dataset=electricity depth=3 seed=0 eval=test lookahead=2 n_fit=31717 n_eval=9063 raw_features=14 solver=msplit msplit_variant=rush_dp z_cols=14 backend=cpp
[2026-03-11T18:14:03-04:00] [stage] heartbeat stage=msplit_fit elapsed_sec=8160.5 dataset=electricity depth=3 seed=0 eval=test lookahead=2 n_fit=31717 n_eval=9063 raw_features=14 solver=msplit msplit_variant=rush_dp z_cols=14 backend=cpp
[2026-03-11T18:14:33-04:00] [stage] heartbeat stage=msplit_fit elapsed_sec=8190.5 dataset=electricity depth=3 seed=0 eval=test lookahead=2 n_fit=31717 n_eval=9063 raw_features=14 solver=msplit msplit_variant=rush_dp z_cols=14 backend=cpp
[2026-03-11T18:15:03-04:00] [stage] heartbeat stage=msplit_fit elapsed_sec=8220.5 dataset=electricity depth=3 seed=0 eval=test lookahead=2 n_fit=31717 n_eval=9063 raw_features=14 solver=msplit msplit_variant=rush_dp z_cols=14 backend=cpp
[2026-03-11T18:15:33-04:00] [stage] heartbeat stage=msplit_fit elapsed_sec=8250.5 dataset=electricity depth=3 seed=0 eval=test lookahead=2 n_fit=31717 n_eval=9063 raw_features=14 solver=msplit msplit_variant=rush_dp z_cols=14 backend=cpp
[2026-03-11T18:16:03-04:00] [stage] heartbeat stage=msplit_fit elapsed_sec=8280.5 dataset=electricity depth=3 seed=0 eval=test lookahead=2 n_fit=31717 n_eval=9063 raw_features=14 solver=msplit msplit_variant=rush_dp z_cols=14 backend=cpp
[2026-03-11T18:16:33-04:00] [stage] heartbeat stage=msplit_fit elapsed_sec=8310.5 dataset=electricity depth=3 seed=0 eval=test lookahead=2 n_fit=31717 n_eval=9063 raw_features=14 solver=msplit msplit_variant=rush_dp z_cols=14 backend=cpp
[2026-03-11T18:17:03-04:00] [stage] heartbeat stage=msplit_fit elapsed_sec=8340.5 dataset=electricity depth=3 seed=0 eval=test lookahead=2 n_fit=31717 n_eval=9063 raw_features=14 solver=msplit msplit_variant=rush_dp z_cols=14 backend=cpp
[2026-03-11T18:17:33-04:00] [stage] heartbeat stage=msplit_fit elapsed_sec=8370.5 dataset=electricity depth=3 seed=0 eval=test lookahead=2 n_fit=31717 n_eval=9063 raw_features=14 solver=msplit msplit_variant=rush_dp z_cols=14 backend=cpp
[2026-03-11T18:18:03-04:00] [stage] heartbeat stage=msplit_fit elapsed_sec=8400.5 dataset=electricity depth=3 seed=0 eval=test lookahead=2 n_fit=31717 n_eval=9063 raw_features=14 solver=msplit msplit_variant=rush_dp z_cols=14 backend=cpp
[2026-03-11T18:18:33-04:00] [stage] heartbeat stage=msplit_fit elapsed_sec=8430.5 dataset=electricity depth=3 seed=0 eval=test lookahead=2 n_fit=31717 n_eval=9063 raw_features=14 solver=msplit msplit_variant=rush_dp z_cols=14 backend=cpp
[2026-03-11T18:19:03-04:00] [stage] heartbeat stage=msplit_fit elapsed_sec=8460.5 dataset=electricity depth=3 seed=0 eval=test lookahead=2 n_fit=31717 n_eval=9063 raw_features=14 solver=msplit msplit_variant=rush_dp z_cols=14 backend=cpp
[2026-03-11T18:19:33-04:00] [stage] heartbeat stage=msplit_fit elapsed_sec=8490.5 dataset=electricity depth=3 seed=0 eval=test lookahead=2 n_fit=31717 n_eval=9063 raw_features=14 solver=msplit msplit_variant=rush_dp z_cols=14 backend=cpp
[2026-03-11T18:20:03-04:00] [stage] heartbeat stage=msplit_fit elapsed_sec=8520.5 dataset=electricity depth=3 seed=0 eval=test lookahead=2 n_fit=31717 n_eval=9063 raw_features=14 solver=msplit msplit_variant=rush_dp z_cols=14 backend=cpp
[2026-03-11T18:20:33-04:00] [stage] heartbeat stage=msplit_fit elapsed_sec=8550.5 dataset=electricity depth=3 seed=0 eval=test lookahead=2 n_fit=31717 n_eval=9063 raw_features=14 solver=msplit msplit_variant=rush_dp z_cols=14 backend=cpp
[2026-03-11T18:21:03-04:00] [stage] heartbeat stage=msplit_fit elapsed_sec=8580.5 dataset=electricity depth=3 seed=0 eval=test lookahead=2 n_fit=31717 n_eval=9063 raw_features=14 solver=msplit msplit_variant=rush_dp z_cols=14 backend=cpp
[2026-03-11T18:21:33-04:00] [stage] heartbeat stage=msplit_fit elapsed_sec=8610.5 dataset=electricity depth=3 seed=0 eval=test lookahead=2 n_fit=31717 n_eval=9063 raw_features=14 solver=msplit msplit_variant=rush_dp z_cols=14 backend=cpp
[2026-03-11T18:22:03-04:00] [stage] heartbeat stage=msplit_fit elapsed_sec=8640.5 dataset=electricity depth=3 seed=0 eval=test lookahead=2 n_fit=31717 n_eval=9063 raw_features=14 solver=msplit msplit_variant=rush_dp z_cols=14 backend=cpp
[2026-03-11T18:22:33-04:00] [stage] heartbeat stage=msplit_fit elapsed_sec=8670.5 dataset=electricity depth=3 seed=0 eval=test lookahead=2 n_fit=31717 n_eval=9063 raw_features=14 solver=msplit msplit_variant=rush_dp z_cols=14 backend=cpp
[2026-03-11T18:23:03-04:00] [stage] heartbeat stage=msplit_fit elapsed_sec=8700.5 dataset=electricity depth=3 seed=0 eval=test lookahead=2 n_fit=31717 n_eval=9063 raw_features=14 solver=msplit msplit_variant=rush_dp z_cols=14 backend=cpp
[2026-03-11T18:23:33-04:00] [stage] heartbeat stage=msplit_fit elapsed_sec=8730.5 dataset=electricity depth=3 seed=0 eval=test lookahead=2 n_fit=31717 n_eval=9063 raw_features=14 solver=msplit msplit_variant=rush_dp z_cols=14 backend=cpp
[2026-03-11T18:24:03-04:00] [stage] heartbeat stage=msplit_fit elapsed_sec=8760.6 dataset=electricity depth=3 seed=0 eval=test lookahead=2 n_fit=31717 n_eval=9063 raw_features=14 solver=msplit msplit_variant=rush_dp z_cols=14 backend=cpp
[2026-03-11T18:24:33-04:00] [stage] heartbeat stage=msplit_fit elapsed_sec=8790.6 dataset=electricity depth=3 seed=0 eval=test lookahead=2 n_fit=31717 n_eval=9063 raw_features=14 solver=msplit msplit_variant=rush_dp z_cols=14 backend=cpp
[2026-03-11T18:25:03-04:00] [stage] heartbeat stage=msplit_fit elapsed_sec=8820.6 dataset=electricity depth=3 seed=0 eval=test lookahead=2 n_fit=31717 n_eval=9063 raw_features=14 solver=msplit msplit_variant=rush_dp z_cols=14 backend=cpp
[2026-03-11T18:25:33-04:00] [stage] heartbeat stage=msplit_fit elapsed_sec=8850.6 dataset=electricity depth=3 seed=0 eval=test lookahead=2 n_fit=31717 n_eval=9063 raw_features=14 solver=msplit msplit_variant=rush_dp z_cols=14 backend=cpp
[2026-03-11T18:26:03-04:00] [stage] heartbeat stage=msplit_fit elapsed_sec=8880.6 dataset=electricity depth=3 seed=0 eval=test lookahead=2 n_fit=31717 n_eval=9063 raw_features=14 solver=msplit msplit_variant=rush_dp z_cols=14 backend=cpp
[2026-03-11T18:26:33-04:00] [stage] heartbeat stage=msplit_fit elapsed_sec=8910.6 dataset=electricity depth=3 seed=0 eval=test lookahead=2 n_fit=31717 n_eval=9063 raw_features=14 solver=msplit msplit_variant=rush_dp z_cols=14 backend=cpp
[2026-03-11T18:27:03-04:00] [stage] heartbeat stage=msplit_fit elapsed_sec=8940.6 dataset=electricity depth=3 seed=0 eval=test lookahead=2 n_fit=31717 n_eval=9063 raw_features=14 solver=msplit msplit_variant=rush_dp z_cols=14 backend=cpp
[2026-03-11T18:27:33-04:00] [stage] heartbeat stage=msplit_fit elapsed_sec=8970.6 dataset=electricity depth=3 seed=0 eval=test lookahead=2 n_fit=31717 n_eval=9063 raw_features=14 solver=msplit msplit_variant=rush_dp z_cols=14 backend=cpp
[2026-03-11T18:28:03-04:00] [stage] heartbeat stage=msplit_fit elapsed_sec=9000.6 dataset=electricity depth=3 seed=0 eval=test lookahead=2 n_fit=31717 n_eval=9063 raw_features=14 solver=msplit msplit_variant=rush_dp z_cols=14 backend=cpp
[2026-03-11T18:28:33-04:00] [stage] heartbeat stage=msplit_fit elapsed_sec=9030.6 dataset=electricity depth=3 seed=0 eval=test lookahead=2 n_fit=31717 n_eval=9063 raw_features=14 solver=msplit msplit_variant=rush_dp z_cols=14 backend=cpp
[2026-03-11T18:29:03-04:00] [stage] heartbeat stage=msplit_fit elapsed_sec=9060.6 dataset=electricity depth=3 seed=0 eval=test lookahead=2 n_fit=31717 n_eval=9063 raw_features=14 solver=msplit msplit_variant=rush_dp z_cols=14 backend=cpp
[2026-03-11T18:29:33-04:00] [stage] heartbeat stage=msplit_fit elapsed_sec=9090.6 dataset=electricity depth=3 seed=0 eval=test lookahead=2 n_fit=31717 n_eval=9063 raw_features=14 solver=msplit msplit_variant=rush_dp z_cols=14 backend=cpp
[2026-03-11T18:30:03-04:00] [stage] heartbeat stage=msplit_fit elapsed_sec=9120.6 dataset=electricity depth=3 seed=0 eval=test lookahead=2 n_fit=31717 n_eval=9063 raw_features=14 solver=msplit msplit_variant=rush_dp z_cols=14 backend=cpp
[2026-03-11T18:30:33-04:00] [stage] heartbeat stage=msplit_fit elapsed_sec=9150.6 dataset=electricity depth=3 seed=0 eval=test lookahead=2 n_fit=31717 n_eval=9063 raw_features=14 solver=msplit msplit_variant=rush_dp z_cols=14 backend=cpp
[2026-03-11T18:31:03-04:00] [stage] heartbeat stage=msplit_fit elapsed_sec=9180.6 dataset=electricity depth=3 seed=0 eval=test lookahead=2 n_fit=31717 n_eval=9063 raw_features=14 solver=msplit msplit_variant=rush_dp z_cols=14 backend=cpp
[2026-03-11T18:31:33-04:00] [stage] heartbeat stage=msplit_fit elapsed_sec=9210.6 dataset=electricity depth=3 seed=0 eval=test lookahead=2 n_fit=31717 n_eval=9063 raw_features=14 solver=msplit msplit_variant=rush_dp z_cols=14 backend=cpp
[2026-03-11T18:32:03-04:00] [stage] heartbeat stage=msplit_fit elapsed_sec=9240.6 dataset=electricity depth=3 seed=0 eval=test lookahead=2 n_fit=31717 n_eval=9063 raw_features=14 solver=msplit msplit_variant=rush_dp z_cols=14 backend=cpp
[2026-03-11T18:32:33-04:00] [stage] heartbeat stage=msplit_fit elapsed_sec=9270.6 dataset=electricity depth=3 seed=0 eval=test lookahead=2 n_fit=31717 n_eval=9063 raw_features=14 solver=msplit msplit_variant=rush_dp z_cols=14 backend=cpp
[2026-03-11T18:33:03-04:00] [stage] heartbeat stage=msplit_fit elapsed_sec=9300.6 dataset=electricity depth=3 seed=0 eval=test lookahead=2 n_fit=31717 n_eval=9063 raw_features=14 solver=msplit msplit_variant=rush_dp z_cols=14 backend=cpp
[2026-03-11T18:33:33-04:00] [stage] heartbeat stage=msplit_fit elapsed_sec=9330.6 dataset=electricity depth=3 seed=0 eval=test lookahead=2 n_fit=31717 n_eval=9063 raw_features=14 solver=msplit msplit_variant=rush_dp z_cols=14 backend=cpp
[2026-03-11T18:34:03-04:00] [stage] heartbeat stage=msplit_fit elapsed_sec=9360.6 dataset=electricity depth=3 seed=0 eval=test lookahead=2 n_fit=31717 n_eval=9063 raw_features=14 solver=msplit msplit_variant=rush_dp z_cols=14 backend=cpp
[2026-03-11T18:34:33-04:00] [stage] heartbeat stage=msplit_fit elapsed_sec=9390.6 dataset=electricity depth=3 seed=0 eval=test lookahead=2 n_fit=31717 n_eval=9063 raw_features=14 solver=msplit msplit_variant=rush_dp z_cols=14 backend=cpp
[2026-03-11T18:35:03-04:00] [stage] heartbeat stage=msplit_fit elapsed_sec=9420.6 dataset=electricity depth=3 seed=0 eval=test lookahead=2 n_fit=31717 n_eval=9063 raw_features=14 solver=msplit msplit_variant=rush_dp z_cols=14 backend=cpp
[2026-03-11T18:35:33-04:00] [stage] heartbeat stage=msplit_fit elapsed_sec=9450.6 dataset=electricity depth=3 seed=0 eval=test lookahead=2 n_fit=31717 n_eval=9063 raw_features=14 solver=msplit msplit_variant=rush_dp z_cols=14 backend=cpp
[2026-03-11T18:36:03-04:00] [stage] heartbeat stage=msplit_fit elapsed_sec=9480.6 dataset=electricity depth=3 seed=0 eval=test lookahead=2 n_fit=31717 n_eval=9063 raw_features=14 solver=msplit msplit_variant=rush_dp z_cols=14 backend=cpp
[2026-03-11T18:36:33-04:00] [stage] heartbeat stage=msplit_fit elapsed_sec=9510.6 dataset=electricity depth=3 seed=0 eval=test lookahead=2 n_fit=31717 n_eval=9063 raw_features=14 solver=msplit msplit_variant=rush_dp z_cols=14 backend=cpp
[2026-03-11T18:37:03-04:00] [stage] heartbeat stage=msplit_fit elapsed_sec=9540.6 dataset=electricity depth=3 seed=0 eval=test lookahead=2 n_fit=31717 n_eval=9063 raw_features=14 solver=msplit msplit_variant=rush_dp z_cols=14 backend=cpp
[2026-03-11T18:37:33-04:00] [stage] heartbeat stage=msplit_fit elapsed_sec=9570.6 dataset=electricity depth=3 seed=0 eval=test lookahead=2 n_fit=31717 n_eval=9063 raw_features=14 solver=msplit msplit_variant=rush_dp z_cols=14 backend=cpp
[2026-03-11T18:38:03-04:00] [stage] heartbeat stage=msplit_fit elapsed_sec=9600.6 dataset=electricity depth=3 seed=0 eval=test lookahead=2 n_fit=31717 n_eval=9063 raw_features=14 solver=msplit msplit_variant=rush_dp z_cols=14 backend=cpp
[2026-03-11T18:38:33-04:00] [stage] heartbeat stage=msplit_fit elapsed_sec=9630.6 dataset=electricity depth=3 seed=0 eval=test lookahead=2 n_fit=31717 n_eval=9063 raw_features=14 solver=msplit msplit_variant=rush_dp z_cols=14 backend=cpp
[2026-03-11T18:39:03-04:00] [stage] heartbeat stage=msplit_fit elapsed_sec=9660.6 dataset=electricity depth=3 seed=0 eval=test lookahead=2 n_fit=31717 n_eval=9063 raw_features=14 solver=msplit msplit_variant=rush_dp z_cols=14 backend=cpp
[2026-03-11T18:39:33-04:00] [stage] heartbeat stage=msplit_fit elapsed_sec=9690.6 dataset=electricity depth=3 seed=0 eval=test lookahead=2 n_fit=31717 n_eval=9063 raw_features=14 solver=msplit msplit_variant=rush_dp z_cols=14 backend=cpp
[2026-03-11T18:40:03-04:00] [stage] heartbeat stage=msplit_fit elapsed_sec=9720.6 dataset=electricity depth=3 seed=0 eval=test lookahead=2 n_fit=31717 n_eval=9063 raw_features=14 solver=msplit msplit_variant=rush_dp z_cols=14 backend=cpp
[2026-03-11T18:40:33-04:00] [stage] heartbeat stage=msplit_fit elapsed_sec=9750.6 dataset=electricity depth=3 seed=0 eval=test lookahead=2 n_fit=31717 n_eval=9063 raw_features=14 solver=msplit msplit_variant=rush_dp z_cols=14 backend=cpp
[2026-03-11T18:41:03-04:00] [stage] heartbeat stage=msplit_fit elapsed_sec=9780.6 dataset=electricity depth=3 seed=0 eval=test lookahead=2 n_fit=31717 n_eval=9063 raw_features=14 solver=msplit msplit_variant=rush_dp z_cols=14 backend=cpp
[2026-03-11T18:41:33-04:00] [stage] heartbeat stage=msplit_fit elapsed_sec=9810.6 dataset=electricity depth=3 seed=0 eval=test lookahead=2 n_fit=31717 n_eval=9063 raw_features=14 solver=msplit msplit_variant=rush_dp z_cols=14 backend=cpp
[2026-03-11T18:42:03-04:00] [stage] heartbeat stage=msplit_fit elapsed_sec=9840.6 dataset=electricity depth=3 seed=0 eval=test lookahead=2 n_fit=31717 n_eval=9063 raw_features=14 solver=msplit msplit_variant=rush_dp z_cols=14 backend=cpp
[2026-03-11T18:42:34-04:00] [stage] heartbeat stage=msplit_fit elapsed_sec=9870.6 dataset=electricity depth=3 seed=0 eval=test lookahead=2 n_fit=31717 n_eval=9063 raw_features=14 solver=msplit msplit_variant=rush_dp z_cols=14 backend=cpp
[2026-03-11T18:43:04-04:00] [stage] heartbeat stage=msplit_fit elapsed_sec=9900.6 dataset=electricity depth=3 seed=0 eval=test lookahead=2 n_fit=31717 n_eval=9063 raw_features=14 solver=msplit msplit_variant=rush_dp z_cols=14 backend=cpp
[2026-03-11T18:43:34-04:00] [stage] heartbeat stage=msplit_fit elapsed_sec=9930.6 dataset=electricity depth=3 seed=0 eval=test lookahead=2 n_fit=31717 n_eval=9063 raw_features=14 solver=msplit msplit_variant=rush_dp z_cols=14 backend=cpp
[2026-03-11T18:44:04-04:00] [stage] heartbeat stage=msplit_fit elapsed_sec=9960.6 dataset=electricity depth=3 seed=0 eval=test lookahead=2 n_fit=31717 n_eval=9063 raw_features=14 solver=msplit msplit_variant=rush_dp z_cols=14 backend=cpp
[2026-03-11T18:44:34-04:00] [stage] heartbeat stage=msplit_fit elapsed_sec=9990.6 dataset=electricity depth=3 seed=0 eval=test lookahead=2 n_fit=31717 n_eval=9063 raw_features=14 solver=msplit msplit_variant=rush_dp z_cols=14 backend=cpp
[2026-03-11T18:45:04-04:00] [stage] heartbeat stage=msplit_fit elapsed_sec=10020.6 dataset=electricity depth=3 seed=0 eval=test lookahead=2 n_fit=31717 n_eval=9063 raw_features=14 solver=msplit msplit_variant=rush_dp z_cols=14 backend=cpp
[2026-03-11T18:45:34-04:00] [stage] heartbeat stage=msplit_fit elapsed_sec=10050.6 dataset=electricity depth=3 seed=0 eval=test lookahead=2 n_fit=31717 n_eval=9063 raw_features=14 solver=msplit msplit_variant=rush_dp z_cols=14 backend=cpp
[2026-03-11T18:46:04-04:00] [stage] heartbeat stage=msplit_fit elapsed_sec=10080.6 dataset=electricity depth=3 seed=0 eval=test lookahead=2 n_fit=31717 n_eval=9063 raw_features=14 solver=msplit msplit_variant=rush_dp z_cols=14 backend=cpp
[2026-03-11T18:46:34-04:00] [stage] heartbeat stage=msplit_fit elapsed_sec=10110.6 dataset=electricity depth=3 seed=0 eval=test lookahead=2 n_fit=31717 n_eval=9063 raw_features=14 solver=msplit msplit_variant=rush_dp z_cols=14 backend=cpp
[2026-03-11T18:47:04-04:00] [stage] heartbeat stage=msplit_fit elapsed_sec=10140.6 dataset=electricity depth=3 seed=0 eval=test lookahead=2 n_fit=31717 n_eval=9063 raw_features=14 solver=msplit msplit_variant=rush_dp z_cols=14 backend=cpp
[2026-03-11T18:47:34-04:00] [stage] heartbeat stage=msplit_fit elapsed_sec=10170.6 dataset=electricity depth=3 seed=0 eval=test lookahead=2 n_fit=31717 n_eval=9063 raw_features=14 solver=msplit msplit_variant=rush_dp z_cols=14 backend=cpp
[2026-03-11T18:48:04-04:00] [stage] heartbeat stage=msplit_fit elapsed_sec=10200.6 dataset=electricity depth=3 seed=0 eval=test lookahead=2 n_fit=31717 n_eval=9063 raw_features=14 solver=msplit msplit_variant=rush_dp z_cols=14 backend=cpp
[2026-03-11T18:48:34-04:00] [stage] heartbeat stage=msplit_fit elapsed_sec=10230.6 dataset=electricity depth=3 seed=0 eval=test lookahead=2 n_fit=31717 n_eval=9063 raw_features=14 solver=msplit msplit_variant=rush_dp z_cols=14 backend=cpp
[2026-03-11T18:49:04-04:00] [stage] heartbeat stage=msplit_fit elapsed_sec=10260.6 dataset=electricity depth=3 seed=0 eval=test lookahead=2 n_fit=31717 n_eval=9063 raw_features=14 solver=msplit msplit_variant=rush_dp z_cols=14 backend=cpp
[2026-03-11T18:49:34-04:00] [stage] heartbeat stage=msplit_fit elapsed_sec=10290.6 dataset=electricity depth=3 seed=0 eval=test lookahead=2 n_fit=31717 n_eval=9063 raw_features=14 solver=msplit msplit_variant=rush_dp z_cols=14 backend=cpp
[2026-03-11T18:50:04-04:00] [stage] heartbeat stage=msplit_fit elapsed_sec=10320.6 dataset=electricity depth=3 seed=0 eval=test lookahead=2 n_fit=31717 n_eval=9063 raw_features=14 solver=msplit msplit_variant=rush_dp z_cols=14 backend=cpp
[2026-03-11T18:50:34-04:00] [stage] heartbeat stage=msplit_fit elapsed_sec=10350.6 dataset=electricity depth=3 seed=0 eval=test lookahead=2 n_fit=31717 n_eval=9063 raw_features=14 solver=msplit msplit_variant=rush_dp z_cols=14 backend=cpp
[2026-03-11T18:51:04-04:00] [stage] heartbeat stage=msplit_fit elapsed_sec=10380.7 dataset=electricity depth=3 seed=0 eval=test lookahead=2 n_fit=31717 n_eval=9063 raw_features=14 solver=msplit msplit_variant=rush_dp z_cols=14 backend=cpp
[2026-03-11T18:51:34-04:00] [stage] heartbeat stage=msplit_fit elapsed_sec=10410.7 dataset=electricity depth=3 seed=0 eval=test lookahead=2 n_fit=31717 n_eval=9063 raw_features=14 solver=msplit msplit_variant=rush_dp z_cols=14 backend=cpp
[2026-03-11T18:52:04-04:00] [stage] heartbeat stage=msplit_fit elapsed_sec=10440.7 dataset=electricity depth=3 seed=0 eval=test lookahead=2 n_fit=31717 n_eval=9063 raw_features=14 solver=msplit msplit_variant=rush_dp z_cols=14 backend=cpp
[2026-03-11T18:52:34-04:00] [stage] heartbeat stage=msplit_fit elapsed_sec=10470.7 dataset=electricity depth=3 seed=0 eval=test lookahead=2 n_fit=31717 n_eval=9063 raw_features=14 solver=msplit msplit_variant=rush_dp z_cols=14 backend=cpp
[2026-03-11T18:53:04-04:00] [stage] heartbeat stage=msplit_fit elapsed_sec=10500.7 dataset=electricity depth=3 seed=0 eval=test lookahead=2 n_fit=31717 n_eval=9063 raw_features=14 solver=msplit msplit_variant=rush_dp z_cols=14 backend=cpp
[2026-03-11T18:53:34-04:00] [stage] heartbeat stage=msplit_fit elapsed_sec=10530.7 dataset=electricity depth=3 seed=0 eval=test lookahead=2 n_fit=31717 n_eval=9063 raw_features=14 solver=msplit msplit_variant=rush_dp z_cols=14 backend=cpp
[2026-03-11T18:54:04-04:00] [stage] heartbeat stage=msplit_fit elapsed_sec=10560.7 dataset=electricity depth=3 seed=0 eval=test lookahead=2 n_fit=31717 n_eval=9063 raw_features=14 solver=msplit msplit_variant=rush_dp z_cols=14 backend=cpp
[2026-03-11T18:54:34-04:00] [stage] heartbeat stage=msplit_fit elapsed_sec=10590.7 dataset=electricity depth=3 seed=0 eval=test lookahead=2 n_fit=31717 n_eval=9063 raw_features=14 solver=msplit msplit_variant=rush_dp z_cols=14 backend=cpp
[2026-03-11T18:55:04-04:00] [stage] heartbeat stage=msplit_fit elapsed_sec=10620.7 dataset=electricity depth=3 seed=0 eval=test lookahead=2 n_fit=31717 n_eval=9063 raw_features=14 solver=msplit msplit_variant=rush_dp z_cols=14 backend=cpp
[2026-03-11T18:55:34-04:00] [stage] heartbeat stage=msplit_fit elapsed_sec=10650.7 dataset=electricity depth=3 seed=0 eval=test lookahead=2 n_fit=31717 n_eval=9063 raw_features=14 solver=msplit msplit_variant=rush_dp z_cols=14 backend=cpp
[2026-03-11T18:56:04-04:00] [stage] heartbeat stage=msplit_fit elapsed_sec=10680.7 dataset=electricity depth=3 seed=0 eval=test lookahead=2 n_fit=31717 n_eval=9063 raw_features=14 solver=msplit msplit_variant=rush_dp z_cols=14 backend=cpp
[2026-03-11T18:56:34-04:00] [stage] heartbeat stage=msplit_fit elapsed_sec=10710.7 dataset=electricity depth=3 seed=0 eval=test lookahead=2 n_fit=31717 n_eval=9063 raw_features=14 solver=msplit msplit_variant=rush_dp z_cols=14 backend=cpp
[2026-03-11T18:57:04-04:00] [stage] heartbeat stage=msplit_fit elapsed_sec=10740.7 dataset=electricity depth=3 seed=0 eval=test lookahead=2 n_fit=31717 n_eval=9063 raw_features=14 solver=msplit msplit_variant=rush_dp z_cols=14 backend=cpp
[2026-03-11T18:57:34-04:00] [stage] heartbeat stage=msplit_fit elapsed_sec=10770.7 dataset=electricity depth=3 seed=0 eval=test lookahead=2 n_fit=31717 n_eval=9063 raw_features=14 solver=msplit msplit_variant=rush_dp z_cols=14 backend=cpp
[2026-03-11T18:58:04-04:00] [stage] heartbeat stage=msplit_fit elapsed_sec=10800.7 dataset=electricity depth=3 seed=0 eval=test lookahead=2 n_fit=31717 n_eval=9063 raw_features=14 solver=msplit msplit_variant=rush_dp z_cols=14 backend=cpp
[2026-03-11T18:58:34-04:00] [stage] heartbeat stage=msplit_fit elapsed_sec=10830.7 dataset=electricity depth=3 seed=0 eval=test lookahead=2 n_fit=31717 n_eval=9063 raw_features=14 solver=msplit msplit_variant=rush_dp z_cols=14 backend=cpp
[2026-03-11T18:59:04-04:00] [stage] heartbeat stage=msplit_fit elapsed_sec=10860.7 dataset=electricity depth=3 seed=0 eval=test lookahead=2 n_fit=31717 n_eval=9063 raw_features=14 solver=msplit msplit_variant=rush_dp z_cols=14 backend=cpp
[2026-03-11T18:59:34-04:00] [stage] heartbeat stage=msplit_fit elapsed_sec=10890.7 dataset=electricity depth=3 seed=0 eval=test lookahead=2 n_fit=31717 n_eval=9063 raw_features=14 solver=msplit msplit_variant=rush_dp z_cols=14 backend=cpp
[2026-03-11T19:00:04-04:00] [stage] heartbeat stage=msplit_fit elapsed_sec=10920.7 dataset=electricity depth=3 seed=0 eval=test lookahead=2 n_fit=31717 n_eval=9063 raw_features=14 solver=msplit msplit_variant=rush_dp z_cols=14 backend=cpp
[2026-03-11T19:00:34-04:00] [stage] heartbeat stage=msplit_fit elapsed_sec=10950.7 dataset=electricity depth=3 seed=0 eval=test lookahead=2 n_fit=31717 n_eval=9063 raw_features=14 solver=msplit msplit_variant=rush_dp z_cols=14 backend=cpp
[2026-03-11T19:01:04-04:00] [stage] heartbeat stage=msplit_fit elapsed_sec=10980.7 dataset=electricity depth=3 seed=0 eval=test lookahead=2 n_fit=31717 n_eval=9063 raw_features=14 solver=msplit msplit_variant=rush_dp z_cols=14 backend=cpp
[2026-03-11T19:01:34-04:00] [stage] heartbeat stage=msplit_fit elapsed_sec=11010.7 dataset=electricity depth=3 seed=0 eval=test lookahead=2 n_fit=31717 n_eval=9063 raw_features=14 solver=msplit msplit_variant=rush_dp z_cols=14 backend=cpp
[2026-03-11T19:02:04-04:00] [stage] heartbeat stage=msplit_fit elapsed_sec=11040.7 dataset=electricity depth=3 seed=0 eval=test lookahead=2 n_fit=31717 n_eval=9063 raw_features=14 solver=msplit msplit_variant=rush_dp z_cols=14 backend=cpp
[2026-03-11T19:02:34-04:00] [stage] heartbeat stage=msplit_fit elapsed_sec=11070.7 dataset=electricity depth=3 seed=0 eval=test lookahead=2 n_fit=31717 n_eval=9063 raw_features=14 solver=msplit msplit_variant=rush_dp z_cols=14 backend=cpp
[2026-03-11T19:03:04-04:00] [stage] heartbeat stage=msplit_fit elapsed_sec=11100.7 dataset=electricity depth=3 seed=0 eval=test lookahead=2 n_fit=31717 n_eval=9063 raw_features=14 solver=msplit msplit_variant=rush_dp z_cols=14 backend=cpp
[2026-03-11T19:03:34-04:00] [stage] heartbeat stage=msplit_fit elapsed_sec=11130.7 dataset=electricity depth=3 seed=0 eval=test lookahead=2 n_fit=31717 n_eval=9063 raw_features=14 solver=msplit msplit_variant=rush_dp z_cols=14 backend=cpp
[2026-03-11T19:04:04-04:00] [stage] heartbeat stage=msplit_fit elapsed_sec=11160.7 dataset=electricity depth=3 seed=0 eval=test lookahead=2 n_fit=31717 n_eval=9063 raw_features=14 solver=msplit msplit_variant=rush_dp z_cols=14 backend=cpp
[2026-03-11T19:04:34-04:00] [stage] heartbeat stage=msplit_fit elapsed_sec=11190.7 dataset=electricity depth=3 seed=0 eval=test lookahead=2 n_fit=31717 n_eval=9063 raw_features=14 solver=msplit msplit_variant=rush_dp z_cols=14 backend=cpp
[2026-03-11T19:05:04-04:00] [stage] heartbeat stage=msplit_fit elapsed_sec=11220.7 dataset=electricity depth=3 seed=0 eval=test lookahead=2 n_fit=31717 n_eval=9063 raw_features=14 solver=msplit msplit_variant=rush_dp z_cols=14 backend=cpp
[2026-03-11T19:05:34-04:00] [stage] heartbeat stage=msplit_fit elapsed_sec=11250.7 dataset=electricity depth=3 seed=0 eval=test lookahead=2 n_fit=31717 n_eval=9063 raw_features=14 solver=msplit msplit_variant=rush_dp z_cols=14 backend=cpp
[2026-03-11T19:06:04-04:00] [stage] heartbeat stage=msplit_fit elapsed_sec=11280.7 dataset=electricity depth=3 seed=0 eval=test lookahead=2 n_fit=31717 n_eval=9063 raw_features=14 solver=msplit msplit_variant=rush_dp z_cols=14 backend=cpp
[2026-03-11T19:06:34-04:00] [stage] heartbeat stage=msplit_fit elapsed_sec=11310.7 dataset=electricity depth=3 seed=0 eval=test lookahead=2 n_fit=31717 n_eval=9063 raw_features=14 solver=msplit msplit_variant=rush_dp z_cols=14 backend=cpp
[2026-03-11T19:07:04-04:00] [stage] heartbeat stage=msplit_fit elapsed_sec=11340.7 dataset=electricity depth=3 seed=0 eval=test lookahead=2 n_fit=31717 n_eval=9063 raw_features=14 solver=msplit msplit_variant=rush_dp z_cols=14 backend=cpp
[2026-03-11T19:07:34-04:00] [stage] heartbeat stage=msplit_fit elapsed_sec=11370.7 dataset=electricity depth=3 seed=0 eval=test lookahead=2 n_fit=31717 n_eval=9063 raw_features=14 solver=msplit msplit_variant=rush_dp z_cols=14 backend=cpp
[2026-03-11T19:08:04-04:00] [stage] heartbeat stage=msplit_fit elapsed_sec=11400.7 dataset=electricity depth=3 seed=0 eval=test lookahead=2 n_fit=31717 n_eval=9063 raw_features=14 solver=msplit msplit_variant=rush_dp z_cols=14 backend=cpp
[2026-03-11T19:08:34-04:00] [stage] heartbeat stage=msplit_fit elapsed_sec=11430.7 dataset=electricity depth=3 seed=0 eval=test lookahead=2 n_fit=31717 n_eval=9063 raw_features=14 solver=msplit msplit_variant=rush_dp z_cols=14 backend=cpp
[2026-03-11T19:09:04-04:00] [stage] heartbeat stage=msplit_fit elapsed_sec=11460.7 dataset=electricity depth=3 seed=0 eval=test lookahead=2 n_fit=31717 n_eval=9063 raw_features=14 solver=msplit msplit_variant=rush_dp z_cols=14 backend=cpp
[2026-03-11T19:09:34-04:00] [stage] heartbeat stage=msplit_fit elapsed_sec=11490.7 dataset=electricity depth=3 seed=0 eval=test lookahead=2 n_fit=31717 n_eval=9063 raw_features=14 solver=msplit msplit_variant=rush_dp z_cols=14 backend=cpp
[2026-03-11T19:10:04-04:00] [stage] heartbeat stage=msplit_fit elapsed_sec=11520.7 dataset=electricity depth=3 seed=0 eval=test lookahead=2 n_fit=31717 n_eval=9063 raw_features=14 solver=msplit msplit_variant=rush_dp z_cols=14 backend=cpp
[2026-03-11T19:10:34-04:00] [stage] heartbeat stage=msplit_fit elapsed_sec=11550.7 dataset=electricity depth=3 seed=0 eval=test lookahead=2 n_fit=31717 n_eval=9063 raw_features=14 solver=msplit msplit_variant=rush_dp z_cols=14 backend=cpp
[2026-03-11T19:11:04-04:00] [stage] heartbeat stage=msplit_fit elapsed_sec=11580.7 dataset=electricity depth=3 seed=0 eval=test lookahead=2 n_fit=31717 n_eval=9063 raw_features=14 solver=msplit msplit_variant=rush_dp z_cols=14 backend=cpp
[2026-03-11T19:11:34-04:00] [stage] heartbeat stage=msplit_fit elapsed_sec=11610.7 dataset=electricity depth=3 seed=0 eval=test lookahead=2 n_fit=31717 n_eval=9063 raw_features=14 solver=msplit msplit_variant=rush_dp z_cols=14 backend=cpp
[2026-03-11T19:12:04-04:00] [stage] heartbeat stage=msplit_fit elapsed_sec=11640.7 dataset=electricity depth=3 seed=0 eval=test lookahead=2 n_fit=31717 n_eval=9063 raw_features=14 solver=msplit msplit_variant=rush_dp z_cols=14 backend=cpp
[2026-03-11T19:12:34-04:00] [stage] heartbeat stage=msplit_fit elapsed_sec=11670.7 dataset=electricity depth=3 seed=0 eval=test lookahead=2 n_fit=31717 n_eval=9063 raw_features=14 solver=msplit msplit_variant=rush_dp z_cols=14 backend=cpp
[2026-03-11T19:13:04-04:00] [stage] heartbeat stage=msplit_fit elapsed_sec=11700.7 dataset=electricity depth=3 seed=0 eval=test lookahead=2 n_fit=31717 n_eval=9063 raw_features=14 solver=msplit msplit_variant=rush_dp z_cols=14 backend=cpp
[2026-03-11T19:13:34-04:00] [stage] heartbeat stage=msplit_fit elapsed_sec=11730.7 dataset=electricity depth=3 seed=0 eval=test lookahead=2 n_fit=31717 n_eval=9063 raw_features=14 solver=msplit msplit_variant=rush_dp z_cols=14 backend=cpp
[2026-03-11T19:14:04-04:00] [stage] heartbeat stage=msplit_fit elapsed_sec=11760.8 dataset=electricity depth=3 seed=0 eval=test lookahead=2 n_fit=31717 n_eval=9063 raw_features=14 solver=msplit msplit_variant=rush_dp z_cols=14 backend=cpp
[2026-03-11T19:14:34-04:00] [stage] heartbeat stage=msplit_fit elapsed_sec=11790.8 dataset=electricity depth=3 seed=0 eval=test lookahead=2 n_fit=31717 n_eval=9063 raw_features=14 solver=msplit msplit_variant=rush_dp z_cols=14 backend=cpp
[2026-03-11T19:15:04-04:00] [stage] heartbeat stage=msplit_fit elapsed_sec=11820.8 dataset=electricity depth=3 seed=0 eval=test lookahead=2 n_fit=31717 n_eval=9063 raw_features=14 solver=msplit msplit_variant=rush_dp z_cols=14 backend=cpp
[2026-03-11T19:15:34-04:00] [stage] heartbeat stage=msplit_fit elapsed_sec=11850.8 dataset=electricity depth=3 seed=0 eval=test lookahead=2 n_fit=31717 n_eval=9063 raw_features=14 solver=msplit msplit_variant=rush_dp z_cols=14 backend=cpp
[2026-03-11T19:16:04-04:00] [stage] heartbeat stage=msplit_fit elapsed_sec=11880.8 dataset=electricity depth=3 seed=0 eval=test lookahead=2 n_fit=31717 n_eval=9063 raw_features=14 solver=msplit msplit_variant=rush_dp z_cols=14 backend=cpp
[2026-03-11T19:16:34-04:00] [stage] heartbeat stage=msplit_fit elapsed_sec=11910.8 dataset=electricity depth=3 seed=0 eval=test lookahead=2 n_fit=31717 n_eval=9063 raw_features=14 solver=msplit msplit_variant=rush_dp z_cols=14 backend=cpp
[2026-03-11T19:17:04-04:00] [stage] heartbeat stage=msplit_fit elapsed_sec=11940.8 dataset=electricity depth=3 seed=0 eval=test lookahead=2 n_fit=31717 n_eval=9063 raw_features=14 solver=msplit msplit_variant=rush_dp z_cols=14 backend=cpp
[2026-03-11T19:17:34-04:00] [stage] heartbeat stage=msplit_fit elapsed_sec=11970.8 dataset=electricity depth=3 seed=0 eval=test lookahead=2 n_fit=31717 n_eval=9063 raw_features=14 solver=msplit msplit_variant=rush_dp z_cols=14 backend=cpp
[2026-03-11T19:18:04-04:00] [stage] heartbeat stage=msplit_fit elapsed_sec=12000.8 dataset=electricity depth=3 seed=0 eval=test lookahead=2 n_fit=31717 n_eval=9063 raw_features=14 solver=msplit msplit_variant=rush_dp z_cols=14 backend=cpp
[2026-03-11T19:18:34-04:00] [stage] heartbeat stage=msplit_fit elapsed_sec=12030.8 dataset=electricity depth=3 seed=0 eval=test lookahead=2 n_fit=31717 n_eval=9063 raw_features=14 solver=msplit msplit_variant=rush_dp z_cols=14 backend=cpp
