[2026-03-15T06:46:49-04:00] Starting LightGBM multisplit experiment run.
[2026-03-15T06:46:49-04:00] run_name=benchmark_teacher_guided_atomcolor_electricity_d3_fastatomassign_20260315_v77
[2026-03-15T06:46:49-04:00] run_dir=/home/users/yz1075/msdt/results/runs_lightgbm/benchmark_teacher_guided_atomcolor_electricity_d3_fastatomassign_20260315_v77
[2026-03-15T06:46:49-04:00] parallel settings: parallel_trials=1, threads_per_trial=6, lgb_threads=6, lgb_ensemble_runs=1, lgb_device=cpu, lgb_max_gpu_jobs=1, core_budget=6, effective_core_budget=6, effective_parallel_trials=1, cpu_target=1.0, cpu_affinity=[], cpu_nice=0
[2026-03-15T06:46:49-04:00] OpenML cache directory set to /home/users/yz1075/msdt/results/openml_cache
[2026-03-15T06:46:49-04:00] Loading dataset=electricity
[2026-03-15T06:46:49-04:00] dataset=electricity, class_prevalence(max class)=0.5755
[2026-03-15T06:46:49-04:00] historical default params: none found (using static defaults)
[2026-03-15T06:46:49-04:00] dataset=electricity, depth=3, lookahead=3, seeds=[0], param_source=static_defaults
[2026-03-15T06:46:49-04:00] [stage] start stage=prepare_eval_data dataset=electricity depth=3 seed=0 eval=test
[2026-03-15T06:46:49-04:00] [stage] done stage=prepare_eval_data elapsed_sec=0.1 dataset=electricity depth=3 seed=0 eval=test
[2026-03-15T06:46:49-04:00] [stage] start stage=lightgbm_binning dataset=electricity depth=3 seed=0 eval=test lookahead=3 n_fit=31717 n_eval=9063 raw_features=14
[2026-03-15T06:46:49-04:00] lightgbm_binner:start rows=31717 features=14 max_bins=255 ensemble_runs=1 device=cpu
[2026-03-15T06:46:49-04:00] lightgbm_binner:fit_run_start run=1/1 device=cpu
[2026-03-15T06:46:52-04:00] lightgbm_binner:fit_run_done run=1/1 device=cpu best_iteration=504
[2026-03-15T06:46:54-04:00] lightgbm_binner:thresholds_ready mean_bins=112.64 max_bins_used=255
[2026-03-15T06:46:57-04:00] lightgbm_binner:done
[2026-03-15T06:46:57-04:00] [stage] done stage=lightgbm_binning elapsed_sec=7.4 dataset=electricity depth=3 seed=0 eval=test lookahead=3 n_fit=31717 n_eval=9063 raw_features=14
[2026-03-15T06:46:57-04:00] [stage] summary stage=lightgbm_binning binner_features=14 mean_bins=112.64 median_bins=25.00 max_bins_used=255
[2026-03-15T06:46:57-04:00] [stage] start stage=bin_transform dataset=electricity depth=3 seed=0 eval=test lookahead=3 n_fit=31717 n_eval=9063 raw_features=14 binner_features=14 mean_bins=112.64 median_bins=25.00 max_bins_used=255
[2026-03-15T06:46:57-04:00] [stage] done stage=bin_transform elapsed_sec=0.0 dataset=electricity depth=3 seed=0 eval=test lookahead=3 n_fit=31717 n_eval=9063 raw_features=14 binner_features=14 mean_bins=112.64 median_bins=25.00 max_bins_used=255
[2026-03-15T06:46:57-04:00] [stage] summary stage=bin_transform Z_fit_base_shape=(31717, 14) Z_eval_base_shape=(9063, 14)
[2026-03-15T06:46:57-04:00] [stage] start stage=teacher_feature_augmentation dataset=electricity depth=3 seed=0 eval=test lookahead=3 n_fit=31717 n_eval=9063 raw_features=14 base_binned_features=14
[2026-03-15T06:46:57-04:00] [stage] done stage=teacher_feature_augmentation elapsed_sec=0.0 dataset=electricity depth=3 seed=0 eval=test lookahead=3 n_fit=31717 n_eval=9063 raw_features=14 base_binned_features=14
[2026-03-15T06:46:57-04:00] [stage] summary stage=teacher_feature_augmentation pair_templates=0 pair_shapes=0 teacher_microtrees=0 teacher_triplets=0 teacher_score_band=no Z_fit_shape=(31717, 14) Z_eval_shape=(9063, 14)
[2026-03-15T06:46:57-04:00] [stage] note stage=msplit_fit native_solver_has_no_live_node_callback=true current_node_depth_visibility=unavailable
[2026-03-15T06:46:57-04:00] [stage] start stage=msplit_fit dataset=electricity depth=3 seed=0 eval=test lookahead=3 n_fit=31717 n_eval=9063 raw_features=14 solver=msplit msplit_variant=rush_dp z_cols=14 backend=cpp
[2026-03-15T06:47:27-04:00] [stage] heartbeat stage=msplit_fit elapsed_sec=30.0 dataset=electricity depth=3 seed=0 eval=test lookahead=3 n_fit=31717 n_eval=9063 raw_features=14 solver=msplit msplit_variant=rush_dp z_cols=14 backend=cpp
[2026-03-15T06:47:57-04:00] [stage] heartbeat stage=msplit_fit elapsed_sec=60.0 dataset=electricity depth=3 seed=0 eval=test lookahead=3 n_fit=31717 n_eval=9063 raw_features=14 solver=msplit msplit_variant=rush_dp z_cols=14 backend=cpp
[2026-03-15T06:48:27-04:00] [stage] heartbeat stage=msplit_fit elapsed_sec=90.0 dataset=electricity depth=3 seed=0 eval=test lookahead=3 n_fit=31717 n_eval=9063 raw_features=14 solver=msplit msplit_variant=rush_dp z_cols=14 backend=cpp
[2026-03-15T06:48:57-04:00] [stage] heartbeat stage=msplit_fit elapsed_sec=120.0 dataset=electricity depth=3 seed=0 eval=test lookahead=3 n_fit=31717 n_eval=9063 raw_features=14 solver=msplit msplit_variant=rush_dp z_cols=14 backend=cpp
[2026-03-15T06:49:27-04:00] [stage] heartbeat stage=msplit_fit elapsed_sec=150.0 dataset=electricity depth=3 seed=0 eval=test lookahead=3 n_fit=31717 n_eval=9063 raw_features=14 solver=msplit msplit_variant=rush_dp z_cols=14 backend=cpp
[2026-03-15T06:49:57-04:00] [stage] heartbeat stage=msplit_fit elapsed_sec=180.0 dataset=electricity depth=3 seed=0 eval=test lookahead=3 n_fit=31717 n_eval=9063 raw_features=14 solver=msplit msplit_variant=rush_dp z_cols=14 backend=cpp
[2026-03-15T06:50:27-04:00] [stage] heartbeat stage=msplit_fit elapsed_sec=210.0 dataset=electricity depth=3 seed=0 eval=test lookahead=3 n_fit=31717 n_eval=9063 raw_features=14 solver=msplit msplit_variant=rush_dp z_cols=14 backend=cpp
[2026-03-15T06:50:57-04:00] [stage] heartbeat stage=msplit_fit elapsed_sec=240.0 dataset=electricity depth=3 seed=0 eval=test lookahead=3 n_fit=31717 n_eval=9063 raw_features=14 solver=msplit msplit_variant=rush_dp z_cols=14 backend=cpp
[2026-03-15T06:51:27-04:00] [stage] heartbeat stage=msplit_fit elapsed_sec=270.0 dataset=electricity depth=3 seed=0 eval=test lookahead=3 n_fit=31717 n_eval=9063 raw_features=14 solver=msplit msplit_variant=rush_dp z_cols=14 backend=cpp
[2026-03-15T06:51:57-04:00] [stage] heartbeat stage=msplit_fit elapsed_sec=300.0 dataset=electricity depth=3 seed=0 eval=test lookahead=3 n_fit=31717 n_eval=9063 raw_features=14 solver=msplit msplit_variant=rush_dp z_cols=14 backend=cpp
[2026-03-15T06:52:27-04:00] [stage] heartbeat stage=msplit_fit elapsed_sec=330.0 dataset=electricity depth=3 seed=0 eval=test lookahead=3 n_fit=31717 n_eval=9063 raw_features=14 solver=msplit msplit_variant=rush_dp z_cols=14 backend=cpp
[2026-03-15T06:52:57-04:00] [stage] heartbeat stage=msplit_fit elapsed_sec=360.0 dataset=electricity depth=3 seed=0 eval=test lookahead=3 n_fit=31717 n_eval=9063 raw_features=14 solver=msplit msplit_variant=rush_dp z_cols=14 backend=cpp
[2026-03-15T06:53:27-04:00] [stage] heartbeat stage=msplit_fit elapsed_sec=390.0 dataset=electricity depth=3 seed=0 eval=test lookahead=3 n_fit=31717 n_eval=9063 raw_features=14 solver=msplit msplit_variant=rush_dp z_cols=14 backend=cpp
[2026-03-15T06:53:57-04:00] [stage] heartbeat stage=msplit_fit elapsed_sec=420.0 dataset=electricity depth=3 seed=0 eval=test lookahead=3 n_fit=31717 n_eval=9063 raw_features=14 solver=msplit msplit_variant=rush_dp z_cols=14 backend=cpp
[2026-03-15T06:54:27-04:00] [stage] heartbeat stage=msplit_fit elapsed_sec=450.0 dataset=electricity depth=3 seed=0 eval=test lookahead=3 n_fit=31717 n_eval=9063 raw_features=14 solver=msplit msplit_variant=rush_dp z_cols=14 backend=cpp
[2026-03-15T06:54:57-04:00] [stage] heartbeat stage=msplit_fit elapsed_sec=480.0 dataset=electricity depth=3 seed=0 eval=test lookahead=3 n_fit=31717 n_eval=9063 raw_features=14 solver=msplit msplit_variant=rush_dp z_cols=14 backend=cpp
[2026-03-15T06:55:27-04:00] [stage] heartbeat stage=msplit_fit elapsed_sec=510.0 dataset=electricity depth=3 seed=0 eval=test lookahead=3 n_fit=31717 n_eval=9063 raw_features=14 solver=msplit msplit_variant=rush_dp z_cols=14 backend=cpp
[2026-03-15T06:55:57-04:00] [stage] heartbeat stage=msplit_fit elapsed_sec=540.0 dataset=electricity depth=3 seed=0 eval=test lookahead=3 n_fit=31717 n_eval=9063 raw_features=14 solver=msplit msplit_variant=rush_dp z_cols=14 backend=cpp
[2026-03-15T06:56:27-04:00] [stage] heartbeat stage=msplit_fit elapsed_sec=570.0 dataset=electricity depth=3 seed=0 eval=test lookahead=3 n_fit=31717 n_eval=9063 raw_features=14 solver=msplit msplit_variant=rush_dp z_cols=14 backend=cpp
[2026-03-15T06:56:57-04:00] [stage] heartbeat stage=msplit_fit elapsed_sec=600.0 dataset=electricity depth=3 seed=0 eval=test lookahead=3 n_fit=31717 n_eval=9063 raw_features=14 solver=msplit msplit_variant=rush_dp z_cols=14 backend=cpp
[2026-03-15T06:57:27-04:00] [stage] heartbeat stage=msplit_fit elapsed_sec=630.0 dataset=electricity depth=3 seed=0 eval=test lookahead=3 n_fit=31717 n_eval=9063 raw_features=14 solver=msplit msplit_variant=rush_dp z_cols=14 backend=cpp
[2026-03-15T06:57:57-04:00] [stage] heartbeat stage=msplit_fit elapsed_sec=660.0 dataset=electricity depth=3 seed=0 eval=test lookahead=3 n_fit=31717 n_eval=9063 raw_features=14 solver=msplit msplit_variant=rush_dp z_cols=14 backend=cpp
[2026-03-15T06:58:27-04:00] [stage] heartbeat stage=msplit_fit elapsed_sec=690.0 dataset=electricity depth=3 seed=0 eval=test lookahead=3 n_fit=31717 n_eval=9063 raw_features=14 solver=msplit msplit_variant=rush_dp z_cols=14 backend=cpp
[2026-03-15T06:58:57-04:00] [stage] heartbeat stage=msplit_fit elapsed_sec=720.0 dataset=electricity depth=3 seed=0 eval=test lookahead=3 n_fit=31717 n_eval=9063 raw_features=14 solver=msplit msplit_variant=rush_dp z_cols=14 backend=cpp
[2026-03-15T06:59:27-04:00] [stage] heartbeat stage=msplit_fit elapsed_sec=750.0 dataset=electricity depth=3 seed=0 eval=test lookahead=3 n_fit=31717 n_eval=9063 raw_features=14 solver=msplit msplit_variant=rush_dp z_cols=14 backend=cpp
[2026-03-15T06:59:57-04:00] [stage] heartbeat stage=msplit_fit elapsed_sec=780.1 dataset=electricity depth=3 seed=0 eval=test lookahead=3 n_fit=31717 n_eval=9063 raw_features=14 solver=msplit msplit_variant=rush_dp z_cols=14 backend=cpp
[2026-03-15T07:00:27-04:00] [stage] heartbeat stage=msplit_fit elapsed_sec=810.1 dataset=electricity depth=3 seed=0 eval=test lookahead=3 n_fit=31717 n_eval=9063 raw_features=14 solver=msplit msplit_variant=rush_dp z_cols=14 backend=cpp
[2026-03-15T07:00:57-04:00] [stage] heartbeat stage=msplit_fit elapsed_sec=840.1 dataset=electricity depth=3 seed=0 eval=test lookahead=3 n_fit=31717 n_eval=9063 raw_features=14 solver=msplit msplit_variant=rush_dp z_cols=14 backend=cpp
[2026-03-15T07:01:27-04:00] [stage] heartbeat stage=msplit_fit elapsed_sec=870.1 dataset=electricity depth=3 seed=0 eval=test lookahead=3 n_fit=31717 n_eval=9063 raw_features=14 solver=msplit msplit_variant=rush_dp z_cols=14 backend=cpp
[2026-03-15T07:01:57-04:00] [stage] heartbeat stage=msplit_fit elapsed_sec=900.1 dataset=electricity depth=3 seed=0 eval=test lookahead=3 n_fit=31717 n_eval=9063 raw_features=14 solver=msplit msplit_variant=rush_dp z_cols=14 backend=cpp
[2026-03-15T07:02:03-04:00] [stage] done stage=msplit_fit elapsed_sec=906.5 dataset=electricity depth=3 seed=0 eval=test lookahead=3 n_fit=31717 n_eval=9063 raw_features=14 solver=msplit msplit_variant=rush_dp z_cols=14 backend=cpp
[2026-03-15T07:02:03-04:00] [stage] summary stage=msplit_fit fit_time_sec=906.5 objective=0.206230 exact_internal_nodes=975 greedy_internal_nodes=11251 eligible_depth0=1 eligible_depth1=36 exactify_depth0=0 exactify_depth1=0
[2026-03-15T07:02:03-04:00] trial dataset=electricity, depth=3, seed=0, status=ok, acc=0.7870462319320314, obj=0.20623026742415723
[2026-03-15T07:02:04-04:00] === Summary Table ===
    dataset  depth_budget  lookahead_depth_budget  n_success  mean_train_accuracy  mean_accuracy  mean_balanced_accuracy  mean_trivial_accuracy  std_accuracy  mean_fit_time_sec  mean_objective  mean_n_leaves  mean_n_internal  mean_max_arity  mean_exact_internal_nodes  mean_greedy_internal_nodes  mean_dp_subproblem_calls  mean_dp_cache_hits  mean_dp_unique_states  mean_greedy_subproblem_calls  mean_greedy_cache_hits  mean_greedy_unique_states
electricity             3                       3          1               0.7938         0.7870                  0.7676                 0.5754        0.0000           906.4817          0.2062        17.0000          11.0000          3.0000                   975.0000                  11251.0000              4566061.0000          78488.0000           4466533.0000                   625126.0000             204312.0000                403449.0000
[2026-03-15T07:02:04-04:00] === Depth vs Accuracy (Exact) ===
[2026-03-15T07:02:04-04:00] Dataset: electricity
[2026-03-15T07:02:04-04:00] Depth 3: ours=0.7870 (78.70%), bal_acc=0.7676 (76.76%), trivial_acc=0.5754 (57.54%), obj=0.206230, mean_leaves=17.00, dp_calls=4566061.00, dp_unique=4466533.00, paper=0.8260 (82.60%), delta=-0.0390 (-3.90 pp)
[2026-03-15T07:02:04-04:00] Saved run summary CSV: /home/users/yz1075/msdt/results/runs_lightgbm/benchmark_teacher_guided_atomcolor_electricity_d3_fastatomassign_20260315_v77/summary_results.csv
[2026-03-15T07:02:04-04:00] Saved run seed CSV: /home/users/yz1075/msdt/results/runs_lightgbm/benchmark_teacher_guided_atomcolor_electricity_d3_fastatomassign_20260315_v77/seed_results.csv
[2026-03-15T07:02:04-04:00] Saved run plot: /home/users/yz1075/msdt/results/runs_lightgbm/benchmark_teacher_guided_atomcolor_electricity_d3_fastatomassign_20260315_v77/multisplit_lightgbm_dp_accuracy.png
[2026-03-15T07:02:04-04:00] Saved run log: /home/users/yz1075/msdt/results/runs_lightgbm/benchmark_teacher_guided_atomcolor_electricity_d3_fastatomassign_20260315_v77/multisplit_lightgbm_depth_vs_accuracy.log
[2026-03-15T07:02:04-04:00] Saved run manifest: /home/users/yz1075/msdt/results/runs_lightgbm/benchmark_teacher_guided_atomcolor_electricity_d3_fastatomassign_20260315_v77/manifest.json
[2026-03-15T07:02:04-04:00] Saved run paper comparison plot: /home/users/yz1075/msdt/results/runs_lightgbm/benchmark_teacher_guided_atomcolor_electricity_d3_fastatomassign_20260315_v77/multisplit_lightgbm_dp_vs_paper_accuracy.png
[2026-03-15T07:02:04-04:00] Compatibility CSV: /home/users/yz1075/msdt/results/lightgbm/multisplit_lightgbm_dp_results.csv
[2026-03-15T07:02:04-04:00] Compatibility plot: /home/users/yz1075/msdt/results/lightgbm/multisplit_lightgbm_dp_accuracy.png
[2026-03-15T07:02:04-04:00] Compatibility log: /home/users/yz1075/msdt/results/lightgbm/multisplit_lightgbm_depth_vs_accuracy.log
