Job started on compsci-cluster-fitz-36 at Tue Feb 24 08:47:42 PM EST 2026
CPU settings: total_cpus=64, parallel_trials=64, threads_per_trial=1, split_threads=1, lgb_threads=1, xgb_threads=2
Optuna settings: enable=1, trials=10, val_size=0.2, seed=0, timeout_sec=0, warmstart_enable=1, warmstart_root=results, warmstart_max=8, seed_candidates=4, cpu_target=0.94, max_active_studies=0, max_concurrent_trials=0
LightGBM binning backend: device=gpu, gpu_platform=0, gpu_device=0, gpu_fallback=0, max_gpu_jobs=1, gpu_lock_dir=/tmp/msdt_lgb_gpu_lock, binning_max_bins=12, ensemble_runs=3, ensemble_feature_fraction=0.8, ensemble_bagging_fraction=0.8, ensemble_bagging_freq=1, threshold_dedup_eps=1e-9
Dataset runtime mode: datasets=['electricity', 'eye-movements', 'eye-state'], B_sweep=[32, 64, 128, 256, 512, 1024], trials=50, m=5, lambda=0.01, max_branch_n=6, ub_best=inf, binning=lightgbm, dynamic_ub=True, solvers=['baseline', 'dl85_cbb', 'binoct_flow', 'snip', 'gosdt_dpb', 'linear_fallback', 'candidate']

[electricity] shape=45312x8 label_mode=binary classes=2 pos_label=UP pos=19237 neg=26075
  B=  32 | B_eff_mean=28.88 [7, 32]
    runtime_ms_total_features: Baseline=2.984ms, DL8.5-CBB=1.905ms, BinOCT-Flow=2.787ms, SNIP=0.9408ms, GOSDT-DPB=2.275ms, Grid-DP=0.5033ms, RUSH-DP=0.1472ms
    speedup_vs_baseline: DL8.5-CBB=1.566x, BinOCT-Flow=1.071x, SNIP=3.172x, GOSDT-DPB=1.312x, Grid-DP=5.928x, RUSH-DP=20.27x
    acc_gap_vs_baseline: DL8.5-CBB=0, BinOCT-Flow=0, SNIP=0, GOSDT-DPB=0, Grid-DP=0, RUSH-DP=0
    accuracy_mean: Baseline=0.75501, DL8.5-CBB=0.75501, BinOCT-Flow=0.75501, SNIP=0.75501, GOSDT-DPB=0.75501, Grid-DP=0.75501, RUSH-DP=0.75501
    coverage: shared_valid=50/50, n_features=8
  B=  64 | B_eff_mean=54.88 [7, 64]
    runtime_ms_total_features: Baseline=10.58ms, DL8.5-CBB=6.271ms, BinOCT-Flow=9.28ms, SNIP=1.992ms, GOSDT-DPB=8.472ms, Grid-DP=0.8377ms, RUSH-DP=0.2322ms
    speedup_vs_baseline: DL8.5-CBB=1.686x, BinOCT-Flow=1.14x, SNIP=5.309x, GOSDT-DPB=1.248x, Grid-DP=12.62x, RUSH-DP=45.55x
    acc_gap_vs_baseline: DL8.5-CBB=0, BinOCT-Flow=0, SNIP=0, GOSDT-DPB=0, Grid-DP=0, RUSH-DP=0
    accuracy_mean: Baseline=0.756886, DL8.5-CBB=0.756886, BinOCT-Flow=0.756886, SNIP=0.756886, GOSDT-DPB=0.756886, Grid-DP=0.756886, RUSH-DP=0.756886
    coverage: shared_valid=50/50, n_features=8
  B= 128 | B_eff_mean=102.9 [7, 128]
    runtime_ms_total_features: Baseline=36.15ms, DL8.5-CBB=24.68ms, BinOCT-Flow=30.11ms, SNIP=3.903ms, GOSDT-DPB=28.79ms, Grid-DP=1.479ms, RUSH-DP=0.4448ms
    speedup_vs_baseline: DL8.5-CBB=1.465x, BinOCT-Flow=1.2x, SNIP=9.261x, GOSDT-DPB=1.256x, Grid-DP=24.44x, RUSH-DP=81.27x
    acc_gap_vs_baseline: DL8.5-CBB=0, BinOCT-Flow=0, SNIP=0, GOSDT-DPB=0, Grid-DP=0, RUSH-DP=0
    accuracy_mean: Baseline=0.756886, DL8.5-CBB=0.756886, BinOCT-Flow=0.756886, SNIP=0.756886, GOSDT-DPB=0.756886, Grid-DP=0.756886, RUSH-DP=0.756886
    coverage: shared_valid=50/50, n_features=8
  B= 256 | B_eff_mean=198.9 [7, 256]
    runtime_ms_total_features: Baseline=129ms, DL8.5-CBB=137.1ms, BinOCT-Flow=138.2ms, SNIP=9.318ms, GOSDT-DPB=162.1ms, Grid-DP=2.649ms, RUSH-DP=0.8789ms
    speedup_vs_baseline: DL8.5-CBB=0.9409x, BinOCT-Flow=0.9336x, SNIP=13.85x, GOSDT-DPB=0.7959x, Grid-DP=48.71x, RUSH-DP=146.8x
    acc_gap_vs_baseline: DL8.5-CBB=0, BinOCT-Flow=0, SNIP=0, GOSDT-DPB=0, Grid-DP=0, RUSH-DP=0
    accuracy_mean: Baseline=0.758651, DL8.5-CBB=0.758651, BinOCT-Flow=0.758651, SNIP=0.758651, GOSDT-DPB=0.758651, Grid-DP=0.758651, RUSH-DP=0.758651
    coverage: shared_valid=50/50, n_features=8
  B= 512 | B_eff_mean=390.9 [7, 512]
    runtime_ms_total_features: Baseline=525.2ms, DL8.5-CBB=560.6ms, BinOCT-Flow=576ms, SNIP=27.19ms, GOSDT-DPB=667.2ms, Grid-DP=5.239ms, RUSH-DP=1.944ms
    speedup_vs_baseline: DL8.5-CBB=0.9368x, BinOCT-Flow=0.9118x, SNIP=19.32x, GOSDT-DPB=0.7872x, Grid-DP=100.2x, RUSH-DP=270.1x
    acc_gap_vs_baseline: DL8.5-CBB=0, BinOCT-Flow=0, SNIP=0, GOSDT-DPB=0, Grid-DP=0, RUSH-DP=0
    accuracy_mean: Baseline=0.758784, DL8.5-CBB=0.758784, BinOCT-Flow=0.758784, SNIP=0.758784, GOSDT-DPB=0.758784, Grid-DP=0.758784, RUSH-DP=0.758784
    coverage: shared_valid=50/50, n_features=8
  B=1024 | B_eff_mean=761.6 [7, 1024]
    runtime_ms_total_features: Baseline=1934ms, DL8.5-CBB=2077ms, BinOCT-Flow=2132ms, SNIP=85.47ms, GOSDT-DPB=2494ms, Grid-DP=9.788ms, RUSH-DP=4.02ms
    speedup_vs_baseline: DL8.5-CBB=0.9312x, BinOCT-Flow=0.9071x, SNIP=22.63x, GOSDT-DPB=0.7755x, Grid-DP=197.6x, RUSH-DP=481.1x
    acc_gap_vs_baseline: DL8.5-CBB=0, BinOCT-Flow=0, SNIP=0, GOSDT-DPB=0, Grid-DP=0, RUSH-DP=0
    accuracy_mean: Baseline=0.759048, DL8.5-CBB=0.759048, BinOCT-Flow=0.759048, SNIP=0.759048, GOSDT-DPB=0.759048, Grid-DP=0.759048, RUSH-DP=0.759048
    coverage: shared_valid=50/50, n_features=8

[eye-movements] shape=7608x23 label_mode=binary classes=2 pos_label=1 pos=3804 neg=3804
  B=  32 | B_eff_mean=26.26 [2, 32]
    runtime_ms_total_features: Baseline=4.581ms, DL8.5-CBB=4.145ms, BinOCT-Flow=5.066ms, SNIP=2.493ms, GOSDT-DPB=5.136ms, Grid-DP=0.7775ms, RUSH-DP=0.5307ms
    speedup_vs_baseline: DL8.5-CBB=1.105x, BinOCT-Flow=0.9043x, SNIP=1.837x, GOSDT-DPB=0.892x, Grid-DP=5.892x, RUSH-DP=8.632x
    acc_gap_vs_baseline: DL8.5-CBB=0, BinOCT-Flow=0, SNIP=0, GOSDT-DPB=0, Grid-DP=0, RUSH-DP=0
    accuracy_mean: Baseline=0.565063, DL8.5-CBB=0.565063, BinOCT-Flow=0.565063, SNIP=0.565063, GOSDT-DPB=0.565063, Grid-DP=0.565063, RUSH-DP=0.565063
    coverage: shared_valid=50/50, n_features=23
  B=  64 | B_eff_mean=50.7 [2, 64]
    runtime_ms_total_features: Baseline=30.73ms, DL8.5-CBB=30.38ms, BinOCT-Flow=34.38ms, SNIP=9.914ms, GOSDT-DPB=39.55ms, Grid-DP=2.341ms, RUSH-DP=1.347ms
    speedup_vs_baseline: DL8.5-CBB=1.011x, BinOCT-Flow=0.8938x, SNIP=3.1x, GOSDT-DPB=0.7769x, Grid-DP=13.13x, RUSH-DP=22.82x
    acc_gap_vs_baseline: DL8.5-CBB=0, BinOCT-Flow=0, SNIP=0, GOSDT-DPB=0, Grid-DP=0, RUSH-DP=0
    accuracy_mean: Baseline=0.565063, DL8.5-CBB=0.565063, BinOCT-Flow=0.565063, SNIP=0.565063, GOSDT-DPB=0.565063, Grid-DP=0.565063, RUSH-DP=0.565063
    coverage: shared_valid=50/50, n_features=23
  B= 128 | B_eff_mean=88.39 [2, 128]
    runtime_ms_total_features: Baseline=194.5ms, DL8.5-CBB=204.9ms, BinOCT-Flow=216.5ms, SNIP=39.85ms, GOSDT-DPB=262.6ms, Grid-DP=7.136ms, RUSH-DP=3.744ms
    speedup_vs_baseline: DL8.5-CBB=0.9491x, BinOCT-Flow=0.8983x, SNIP=4.881x, GOSDT-DPB=0.7406x, Grid-DP=27.26x, RUSH-DP=51.95x
    acc_gap_vs_baseline: DL8.5-CBB=0, BinOCT-Flow=0, SNIP=0, GOSDT-DPB=0, Grid-DP=0, RUSH-DP=0
    accuracy_mean: Baseline=0.565063, DL8.5-CBB=0.565063, BinOCT-Flow=0.565063, SNIP=0.565063, GOSDT-DPB=0.565063, Grid-DP=0.565063, RUSH-DP=0.565063
    coverage: shared_valid=50/50, n_features=23
  B= 256 | B_eff_mean=157.4 [2, 256]
    runtime_ms_total_features: Baseline=756ms, DL8.5-CBB=827.4ms, BinOCT-Flow=841.6ms, SNIP=103.6ms, GOSDT-DPB=1007ms, Grid-DP=14.15ms, RUSH-DP=7.642ms
    speedup_vs_baseline: DL8.5-CBB=0.9137x, BinOCT-Flow=0.8983x, SNIP=7.295x, GOSDT-DPB=0.7508x, Grid-DP=53.45x, RUSH-DP=98.93x
    acc_gap_vs_baseline: DL8.5-CBB=0, BinOCT-Flow=0, SNIP=0, GOSDT-DPB=0, Grid-DP=0, RUSH-DP=0
    accuracy_mean: Baseline=0.565063, DL8.5-CBB=0.565063, BinOCT-Flow=0.565063, SNIP=0.565063, GOSDT-DPB=0.565063, Grid-DP=0.565063, RUSH-DP=0.565063
    coverage: shared_valid=50/50, n_features=23
  B= 512 | B_eff_mean=269.3 [2, 512]
    runtime_ms_total_features: Baseline=2692ms, DL8.5-CBB=3051ms, BinOCT-Flow=3029ms, SNIP=246.5ms, GOSDT-DPB=3560ms, Grid-DP=26.35ms, RUSH-DP=14.1ms
    speedup_vs_baseline: DL8.5-CBB=0.8824x, BinOCT-Flow=0.8886x, SNIP=10.92x, GOSDT-DPB=0.7561x, Grid-DP=102.1x, RUSH-DP=191x
    acc_gap_vs_baseline: DL8.5-CBB=0, BinOCT-Flow=0, SNIP=0, GOSDT-DPB=0, Grid-DP=0, RUSH-DP=0
    accuracy_mean: Baseline=0.565063, DL8.5-CBB=0.565063, BinOCT-Flow=0.565063, SNIP=0.565063, GOSDT-DPB=0.565063, Grid-DP=0.565063, RUSH-DP=0.565063
    coverage: shared_valid=50/50, n_features=23
  B=1024 | B_eff_mean=460.4 [2, 1024]
    runtime_ms_total_features: Baseline=9475ms, DL8.5-CBB=1.087e+04ms, BinOCT-Flow=1.067e+04ms, SNIP=557.9ms, GOSDT-DPB=1.222e+04ms, Grid-DP=47.49ms, RUSH-DP=25.7ms
    speedup_vs_baseline: DL8.5-CBB=0.8714x, BinOCT-Flow=0.8878x, SNIP=16.98x, GOSDT-DPB=0.7753x, Grid-DP=199.5x, RUSH-DP=368.6x
    acc_gap_vs_baseline: DL8.5-CBB=0, BinOCT-Flow=0, SNIP=0, GOSDT-DPB=0, Grid-DP=0, RUSH-DP=0
    accuracy_mean: Baseline=0.565063, DL8.5-CBB=0.565063, BinOCT-Flow=0.565063, SNIP=0.565063, GOSDT-DPB=0.565063, Grid-DP=0.565063, RUSH-DP=0.565063
    coverage: shared_valid=50/50, n_features=23

[eye-state] shape=14980x14 label_mode=binary classes=2 pos_label=2 pos=6723 neg=8257
  B=  32 | B_eff_mean=32 [32, 32]
    runtime_ms_total_features: Baseline=2.628ms, DL8.5-CBB=1.469ms, BinOCT-Flow=2.226ms, SNIP=1.012ms, GOSDT-DPB=1.832ms, Grid-DP=0.4488ms, RUSH-DP=0.1699ms
    speedup_vs_baseline: DL8.5-CBB=1.789x, BinOCT-Flow=1.181x, SNIP=2.597x, GOSDT-DPB=1.434x, Grid-DP=5.855x, RUSH-DP=15.47x
    acc_gap_vs_baseline: DL8.5-CBB=0, BinOCT-Flow=0, SNIP=0, GOSDT-DPB=0, Grid-DP=0, RUSH-DP=0
    accuracy_mean: Baseline=0.630841, DL8.5-CBB=0.630841, BinOCT-Flow=0.630841, SNIP=0.630841, GOSDT-DPB=0.630841, Grid-DP=0.630841, RUSH-DP=0.630841
    coverage: shared_valid=50/50, n_features=14
  B=  64 | B_eff_mean=64 [64, 64]
    runtime_ms_total_features: Baseline=11.27ms, DL8.5-CBB=7.061ms, BinOCT-Flow=10.78ms, SNIP=2.906ms, GOSDT-DPB=10.91ms, Grid-DP=0.9033ms, RUSH-DP=0.2873ms
    speedup_vs_baseline: DL8.5-CBB=1.597x, BinOCT-Flow=1.046x, SNIP=3.879x, GOSDT-DPB=1.033x, Grid-DP=12.48x, RUSH-DP=39.23x
    acc_gap_vs_baseline: DL8.5-CBB=0, BinOCT-Flow=0, SNIP=0, GOSDT-DPB=0, Grid-DP=0, RUSH-DP=0
    accuracy_mean: Baseline=0.633578, DL8.5-CBB=0.633578, BinOCT-Flow=0.633578, SNIP=0.633578, GOSDT-DPB=0.633578, Grid-DP=0.633578, RUSH-DP=0.633578
    coverage: shared_valid=50/50, n_features=14
  B= 128 | B_eff_mean=128 [128, 128]
    runtime_ms_total_features: Baseline=46.73ms, DL8.5-CBB=35.59ms, BinOCT-Flow=51.21ms, SNIP=8.323ms, GOSDT-DPB=59.22ms, Grid-DP=1.798ms, RUSH-DP=0.611ms
    speedup_vs_baseline: DL8.5-CBB=1.313x, BinOCT-Flow=0.9127x, SNIP=5.615x, GOSDT-DPB=0.7892x, Grid-DP=25.99x, RUSH-DP=76.49x
    acc_gap_vs_baseline: DL8.5-CBB=0, BinOCT-Flow=0, SNIP=0, GOSDT-DPB=0, Grid-DP=0, RUSH-DP=0
    accuracy_mean: Baseline=0.635314, DL8.5-CBB=0.635314, BinOCT-Flow=0.635314, SNIP=0.635314, GOSDT-DPB=0.635314, Grid-DP=0.635314, RUSH-DP=0.635314
    coverage: shared_valid=50/50, n_features=14
  B= 256 | B_eff_mean=253.1 [246, 256]
    runtime_ms_total_features: Baseline=183.5ms, DL8.5-CBB=144.5ms, BinOCT-Flow=197.6ms, SNIP=34.6ms, GOSDT-DPB=251.3ms, Grid-DP=3.516ms, RUSH-DP=1.315ms
    speedup_vs_baseline: DL8.5-CBB=1.27x, BinOCT-Flow=0.9287x, SNIP=5.304x, GOSDT-DPB=0.7303x, Grid-DP=52.2x, RUSH-DP=139.6x
    acc_gap_vs_baseline: DL8.5-CBB=0, BinOCT-Flow=0, SNIP=0, GOSDT-DPB=0, Grid-DP=0, RUSH-DP=0
    accuracy_mean: Baseline=0.635781, DL8.5-CBB=0.635781, BinOCT-Flow=0.635781, SNIP=0.635781, GOSDT-DPB=0.635781, Grid-DP=0.635781, RUSH-DP=0.635781
    coverage: shared_valid=50/50, n_features=14
  B= 512 | B_eff_mean=368 [286, 483]
    runtime_ms_total_features: Baseline=411ms, DL8.5-CBB=327.4ms, BinOCT-Flow=446.6ms, SNIP=72.24ms, GOSDT-DPB=535.6ms, Grid-DP=5.254ms, RUSH-DP=2.184ms
    speedup_vs_baseline: DL8.5-CBB=1.255x, BinOCT-Flow=0.9204x, SNIP=5.689x, GOSDT-DPB=0.7673x, Grid-DP=78.22x, RUSH-DP=188.2x
    acc_gap_vs_baseline: DL8.5-CBB=0, BinOCT-Flow=0, SNIP=0, GOSDT-DPB=0, Grid-DP=0, RUSH-DP=0
    accuracy_mean: Baseline=0.635848, DL8.5-CBB=0.635848, BinOCT-Flow=0.635848, SNIP=0.635848, GOSDT-DPB=0.635848, Grid-DP=0.635848, RUSH-DP=0.635848
    coverage: shared_valid=50/50, n_features=14
  B=1024 | B_eff_mean=388 [286, 593]
    runtime_ms_total_features: Baseline=468.7ms, DL8.5-CBB=385.5ms, BinOCT-Flow=508.3ms, SNIP=75.39ms, GOSDT-DPB=627.4ms, Grid-DP=5.488ms, RUSH-DP=2.296ms
    speedup_vs_baseline: DL8.5-CBB=1.216x, BinOCT-Flow=0.9221x, SNIP=6.217x, GOSDT-DPB=0.747x, Grid-DP=85.41x, RUSH-DP=204.1x
    acc_gap_vs_baseline: DL8.5-CBB=0, BinOCT-Flow=0, SNIP=0, GOSDT-DPB=0, Grid-DP=0, RUSH-DP=0
    accuracy_mean: Baseline=0.635848, DL8.5-CBB=0.635848, BinOCT-Flow=0.635848, SNIP=0.635848, GOSDT-DPB=0.635848, Grid-DP=0.635848, RUSH-DP=0.635848
    coverage: shared_valid=50/50, n_features=14

Saved runtime plot: partition-dp/results/runtime_full_comparison_dynamic_ub_20260224_204741.pdf
Saved B_eff runtime plot: partition-dp/results/runtime_full_comparison_dynamic_ub_20260224_204741_beff.pdf
Saved accuracy plot: partition-dp/results/runtime_full_comparison_dynamic_ub_20260224_204741_accuracy.pdf
Saved metrics log: partition-dp/results/runtime_full_comparison_dynamic_ub_20260224_204741_metrics.json
Saved run profile: /home/users/yz1075/msdt/results/test_strat/test_strat_dynamic_ub_20260224_204741/run_profile.json
Saved time profile: /home/users/yz1075/msdt/results/test_strat/test_strat_dynamic_ub_20260224_204741/run_profile.time.log
Saved command log: /home/users/yz1075/msdt/results/test_strat/test_strat_dynamic_ub_20260224_204741/run_profile.cmd.txt
=== Run Profile Summary ===
wall_time=1:05:17
user_time_sec=3915.94
sys_time_sec=0.81
cpu_utilization=99%
max_rss_kb=563808
max_rss_gb=0.54
Job ended at Tue Feb 24 09:52:59 PM EST 2026
