Job started on compsci-cluster-fitz-46 at Mon Feb 16 06:01:59 PM EST 2026
CPU settings: total_cpus=64, parallel_trials=64, threads_per_trial=1, split_threads=1, lgb_threads=1, xgb_threads=2
Optuna settings: enable=1, trials=10, val_size=0.2, seed=0, timeout_sec=0, cpu_target=0.94, max_active_studies=0
LightGBM binning backend: device=gpu, gpu_platform=0, gpu_device=0, gpu_fallback=0
SPLIT native backend import OK
[compare] running: /home/users/yz1075/msdt/.venv/bin/python run_multisplit_experiments_cart.py --run-name compare_20260216_173934_cart --datasets electricity eye-movements eye-state --depth-budgets 2 3 4 5 6 --seeds 0 1 2 3 4 --test-size 0.2 --time-limit 1200.0 --lookahead-cap 3 --max-bins 6 --min-samples-leaf 8 --min-child-size 8 --max-branching 0 --reg 0.01 --branch-penalty 0.002 --parallel-trials 64 --threads-per-trial 1 --optuna-trials 10 --optuna-val-size 0.2 --optuna-seed 0 --optuna-timeout-sec 0.0 --cpu-utilization-target 0.94 --optuna-max-active-studies 0 --results-root results/comparison/compare_20260216_173934/_tmp/runs_cart/compare_20260216_173934_cart --stable-results-dir results/comparison/compare_20260216_173934/_tmp/stable_cart --no-package-artifacts --optuna-enable --tree-artifacts-dir results/comparison/compare_20260216_173934/tree_artifacts/cart_mssplit_all
[2026-02-16T18:02:05-05:00] Starting multisplit experiment run.
[2026-02-16T18:02:05-05:00] run_name=compare_20260216_173934_cart
[2026-02-16T18:02:05-05:00] run_dir=/home/users/yz1075/msdt/results/comparison/compare_20260216_173934/_tmp/runs_cart/compare_20260216_173934_cart/compare_20260216_173934_cart
[2026-02-16T18:02:05-05:00] parallel settings: parallel_trials=64, threads_per_trial=1, core_budget=64, effective_core_budget=60, effective_parallel_trials=60, cpu_target=0.94
[2026-02-16T18:02:05-05:00] OpenML cache directory set to /home/users/yz1075/msdt/results/openml_cache
[2026-02-16T18:02:05-05:00] Loading dataset=electricity
[2026-02-16T18:02:05-05:00] dataset=electricity, class_prevalence(max class)=0.5755
[2026-02-16T18:02:05-05:00] Loading dataset=eye-movements
[2026-02-16T18:02:05-05:00] dataset=eye-movements, class_prevalence(max class)=0.5000
[2026-02-16T18:02:05-05:00] Loading dataset=eye-state
[2026-02-16T18:02:05-05:00] dataset=eye-state, class_prevalence(max class)=0.5512
[2026-02-16T18:02:05-05:00] optuna scheduling: studies=15, active_studies=15, jobs_per_study=4, effective_slots=60, effective_core_budget=60/64
[2026-02-16T21:24:47-05:00] optuna best params saved: /home/users/yz1075/msdt/results/comparison/compare_20260216_173934/_tmp/runs_cart/compare_20260216_173934_cart/compare_20260216_173934_cart/optuna/best_params.csv
[2026-02-16T21:24:47-05:00] dataset=electricity, depth=2, lookahead=1, seeds=[0, 1, 2, 3, 4], tuned=True
[2026-02-16T21:24:47-05:00] dataset=electricity, depth=3, lookahead=1, seeds=[0, 1, 2, 3, 4], tuned=True
[2026-02-16T21:24:47-05:00] dataset=electricity, depth=4, lookahead=3, seeds=[0, 1, 2, 3, 4], tuned=True
[2026-02-16T21:24:47-05:00] dataset=electricity, depth=5, lookahead=2, seeds=[0, 1, 2, 3, 4], tuned=True
[2026-02-16T21:24:47-05:00] dataset=electricity, depth=6, lookahead=2, seeds=[0, 1, 2, 3, 4], tuned=True
[2026-02-16T21:24:47-05:00] dataset=eye-movements, depth=2, lookahead=1, seeds=[0, 1, 2, 3, 4], tuned=True
[2026-02-16T21:24:47-05:00] dataset=eye-movements, depth=3, lookahead=1, seeds=[0, 1, 2, 3, 4], tuned=True
[2026-02-16T21:24:47-05:00] dataset=eye-movements, depth=4, lookahead=1, seeds=[0, 1, 2, 3, 4], tuned=True
[2026-02-16T21:24:47-05:00] dataset=eye-movements, depth=5, lookahead=2, seeds=[0, 1, 2, 3, 4], tuned=True
[2026-02-16T21:24:47-05:00] dataset=eye-movements, depth=6, lookahead=2, seeds=[0, 1, 2, 3, 4], tuned=True
[2026-02-16T21:24:47-05:00] dataset=eye-state, depth=2, lookahead=1, seeds=[0, 1, 2, 3, 4], tuned=True
[2026-02-16T21:24:47-05:00] dataset=eye-state, depth=3, lookahead=1, seeds=[0, 1, 2, 3, 4], tuned=True
[2026-02-16T21:24:47-05:00] dataset=eye-state, depth=4, lookahead=1, seeds=[0, 1, 2, 3, 4], tuned=True
[2026-02-16T21:24:47-05:00] dataset=eye-state, depth=5, lookahead=2, seeds=[0, 1, 2, 3, 4], tuned=True
[2026-02-16T21:24:47-05:00] dataset=eye-state, depth=6, lookahead=2, seeds=[0, 1, 2, 3, 4], tuned=True
[2026-02-16T21:24:47-05:00] executing 75 pending trials across 3 dataset(s) with parallel_workers=60, threads_per_trial=1, effective_core_budget=60/64
[2026-02-16T21:45:09-05:00] trial dataset=eye-movements, depth=2, seed=3, status=ok, acc=0.5604467805519053
[2026-02-16T21:45:09-05:00] trial dataset=eye-movements, depth=2, seed=1, status=ok, acc=0.5374507227332457
[2026-02-16T21:45:09-05:00] trial dataset=eye-movements, depth=2, seed=2, status=ok, acc=0.5670170827858082
[2026-02-16T21:45:09-05:00] trial dataset=eye-movements, depth=2, seed=4, status=ok, acc=0.5183968462549278
[2026-02-16T21:45:09-05:00] trial dataset=eye-movements, depth=2, seed=0, status=ok, acc=0.5525624178712221
[2026-02-16T21:45:09-05:00] trial dataset=electricity, depth=2, seed=0, status=ok, acc=0.7623303541873552
[2026-02-16T21:45:09-05:00] trial dataset=electricity, depth=2, seed=2, status=ok, acc=0.7565927397109125
[2026-02-16T21:45:09-05:00] trial dataset=electricity, depth=2, seed=4, status=ok, acc=0.7539446099525543
[2026-02-16T21:45:09-05:00] trial dataset=electricity, depth=2, seed=1, status=ok, acc=0.7547169811320755
[2026-02-16T21:45:09-05:00] trial dataset=eye-state, depth=2, seed=1, status=ok, acc=0.6315086782376502
[2026-02-16T21:45:09-05:00] trial dataset=electricity, depth=2, seed=3, status=ok, acc=0.7586891757696127
[2026-02-16T21:45:09-05:00] trial dataset=eye-state, depth=2, seed=0, status=ok, acc=0.6351802403204272
[2026-02-16T21:45:09-05:00] trial dataset=eye-state, depth=2, seed=2, status=ok, acc=0.6428571428571429
[2026-02-16T21:45:09-05:00] trial dataset=eye-state, depth=2, seed=3, status=ok, acc=0.6154873164218959
[2026-02-16T21:45:09-05:00] trial dataset=eye-state, depth=2, seed=4, status=ok, acc=0.6358477970627503
[2026-02-16T21:45:09-05:00] trial dataset=eye-movements, depth=3, seed=0, status=ok, acc=0.5525624178712221
[2026-02-16T21:45:09-05:00] trial dataset=eye-movements, depth=3, seed=1, status=ok, acc=0.5374507227332457
[2026-02-16T21:45:09-05:00] trial dataset=eye-movements, depth=3, seed=3, status=ok, acc=0.5604467805519053
[2026-02-16T21:45:09-05:00] trial dataset=eye-movements, depth=3, seed=2, status=ok, acc=0.5670170827858082
[2026-02-16T21:45:09-05:00] trial dataset=eye-movements, depth=3, seed=4, status=ok, acc=0.5183968462549278
[2026-02-16T21:45:09-05:00] trial dataset=eye-state, depth=3, seed=2, status=ok, acc=0.6809078771695594
[2026-02-16T21:45:09-05:00] trial dataset=electricity, depth=3, seed=0, status=ok, acc=0.7770054065982567
[2026-02-16T21:45:09-05:00] trial dataset=electricity, depth=3, seed=3, status=ok, acc=0.7739159218801721
[2026-02-16T21:45:09-05:00] trial dataset=eye-state, depth=3, seed=4, status=ok, acc=0.6752336448598131
[2026-02-16T21:45:09-05:00] trial dataset=eye-state, depth=3, seed=1, status=ok, acc=0.6799065420560748
[2026-02-16T21:45:09-05:00] trial dataset=electricity, depth=3, seed=1, status=ok, acc=0.7810879399757255
[2026-02-16T21:45:09-05:00] trial dataset=eye-state, depth=3, seed=3, status=ok, acc=0.6558744993324432
[2026-02-16T21:45:09-05:00] trial dataset=electricity, depth=3, seed=2, status=ok, acc=0.7859428445327155
[2026-02-16T21:45:09-05:00] trial dataset=eye-state, depth=3, seed=0, status=ok, acc=0.6822429906542056
[2026-02-16T21:45:09-05:00] trial dataset=electricity, depth=3, seed=4, status=ok, acc=0.7674059362242083
[2026-02-16T21:45:09-05:00] trial dataset=eye-movements, depth=4, seed=3, status=ok, acc=0.6057818659658344
[2026-02-16T21:45:09-05:00] trial dataset=eye-movements, depth=4, seed=1, status=ok, acc=0.5551905387647832
[2026-02-16T21:45:09-05:00] trial dataset=eye-movements, depth=4, seed=0, status=ok, acc=0.5591327201051248
[2026-02-16T21:45:09-05:00] trial dataset=eye-movements, depth=5, seed=4, status=ok, acc=0.5512483574244416
[2026-02-16T21:45:09-05:00] trial dataset=eye-movements, depth=5, seed=1, status=ok, acc=0.5578186596583443
[2026-02-16T21:45:09-05:00] trial dataset=eye-movements, depth=5, seed=3, status=ok, acc=0.6011826544021025
[2026-02-16T21:45:09-05:00] trial dataset=eye-movements, depth=4, seed=2, status=ok, acc=0.5703022339027596
[2026-02-16T21:45:09-05:00] trial dataset=eye-movements, depth=4, seed=4, status=ok, acc=0.5512483574244416
[2026-02-16T21:45:09-05:00] trial dataset=eye-movements, depth=5, seed=0, status=ok, acc=0.5716162943495401
[2026-02-16T21:45:09-05:00] trial dataset=eye-movements, depth=5, seed=2, status=ok, acc=0.5584756898817346
[2026-02-16T21:45:09-05:00] trial dataset=electricity, depth=6, seed=4, status=ok, acc=0.7671852587443452
[2026-02-16T21:45:09-05:00] trial dataset=electricity, depth=6, seed=0, status=ok, acc=0.7698333885027033
[2026-02-16T21:45:09-05:00] trial dataset=electricity, depth=6, seed=1, status=ok, acc=0.760785611828313
[2026-02-16T21:45:09-05:00] trial dataset=electricity, depth=6, seed=3, status=ok, acc=0.7649784839457133
[2026-02-16T21:45:09-05:00] trial dataset=electricity, depth=6, seed=2, status=ok, acc=0.7635440803266027
[2026-02-16T21:45:09-05:00] trial dataset=electricity, depth=4, seed=3, status=ok, acc=0.7849497958733311
[2026-02-16T21:45:09-05:00] trial dataset=electricity, depth=4, seed=2, status=ok, acc=0.7913494427893634
[2026-02-16T21:45:09-05:00] trial dataset=electricity, depth=4, seed=4, status=ok, acc=0.7738055831402405
[2026-02-16T21:45:09-05:00] trial dataset=electricity, depth=4, seed=1, status=ok, acc=0.7824120048549046
[2026-02-16T21:45:09-05:00] trial dataset=electricity, depth=4, seed=0, status=ok, acc=0.7764537128985987
[2026-02-16T21:45:09-05:00] trial dataset=eye-state, depth=6, seed=2, status=ok, acc=0.7159546061415221
[2026-02-16T21:45:09-05:00] trial dataset=eye-state, depth=6, seed=1, status=ok, acc=0.722630173564753
[2026-02-16T21:45:09-05:00] trial dataset=eye-state, depth=6, seed=3, status=ok, acc=0.7096128170894526
[2026-02-16T21:45:09-05:00] trial dataset=eye-state, depth=6, seed=0, status=ok, acc=0.7263017356475301
[2026-02-16T21:45:09-05:00] trial dataset=eye-state, depth=6, seed=4, status=ok, acc=0.7239652870493992
[2026-02-16T21:45:09-05:00] trial dataset=eye-state, depth=4, seed=1, status=ok, acc=0.7246328437917223
[2026-02-16T21:45:09-05:00] trial dataset=eye-state, depth=4, seed=4, status=ok, acc=0.7306408544726302
[2026-02-16T21:45:09-05:00] trial dataset=eye-state, depth=4, seed=3, status=ok, acc=0.712283044058745
[2026-02-16T21:45:09-05:00] trial dataset=eye-state, depth=4, seed=2, status=ok, acc=0.7309746328437917
[2026-02-16T21:45:09-05:00] trial dataset=eye-state, depth=4, seed=0, status=ok, acc=0.725634178905207
[2026-02-16T21:45:09-05:00] trial dataset=electricity, depth=5, seed=3, status=ok, acc=0.7770054065982567
[2026-02-16T21:45:09-05:00] trial dataset=electricity, depth=5, seed=4, status=ok, acc=0.7635440803266027
[2026-02-16T21:45:09-05:00] trial dataset=electricity, depth=5, seed=0, status=ok, acc=0.7759020191989408
[2026-02-16T21:45:09-05:00] trial dataset=electricity, depth=5, seed=2, status=ok, acc=0.771819485821472
[2026-02-16T21:45:09-05:00] trial dataset=electricity, depth=5, seed=1, status=ok, acc=0.7665232263047556
[2026-02-16T21:45:09-05:00] trial dataset=eye-state, depth=5, seed=1, status=timeout, acc=nan
[2026-02-16T21:45:09-05:00] trial dataset=eye-state, depth=5, seed=0, status=timeout, acc=nan
[2026-02-16T21:45:09-05:00] trial dataset=eye-state, depth=5, seed=3, status=timeout, acc=nan
[2026-02-16T21:45:09-05:00] trial dataset=eye-state, depth=5, seed=2, status=timeout, acc=nan
[2026-02-16T21:45:09-05:00] trial dataset=eye-state, depth=5, seed=4, status=timeout, acc=nan
[2026-02-16T21:45:09-05:00] trial dataset=eye-movements, depth=6, seed=4, status=timeout, acc=nan
[2026-02-16T21:45:09-05:00] trial dataset=eye-movements, depth=6, seed=1, status=timeout, acc=nan
[2026-02-16T21:45:09-05:00] trial dataset=eye-movements, depth=6, seed=0, status=timeout, acc=nan
[2026-02-16T21:45:09-05:00] trial dataset=eye-movements, depth=6, seed=3, status=timeout, acc=nan
[2026-02-16T21:45:09-05:00] trial dataset=eye-movements, depth=6, seed=2, status=timeout, acc=nan
[2026-02-16T21:45:10-05:00] === Summary Table ===
      dataset  depth_budget  lookahead_depth_budget  n_success  mean_accuracy  mean_balanced_accuracy  mean_trivial_accuracy  std_accuracy  mean_fit_time_sec  mean_n_leaves  mean_n_internal  mean_max_arity  mean_exact_internal_nodes  mean_greedy_internal_nodes
  electricity             2                       1          5         0.7573                  0.7330                 0.5754        0.0034             0.0386         2.0000           1.0000          2.0000                     1.0000                      0.0000
  electricity             3                       1          5         0.7771                  0.7600                 0.5754        0.0070             6.8490        32.0000           6.2000          6.0000                     1.0000                    140.6000
  electricity             4                       3          5         0.7818                  0.7680                 0.5754        0.0070           141.1619       105.2000          23.6000          6.0000                  7154.0000                      0.0000
  electricity             5                       2          5         0.7710                  0.7524                 0.5754        0.0058           786.8417       115.4000          37.6000          5.0000                    99.4000                  61941.6000
  electricity             6                       2          5         0.7653                  0.7434                 0.5754        0.0035            31.0170         5.6000           4.6000          2.0000                    28.6000                   4258.6000
eye-movements             2                       1          5         0.5472                  0.5472                 0.5000        0.0195             0.0107         2.0000           1.0000          2.0000                     1.0000                      0.0000
eye-movements             3                       1          5         0.5472                  0.5472                 0.5000        0.0195             2.8917         5.0000           1.0000          5.0000                     1.0000                     74.8000
eye-movements             4                       1          5         0.5683                  0.5683                 0.5000        0.0221            13.3675        13.2000           6.2000          3.0000                     1.0000                   2739.0000
eye-movements             5                       2          5         0.5681                  0.5681                 0.5000        0.0199            15.1615        15.0000          14.0000          2.0000                    46.0000                  10290.4000
eye-movements             6                       3          0            NaN                     NaN                    NaN           NaN                NaN            NaN              NaN             NaN                        NaN                         NaN
    eye-state             2                       1          5         0.6322                  0.6073                 0.5511        0.0102             0.0641         6.0000           1.0000          6.0000                     1.0000                      0.0000
    eye-state             3                       1          5         0.6748                  0.6637                 0.5511        0.0109             6.8262        34.8000           7.0000          6.0000                     1.0000                    270.8000
    eye-state             4                       1          5         0.7248                  0.7105                 0.5511        0.0076           220.4427       150.0000          35.8000          6.0000                     1.0000                  21671.4000
    eye-state             5                       3          0            NaN                     NaN                    NaN           NaN                NaN            NaN              NaN             NaN                        NaN                         NaN
    eye-state             6                       2          5         0.7197                  0.7085                 0.5511        0.0068           180.4176        60.0000          37.6000          3.0000                    61.4000                  88951.6000
[2026-02-16T21:45:10-05:00] === Depth vs Accuracy (Exact) ===
[2026-02-16T21:45:10-05:00] Dataset: electricity
[2026-02-16T21:45:10-05:00] Depth 2: ours=0.7573 (75.73%), bal_acc=0.7330 (73.30%), trivial_acc=0.5754 (57.54%), mean_leaves=2.00, paper=0.8490 (84.90%), delta=-0.0917 (-9.17 pp)
[2026-02-16T21:45:10-05:00] Depth 3: ours=0.7771 (77.71%), bal_acc=0.7600 (76.00%), trivial_acc=0.5754 (57.54%), mean_leaves=32.00, paper=0.8260 (82.60%), delta=-0.0489 (-4.89 pp)
[2026-02-16T21:45:10-05:00] Depth 4: ours=0.7818 (78.18%), bal_acc=0.7680 (76.80%), trivial_acc=0.5754 (57.54%), mean_leaves=105.20, paper=0.8660 (86.60%), delta=-0.0842 (-8.42 pp)
[2026-02-16T21:45:10-05:00] Depth 5: ours=0.7710 (77.10%), bal_acc=0.7524 (75.24%), trivial_acc=0.5754 (57.54%), mean_leaves=115.40, paper=0.8820 (88.20%), delta=-0.1110 (-11.10 pp)
[2026-02-16T21:45:10-05:00] Depth 6: ours=0.7653 (76.53%), bal_acc=0.7434 (74.34%), trivial_acc=0.5754 (57.54%), mean_leaves=5.60, paper=0.8880 (88.80%), delta=-0.1227 (-12.27 pp)
[2026-02-16T21:45:10-05:00] Dataset: eye-movements
[2026-02-16T21:45:10-05:00] Depth 2: ours=0.5472 (54.72%), bal_acc=0.5472 (54.72%), trivial_acc=0.5000 (50.00%), mean_leaves=2.00, paper=0.6010 (60.10%), delta=-0.0538 (-5.38 pp)
[2026-02-16T21:45:10-05:00] Depth 3: ours=0.5472 (54.72%), bal_acc=0.5472 (54.72%), trivial_acc=0.5000 (50.00%), mean_leaves=5.00, paper=0.6360 (63.60%), delta=-0.0888 (-8.88 pp)
[2026-02-16T21:45:10-05:00] Depth 4: ours=0.5683 (56.83%), bal_acc=0.5683 (56.83%), trivial_acc=0.5000 (50.00%), mean_leaves=13.20, paper=0.6620 (66.20%), delta=-0.0937 (-9.37 pp)
[2026-02-16T21:45:10-05:00] Depth 5: ours=0.5681 (56.81%), bal_acc=0.5681 (56.81%), trivial_acc=0.5000 (50.00%), mean_leaves=15.00, paper=0.6750 (67.50%), delta=-0.1069 (-10.69 pp)
[2026-02-16T21:45:10-05:00] Depth 6: ours=nan (nan%), bal_acc=nan (nan%), trivial_acc=nan (nan%), mean_leaves=nan, paper=0.6660 (66.60%), delta=+nan (+nan pp)
[2026-02-16T21:45:10-05:00] Dataset: eye-state
[2026-02-16T21:45:10-05:00] Depth 2: ours=0.6322 (63.22%), bal_acc=0.6073 (60.73%), trivial_acc=0.5511 (55.11%), mean_leaves=6.00, paper=0.7590 (75.90%), delta=-0.1268 (-12.68 pp)
[2026-02-16T21:45:10-05:00] Depth 3: ours=0.6748 (67.48%), bal_acc=0.6637 (66.37%), trivial_acc=0.5511 (55.11%), mean_leaves=34.80, paper=0.7630 (76.30%), delta=-0.0882 (-8.82 pp)
[2026-02-16T21:45:10-05:00] Depth 4: ours=0.7248 (72.48%), bal_acc=0.7105 (71.05%), trivial_acc=0.5511 (55.11%), mean_leaves=150.00, paper=0.7930 (79.30%), delta=-0.0682 (-6.82 pp)
[2026-02-16T21:45:10-05:00] Depth 5: ours=nan (nan%), bal_acc=nan (nan%), trivial_acc=nan (nan%), mean_leaves=nan, paper=0.8110 (81.10%), delta=+nan (+nan pp)
[2026-02-16T21:45:10-05:00] Depth 6: ours=0.7197 (71.97%), bal_acc=0.7085 (70.85%), trivial_acc=0.5511 (55.11%), mean_leaves=60.00, paper=0.8170 (81.70%), delta=-0.0973 (-9.73 pp)
[2026-02-16T21:45:10-05:00] Saved run summary CSV: /home/users/yz1075/msdt/results/comparison/compare_20260216_173934/_tmp/runs_cart/compare_20260216_173934_cart/compare_20260216_173934_cart/summary_results.csv
[2026-02-16T21:45:10-05:00] Saved run seed CSV: /home/users/yz1075/msdt/results/comparison/compare_20260216_173934/_tmp/runs_cart/compare_20260216_173934_cart/compare_20260216_173934_cart/seed_results.csv
[2026-02-16T21:45:10-05:00] Saved run plot: /home/users/yz1075/msdt/results/comparison/compare_20260216_173934/_tmp/runs_cart/compare_20260216_173934_cart/compare_20260216_173934_cart/multisplit_cart_dp_accuracy.png
[2026-02-16T21:45:10-05:00] Saved run log: /home/users/yz1075/msdt/results/comparison/compare_20260216_173934/_tmp/runs_cart/compare_20260216_173934_cart/compare_20260216_173934_cart/multisplit_depth_vs_accuracy.log
[2026-02-16T21:45:10-05:00] Saved run manifest: /home/users/yz1075/msdt/results/comparison/compare_20260216_173934/_tmp/runs_cart/compare_20260216_173934_cart/compare_20260216_173934_cart/manifest.json
[2026-02-16T21:45:10-05:00] Saved run paper comparison plot: /home/users/yz1075/msdt/results/comparison/compare_20260216_173934/_tmp/runs_cart/compare_20260216_173934_cart/compare_20260216_173934_cart/multisplit_cart_dp_vs_paper_accuracy.png
[2026-02-16T21:45:10-05:00] Compatibility CSV: /home/users/yz1075/msdt/results/comparison/compare_20260216_173934/_tmp/stable_cart/multisplit_cart_dp_results.csv
[2026-02-16T21:45:10-05:00] Compatibility plot: /home/users/yz1075/msdt/results/comparison/compare_20260216_173934/_tmp/stable_cart/multisplit_cart_dp_accuracy.png
[2026-02-16T21:45:10-05:00] Compatibility log: /home/users/yz1075/msdt/results/comparison/compare_20260216_173934/_tmp/stable_cart/multisplit_depth_vs_accuracy.log
[compare] running: /home/users/yz1075/msdt/.venv/bin/python run_multisplit_experiments_lightgbm.py --run-name compare_20260216_173934_lightgbm --datasets electricity eye-movements eye-state --depth-budgets 2 3 4 5 6 --seeds 0 1 2 3 4 --test-size 0.2 --time-limit 1200.0 --lookahead-cap 3 --max-bins 6 --min-samples-leaf 8 --min-child-size 8 --max-branching 0 --reg 0.01 --branch-penalty 0.002 --parallel-trials 64 --threads-per-trial 1 --optuna-trials 10 --optuna-val-size 0.2 --optuna-seed 0 --optuna-timeout-sec 0.0 --cpu-utilization-target 0.94 --optuna-max-active-studies 0 --results-root results/comparison/compare_20260216_173934/_tmp/runs_lightgbm/compare_20260216_173934_lightgbm --stable-results-dir results/comparison/compare_20260216_173934/_tmp/stable_lightgbm --no-package-artifacts --optuna-enable --tree-artifacts-dir results/comparison/compare_20260216_173934/tree_artifacts/lightgbm_mssplit_all --lgb-device-type gpu --lgb-gpu-platform-id 0 --lgb-gpu-device-id 0 --no-lgb-gpu-fallback
[2026-02-16T21:45:11-05:00] Starting LightGBM multisplit experiment run.
[2026-02-16T21:45:11-05:00] run_name=compare_20260216_173934_lightgbm
[2026-02-16T21:45:11-05:00] run_dir=/home/users/yz1075/msdt/results/comparison/compare_20260216_173934/_tmp/runs_lightgbm/compare_20260216_173934_lightgbm/compare_20260216_173934_lightgbm
[2026-02-16T21:45:11-05:00] parallel settings: parallel_trials=64, threads_per_trial=1, lgb_threads=1, lgb_device=gpu, core_budget=64, effective_core_budget=60, effective_parallel_trials=60, cpu_target=0.94
[2026-02-16T21:45:12-05:00] OpenML cache directory set to /home/users/yz1075/msdt/results/openml_cache
[2026-02-16T21:45:12-05:00] Loading dataset=electricity
[2026-02-16T21:45:12-05:00] dataset=electricity, class_prevalence(max class)=0.5755
[2026-02-16T21:45:12-05:00] Loading dataset=eye-movements
[2026-02-16T21:45:12-05:00] dataset=eye-movements, class_prevalence(max class)=0.5000
[2026-02-16T21:45:12-05:00] Loading dataset=eye-state
[2026-02-16T21:45:12-05:00] dataset=eye-state, class_prevalence(max class)=0.5512
[2026-02-16T21:45:12-05:00] optuna scheduling: studies=15, active_studies=15, jobs_per_study=4, effective_slots=60, effective_core_budget=60/64
[2026-02-17T00:54:52-05:00] optuna best params saved: /home/users/yz1075/msdt/results/comparison/compare_20260216_173934/_tmp/runs_lightgbm/compare_20260216_173934_lightgbm/compare_20260216_173934_lightgbm/optuna/best_params.csv
[2026-02-17T00:54:52-05:00] dataset=electricity, depth=2, lookahead=1, seeds=[0, 1, 2, 3, 4], tuned=True
[2026-02-17T00:54:52-05:00] dataset=electricity, depth=3, lookahead=2, seeds=[0, 1, 2, 3, 4], tuned=True
[2026-02-17T00:54:52-05:00] dataset=electricity, depth=4, lookahead=2, seeds=[0, 1, 2, 3, 4], tuned=True
[2026-02-17T00:54:52-05:00] dataset=electricity, depth=5, lookahead=2, seeds=[0, 1, 2, 3, 4], tuned=True
[2026-02-17T00:54:52-05:00] dataset=electricity, depth=6, lookahead=1, seeds=[0, 1, 2, 3, 4], tuned=True
[2026-02-17T00:54:52-05:00] dataset=eye-movements, depth=2, lookahead=1, seeds=[0, 1, 2, 3, 4], tuned=True
[2026-02-17T00:54:52-05:00] dataset=eye-movements, depth=3, lookahead=1, seeds=[0, 1, 2, 3, 4], tuned=True
[2026-02-17T00:54:52-05:00] dataset=eye-movements, depth=4, lookahead=2, seeds=[0, 1, 2, 3, 4], tuned=True
[2026-02-17T00:54:52-05:00] dataset=eye-movements, depth=5, lookahead=3, seeds=[0, 1, 2, 3, 4], tuned=True
[2026-02-17T00:54:52-05:00] dataset=eye-movements, depth=6, lookahead=1, seeds=[0, 1, 2, 3, 4], tuned=True
[2026-02-17T00:54:52-05:00] dataset=eye-state, depth=2, lookahead=1, seeds=[0, 1, 2, 3, 4], tuned=True
[2026-02-17T00:54:52-05:00] dataset=eye-state, depth=3, lookahead=1, seeds=[0, 1, 2, 3, 4], tuned=True
[2026-02-17T00:54:52-05:00] dataset=eye-state, depth=4, lookahead=1, seeds=[0, 1, 2, 3, 4], tuned=True
[2026-02-17T00:54:52-05:00] dataset=eye-state, depth=5, lookahead=1, seeds=[0, 1, 2, 3, 4], tuned=True
[2026-02-17T00:54:52-05:00] dataset=eye-state, depth=6, lookahead=2, seeds=[0, 1, 2, 3, 4], tuned=True
[2026-02-17T00:54:52-05:00] executing 75 pending trials across 3 dataset(s) with parallel_workers=60, threads_per_trial=1, lgb_threads=1, effective_core_budget=60/64
[2026-02-17T01:04:44-05:00] trial dataset=eye-movements, depth=2, seed=0, status=ok, acc=0.5525624178712221
[2026-02-17T01:04:44-05:00] trial dataset=eye-movements, depth=2, seed=1, status=ok, acc=0.5374507227332457
[2026-02-17T01:04:44-05:00] trial dataset=eye-movements, depth=3, seed=2, status=ok, acc=0.576215505913272
[2026-02-17T01:04:44-05:00] trial dataset=eye-movements, depth=3, seed=4, status=ok, acc=0.5440210249671484
[2026-02-17T01:04:44-05:00] trial dataset=eye-movements, depth=3, seed=1, status=ok, acc=0.5479632063074902
[2026-02-17T01:04:44-05:00] trial dataset=eye-movements, depth=3, seed=0, status=ok, acc=0.5703022339027596
[2026-02-17T01:04:44-05:00] trial dataset=eye-movements, depth=3, seed=3, status=ok, acc=0.5932982917214192
[2026-02-17T01:04:44-05:00] trial dataset=eye-movements, depth=2, seed=3, status=ok, acc=0.5604467805519053
[2026-02-17T01:04:44-05:00] trial dataset=eye-movements, depth=2, seed=4, status=ok, acc=0.5183968462549278
[2026-02-17T01:04:44-05:00] trial dataset=eye-movements, depth=2, seed=2, status=ok, acc=0.5670170827858082
[2026-02-17T01:04:44-05:00] trial dataset=eye-state, depth=2, seed=0, status=ok, acc=0.6358477970627503
[2026-02-17T01:04:44-05:00] trial dataset=eye-state, depth=2, seed=2, status=ok, acc=0.5947930574098799
[2026-02-17T01:04:44-05:00] trial dataset=eye-state, depth=2, seed=1, status=ok, acc=0.595460614152203
[2026-02-17T01:04:44-05:00] trial dataset=eye-state, depth=2, seed=3, status=ok, acc=0.6164886515353805
[2026-02-17T01:04:44-05:00] trial dataset=eye-state, depth=2, seed=4, status=ok, acc=0.6038050734312417
[2026-02-17T01:04:44-05:00] trial dataset=electricity, depth=2, seed=4, status=ok, acc=0.7537239324726912
[2026-02-17T01:04:44-05:00] trial dataset=electricity, depth=2, seed=1, status=ok, acc=0.7543859649122807
[2026-02-17T01:04:44-05:00] trial dataset=electricity, depth=2, seed=0, status=ok, acc=0.7622200154474236
[2026-02-17T01:04:44-05:00] trial dataset=electricity, depth=2, seed=3, status=ok, acc=0.7586891757696127
[2026-02-17T01:04:44-05:00] trial dataset=electricity, depth=2, seed=2, status=ok, acc=0.7567030784508441
[2026-02-17T01:04:44-05:00] trial dataset=eye-state, depth=3, seed=3, status=ok, acc=0.660547396528705
[2026-02-17T01:04:44-05:00] trial dataset=eye-state, depth=3, seed=2, status=ok, acc=0.6735647530040053
[2026-02-17T01:04:44-05:00] trial dataset=eye-state, depth=3, seed=1, status=ok, acc=0.6769025367156208
[2026-02-17T01:04:44-05:00] trial dataset=eye-state, depth=3, seed=4, status=ok, acc=0.6712283044058746
[2026-02-17T01:04:44-05:00] trial dataset=eye-state, depth=3, seed=0, status=ok, acc=0.6829105473965287
[2026-02-17T01:04:44-05:00] trial dataset=electricity, depth=3, seed=2, status=ok, acc=0.7824120048549046
[2026-02-17T01:04:44-05:00] trial dataset=electricity, depth=3, seed=1, status=ok, acc=0.7765640516385303
[2026-02-17T01:04:44-05:00] trial dataset=electricity, depth=3, seed=3, status=ok, acc=0.7879289418514841
[2026-02-17T01:04:44-05:00] trial dataset=electricity, depth=3, seed=0, status=ok, acc=0.7931148626282688
[2026-02-17T01:04:44-05:00] trial dataset=electricity, depth=3, seed=4, status=ok, acc=0.7764537128985987
[2026-02-17T01:04:44-05:00] trial dataset=eye-state, depth=5, seed=1, status=ok, acc=0.7069425901201603
[2026-02-17T01:04:44-05:00] trial dataset=eye-state, depth=5, seed=0, status=ok, acc=0.7299732977303071
[2026-02-17T01:04:45-05:00] trial dataset=eye-state, depth=4, seed=4, status=ok, acc=0.692256341789052
[2026-02-17T01:04:45-05:00] trial dataset=eye-state, depth=5, seed=4, status=ok, acc=0.7182910547396528
[2026-02-17T01:04:45-05:00] trial dataset=eye-state, depth=5, seed=2, status=ok, acc=0.7109479305740988
[2026-02-17T01:04:45-05:00] trial dataset=eye-movements, depth=6, seed=3, status=ok, acc=0.5604467805519053
[2026-02-17T01:04:45-05:00] trial dataset=eye-movements, depth=6, seed=1, status=ok, acc=0.5374507227332457
[2026-02-17T01:04:45-05:00] trial dataset=eye-state, depth=5, seed=3, status=ok, acc=0.7119492656875834
[2026-02-17T01:04:45-05:00] trial dataset=electricity, depth=4, seed=0, status=ok, acc=0.80083857442348
[2026-02-17T01:04:45-05:00] trial dataset=eye-state, depth=4, seed=2, status=ok, acc=0.6932576769025367
[2026-02-17T01:04:45-05:00] trial dataset=eye-state, depth=4, seed=1, status=ok, acc=0.709279038718291
[2026-02-17T01:04:45-05:00] trial dataset=eye-movements, depth=6, seed=2, status=ok, acc=0.5670170827858082
[2026-02-17T01:04:45-05:00] trial dataset=eye-movements, depth=6, seed=4, status=ok, acc=0.5183968462549278
[2026-02-17T01:04:45-05:00] trial dataset=eye-state, depth=4, seed=0, status=ok, acc=0.7112817089452603
[2026-02-17T01:04:45-05:00] trial dataset=eye-state, depth=4, seed=3, status=ok, acc=0.6975967957276369
[2026-02-17T01:04:45-05:00] trial dataset=electricity, depth=4, seed=1, status=ok, acc=0.7901357166501158
[2026-02-17T01:04:45-05:00] trial dataset=eye-movements, depth=6, seed=0, status=ok, acc=0.5525624178712221
[2026-02-17T01:04:45-05:00] trial dataset=electricity, depth=4, seed=3, status=ok, acc=0.7949906212071058
[2026-02-17T01:04:45-05:00] trial dataset=electricity, depth=4, seed=2, status=ok, acc=0.7881496193313472
[2026-02-17T01:04:45-05:00] trial dataset=electricity, depth=4, seed=4, status=ok, acc=0.788480635551142
[2026-02-17T01:04:45-05:00] trial dataset=eye-movements, depth=4, seed=2, status=ok, acc=0.5716162943495401
[2026-02-17T01:04:45-05:00] trial dataset=eye-movements, depth=4, seed=3, status=ok, acc=0.6051248357424441
[2026-02-17T01:04:45-05:00] trial dataset=eye-movements, depth=4, seed=0, status=ok, acc=0.5565045992115637
[2026-02-17T01:04:45-05:00] trial dataset=eye-movements, depth=4, seed=4, status=ok, acc=0.5749014454664915
[2026-02-17T01:04:45-05:00] trial dataset=eye-movements, depth=5, seed=0, status=ok, acc=0.5663600525624178
[2026-02-17T01:04:45-05:00] trial dataset=eye-movements, depth=4, seed=1, status=ok, acc=0.5775295663600526
[2026-02-17T01:04:45-05:00] trial dataset=eye-movements, depth=5, seed=4, status=ok, acc=0.5440210249671484
[2026-02-17T01:04:45-05:00] trial dataset=eye-movements, depth=5, seed=2, status=ok, acc=0.5775295663600526
[2026-02-17T01:04:45-05:00] trial dataset=electricity, depth=6, seed=0, status=ok, acc=0.7891426679907315
[2026-02-17T01:04:45-05:00] trial dataset=eye-movements, depth=5, seed=3, status=ok, acc=0.5886990801576872
[2026-02-17T01:04:45-05:00] trial dataset=eye-movements, depth=5, seed=1, status=ok, acc=0.5479632063074902
[2026-02-17T01:04:45-05:00] trial dataset=electricity, depth=6, seed=3, status=ok, acc=0.7920114752289529
[2026-02-17T01:04:45-05:00] trial dataset=electricity, depth=6, seed=1, status=ok, acc=0.7757916804590091
[2026-02-17T01:04:45-05:00] trial dataset=electricity, depth=6, seed=2, status=ok, acc=0.7868255544521682
[2026-02-17T01:04:45-05:00] trial dataset=electricity, depth=6, seed=4, status=ok, acc=0.7845084409136047
[2026-02-17T01:04:45-05:00] trial dataset=eye-state, depth=6, seed=4, status=ok, acc=0.7212950600801068
[2026-02-17T01:04:45-05:00] trial dataset=eye-state, depth=6, seed=2, status=ok, acc=0.7316421895861148
[2026-02-17T01:04:45-05:00] trial dataset=eye-state, depth=6, seed=1, status=ok, acc=0.7326435246995995
[2026-02-17T01:04:45-05:00] trial dataset=eye-state, depth=6, seed=3, status=ok, acc=0.7443257676902537
[2026-02-17T01:04:45-05:00] trial dataset=eye-state, depth=6, seed=0, status=ok, acc=0.7453271028037384
[2026-02-17T01:04:45-05:00] trial dataset=electricity, depth=5, seed=1, status=ok, acc=0.7896943616903895
[2026-02-17T01:04:45-05:00] trial dataset=electricity, depth=5, seed=0, status=ok, acc=0.7859428445327155
[2026-02-17T01:04:45-05:00] trial dataset=electricity, depth=5, seed=4, status=ok, acc=0.7948802824671742
[2026-02-17T01:04:45-05:00] trial dataset=electricity, depth=5, seed=3, status=ok, acc=0.799514509544301
[2026-02-17T01:04:45-05:00] trial dataset=electricity, depth=5, seed=2, status=ok, acc=0.7901357166501158
[2026-02-17T01:04:45-05:00] === Summary Table ===
      dataset  depth_budget  lookahead_depth_budget  n_success  mean_accuracy  mean_balanced_accuracy  mean_trivial_accuracy  std_accuracy  mean_fit_time_sec  mean_n_leaves  mean_n_internal  mean_max_arity  mean_exact_internal_nodes  mean_greedy_internal_nodes
  electricity             2                       1          5         0.7571                  0.7329                 0.5754        0.0035             0.0471         3.0000           1.0000          3.0000                     1.0000                      0.0000
  electricity             3                       2          5         0.7833                  0.7698                 0.5754        0.0073             5.4719        36.0000           7.0000          6.0000                   144.0000                      0.0000
  electricity             4                       2          5         0.7925                  0.7801                 0.5754        0.0054           112.2718        87.8000          18.8000          6.0000                   151.2000                   6672.6000
  electricity             5                       2          5         0.7920                  0.7798                 0.5754        0.0052           471.9707       160.0000          45.0000          5.0000                   111.0000                  63457.4000
  electricity             6                       1          5         0.7857                  0.7727                 0.5754        0.0062           197.7615        78.2000          48.0000          3.0000                     1.0000                  46635.8000
eye-movements             2                       1          5         0.5472                  0.5472                 0.5000        0.0195             0.0087         2.0000           1.0000          2.0000                     1.0000                      0.0000
eye-movements             3                       1          5         0.5664                  0.5664                 0.5000        0.0205             0.6493         8.2000           3.6000          3.0000                     1.0000                    100.2000
eye-movements             4                       2          5         0.5771                  0.5771                 0.5000        0.0176           139.2824        98.6000          26.4000          5.0000                   283.4000                  33244.0000
eye-movements             5                       3          5         0.5649                  0.5649                 0.5000        0.0190           177.6202         7.0000           3.0000          3.0000                  1314.0000                  12637.6000
eye-movements             6                       1          5         0.5472                  0.5472                 0.5000        0.0195            83.8487         2.0000           1.0000          2.0000                     1.0000                    163.4000
    eye-state             2                       1          5         0.6093                  0.5888                 0.5511        0.0172             0.0208         4.0000           1.0000          4.0000                     1.0000                      0.0000
    eye-state             3                       1          5         0.6730                  0.6594                 0.5511        0.0082             4.3919        33.0000           6.4000          6.0000                     1.0000                    239.4000
    eye-state             4                       1          5         0.7007                  0.6895                 0.5511        0.0090            79.4279       104.2000          26.8000          5.0000                     1.0000                   9143.6000
    eye-state             5                       1          5         0.7156                  0.7062                 0.5511        0.0090            56.6381        69.4000          37.0000          3.0000                     1.0000                  24678.0000
    eye-state             6                       2          5         0.7350                  0.7247                 0.5511        0.0100           266.3852       169.6000          94.4000          3.0000                    71.4000                 301617.0000
[2026-02-17T01:04:45-05:00] === Depth vs Accuracy (Exact) ===
[2026-02-17T01:04:45-05:00] Dataset: electricity
[2026-02-17T01:04:45-05:00] Depth 2: ours=0.7571 (75.71%), bal_acc=0.7329 (73.29%), trivial_acc=0.5754 (57.54%), mean_leaves=3.00, paper=0.8490 (84.90%), delta=-0.0919 (-9.19 pp)
[2026-02-17T01:04:45-05:00] Depth 3: ours=0.7833 (78.33%), bal_acc=0.7698 (76.98%), trivial_acc=0.5754 (57.54%), mean_leaves=36.00, paper=0.8260 (82.60%), delta=-0.0427 (-4.27 pp)
[2026-02-17T01:04:45-05:00] Depth 4: ours=0.7925 (79.25%), bal_acc=0.7801 (78.01%), trivial_acc=0.5754 (57.54%), mean_leaves=87.80, paper=0.8660 (86.60%), delta=-0.0735 (-7.35 pp)
[2026-02-17T01:04:45-05:00] Depth 5: ours=0.7920 (79.20%), bal_acc=0.7798 (77.98%), trivial_acc=0.5754 (57.54%), mean_leaves=160.00, paper=0.8820 (88.20%), delta=-0.0900 (-9.00 pp)
[2026-02-17T01:04:45-05:00] Depth 6: ours=0.7857 (78.57%), bal_acc=0.7727 (77.27%), trivial_acc=0.5754 (57.54%), mean_leaves=78.20, paper=0.8880 (88.80%), delta=-0.1023 (-10.23 pp)
[2026-02-17T01:04:45-05:00] Dataset: eye-movements
[2026-02-17T01:04:45-05:00] Depth 2: ours=0.5472 (54.72%), bal_acc=0.5472 (54.72%), trivial_acc=0.5000 (50.00%), mean_leaves=2.00, paper=0.6010 (60.10%), delta=-0.0538 (-5.38 pp)
[2026-02-17T01:04:45-05:00] Depth 3: ours=0.5664 (56.64%), bal_acc=0.5664 (56.64%), trivial_acc=0.5000 (50.00%), mean_leaves=8.20, paper=0.6360 (63.60%), delta=-0.0696 (-6.96 pp)
[2026-02-17T01:04:45-05:00] Depth 4: ours=0.5771 (57.71%), bal_acc=0.5771 (57.71%), trivial_acc=0.5000 (50.00%), mean_leaves=98.60, paper=0.6620 (66.20%), delta=-0.0849 (-8.49 pp)
[2026-02-17T01:04:45-05:00] Depth 5: ours=0.5649 (56.49%), bal_acc=0.5649 (56.49%), trivial_acc=0.5000 (50.00%), mean_leaves=7.00, paper=0.6750 (67.50%), delta=-0.1101 (-11.01 pp)
[2026-02-17T01:04:45-05:00] Depth 6: ours=0.5472 (54.72%), bal_acc=0.5472 (54.72%), trivial_acc=0.5000 (50.00%), mean_leaves=2.00, paper=0.6660 (66.60%), delta=-0.1188 (-11.88 pp)
[2026-02-17T01:04:45-05:00] Dataset: eye-state
[2026-02-17T01:04:45-05:00] Depth 2: ours=0.6093 (60.93%), bal_acc=0.5888 (58.88%), trivial_acc=0.5511 (55.11%), mean_leaves=4.00, paper=0.7590 (75.90%), delta=-0.1497 (-14.97 pp)
[2026-02-17T01:04:45-05:00] Depth 3: ours=0.6730 (67.30%), bal_acc=0.6594 (65.94%), trivial_acc=0.5511 (55.11%), mean_leaves=33.00, paper=0.7630 (76.30%), delta=-0.0900 (-9.00 pp)
[2026-02-17T01:04:45-05:00] Depth 4: ours=0.7007 (70.07%), bal_acc=0.6895 (68.95%), trivial_acc=0.5511 (55.11%), mean_leaves=104.20, paper=0.7930 (79.30%), delta=-0.0923 (-9.23 pp)
[2026-02-17T01:04:45-05:00] Depth 5: ours=0.7156 (71.56%), bal_acc=0.7062 (70.62%), trivial_acc=0.5511 (55.11%), mean_leaves=69.40, paper=0.8110 (81.10%), delta=-0.0954 (-9.54 pp)
[2026-02-17T01:04:45-05:00] Depth 6: ours=0.7350 (73.50%), bal_acc=0.7247 (72.47%), trivial_acc=0.5511 (55.11%), mean_leaves=169.60, paper=0.8170 (81.70%), delta=-0.0820 (-8.20 pp)
[2026-02-17T01:04:45-05:00] Saved run summary CSV: /home/users/yz1075/msdt/results/comparison/compare_20260216_173934/_tmp/runs_lightgbm/compare_20260216_173934_lightgbm/compare_20260216_173934_lightgbm/summary_results.csv
[2026-02-17T01:04:45-05:00] Saved run seed CSV: /home/users/yz1075/msdt/results/comparison/compare_20260216_173934/_tmp/runs_lightgbm/compare_20260216_173934_lightgbm/compare_20260216_173934_lightgbm/seed_results.csv
[2026-02-17T01:04:45-05:00] Saved run plot: /home/users/yz1075/msdt/results/comparison/compare_20260216_173934/_tmp/runs_lightgbm/compare_20260216_173934_lightgbm/compare_20260216_173934_lightgbm/multisplit_lightgbm_dp_accuracy.png
[2026-02-17T01:04:45-05:00] Saved run log: /home/users/yz1075/msdt/results/comparison/compare_20260216_173934/_tmp/runs_lightgbm/compare_20260216_173934_lightgbm/compare_20260216_173934_lightgbm/multisplit_lightgbm_depth_vs_accuracy.log
[2026-02-17T01:04:45-05:00] Saved run manifest: /home/users/yz1075/msdt/results/comparison/compare_20260216_173934/_tmp/runs_lightgbm/compare_20260216_173934_lightgbm/compare_20260216_173934_lightgbm/manifest.json
[2026-02-17T01:04:45-05:00] Saved run paper comparison plot: /home/users/yz1075/msdt/results/comparison/compare_20260216_173934/_tmp/runs_lightgbm/compare_20260216_173934_lightgbm/compare_20260216_173934_lightgbm/multisplit_lightgbm_dp_vs_paper_accuracy.png
[2026-02-17T01:04:45-05:00] Compatibility CSV: /home/users/yz1075/msdt/results/comparison/compare_20260216_173934/_tmp/stable_lightgbm/multisplit_lightgbm_dp_results.csv
[2026-02-17T01:04:45-05:00] Compatibility plot: /home/users/yz1075/msdt/results/comparison/compare_20260216_173934/_tmp/stable_lightgbm/multisplit_lightgbm_dp_accuracy.png
[2026-02-17T01:04:45-05:00] Compatibility log: /home/users/yz1075/msdt/results/comparison/compare_20260216_173934/_tmp/stable_lightgbm/multisplit_lightgbm_depth_vs_accuracy.log
[compare] XGBoost dataset=electricity
[compare] XGBoost dataset=eye-movements
[compare] XGBoost dataset=eye-state
[compare] XGBoost parallel workers=32, threads_per_trial=2, trials=75
[compare] visualizing xgboost dataset=electricity depth=6 seed=0 source=artifact
[compare] visualizing: /home/users/yz1075/msdt/.venv/bin/python visualize_multisplit_tree.py --dataset electricity --pipeline xgboost --artifact-in results/comparison/compare_20260216_173934/tree_artifacts/xgboost_all/electricity/depth_6/seed_0.json --out results/comparison/compare_20260216_173934/XGBoost_trees/electricity.png --artifact-out results/comparison/compare_20260216_173934/tree_artifacts/xgboost/electricity.json
saved results/comparison/compare_20260216_173934/XGBoost_trees/electricity.png
accuracy 0.8963919232
realized_depth 6
[compare] visualizing cart dataset=electricity depth=4 seed=2 source=artifact
[compare] visualizing: /home/users/yz1075/msdt/.venv/bin/python visualize_multisplit_tree.py --dataset electricity --pipeline cart --artifact-in results/comparison/compare_20260216_173934/tree_artifacts/cart_mssplit_all/electricity/depth_4/seed_2.json --out results/comparison/compare_20260216_173934/cart_mssplit_trees/electricity.png --artifact-out results/comparison/compare_20260216_173934/tree_artifacts/cart_mssplit/electricity.json
saved results/comparison/compare_20260216_173934/cart_mssplit_trees/electricity.png
accuracy 0.7913494428
realized_depth 3
[compare] visualizing lightgbm dataset=electricity depth=4 seed=0 source=artifact
[compare] visualizing: /home/users/yz1075/msdt/.venv/bin/python visualize_multisplit_tree.py --dataset electricity --pipeline lightgbm --artifact-in results/comparison/compare_20260216_173934/tree_artifacts/lightgbm_mssplit_all/electricity/depth_4/seed_0.json --out results/comparison/compare_20260216_173934/lightgbm_mssplit_trees/electricity.png --artifact-out results/comparison/compare_20260216_173934/tree_artifacts/lightgbm_mssplit/electricity.json
saved results/comparison/compare_20260216_173934/lightgbm_mssplit_trees/electricity.png
accuracy 0.8008385744
realized_depth 3
[compare] visualizing xgboost dataset=eye-movements depth=6 seed=4 source=artifact
[compare] visualizing: /home/users/yz1075/msdt/.venv/bin/python visualize_multisplit_tree.py --dataset eye-movements --pipeline xgboost --artifact-in results/comparison/compare_20260216_173934/tree_artifacts/xgboost_all/eye-movements/depth_6/seed_4.json --out results/comparison/compare_20260216_173934/XGBoost_trees/eye-movements.png --artifact-out results/comparison/compare_20260216_173934/tree_artifacts/xgboost/eye-movements.json
saved results/comparison/compare_20260216_173934/XGBoost_trees/eye-movements.png
accuracy 0.6642575558
realized_depth 6
[compare] visualizing cart dataset=eye-movements depth=4 seed=3 source=artifact
[compare] visualizing: /home/users/yz1075/msdt/.venv/bin/python visualize_multisplit_tree.py --dataset eye-movements --pipeline cart --artifact-in results/comparison/compare_20260216_173934/tree_artifacts/cart_mssplit_all/eye-movements/depth_4/seed_3.json --out results/comparison/compare_20260216_173934/cart_mssplit_trees/eye-movements.png --artifact-out results/comparison/compare_20260216_173934/tree_artifacts/cart_mssplit/eye-movements.json
saved results/comparison/compare_20260216_173934/cart_mssplit_trees/eye-movements.png
accuracy 0.6057818660
realized_depth 3
[compare] visualizing lightgbm dataset=eye-movements depth=4 seed=3 source=artifact
[compare] visualizing: /home/users/yz1075/msdt/.venv/bin/python visualize_multisplit_tree.py --dataset eye-movements --pipeline lightgbm --artifact-in results/comparison/compare_20260216_173934/tree_artifacts/lightgbm_mssplit_all/eye-movements/depth_4/seed_3.json --out results/comparison/compare_20260216_173934/lightgbm_mssplit_trees/eye-movements.png --artifact-out results/comparison/compare_20260216_173934/tree_artifacts/lightgbm_mssplit/eye-movements.json
saved results/comparison/compare_20260216_173934/lightgbm_mssplit_trees/eye-movements.png
accuracy 0.6051248357
realized_depth 3
[compare] visualizing xgboost dataset=eye-state depth=6 seed=2 source=artifact
[compare] visualizing: /home/users/yz1075/msdt/.venv/bin/python visualize_multisplit_tree.py --dataset eye-state --pipeline xgboost --artifact-in results/comparison/compare_20260216_173934/tree_artifacts/xgboost_all/eye-state/depth_6/seed_2.json --out results/comparison/compare_20260216_173934/XGBoost_trees/eye-state.png --artifact-out results/comparison/compare_20260216_173934/tree_artifacts/xgboost/eye-state.json
saved results/comparison/compare_20260216_173934/XGBoost_trees/eye-state.png
accuracy 0.9178905207
realized_depth 6
[compare] visualizing cart dataset=eye-state depth=4 seed=2 source=artifact
[compare] visualizing: /home/users/yz1075/msdt/.venv/bin/python visualize_multisplit_tree.py --dataset eye-state --pipeline cart --artifact-in results/comparison/compare_20260216_173934/tree_artifacts/cart_mssplit_all/eye-state/depth_4/seed_2.json --out results/comparison/compare_20260216_173934/cart_mssplit_trees/eye-state.png --artifact-out results/comparison/compare_20260216_173934/tree_artifacts/cart_mssplit/eye-state.json
saved results/comparison/compare_20260216_173934/cart_mssplit_trees/eye-state.png
accuracy 0.7309746328
realized_depth 3
[compare] visualizing lightgbm dataset=eye-state depth=6 seed=0 source=artifact
[compare] visualizing: /home/users/yz1075/msdt/.venv/bin/python visualize_multisplit_tree.py --dataset eye-state --pipeline lightgbm --artifact-in results/comparison/compare_20260216_173934/tree_artifacts/lightgbm_mssplit_all/eye-state/depth_6/seed_0.json --out results/comparison/compare_20260216_173934/lightgbm_mssplit_trees/eye-state.png --artifact-out results/comparison/compare_20260216_173934/tree_artifacts/lightgbm_mssplit/eye-state.json
saved results/comparison/compare_20260216_173934/lightgbm_mssplit_trees/eye-state.png
accuracy 0.7453271028
realized_depth 5
[compare] saved:
- results/comparison/compare_20260216_173934/accuracy_vs_depth_all.csv
- results/comparison/compare_20260216_173934/cart_mssplit_detailed_report.txt
- results/comparison/compare_20260216_173934/lightgbm_mssplit_detailed_report.txt
- results/comparison/compare_20260216_173934/accuracy_vs_depth_all.png
- results/comparison/compare_20260216_173934/XGBoost_trees
- results/comparison/compare_20260216_173934/cart_mssplit_trees
- results/comparison/compare_20260216_173934/lightgbm_mssplit_trees
- results/comparison/compare_20260216_173934/tree_artifacts
- results/comparison/compare_20260216_173934/timing_profile.json
Saved run profile: /home/users/yz1075/msdt/results/comparison/compare_20260216_173934/run_profile.json
Saved time profile: /home/users/yz1075/msdt/results/comparison/compare_20260216_173934/run_profile.time.log
Saved command log: /home/users/yz1075/msdt/results/comparison/compare_20260216_173934/run_profile.cmd.txt
=== Run Profile Summary ===
wall_time=7:03:42
user_time_sec=116176.74
sys_time_sec=2619.14
cpu_utilization=467%
max_rss_kb=223938596
max_rss_gb=213.56
Job ended at Tue Feb 17 01:05:44 AM EST 2026
