[2026-03-12T13:33:54-04:00] Starting LightGBM multisplit experiment run.
[2026-03-12T13:33:54-04:00] run_name=benchmark_teacher_guided_atomcolor_electricity_d4_l3_reg0_20260312
[2026-03-12T13:33:54-04:00] run_dir=/home/users/yz1075/msdt/results/runs_lightgbm/benchmark_teacher_guided_atomcolor_electricity_d4_l3_reg0_20260312
[2026-03-12T13:33:54-04:00] parallel settings: parallel_trials=1, threads_per_trial=6, lgb_threads=6, lgb_ensemble_runs=1, lgb_device=cpu, lgb_max_gpu_jobs=1, core_budget=6, effective_core_budget=6, effective_parallel_trials=1, cpu_target=1.0, cpu_affinity=[], cpu_nice=0
[2026-03-12T13:33:54-04:00] OpenML cache directory set to /home/users/yz1075/msdt/results/openml_cache
[2026-03-12T13:33:54-04:00] Loading dataset=electricity
[2026-03-12T13:33:54-04:00] dataset=electricity, class_prevalence(max class)=0.5755
[2026-03-12T13:33:54-04:00] historical default params: none found (using static defaults)
[2026-03-12T13:33:54-04:00] dataset=electricity, depth=4, lookahead=3, seeds=[0], param_source=static_defaults
[2026-03-12T13:33:54-04:00] [stage] start stage=prepare_eval_data dataset=electricity depth=4 seed=0 eval=test
[2026-03-12T13:33:54-04:00] [stage] done stage=prepare_eval_data elapsed_sec=0.1 dataset=electricity depth=4 seed=0 eval=test
[2026-03-12T13:33:54-04:00] [stage] start stage=lightgbm_binning dataset=electricity depth=4 seed=0 eval=test lookahead=3 n_fit=31717 n_eval=9063 raw_features=14
[2026-03-12T13:33:54-04:00] lightgbm_binner:start rows=31717 features=14 max_bins=255 ensemble_runs=1 device=cpu
[2026-03-12T13:33:54-04:00] lightgbm_binner:fit_run_start run=1/1 device=cpu
[2026-03-12T13:33:59-04:00] lightgbm_binner:fit_run_done run=1/1 device=cpu best_iteration=504
[2026-03-12T13:34:01-04:00] lightgbm_binner:thresholds_ready mean_bins=112.64 max_bins_used=255
[2026-03-12T13:34:04-04:00] lightgbm_binner:done
[2026-03-12T13:34:04-04:00] [stage] done stage=lightgbm_binning elapsed_sec=9.2 dataset=electricity depth=4 seed=0 eval=test lookahead=3 n_fit=31717 n_eval=9063 raw_features=14
[2026-03-12T13:34:04-04:00] [stage] summary stage=lightgbm_binning binner_features=14 mean_bins=112.64 median_bins=25.00 max_bins_used=255
[2026-03-12T13:34:04-04:00] [stage] start stage=bin_transform dataset=electricity depth=4 seed=0 eval=test lookahead=3 n_fit=31717 n_eval=9063 raw_features=14 binner_features=14 mean_bins=112.64 median_bins=25.00 max_bins_used=255
[2026-03-12T13:34:04-04:00] [stage] done stage=bin_transform elapsed_sec=0.0 dataset=electricity depth=4 seed=0 eval=test lookahead=3 n_fit=31717 n_eval=9063 raw_features=14 binner_features=14 mean_bins=112.64 median_bins=25.00 max_bins_used=255
[2026-03-12T13:34:04-04:00] [stage] summary stage=bin_transform Z_fit_base_shape=(31717, 14) Z_eval_base_shape=(9063, 14)
[2026-03-12T13:34:04-04:00] [stage] start stage=teacher_feature_augmentation dataset=electricity depth=4 seed=0 eval=test lookahead=3 n_fit=31717 n_eval=9063 raw_features=14 base_binned_features=14
[2026-03-12T13:34:04-04:00] [stage] done stage=teacher_feature_augmentation elapsed_sec=0.0 dataset=electricity depth=4 seed=0 eval=test lookahead=3 n_fit=31717 n_eval=9063 raw_features=14 base_binned_features=14
[2026-03-12T13:34:04-04:00] [stage] summary stage=teacher_feature_augmentation pair_templates=0 pair_shapes=0 teacher_microtrees=0 teacher_triplets=0 teacher_score_band=no Z_fit_shape=(31717, 14) Z_eval_shape=(9063, 14)
[2026-03-12T13:34:04-04:00] [stage] note stage=msplit_fit native_solver_has_no_live_node_callback=true current_node_depth_visibility=unavailable
[2026-03-12T13:34:04-04:00] [stage] start stage=msplit_fit dataset=electricity depth=4 seed=0 eval=test lookahead=3 n_fit=31717 n_eval=9063 raw_features=14 solver=msplit msplit_variant=rush_dp z_cols=14 backend=cpp
[2026-03-12T13:34:34-04:00] [stage] heartbeat stage=msplit_fit elapsed_sec=30.0 dataset=electricity depth=4 seed=0 eval=test lookahead=3 n_fit=31717 n_eval=9063 raw_features=14 solver=msplit msplit_variant=rush_dp z_cols=14 backend=cpp
[2026-03-12T13:35:04-04:00] [stage] heartbeat stage=msplit_fit elapsed_sec=60.0 dataset=electricity depth=4 seed=0 eval=test lookahead=3 n_fit=31717 n_eval=9063 raw_features=14 solver=msplit msplit_variant=rush_dp z_cols=14 backend=cpp
[2026-03-12T13:35:34-04:00] [stage] heartbeat stage=msplit_fit elapsed_sec=90.0 dataset=electricity depth=4 seed=0 eval=test lookahead=3 n_fit=31717 n_eval=9063 raw_features=14 solver=msplit msplit_variant=rush_dp z_cols=14 backend=cpp
[2026-03-12T13:36:04-04:00] [stage] heartbeat stage=msplit_fit elapsed_sec=120.0 dataset=electricity depth=4 seed=0 eval=test lookahead=3 n_fit=31717 n_eval=9063 raw_features=14 solver=msplit msplit_variant=rush_dp z_cols=14 backend=cpp
[2026-03-12T13:36:34-04:00] [stage] heartbeat stage=msplit_fit elapsed_sec=150.0 dataset=electricity depth=4 seed=0 eval=test lookahead=3 n_fit=31717 n_eval=9063 raw_features=14 solver=msplit msplit_variant=rush_dp z_cols=14 backend=cpp
[2026-03-12T13:37:04-04:00] [stage] heartbeat stage=msplit_fit elapsed_sec=180.0 dataset=electricity depth=4 seed=0 eval=test lookahead=3 n_fit=31717 n_eval=9063 raw_features=14 solver=msplit msplit_variant=rush_dp z_cols=14 backend=cpp
[2026-03-12T13:37:34-04:00] [stage] heartbeat stage=msplit_fit elapsed_sec=210.0 dataset=electricity depth=4 seed=0 eval=test lookahead=3 n_fit=31717 n_eval=9063 raw_features=14 solver=msplit msplit_variant=rush_dp z_cols=14 backend=cpp
[2026-03-12T13:38:04-04:00] [stage] heartbeat stage=msplit_fit elapsed_sec=240.0 dataset=electricity depth=4 seed=0 eval=test lookahead=3 n_fit=31717 n_eval=9063 raw_features=14 solver=msplit msplit_variant=rush_dp z_cols=14 backend=cpp
[2026-03-12T13:38:34-04:00] [stage] heartbeat stage=msplit_fit elapsed_sec=270.0 dataset=electricity depth=4 seed=0 eval=test lookahead=3 n_fit=31717 n_eval=9063 raw_features=14 solver=msplit msplit_variant=rush_dp z_cols=14 backend=cpp
[2026-03-12T13:39:04-04:00] [stage] heartbeat stage=msplit_fit elapsed_sec=300.0 dataset=electricity depth=4 seed=0 eval=test lookahead=3 n_fit=31717 n_eval=9063 raw_features=14 solver=msplit msplit_variant=rush_dp z_cols=14 backend=cpp
[2026-03-12T13:39:34-04:00] [stage] heartbeat stage=msplit_fit elapsed_sec=330.0 dataset=electricity depth=4 seed=0 eval=test lookahead=3 n_fit=31717 n_eval=9063 raw_features=14 solver=msplit msplit_variant=rush_dp z_cols=14 backend=cpp
[2026-03-12T13:40:04-04:00] [stage] heartbeat stage=msplit_fit elapsed_sec=360.0 dataset=electricity depth=4 seed=0 eval=test lookahead=3 n_fit=31717 n_eval=9063 raw_features=14 solver=msplit msplit_variant=rush_dp z_cols=14 backend=cpp
[2026-03-12T13:40:34-04:00] [stage] heartbeat stage=msplit_fit elapsed_sec=390.0 dataset=electricity depth=4 seed=0 eval=test lookahead=3 n_fit=31717 n_eval=9063 raw_features=14 solver=msplit msplit_variant=rush_dp z_cols=14 backend=cpp
[2026-03-12T13:41:04-04:00] [stage] heartbeat stage=msplit_fit elapsed_sec=420.0 dataset=electricity depth=4 seed=0 eval=test lookahead=3 n_fit=31717 n_eval=9063 raw_features=14 solver=msplit msplit_variant=rush_dp z_cols=14 backend=cpp
[2026-03-12T13:41:34-04:00] [stage] heartbeat stage=msplit_fit elapsed_sec=450.0 dataset=electricity depth=4 seed=0 eval=test lookahead=3 n_fit=31717 n_eval=9063 raw_features=14 solver=msplit msplit_variant=rush_dp z_cols=14 backend=cpp
[2026-03-12T13:42:04-04:00] [stage] heartbeat stage=msplit_fit elapsed_sec=480.0 dataset=electricity depth=4 seed=0 eval=test lookahead=3 n_fit=31717 n_eval=9063 raw_features=14 solver=msplit msplit_variant=rush_dp z_cols=14 backend=cpp
[2026-03-12T13:42:34-04:00] [stage] heartbeat stage=msplit_fit elapsed_sec=510.0 dataset=electricity depth=4 seed=0 eval=test lookahead=3 n_fit=31717 n_eval=9063 raw_features=14 solver=msplit msplit_variant=rush_dp z_cols=14 backend=cpp
[2026-03-12T13:43:04-04:00] [stage] heartbeat stage=msplit_fit elapsed_sec=540.0 dataset=electricity depth=4 seed=0 eval=test lookahead=3 n_fit=31717 n_eval=9063 raw_features=14 solver=msplit msplit_variant=rush_dp z_cols=14 backend=cpp
[2026-03-12T13:43:34-04:00] [stage] heartbeat stage=msplit_fit elapsed_sec=570.0 dataset=electricity depth=4 seed=0 eval=test lookahead=3 n_fit=31717 n_eval=9063 raw_features=14 solver=msplit msplit_variant=rush_dp z_cols=14 backend=cpp
[2026-03-12T13:44:04-04:00] [stage] heartbeat stage=msplit_fit elapsed_sec=600.0 dataset=electricity depth=4 seed=0 eval=test lookahead=3 n_fit=31717 n_eval=9063 raw_features=14 solver=msplit msplit_variant=rush_dp z_cols=14 backend=cpp
[2026-03-12T13:44:34-04:00] [stage] heartbeat stage=msplit_fit elapsed_sec=630.0 dataset=electricity depth=4 seed=0 eval=test lookahead=3 n_fit=31717 n_eval=9063 raw_features=14 solver=msplit msplit_variant=rush_dp z_cols=14 backend=cpp
[2026-03-12T13:45:04-04:00] [stage] heartbeat stage=msplit_fit elapsed_sec=660.0 dataset=electricity depth=4 seed=0 eval=test lookahead=3 n_fit=31717 n_eval=9063 raw_features=14 solver=msplit msplit_variant=rush_dp z_cols=14 backend=cpp
[2026-03-12T13:45:34-04:00] [stage] heartbeat stage=msplit_fit elapsed_sec=690.0 dataset=electricity depth=4 seed=0 eval=test lookahead=3 n_fit=31717 n_eval=9063 raw_features=14 solver=msplit msplit_variant=rush_dp z_cols=14 backend=cpp
[2026-03-12T13:46:04-04:00] [stage] heartbeat stage=msplit_fit elapsed_sec=720.0 dataset=electricity depth=4 seed=0 eval=test lookahead=3 n_fit=31717 n_eval=9063 raw_features=14 solver=msplit msplit_variant=rush_dp z_cols=14 backend=cpp
[2026-03-12T13:46:34-04:00] [stage] heartbeat stage=msplit_fit elapsed_sec=750.0 dataset=electricity depth=4 seed=0 eval=test lookahead=3 n_fit=31717 n_eval=9063 raw_features=14 solver=msplit msplit_variant=rush_dp z_cols=14 backend=cpp
[2026-03-12T13:47:04-04:00] [stage] heartbeat stage=msplit_fit elapsed_sec=780.0 dataset=electricity depth=4 seed=0 eval=test lookahead=3 n_fit=31717 n_eval=9063 raw_features=14 solver=msplit msplit_variant=rush_dp z_cols=14 backend=cpp
[2026-03-12T13:47:34-04:00] [stage] heartbeat stage=msplit_fit elapsed_sec=810.0 dataset=electricity depth=4 seed=0 eval=test lookahead=3 n_fit=31717 n_eval=9063 raw_features=14 solver=msplit msplit_variant=rush_dp z_cols=14 backend=cpp
[2026-03-12T13:48:04-04:00] [stage] heartbeat stage=msplit_fit elapsed_sec=840.0 dataset=electricity depth=4 seed=0 eval=test lookahead=3 n_fit=31717 n_eval=9063 raw_features=14 solver=msplit msplit_variant=rush_dp z_cols=14 backend=cpp
[2026-03-12T13:48:34-04:00] [stage] heartbeat stage=msplit_fit elapsed_sec=870.0 dataset=electricity depth=4 seed=0 eval=test lookahead=3 n_fit=31717 n_eval=9063 raw_features=14 solver=msplit msplit_variant=rush_dp z_cols=14 backend=cpp
[2026-03-12T13:49:04-04:00] [stage] heartbeat stage=msplit_fit elapsed_sec=900.0 dataset=electricity depth=4 seed=0 eval=test lookahead=3 n_fit=31717 n_eval=9063 raw_features=14 solver=msplit msplit_variant=rush_dp z_cols=14 backend=cpp
[2026-03-12T13:49:34-04:00] [stage] heartbeat stage=msplit_fit elapsed_sec=930.0 dataset=electricity depth=4 seed=0 eval=test lookahead=3 n_fit=31717 n_eval=9063 raw_features=14 solver=msplit msplit_variant=rush_dp z_cols=14 backend=cpp
[2026-03-12T13:50:04-04:00] [stage] heartbeat stage=msplit_fit elapsed_sec=960.1 dataset=electricity depth=4 seed=0 eval=test lookahead=3 n_fit=31717 n_eval=9063 raw_features=14 solver=msplit msplit_variant=rush_dp z_cols=14 backend=cpp
[2026-03-12T13:50:34-04:00] [stage] heartbeat stage=msplit_fit elapsed_sec=990.1 dataset=electricity depth=4 seed=0 eval=test lookahead=3 n_fit=31717 n_eval=9063 raw_features=14 solver=msplit msplit_variant=rush_dp z_cols=14 backend=cpp
[2026-03-12T13:51:04-04:00] [stage] heartbeat stage=msplit_fit elapsed_sec=1020.1 dataset=electricity depth=4 seed=0 eval=test lookahead=3 n_fit=31717 n_eval=9063 raw_features=14 solver=msplit msplit_variant=rush_dp z_cols=14 backend=cpp
[2026-03-12T13:51:34-04:00] [stage] heartbeat stage=msplit_fit elapsed_sec=1050.1 dataset=electricity depth=4 seed=0 eval=test lookahead=3 n_fit=31717 n_eval=9063 raw_features=14 solver=msplit msplit_variant=rush_dp z_cols=14 backend=cpp
[2026-03-12T13:52:04-04:00] [stage] heartbeat stage=msplit_fit elapsed_sec=1080.1 dataset=electricity depth=4 seed=0 eval=test lookahead=3 n_fit=31717 n_eval=9063 raw_features=14 solver=msplit msplit_variant=rush_dp z_cols=14 backend=cpp
[2026-03-12T13:52:34-04:00] [stage] heartbeat stage=msplit_fit elapsed_sec=1110.1 dataset=electricity depth=4 seed=0 eval=test lookahead=3 n_fit=31717 n_eval=9063 raw_features=14 solver=msplit msplit_variant=rush_dp z_cols=14 backend=cpp
[2026-03-12T13:53:04-04:00] [stage] heartbeat stage=msplit_fit elapsed_sec=1140.1 dataset=electricity depth=4 seed=0 eval=test lookahead=3 n_fit=31717 n_eval=9063 raw_features=14 solver=msplit msplit_variant=rush_dp z_cols=14 backend=cpp
[2026-03-12T13:53:34-04:00] [stage] heartbeat stage=msplit_fit elapsed_sec=1170.1 dataset=electricity depth=4 seed=0 eval=test lookahead=3 n_fit=31717 n_eval=9063 raw_features=14 solver=msplit msplit_variant=rush_dp z_cols=14 backend=cpp
[2026-03-12T13:54:04-04:00] [stage] heartbeat stage=msplit_fit elapsed_sec=1200.1 dataset=electricity depth=4 seed=0 eval=test lookahead=3 n_fit=31717 n_eval=9063 raw_features=14 solver=msplit msplit_variant=rush_dp z_cols=14 backend=cpp
[2026-03-12T13:54:34-04:00] [stage] heartbeat stage=msplit_fit elapsed_sec=1230.1 dataset=electricity depth=4 seed=0 eval=test lookahead=3 n_fit=31717 n_eval=9063 raw_features=14 solver=msplit msplit_variant=rush_dp z_cols=14 backend=cpp
[2026-03-12T13:55:04-04:00] [stage] heartbeat stage=msplit_fit elapsed_sec=1260.1 dataset=electricity depth=4 seed=0 eval=test lookahead=3 n_fit=31717 n_eval=9063 raw_features=14 solver=msplit msplit_variant=rush_dp z_cols=14 backend=cpp
[2026-03-12T13:55:34-04:00] [stage] heartbeat stage=msplit_fit elapsed_sec=1290.1 dataset=electricity depth=4 seed=0 eval=test lookahead=3 n_fit=31717 n_eval=9063 raw_features=14 solver=msplit msplit_variant=rush_dp z_cols=14 backend=cpp
[2026-03-12T13:56:04-04:00] [stage] heartbeat stage=msplit_fit elapsed_sec=1320.1 dataset=electricity depth=4 seed=0 eval=test lookahead=3 n_fit=31717 n_eval=9063 raw_features=14 solver=msplit msplit_variant=rush_dp z_cols=14 backend=cpp
[2026-03-12T13:56:34-04:00] [stage] heartbeat stage=msplit_fit elapsed_sec=1350.1 dataset=electricity depth=4 seed=0 eval=test lookahead=3 n_fit=31717 n_eval=9063 raw_features=14 solver=msplit msplit_variant=rush_dp z_cols=14 backend=cpp
[2026-03-12T13:57:04-04:00] [stage] heartbeat stage=msplit_fit elapsed_sec=1380.1 dataset=electricity depth=4 seed=0 eval=test lookahead=3 n_fit=31717 n_eval=9063 raw_features=14 solver=msplit msplit_variant=rush_dp z_cols=14 backend=cpp
[2026-03-12T13:57:34-04:00] [stage] heartbeat stage=msplit_fit elapsed_sec=1410.1 dataset=electricity depth=4 seed=0 eval=test lookahead=3 n_fit=31717 n_eval=9063 raw_features=14 solver=msplit msplit_variant=rush_dp z_cols=14 backend=cpp
[2026-03-12T13:58:04-04:00] [stage] heartbeat stage=msplit_fit elapsed_sec=1440.1 dataset=electricity depth=4 seed=0 eval=test lookahead=3 n_fit=31717 n_eval=9063 raw_features=14 solver=msplit msplit_variant=rush_dp z_cols=14 backend=cpp
[2026-03-12T13:58:34-04:00] [stage] heartbeat stage=msplit_fit elapsed_sec=1470.1 dataset=electricity depth=4 seed=0 eval=test lookahead=3 n_fit=31717 n_eval=9063 raw_features=14 solver=msplit msplit_variant=rush_dp z_cols=14 backend=cpp
[2026-03-12T13:59:04-04:00] [stage] heartbeat stage=msplit_fit elapsed_sec=1500.1 dataset=electricity depth=4 seed=0 eval=test lookahead=3 n_fit=31717 n_eval=9063 raw_features=14 solver=msplit msplit_variant=rush_dp z_cols=14 backend=cpp
[2026-03-12T13:59:34-04:00] [stage] heartbeat stage=msplit_fit elapsed_sec=1530.1 dataset=electricity depth=4 seed=0 eval=test lookahead=3 n_fit=31717 n_eval=9063 raw_features=14 solver=msplit msplit_variant=rush_dp z_cols=14 backend=cpp
[2026-03-12T14:00:04-04:00] [stage] heartbeat stage=msplit_fit elapsed_sec=1560.1 dataset=electricity depth=4 seed=0 eval=test lookahead=3 n_fit=31717 n_eval=9063 raw_features=14 solver=msplit msplit_variant=rush_dp z_cols=14 backend=cpp
[2026-03-12T14:00:34-04:00] [stage] heartbeat stage=msplit_fit elapsed_sec=1590.1 dataset=electricity depth=4 seed=0 eval=test lookahead=3 n_fit=31717 n_eval=9063 raw_features=14 solver=msplit msplit_variant=rush_dp z_cols=14 backend=cpp
[2026-03-12T14:01:04-04:00] [stage] heartbeat stage=msplit_fit elapsed_sec=1620.1 dataset=electricity depth=4 seed=0 eval=test lookahead=3 n_fit=31717 n_eval=9063 raw_features=14 solver=msplit msplit_variant=rush_dp z_cols=14 backend=cpp
[2026-03-12T14:01:34-04:00] [stage] heartbeat stage=msplit_fit elapsed_sec=1650.1 dataset=electricity depth=4 seed=0 eval=test lookahead=3 n_fit=31717 n_eval=9063 raw_features=14 solver=msplit msplit_variant=rush_dp z_cols=14 backend=cpp
[2026-03-12T14:02:04-04:00] [stage] heartbeat stage=msplit_fit elapsed_sec=1680.1 dataset=electricity depth=4 seed=0 eval=test lookahead=3 n_fit=31717 n_eval=9063 raw_features=14 solver=msplit msplit_variant=rush_dp z_cols=14 backend=cpp
[2026-03-12T14:02:34-04:00] [stage] heartbeat stage=msplit_fit elapsed_sec=1710.1 dataset=electricity depth=4 seed=0 eval=test lookahead=3 n_fit=31717 n_eval=9063 raw_features=14 solver=msplit msplit_variant=rush_dp z_cols=14 backend=cpp
[2026-03-12T14:03:04-04:00] [stage] heartbeat stage=msplit_fit elapsed_sec=1740.1 dataset=electricity depth=4 seed=0 eval=test lookahead=3 n_fit=31717 n_eval=9063 raw_features=14 solver=msplit msplit_variant=rush_dp z_cols=14 backend=cpp
[2026-03-12T14:03:34-04:00] [stage] heartbeat stage=msplit_fit elapsed_sec=1770.1 dataset=electricity depth=4 seed=0 eval=test lookahead=3 n_fit=31717 n_eval=9063 raw_features=14 solver=msplit msplit_variant=rush_dp z_cols=14 backend=cpp
[2026-03-12T14:04:04-04:00] [stage] heartbeat stage=msplit_fit elapsed_sec=1800.1 dataset=electricity depth=4 seed=0 eval=test lookahead=3 n_fit=31717 n_eval=9063 raw_features=14 solver=msplit msplit_variant=rush_dp z_cols=14 backend=cpp
[2026-03-12T14:04:34-04:00] [stage] heartbeat stage=msplit_fit elapsed_sec=1830.1 dataset=electricity depth=4 seed=0 eval=test lookahead=3 n_fit=31717 n_eval=9063 raw_features=14 solver=msplit msplit_variant=rush_dp z_cols=14 backend=cpp
[2026-03-12T14:05:04-04:00] [stage] heartbeat stage=msplit_fit elapsed_sec=1860.1 dataset=electricity depth=4 seed=0 eval=test lookahead=3 n_fit=31717 n_eval=9063 raw_features=14 solver=msplit msplit_variant=rush_dp z_cols=14 backend=cpp
[2026-03-12T14:05:34-04:00] [stage] heartbeat stage=msplit_fit elapsed_sec=1890.1 dataset=electricity depth=4 seed=0 eval=test lookahead=3 n_fit=31717 n_eval=9063 raw_features=14 solver=msplit msplit_variant=rush_dp z_cols=14 backend=cpp
[2026-03-12T14:06:04-04:00] [stage] heartbeat stage=msplit_fit elapsed_sec=1920.1 dataset=electricity depth=4 seed=0 eval=test lookahead=3 n_fit=31717 n_eval=9063 raw_features=14 solver=msplit msplit_variant=rush_dp z_cols=14 backend=cpp
[2026-03-12T14:06:34-04:00] [stage] heartbeat stage=msplit_fit elapsed_sec=1950.1 dataset=electricity depth=4 seed=0 eval=test lookahead=3 n_fit=31717 n_eval=9063 raw_features=14 solver=msplit msplit_variant=rush_dp z_cols=14 backend=cpp
[2026-03-12T14:07:04-04:00] [stage] heartbeat stage=msplit_fit elapsed_sec=1980.1 dataset=electricity depth=4 seed=0 eval=test lookahead=3 n_fit=31717 n_eval=9063 raw_features=14 solver=msplit msplit_variant=rush_dp z_cols=14 backend=cpp
[2026-03-12T14:07:34-04:00] [stage] heartbeat stage=msplit_fit elapsed_sec=2010.1 dataset=electricity depth=4 seed=0 eval=test lookahead=3 n_fit=31717 n_eval=9063 raw_features=14 solver=msplit msplit_variant=rush_dp z_cols=14 backend=cpp
[2026-03-12T14:08:04-04:00] [stage] heartbeat stage=msplit_fit elapsed_sec=2040.1 dataset=electricity depth=4 seed=0 eval=test lookahead=3 n_fit=31717 n_eval=9063 raw_features=14 solver=msplit msplit_variant=rush_dp z_cols=14 backend=cpp
[2026-03-12T14:08:34-04:00] [stage] heartbeat stage=msplit_fit elapsed_sec=2070.1 dataset=electricity depth=4 seed=0 eval=test lookahead=3 n_fit=31717 n_eval=9063 raw_features=14 solver=msplit msplit_variant=rush_dp z_cols=14 backend=cpp
[2026-03-12T14:09:04-04:00] [stage] heartbeat stage=msplit_fit elapsed_sec=2100.1 dataset=electricity depth=4 seed=0 eval=test lookahead=3 n_fit=31717 n_eval=9063 raw_features=14 solver=msplit msplit_variant=rush_dp z_cols=14 backend=cpp
[2026-03-12T14:09:34-04:00] [stage] heartbeat stage=msplit_fit elapsed_sec=2130.1 dataset=electricity depth=4 seed=0 eval=test lookahead=3 n_fit=31717 n_eval=9063 raw_features=14 solver=msplit msplit_variant=rush_dp z_cols=14 backend=cpp
[2026-03-12T14:10:04-04:00] [stage] heartbeat stage=msplit_fit elapsed_sec=2160.1 dataset=electricity depth=4 seed=0 eval=test lookahead=3 n_fit=31717 n_eval=9063 raw_features=14 solver=msplit msplit_variant=rush_dp z_cols=14 backend=cpp
[2026-03-12T14:10:34-04:00] [stage] heartbeat stage=msplit_fit elapsed_sec=2190.1 dataset=electricity depth=4 seed=0 eval=test lookahead=3 n_fit=31717 n_eval=9063 raw_features=14 solver=msplit msplit_variant=rush_dp z_cols=14 backend=cpp
[2026-03-12T14:11:04-04:00] [stage] heartbeat stage=msplit_fit elapsed_sec=2220.1 dataset=electricity depth=4 seed=0 eval=test lookahead=3 n_fit=31717 n_eval=9063 raw_features=14 solver=msplit msplit_variant=rush_dp z_cols=14 backend=cpp
[2026-03-12T14:11:34-04:00] [stage] heartbeat stage=msplit_fit elapsed_sec=2250.1 dataset=electricity depth=4 seed=0 eval=test lookahead=3 n_fit=31717 n_eval=9063 raw_features=14 solver=msplit msplit_variant=rush_dp z_cols=14 backend=cpp
[2026-03-12T14:12:04-04:00] [stage] heartbeat stage=msplit_fit elapsed_sec=2280.1 dataset=electricity depth=4 seed=0 eval=test lookahead=3 n_fit=31717 n_eval=9063 raw_features=14 solver=msplit msplit_variant=rush_dp z_cols=14 backend=cpp
[2026-03-12T14:12:34-04:00] [stage] heartbeat stage=msplit_fit elapsed_sec=2310.1 dataset=electricity depth=4 seed=0 eval=test lookahead=3 n_fit=31717 n_eval=9063 raw_features=14 solver=msplit msplit_variant=rush_dp z_cols=14 backend=cpp
[2026-03-12T14:13:04-04:00] [stage] heartbeat stage=msplit_fit elapsed_sec=2340.1 dataset=electricity depth=4 seed=0 eval=test lookahead=3 n_fit=31717 n_eval=9063 raw_features=14 solver=msplit msplit_variant=rush_dp z_cols=14 backend=cpp
[2026-03-12T14:13:34-04:00] [stage] heartbeat stage=msplit_fit elapsed_sec=2370.1 dataset=electricity depth=4 seed=0 eval=test lookahead=3 n_fit=31717 n_eval=9063 raw_features=14 solver=msplit msplit_variant=rush_dp z_cols=14 backend=cpp
[2026-03-12T14:14:04-04:00] [stage] heartbeat stage=msplit_fit elapsed_sec=2400.1 dataset=electricity depth=4 seed=0 eval=test lookahead=3 n_fit=31717 n_eval=9063 raw_features=14 solver=msplit msplit_variant=rush_dp z_cols=14 backend=cpp
[2026-03-12T14:14:34-04:00] [stage] heartbeat stage=msplit_fit elapsed_sec=2430.1 dataset=electricity depth=4 seed=0 eval=test lookahead=3 n_fit=31717 n_eval=9063 raw_features=14 solver=msplit msplit_variant=rush_dp z_cols=14 backend=cpp
[2026-03-12T14:15:04-04:00] [stage] heartbeat stage=msplit_fit elapsed_sec=2460.1 dataset=electricity depth=4 seed=0 eval=test lookahead=3 n_fit=31717 n_eval=9063 raw_features=14 solver=msplit msplit_variant=rush_dp z_cols=14 backend=cpp
[2026-03-12T14:15:34-04:00] [stage] heartbeat stage=msplit_fit elapsed_sec=2490.1 dataset=electricity depth=4 seed=0 eval=test lookahead=3 n_fit=31717 n_eval=9063 raw_features=14 solver=msplit msplit_variant=rush_dp z_cols=14 backend=cpp
[2026-03-12T14:16:04-04:00] [stage] heartbeat stage=msplit_fit elapsed_sec=2520.1 dataset=electricity depth=4 seed=0 eval=test lookahead=3 n_fit=31717 n_eval=9063 raw_features=14 solver=msplit msplit_variant=rush_dp z_cols=14 backend=cpp
[2026-03-12T14:16:34-04:00] [stage] heartbeat stage=msplit_fit elapsed_sec=2550.1 dataset=electricity depth=4 seed=0 eval=test lookahead=3 n_fit=31717 n_eval=9063 raw_features=14 solver=msplit msplit_variant=rush_dp z_cols=14 backend=cpp
[2026-03-12T14:17:04-04:00] [stage] heartbeat stage=msplit_fit elapsed_sec=2580.1 dataset=electricity depth=4 seed=0 eval=test lookahead=3 n_fit=31717 n_eval=9063 raw_features=14 solver=msplit msplit_variant=rush_dp z_cols=14 backend=cpp
[2026-03-12T14:17:34-04:00] [stage] heartbeat stage=msplit_fit elapsed_sec=2610.1 dataset=electricity depth=4 seed=0 eval=test lookahead=3 n_fit=31717 n_eval=9063 raw_features=14 solver=msplit msplit_variant=rush_dp z_cols=14 backend=cpp
[2026-03-12T14:18:04-04:00] [stage] heartbeat stage=msplit_fit elapsed_sec=2640.1 dataset=electricity depth=4 seed=0 eval=test lookahead=3 n_fit=31717 n_eval=9063 raw_features=14 solver=msplit msplit_variant=rush_dp z_cols=14 backend=cpp
[2026-03-12T14:18:34-04:00] [stage] heartbeat stage=msplit_fit elapsed_sec=2670.1 dataset=electricity depth=4 seed=0 eval=test lookahead=3 n_fit=31717 n_eval=9063 raw_features=14 solver=msplit msplit_variant=rush_dp z_cols=14 backend=cpp
[2026-03-12T14:19:04-04:00] [stage] heartbeat stage=msplit_fit elapsed_sec=2700.1 dataset=electricity depth=4 seed=0 eval=test lookahead=3 n_fit=31717 n_eval=9063 raw_features=14 solver=msplit msplit_variant=rush_dp z_cols=14 backend=cpp
[2026-03-12T14:19:34-04:00] [stage] heartbeat stage=msplit_fit elapsed_sec=2730.1 dataset=electricity depth=4 seed=0 eval=test lookahead=3 n_fit=31717 n_eval=9063 raw_features=14 solver=msplit msplit_variant=rush_dp z_cols=14 backend=cpp
[2026-03-12T14:20:04-04:00] [stage] heartbeat stage=msplit_fit elapsed_sec=2760.1 dataset=electricity depth=4 seed=0 eval=test lookahead=3 n_fit=31717 n_eval=9063 raw_features=14 solver=msplit msplit_variant=rush_dp z_cols=14 backend=cpp
[2026-03-12T14:20:34-04:00] [stage] heartbeat stage=msplit_fit elapsed_sec=2790.1 dataset=electricity depth=4 seed=0 eval=test lookahead=3 n_fit=31717 n_eval=9063 raw_features=14 solver=msplit msplit_variant=rush_dp z_cols=14 backend=cpp
[2026-03-12T14:21:04-04:00] [stage] heartbeat stage=msplit_fit elapsed_sec=2820.1 dataset=electricity depth=4 seed=0 eval=test lookahead=3 n_fit=31717 n_eval=9063 raw_features=14 solver=msplit msplit_variant=rush_dp z_cols=14 backend=cpp
[2026-03-12T14:21:34-04:00] [stage] heartbeat stage=msplit_fit elapsed_sec=2850.1 dataset=electricity depth=4 seed=0 eval=test lookahead=3 n_fit=31717 n_eval=9063 raw_features=14 solver=msplit msplit_variant=rush_dp z_cols=14 backend=cpp
[2026-03-12T14:22:04-04:00] [stage] heartbeat stage=msplit_fit elapsed_sec=2880.1 dataset=electricity depth=4 seed=0 eval=test lookahead=3 n_fit=31717 n_eval=9063 raw_features=14 solver=msplit msplit_variant=rush_dp z_cols=14 backend=cpp
[2026-03-12T14:22:34-04:00] [stage] heartbeat stage=msplit_fit elapsed_sec=2910.1 dataset=electricity depth=4 seed=0 eval=test lookahead=3 n_fit=31717 n_eval=9063 raw_features=14 solver=msplit msplit_variant=rush_dp z_cols=14 backend=cpp
[2026-03-12T14:23:04-04:00] [stage] heartbeat stage=msplit_fit elapsed_sec=2940.2 dataset=electricity depth=4 seed=0 eval=test lookahead=3 n_fit=31717 n_eval=9063 raw_features=14 solver=msplit msplit_variant=rush_dp z_cols=14 backend=cpp
[2026-03-12T14:23:34-04:00] [stage] heartbeat stage=msplit_fit elapsed_sec=2970.2 dataset=electricity depth=4 seed=0 eval=test lookahead=3 n_fit=31717 n_eval=9063 raw_features=14 solver=msplit msplit_variant=rush_dp z_cols=14 backend=cpp
[2026-03-12T14:24:04-04:00] [stage] heartbeat stage=msplit_fit elapsed_sec=3000.2 dataset=electricity depth=4 seed=0 eval=test lookahead=3 n_fit=31717 n_eval=9063 raw_features=14 solver=msplit msplit_variant=rush_dp z_cols=14 backend=cpp
[2026-03-12T14:24:34-04:00] [stage] heartbeat stage=msplit_fit elapsed_sec=3030.2 dataset=electricity depth=4 seed=0 eval=test lookahead=3 n_fit=31717 n_eval=9063 raw_features=14 solver=msplit msplit_variant=rush_dp z_cols=14 backend=cpp
[2026-03-12T14:25:04-04:00] [stage] heartbeat stage=msplit_fit elapsed_sec=3060.2 dataset=electricity depth=4 seed=0 eval=test lookahead=3 n_fit=31717 n_eval=9063 raw_features=14 solver=msplit msplit_variant=rush_dp z_cols=14 backend=cpp
[2026-03-12T14:25:34-04:00] [stage] heartbeat stage=msplit_fit elapsed_sec=3090.2 dataset=electricity depth=4 seed=0 eval=test lookahead=3 n_fit=31717 n_eval=9063 raw_features=14 solver=msplit msplit_variant=rush_dp z_cols=14 backend=cpp
[2026-03-12T14:26:04-04:00] [stage] heartbeat stage=msplit_fit elapsed_sec=3120.2 dataset=electricity depth=4 seed=0 eval=test lookahead=3 n_fit=31717 n_eval=9063 raw_features=14 solver=msplit msplit_variant=rush_dp z_cols=14 backend=cpp
[2026-03-12T14:26:34-04:00] [stage] heartbeat stage=msplit_fit elapsed_sec=3150.2 dataset=electricity depth=4 seed=0 eval=test lookahead=3 n_fit=31717 n_eval=9063 raw_features=14 solver=msplit msplit_variant=rush_dp z_cols=14 backend=cpp
[2026-03-12T14:27:04-04:00] [stage] heartbeat stage=msplit_fit elapsed_sec=3180.2 dataset=electricity depth=4 seed=0 eval=test lookahead=3 n_fit=31717 n_eval=9063 raw_features=14 solver=msplit msplit_variant=rush_dp z_cols=14 backend=cpp
[2026-03-12T14:27:34-04:00] [stage] heartbeat stage=msplit_fit elapsed_sec=3210.2 dataset=electricity depth=4 seed=0 eval=test lookahead=3 n_fit=31717 n_eval=9063 raw_features=14 solver=msplit msplit_variant=rush_dp z_cols=14 backend=cpp
[2026-03-12T14:28:04-04:00] [stage] heartbeat stage=msplit_fit elapsed_sec=3240.2 dataset=electricity depth=4 seed=0 eval=test lookahead=3 n_fit=31717 n_eval=9063 raw_features=14 solver=msplit msplit_variant=rush_dp z_cols=14 backend=cpp
[2026-03-12T14:28:34-04:00] [stage] heartbeat stage=msplit_fit elapsed_sec=3270.2 dataset=electricity depth=4 seed=0 eval=test lookahead=3 n_fit=31717 n_eval=9063 raw_features=14 solver=msplit msplit_variant=rush_dp z_cols=14 backend=cpp
[2026-03-12T14:29:04-04:00] [stage] heartbeat stage=msplit_fit elapsed_sec=3300.2 dataset=electricity depth=4 seed=0 eval=test lookahead=3 n_fit=31717 n_eval=9063 raw_features=14 solver=msplit msplit_variant=rush_dp z_cols=14 backend=cpp
[2026-03-12T14:29:34-04:00] [stage] heartbeat stage=msplit_fit elapsed_sec=3330.2 dataset=electricity depth=4 seed=0 eval=test lookahead=3 n_fit=31717 n_eval=9063 raw_features=14 solver=msplit msplit_variant=rush_dp z_cols=14 backend=cpp
[2026-03-12T14:30:04-04:00] [stage] heartbeat stage=msplit_fit elapsed_sec=3360.2 dataset=electricity depth=4 seed=0 eval=test lookahead=3 n_fit=31717 n_eval=9063 raw_features=14 solver=msplit msplit_variant=rush_dp z_cols=14 backend=cpp
[2026-03-12T14:30:34-04:00] [stage] heartbeat stage=msplit_fit elapsed_sec=3390.2 dataset=electricity depth=4 seed=0 eval=test lookahead=3 n_fit=31717 n_eval=9063 raw_features=14 solver=msplit msplit_variant=rush_dp z_cols=14 backend=cpp
[2026-03-12T14:31:04-04:00] [stage] heartbeat stage=msplit_fit elapsed_sec=3420.2 dataset=electricity depth=4 seed=0 eval=test lookahead=3 n_fit=31717 n_eval=9063 raw_features=14 solver=msplit msplit_variant=rush_dp z_cols=14 backend=cpp
[2026-03-12T14:31:34-04:00] [stage] heartbeat stage=msplit_fit elapsed_sec=3450.2 dataset=electricity depth=4 seed=0 eval=test lookahead=3 n_fit=31717 n_eval=9063 raw_features=14 solver=msplit msplit_variant=rush_dp z_cols=14 backend=cpp
[2026-03-12T14:32:04-04:00] [stage] heartbeat stage=msplit_fit elapsed_sec=3480.2 dataset=electricity depth=4 seed=0 eval=test lookahead=3 n_fit=31717 n_eval=9063 raw_features=14 solver=msplit msplit_variant=rush_dp z_cols=14 backend=cpp
[2026-03-12T14:32:34-04:00] [stage] heartbeat stage=msplit_fit elapsed_sec=3510.2 dataset=electricity depth=4 seed=0 eval=test lookahead=3 n_fit=31717 n_eval=9063 raw_features=14 solver=msplit msplit_variant=rush_dp z_cols=14 backend=cpp
[2026-03-12T14:33:04-04:00] [stage] heartbeat stage=msplit_fit elapsed_sec=3540.2 dataset=electricity depth=4 seed=0 eval=test lookahead=3 n_fit=31717 n_eval=9063 raw_features=14 solver=msplit msplit_variant=rush_dp z_cols=14 backend=cpp
[2026-03-12T14:33:34-04:00] [stage] heartbeat stage=msplit_fit elapsed_sec=3570.2 dataset=electricity depth=4 seed=0 eval=test lookahead=3 n_fit=31717 n_eval=9063 raw_features=14 solver=msplit msplit_variant=rush_dp z_cols=14 backend=cpp
[2026-03-12T14:34:04-04:00] [stage] heartbeat stage=msplit_fit elapsed_sec=3600.2 dataset=electricity depth=4 seed=0 eval=test lookahead=3 n_fit=31717 n_eval=9063 raw_features=14 solver=msplit msplit_variant=rush_dp z_cols=14 backend=cpp
[2026-03-12T14:34:34-04:00] [stage] heartbeat stage=msplit_fit elapsed_sec=3630.2 dataset=electricity depth=4 seed=0 eval=test lookahead=3 n_fit=31717 n_eval=9063 raw_features=14 solver=msplit msplit_variant=rush_dp z_cols=14 backend=cpp
[2026-03-12T14:35:04-04:00] [stage] heartbeat stage=msplit_fit elapsed_sec=3660.2 dataset=electricity depth=4 seed=0 eval=test lookahead=3 n_fit=31717 n_eval=9063 raw_features=14 solver=msplit msplit_variant=rush_dp z_cols=14 backend=cpp
[2026-03-12T14:35:34-04:00] [stage] heartbeat stage=msplit_fit elapsed_sec=3690.2 dataset=electricity depth=4 seed=0 eval=test lookahead=3 n_fit=31717 n_eval=9063 raw_features=14 solver=msplit msplit_variant=rush_dp z_cols=14 backend=cpp
[2026-03-12T14:36:04-04:00] [stage] heartbeat stage=msplit_fit elapsed_sec=3720.2 dataset=electricity depth=4 seed=0 eval=test lookahead=3 n_fit=31717 n_eval=9063 raw_features=14 solver=msplit msplit_variant=rush_dp z_cols=14 backend=cpp
[2026-03-12T14:36:34-04:00] [stage] heartbeat stage=msplit_fit elapsed_sec=3750.2 dataset=electricity depth=4 seed=0 eval=test lookahead=3 n_fit=31717 n_eval=9063 raw_features=14 solver=msplit msplit_variant=rush_dp z_cols=14 backend=cpp
[2026-03-12T14:37:04-04:00] [stage] heartbeat stage=msplit_fit elapsed_sec=3780.2 dataset=electricity depth=4 seed=0 eval=test lookahead=3 n_fit=31717 n_eval=9063 raw_features=14 solver=msplit msplit_variant=rush_dp z_cols=14 backend=cpp
[2026-03-12T14:37:34-04:00] [stage] heartbeat stage=msplit_fit elapsed_sec=3810.2 dataset=electricity depth=4 seed=0 eval=test lookahead=3 n_fit=31717 n_eval=9063 raw_features=14 solver=msplit msplit_variant=rush_dp z_cols=14 backend=cpp
[2026-03-12T14:38:04-04:00] [stage] heartbeat stage=msplit_fit elapsed_sec=3840.2 dataset=electricity depth=4 seed=0 eval=test lookahead=3 n_fit=31717 n_eval=9063 raw_features=14 solver=msplit msplit_variant=rush_dp z_cols=14 backend=cpp
[2026-03-12T14:38:34-04:00] [stage] heartbeat stage=msplit_fit elapsed_sec=3870.2 dataset=electricity depth=4 seed=0 eval=test lookahead=3 n_fit=31717 n_eval=9063 raw_features=14 solver=msplit msplit_variant=rush_dp z_cols=14 backend=cpp
[2026-03-12T14:39:04-04:00] [stage] heartbeat stage=msplit_fit elapsed_sec=3900.2 dataset=electricity depth=4 seed=0 eval=test lookahead=3 n_fit=31717 n_eval=9063 raw_features=14 solver=msplit msplit_variant=rush_dp z_cols=14 backend=cpp
[2026-03-12T14:39:34-04:00] [stage] heartbeat stage=msplit_fit elapsed_sec=3930.2 dataset=electricity depth=4 seed=0 eval=test lookahead=3 n_fit=31717 n_eval=9063 raw_features=14 solver=msplit msplit_variant=rush_dp z_cols=14 backend=cpp
[2026-03-12T14:40:04-04:00] [stage] heartbeat stage=msplit_fit elapsed_sec=3960.2 dataset=electricity depth=4 seed=0 eval=test lookahead=3 n_fit=31717 n_eval=9063 raw_features=14 solver=msplit msplit_variant=rush_dp z_cols=14 backend=cpp
[2026-03-12T14:40:34-04:00] [stage] heartbeat stage=msplit_fit elapsed_sec=3990.2 dataset=electricity depth=4 seed=0 eval=test lookahead=3 n_fit=31717 n_eval=9063 raw_features=14 solver=msplit msplit_variant=rush_dp z_cols=14 backend=cpp
[2026-03-12T14:41:04-04:00] [stage] heartbeat stage=msplit_fit elapsed_sec=4020.2 dataset=electricity depth=4 seed=0 eval=test lookahead=3 n_fit=31717 n_eval=9063 raw_features=14 solver=msplit msplit_variant=rush_dp z_cols=14 backend=cpp
[2026-03-12T14:41:34-04:00] [stage] heartbeat stage=msplit_fit elapsed_sec=4050.2 dataset=electricity depth=4 seed=0 eval=test lookahead=3 n_fit=31717 n_eval=9063 raw_features=14 solver=msplit msplit_variant=rush_dp z_cols=14 backend=cpp
[2026-03-12T14:42:04-04:00] [stage] heartbeat stage=msplit_fit elapsed_sec=4080.2 dataset=electricity depth=4 seed=0 eval=test lookahead=3 n_fit=31717 n_eval=9063 raw_features=14 solver=msplit msplit_variant=rush_dp z_cols=14 backend=cpp
[2026-03-12T14:42:34-04:00] [stage] heartbeat stage=msplit_fit elapsed_sec=4110.2 dataset=electricity depth=4 seed=0 eval=test lookahead=3 n_fit=31717 n_eval=9063 raw_features=14 solver=msplit msplit_variant=rush_dp z_cols=14 backend=cpp
[2026-03-12T14:43:04-04:00] [stage] heartbeat stage=msplit_fit elapsed_sec=4140.2 dataset=electricity depth=4 seed=0 eval=test lookahead=3 n_fit=31717 n_eval=9063 raw_features=14 solver=msplit msplit_variant=rush_dp z_cols=14 backend=cpp
[2026-03-12T14:43:34-04:00] [stage] heartbeat stage=msplit_fit elapsed_sec=4170.2 dataset=electricity depth=4 seed=0 eval=test lookahead=3 n_fit=31717 n_eval=9063 raw_features=14 solver=msplit msplit_variant=rush_dp z_cols=14 backend=cpp
[2026-03-12T14:44:04-04:00] [stage] heartbeat stage=msplit_fit elapsed_sec=4200.2 dataset=electricity depth=4 seed=0 eval=test lookahead=3 n_fit=31717 n_eval=9063 raw_features=14 solver=msplit msplit_variant=rush_dp z_cols=14 backend=cpp
[2026-03-12T14:44:34-04:00] [stage] heartbeat stage=msplit_fit elapsed_sec=4230.2 dataset=electricity depth=4 seed=0 eval=test lookahead=3 n_fit=31717 n_eval=9063 raw_features=14 solver=msplit msplit_variant=rush_dp z_cols=14 backend=cpp
[2026-03-12T14:45:04-04:00] [stage] heartbeat stage=msplit_fit elapsed_sec=4260.2 dataset=electricity depth=4 seed=0 eval=test lookahead=3 n_fit=31717 n_eval=9063 raw_features=14 solver=msplit msplit_variant=rush_dp z_cols=14 backend=cpp
[2026-03-12T14:45:34-04:00] [stage] heartbeat stage=msplit_fit elapsed_sec=4290.2 dataset=electricity depth=4 seed=0 eval=test lookahead=3 n_fit=31717 n_eval=9063 raw_features=14 solver=msplit msplit_variant=rush_dp z_cols=14 backend=cpp
[2026-03-12T14:46:04-04:00] [stage] heartbeat stage=msplit_fit elapsed_sec=4320.2 dataset=electricity depth=4 seed=0 eval=test lookahead=3 n_fit=31717 n_eval=9063 raw_features=14 solver=msplit msplit_variant=rush_dp z_cols=14 backend=cpp
[2026-03-12T14:46:34-04:00] [stage] heartbeat stage=msplit_fit elapsed_sec=4350.2 dataset=electricity depth=4 seed=0 eval=test lookahead=3 n_fit=31717 n_eval=9063 raw_features=14 solver=msplit msplit_variant=rush_dp z_cols=14 backend=cpp
[2026-03-12T14:47:04-04:00] [stage] heartbeat stage=msplit_fit elapsed_sec=4380.2 dataset=electricity depth=4 seed=0 eval=test lookahead=3 n_fit=31717 n_eval=9063 raw_features=14 solver=msplit msplit_variant=rush_dp z_cols=14 backend=cpp
[2026-03-12T14:47:34-04:00] [stage] heartbeat stage=msplit_fit elapsed_sec=4410.2 dataset=electricity depth=4 seed=0 eval=test lookahead=3 n_fit=31717 n_eval=9063 raw_features=14 solver=msplit msplit_variant=rush_dp z_cols=14 backend=cpp
[2026-03-12T14:48:04-04:00] [stage] heartbeat stage=msplit_fit elapsed_sec=4440.2 dataset=electricity depth=4 seed=0 eval=test lookahead=3 n_fit=31717 n_eval=9063 raw_features=14 solver=msplit msplit_variant=rush_dp z_cols=14 backend=cpp
[2026-03-12T14:48:34-04:00] [stage] heartbeat stage=msplit_fit elapsed_sec=4470.2 dataset=electricity depth=4 seed=0 eval=test lookahead=3 n_fit=31717 n_eval=9063 raw_features=14 solver=msplit msplit_variant=rush_dp z_cols=14 backend=cpp
[2026-03-12T14:49:04-04:00] [stage] heartbeat stage=msplit_fit elapsed_sec=4500.2 dataset=electricity depth=4 seed=0 eval=test lookahead=3 n_fit=31717 n_eval=9063 raw_features=14 solver=msplit msplit_variant=rush_dp z_cols=14 backend=cpp
[2026-03-12T14:49:34-04:00] [stage] heartbeat stage=msplit_fit elapsed_sec=4530.2 dataset=electricity depth=4 seed=0 eval=test lookahead=3 n_fit=31717 n_eval=9063 raw_features=14 solver=msplit msplit_variant=rush_dp z_cols=14 backend=cpp
[2026-03-12T14:50:04-04:00] [stage] heartbeat stage=msplit_fit elapsed_sec=4560.2 dataset=electricity depth=4 seed=0 eval=test lookahead=3 n_fit=31717 n_eval=9063 raw_features=14 solver=msplit msplit_variant=rush_dp z_cols=14 backend=cpp
[2026-03-12T14:50:34-04:00] [stage] heartbeat stage=msplit_fit elapsed_sec=4590.2 dataset=electricity depth=4 seed=0 eval=test lookahead=3 n_fit=31717 n_eval=9063 raw_features=14 solver=msplit msplit_variant=rush_dp z_cols=14 backend=cpp
[2026-03-12T14:51:04-04:00] [stage] heartbeat stage=msplit_fit elapsed_sec=4620.2 dataset=electricity depth=4 seed=0 eval=test lookahead=3 n_fit=31717 n_eval=9063 raw_features=14 solver=msplit msplit_variant=rush_dp z_cols=14 backend=cpp
[2026-03-12T14:51:34-04:00] [stage] heartbeat stage=msplit_fit elapsed_sec=4650.2 dataset=electricity depth=4 seed=0 eval=test lookahead=3 n_fit=31717 n_eval=9063 raw_features=14 solver=msplit msplit_variant=rush_dp z_cols=14 backend=cpp
[2026-03-12T14:52:04-04:00] [stage] heartbeat stage=msplit_fit elapsed_sec=4680.2 dataset=electricity depth=4 seed=0 eval=test lookahead=3 n_fit=31717 n_eval=9063 raw_features=14 solver=msplit msplit_variant=rush_dp z_cols=14 backend=cpp
[2026-03-12T14:52:34-04:00] [stage] heartbeat stage=msplit_fit elapsed_sec=4710.2 dataset=electricity depth=4 seed=0 eval=test lookahead=3 n_fit=31717 n_eval=9063 raw_features=14 solver=msplit msplit_variant=rush_dp z_cols=14 backend=cpp
[2026-03-12T14:53:04-04:00] [stage] heartbeat stage=msplit_fit elapsed_sec=4740.2 dataset=electricity depth=4 seed=0 eval=test lookahead=3 n_fit=31717 n_eval=9063 raw_features=14 solver=msplit msplit_variant=rush_dp z_cols=14 backend=cpp
[2026-03-12T14:53:34-04:00] [stage] heartbeat stage=msplit_fit elapsed_sec=4770.2 dataset=electricity depth=4 seed=0 eval=test lookahead=3 n_fit=31717 n_eval=9063 raw_features=14 solver=msplit msplit_variant=rush_dp z_cols=14 backend=cpp
[2026-03-12T14:54:04-04:00] [stage] heartbeat stage=msplit_fit elapsed_sec=4800.2 dataset=electricity depth=4 seed=0 eval=test lookahead=3 n_fit=31717 n_eval=9063 raw_features=14 solver=msplit msplit_variant=rush_dp z_cols=14 backend=cpp
[2026-03-12T14:54:34-04:00] [stage] heartbeat stage=msplit_fit elapsed_sec=4830.2 dataset=electricity depth=4 seed=0 eval=test lookahead=3 n_fit=31717 n_eval=9063 raw_features=14 solver=msplit msplit_variant=rush_dp z_cols=14 backend=cpp
[2026-03-12T14:55:04-04:00] [stage] heartbeat stage=msplit_fit elapsed_sec=4860.2 dataset=electricity depth=4 seed=0 eval=test lookahead=3 n_fit=31717 n_eval=9063 raw_features=14 solver=msplit msplit_variant=rush_dp z_cols=14 backend=cpp
[2026-03-12T14:55:34-04:00] [stage] heartbeat stage=msplit_fit elapsed_sec=4890.3 dataset=electricity depth=4 seed=0 eval=test lookahead=3 n_fit=31717 n_eval=9063 raw_features=14 solver=msplit msplit_variant=rush_dp z_cols=14 backend=cpp
[2026-03-12T14:56:04-04:00] [stage] heartbeat stage=msplit_fit elapsed_sec=4920.3 dataset=electricity depth=4 seed=0 eval=test lookahead=3 n_fit=31717 n_eval=9063 raw_features=14 solver=msplit msplit_variant=rush_dp z_cols=14 backend=cpp
[2026-03-12T14:56:34-04:00] [stage] heartbeat stage=msplit_fit elapsed_sec=4950.3 dataset=electricity depth=4 seed=0 eval=test lookahead=3 n_fit=31717 n_eval=9063 raw_features=14 solver=msplit msplit_variant=rush_dp z_cols=14 backend=cpp
[2026-03-12T14:57:04-04:00] [stage] heartbeat stage=msplit_fit elapsed_sec=4980.3 dataset=electricity depth=4 seed=0 eval=test lookahead=3 n_fit=31717 n_eval=9063 raw_features=14 solver=msplit msplit_variant=rush_dp z_cols=14 backend=cpp
[2026-03-12T14:57:34-04:00] [stage] heartbeat stage=msplit_fit elapsed_sec=5010.3 dataset=electricity depth=4 seed=0 eval=test lookahead=3 n_fit=31717 n_eval=9063 raw_features=14 solver=msplit msplit_variant=rush_dp z_cols=14 backend=cpp
[2026-03-12T14:58:04-04:00] [stage] heartbeat stage=msplit_fit elapsed_sec=5040.3 dataset=electricity depth=4 seed=0 eval=test lookahead=3 n_fit=31717 n_eval=9063 raw_features=14 solver=msplit msplit_variant=rush_dp z_cols=14 backend=cpp
[2026-03-12T14:58:34-04:00] [stage] heartbeat stage=msplit_fit elapsed_sec=5070.3 dataset=electricity depth=4 seed=0 eval=test lookahead=3 n_fit=31717 n_eval=9063 raw_features=14 solver=msplit msplit_variant=rush_dp z_cols=14 backend=cpp
[2026-03-12T14:59:04-04:00] [stage] heartbeat stage=msplit_fit elapsed_sec=5100.3 dataset=electricity depth=4 seed=0 eval=test lookahead=3 n_fit=31717 n_eval=9063 raw_features=14 solver=msplit msplit_variant=rush_dp z_cols=14 backend=cpp
[2026-03-12T14:59:34-04:00] [stage] heartbeat stage=msplit_fit elapsed_sec=5130.3 dataset=electricity depth=4 seed=0 eval=test lookahead=3 n_fit=31717 n_eval=9063 raw_features=14 solver=msplit msplit_variant=rush_dp z_cols=14 backend=cpp
[2026-03-12T15:00:04-04:00] [stage] heartbeat stage=msplit_fit elapsed_sec=5160.3 dataset=electricity depth=4 seed=0 eval=test lookahead=3 n_fit=31717 n_eval=9063 raw_features=14 solver=msplit msplit_variant=rush_dp z_cols=14 backend=cpp
[2026-03-12T15:00:34-04:00] [stage] heartbeat stage=msplit_fit elapsed_sec=5190.3 dataset=electricity depth=4 seed=0 eval=test lookahead=3 n_fit=31717 n_eval=9063 raw_features=14 solver=msplit msplit_variant=rush_dp z_cols=14 backend=cpp
[2026-03-12T15:01:04-04:00] [stage] heartbeat stage=msplit_fit elapsed_sec=5220.3 dataset=electricity depth=4 seed=0 eval=test lookahead=3 n_fit=31717 n_eval=9063 raw_features=14 solver=msplit msplit_variant=rush_dp z_cols=14 backend=cpp
[2026-03-12T15:01:34-04:00] [stage] heartbeat stage=msplit_fit elapsed_sec=5250.3 dataset=electricity depth=4 seed=0 eval=test lookahead=3 n_fit=31717 n_eval=9063 raw_features=14 solver=msplit msplit_variant=rush_dp z_cols=14 backend=cpp
[2026-03-12T15:02:04-04:00] [stage] heartbeat stage=msplit_fit elapsed_sec=5280.3 dataset=electricity depth=4 seed=0 eval=test lookahead=3 n_fit=31717 n_eval=9063 raw_features=14 solver=msplit msplit_variant=rush_dp z_cols=14 backend=cpp
[2026-03-12T15:02:34-04:00] [stage] heartbeat stage=msplit_fit elapsed_sec=5310.3 dataset=electricity depth=4 seed=0 eval=test lookahead=3 n_fit=31717 n_eval=9063 raw_features=14 solver=msplit msplit_variant=rush_dp z_cols=14 backend=cpp
[2026-03-12T15:03:04-04:00] [stage] heartbeat stage=msplit_fit elapsed_sec=5340.3 dataset=electricity depth=4 seed=0 eval=test lookahead=3 n_fit=31717 n_eval=9063 raw_features=14 solver=msplit msplit_variant=rush_dp z_cols=14 backend=cpp
[2026-03-12T15:03:34-04:00] [stage] heartbeat stage=msplit_fit elapsed_sec=5370.3 dataset=electricity depth=4 seed=0 eval=test lookahead=3 n_fit=31717 n_eval=9063 raw_features=14 solver=msplit msplit_variant=rush_dp z_cols=14 backend=cpp
[2026-03-12T15:04:04-04:00] [stage] heartbeat stage=msplit_fit elapsed_sec=5400.3 dataset=electricity depth=4 seed=0 eval=test lookahead=3 n_fit=31717 n_eval=9063 raw_features=14 solver=msplit msplit_variant=rush_dp z_cols=14 backend=cpp
[2026-03-12T15:04:34-04:00] [stage] heartbeat stage=msplit_fit elapsed_sec=5430.3 dataset=electricity depth=4 seed=0 eval=test lookahead=3 n_fit=31717 n_eval=9063 raw_features=14 solver=msplit msplit_variant=rush_dp z_cols=14 backend=cpp
[2026-03-12T15:05:04-04:00] [stage] heartbeat stage=msplit_fit elapsed_sec=5460.3 dataset=electricity depth=4 seed=0 eval=test lookahead=3 n_fit=31717 n_eval=9063 raw_features=14 solver=msplit msplit_variant=rush_dp z_cols=14 backend=cpp
[2026-03-12T15:05:34-04:00] [stage] heartbeat stage=msplit_fit elapsed_sec=5490.3 dataset=electricity depth=4 seed=0 eval=test lookahead=3 n_fit=31717 n_eval=9063 raw_features=14 solver=msplit msplit_variant=rush_dp z_cols=14 backend=cpp
[2026-03-12T15:06:04-04:00] [stage] heartbeat stage=msplit_fit elapsed_sec=5520.3 dataset=electricity depth=4 seed=0 eval=test lookahead=3 n_fit=31717 n_eval=9063 raw_features=14 solver=msplit msplit_variant=rush_dp z_cols=14 backend=cpp
[2026-03-12T15:06:34-04:00] [stage] heartbeat stage=msplit_fit elapsed_sec=5550.3 dataset=electricity depth=4 seed=0 eval=test lookahead=3 n_fit=31717 n_eval=9063 raw_features=14 solver=msplit msplit_variant=rush_dp z_cols=14 backend=cpp
[2026-03-12T15:07:04-04:00] [stage] heartbeat stage=msplit_fit elapsed_sec=5580.3 dataset=electricity depth=4 seed=0 eval=test lookahead=3 n_fit=31717 n_eval=9063 raw_features=14 solver=msplit msplit_variant=rush_dp z_cols=14 backend=cpp
[2026-03-12T15:07:34-04:00] [stage] heartbeat stage=msplit_fit elapsed_sec=5610.3 dataset=electricity depth=4 seed=0 eval=test lookahead=3 n_fit=31717 n_eval=9063 raw_features=14 solver=msplit msplit_variant=rush_dp z_cols=14 backend=cpp
[2026-03-12T15:08:04-04:00] [stage] heartbeat stage=msplit_fit elapsed_sec=5640.3 dataset=electricity depth=4 seed=0 eval=test lookahead=3 n_fit=31717 n_eval=9063 raw_features=14 solver=msplit msplit_variant=rush_dp z_cols=14 backend=cpp
[2026-03-12T15:08:34-04:00] [stage] heartbeat stage=msplit_fit elapsed_sec=5670.3 dataset=electricity depth=4 seed=0 eval=test lookahead=3 n_fit=31717 n_eval=9063 raw_features=14 solver=msplit msplit_variant=rush_dp z_cols=14 backend=cpp
[2026-03-12T15:09:04-04:00] [stage] heartbeat stage=msplit_fit elapsed_sec=5700.3 dataset=electricity depth=4 seed=0 eval=test lookahead=3 n_fit=31717 n_eval=9063 raw_features=14 solver=msplit msplit_variant=rush_dp z_cols=14 backend=cpp
[2026-03-12T15:09:34-04:00] [stage] heartbeat stage=msplit_fit elapsed_sec=5730.3 dataset=electricity depth=4 seed=0 eval=test lookahead=3 n_fit=31717 n_eval=9063 raw_features=14 solver=msplit msplit_variant=rush_dp z_cols=14 backend=cpp
[2026-03-12T15:10:04-04:00] [stage] heartbeat stage=msplit_fit elapsed_sec=5760.3 dataset=electricity depth=4 seed=0 eval=test lookahead=3 n_fit=31717 n_eval=9063 raw_features=14 solver=msplit msplit_variant=rush_dp z_cols=14 backend=cpp
[2026-03-12T15:10:34-04:00] [stage] heartbeat stage=msplit_fit elapsed_sec=5790.3 dataset=electricity depth=4 seed=0 eval=test lookahead=3 n_fit=31717 n_eval=9063 raw_features=14 solver=msplit msplit_variant=rush_dp z_cols=14 backend=cpp
[2026-03-12T15:11:04-04:00] [stage] heartbeat stage=msplit_fit elapsed_sec=5820.3 dataset=electricity depth=4 seed=0 eval=test lookahead=3 n_fit=31717 n_eval=9063 raw_features=14 solver=msplit msplit_variant=rush_dp z_cols=14 backend=cpp
[2026-03-12T15:11:34-04:00] [stage] heartbeat stage=msplit_fit elapsed_sec=5850.3 dataset=electricity depth=4 seed=0 eval=test lookahead=3 n_fit=31717 n_eval=9063 raw_features=14 solver=msplit msplit_variant=rush_dp z_cols=14 backend=cpp
[2026-03-12T15:12:04-04:00] [stage] heartbeat stage=msplit_fit elapsed_sec=5880.3 dataset=electricity depth=4 seed=0 eval=test lookahead=3 n_fit=31717 n_eval=9063 raw_features=14 solver=msplit msplit_variant=rush_dp z_cols=14 backend=cpp
[2026-03-12T15:12:34-04:00] [stage] heartbeat stage=msplit_fit elapsed_sec=5910.3 dataset=electricity depth=4 seed=0 eval=test lookahead=3 n_fit=31717 n_eval=9063 raw_features=14 solver=msplit msplit_variant=rush_dp z_cols=14 backend=cpp
[2026-03-12T15:13:04-04:00] [stage] heartbeat stage=msplit_fit elapsed_sec=5940.3 dataset=electricity depth=4 seed=0 eval=test lookahead=3 n_fit=31717 n_eval=9063 raw_features=14 solver=msplit msplit_variant=rush_dp z_cols=14 backend=cpp
[2026-03-12T15:13:34-04:00] [stage] heartbeat stage=msplit_fit elapsed_sec=5970.3 dataset=electricity depth=4 seed=0 eval=test lookahead=3 n_fit=31717 n_eval=9063 raw_features=14 solver=msplit msplit_variant=rush_dp z_cols=14 backend=cpp
[2026-03-12T15:14:04-04:00] [stage] heartbeat stage=msplit_fit elapsed_sec=6000.3 dataset=electricity depth=4 seed=0 eval=test lookahead=3 n_fit=31717 n_eval=9063 raw_features=14 solver=msplit msplit_variant=rush_dp z_cols=14 backend=cpp
[2026-03-12T15:14:34-04:00] [stage] heartbeat stage=msplit_fit elapsed_sec=6030.3 dataset=electricity depth=4 seed=0 eval=test lookahead=3 n_fit=31717 n_eval=9063 raw_features=14 solver=msplit msplit_variant=rush_dp z_cols=14 backend=cpp
[2026-03-12T15:15:04-04:00] [stage] heartbeat stage=msplit_fit elapsed_sec=6060.3 dataset=electricity depth=4 seed=0 eval=test lookahead=3 n_fit=31717 n_eval=9063 raw_features=14 solver=msplit msplit_variant=rush_dp z_cols=14 backend=cpp
[2026-03-12T15:15:34-04:00] [stage] heartbeat stage=msplit_fit elapsed_sec=6090.3 dataset=electricity depth=4 seed=0 eval=test lookahead=3 n_fit=31717 n_eval=9063 raw_features=14 solver=msplit msplit_variant=rush_dp z_cols=14 backend=cpp
[2026-03-12T15:16:04-04:00] [stage] heartbeat stage=msplit_fit elapsed_sec=6120.3 dataset=electricity depth=4 seed=0 eval=test lookahead=3 n_fit=31717 n_eval=9063 raw_features=14 solver=msplit msplit_variant=rush_dp z_cols=14 backend=cpp
[2026-03-12T15:16:34-04:00] [stage] heartbeat stage=msplit_fit elapsed_sec=6150.3 dataset=electricity depth=4 seed=0 eval=test lookahead=3 n_fit=31717 n_eval=9063 raw_features=14 solver=msplit msplit_variant=rush_dp z_cols=14 backend=cpp
[2026-03-12T15:17:04-04:00] [stage] heartbeat stage=msplit_fit elapsed_sec=6180.3 dataset=electricity depth=4 seed=0 eval=test lookahead=3 n_fit=31717 n_eval=9063 raw_features=14 solver=msplit msplit_variant=rush_dp z_cols=14 backend=cpp
[2026-03-12T15:17:34-04:00] [stage] heartbeat stage=msplit_fit elapsed_sec=6210.3 dataset=electricity depth=4 seed=0 eval=test lookahead=3 n_fit=31717 n_eval=9063 raw_features=14 solver=msplit msplit_variant=rush_dp z_cols=14 backend=cpp
[2026-03-12T15:18:04-04:00] [stage] heartbeat stage=msplit_fit elapsed_sec=6240.3 dataset=electricity depth=4 seed=0 eval=test lookahead=3 n_fit=31717 n_eval=9063 raw_features=14 solver=msplit msplit_variant=rush_dp z_cols=14 backend=cpp
[2026-03-12T15:18:34-04:00] [stage] heartbeat stage=msplit_fit elapsed_sec=6270.3 dataset=electricity depth=4 seed=0 eval=test lookahead=3 n_fit=31717 n_eval=9063 raw_features=14 solver=msplit msplit_variant=rush_dp z_cols=14 backend=cpp
[2026-03-12T15:19:04-04:00] [stage] heartbeat stage=msplit_fit elapsed_sec=6300.3 dataset=electricity depth=4 seed=0 eval=test lookahead=3 n_fit=31717 n_eval=9063 raw_features=14 solver=msplit msplit_variant=rush_dp z_cols=14 backend=cpp
[2026-03-12T15:19:34-04:00] [stage] heartbeat stage=msplit_fit elapsed_sec=6330.3 dataset=electricity depth=4 seed=0 eval=test lookahead=3 n_fit=31717 n_eval=9063 raw_features=14 solver=msplit msplit_variant=rush_dp z_cols=14 backend=cpp
[2026-03-12T15:20:04-04:00] [stage] heartbeat stage=msplit_fit elapsed_sec=6360.3 dataset=electricity depth=4 seed=0 eval=test lookahead=3 n_fit=31717 n_eval=9063 raw_features=14 solver=msplit msplit_variant=rush_dp z_cols=14 backend=cpp
[2026-03-12T15:20:34-04:00] [stage] heartbeat stage=msplit_fit elapsed_sec=6390.3 dataset=electricity depth=4 seed=0 eval=test lookahead=3 n_fit=31717 n_eval=9063 raw_features=14 solver=msplit msplit_variant=rush_dp z_cols=14 backend=cpp
[2026-03-12T15:21:04-04:00] [stage] heartbeat stage=msplit_fit elapsed_sec=6420.3 dataset=electricity depth=4 seed=0 eval=test lookahead=3 n_fit=31717 n_eval=9063 raw_features=14 solver=msplit msplit_variant=rush_dp z_cols=14 backend=cpp
[2026-03-12T15:21:34-04:00] [stage] heartbeat stage=msplit_fit elapsed_sec=6450.3 dataset=electricity depth=4 seed=0 eval=test lookahead=3 n_fit=31717 n_eval=9063 raw_features=14 solver=msplit msplit_variant=rush_dp z_cols=14 backend=cpp
[2026-03-12T15:22:04-04:00] [stage] heartbeat stage=msplit_fit elapsed_sec=6480.3 dataset=electricity depth=4 seed=0 eval=test lookahead=3 n_fit=31717 n_eval=9063 raw_features=14 solver=msplit msplit_variant=rush_dp z_cols=14 backend=cpp
[2026-03-12T15:22:34-04:00] [stage] heartbeat stage=msplit_fit elapsed_sec=6510.3 dataset=electricity depth=4 seed=0 eval=test lookahead=3 n_fit=31717 n_eval=9063 raw_features=14 solver=msplit msplit_variant=rush_dp z_cols=14 backend=cpp
[2026-03-12T15:23:04-04:00] [stage] heartbeat stage=msplit_fit elapsed_sec=6540.3 dataset=electricity depth=4 seed=0 eval=test lookahead=3 n_fit=31717 n_eval=9063 raw_features=14 solver=msplit msplit_variant=rush_dp z_cols=14 backend=cpp
[2026-03-12T15:23:34-04:00] [stage] heartbeat stage=msplit_fit elapsed_sec=6570.3 dataset=electricity depth=4 seed=0 eval=test lookahead=3 n_fit=31717 n_eval=9063 raw_features=14 solver=msplit msplit_variant=rush_dp z_cols=14 backend=cpp
[2026-03-12T15:24:04-04:00] [stage] heartbeat stage=msplit_fit elapsed_sec=6600.3 dataset=electricity depth=4 seed=0 eval=test lookahead=3 n_fit=31717 n_eval=9063 raw_features=14 solver=msplit msplit_variant=rush_dp z_cols=14 backend=cpp
[2026-03-12T15:24:34-04:00] [stage] heartbeat stage=msplit_fit elapsed_sec=6630.3 dataset=electricity depth=4 seed=0 eval=test lookahead=3 n_fit=31717 n_eval=9063 raw_features=14 solver=msplit msplit_variant=rush_dp z_cols=14 backend=cpp
[2026-03-12T15:25:04-04:00] [stage] heartbeat stage=msplit_fit elapsed_sec=6660.3 dataset=electricity depth=4 seed=0 eval=test lookahead=3 n_fit=31717 n_eval=9063 raw_features=14 solver=msplit msplit_variant=rush_dp z_cols=14 backend=cpp
[2026-03-12T15:25:34-04:00] [stage] heartbeat stage=msplit_fit elapsed_sec=6690.3 dataset=electricity depth=4 seed=0 eval=test lookahead=3 n_fit=31717 n_eval=9063 raw_features=14 solver=msplit msplit_variant=rush_dp z_cols=14 backend=cpp
[2026-03-12T15:26:04-04:00] [stage] heartbeat stage=msplit_fit elapsed_sec=6720.3 dataset=electricity depth=4 seed=0 eval=test lookahead=3 n_fit=31717 n_eval=9063 raw_features=14 solver=msplit msplit_variant=rush_dp z_cols=14 backend=cpp
[2026-03-12T15:26:34-04:00] [stage] heartbeat stage=msplit_fit elapsed_sec=6750.3 dataset=electricity depth=4 seed=0 eval=test lookahead=3 n_fit=31717 n_eval=9063 raw_features=14 solver=msplit msplit_variant=rush_dp z_cols=14 backend=cpp
[2026-03-12T15:27:04-04:00] [stage] heartbeat stage=msplit_fit elapsed_sec=6780.3 dataset=electricity depth=4 seed=0 eval=test lookahead=3 n_fit=31717 n_eval=9063 raw_features=14 solver=msplit msplit_variant=rush_dp z_cols=14 backend=cpp
[2026-03-12T15:27:34-04:00] [stage] heartbeat stage=msplit_fit elapsed_sec=6810.3 dataset=electricity depth=4 seed=0 eval=test lookahead=3 n_fit=31717 n_eval=9063 raw_features=14 solver=msplit msplit_variant=rush_dp z_cols=14 backend=cpp
[2026-03-12T15:28:04-04:00] [stage] heartbeat stage=msplit_fit elapsed_sec=6840.4 dataset=electricity depth=4 seed=0 eval=test lookahead=3 n_fit=31717 n_eval=9063 raw_features=14 solver=msplit msplit_variant=rush_dp z_cols=14 backend=cpp
[2026-03-12T15:28:34-04:00] [stage] heartbeat stage=msplit_fit elapsed_sec=6870.4 dataset=electricity depth=4 seed=0 eval=test lookahead=3 n_fit=31717 n_eval=9063 raw_features=14 solver=msplit msplit_variant=rush_dp z_cols=14 backend=cpp
[2026-03-12T15:29:04-04:00] [stage] heartbeat stage=msplit_fit elapsed_sec=6900.4 dataset=electricity depth=4 seed=0 eval=test lookahead=3 n_fit=31717 n_eval=9063 raw_features=14 solver=msplit msplit_variant=rush_dp z_cols=14 backend=cpp
[2026-03-12T15:29:34-04:00] [stage] heartbeat stage=msplit_fit elapsed_sec=6930.4 dataset=electricity depth=4 seed=0 eval=test lookahead=3 n_fit=31717 n_eval=9063 raw_features=14 solver=msplit msplit_variant=rush_dp z_cols=14 backend=cpp
[2026-03-12T15:30:04-04:00] [stage] heartbeat stage=msplit_fit elapsed_sec=6960.4 dataset=electricity depth=4 seed=0 eval=test lookahead=3 n_fit=31717 n_eval=9063 raw_features=14 solver=msplit msplit_variant=rush_dp z_cols=14 backend=cpp
[2026-03-12T15:30:34-04:00] [stage] heartbeat stage=msplit_fit elapsed_sec=6990.4 dataset=electricity depth=4 seed=0 eval=test lookahead=3 n_fit=31717 n_eval=9063 raw_features=14 solver=msplit msplit_variant=rush_dp z_cols=14 backend=cpp
[2026-03-12T15:31:04-04:00] [stage] heartbeat stage=msplit_fit elapsed_sec=7020.4 dataset=electricity depth=4 seed=0 eval=test lookahead=3 n_fit=31717 n_eval=9063 raw_features=14 solver=msplit msplit_variant=rush_dp z_cols=14 backend=cpp
[2026-03-12T15:31:34-04:00] [stage] heartbeat stage=msplit_fit elapsed_sec=7050.4 dataset=electricity depth=4 seed=0 eval=test lookahead=3 n_fit=31717 n_eval=9063 raw_features=14 solver=msplit msplit_variant=rush_dp z_cols=14 backend=cpp
[2026-03-12T15:32:04-04:00] [stage] heartbeat stage=msplit_fit elapsed_sec=7080.4 dataset=electricity depth=4 seed=0 eval=test lookahead=3 n_fit=31717 n_eval=9063 raw_features=14 solver=msplit msplit_variant=rush_dp z_cols=14 backend=cpp
[2026-03-12T15:32:34-04:00] [stage] heartbeat stage=msplit_fit elapsed_sec=7110.4 dataset=electricity depth=4 seed=0 eval=test lookahead=3 n_fit=31717 n_eval=9063 raw_features=14 solver=msplit msplit_variant=rush_dp z_cols=14 backend=cpp
[2026-03-12T15:33:04-04:00] [stage] heartbeat stage=msplit_fit elapsed_sec=7140.4 dataset=electricity depth=4 seed=0 eval=test lookahead=3 n_fit=31717 n_eval=9063 raw_features=14 solver=msplit msplit_variant=rush_dp z_cols=14 backend=cpp
[2026-03-12T15:33:34-04:00] [stage] heartbeat stage=msplit_fit elapsed_sec=7170.4 dataset=electricity depth=4 seed=0 eval=test lookahead=3 n_fit=31717 n_eval=9063 raw_features=14 solver=msplit msplit_variant=rush_dp z_cols=14 backend=cpp
[2026-03-12T15:34:04-04:00] [stage] heartbeat stage=msplit_fit elapsed_sec=7200.4 dataset=electricity depth=4 seed=0 eval=test lookahead=3 n_fit=31717 n_eval=9063 raw_features=14 solver=msplit msplit_variant=rush_dp z_cols=14 backend=cpp
[2026-03-12T15:34:34-04:00] [stage] heartbeat stage=msplit_fit elapsed_sec=7230.4 dataset=electricity depth=4 seed=0 eval=test lookahead=3 n_fit=31717 n_eval=9063 raw_features=14 solver=msplit msplit_variant=rush_dp z_cols=14 backend=cpp
[2026-03-12T15:35:04-04:00] [stage] heartbeat stage=msplit_fit elapsed_sec=7260.4 dataset=electricity depth=4 seed=0 eval=test lookahead=3 n_fit=31717 n_eval=9063 raw_features=14 solver=msplit msplit_variant=rush_dp z_cols=14 backend=cpp
[2026-03-12T15:35:34-04:00] [stage] heartbeat stage=msplit_fit elapsed_sec=7290.4 dataset=electricity depth=4 seed=0 eval=test lookahead=3 n_fit=31717 n_eval=9063 raw_features=14 solver=msplit msplit_variant=rush_dp z_cols=14 backend=cpp
[2026-03-12T15:36:04-04:00] [stage] heartbeat stage=msplit_fit elapsed_sec=7320.4 dataset=electricity depth=4 seed=0 eval=test lookahead=3 n_fit=31717 n_eval=9063 raw_features=14 solver=msplit msplit_variant=rush_dp z_cols=14 backend=cpp
[2026-03-12T15:36:34-04:00] [stage] heartbeat stage=msplit_fit elapsed_sec=7350.4 dataset=electricity depth=4 seed=0 eval=test lookahead=3 n_fit=31717 n_eval=9063 raw_features=14 solver=msplit msplit_variant=rush_dp z_cols=14 backend=cpp
[2026-03-12T15:37:04-04:00] [stage] heartbeat stage=msplit_fit elapsed_sec=7380.4 dataset=electricity depth=4 seed=0 eval=test lookahead=3 n_fit=31717 n_eval=9063 raw_features=14 solver=msplit msplit_variant=rush_dp z_cols=14 backend=cpp
[2026-03-12T15:37:34-04:00] [stage] heartbeat stage=msplit_fit elapsed_sec=7410.4 dataset=electricity depth=4 seed=0 eval=test lookahead=3 n_fit=31717 n_eval=9063 raw_features=14 solver=msplit msplit_variant=rush_dp z_cols=14 backend=cpp
[2026-03-12T15:38:04-04:00] [stage] heartbeat stage=msplit_fit elapsed_sec=7440.4 dataset=electricity depth=4 seed=0 eval=test lookahead=3 n_fit=31717 n_eval=9063 raw_features=14 solver=msplit msplit_variant=rush_dp z_cols=14 backend=cpp
[2026-03-12T15:38:34-04:00] [stage] heartbeat stage=msplit_fit elapsed_sec=7470.4 dataset=electricity depth=4 seed=0 eval=test lookahead=3 n_fit=31717 n_eval=9063 raw_features=14 solver=msplit msplit_variant=rush_dp z_cols=14 backend=cpp
[2026-03-12T15:39:04-04:00] [stage] heartbeat stage=msplit_fit elapsed_sec=7500.4 dataset=electricity depth=4 seed=0 eval=test lookahead=3 n_fit=31717 n_eval=9063 raw_features=14 solver=msplit msplit_variant=rush_dp z_cols=14 backend=cpp
[2026-03-12T15:39:34-04:00] [stage] heartbeat stage=msplit_fit elapsed_sec=7530.4 dataset=electricity depth=4 seed=0 eval=test lookahead=3 n_fit=31717 n_eval=9063 raw_features=14 solver=msplit msplit_variant=rush_dp z_cols=14 backend=cpp
[2026-03-12T15:40:04-04:00] [stage] heartbeat stage=msplit_fit elapsed_sec=7560.4 dataset=electricity depth=4 seed=0 eval=test lookahead=3 n_fit=31717 n_eval=9063 raw_features=14 solver=msplit msplit_variant=rush_dp z_cols=14 backend=cpp
[2026-03-12T15:40:34-04:00] [stage] heartbeat stage=msplit_fit elapsed_sec=7590.4 dataset=electricity depth=4 seed=0 eval=test lookahead=3 n_fit=31717 n_eval=9063 raw_features=14 solver=msplit msplit_variant=rush_dp z_cols=14 backend=cpp
[2026-03-12T15:41:04-04:00] [stage] heartbeat stage=msplit_fit elapsed_sec=7620.4 dataset=electricity depth=4 seed=0 eval=test lookahead=3 n_fit=31717 n_eval=9063 raw_features=14 solver=msplit msplit_variant=rush_dp z_cols=14 backend=cpp
[2026-03-12T15:41:34-04:00] [stage] heartbeat stage=msplit_fit elapsed_sec=7650.4 dataset=electricity depth=4 seed=0 eval=test lookahead=3 n_fit=31717 n_eval=9063 raw_features=14 solver=msplit msplit_variant=rush_dp z_cols=14 backend=cpp
[2026-03-12T15:42:04-04:00] [stage] heartbeat stage=msplit_fit elapsed_sec=7680.4 dataset=electricity depth=4 seed=0 eval=test lookahead=3 n_fit=31717 n_eval=9063 raw_features=14 solver=msplit msplit_variant=rush_dp z_cols=14 backend=cpp
[2026-03-12T15:42:34-04:00] [stage] heartbeat stage=msplit_fit elapsed_sec=7710.4 dataset=electricity depth=4 seed=0 eval=test lookahead=3 n_fit=31717 n_eval=9063 raw_features=14 solver=msplit msplit_variant=rush_dp z_cols=14 backend=cpp
[2026-03-12T15:43:04-04:00] [stage] heartbeat stage=msplit_fit elapsed_sec=7740.4 dataset=electricity depth=4 seed=0 eval=test lookahead=3 n_fit=31717 n_eval=9063 raw_features=14 solver=msplit msplit_variant=rush_dp z_cols=14 backend=cpp
[2026-03-12T15:43:34-04:00] [stage] heartbeat stage=msplit_fit elapsed_sec=7770.4 dataset=electricity depth=4 seed=0 eval=test lookahead=3 n_fit=31717 n_eval=9063 raw_features=14 solver=msplit msplit_variant=rush_dp z_cols=14 backend=cpp
[2026-03-12T15:44:04-04:00] [stage] heartbeat stage=msplit_fit elapsed_sec=7800.4 dataset=electricity depth=4 seed=0 eval=test lookahead=3 n_fit=31717 n_eval=9063 raw_features=14 solver=msplit msplit_variant=rush_dp z_cols=14 backend=cpp
[2026-03-12T15:44:34-04:00] [stage] heartbeat stage=msplit_fit elapsed_sec=7830.4 dataset=electricity depth=4 seed=0 eval=test lookahead=3 n_fit=31717 n_eval=9063 raw_features=14 solver=msplit msplit_variant=rush_dp z_cols=14 backend=cpp
[2026-03-12T15:45:04-04:00] [stage] heartbeat stage=msplit_fit elapsed_sec=7860.4 dataset=electricity depth=4 seed=0 eval=test lookahead=3 n_fit=31717 n_eval=9063 raw_features=14 solver=msplit msplit_variant=rush_dp z_cols=14 backend=cpp
[2026-03-12T15:45:34-04:00] [stage] heartbeat stage=msplit_fit elapsed_sec=7890.4 dataset=electricity depth=4 seed=0 eval=test lookahead=3 n_fit=31717 n_eval=9063 raw_features=14 solver=msplit msplit_variant=rush_dp z_cols=14 backend=cpp
[2026-03-12T15:46:04-04:00] [stage] heartbeat stage=msplit_fit elapsed_sec=7920.4 dataset=electricity depth=4 seed=0 eval=test lookahead=3 n_fit=31717 n_eval=9063 raw_features=14 solver=msplit msplit_variant=rush_dp z_cols=14 backend=cpp
[2026-03-12T15:46:34-04:00] [stage] heartbeat stage=msplit_fit elapsed_sec=7950.4 dataset=electricity depth=4 seed=0 eval=test lookahead=3 n_fit=31717 n_eval=9063 raw_features=14 solver=msplit msplit_variant=rush_dp z_cols=14 backend=cpp
[2026-03-12T15:47:04-04:00] [stage] heartbeat stage=msplit_fit elapsed_sec=7980.4 dataset=electricity depth=4 seed=0 eval=test lookahead=3 n_fit=31717 n_eval=9063 raw_features=14 solver=msplit msplit_variant=rush_dp z_cols=14 backend=cpp
[2026-03-12T15:47:34-04:00] [stage] heartbeat stage=msplit_fit elapsed_sec=8010.4 dataset=electricity depth=4 seed=0 eval=test lookahead=3 n_fit=31717 n_eval=9063 raw_features=14 solver=msplit msplit_variant=rush_dp z_cols=14 backend=cpp
[2026-03-12T15:48:04-04:00] [stage] heartbeat stage=msplit_fit elapsed_sec=8040.4 dataset=electricity depth=4 seed=0 eval=test lookahead=3 n_fit=31717 n_eval=9063 raw_features=14 solver=msplit msplit_variant=rush_dp z_cols=14 backend=cpp
[2026-03-12T15:48:34-04:00] [stage] heartbeat stage=msplit_fit elapsed_sec=8070.4 dataset=electricity depth=4 seed=0 eval=test lookahead=3 n_fit=31717 n_eval=9063 raw_features=14 solver=msplit msplit_variant=rush_dp z_cols=14 backend=cpp
[2026-03-12T15:49:04-04:00] [stage] heartbeat stage=msplit_fit elapsed_sec=8100.4 dataset=electricity depth=4 seed=0 eval=test lookahead=3 n_fit=31717 n_eval=9063 raw_features=14 solver=msplit msplit_variant=rush_dp z_cols=14 backend=cpp
[2026-03-12T15:49:34-04:00] [stage] heartbeat stage=msplit_fit elapsed_sec=8130.4 dataset=electricity depth=4 seed=0 eval=test lookahead=3 n_fit=31717 n_eval=9063 raw_features=14 solver=msplit msplit_variant=rush_dp z_cols=14 backend=cpp
[2026-03-12T15:50:04-04:00] [stage] heartbeat stage=msplit_fit elapsed_sec=8160.4 dataset=electricity depth=4 seed=0 eval=test lookahead=3 n_fit=31717 n_eval=9063 raw_features=14 solver=msplit msplit_variant=rush_dp z_cols=14 backend=cpp
[2026-03-12T15:50:34-04:00] [stage] heartbeat stage=msplit_fit elapsed_sec=8190.4 dataset=electricity depth=4 seed=0 eval=test lookahead=3 n_fit=31717 n_eval=9063 raw_features=14 solver=msplit msplit_variant=rush_dp z_cols=14 backend=cpp
[2026-03-12T15:51:04-04:00] [stage] heartbeat stage=msplit_fit elapsed_sec=8220.4 dataset=electricity depth=4 seed=0 eval=test lookahead=3 n_fit=31717 n_eval=9063 raw_features=14 solver=msplit msplit_variant=rush_dp z_cols=14 backend=cpp
[2026-03-12T15:51:34-04:00] [stage] heartbeat stage=msplit_fit elapsed_sec=8250.4 dataset=electricity depth=4 seed=0 eval=test lookahead=3 n_fit=31717 n_eval=9063 raw_features=14 solver=msplit msplit_variant=rush_dp z_cols=14 backend=cpp
[2026-03-12T15:52:04-04:00] [stage] heartbeat stage=msplit_fit elapsed_sec=8280.4 dataset=electricity depth=4 seed=0 eval=test lookahead=3 n_fit=31717 n_eval=9063 raw_features=14 solver=msplit msplit_variant=rush_dp z_cols=14 backend=cpp
[2026-03-12T15:52:34-04:00] [stage] heartbeat stage=msplit_fit elapsed_sec=8310.4 dataset=electricity depth=4 seed=0 eval=test lookahead=3 n_fit=31717 n_eval=9063 raw_features=14 solver=msplit msplit_variant=rush_dp z_cols=14 backend=cpp
[2026-03-12T15:53:04-04:00] [stage] heartbeat stage=msplit_fit elapsed_sec=8340.4 dataset=electricity depth=4 seed=0 eval=test lookahead=3 n_fit=31717 n_eval=9063 raw_features=14 solver=msplit msplit_variant=rush_dp z_cols=14 backend=cpp
[2026-03-12T15:53:34-04:00] [stage] heartbeat stage=msplit_fit elapsed_sec=8370.4 dataset=electricity depth=4 seed=0 eval=test lookahead=3 n_fit=31717 n_eval=9063 raw_features=14 solver=msplit msplit_variant=rush_dp z_cols=14 backend=cpp
[2026-03-12T15:54:04-04:00] [stage] heartbeat stage=msplit_fit elapsed_sec=8400.4 dataset=electricity depth=4 seed=0 eval=test lookahead=3 n_fit=31717 n_eval=9063 raw_features=14 solver=msplit msplit_variant=rush_dp z_cols=14 backend=cpp
[2026-03-12T15:54:34-04:00] [stage] heartbeat stage=msplit_fit elapsed_sec=8430.4 dataset=electricity depth=4 seed=0 eval=test lookahead=3 n_fit=31717 n_eval=9063 raw_features=14 solver=msplit msplit_variant=rush_dp z_cols=14 backend=cpp
[2026-03-12T15:55:04-04:00] [stage] heartbeat stage=msplit_fit elapsed_sec=8460.4 dataset=electricity depth=4 seed=0 eval=test lookahead=3 n_fit=31717 n_eval=9063 raw_features=14 solver=msplit msplit_variant=rush_dp z_cols=14 backend=cpp
