Traceback (most recent call last):
  File "/home/users/yz1075/msdt/benchmark_root_rashomon_frontier.py", line 268, in <module>
    main()
  File "/home/users/yz1075/msdt/benchmark_root_rashomon_frontier.py", line 152, in main
    debug_json = msplit_debug_teacher_atomcolor_root_feature(
RuntimeError: MSPLIT exceeded time_limit during C++ solve.
Command exited with non-zero status 1
	Command being timed: ".venv/bin/python benchmark_root_rashomon_frontier.py --seed 0 --depth 4 --lookahead 3 --max-bins 255 --min-child-size 8 --proposal-atom-cap 32 --max-branching 3 --reg 0.0 --root-time-limit 300 --binner-estimators 2000 --binner-early-stop 50 --binner-threads 6 --output /home/users/yz1075/msdt/tmp_root_noncontig_electricity_d4_10701932.json"
	User time (seconds): 380.11
	System time (seconds): 1.17
	Percent of CPU this job got: 102%
	Elapsed (wall clock) time (h:mm:ss or m:ss): 6:10.52
	Average shared text size (kbytes): 0
	Average unshared data size (kbytes): 0
	Average stack size (kbytes): 0
	Average total size (kbytes): 0
	Maximum resident set size (kbytes): 606972
	Average resident set size (kbytes): 0
	Major (requiring I/O) page faults: 41
	Minor (reclaiming a frame) page faults: 329476
	Voluntary context switches: 4404
	Involuntary context switches: 856
	Swaps: 0
	File system inputs: 4104
	File system outputs: 5144
	Socket messages sent: 0
	Socket messages received: 0
	Signals delivered: 0
	Page size (bytes): 4096
	Exit status: 1
