[2026-03-09T17:52:16-04:00] Starting LightGBM multisplit experiment run.
[2026-03-09T17:52:16-04:00] run_name=benchmark_teacher_atomcolor_electricity_d4_reg0_rootpatch_20260309
[2026-03-09T17:52:16-04:00] run_dir=/home/users/yz1075/msdt/results/runs_lightgbm/benchmark_teacher_atomcolor_electricity_d4_reg0_rootpatch_20260309
[2026-03-09T17:52:16-04:00] parallel settings: parallel_trials=1, threads_per_trial=6, lgb_threads=6, lgb_ensemble_runs=1, lgb_device=cpu, lgb_max_gpu_jobs=1, core_budget=6, effective_core_budget=6, effective_parallel_trials=1, cpu_target=1.0, cpu_affinity=[], cpu_nice=0
[2026-03-09T17:52:16-04:00] OpenML cache directory set to /home/users/yz1075/msdt/results/openml_cache
[2026-03-09T17:52:16-04:00] Loading dataset=electricity
[2026-03-09T17:52:16-04:00] dataset=electricity, class_prevalence(max class)=0.5755
[2026-03-09T17:52:16-04:00] historical default params: none found (using static defaults)
[2026-03-09T17:52:16-04:00] dataset=electricity, depth=4, lookahead=3, seeds=[0], param_source=static_defaults
[2026-03-09T17:52:55-04:00] trial dataset=electricity, depth=4, seed=0, status=ok, acc=0.797638750965464, obj=0.20399182027278917
[2026-03-09T17:52:56-04:00] === Summary Table ===
    dataset  depth_budget  lookahead_depth_budget  n_success  mean_train_accuracy  mean_accuracy  mean_balanced_accuracy  mean_trivial_accuracy  std_accuracy  mean_fit_time_sec  mean_objective  mean_n_leaves  mean_n_internal  mean_max_arity  mean_exact_internal_nodes  mean_greedy_internal_nodes  mean_dp_subproblem_calls  mean_dp_cache_hits  mean_dp_unique_states  mean_greedy_subproblem_calls  mean_greedy_cache_hits  mean_greedy_unique_states
electricity             4                       3          1               0.7960         0.7976                  0.7846                 0.5754        0.0000            30.0123          0.2040        27.0000          13.0000          3.0000                 27068.0000                    785.0000                31144.0000           3152.0000             27414.0000                    68915.0000              28283.0000                 40348.0000
[2026-03-09T17:52:56-04:00] === Depth vs Accuracy (Exact) ===
[2026-03-09T17:52:56-04:00] Dataset: electricity
[2026-03-09T17:52:56-04:00] Depth 4: ours=0.7976 (79.76%), bal_acc=0.7846 (78.46%), trivial_acc=0.5754 (57.54%), obj=0.203992, mean_leaves=27.00, dp_calls=31144.00, dp_unique=27414.00, paper=0.8660 (86.60%), delta=-0.0684 (-6.84 pp)
[2026-03-09T17:52:56-04:00] Saved run summary CSV: /home/users/yz1075/msdt/results/runs_lightgbm/benchmark_teacher_atomcolor_electricity_d4_reg0_rootpatch_20260309/summary_results.csv
[2026-03-09T17:52:56-04:00] Saved run seed CSV: /home/users/yz1075/msdt/results/runs_lightgbm/benchmark_teacher_atomcolor_electricity_d4_reg0_rootpatch_20260309/seed_results.csv
[2026-03-09T17:52:56-04:00] Saved run plot: /home/users/yz1075/msdt/results/runs_lightgbm/benchmark_teacher_atomcolor_electricity_d4_reg0_rootpatch_20260309/multisplit_lightgbm_dp_accuracy.png
[2026-03-09T17:52:56-04:00] Saved run log: /home/users/yz1075/msdt/results/runs_lightgbm/benchmark_teacher_atomcolor_electricity_d4_reg0_rootpatch_20260309/multisplit_lightgbm_depth_vs_accuracy.log
[2026-03-09T17:52:56-04:00] Saved run manifest: /home/users/yz1075/msdt/results/runs_lightgbm/benchmark_teacher_atomcolor_electricity_d4_reg0_rootpatch_20260309/manifest.json
[2026-03-09T17:52:56-04:00] Saved run paper comparison plot: /home/users/yz1075/msdt/results/runs_lightgbm/benchmark_teacher_atomcolor_electricity_d4_reg0_rootpatch_20260309/multisplit_lightgbm_dp_vs_paper_accuracy.png
[2026-03-09T17:52:56-04:00] Compatibility CSV: /home/users/yz1075/msdt/results/lightgbm/multisplit_lightgbm_dp_results.csv
[2026-03-09T17:52:56-04:00] Compatibility plot: /home/users/yz1075/msdt/results/lightgbm/multisplit_lightgbm_dp_accuracy.png
[2026-03-09T17:52:56-04:00] Compatibility log: /home/users/yz1075/msdt/results/lightgbm/multisplit_lightgbm_depth_vs_accuracy.log
