Job started on compsci-cluster-fitz-46 at Tue Feb 17 01:16:40 PM EST 2026
CPU settings: total_cpus=64, parallel_trials=64, threads_per_trial=1, split_threads=1, lgb_threads=1, xgb_threads=2
Optuna settings: enable=1, trials=50, val_size=0.2, seed=0, timeout_sec=0, warmstart_enable=1, warmstart_root=results, warmstart_max=8, seed_candidates=4, cpu_target=0.94, max_active_studies=0, max_concurrent_trials=0
LightGBM binning backend: device=gpu, gpu_platform=0, gpu_device=0, gpu_fallback=0, max_gpu_jobs=1, gpu_lock_dir=/tmp/msdt_lgb_gpu_lock
SPLIT native backend import OK
[run_vcm_multisplit_lightgbm] run_name=lightgbm_focus_20260217_131641
[run_vcm_multisplit_lightgbm] threads=1, lgb_threads=1, MPLBACKEND=Agg
[2026-02-17T13:16:43-05:00] Starting LightGBM multisplit experiment run.
[2026-02-17T13:16:43-05:00] run_name=lightgbm_focus_20260217_131641
[2026-02-17T13:16:43-05:00] run_dir=/home/users/yz1075/msdt/results/runs_lightgbm/lightgbm_focus_20260217_131641
[2026-02-17T13:16:43-05:00] parallel settings: parallel_trials=64, threads_per_trial=1, lgb_threads=1, lgb_device=gpu, lgb_max_gpu_jobs=1, core_budget=64, effective_core_budget=60, effective_parallel_trials=60, cpu_target=0.94
[2026-02-17T13:16:43-05:00] optuna concurrency cap: using 45/60 trial slots (reason=auto_lightgbm_high_trials)
[2026-02-17T13:16:43-05:00] OpenML cache directory set to /home/users/yz1075/msdt/results/openml_cache
[2026-02-17T13:16:43-05:00] Loading dataset=electricity
[2026-02-17T13:16:43-05:00] dataset=electricity, class_prevalence(max class)=0.5755
[2026-02-17T13:16:43-05:00] optuna scheduling: studies=4, active_studies=3, jobs_per_study=15, effective_slots=45, effective_core_budget=60/64
[2026-02-17T13:16:43-05:00] optuna warm-start: scanned_files=2, study_keys=4, candidates=6, max_per_study=8
[2026-02-17T13:16:43-05:00] optuna fixed validation splits prepared for 4 studies (pipeline=lightgbm, dir=/home/users/yz1075/msdt/results/runs_lightgbm/lightgbm_focus_20260217_131641/optuna/study_payloads)
[2026-02-17T20:07:55-05:00] optuna best params saved: /home/users/yz1075/msdt/results/runs_lightgbm/lightgbm_focus_20260217_131641/optuna/best_params.csv
[2026-02-17T20:07:55-05:00] dataset=electricity, depth=2, lookahead=1, seeds=[0, 1, 2, 3, 4], tuned=True
[2026-02-17T20:07:55-05:00] dataset=electricity, depth=3, lookahead=2, seeds=[0, 1, 2, 3, 4], tuned=True
[2026-02-17T20:07:55-05:00] dataset=electricity, depth=4, lookahead=1, seeds=[0, 1, 2, 3, 4], tuned=True
[2026-02-17T20:07:55-05:00] dataset=electricity, depth=5, lookahead=2, seeds=[0, 1, 2, 3, 4], tuned=True
[2026-02-17T20:07:55-05:00] executing 20 pending trials across 1 dataset(s) with parallel_workers=20, threads_per_trial=1, lgb_threads=1, effective_core_budget=60/64
[2026-02-17T20:28:09-05:00] trial dataset=electricity, depth=2, seed=4, status=ok, acc=0.7537239324726912
[2026-02-17T20:28:09-05:00] trial dataset=electricity, depth=3, seed=1, status=ok, acc=0.7806465850159992
[2026-02-17T20:28:09-05:00] trial dataset=electricity, depth=2, seed=2, status=ok, acc=0.7567030784508441
[2026-02-17T20:28:09-05:00] trial dataset=electricity, depth=2, seed=1, status=ok, acc=0.7543859649122807
[2026-02-17T20:28:09-05:00] trial dataset=electricity, depth=3, seed=0, status=ok, acc=0.7931148626282688
[2026-02-17T20:28:09-05:00] trial dataset=electricity, depth=2, seed=0, status=ok, acc=0.7622200154474236
[2026-02-17T20:28:09-05:00] trial dataset=electricity, depth=3, seed=4, status=ok, acc=0.7768950678583251
[2026-02-17T20:28:09-05:00] trial dataset=electricity, depth=2, seed=3, status=ok, acc=0.7586891757696127
[2026-02-17T20:28:09-05:00] trial dataset=electricity, depth=3, seed=3, status=ok, acc=0.7879289418514841
[2026-02-17T20:28:09-05:00] trial dataset=electricity, depth=3, seed=2, status=ok, acc=0.7824120048549046
[2026-02-17T20:28:09-05:00] trial dataset=electricity, depth=4, seed=1, status=ok, acc=0.792783846408474
[2026-02-17T20:28:09-05:00] trial dataset=electricity, depth=4, seed=3, status=ok, acc=0.797638750965464
[2026-02-17T20:28:09-05:00] trial dataset=electricity, depth=4, seed=0, status=ok, acc=0.8042590753613593
[2026-02-17T20:28:09-05:00] trial dataset=electricity, depth=4, seed=4, status=ok, acc=0.7906874103497739
[2026-02-17T20:28:09-05:00] trial dataset=electricity, depth=4, seed=2, status=ok, acc=0.7887013130310052
[2026-02-17T20:28:09-05:00] trial dataset=electricity, depth=5, seed=1, status=ok, acc=0.8012799293832065
[2026-02-17T20:28:09-05:00] trial dataset=electricity, depth=5, seed=3, status=ok, acc=0.8061348339401964
[2026-02-17T20:28:09-05:00] trial dataset=electricity, depth=5, seed=2, status=timeout, acc=nan
[2026-02-17T20:28:09-05:00] trial dataset=electricity, depth=5, seed=0, status=timeout, acc=nan
[2026-02-17T20:28:09-05:00] trial dataset=electricity, depth=5, seed=4, status=timeout, acc=nan
[2026-02-17T20:28:10-05:00] Packaged artifact bundle: /home/users/yz1075/msdt/results/runs_lightgbm/lightgbm_focus_20260217_131641/lightgbm_focus_20260217_131641_artifacts.tar.gz
[2026-02-17T20:28:10-05:00] === Summary Table ===
    dataset  depth_budget  lookahead_depth_budget  n_success  mean_accuracy  mean_balanced_accuracy  mean_trivial_accuracy  std_accuracy  mean_fit_time_sec  mean_n_leaves  mean_n_internal  mean_max_arity  mean_exact_internal_nodes  mean_greedy_internal_nodes
electricity             2                       1          5         0.7571                  0.7329                 0.5754        0.0035             0.0273         2.0000           1.0000          2.0000                     1.0000                      0.0000
electricity             3                       2          5         0.7842                  0.7699                 0.5754        0.0064             3.7456        36.0000           7.0000          6.0000                   149.4000                      0.0000
electricity             4                       1          5         0.7948                  0.7831                 0.5754        0.0062            89.7901       103.8000          28.4000          6.0000                     1.0000                   8256.6000
electricity             5                       2          2         0.8037                  0.7915                 0.5754        0.0034          1136.5528       520.5000         164.5000          6.0000                   156.0000                 186656.0000
[2026-02-17T20:28:10-05:00] === Depth vs Accuracy (Exact) ===
[2026-02-17T20:28:10-05:00] Dataset: electricity
[2026-02-17T20:28:10-05:00] Depth 2: ours=0.7571 (75.71%), bal_acc=0.7329 (73.29%), trivial_acc=0.5754 (57.54%), mean_leaves=2.00, paper=0.8490 (84.90%), delta=-0.0919 (-9.19 pp)
[2026-02-17T20:28:10-05:00] Depth 3: ours=0.7842 (78.42%), bal_acc=0.7699 (76.99%), trivial_acc=0.5754 (57.54%), mean_leaves=36.00, paper=0.8260 (82.60%), delta=-0.0418 (-4.18 pp)
[2026-02-17T20:28:10-05:00] Depth 4: ours=0.7948 (79.48%), bal_acc=0.7831 (78.31%), trivial_acc=0.5754 (57.54%), mean_leaves=103.80, paper=0.8660 (86.60%), delta=-0.0712 (-7.12 pp)
[2026-02-17T20:28:10-05:00] Depth 5: ours=0.8037 (80.37%), bal_acc=0.7915 (79.15%), trivial_acc=0.5754 (57.54%), mean_leaves=520.50, paper=0.8820 (88.20%), delta=-0.0783 (-7.83 pp)
[2026-02-17T20:28:10-05:00] Saved run summary CSV: /home/users/yz1075/msdt/results/runs_lightgbm/lightgbm_focus_20260217_131641/summary_results.csv
[2026-02-17T20:28:10-05:00] Saved run seed CSV: /home/users/yz1075/msdt/results/runs_lightgbm/lightgbm_focus_20260217_131641/seed_results.csv
[2026-02-17T20:28:10-05:00] Saved run plot: /home/users/yz1075/msdt/results/runs_lightgbm/lightgbm_focus_20260217_131641/multisplit_lightgbm_dp_accuracy.png
[2026-02-17T20:28:10-05:00] Saved run log: /home/users/yz1075/msdt/results/runs_lightgbm/lightgbm_focus_20260217_131641/multisplit_lightgbm_depth_vs_accuracy.log
[2026-02-17T20:28:10-05:00] Saved run manifest: /home/users/yz1075/msdt/results/runs_lightgbm/lightgbm_focus_20260217_131641/manifest.json
[2026-02-17T20:28:10-05:00] Saved run paper comparison plot: /home/users/yz1075/msdt/results/runs_lightgbm/lightgbm_focus_20260217_131641/multisplit_lightgbm_dp_vs_paper_accuracy.png
[2026-02-17T20:28:10-05:00] Saved run bundle: /home/users/yz1075/msdt/results/runs_lightgbm/lightgbm_focus_20260217_131641/lightgbm_focus_20260217_131641_artifacts.tar.gz
[2026-02-17T20:28:10-05:00] Compatibility CSV: /home/users/yz1075/msdt/results/lightgbm/multisplit_lightgbm_dp_results.csv
[2026-02-17T20:28:10-05:00] Compatibility plot: /home/users/yz1075/msdt/results/lightgbm/multisplit_lightgbm_dp_accuracy.png
[2026-02-17T20:28:10-05:00] Compatibility log: /home/users/yz1075/msdt/results/lightgbm/multisplit_lightgbm_depth_vs_accuracy.log
[run_vcm_multisplit_lightgbm] run_dir=/home/users/yz1075/msdt/results/runs_lightgbm/lightgbm_focus_20260217_131641
[run_vcm_multisplit_lightgbm] bundle=/home/users/yz1075/msdt/results/runs_lightgbm/lightgbm_focus_20260217_131641/lightgbm_focus_20260217_131641_artifacts.tar.gz
Saved run profile: /home/users/yz1075/msdt/results/runs_lightgbm/lightgbm_focus_20260217_131641/run_profile.json
Saved time profile: /home/users/yz1075/msdt/results/runs_lightgbm/lightgbm_focus_20260217_131641/run_profile.time.log
Saved command log: /home/users/yz1075/msdt/results/runs_lightgbm/lightgbm_focus_20260217_131641/run_profile.cmd.txt
=== Run Profile Summary ===
wall_time=7:11:28
user_time_sec=33020.17
sys_time_sec=1111.63
cpu_utilization=131%
max_rss_kb=338811172
max_rss_gb=323.12
Job ended at Tue Feb 17 08:28:10 PM EST 2026
