Job started on compsci-cluster-fitz-47 at Sun Feb 15 11:23:44 PM EST 2026
CPU settings: total_cpus=40, parallel_trials=40, threads_per_trial=1, split_threads=1, lgb_threads=1, xgb_threads=1
SPLIT native backend import OK
[compare] running: /home/users/yz1075/mdst/.venv/bin/python run_multisplit_experiments_cart.py --run-name compare_maxthroughput_20260215_232328_cart --datasets electricity eye-movements eye-state --depth-budgets 2 3 4 5 6 --seeds 0 1 2 3 4 --test-size 0.2 --time-limit 600.0 --lookahead-cap 3 --max-bins 6 --min-samples-leaf 8 --min-child-size 8 --max-branching 0 --reg 0.01 --branch-penalty 0.002 --parallel-trials 40 --threads-per-trial 1 --results-root results/comparison/compare_maxthroughput_20260215_232328/_tmp/runs_cart/compare_maxthroughput_20260215_232328_cart --stable-results-dir results/comparison/compare_maxthroughput_20260215_232328/_tmp/stable_cart --no-package-artifacts
[2026-02-15T23:23:50-05:00] Starting multisplit experiment run.
[2026-02-15T23:23:50-05:00] run_name=compare_maxthroughput_20260215_232328_cart
[2026-02-15T23:23:50-05:00] run_dir=/home/users/yz1075/mdst/results/comparison/compare_maxthroughput_20260215_232328/_tmp/runs_cart/compare_maxthroughput_20260215_232328_cart/compare_maxthroughput_20260215_232328_cart
[2026-02-15T23:23:50-05:00] parallel settings: parallel_trials=40, threads_per_trial=1
[2026-02-15T23:23:50-05:00] OpenML cache directory set to /home/users/yz1075/mdst/results/openml_cache
[2026-02-15T23:23:50-05:00] Loading dataset=electricity
[2026-02-15T23:23:50-05:00] dataset=electricity, class_prevalence(max class)=0.5755
[2026-02-15T23:23:50-05:00] dataset=electricity, depth=2, lookahead=1: seeds [0, 1, 2, 3, 4]
[2026-02-15T23:23:50-05:00] dataset=electricity, depth=3, lookahead=2: seeds [0, 1, 2, 3, 4]
[2026-02-15T23:23:50-05:00] dataset=electricity, depth=4, lookahead=3: seeds [0, 1, 2, 3, 4]
[2026-02-15T23:23:50-05:00] dataset=electricity, depth=5, lookahead=3: seeds [0, 1, 2, 3, 4]
[2026-02-15T23:23:50-05:00] dataset=electricity, depth=6, lookahead=3: seeds [0, 1, 2, 3, 4]
[2026-02-15T23:23:50-05:00] Loading dataset=eye-movements
[2026-02-15T23:23:50-05:00] dataset=eye-movements, class_prevalence(max class)=0.5000
[2026-02-15T23:23:50-05:00] dataset=eye-movements, depth=2, lookahead=1: seeds [0, 1, 2, 3, 4]
[2026-02-15T23:23:50-05:00] dataset=eye-movements, depth=3, lookahead=2: seeds [0, 1, 2, 3, 4]
[2026-02-15T23:23:50-05:00] dataset=eye-movements, depth=4, lookahead=3: seeds [0, 1, 2, 3, 4]
[2026-02-15T23:23:50-05:00] dataset=eye-movements, depth=5, lookahead=3: seeds [0, 1, 2, 3, 4]
[2026-02-15T23:23:50-05:00] dataset=eye-movements, depth=6, lookahead=3: seeds [0, 1, 2, 3, 4]
[2026-02-15T23:23:50-05:00] Loading dataset=eye-state
[2026-02-15T23:23:51-05:00] dataset=eye-state, class_prevalence(max class)=0.5512
[2026-02-15T23:23:51-05:00] dataset=eye-state, depth=2, lookahead=1: seeds [0, 1, 2, 3, 4]
[2026-02-15T23:23:51-05:00] dataset=eye-state, depth=3, lookahead=2: seeds [0, 1, 2, 3, 4]
[2026-02-15T23:23:51-05:00] dataset=eye-state, depth=4, lookahead=3: seeds [0, 1, 2, 3, 4]
[2026-02-15T23:23:51-05:00] dataset=eye-state, depth=5, lookahead=3: seeds [0, 1, 2, 3, 4]
[2026-02-15T23:23:51-05:00] dataset=eye-state, depth=6, lookahead=3: seeds [0, 1, 2, 3, 4]
[2026-02-15T23:23:51-05:00] executing 75 pending trials across 3 dataset(s) with parallel_workers=40, threads_per_trial=1
Saved run profile: /home/users/yz1075/mdst/results/comparison/compare_maxthroughput_20260215_232328/run_profile.json
Saved time profile: /home/users/yz1075/mdst/results/comparison/compare_maxthroughput_20260215_232328/run_profile.time.log
Saved command log: /home/users/yz1075/mdst/results/comparison/compare_maxthroughput_20260215_232328/run_profile.cmd.txt
=== Run Profile Summary ===
wall_time=8:53.58
user_time_sec=17410.33
sys_time_sec=1509.67
cpu_utilization=3545%
max_rss_kb=20516980
max_rss_gb=19.57
