stty: 'standard input': Inappropriate ioctl for device
[ATOMCOLOR-PAIR-PROFILE] phase=start depth=0 rows=31717 features_done=0/14 pairs=0 feasible_pairs=0 exactify_calls=0 exactify_feasible=0 exactify_aborted=0 prep_sec=0.000 family_sec=0.000 bounds_sec=0.000 exactify_sec=0.000 incumbent_f=-1 incumbent_g=-1 incumbent_ub=inf node_lb=inf max_ambiguity=inf pending_pairs=0 elapsed_sec=0.000
[ATOMCOLOR-PAIR-DETAIL] phase=prep_start depth=0 feature=0 rows=31717 atoms=0 groups=0 elapsed_sec=0.000
[ATOMCOLOR-PAIR-DETAIL] phase=prep_done depth=0 feature=0 rows=31717 atoms=0 groups=0 elapsed_sec=0.004
[ATOMCOLOR-PAIR-DETAIL] phase=family_dict_done depth=0 feature=0 rows=31717 atoms=32 groups=0 elapsed_sec=0.010
[ATOMCOLOR-PAIR-DETAIL] phase=family_group_done depth=0 feature=0 rows=31717 atoms=32 groups=2 elapsed_sec=0.001 stage2_skipped=0
[ATOMCOLOR-PAIR-DETAIL] phase=family_group_done depth=0 feature=0 rows=31717 atoms=32 groups=3 elapsed_sec=0.002 stage2_skipped=0
[ATOMCOLOR-PAIR-DETAIL] phase=prep_start depth=0 feature=1 rows=31717 atoms=0 groups=0 elapsed_sec=0.000
[ATOMCOLOR-PAIR-DETAIL] phase=prep_done depth=0 feature=1 rows=31717 atoms=0 groups=0 elapsed_sec=0.003
[ATOMCOLOR-PAIR-DETAIL] phase=family_dict_done depth=0 feature=1 rows=31717 atoms=32 groups=0 elapsed_sec=0.000
[ATOMCOLOR-PAIR-DETAIL] phase=family_group_done depth=0 feature=1 rows=31717 atoms=32 groups=2 elapsed_sec=0.001 stage2_skipped=0
[ATOMCOLOR-PAIR-DETAIL] phase=family_group_done depth=0 feature=1 rows=31717 atoms=32 groups=3 elapsed_sec=0.003 stage2_skipped=0
[ATOMCOLOR-PAIR-DETAIL] phase=prep_start depth=0 feature=2 rows=31717 atoms=0 groups=0 elapsed_sec=0.000
[ATOMCOLOR-PAIR-DETAIL] phase=prep_done depth=0 feature=2 rows=31717 atoms=0 groups=0 elapsed_sec=0.004
[ATOMCOLOR-PAIR-DETAIL] phase=family_dict_done depth=0 feature=2 rows=31717 atoms=32 groups=0 elapsed_sec=0.010
[ATOMCOLOR-PAIR-DETAIL] phase=family_group_done depth=0 feature=2 rows=31717 atoms=32 groups=2 elapsed_sec=0.001 stage2_skipped=0
[ATOMCOLOR-PAIR-DETAIL] phase=family_group_done depth=0 feature=2 rows=31717 atoms=32 groups=3 elapsed_sec=0.003 stage2_skipped=0
[ATOMCOLOR-PAIR-DETAIL] phase=prep_start depth=0 feature=3 rows=31717 atoms=0 groups=0 elapsed_sec=0.000
[ATOMCOLOR-PAIR-DETAIL] phase=prep_done depth=0 feature=3 rows=31717 atoms=0 groups=0 elapsed_sec=0.004
[ATOMCOLOR-PAIR-DETAIL] phase=family_dict_done depth=0 feature=3 rows=31717 atoms=32 groups=0 elapsed_sec=0.010
[ATOMCOLOR-PAIR-DETAIL] phase=family_group_done depth=0 feature=3 rows=31717 atoms=32 groups=2 elapsed_sec=0.001 stage2_skipped=0
[ATOMCOLOR-PAIR-DETAIL] phase=family_group_done depth=0 feature=3 rows=31717 atoms=32 groups=3 elapsed_sec=0.003 stage2_skipped=0
[ATOMCOLOR-PAIR-DETAIL] phase=prep_start depth=0 feature=4 rows=31717 atoms=0 groups=0 elapsed_sec=0.000
[ATOMCOLOR-PAIR-DETAIL] phase=prep_done depth=0 feature=4 rows=31717 atoms=0 groups=0 elapsed_sec=0.004
[ATOMCOLOR-PAIR-DETAIL] phase=family_dict_done depth=0 feature=4 rows=31717 atoms=32 groups=0 elapsed_sec=0.010
[ATOMCOLOR-PAIR-DETAIL] phase=family_group_done depth=0 feature=4 rows=31717 atoms=32 groups=2 elapsed_sec=0.001 stage2_skipped=0
[ATOMCOLOR-PAIR-DETAIL] phase=family_group_done depth=0 feature=4 rows=31717 atoms=32 groups=3 elapsed_sec=0.003 stage2_skipped=0
[ATOMCOLOR-PAIR-DETAIL] phase=prep_start depth=0 feature=5 rows=31717 atoms=0 groups=0 elapsed_sec=0.000
[ATOMCOLOR-PAIR-DETAIL] phase=prep_done depth=0 feature=5 rows=31717 atoms=0 groups=0 elapsed_sec=0.004
[ATOMCOLOR-PAIR-DETAIL] phase=family_dict_done depth=0 feature=5 rows=31717 atoms=32 groups=0 elapsed_sec=0.010
[ATOMCOLOR-PAIR-DETAIL] phase=family_group_done depth=0 feature=5 rows=31717 atoms=32 groups=2 elapsed_sec=0.001 stage2_skipped=0
[ATOMCOLOR-PAIR-DETAIL] phase=family_group_done depth=0 feature=5 rows=31717 atoms=32 groups=3 elapsed_sec=0.003 stage2_skipped=0
[ATOMCOLOR-PAIR-DETAIL] phase=prep_start depth=0 feature=6 rows=31717 atoms=0 groups=0 elapsed_sec=0.000
[ATOMCOLOR-PAIR-DETAIL] phase=prep_done depth=0 feature=6 rows=31717 atoms=0 groups=0 elapsed_sec=0.004
[ATOMCOLOR-PAIR-DETAIL] phase=family_dict_done depth=0 feature=6 rows=31717 atoms=32 groups=0 elapsed_sec=0.010
[ATOMCOLOR-PAIR-DETAIL] phase=family_group_done depth=0 feature=6 rows=31717 atoms=32 groups=2 elapsed_sec=0.001 stage2_skipped=0
[ATOMCOLOR-PAIR-DETAIL] phase=family_group_done depth=0 feature=6 rows=31717 atoms=32 groups=3 elapsed_sec=0.002 stage2_skipped=0
[ATOMCOLOR-PAIR-DETAIL] phase=prep_start depth=0 feature=7 rows=31717 atoms=0 groups=0 elapsed_sec=0.000
[ATOMCOLOR-PAIR-DETAIL] phase=prep_done depth=0 feature=7 rows=31717 atoms=0 groups=0 elapsed_sec=0.003
[ATOMCOLOR-PAIR-DETAIL] phase=family_dict_done depth=0 feature=7 rows=31717 atoms=2 groups=0 elapsed_sec=0.000
[ATOMCOLOR-PAIR-DETAIL] phase=family_group_done depth=0 feature=7 rows=31717 atoms=2 groups=2 elapsed_sec=0.000 stage2_skipped=0
[ATOMCOLOR-PAIR-DETAIL] phase=prep_start depth=0 feature=8 rows=31717 atoms=0 groups=0 elapsed_sec=0.000
[ATOMCOLOR-PAIR-DETAIL] phase=prep_done depth=0 feature=8 rows=31717 atoms=0 groups=0 elapsed_sec=0.003
[ATOMCOLOR-PAIR-DETAIL] phase=family_dict_done depth=0 feature=8 rows=31717 atoms=2 groups=0 elapsed_sec=0.000
[ATOMCOLOR-PAIR-DETAIL] phase=family_group_done depth=0 feature=8 rows=31717 atoms=2 groups=2 elapsed_sec=0.000 stage2_skipped=0
[ATOMCOLOR-PAIR-DETAIL] phase=prep_start depth=0 feature=9 rows=31717 atoms=0 groups=0 elapsed_sec=0.000
[ATOMCOLOR-PAIR-DETAIL] phase=prep_done depth=0 feature=9 rows=31717 atoms=0 groups=0 elapsed_sec=0.003
[ATOMCOLOR-PAIR-DETAIL] phase=family_dict_done depth=0 feature=9 rows=31717 atoms=2 groups=0 elapsed_sec=0.000
[ATOMCOLOR-PAIR-DETAIL] phase=family_group_done depth=0 feature=9 rows=31717 atoms=2 groups=2 elapsed_sec=0.000 stage2_skipped=0
[ATOMCOLOR-PAIR-DETAIL] phase=prep_start depth=0 feature=10 rows=31717 atoms=0 groups=0 elapsed_sec=0.000
[ATOMCOLOR-PAIR-DETAIL] phase=prep_done depth=0 feature=10 rows=31717 atoms=0 groups=0 elapsed_sec=0.003
[ATOMCOLOR-PAIR-DETAIL] phase=family_dict_done depth=0 feature=10 rows=31717 atoms=2 groups=0 elapsed_sec=0.000
[ATOMCOLOR-PAIR-DETAIL] phase=family_group_done depth=0 feature=10 rows=31717 atoms=2 groups=2 elapsed_sec=0.000 stage2_skipped=0
[ATOMCOLOR-PAIR-DETAIL] phase=prep_start depth=0 feature=11 rows=31717 atoms=0 groups=0 elapsed_sec=0.000
[ATOMCOLOR-PAIR-DETAIL] phase=prep_done depth=0 feature=11 rows=31717 atoms=0 groups=0 elapsed_sec=0.003
[ATOMCOLOR-PAIR-DETAIL] phase=family_dict_done depth=0 feature=11 rows=31717 atoms=2 groups=0 elapsed_sec=0.000
[ATOMCOLOR-PAIR-DETAIL] phase=family_group_done depth=0 feature=11 rows=31717 atoms=2 groups=2 elapsed_sec=0.000 stage2_skipped=0
[ATOMCOLOR-PAIR-DETAIL] phase=prep_start depth=0 feature=12 rows=31717 atoms=0 groups=0 elapsed_sec=0.000
[ATOMCOLOR-PAIR-DETAIL] phase=prep_done depth=0 feature=12 rows=31717 atoms=0 groups=0 elapsed_sec=0.003
[ATOMCOLOR-PAIR-DETAIL] phase=family_dict_done depth=0 feature=12 rows=31717 atoms=2 groups=0 elapsed_sec=0.000
[ATOMCOLOR-PAIR-DETAIL] phase=family_group_done depth=0 feature=12 rows=31717 atoms=2 groups=2 elapsed_sec=0.000 stage2_skipped=0
[ATOMCOLOR-PAIR-DETAIL] phase=prep_start depth=0 feature=13 rows=31717 atoms=0 groups=0 elapsed_sec=0.000
[ATOMCOLOR-PAIR-DETAIL] phase=prep_done depth=0 feature=13 rows=31717 atoms=0 groups=0 elapsed_sec=0.003
[ATOMCOLOR-PAIR-DETAIL] phase=family_dict_done depth=0 feature=13 rows=31717 atoms=2 groups=0 elapsed_sec=0.000
[ATOMCOLOR-PAIR-DETAIL] phase=family_group_done depth=0 feature=13 rows=31717 atoms=2 groups=2 elapsed_sec=0.000 stage2_skipped=0
[ATOMCOLOR-PAIR-PROFILE] phase=broad_done depth=0 rows=31717 features_done=14/14 pairs=21 feasible_pairs=21 exactify_calls=0 exactify_feasible=0 exactify_aborted=0 prep_sec=0.049 family_sec=0.087 bounds_sec=0.049 exactify_sec=0.000 incumbent_f=-1 incumbent_g=-1 incumbent_ub=inf node_lb=inf max_ambiguity=inf pending_pairs=21 elapsed_sec=0.202
[ATOMCOLOR-PAIR-STEP] phase=greedy_ub_done depth=0 rows=31717 feature=2 groups=2 lb_before=2e-08 ub_before=0.241510881683 lb_after=2e-08 ub_after=0.241510881683 elapsed_sec=0.004593
[ATOMCOLOR-PAIR-STEP] phase=local_exact_done depth=0 rows=31717 feature=2 groups=2 lb_before=2e-08 ub_before=0.241510881683 lb_after=2e-08 ub_after=0.241510881683 elapsed_sec=0.001239 stage1_exact=1 stage2_states=0 max_states=3
[ATOMCOLOR-PAIR-STEP] phase=greedy_ub_done depth=0 rows=31717 feature=2 groups=2 lb_before=2e-08 ub_before=0.241510881683 lb_after=2e-08 ub_after=0.241510881683 elapsed_sec=0.000884
[ATOMCOLOR-PAIR-PROFILE] phase=start depth=1 rows=21706 features_done=0/14 pairs=0 feasible_pairs=0 exactify_calls=0 exactify_feasible=0 exactify_aborted=0 prep_sec=0.000 family_sec=0.000 bounds_sec=0.000 exactify_sec=0.000 incumbent_f=-1 incumbent_g=-1 incumbent_ub=inf node_lb=inf max_ambiguity=inf pending_pairs=0 elapsed_sec=0.000
[ATOMCOLOR-PAIR-DETAIL] phase=prep_start depth=1 feature=0 rows=21706 atoms=0 groups=0 elapsed_sec=0.000
[ATOMCOLOR-PAIR-DETAIL] phase=prep_done depth=1 feature=0 rows=21706 atoms=0 groups=0 elapsed_sec=0.003
[ATOMCOLOR-PAIR-DETAIL] phase=family_dict_done depth=1 feature=0 rows=21706 atoms=32 groups=0 elapsed_sec=0.010
[ATOMCOLOR-PAIR-DETAIL] phase=family_group_done depth=1 feature=0 rows=21706 atoms=32 groups=2 elapsed_sec=0.001 stage2_skipped=0
[ATOMCOLOR-PAIR-DETAIL] phase=family_group_done depth=1 feature=0 rows=21706 atoms=32 groups=3 elapsed_sec=0.003 stage2_skipped=0
[ATOMCOLOR-PAIR-DETAIL] phase=prep_start depth=1 feature=1 rows=21706 atoms=0 groups=0 elapsed_sec=0.000
[ATOMCOLOR-PAIR-DETAIL] phase=prep_done depth=1 feature=1 rows=21706 atoms=0 groups=0 elapsed_sec=0.002
[ATOMCOLOR-PAIR-DETAIL] phase=family_dict_done depth=1 feature=1 rows=21706 atoms=32 groups=0 elapsed_sec=0.000
[ATOMCOLOR-PAIR-DETAIL] phase=family_group_done depth=1 feature=1 rows=21706 atoms=32 groups=2 elapsed_sec=0.001 stage2_skipped=0
[ATOMCOLOR-PAIR-DETAIL] phase=family_group_done depth=1 feature=1 rows=21706 atoms=32 groups=3 elapsed_sec=0.002 stage2_skipped=0
[ATOMCOLOR-PAIR-DETAIL] phase=prep_start depth=1 feature=2 rows=21706 atoms=0 groups=0 elapsed_sec=0.000
[ATOMCOLOR-PAIR-DETAIL] phase=prep_fail depth=1 feature=2 rows=21706 atoms=0 groups=0 elapsed_sec=0.002
[ATOMCOLOR-PAIR-DETAIL] phase=prep_start depth=1 feature=3 rows=21706 atoms=0 groups=0 elapsed_sec=0.000
[ATOMCOLOR-PAIR-DETAIL] phase=prep_done depth=1 feature=3 rows=21706 atoms=0 groups=0 elapsed_sec=0.003
[ATOMCOLOR-PAIR-DETAIL] phase=family_dict_done depth=1 feature=3 rows=21706 atoms=32 groups=0 elapsed_sec=0.010
[ATOMCOLOR-PAIR-DETAIL] phase=family_group_done depth=1 feature=3 rows=21706 atoms=32 groups=2 elapsed_sec=0.001 stage2_skipped=0
[ATOMCOLOR-PAIR-DETAIL] phase=family_group_done depth=1 feature=3 rows=21706 atoms=32 groups=3 elapsed_sec=0.003 stage2_skipped=0
[ATOMCOLOR-PAIR-DETAIL] phase=prep_start depth=1 feature=4 rows=21706 atoms=0 groups=0 elapsed_sec=0.000
[ATOMCOLOR-PAIR-DETAIL] phase=prep_done depth=1 feature=4 rows=21706 atoms=0 groups=0 elapsed_sec=0.003
[ATOMCOLOR-PAIR-DETAIL] phase=family_dict_done depth=1 feature=4 rows=21706 atoms=28 groups=0 elapsed_sec=0.010
[ATOMCOLOR-PAIR-DETAIL] phase=family_group_done depth=1 feature=4 rows=21706 atoms=28 groups=2 elapsed_sec=0.001 stage2_skipped=0
[ATOMCOLOR-PAIR-DETAIL] phase=family_group_done depth=1 feature=4 rows=21706 atoms=28 groups=3 elapsed_sec=0.005 stage2_skipped=0
[ATOMCOLOR-PAIR-DETAIL] phase=prep_start depth=1 feature=5 rows=21706 atoms=0 groups=0 elapsed_sec=0.000
[ATOMCOLOR-PAIR-DETAIL] phase=prep_done depth=1 feature=5 rows=21706 atoms=0 groups=0 elapsed_sec=0.003
[ATOMCOLOR-PAIR-DETAIL] phase=family_dict_done depth=1 feature=5 rows=21706 atoms=32 groups=0 elapsed_sec=0.010
[ATOMCOLOR-PAIR-DETAIL] phase=family_group_done depth=1 feature=5 rows=21706 atoms=32 groups=2 elapsed_sec=0.001 stage2_skipped=0
[ATOMCOLOR-PAIR-DETAIL] phase=family_group_done depth=1 feature=5 rows=21706 atoms=32 groups=3 elapsed_sec=0.003 stage2_skipped=0
[ATOMCOLOR-PAIR-DETAIL] phase=prep_start depth=1 feature=6 rows=21706 atoms=0 groups=0 elapsed_sec=0.000
[ATOMCOLOR-PAIR-DETAIL] phase=prep_done depth=1 feature=6 rows=21706 atoms=0 groups=0 elapsed_sec=0.003
[ATOMCOLOR-PAIR-DETAIL] phase=family_dict_done depth=1 feature=6 rows=21706 atoms=32 groups=0 elapsed_sec=0.010
[ATOMCOLOR-PAIR-DETAIL] phase=family_group_done depth=1 feature=6 rows=21706 atoms=32 groups=2 elapsed_sec=0.001 stage2_skipped=0
[ATOMCOLOR-PAIR-DETAIL] phase=family_group_done depth=1 feature=6 rows=21706 atoms=32 groups=3 elapsed_sec=0.003 stage2_skipped=0
[ATOMCOLOR-PAIR-DETAIL] phase=prep_start depth=1 feature=7 rows=21706 atoms=0 groups=0 elapsed_sec=0.000
[ATOMCOLOR-PAIR-DETAIL] phase=prep_done depth=1 feature=7 rows=21706 atoms=0 groups=0 elapsed_sec=0.002
[ATOMCOLOR-PAIR-DETAIL] phase=family_dict_done depth=1 feature=7 rows=21706 atoms=2 groups=0 elapsed_sec=0.000
[ATOMCOLOR-PAIR-DETAIL] phase=family_group_done depth=1 feature=7 rows=21706 atoms=2 groups=2 elapsed_sec=0.000 stage2_skipped=0
[ATOMCOLOR-PAIR-DETAIL] phase=prep_start depth=1 feature=8 rows=21706 atoms=0 groups=0 elapsed_sec=0.000
[ATOMCOLOR-PAIR-DETAIL] phase=prep_done depth=1 feature=8 rows=21706 atoms=0 groups=0 elapsed_sec=0.002
[ATOMCOLOR-PAIR-DETAIL] phase=family_dict_done depth=1 feature=8 rows=21706 atoms=2 groups=0 elapsed_sec=0.000
[ATOMCOLOR-PAIR-DETAIL] phase=family_group_done depth=1 feature=8 rows=21706 atoms=2 groups=2 elapsed_sec=0.000 stage2_skipped=0
[ATOMCOLOR-PAIR-DETAIL] phase=prep_start depth=1 feature=9 rows=21706 atoms=0 groups=0 elapsed_sec=0.000
[ATOMCOLOR-PAIR-DETAIL] phase=prep_done depth=1 feature=9 rows=21706 atoms=0 groups=0 elapsed_sec=0.002
[ATOMCOLOR-PAIR-DETAIL] phase=family_dict_done depth=1 feature=9 rows=21706 atoms=2 groups=0 elapsed_sec=0.000
[ATOMCOLOR-PAIR-DETAIL] phase=family_group_done depth=1 feature=9 rows=21706 atoms=2 groups=2 elapsed_sec=0.000 stage2_skipped=0
[ATOMCOLOR-PAIR-DETAIL] phase=prep_start depth=1 feature=10 rows=21706 atoms=0 groups=0 elapsed_sec=0.000
[ATOMCOLOR-PAIR-DETAIL] phase=prep_done depth=1 feature=10 rows=21706 atoms=0 groups=0 elapsed_sec=0.002
[ATOMCOLOR-PAIR-DETAIL] phase=family_dict_done depth=1 feature=10 rows=21706 atoms=2 groups=0 elapsed_sec=0.000
[ATOMCOLOR-PAIR-DETAIL] phase=family_group_done depth=1 feature=10 rows=21706 atoms=2 groups=2 elapsed_sec=0.000 stage2_skipped=0
[ATOMCOLOR-PAIR-DETAIL] phase=prep_start depth=1 feature=11 rows=21706 atoms=0 groups=0 elapsed_sec=0.000
[ATOMCOLOR-PAIR-DETAIL] phase=prep_done depth=1 feature=11 rows=21706 atoms=0 groups=0 elapsed_sec=0.002
[ATOMCOLOR-PAIR-DETAIL] phase=family_dict_done depth=1 feature=11 rows=21706 atoms=2 groups=0 elapsed_sec=0.000
[ATOMCOLOR-PAIR-DETAIL] phase=family_group_done depth=1 feature=11 rows=21706 atoms=2 groups=2 elapsed_sec=0.000 stage2_skipped=0
[ATOMCOLOR-PAIR-DETAIL] phase=prep_start depth=1 feature=12 rows=21706 atoms=0 groups=0 elapsed_sec=0.000
[ATOMCOLOR-PAIR-DETAIL] phase=prep_done depth=1 feature=12 rows=21706 atoms=0 groups=0 elapsed_sec=0.002
[ATOMCOLOR-PAIR-DETAIL] phase=family_dict_done depth=1 feature=12 rows=21706 atoms=2 groups=0 elapsed_sec=0.000
[ATOMCOLOR-PAIR-DETAIL] phase=family_group_done depth=1 feature=12 rows=21706 atoms=2 groups=2 elapsed_sec=0.000 stage2_skipped=0
[ATOMCOLOR-PAIR-DETAIL] phase=prep_start depth=1 feature=13 rows=21706 atoms=0 groups=0 elapsed_sec=0.000
[ATOMCOLOR-PAIR-DETAIL] phase=prep_done depth=1 feature=13 rows=21706 atoms=0 groups=0 elapsed_sec=0.002
[ATOMCOLOR-PAIR-DETAIL] phase=family_dict_done depth=1 feature=13 rows=21706 atoms=2 groups=0 elapsed_sec=0.000
[ATOMCOLOR-PAIR-DETAIL] phase=family_group_done depth=1 feature=13 rows=21706 atoms=2 groups=2 elapsed_sec=0.000 stage2_skipped=0
[ATOMCOLOR-PAIR-PROFILE] phase=broad_done depth=1 rows=21706 features_done=13/14 pairs=19 feasible_pairs=19 exactify_calls=0 exactify_feasible=0 exactify_aborted=0 prep_sec=0.034 family_sec=0.077 bounds_sec=0.030 exactify_sec=0.000 incumbent_f=-1 incumbent_g=-1 incumbent_ub=inf node_lb=inf max_ambiguity=inf pending_pairs=19 elapsed_sec=0.155
[ATOMCOLOR-PAIR-STEP] phase=greedy_ub_done depth=1 rows=21706 feature=0 groups=2 lb_before=2e-08 ub_before=0.168111758185 lb_after=2e-08 ub_after=0.168111758185 elapsed_sec=0.003202
[ATOMCOLOR-PAIR-STEP] phase=local_exact_done depth=1 rows=21706 feature=0 groups=2 lb_before=2e-08 ub_before=0.168111758185 lb_after=2e-08 ub_after=0.168111758185 elapsed_sec=0.001228 stage1_exact=1 stage2_states=0 max_states=3
[ATOMCOLOR-PAIR-STEP] phase=greedy_ub_done depth=1 rows=21706 feature=0 groups=2 lb_before=2e-08 ub_before=0.168111758185 lb_after=2e-08 ub_after=0.168111758185 elapsed_sec=0.000620
[ATOMCOLOR-PAIR-STEP] phase=recursive_exact_done depth=1 rows=21706 feature=0 groups=2 lb_before=2e-08 ub_before=0.168111758185 lb_after=0.158747714749 ub_after=0.158747714749 elapsed_sec=0.734591
[ATOMCOLOR-PAIR-ORDER] phase=incumbent depth=1 order=1 feature=0 groups=2 L_a=2e-08 U_a=0.168111758185 gap_before=inf exact_lb=0.158747714749 exact_ub=0.158747714749 survivors_before=19 survivors_after=18 incumbent_before=inf incumbent_after=0.158747714749
[ATOMCOLOR-PAIR-STEP] phase=greedy_ub_done depth=1 rows=21706 feature=0 groups=3 lb_before=3e-08 ub_before=0.168111768185 lb_after=3e-08 ub_after=0.168111768185 elapsed_sec=0.003308
[ATOMCOLOR-PAIR-STEP] phase=local_exact_done depth=1 rows=21706 feature=0 groups=3 lb_before=3e-08 ub_before=0.168111768185 lb_after=3e-08 ub_after=0.168111768185 elapsed_sec=25.408535 stage1_exact=0 stage2_states=11790461 max_states=11789432
[ATOMCOLOR-PAIR-STEP] phase=greedy_ub_done depth=1 rows=21706 feature=0 groups=3 lb_before=3e-08 ub_before=0.168111768185 lb_after=3e-08 ub_after=0.168111768185 elapsed_sec=0.003149
[ATOMCOLOR-PAIR-STEP] phase=recursive_exact_done depth=1 rows=21706 feature=0 groups=3 lb_before=3e-08 ub_before=0.168111768185 lb_after=0.140681723372 ub_after=0.140681723372 elapsed_sec=0.570344
[ATOMCOLOR-PAIR-ORDER] phase=exactify depth=1 order=2 feature=0 groups=3 L_a=3e-08 U_a=0.168111768185 gap_before=0.158747684749 exact_lb=0.140681723372 exact_ub=0.140681723372 survivors_before=18 survivors_after=17 incumbent_before=0.158747714749 incumbent_after=0.140681723372
[ATOMCOLOR-PAIR-PROFILE] phase=exactify depth=1 rows=21706 features_done=13/14 pairs=19 feasible_pairs=19 exactify_calls=2 exactify_feasible=2 exactify_aborted=0 prep_sec=0.034 family_sec=0.077 bounds_sec=0.030 exactify_sec=26.715 incumbent_f=0 incumbent_g=3 incumbent_ub=0.140681723372 node_lb=2e-08 max_ambiguity=0.158747694749 pending_pairs=18 elapsed_sec=26.881
[ATOMCOLOR-PAIR-STEP] phase=greedy_ub_done depth=1 rows=21706 feature=4 groups=2 lb_before=2e-08 ub_before=0.170035017005 lb_after=2e-08 ub_after=0.170035017005 elapsed_sec=0.003275
[ATOMCOLOR-PAIR-STEP] phase=local_exact_done depth=1 rows=21706 feature=4 groups=2 lb_before=2e-08 ub_before=0.170035017005 lb_after=2e-08 ub_after=0.170035017005 elapsed_sec=0.001511 stage1_exact=1 stage2_states=0 max_states=17
[ATOMCOLOR-PAIR-STEP] phase=greedy_ub_done depth=1 rows=21706 feature=4 groups=2 lb_before=2e-08 ub_before=0.170035017005 lb_after=2e-08 ub_after=0.170035017005 elapsed_sec=0.000603
[ATOMCOLOR-PAIR-STEP] phase=recursive_exact_aborted depth=1 rows=21706 feature=4 groups=2 lb_before=2e-08 ub_before=0.170035017005 lb_after=0.159598983243 ub_after=inf elapsed_sec=0.624437
[ATOMCOLOR-PAIR-ORDER] phase=exactify depth=1 order=3 feature=4 groups=2 L_a=2e-08 U_a=0.170035017005 gap_before=0.140681703372 exact_lb=0.159598983243 exact_ub=inf survivors_before=17 survivors_after=16 incumbent_before=0.140681723372 incumbent_after=0.140681723372
[ATOMCOLOR-PAIR-PROFILE] phase=exactify depth=1 rows=21706 features_done=13/14 pairs=19 feasible_pairs=19 exactify_calls=3 exactify_feasible=2 exactify_aborted=1 prep_sec=0.034 family_sec=0.077 bounds_sec=0.030 exactify_sec=27.341 incumbent_f=0 incumbent_g=3 incumbent_ub=0.140681723372 node_lb=2e-08 max_ambiguity=0.140681703372 pending_pairs=17 elapsed_sec=27.511
[ATOMCOLOR-PAIR-STEP] phase=greedy_ub_done depth=1 rows=21706 feature=4 groups=3 lb_before=3e-08 ub_before=0.170035027005 lb_after=3e-08 ub_after=0.170035027005 elapsed_sec=0.003275
[ATOMCOLOR-PAIR-STEP] phase=local_exact_done depth=1 rows=21706 feature=4 groups=3 lb_before=3e-08 ub_before=0.170035027005 lb_after=3e-08 ub_after=0.170035027005 elapsed_sec=0.595102 stage1_exact=0 stage2_states=578575 max_states=577536
[ATOMCOLOR-PAIR-STEP] phase=greedy_ub_done depth=1 rows=21706 feature=4 groups=3 lb_before=3e-08 ub_before=0.170035027005 lb_after=3e-08 ub_after=0.170035027005 elapsed_sec=0.003144
[ATOMCOLOR-PAIR-STEP] phase=recursive_exact_aborted depth=1 rows=21706 feature=4 groups=3 lb_before=3e-08 ub_before=0.170035027005 lb_after=0.147145134161 ub_after=inf elapsed_sec=0.637376
[ATOMCOLOR-PAIR-ORDER] phase=exactify depth=1 order=4 feature=4 groups=3 L_a=3e-08 U_a=0.170035027005 gap_before=0.140681693372 exact_lb=0.147145134161 exact_ub=inf survivors_before=16 survivors_after=15 incumbent_before=0.140681723372 incumbent_after=0.140681723372
[ATOMCOLOR-PAIR-PROFILE] phase=exactify depth=1 rows=21706 features_done=13/14 pairs=19 feasible_pairs=19 exactify_calls=4 exactify_feasible=2 exactify_aborted=2 prep_sec=0.034 family_sec=0.077 bounds_sec=0.030 exactify_sec=28.573 incumbent_f=0 incumbent_g=3 incumbent_ub=0.140681723372 node_lb=2e-08 max_ambiguity=0.140681703372 pending_pairs=16 elapsed_sec=28.750
[ATOMCOLOR-PAIR-STEP] phase=greedy_ub_done depth=1 rows=21706 feature=5 groups=2 lb_before=2e-08 ub_before=0.172021333491 lb_after=2e-08 ub_after=0.172021333491 elapsed_sec=0.003297
[ATOMCOLOR-PAIR-STEP] phase=local_exact_done depth=1 rows=21706 feature=5 groups=2 lb_before=2e-08 ub_before=0.172021333491 lb_after=2e-08 ub_after=0.172021333491 elapsed_sec=0.001558 stage1_exact=0 stage2_states=34 max_states=33
[ATOMCOLOR-PAIR-STEP] phase=greedy_ub_done depth=1 rows=21706 feature=5 groups=2 lb_before=2e-08 ub_before=0.172021333491 lb_after=2e-08 ub_after=0.172021333491 elapsed_sec=0.000604
[ATOMCOLOR-PAIR-STEP] phase=recursive_exact_aborted depth=1 rows=21706 feature=5 groups=2 lb_before=2e-08 ub_before=0.172021333491 lb_after=0.161427655564 ub_after=inf elapsed_sec=0.653991
[ATOMCOLOR-PAIR-ORDER] phase=exactify depth=1 order=5 feature=5 groups=2 L_a=2e-08 U_a=0.172021333491 gap_before=0.140681703372 exact_lb=0.161427655564 exact_ub=inf survivors_before=15 survivors_after=14 incumbent_before=0.140681723372 incumbent_after=0.140681723372
[ATOMCOLOR-PAIR-PROFILE] phase=exactify depth=1 rows=21706 features_done=13/14 pairs=19 feasible_pairs=19 exactify_calls=5 exactify_feasible=2 exactify_aborted=3 prep_sec=0.034 family_sec=0.077 bounds_sec=0.030 exactify_sec=29.229 incumbent_f=0 incumbent_g=3 incumbent_ub=0.140681723372 node_lb=2e-08 max_ambiguity=0.140681703372 pending_pairs=15 elapsed_sec=29.409
[ATOMCOLOR-PAIR-STEP] phase=greedy_ub_done depth=1 rows=21706 feature=5 groups=3 lb_before=3e-08 ub_before=0.172021343491 lb_after=3e-08 ub_after=0.172021343491 elapsed_sec=0.003279
[ATOMCOLOR-PAIR-STEP] phase=local_exact_done depth=1 rows=21706 feature=5 groups=3 lb_before=3e-08 ub_before=0.172021343491 lb_after=3e-08 ub_after=0.172021343491 elapsed_sec=4.469315 stage1_exact=0 stage2_states=3572879 max_states=3564826
[ATOMCOLOR-PAIR-STEP] phase=greedy_ub_done depth=1 rows=21706 feature=5 groups=3 lb_before=3e-08 ub_before=0.172021343491 lb_after=3e-08 ub_after=0.172021343491 elapsed_sec=0.003177
[ATOMCOLOR-PAIR-STEP] phase=recursive_exact_aborted depth=1 rows=21706 feature=5 groups=3 lb_before=3e-08 ub_before=0.172021343491 lb_after=0.156509197597 ub_after=inf elapsed_sec=0.603412
[ATOMCOLOR-PAIR-ORDER] phase=exactify depth=1 order=6 feature=5 groups=3 L_a=3e-08 U_a=0.172021343491 gap_before=0.140681693372 exact_lb=0.156509197597 exact_ub=inf survivors_before=14 survivors_after=13 incumbent_before=0.140681723372 incumbent_after=0.140681723372
[ATOMCOLOR-PAIR-PROFILE] phase=exactify depth=1 rows=21706 features_done=13/14 pairs=19 feasible_pairs=19 exactify_calls=6 exactify_feasible=2 exactify_aborted=4 prep_sec=0.034 family_sec=0.077 bounds_sec=0.030 exactify_sec=34.301 incumbent_f=0 incumbent_g=3 incumbent_ub=0.140681723372 node_lb=2e-08 max_ambiguity=0.140681703372 pending_pairs=14 elapsed_sec=34.489
[ATOMCOLOR-PAIR-STEP] phase=greedy_ub_done depth=1 rows=21706 feature=3 groups=2 lb_before=2e-08 ub_before=0.173850005812 lb_after=2e-08 ub_after=0.173850005812 elapsed_sec=0.003350
[ATOMCOLOR-PAIR-STEP] phase=local_exact_done depth=1 rows=21706 feature=3 groups=2 lb_before=2e-08 ub_before=0.173850005812 lb_after=2e-08 ub_after=0.173850005812 elapsed_sec=0.001274 stage1_exact=1 stage2_states=0 max_states=3
[ATOMCOLOR-PAIR-STEP] phase=greedy_ub_done depth=1 rows=21706 feature=3 groups=2 lb_before=2e-08 ub_before=0.173850005812 lb_after=2e-08 ub_after=0.173850005812 elapsed_sec=0.000615
[ATOMCOLOR-PAIR-STEP] phase=recursive_exact_aborted depth=1 rows=21706 feature=3 groups=2 lb_before=2e-08 ub_before=0.173850005812 lb_after=0.166724499527 ub_after=inf elapsed_sec=0.663691
[ATOMCOLOR-PAIR-ORDER] phase=exactify depth=1 order=7 feature=3 groups=2 L_a=2e-08 U_a=0.173850005812 gap_before=0.140681703372 exact_lb=0.166724499527 exact_ub=inf survivors_before=13 survivors_after=12 incumbent_before=0.140681723372 incumbent_after=0.140681723372
[ATOMCOLOR-PAIR-PROFILE] phase=exactify depth=1 rows=21706 features_done=13/14 pairs=19 feasible_pairs=19 exactify_calls=7 exactify_feasible=2 exactify_aborted=5 prep_sec=0.034 family_sec=0.077 bounds_sec=0.030 exactify_sec=34.966 incumbent_f=0 incumbent_g=3 incumbent_ub=0.140681723372 node_lb=2e-08 max_ambiguity=0.140681703372 pending_pairs=13 elapsed_sec=35.158
[ATOMCOLOR-PAIR-STEP] phase=greedy_ub_done depth=1 rows=21706 feature=3 groups=3 lb_before=3e-08 ub_before=0.173850015812 lb_after=3e-08 ub_after=0.173850015812 elapsed_sec=0.003182
[2026-03-15T20:14:54.817] error: *** JOB 10736728 ON compsci-cluster-fitz-47 CANCELLED AT 2026-03-15T20:14:54 DUE to SIGNAL Terminated ***
