[2026-03-13T02:57:51] loading electricity
[2026-03-13T02:57:51] splitting train/val
[2026-03-13T02:57:51] preprocessing fit
[2026-03-13T02:57:51] preprocessing val
[2026-03-13T02:57:51] binner fit start
[2026-03-13T02:57:57] binner fit done
[2026-03-13T02:57:57] binner transform fit
[2026-03-13T02:57:57] feature 0 debug start
[2026-03-13T02:59:45] feature 0 debug done
{
  "0": {
    "feature_name": "num__date",
    "atoms": 32,
    "stage2_state_calls": null,
    "max_seen_states": null,
    "best_leaf_cost": null,
    "coarse_bucket_count": null,
    "coarse_bucket_max_size": null,
    "support_bucket_count": null,
    "support_bucket_max_size": null,
    "coarse_top_buckets": [],
    "support_top_buckets": []
  }
}
