Job started on compsci-cluster-fitz-49 at Mon Feb 16 01:03:41 PM EST 2026
CPU settings: total_cpus=40, parallel_trials=40, threads_per_trial=1, split_threads=1, lgb_threads=1, xgb_threads=2
Optuna settings: enable=1, trials=10, val_size=0.2, seed=0, timeout_sec=0, cpu_target=0.93, max_active_studies=0
SPLIT native backend import OK
[compare] running: /home/users/yz1075/mdst/.venv/bin/python run_multisplit_experiments_cart.py --run-name compare_20260216_130344_cart --datasets electricity eye-movements eye-state --depth-budgets 2 3 4 5 6 --seeds 0 1 2 3 4 --test-size 0.2 --time-limit 1200.0 --lookahead-cap 3 --max-bins 6 --min-samples-leaf 8 --min-child-size 8 --max-branching 0 --reg 0.01 --branch-penalty 0.002 --parallel-trials 40 --threads-per-trial 1 --optuna-trials 10 --optuna-val-size 0.2 --optuna-seed 0 --optuna-timeout-sec 0.0 --cpu-utilization-target 0.93 --optuna-max-active-studies 0 --results-root results/comparison/compare_20260216_130344/_tmp/runs_cart/compare_20260216_130344_cart --stable-results-dir results/comparison/compare_20260216_130344/_tmp/stable_cart --no-package-artifacts --optuna-enable --tree-artifacts-dir results/comparison/compare_20260216_130344/tree_artifacts/cart_mssplit_all
[2026-02-16T13:03:47-05:00] Starting multisplit experiment run.
[2026-02-16T13:03:47-05:00] run_name=compare_20260216_130344_cart
[2026-02-16T13:03:47-05:00] run_dir=/home/users/yz1075/mdst/results/comparison/compare_20260216_130344/_tmp/runs_cart/compare_20260216_130344_cart/compare_20260216_130344_cart
[2026-02-16T13:03:47-05:00] parallel settings: parallel_trials=40, threads_per_trial=1, core_budget=40, effective_core_budget=37, effective_parallel_trials=37, cpu_target=0.93
[2026-02-16T13:03:47-05:00] OpenML cache directory set to /home/users/yz1075/mdst/results/openml_cache
[2026-02-16T13:03:47-05:00] Loading dataset=electricity
[2026-02-16T13:03:47-05:00] dataset=electricity, class_prevalence(max class)=0.5755
[2026-02-16T13:03:47-05:00] Loading dataset=eye-movements
[2026-02-16T13:03:47-05:00] dataset=eye-movements, class_prevalence(max class)=0.5000
[2026-02-16T13:03:47-05:00] Loading dataset=eye-state
[2026-02-16T13:03:47-05:00] dataset=eye-state, class_prevalence(max class)=0.5512
[2026-02-16T13:03:47-05:00] optuna scheduling: studies=15, active_studies=12, jobs_per_study=3, effective_slots=37, effective_core_budget=37/40
[2026-02-16T16:04:26-05:00] optuna best params saved: /home/users/yz1075/mdst/results/comparison/compare_20260216_130344/_tmp/runs_cart/compare_20260216_130344_cart/compare_20260216_130344_cart/optuna/best_params.csv
[2026-02-16T16:04:26-05:00] dataset=electricity, depth=2, lookahead=1, seeds=[0, 1, 2, 3, 4], tuned=True
[2026-02-16T16:04:26-05:00] dataset=electricity, depth=3, lookahead=1, seeds=[0, 1, 2, 3, 4], tuned=True
[2026-02-16T16:04:26-05:00] dataset=electricity, depth=4, lookahead=2, seeds=[0, 1, 2, 3, 4], tuned=True
[2026-02-16T16:04:26-05:00] dataset=electricity, depth=5, lookahead=3, seeds=[0, 1, 2, 3, 4], tuned=True
[2026-02-16T16:04:26-05:00] dataset=electricity, depth=6, lookahead=1, seeds=[0, 1, 2, 3, 4], tuned=True
[2026-02-16T16:04:26-05:00] dataset=eye-movements, depth=2, lookahead=1, seeds=[0, 1, 2, 3, 4], tuned=True
[2026-02-16T16:04:26-05:00] dataset=eye-movements, depth=3, lookahead=1, seeds=[0, 1, 2, 3, 4], tuned=True
[2026-02-16T16:04:26-05:00] dataset=eye-movements, depth=4, lookahead=2, seeds=[0, 1, 2, 3, 4], tuned=True
[2026-02-16T16:04:26-05:00] dataset=eye-movements, depth=5, lookahead=1, seeds=[0, 1, 2, 3, 4], tuned=True
[2026-02-16T16:04:26-05:00] dataset=eye-movements, depth=6, lookahead=2, seeds=[0, 1, 2, 3, 4], tuned=True
[2026-02-16T16:04:26-05:00] dataset=eye-state, depth=2, lookahead=1, seeds=[0, 1, 2, 3, 4], tuned=True
[2026-02-16T16:04:26-05:00] dataset=eye-state, depth=3, lookahead=2, seeds=[0, 1, 2, 3, 4], tuned=True
[2026-02-16T16:04:26-05:00] dataset=eye-state, depth=4, lookahead=3, seeds=[0, 1, 2, 3, 4], tuned=True
[2026-02-16T16:04:26-05:00] dataset=eye-state, depth=5, lookahead=2, seeds=[0, 1, 2, 3, 4], tuned=True
[2026-02-16T16:04:26-05:00] dataset=eye-state, depth=6, lookahead=1, seeds=[0, 1, 2, 3, 4], tuned=True
[2026-02-16T16:04:26-05:00] executing 75 pending trials across 3 dataset(s) with parallel_workers=37, threads_per_trial=1, effective_core_budget=37/40
Saved run profile: /home/users/yz1075/mdst/results/comparison/compare_20260216_130344/run_profile.json
Saved time profile: /home/users/yz1075/mdst/results/comparison/compare_20260216_130344/run_profile.time.log
Saved command log: /home/users/yz1075/mdst/results/comparison/compare_20260216_130344/run_profile.cmd.txt
