[ATOMCOLOR-PAIR-PROFILE] phase=start depth=0 rows=31717 features_done=0/14 pairs=0 feasible_pairs=0 exactify_calls=0 exactify_feasible=0 exactify_aborted=0 prep_sec=0.000 family_sec=0.000 bounds_sec=0.000 exactify_sec=0.000 incumbent_f=-1 incumbent_g=-1 incumbent_ub=inf node_lb=inf max_ambiguity=inf pending_pairs=0 elapsed_sec=0.000
[ATOMCOLOR-PAIR-DETAIL] phase=prep_start depth=0 feature=0 rows=31717 atoms=0 groups=0 elapsed_sec=0.000
[ATOMCOLOR-PAIR-DETAIL] phase=prep_done depth=0 feature=0 rows=31717 atoms=0 groups=0 elapsed_sec=0.001
[ATOMCOLOR-PAIR-DETAIL] phase=family_dict_done depth=0 feature=0 rows=31717 atoms=32 groups=0 elapsed_sec=0.001
[ATOMCOLOR-PAIR-DETAIL] phase=family_group_done depth=0 feature=0 rows=31717 atoms=32 groups=2 elapsed_sec=0.000 stage2_skipped=0
[ATOMCOLOR-PAIR-DETAIL] phase=family_group_done depth=0 feature=0 rows=31717 atoms=32 groups=3 elapsed_sec=0.000 stage2_skipped=0
[ATOMCOLOR-PAIR-DETAIL] phase=prep_start depth=0 feature=1 rows=31717 atoms=0 groups=0 elapsed_sec=0.000
[ATOMCOLOR-PAIR-DETAIL] phase=prep_done depth=0 feature=1 rows=31717 atoms=0 groups=0 elapsed_sec=0.000
[ATOMCOLOR-PAIR-DETAIL] phase=family_dict_done depth=0 feature=1 rows=31717 atoms=32 groups=0 elapsed_sec=0.000
[ATOMCOLOR-PAIR-DETAIL] phase=family_group_done depth=0 feature=1 rows=31717 atoms=32 groups=2 elapsed_sec=0.000 stage2_skipped=0
[ATOMCOLOR-PAIR-DETAIL] phase=family_group_done depth=0 feature=1 rows=31717 atoms=32 groups=3 elapsed_sec=0.000 stage2_skipped=0
[ATOMCOLOR-PAIR-DETAIL] phase=prep_start depth=0 feature=2 rows=31717 atoms=0 groups=0 elapsed_sec=0.000
[ATOMCOLOR-PAIR-DETAIL] phase=prep_done depth=0 feature=2 rows=31717 atoms=0 groups=0 elapsed_sec=0.000
[ATOMCOLOR-PAIR-DETAIL] phase=family_dict_done depth=0 feature=2 rows=31717 atoms=32 groups=0 elapsed_sec=0.001
[ATOMCOLOR-PAIR-DETAIL] phase=family_group_done depth=0 feature=2 rows=31717 atoms=32 groups=2 elapsed_sec=0.000 stage2_skipped=0
[ATOMCOLOR-PAIR-DETAIL] phase=family_group_done depth=0 feature=2 rows=31717 atoms=32 groups=3 elapsed_sec=0.000 stage2_skipped=0
[ATOMCOLOR-PAIR-DETAIL] phase=prep_start depth=0 feature=3 rows=31717 atoms=0 groups=0 elapsed_sec=0.000
[ATOMCOLOR-PAIR-DETAIL] phase=prep_done depth=0 feature=3 rows=31717 atoms=0 groups=0 elapsed_sec=0.000
[ATOMCOLOR-PAIR-DETAIL] phase=family_dict_done depth=0 feature=3 rows=31717 atoms=32 groups=0 elapsed_sec=0.001
[ATOMCOLOR-PAIR-DETAIL] phase=family_group_done depth=0 feature=3 rows=31717 atoms=32 groups=2 elapsed_sec=0.000 stage2_skipped=0
[ATOMCOLOR-PAIR-DETAIL] phase=family_group_done depth=0 feature=3 rows=31717 atoms=32 groups=3 elapsed_sec=0.000 stage2_skipped=0
[ATOMCOLOR-PAIR-DETAIL] phase=prep_start depth=0 feature=4 rows=31717 atoms=0 groups=0 elapsed_sec=0.000
[ATOMCOLOR-PAIR-DETAIL] phase=prep_done depth=0 feature=4 rows=31717 atoms=0 groups=0 elapsed_sec=0.000
[ATOMCOLOR-PAIR-DETAIL] phase=family_dict_done depth=0 feature=4 rows=31717 atoms=32 groups=0 elapsed_sec=0.001
[ATOMCOLOR-PAIR-DETAIL] phase=family_group_done depth=0 feature=4 rows=31717 atoms=32 groups=2 elapsed_sec=0.000 stage2_skipped=0
[ATOMCOLOR-PAIR-DETAIL] phase=family_group_done depth=0 feature=4 rows=31717 atoms=32 groups=3 elapsed_sec=0.000 stage2_skipped=0
[ATOMCOLOR-PAIR-DETAIL] phase=prep_start depth=0 feature=5 rows=31717 atoms=0 groups=0 elapsed_sec=0.000
[ATOMCOLOR-PAIR-DETAIL] phase=prep_done depth=0 feature=5 rows=31717 atoms=0 groups=0 elapsed_sec=0.000
[ATOMCOLOR-PAIR-DETAIL] phase=family_dict_done depth=0 feature=5 rows=31717 atoms=32 groups=0 elapsed_sec=0.001
[ATOMCOLOR-PAIR-DETAIL] phase=family_group_done depth=0 feature=5 rows=31717 atoms=32 groups=2 elapsed_sec=0.000 stage2_skipped=0
[ATOMCOLOR-PAIR-DETAIL] phase=family_group_done depth=0 feature=5 rows=31717 atoms=32 groups=3 elapsed_sec=0.000 stage2_skipped=0
[ATOMCOLOR-PAIR-DETAIL] phase=prep_start depth=0 feature=6 rows=31717 atoms=0 groups=0 elapsed_sec=0.000
[ATOMCOLOR-PAIR-DETAIL] phase=prep_done depth=0 feature=6 rows=31717 atoms=0 groups=0 elapsed_sec=0.000
[ATOMCOLOR-PAIR-DETAIL] phase=family_dict_done depth=0 feature=6 rows=31717 atoms=32 groups=0 elapsed_sec=0.001
[ATOMCOLOR-PAIR-DETAIL] phase=family_group_done depth=0 feature=6 rows=31717 atoms=32 groups=2 elapsed_sec=0.000 stage2_skipped=0
[ATOMCOLOR-PAIR-DETAIL] phase=family_group_done depth=0 feature=6 rows=31717 atoms=32 groups=3 elapsed_sec=0.000 stage2_skipped=0
[ATOMCOLOR-PAIR-DETAIL] phase=prep_start depth=0 feature=7 rows=31717 atoms=0 groups=0 elapsed_sec=0.000
[ATOMCOLOR-PAIR-DETAIL] phase=prep_done depth=0 feature=7 rows=31717 atoms=0 groups=0 elapsed_sec=0.000
[ATOMCOLOR-PAIR-DETAIL] phase=family_dict_done depth=0 feature=7 rows=31717 atoms=2 groups=0 elapsed_sec=0.000
[ATOMCOLOR-PAIR-DETAIL] phase=family_group_done depth=0 feature=7 rows=31717 atoms=2 groups=2 elapsed_sec=0.000 stage2_skipped=0
[ATOMCOLOR-PAIR-DETAIL] phase=prep_start depth=0 feature=8 rows=31717 atoms=0 groups=0 elapsed_sec=0.000
[ATOMCOLOR-PAIR-DETAIL] phase=prep_done depth=0 feature=8 rows=31717 atoms=0 groups=0 elapsed_sec=0.000
[ATOMCOLOR-PAIR-DETAIL] phase=family_dict_done depth=0 feature=8 rows=31717 atoms=2 groups=0 elapsed_sec=0.000
[ATOMCOLOR-PAIR-DETAIL] phase=family_group_done depth=0 feature=8 rows=31717 atoms=2 groups=2 elapsed_sec=0.000 stage2_skipped=0
[ATOMCOLOR-PAIR-DETAIL] phase=prep_start depth=0 feature=9 rows=31717 atoms=0 groups=0 elapsed_sec=0.000
[ATOMCOLOR-PAIR-DETAIL] phase=prep_done depth=0 feature=9 rows=31717 atoms=0 groups=0 elapsed_sec=0.000
[ATOMCOLOR-PAIR-DETAIL] phase=family_dict_done depth=0 feature=9 rows=31717 atoms=2 groups=0 elapsed_sec=0.000
[ATOMCOLOR-PAIR-DETAIL] phase=family_group_done depth=0 feature=9 rows=31717 atoms=2 groups=2 elapsed_sec=0.000 stage2_skipped=0
[ATOMCOLOR-PAIR-DETAIL] phase=prep_start depth=0 feature=10 rows=31717 atoms=0 groups=0 elapsed_sec=0.000
[ATOMCOLOR-PAIR-DETAIL] phase=prep_done depth=0 feature=10 rows=31717 atoms=0 groups=0 elapsed_sec=0.000
[ATOMCOLOR-PAIR-DETAIL] phase=family_dict_done depth=0 feature=10 rows=31717 atoms=2 groups=0 elapsed_sec=0.000
[ATOMCOLOR-PAIR-DETAIL] phase=family_group_done depth=0 feature=10 rows=31717 atoms=2 groups=2 elapsed_sec=0.000 stage2_skipped=0
[ATOMCOLOR-PAIR-DETAIL] phase=prep_start depth=0 feature=11 rows=31717 atoms=0 groups=0 elapsed_sec=0.000
[ATOMCOLOR-PAIR-DETAIL] phase=prep_done depth=0 feature=11 rows=31717 atoms=0 groups=0 elapsed_sec=0.000
[ATOMCOLOR-PAIR-DETAIL] phase=family_dict_done depth=0 feature=11 rows=31717 atoms=2 groups=0 elapsed_sec=0.000
[ATOMCOLOR-PAIR-DETAIL] phase=family_group_done depth=0 feature=11 rows=31717 atoms=2 groups=2 elapsed_sec=0.000 stage2_skipped=0
[ATOMCOLOR-PAIR-DETAIL] phase=prep_start depth=0 feature=12 rows=31717 atoms=0 groups=0 elapsed_sec=0.000
[ATOMCOLOR-PAIR-DETAIL] phase=prep_done depth=0 feature=12 rows=31717 atoms=0 groups=0 elapsed_sec=0.000
[ATOMCOLOR-PAIR-DETAIL] phase=family_dict_done depth=0 feature=12 rows=31717 atoms=2 groups=0 elapsed_sec=0.000
[ATOMCOLOR-PAIR-DETAIL] phase=family_group_done depth=0 feature=12 rows=31717 atoms=2 groups=2 elapsed_sec=0.000 stage2_skipped=0
[ATOMCOLOR-PAIR-DETAIL] phase=prep_start depth=0 feature=13 rows=31717 atoms=0 groups=0 elapsed_sec=0.000
[ATOMCOLOR-PAIR-DETAIL] phase=prep_done depth=0 feature=13 rows=31717 atoms=0 groups=0 elapsed_sec=0.000
[ATOMCOLOR-PAIR-DETAIL] phase=family_dict_done depth=0 feature=13 rows=31717 atoms=2 groups=0 elapsed_sec=0.000
[ATOMCOLOR-PAIR-DETAIL] phase=family_group_done depth=0 feature=13 rows=31717 atoms=2 groups=2 elapsed_sec=0.000 stage2_skipped=0
[ATOMCOLOR-PAIR-PROFILE] phase=broad_done depth=0 rows=31717 features_done=14/14 pairs=21 feasible_pairs=21 exactify_calls=0 exactify_feasible=0 exactify_aborted=0 prep_sec=0.006 family_sec=0.008 bounds_sec=0.005 exactify_sec=0.000 incumbent_f=-1 incumbent_g=-1 incumbent_ub=inf node_lb=inf max_ambiguity=inf pending_pairs=21 elapsed_sec=0.020
[ATOMCOLOR-PAIR-DETAIL] phase=prep_start depth=1 feature=0 rows=21706 atoms=0 groups=0 elapsed_sec=0.000
[ATOMCOLOR-PAIR-DETAIL] phase=prep_done depth=1 feature=0 rows=21706 atoms=0 groups=0 elapsed_sec=0.000
[ATOMCOLOR-PAIR-DETAIL] phase=prep_start depth=1 feature=1 rows=21706 atoms=0 groups=0 elapsed_sec=0.000
[ATOMCOLOR-PAIR-DETAIL] phase=prep_done depth=1 feature=1 rows=21706 atoms=0 groups=0 elapsed_sec=0.001
[ATOMCOLOR-PAIR-DETAIL] phase=prep_start depth=1 feature=2 rows=21706 atoms=0 groups=0 elapsed_sec=0.000
[ATOMCOLOR-PAIR-DETAIL] phase=prep_fail depth=1 feature=2 rows=21706 atoms=0 groups=0 elapsed_sec=0.001
[ATOMCOLOR-PAIR-DETAIL] phase=prep_start depth=1 feature=3 rows=21706 atoms=0 groups=0 elapsed_sec=0.000
[ATOMCOLOR-PAIR-DETAIL] phase=prep_done depth=1 feature=3 rows=21706 atoms=0 groups=0 elapsed_sec=0.000
[ATOMCOLOR-PAIR-DETAIL] phase=prep_start depth=1 feature=4 rows=21706 atoms=0 groups=0 elapsed_sec=0.000
[ATOMCOLOR-PAIR-DETAIL] phase=prep_done depth=1 feature=4 rows=21706 atoms=0 groups=0 elapsed_sec=0.001
[ATOMCOLOR-PAIR-DETAIL] phase=prep_start depth=1 feature=5 rows=21706 atoms=0 groups=0 elapsed_sec=0.000
[ATOMCOLOR-PAIR-DETAIL] phase=prep_done depth=1 feature=5 rows=21706 atoms=0 groups=0 elapsed_sec=0.001
[ATOMCOLOR-PAIR-DETAIL] phase=prep_start depth=1 feature=6 rows=21706 atoms=0 groups=0 elapsed_sec=0.000
[ATOMCOLOR-PAIR-DETAIL] phase=prep_done depth=1 feature=6 rows=21706 atoms=0 groups=0 elapsed_sec=0.001
[ATOMCOLOR-PAIR-DETAIL] phase=prep_start depth=1 feature=7 rows=21706 atoms=0 groups=0 elapsed_sec=0.000
[ATOMCOLOR-PAIR-DETAIL] phase=prep_done depth=1 feature=7 rows=21706 atoms=0 groups=0 elapsed_sec=0.000
[ATOMCOLOR-PAIR-DETAIL] phase=prep_start depth=1 feature=8 rows=21706 atoms=0 groups=0 elapsed_sec=0.000
[ATOMCOLOR-PAIR-DETAIL] phase=prep_done depth=1 feature=8 rows=21706 atoms=0 groups=0 elapsed_sec=0.000
[ATOMCOLOR-PAIR-DETAIL] phase=prep_start depth=1 feature=9 rows=21706 atoms=0 groups=0 elapsed_sec=0.000
[ATOMCOLOR-PAIR-DETAIL] phase=prep_done depth=1 feature=9 rows=21706 atoms=0 groups=0 elapsed_sec=0.000
[ATOMCOLOR-PAIR-DETAIL] phase=prep_start depth=1 feature=10 rows=21706 atoms=0 groups=0 elapsed_sec=0.000
[ATOMCOLOR-PAIR-DETAIL] phase=prep_done depth=1 feature=10 rows=21706 atoms=0 groups=0 elapsed_sec=0.000
[ATOMCOLOR-PAIR-DETAIL] phase=prep_start depth=1 feature=11 rows=21706 atoms=0 groups=0 elapsed_sec=0.000
[ATOMCOLOR-PAIR-DETAIL] phase=prep_done depth=1 feature=11 rows=21706 atoms=0 groups=0 elapsed_sec=0.000
[ATOMCOLOR-PAIR-DETAIL] phase=prep_start depth=1 feature=12 rows=21706 atoms=0 groups=0 elapsed_sec=0.000
[ATOMCOLOR-PAIR-DETAIL] phase=prep_done depth=1 feature=12 rows=21706 atoms=0 groups=0 elapsed_sec=0.000
[ATOMCOLOR-PAIR-DETAIL] phase=prep_start depth=1 feature=13 rows=21706 atoms=0 groups=0 elapsed_sec=0.000
[ATOMCOLOR-PAIR-DETAIL] phase=prep_done depth=1 feature=13 rows=21706 atoms=0 groups=0 elapsed_sec=0.000
[ATOMCOLOR-PAIR-DETAIL] phase=prep_start depth=1 feature=0 rows=10011 atoms=0 groups=0 elapsed_sec=0.000
[ATOMCOLOR-PAIR-DETAIL] phase=prep_done depth=1 feature=0 rows=10011 atoms=0 groups=0 elapsed_sec=0.000
[ATOMCOLOR-PAIR-DETAIL] phase=prep_start depth=1 feature=1 rows=10011 atoms=0 groups=0 elapsed_sec=0.000
[ATOMCOLOR-PAIR-DETAIL] phase=prep_done depth=1 feature=1 rows=10011 atoms=0 groups=0 elapsed_sec=0.001
[ATOMCOLOR-PAIR-DETAIL] phase=prep_start depth=1 feature=2 rows=10011 atoms=0 groups=0 elapsed_sec=0.000
[ATOMCOLOR-PAIR-DETAIL] phase=prep_done depth=1 feature=2 rows=10011 atoms=0 groups=0 elapsed_sec=0.001
[ATOMCOLOR-PAIR-DETAIL] phase=prep_start depth=1 feature=3 rows=10011 atoms=0 groups=0 elapsed_sec=0.000
[ATOMCOLOR-PAIR-DETAIL] phase=prep_done depth=1 feature=3 rows=10011 atoms=0 groups=0 elapsed_sec=0.001
[ATOMCOLOR-PAIR-DETAIL] phase=prep_start depth=1 feature=4 rows=10011 atoms=0 groups=0 elapsed_sec=0.000
[ATOMCOLOR-PAIR-DETAIL] phase=prep_done depth=1 feature=4 rows=10011 atoms=0 groups=0 elapsed_sec=0.000
[ATOMCOLOR-PAIR-DETAIL] phase=prep_start depth=1 feature=5 rows=10011 atoms=0 groups=0 elapsed_sec=0.000
[ATOMCOLOR-PAIR-DETAIL] phase=prep_done depth=1 feature=5 rows=10011 atoms=0 groups=0 elapsed_sec=0.001
[ATOMCOLOR-PAIR-DETAIL] phase=prep_start depth=1 feature=6 rows=10011 atoms=0 groups=0 elapsed_sec=0.000
[ATOMCOLOR-PAIR-DETAIL] phase=prep_done depth=1 feature=6 rows=10011 atoms=0 groups=0 elapsed_sec=0.000
[ATOMCOLOR-PAIR-DETAIL] phase=prep_start depth=1 feature=7 rows=10011 atoms=0 groups=0 elapsed_sec=0.000
[ATOMCOLOR-PAIR-DETAIL] phase=prep_done depth=1 feature=7 rows=10011 atoms=0 groups=0 elapsed_sec=0.000
[ATOMCOLOR-PAIR-DETAIL] phase=prep_start depth=1 feature=8 rows=10011 atoms=0 groups=0 elapsed_sec=0.000
[ATOMCOLOR-PAIR-DETAIL] phase=prep_done depth=1 feature=8 rows=10011 atoms=0 groups=0 elapsed_sec=0.000
[ATOMCOLOR-PAIR-DETAIL] phase=prep_start depth=1 feature=9 rows=10011 atoms=0 groups=0 elapsed_sec=0.000
[ATOMCOLOR-PAIR-DETAIL] phase=prep_done depth=1 feature=9 rows=10011 atoms=0 groups=0 elapsed_sec=0.000
[ATOMCOLOR-PAIR-DETAIL] phase=prep_start depth=1 feature=10 rows=10011 atoms=0 groups=0 elapsed_sec=0.000
[ATOMCOLOR-PAIR-DETAIL] phase=prep_done depth=1 feature=10 rows=10011 atoms=0 groups=0 elapsed_sec=0.000
[ATOMCOLOR-PAIR-DETAIL] phase=prep_start depth=1 feature=11 rows=10011 atoms=0 groups=0 elapsed_sec=0.000
[ATOMCOLOR-PAIR-DETAIL] phase=prep_done depth=1 feature=11 rows=10011 atoms=0 groups=0 elapsed_sec=0.000
[ATOMCOLOR-PAIR-DETAIL] phase=prep_start depth=1 feature=12 rows=10011 atoms=0 groups=0 elapsed_sec=0.000
[ATOMCOLOR-PAIR-DETAIL] phase=prep_done depth=1 feature=12 rows=10011 atoms=0 groups=0 elapsed_sec=0.000
[ATOMCOLOR-PAIR-DETAIL] phase=prep_start depth=1 feature=13 rows=10011 atoms=0 groups=0 elapsed_sec=0.000
[ATOMCOLOR-PAIR-DETAIL] phase=prep_done depth=1 feature=13 rows=10011 atoms=0 groups=0 elapsed_sec=0.000
[ATOMCOLOR-PAIR-STEP] phase=greedy_ub_done depth=0 rows=31717 feature=2 groups=2 lb_before=2e-08 ub_before=0.241510881683 lb_after=2e-08 ub_after=0.206608573422 elapsed_sec=6.578978
[ATOMCOLOR-PAIR-STEP] phase=local_exact_done depth=0 rows=31717 feature=2 groups=2 lb_before=2e-08 ub_before=0.206608573422 lb_after=2e-08 ub_after=0.241510881683 elapsed_sec=0.000305 stage1_exact=1 stage2_states=0 max_states=3
[ATOMCOLOR-PAIR-STEP] phase=greedy_ub_done depth=0 rows=31717 feature=2 groups=2 lb_before=2e-08 ub_before=0.241510881683 lb_after=2e-08 ub_after=0.206608573422 elapsed_sec=0.000100
[ATOMCOLOR-PAIR-PROFILE] phase=start depth=1 rows=21706 features_done=0/14 pairs=0 feasible_pairs=0 exactify_calls=0 exactify_feasible=0 exactify_aborted=0 prep_sec=0.000 family_sec=0.000 bounds_sec=0.000 exactify_sec=0.000 incumbent_f=-1 incumbent_g=-1 incumbent_ub=inf node_lb=inf max_ambiguity=inf pending_pairs=0 elapsed_sec=0.000
[ATOMCOLOR-PAIR-DETAIL] phase=prep_start depth=1 feature=0 rows=21706 atoms=0 groups=0 elapsed_sec=0.000
[ATOMCOLOR-PAIR-DETAIL] phase=prep_done depth=1 feature=0 rows=21706 atoms=0 groups=0 elapsed_sec=0.001
[ATOMCOLOR-PAIR-DETAIL] phase=family_dict_done depth=1 feature=0 rows=21706 atoms=32 groups=0 elapsed_sec=0.001
[ATOMCOLOR-PAIR-DETAIL] phase=family_group_done depth=1 feature=0 rows=21706 atoms=32 groups=2 elapsed_sec=0.000 stage2_skipped=0
[ATOMCOLOR-PAIR-DETAIL] phase=family_group_done depth=1 feature=0 rows=21706 atoms=32 groups=3 elapsed_sec=0.000 stage2_skipped=0
[ATOMCOLOR-PAIR-DETAIL] phase=prep_start depth=1 feature=1 rows=21706 atoms=0 groups=0 elapsed_sec=0.000
[ATOMCOLOR-PAIR-DETAIL] phase=prep_done depth=1 feature=1 rows=21706 atoms=0 groups=0 elapsed_sec=0.000
[ATOMCOLOR-PAIR-DETAIL] phase=family_dict_done depth=1 feature=1 rows=21706 atoms=32 groups=0 elapsed_sec=0.000
[ATOMCOLOR-PAIR-DETAIL] phase=family_group_done depth=1 feature=1 rows=21706 atoms=32 groups=2 elapsed_sec=0.000 stage2_skipped=0
[ATOMCOLOR-PAIR-DETAIL] phase=family_group_done depth=1 feature=1 rows=21706 atoms=32 groups=3 elapsed_sec=0.000 stage2_skipped=0
[ATOMCOLOR-PAIR-DETAIL] phase=prep_start depth=1 feature=2 rows=21706 atoms=0 groups=0 elapsed_sec=0.000
[ATOMCOLOR-PAIR-DETAIL] phase=prep_fail depth=1 feature=2 rows=21706 atoms=0 groups=0 elapsed_sec=0.000
[ATOMCOLOR-PAIR-DETAIL] phase=prep_start depth=1 feature=3 rows=21706 atoms=0 groups=0 elapsed_sec=0.000
[ATOMCOLOR-PAIR-DETAIL] phase=prep_done depth=1 feature=3 rows=21706 atoms=0 groups=0 elapsed_sec=0.000
[ATOMCOLOR-PAIR-DETAIL] phase=family_dict_done depth=1 feature=3 rows=21706 atoms=32 groups=0 elapsed_sec=0.001
[ATOMCOLOR-PAIR-DETAIL] phase=family_group_done depth=1 feature=3 rows=21706 atoms=32 groups=2 elapsed_sec=0.000 stage2_skipped=0
[ATOMCOLOR-PAIR-DETAIL] phase=family_group_done depth=1 feature=3 rows=21706 atoms=32 groups=3 elapsed_sec=0.000 stage2_skipped=0
[ATOMCOLOR-PAIR-DETAIL] phase=prep_start depth=1 feature=4 rows=21706 atoms=0 groups=0 elapsed_sec=0.000
[ATOMCOLOR-PAIR-DETAIL] phase=prep_done depth=1 feature=4 rows=21706 atoms=0 groups=0 elapsed_sec=0.000
[ATOMCOLOR-PAIR-DETAIL] phase=family_dict_done depth=1 feature=4 rows=21706 atoms=28 groups=0 elapsed_sec=0.001
[ATOMCOLOR-PAIR-DETAIL] phase=family_group_done depth=1 feature=4 rows=21706 atoms=28 groups=2 elapsed_sec=0.000 stage2_skipped=0
[ATOMCOLOR-PAIR-DETAIL] phase=family_group_done depth=1 feature=4 rows=21706 atoms=28 groups=3 elapsed_sec=0.001 stage2_skipped=0
[ATOMCOLOR-PAIR-DETAIL] phase=prep_start depth=1 feature=5 rows=21706 atoms=0 groups=0 elapsed_sec=0.000
[ATOMCOLOR-PAIR-DETAIL] phase=prep_done depth=1 feature=5 rows=21706 atoms=0 groups=0 elapsed_sec=0.000
[ATOMCOLOR-PAIR-DETAIL] phase=family_dict_done depth=1 feature=5 rows=21706 atoms=32 groups=0 elapsed_sec=0.001
[ATOMCOLOR-PAIR-DETAIL] phase=family_group_done depth=1 feature=5 rows=21706 atoms=32 groups=2 elapsed_sec=0.000 stage2_skipped=0
[ATOMCOLOR-PAIR-DETAIL] phase=family_group_done depth=1 feature=5 rows=21706 atoms=32 groups=3 elapsed_sec=0.000 stage2_skipped=0
[ATOMCOLOR-PAIR-DETAIL] phase=prep_start depth=1 feature=6 rows=21706 atoms=0 groups=0 elapsed_sec=0.000
[ATOMCOLOR-PAIR-DETAIL] phase=prep_done depth=1 feature=6 rows=21706 atoms=0 groups=0 elapsed_sec=0.000
[ATOMCOLOR-PAIR-DETAIL] phase=family_dict_done depth=1 feature=6 rows=21706 atoms=32 groups=0 elapsed_sec=0.001
[ATOMCOLOR-PAIR-DETAIL] phase=family_group_done depth=1 feature=6 rows=21706 atoms=32 groups=2 elapsed_sec=0.000 stage2_skipped=0
[ATOMCOLOR-PAIR-DETAIL] phase=family_group_done depth=1 feature=6 rows=21706 atoms=32 groups=3 elapsed_sec=0.000 stage2_skipped=0
[ATOMCOLOR-PAIR-DETAIL] phase=prep_start depth=1 feature=7 rows=21706 atoms=0 groups=0 elapsed_sec=0.000
[ATOMCOLOR-PAIR-DETAIL] phase=prep_done depth=1 feature=7 rows=21706 atoms=0 groups=0 elapsed_sec=0.000
[ATOMCOLOR-PAIR-DETAIL] phase=family_dict_done depth=1 feature=7 rows=21706 atoms=2 groups=0 elapsed_sec=0.000
[ATOMCOLOR-PAIR-DETAIL] phase=family_group_done depth=1 feature=7 rows=21706 atoms=2 groups=2 elapsed_sec=0.000 stage2_skipped=0
[ATOMCOLOR-PAIR-DETAIL] phase=prep_start depth=1 feature=8 rows=21706 atoms=0 groups=0 elapsed_sec=0.000
[ATOMCOLOR-PAIR-DETAIL] phase=prep_done depth=1 feature=8 rows=21706 atoms=0 groups=0 elapsed_sec=0.000
[ATOMCOLOR-PAIR-DETAIL] phase=family_dict_done depth=1 feature=8 rows=21706 atoms=2 groups=0 elapsed_sec=0.000
[ATOMCOLOR-PAIR-DETAIL] phase=family_group_done depth=1 feature=8 rows=21706 atoms=2 groups=2 elapsed_sec=0.000 stage2_skipped=0
[ATOMCOLOR-PAIR-DETAIL] phase=prep_start depth=1 feature=9 rows=21706 atoms=0 groups=0 elapsed_sec=0.000
[ATOMCOLOR-PAIR-DETAIL] phase=prep_done depth=1 feature=9 rows=21706 atoms=0 groups=0 elapsed_sec=0.000
[ATOMCOLOR-PAIR-DETAIL] phase=family_dict_done depth=1 feature=9 rows=21706 atoms=2 groups=0 elapsed_sec=0.000
[ATOMCOLOR-PAIR-DETAIL] phase=family_group_done depth=1 feature=9 rows=21706 atoms=2 groups=2 elapsed_sec=0.000 stage2_skipped=0
[ATOMCOLOR-PAIR-DETAIL] phase=prep_start depth=1 feature=10 rows=21706 atoms=0 groups=0 elapsed_sec=0.000
[ATOMCOLOR-PAIR-DETAIL] phase=prep_done depth=1 feature=10 rows=21706 atoms=0 groups=0 elapsed_sec=0.000
[ATOMCOLOR-PAIR-DETAIL] phase=family_dict_done depth=1 feature=10 rows=21706 atoms=2 groups=0 elapsed_sec=0.000
[ATOMCOLOR-PAIR-DETAIL] phase=family_group_done depth=1 feature=10 rows=21706 atoms=2 groups=2 elapsed_sec=0.000 stage2_skipped=0
[ATOMCOLOR-PAIR-DETAIL] phase=prep_start depth=1 feature=11 rows=21706 atoms=0 groups=0 elapsed_sec=0.000
[ATOMCOLOR-PAIR-DETAIL] phase=prep_done depth=1 feature=11 rows=21706 atoms=0 groups=0 elapsed_sec=0.000
[ATOMCOLOR-PAIR-DETAIL] phase=family_dict_done depth=1 feature=11 rows=21706 atoms=2 groups=0 elapsed_sec=0.000
[ATOMCOLOR-PAIR-DETAIL] phase=family_group_done depth=1 feature=11 rows=21706 atoms=2 groups=2 elapsed_sec=0.000 stage2_skipped=0
[ATOMCOLOR-PAIR-DETAIL] phase=prep_start depth=1 feature=12 rows=21706 atoms=0 groups=0 elapsed_sec=0.000
[ATOMCOLOR-PAIR-DETAIL] phase=prep_done depth=1 feature=12 rows=21706 atoms=0 groups=0 elapsed_sec=0.000
[ATOMCOLOR-PAIR-DETAIL] phase=family_dict_done depth=1 feature=12 rows=21706 atoms=2 groups=0 elapsed_sec=0.000
[ATOMCOLOR-PAIR-DETAIL] phase=family_group_done depth=1 feature=12 rows=21706 atoms=2 groups=2 elapsed_sec=0.000 stage2_skipped=0
[ATOMCOLOR-PAIR-DETAIL] phase=prep_start depth=1 feature=13 rows=21706 atoms=0 groups=0 elapsed_sec=0.000
[ATOMCOLOR-PAIR-DETAIL] phase=prep_done depth=1 feature=13 rows=21706 atoms=0 groups=0 elapsed_sec=0.000
[ATOMCOLOR-PAIR-DETAIL] phase=family_dict_done depth=1 feature=13 rows=21706 atoms=2 groups=0 elapsed_sec=0.000
[ATOMCOLOR-PAIR-DETAIL] phase=family_group_done depth=1 feature=13 rows=21706 atoms=2 groups=2 elapsed_sec=0.000 stage2_skipped=0
[ATOMCOLOR-PAIR-PROFILE] phase=broad_done depth=1 rows=21706 features_done=13/14 pairs=19 feasible_pairs=19 exactify_calls=0 exactify_feasible=0 exactify_aborted=0 prep_sec=0.005 family_sec=0.008 bounds_sec=0.004 exactify_sec=0.000 incumbent_f=-1 incumbent_g=-1 incumbent_ub=inf node_lb=inf max_ambiguity=inf pending_pairs=19 elapsed_sec=0.017
[ATOMCOLOR-PAIR-STEP] phase=greedy_ub_done depth=1 rows=21706 feature=0 groups=2 lb_before=2e-08 ub_before=0.168111758185 lb_after=2e-08 ub_after=0.158747714749 elapsed_sec=0.042697
[ATOMCOLOR-PAIR-STEP] phase=local_exact_done depth=1 rows=21706 feature=0 groups=2 lb_before=2e-08 ub_before=0.158747714749 lb_after=2e-08 ub_after=0.168111758185 elapsed_sec=0.000201 stage1_exact=1 stage2_states=0 max_states=3
[ATOMCOLOR-PAIR-STEP] phase=greedy_ub_done depth=1 rows=21706 feature=0 groups=2 lb_before=2e-08 ub_before=0.168111758185 lb_after=2e-08 ub_after=0.158747714749 elapsed_sec=0.000068
[ATOMCOLOR-PAIR-STEP] phase=recursive_exact_done depth=1 rows=21706 feature=0 groups=2 lb_before=2e-08 ub_before=0.158747714749 lb_after=0.298325878962 ub_after=0.298325878962 elapsed_sec=0.030899
[ATOMCOLOR-PAIR-ORDER] phase=incumbent depth=1 order=1 feature=0 groups=2 L_a=2e-08 U_a=0.158747714749 gap_before=inf exact_lb=0.298325878962 exact_ub=0.298325878962 survivors_before=19 survivors_after=18 incumbent_before=inf incumbent_after=0.298325878962
[ATOMCOLOR-PAIR-STEP] phase=greedy_ub_done depth=1 rows=21706 feature=0 groups=3 lb_before=3e-08 ub_before=0.168111768185 lb_after=3e-08 ub_after=0.158747724749 elapsed_sec=0.041853
[ATOMCOLOR-PAIR-STEP] phase=local_exact_done depth=1 rows=21706 feature=0 groups=3 lb_before=3e-08 ub_before=0.158747724749 lb_after=3e-08 ub_after=0.168111768185 elapsed_sec=8.908042 stage1_exact=1 stage2_states=11790461 max_states=11789432
[ATOMCOLOR-PAIR-STEP] phase=greedy_ub_done depth=1 rows=21706 feature=0 groups=3 lb_before=3e-08 ub_before=0.168111768185 lb_after=3e-08 ub_after=0.140681723372 elapsed_sec=0.040829
[ATOMCOLOR-PAIR-STEP] phase=recursive_exact_aborted depth=1 rows=21706 feature=0 groups=3 lb_before=3e-08 ub_before=0.140681723372 lb_after=0.298325888962 ub_after=inf elapsed_sec=0.000016
[ATOMCOLOR-PAIR-ORDER] phase=exactify depth=1 order=2 feature=0 groups=3 L_a=3e-08 U_a=0.140681723372 gap_before=0.298325848962 exact_lb=0.298325888962 exact_ub=inf survivors_before=18 survivors_after=17 incumbent_before=0.298325878962 incumbent_after=0.298325878962
[ATOMCOLOR-PAIR-PROFILE] phase=exactify depth=1 rows=21706 features_done=13/14 pairs=19 feasible_pairs=19 exactify_calls=2 exactify_feasible=1 exactify_aborted=1 prep_sec=0.005 family_sec=0.008 bounds_sec=0.004 exactify_sec=8.939 incumbent_f=0 incumbent_g=2 incumbent_ub=0.298325878962 node_lb=2e-08 max_ambiguity=0.175205725636 pending_pairs=18 elapsed_sec=9.083
[ATOMCOLOR-PAIR-STEP] phase=greedy_ub_done depth=1 rows=21706 feature=4 groups=2 lb_before=2e-08 ub_before=0.170035017005 lb_after=2e-08 ub_after=0.164549030042 elapsed_sec=0.039389
[ATOMCOLOR-PAIR-STEP] phase=local_exact_done depth=1 rows=21706 feature=4 groups=2 lb_before=2e-08 ub_before=0.164549030042 lb_after=2e-08 ub_after=0.170035017005 elapsed_sec=0.000246 stage1_exact=1 stage2_states=0 max_states=17
[ATOMCOLOR-PAIR-STEP] phase=greedy_ub_done depth=1 rows=21706 feature=4 groups=2 lb_before=2e-08 ub_before=0.170035017005 lb_after=2e-08 ub_after=0.164549030042 elapsed_sec=0.000069
[ATOMCOLOR-PAIR-STEP] phase=recursive_exact_done depth=1 rows=21706 feature=4 groups=2 lb_before=2e-08 ub_before=0.164549030042 lb_after=0.298325878962 ub_after=0.298325878962 elapsed_sec=0.000010
[ATOMCOLOR-PAIR-ORDER] phase=exactify depth=1 order=3 feature=4 groups=2 L_a=2e-08 U_a=0.164549030042 gap_before=0.298325858962 exact_lb=0.298325878962 exact_ub=0.298325878962 survivors_before=17 survivors_after=16 incumbent_before=0.298325878962 incumbent_after=0.298325878962
[ATOMCOLOR-PAIR-PROFILE] phase=exactify depth=1 rows=21706 features_done=13/14 pairs=19 feasible_pairs=19 exactify_calls=3 exactify_feasible=2 exactify_aborted=1 prep_sec=0.005 family_sec=0.008 bounds_sec=0.004 exactify_sec=8.939 incumbent_f=0 incumbent_g=2 incumbent_ub=0.298325878962 node_lb=2e-08 max_ambiguity=0.175205725636 pending_pairs=17 elapsed_sec=9.122
[ATOMCOLOR-PAIR-STEP] phase=greedy_ub_done depth=1 rows=21706 feature=4 groups=3 lb_before=3e-08 ub_before=0.170035027005 lb_after=3e-08 ub_after=0.161522302063 elapsed_sec=0.041819
[ATOMCOLOR-PAIR-STEP] phase=local_exact_done depth=1 rows=21706 feature=4 groups=3 lb_before=3e-08 ub_before=0.161522302063 lb_after=3e-08 ub_after=0.170035027005 elapsed_sec=0.144499 stage1_exact=1 stage2_states=578575 max_states=577536
[ATOMCOLOR-PAIR-STEP] phase=greedy_ub_done depth=1 rows=21706 feature=4 groups=3 lb_before=3e-08 ub_before=0.170035027005 lb_after=3e-08 ub_after=0.152095180961 elapsed_sec=0.042632
[ATOMCOLOR-PAIR-STEP] phase=recursive_exact_aborted depth=1 rows=21706 feature=4 groups=3 lb_before=3e-08 ub_before=0.152095180961 lb_after=0.298325888962 ub_after=inf elapsed_sec=0.000017
[ATOMCOLOR-PAIR-ORDER] phase=exactify depth=1 order=4 feature=4 groups=3 L_a=3e-08 U_a=0.152095180961 gap_before=0.298325848962 exact_lb=0.298325888962 exact_ub=inf survivors_before=16 survivors_after=15 incumbent_before=0.298325878962 incumbent_after=0.298325878962
[ATOMCOLOR-PAIR-PROFILE] phase=exactify depth=1 rows=21706 features_done=13/14 pairs=19 feasible_pairs=19 exactify_calls=4 exactify_feasible=2 exactify_aborted=2 prep_sec=0.005 family_sec=0.008 bounds_sec=0.004 exactify_sec=9.084 incumbent_f=0 incumbent_g=2 incumbent_ub=0.298325878962 node_lb=2e-08 max_ambiguity=0.175205725636 pending_pairs=16 elapsed_sec=9.351
[ATOMCOLOR-PAIR-STEP] phase=greedy_ub_done depth=1 rows=21706 feature=5 groups=2 lb_before=2e-08 ub_before=0.172021333491 lb_after=2e-08 ub_after=0.166724509527 elapsed_sec=0.038983
[ATOMCOLOR-PAIR-STEP] phase=local_exact_done depth=1 rows=21706 feature=5 groups=2 lb_before=2e-08 ub_before=0.166724509527 lb_after=2e-08 ub_after=0.172021333491 elapsed_sec=0.000229 stage1_exact=0 stage2_states=34 max_states=33
[ATOMCOLOR-PAIR-STEP] phase=greedy_ub_done depth=1 rows=21706 feature=5 groups=2 lb_before=2e-08 ub_before=0.172021333491 lb_after=2e-08 ub_after=0.166724509527 elapsed_sec=0.000071
[ATOMCOLOR-PAIR-STEP] phase=recursive_exact_done depth=1 rows=21706 feature=5 groups=2 lb_before=2e-08 ub_before=0.166724509527 lb_after=0.298325878962 ub_after=0.298325878962 elapsed_sec=0.000010
[ATOMCOLOR-PAIR-ORDER] phase=exactify depth=1 order=5 feature=5 groups=2 L_a=2e-08 U_a=0.166724509527 gap_before=0.298325858962 exact_lb=0.298325878962 exact_ub=0.298325878962 survivors_before=15 survivors_after=14 incumbent_before=0.298325878962 incumbent_after=0.298325878962
[ATOMCOLOR-PAIR-PROFILE] phase=exactify depth=1 rows=21706 features_done=13/14 pairs=19 feasible_pairs=19 exactify_calls=5 exactify_feasible=3 exactify_aborted=2 prep_sec=0.005 family_sec=0.008 bounds_sec=0.004 exactify_sec=9.084 incumbent_f=0 incumbent_g=2 incumbent_ub=0.298325878962 node_lb=2e-08 max_ambiguity=0.175205725636 pending_pairs=15 elapsed_sec=9.391
[ATOMCOLOR-PAIR-STEP] phase=greedy_ub_done depth=1 rows=21706 feature=5 groups=3 lb_before=3e-08 ub_before=0.172021343491 lb_after=3e-08 ub_after=0.166030895199 elapsed_sec=0.040571
[ATOMCOLOR-PAIR-STEP] phase=local_exact_done depth=1 rows=21706 feature=5 groups=3 lb_before=3e-08 ub_before=0.166030895199 lb_after=3e-08 ub_after=0.172021343491 elapsed_sec=1.411744 stage1_exact=1 stage2_states=3572879 max_states=3564826
[ATOMCOLOR-PAIR-STEP] phase=greedy_ub_done depth=1 rows=21706 feature=5 groups=3 lb_before=3e-08 ub_before=0.172021343491 lb_after=3e-08 ub_after=0.161806051561 elapsed_sec=0.040748
[ATOMCOLOR-PAIR-STEP] phase=recursive_exact_aborted depth=1 rows=21706 feature=5 groups=3 lb_before=3e-08 ub_before=0.161806051561 lb_after=0.298325888962 ub_after=inf elapsed_sec=0.000017
[ATOMCOLOR-PAIR-ORDER] phase=exactify depth=1 order=6 feature=5 groups=3 L_a=3e-08 U_a=0.161806051561 gap_before=0.298325848962 exact_lb=0.298325888962 exact_ub=inf survivors_before=14 survivors_after=13 incumbent_before=0.298325878962 incumbent_after=0.298325878962
[ATOMCOLOR-PAIR-PROFILE] phase=exactify depth=1 rows=21706 features_done=13/14 pairs=19 feasible_pairs=19 exactify_calls=6 exactify_feasible=3 exactify_aborted=3 prep_sec=0.005 family_sec=0.008 bounds_sec=0.004 exactify_sec=10.496 incumbent_f=0 incumbent_g=2 incumbent_ub=0.298325878962 node_lb=2e-08 max_ambiguity=0.175205725636 pending_pairs=14 elapsed_sec=10.884
[ATOMCOLOR-PAIR-STEP] phase=greedy_ub_done depth=1 rows=21706 feature=3 groups=2 lb_before=2e-08 ub_before=0.173850005812 lb_after=2e-08 ub_after=0.168994595512 elapsed_sec=0.038764
[ATOMCOLOR-PAIR-STEP] phase=local_exact_done depth=1 rows=21706 feature=3 groups=2 lb_before=2e-08 ub_before=0.168994595512 lb_after=2e-08 ub_after=0.173850005812 elapsed_sec=0.000176 stage1_exact=1 stage2_states=0 max_states=3
[ATOMCOLOR-PAIR-STEP] phase=greedy_ub_done depth=1 rows=21706 feature=3 groups=2 lb_before=2e-08 ub_before=0.173850005812 lb_after=2e-08 ub_after=0.168994595512 elapsed_sec=0.000069
[ATOMCOLOR-PAIR-STEP] phase=recursive_exact_done depth=1 rows=21706 feature=3 groups=2 lb_before=2e-08 ub_before=0.168994595512 lb_after=0.298325878962 ub_after=0.298325878962 elapsed_sec=0.000009
[ATOMCOLOR-PAIR-ORDER] phase=exactify depth=1 order=7 feature=3 groups=2 L_a=2e-08 U_a=0.168994595512 gap_before=0.298325858962 exact_lb=0.298325878962 exact_ub=0.298325878962 survivors_before=13 survivors_after=12 incumbent_before=0.298325878962 incumbent_after=0.298325878962
[ATOMCOLOR-PAIR-PROFILE] phase=exactify depth=1 rows=21706 features_done=13/14 pairs=19 feasible_pairs=19 exactify_calls=7 exactify_feasible=4 exactify_aborted=3 prep_sec=0.005 family_sec=0.008 bounds_sec=0.004 exactify_sec=10.496 incumbent_f=0 incumbent_g=2 incumbent_ub=0.298325878962 node_lb=2e-08 max_ambiguity=0.175205725636 pending_pairs=13 elapsed_sec=10.923
[ATOMCOLOR-PAIR-STEP] phase=greedy_ub_done depth=1 rows=21706 feature=3 groups=3 lb_before=3e-08 ub_before=0.173850015812 lb_after=3e-08 ub_after=0.167796529853 elapsed_sec=0.042048
[2026-03-15T00:25:41.120] error: *** JOB 10734555 ON compsci-cluster-fitz-45 CANCELLED AT 2026-03-15T00:25:41 DUE to SIGNAL Terminated ***
