[INFO] TAG=20260301_030544_job10631105
[INFO] EXACT_JSON=/home/users/yz1075/msdt/results/debug/parity_depth3_exact_20260301_030544_job10631105.json
[INFO] LEGACY_JSON=/home/users/yz1075/msdt/results/debug/parity_depth3_legacy_20260301_030544_job10631105.json
[INFO] COMBINED_JSON=/home/users/yz1075/msdt/results/debug/parity_depth3_exact_vs_legacy_20260301_030544_job10631105.json
[INFO] Running exact-lazy side with 64 threads
{
  "mode": "exact",
  "dataset": "eye-state",
  "seed": 0,
  "depth_budget": 3,
  "n_fit": 10486,
  "n_val": 1498,
  "n_test": 2996,
  "trial_params": {
    "lookahead_depth_budget": 2,
    "max_bins": 96,
    "min_samples_leaf": 525,
    "min_child_size": 525,
    "leaf_frac": 0.05,
    "max_branching": 3,
    "reg": 1e-05,
    "lgb_n_estimators": 10000,
    "lgb_num_leaves": 48,
    "lgb_learning_rate": 0.04,
    "lgb_feature_fraction": 0.9,
    "lgb_bagging_fraction": 0.9,
    "lgb_bagging_freq": 1,
    "lgb_max_depth": -1,
    "lgb_min_data_in_bin": 1,
    "lgb_min_data_in_leaf": 262,
    "lgb_lambda_l2": 0.1
  },
  "metrics": {
    "fit_sec": 6.519812822341919,
    "objective": 0.3203065058172767,
    "lower_bound": 0.3203065058172767,
    "upper_bound": 0.3203065058172767,
    "train_accuracy": 0.6797634941827199,
    "test_accuracy": 0.6859145527369827,
    "root_feature": 12,
    "root_group_count": 3,
    "root_child_bins": 96,
    "dp_interval_evals": 1748,
    "dp_subproblem_calls": 1749,
    "dp_unique_states": 1736,
    "rush_refinement_child_calls": 1748,
    "rush_refinement_recursive_calls": 1748,
    "rush_refinement_recursive_unique_states": 1735,
    "rush_incumbent_feature_aborts": 11,
    "rush_total_time_sec": 6.418204853
  }
}
WROTE /home/users/yz1075/msdt/results/debug/parity_depth3_exact_20260301_030544_job10631105.json
[INFO] Running forced-legacy side with 32 threads
{
  "mode": "legacy",
  "dataset": "eye-state",
  "seed": 0,
  "depth_budget": 3,
  "n_fit": 10486,
  "n_val": 1498,
  "n_test": 2996,
  "trial_params": {
    "lookahead_depth_budget": 2,
    "max_bins": 96,
    "min_samples_leaf": 525,
    "min_child_size": 525,
    "leaf_frac": 0.05,
    "max_branching": 3,
    "reg": 1e-05,
    "lgb_n_estimators": 10000,
    "lgb_num_leaves": 48,
    "lgb_learning_rate": 0.04,
    "lgb_feature_fraction": 0.9,
    "lgb_bagging_fraction": 0.9,
    "lgb_bagging_freq": 1,
    "lgb_max_depth": -1,
    "lgb_min_data_in_bin": 1,
    "lgb_min_data_in_leaf": 262,
    "lgb_lambda_l2": 0.1
  },
  "metrics": {
    "fit_sec": 3.4641778469085693,
    "objective": 0.3203065058172767,
    "lower_bound": 0.3203065058172767,
    "upper_bound": 0.3203065058172767,
    "train_accuracy": 0.6797634941827199,
    "test_accuracy": 0.6859145527369827,
    "root_feature": 12,
    "root_group_count": 3,
    "root_child_bins": 96,
    "dp_interval_evals": 2094,
    "dp_subproblem_calls": 2095,
    "dp_unique_states": 2082,
    "rush_refinement_child_calls": 0,
    "rush_refinement_recursive_calls": 0,
    "rush_refinement_recursive_unique_states": 0,
    "rush_incumbent_feature_aborts": 0,
    "rush_total_time_sec": 3.366135519
  }
}
WROTE /home/users/yz1075/msdt/results/debug/parity_depth3_legacy_20260301_030544_job10631105.json
[INFO] Merging exact/legacy results
{
  "trial_params": {
    "lookahead_depth_budget": 2,
    "max_bins": 96,
    "min_samples_leaf": 525,
    "min_child_size": 525,
    "leaf_frac": 0.05,
    "max_branching": 3,
    "reg": 1e-05,
    "lgb_n_estimators": 10000,
    "lgb_num_leaves": 48,
    "lgb_learning_rate": 0.04,
    "lgb_feature_fraction": 0.9,
    "lgb_bagging_fraction": 0.9,
    "lgb_bagging_freq": 1,
    "lgb_max_depth": -1,
    "lgb_min_data_in_bin": 1,
    "lgb_min_data_in_leaf": 262,
    "lgb_lambda_l2": 0.1
  },
  "exact": {
    "fit_sec": 6.519812822341919,
    "objective": 0.3203065058172767,
    "lower_bound": 0.3203065058172767,
    "upper_bound": 0.3203065058172767,
    "train_accuracy": 0.6797634941827199,
    "test_accuracy": 0.6859145527369827,
    "root_feature": 12,
    "root_group_count": 3,
    "root_child_bins": 96,
    "dp_interval_evals": 1748,
    "dp_subproblem_calls": 1749,
    "dp_unique_states": 1736,
    "rush_refinement_child_calls": 1748,
    "rush_refinement_recursive_calls": 1748,
    "rush_refinement_recursive_unique_states": 1735,
    "rush_incumbent_feature_aborts": 11,
    "rush_total_time_sec": 6.418204853
  },
  "legacy": {
    "fit_sec": 3.4641778469085693,
    "objective": 0.3203065058172767,
    "lower_bound": 0.3203065058172767,
    "upper_bound": 0.3203065058172767,
    "train_accuracy": 0.6797634941827199,
    "test_accuracy": 0.6859145527369827,
    "root_feature": 12,
    "root_group_count": 3,
    "root_child_bins": 96,
    "dp_interval_evals": 2094,
    "dp_subproblem_calls": 2095,
    "dp_unique_states": 2082,
    "rush_refinement_child_calls": 0,
    "rush_refinement_recursive_calls": 0,
    "rush_refinement_recursive_unique_states": 0,
    "rush_incumbent_feature_aborts": 0,
    "rush_total_time_sec": 3.366135519
  },
  "comparison": {
    "obj_diff_legacy_minus_exact": 0.0,
    "lb_diff_legacy_minus_exact": 0.0,
    "ub_diff_legacy_minus_exact": 0.0,
    "train_diff_legacy_minus_exact": 0.0,
    "test_diff_legacy_minus_exact": 0.0,
    "fit_sec_diff_legacy_minus_exact": -3.0556349754333496,
    "root_feature_exact": 12,
    "root_feature_legacy": 12,
    "root_group_exact": 3,
    "root_group_legacy": 3
  },
  "meta": {
    "dataset": "eye-state",
    "seed": 0,
    "depth_budget": 3,
    "n_fit": 10486,
    "n_val": 1498,
    "n_test": 2996,
    "exact_json": "/home/users/yz1075/msdt/results/debug/parity_depth3_exact_20260301_030544_job10631105.json",
    "legacy_json": "/home/users/yz1075/msdt/results/debug/parity_depth3_legacy_20260301_030544_job10631105.json"
  }
}
WROTE /home/users/yz1075/msdt/results/debug/parity_depth3_exact_vs_legacy_20260301_030544_job10631105.json
[INFO] Done.
