Job started on compsci-cluster-fitz-39 at Wed Feb 25 04:33:45 PM EST 2026
CPU settings: total_cpus=64, target_cpus=60, parallel_trials=60, threads_per_trial=1, split_threads=1, lgb_threads=1, xgb_threads=1
Optuna settings: enable=1, trials=5, val_size=0.2, seed=0, timeout_sec=0, warmstart_enable=1, warmstart_root=results, warmstart_max=8, seed_candidates=4, cpu_target=1.0, max_active_studies=0, max_concurrent_trials=0
Split protocol: paper_split_protocol=1
MSPLIT variant: optimal_dp
LightGBM binning backend: device=gpu, gpu_platform=0, gpu_device=0, gpu_fallback=0, max_gpu_jobs=1, gpu_lock_dir=/tmp/msdt_lgb_gpu_lock, binning_max_bins=12, ensemble_runs=3, ensemble_feature_fraction=0.8, ensemble_bagging_fraction=0.8, ensemble_bagging_freq=1, threshold_dedup_eps=1e-9
SPLIT native backend import OK
[compare] running: /home/users/yz1075/msdt/.venv/bin/python run_multisplit_experiments_lightgbm.py --run-name compare_4alg_original_dp_20260225_163338_lightgbm --datasets electricity eye-movements eye-state --depth-budgets 2 3 4 5 --seeds 0 1 2 3 4 --test-size 0.2 --time-limit 1200.0 --lookahead-cap 3 --max-bins 6 --min-samples-leaf 8 --min-child-size 8 --max-branching 0 --reg 0.01 --msplit-variant optimal_dp --parallel-trials 60 --threads-per-trial 1 --optuna-trials 5 --optuna-val-size 0.2 --optuna-seed 0 --optuna-timeout-sec 0.0 --optuna-warmstart-root results --optuna-warmstart-max-per-study 8 --optuna-seed-candidates 4 --cpu-utilization-target 1.0 --optuna-max-active-studies 0 --optuna-max-concurrent-trials 0 --results-root results/comparison/compare_4alg_original_dp_20260225_163338/_tmp/runs_lightgbm/compare_4alg_original_dp_20260225_163338_lightgbm --stable-results-dir results/comparison/compare_4alg_original_dp_20260225_163338/_tmp/stable_lightgbm --no-package-artifacts --optuna-enable --optuna-warmstart-enable --paper-split-protocol --tree-artifacts-dir results/comparison/compare_4alg_original_dp_20260225_163338/tree_artifacts/lightgbm_mssplit_all --lgb-device-type gpu --lgb-binning-max-bins 12 --lgb-ensemble-runs 3 --lgb-ensemble-feature-fraction 0.8 --lgb-ensemble-bagging-fraction 0.8 --lgb-ensemble-bagging-freq 1 --lgb-threshold-dedup-eps 1e-09 --lgb-gpu-platform-id 0 --lgb-gpu-device-id 0 --no-lgb-gpu-fallback --lgb-max-gpu-jobs 1 --lgb-gpu-lock-dir /tmp/msdt_lgb_gpu_lock
[2026-02-25T16:33:50-05:00] Starting LightGBM multisplit experiment run.
[2026-02-25T16:33:50-05:00] run_name=compare_4alg_original_dp_20260225_163338_lightgbm
[2026-02-25T16:33:50-05:00] run_dir=/home/users/yz1075/msdt/results/comparison/compare_4alg_original_dp_20260225_163338/_tmp/runs_lightgbm/compare_4alg_original_dp_20260225_163338_lightgbm/compare_4alg_original_dp_20260225_163338_lightgbm
[2026-02-25T16:33:50-05:00] parallel settings: parallel_trials=60, threads_per_trial=1, lgb_threads=1, lgb_binning_max_bins=12, lgb_ensemble_runs=3, lgb_device=gpu, lgb_max_gpu_jobs=1, core_budget=60, effective_core_budget=60, effective_parallel_trials=60, cpu_target=1.0
[2026-02-25T16:33:50-05:00] OpenML cache directory set to /home/users/yz1075/msdt/results/openml_cache
[2026-02-25T16:33:50-05:00] Loading dataset=electricity
[2026-02-25T16:33:50-05:00] dataset=electricity, class_prevalence(max class)=0.5755
[2026-02-25T16:33:50-05:00] Loading dataset=eye-movements
[2026-02-25T16:33:50-05:00] dataset=eye-movements, class_prevalence(max class)=0.5000
[2026-02-25T16:33:50-05:00] Loading dataset=eye-state
[2026-02-25T16:33:50-05:00] dataset=eye-state, class_prevalence(max class)=0.5512
[2026-02-25T16:33:50-05:00] optuna scheduling: studies=12, active_studies=12, jobs_per_study=5, effective_slots=60, effective_core_budget=60/60
[2026-02-25T16:33:50-05:00] optuna warm-start: scanned_files=17, study_keys=12, candidates=34, max_per_study=8
[2026-02-25T16:33:50-05:00] optuna fixed validation splits prepared for 12 studies (pipeline=lightgbm, dir=/home/users/yz1075/msdt/results/comparison/compare_4alg_original_dp_20260225_163338/_tmp/runs_lightgbm/compare_4alg_original_dp_20260225_163338_lightgbm/compare_4alg_original_dp_20260225_163338_lightgbm/optuna/study_payloads)
[2026-02-25T16:33:54-05:00] optuna best params saved: /home/users/yz1075/msdt/results/comparison/compare_4alg_original_dp_20260225_163338/_tmp/runs_lightgbm/compare_4alg_original_dp_20260225_163338_lightgbm/compare_4alg_original_dp_20260225_163338_lightgbm/optuna/best_params.csv
[2026-02-25T16:33:54-05:00] dataset=electricity, depth=2, lookahead=1, seeds=[0, 1, 2, 3, 4], tuned=True
[2026-02-25T16:33:54-05:00] dataset=electricity, depth=3, lookahead=2, seeds=[0, 1, 2, 3, 4], tuned=True
[2026-02-25T16:33:54-05:00] dataset=electricity, depth=4, lookahead=1, seeds=[0, 1, 2, 3, 4], tuned=True
[2026-02-25T16:33:54-05:00] dataset=electricity, depth=5, lookahead=2, seeds=[0, 1, 2, 3, 4], tuned=True
[2026-02-25T16:33:54-05:00] dataset=eye-movements, depth=2, lookahead=1, seeds=[0, 1, 2, 3, 4], tuned=True
[2026-02-25T16:33:54-05:00] dataset=eye-movements, depth=3, lookahead=2, seeds=[0, 1, 2, 3, 4], tuned=True
[2026-02-25T16:33:54-05:00] dataset=eye-movements, depth=4, lookahead=2, seeds=[0, 1, 2, 3, 4], tuned=True
[2026-02-25T16:33:54-05:00] dataset=eye-movements, depth=5, lookahead=2, seeds=[0, 1, 2, 3, 4], tuned=True
[2026-02-25T16:33:54-05:00] dataset=eye-state, depth=2, lookahead=1, seeds=[0, 1, 2, 3, 4], tuned=True
[2026-02-25T16:33:54-05:00] dataset=eye-state, depth=3, lookahead=2, seeds=[0, 1, 2, 3, 4], tuned=True
[2026-02-25T16:33:54-05:00] dataset=eye-state, depth=4, lookahead=1, seeds=[0, 1, 2, 3, 4], tuned=True
[2026-02-25T16:33:54-05:00] dataset=eye-state, depth=5, lookahead=1, seeds=[0, 1, 2, 3, 4], tuned=True
[2026-02-25T16:33:54-05:00] executing 60 pending trials across 3 dataset(s) with parallel_workers=60, threads_per_trial=1, lgb_threads=1, effective_core_budget=60/60
[2026-02-25T16:33:57-05:00] trial dataset=electricity, depth=2, seed=0, status=error, acc=nan
[2026-02-25T16:33:57-05:00] trial dataset=eye-state, depth=2, seed=0, status=error, acc=nan
[2026-02-25T16:33:57-05:00] trial dataset=eye-state, depth=4, seed=4, status=error, acc=nan
[2026-02-25T16:33:57-05:00] trial dataset=eye-movements, depth=3, seed=0, status=error, acc=nan
[2026-02-25T16:33:57-05:00] trial dataset=eye-state, depth=4, seed=2, status=error, acc=nan
[2026-02-25T16:33:57-05:00] trial dataset=eye-movements, depth=3, seed=4, status=error, acc=nan
[2026-02-25T16:33:57-05:00] trial dataset=eye-state, depth=3, seed=3, status=error, acc=nan
[2026-02-25T16:33:57-05:00] trial dataset=electricity, depth=3, seed=0, status=error, acc=nan
[2026-02-25T16:33:57-05:00] trial dataset=eye-state, depth=5, seed=0, status=error, acc=nan
[2026-02-25T16:33:57-05:00] trial dataset=eye-movements, depth=3, seed=3, status=error, acc=nan
[2026-02-25T16:33:57-05:00] trial dataset=electricity, depth=5, seed=1, status=error, acc=nan
[2026-02-25T16:33:57-05:00] trial dataset=electricity, depth=2, seed=1, status=error, acc=nan
[2026-02-25T16:33:57-05:00] trial dataset=eye-movements, depth=5, seed=1, status=error, acc=nan
[2026-02-25T16:33:57-05:00] trial dataset=electricity, depth=5, seed=3, status=error, acc=nan
[2026-02-25T16:33:57-05:00] trial dataset=eye-state, depth=3, seed=1, status=error, acc=nan
[2026-02-25T16:33:57-05:00] trial dataset=electricity, depth=3, seed=2, status=error, acc=nan
[2026-02-25T16:33:57-05:00] trial dataset=eye-state, depth=5, seed=4, status=error, acc=nan
[2026-02-25T16:33:57-05:00] trial dataset=electricity, depth=5, seed=0, status=error, acc=nan
[2026-02-25T16:33:57-05:00] trial dataset=eye-movements, depth=2, seed=2, status=error, acc=nan
[2026-02-25T16:33:57-05:00] trial dataset=eye-movements, depth=4, seed=4, status=error, acc=nan
[2026-02-25T16:33:57-05:00] trial dataset=electricity, depth=4, seed=1, status=error, acc=nan
[2026-02-25T16:33:57-05:00] trial dataset=eye-state, depth=3, seed=4, status=error, acc=nan
[2026-02-25T16:33:57-05:00] trial dataset=eye-movements, depth=4, seed=0, status=error, acc=nan
[2026-02-25T16:33:57-05:00] trial dataset=eye-state, depth=2, seed=1, status=error, acc=nan
[2026-02-25T16:33:57-05:00] trial dataset=eye-movements, depth=5, seed=3, status=error, acc=nan
[2026-02-25T16:33:57-05:00] trial dataset=eye-movements, depth=2, seed=4, status=error, acc=nan
[2026-02-25T16:33:57-05:00] trial dataset=electricity, depth=3, seed=4, status=error, acc=nan
[2026-02-25T16:33:57-05:00] trial dataset=eye-movements, depth=4, seed=3, status=error, acc=nan
[2026-02-25T16:33:57-05:00] trial dataset=electricity, depth=2, seed=3, status=error, acc=nan
[2026-02-25T16:33:57-05:00] trial dataset=eye-state, depth=5, seed=3, status=error, acc=nan
[2026-02-25T16:33:57-05:00] trial dataset=electricity, depth=4, seed=3, status=error, acc=nan
[2026-02-25T16:33:57-05:00] trial dataset=eye-state, depth=2, seed=4, status=error, acc=nan
[2026-02-25T16:33:57-05:00] trial dataset=eye-state, depth=2, seed=3, status=error, acc=nan
[2026-02-25T16:33:57-05:00] trial dataset=eye-state, depth=4, seed=0, status=error, acc=nan
[2026-02-25T16:33:57-05:00] trial dataset=eye-movements, depth=5, seed=4, status=error, acc=nan
[2026-02-25T16:33:57-05:00] trial dataset=eye-movements, depth=4, seed=1, status=error, acc=nan
[2026-02-25T16:33:57-05:00] trial dataset=electricity, depth=5, seed=4, status=error, acc=nan
[2026-02-25T16:33:57-05:00] trial dataset=eye-movements, depth=4, seed=2, status=error, acc=nan
[2026-02-25T16:33:57-05:00] trial dataset=eye-movements, depth=2, seed=1, status=error, acc=nan
[2026-02-25T16:33:57-05:00] trial dataset=eye-movements, depth=5, seed=2, status=error, acc=nan
[2026-02-25T16:33:57-05:00] trial dataset=eye-movements, depth=3, seed=1, status=error, acc=nan
[2026-02-25T16:33:57-05:00] trial dataset=electricity, depth=4, seed=0, status=error, acc=nan
[2026-02-25T16:33:57-05:00] trial dataset=electricity, depth=4, seed=2, status=error, acc=nan
[2026-02-25T16:33:57-05:00] trial dataset=electricity, depth=3, seed=1, status=error, acc=nan
[2026-02-25T16:33:57-05:00] trial dataset=electricity, depth=2, seed=2, status=error, acc=nan
[2026-02-25T16:33:57-05:00] trial dataset=eye-movements, depth=2, seed=3, status=error, acc=nan
[2026-02-25T16:33:57-05:00] trial dataset=electricity, depth=3, seed=3, status=error, acc=nan
[2026-02-25T16:33:57-05:00] trial dataset=eye-state, depth=2, seed=2, status=error, acc=nan
[2026-02-25T16:33:57-05:00] trial dataset=eye-state, depth=4, seed=1, status=error, acc=nan
[2026-02-25T16:33:57-05:00] trial dataset=eye-state, depth=5, seed=1, status=error, acc=nan
[2026-02-25T16:33:57-05:00] trial dataset=eye-movements, depth=5, seed=0, status=error, acc=nan
[2026-02-25T16:33:57-05:00] trial dataset=electricity, depth=5, seed=2, status=error, acc=nan
[2026-02-25T16:33:57-05:00] trial dataset=electricity, depth=4, seed=4, status=error, acc=nan
[2026-02-25T16:33:57-05:00] trial dataset=eye-movements, depth=2, seed=0, status=error, acc=nan
[2026-02-25T16:33:57-05:00] trial dataset=eye-state, depth=4, seed=3, status=error, acc=nan
[2026-02-25T16:33:57-05:00] trial dataset=eye-state, depth=5, seed=2, status=error, acc=nan
[2026-02-25T16:33:57-05:00] trial dataset=eye-movements, depth=3, seed=2, status=error, acc=nan
[2026-02-25T16:33:57-05:00] trial dataset=electricity, depth=2, seed=4, status=error, acc=nan
[2026-02-25T16:33:57-05:00] trial dataset=eye-state, depth=3, seed=2, status=error, acc=nan
[2026-02-25T16:33:57-05:00] trial dataset=eye-state, depth=3, seed=0, status=error, acc=nan
[2026-02-25T16:33:58-05:00] === Summary Table ===
      dataset  depth_budget  lookahead_depth_budget  n_success  mean_train_accuracy  mean_accuracy  mean_balanced_accuracy  mean_trivial_accuracy  std_accuracy  mean_fit_time_sec  mean_n_leaves  mean_n_internal  mean_max_arity  mean_exact_internal_nodes  mean_greedy_internal_nodes
  electricity             2                       1          0                  NaN            NaN                     NaN                    NaN           NaN                NaN            NaN              NaN             NaN                        NaN                         NaN
  electricity             3                       2          0                  NaN            NaN                     NaN                    NaN           NaN                NaN            NaN              NaN             NaN                        NaN                         NaN
  electricity             4                       3          0                  NaN            NaN                     NaN                    NaN           NaN                NaN            NaN              NaN             NaN                        NaN                         NaN
  electricity             5                       3          0                  NaN            NaN                     NaN                    NaN           NaN                NaN            NaN              NaN             NaN                        NaN                         NaN
eye-movements             2                       1          0                  NaN            NaN                     NaN                    NaN           NaN                NaN            NaN              NaN             NaN                        NaN                         NaN
eye-movements             3                       2          0                  NaN            NaN                     NaN                    NaN           NaN                NaN            NaN              NaN             NaN                        NaN                         NaN
eye-movements             4                       3          0                  NaN            NaN                     NaN                    NaN           NaN                NaN            NaN              NaN             NaN                        NaN                         NaN
eye-movements             5                       3          0                  NaN            NaN                     NaN                    NaN           NaN                NaN            NaN              NaN             NaN                        NaN                         NaN
    eye-state             2                       1          0                  NaN            NaN                     NaN                    NaN           NaN                NaN            NaN              NaN             NaN                        NaN                         NaN
    eye-state             3                       2          0                  NaN            NaN                     NaN                    NaN           NaN                NaN            NaN              NaN             NaN                        NaN                         NaN
    eye-state             4                       3          0                  NaN            NaN                     NaN                    NaN           NaN                NaN            NaN              NaN             NaN                        NaN                         NaN
    eye-state             5                       3          0                  NaN            NaN                     NaN                    NaN           NaN                NaN            NaN              NaN             NaN                        NaN                         NaN
[2026-02-25T16:33:58-05:00] === Depth vs Accuracy (Exact) ===
[2026-02-25T16:33:58-05:00] Dataset: electricity
[2026-02-25T16:33:58-05:00] Depth 2: ours=nan (nan%), bal_acc=nan (nan%), trivial_acc=nan (nan%), mean_leaves=nan, paper=0.8490 (84.90%), delta=+nan (+nan pp)
[2026-02-25T16:33:58-05:00] Depth 3: ours=nan (nan%), bal_acc=nan (nan%), trivial_acc=nan (nan%), mean_leaves=nan, paper=0.8260 (82.60%), delta=+nan (+nan pp)
[2026-02-25T16:33:58-05:00] Depth 4: ours=nan (nan%), bal_acc=nan (nan%), trivial_acc=nan (nan%), mean_leaves=nan, paper=0.8660 (86.60%), delta=+nan (+nan pp)
[2026-02-25T16:33:58-05:00] Depth 5: ours=nan (nan%), bal_acc=nan (nan%), trivial_acc=nan (nan%), mean_leaves=nan, paper=0.8820 (88.20%), delta=+nan (+nan pp)
[2026-02-25T16:33:58-05:00] Dataset: eye-movements
[2026-02-25T16:33:58-05:00] Depth 2: ours=nan (nan%), bal_acc=nan (nan%), trivial_acc=nan (nan%), mean_leaves=nan, paper=0.6010 (60.10%), delta=+nan (+nan pp)
[2026-02-25T16:33:58-05:00] Depth 3: ours=nan (nan%), bal_acc=nan (nan%), trivial_acc=nan (nan%), mean_leaves=nan, paper=0.6360 (63.60%), delta=+nan (+nan pp)
[2026-02-25T16:33:58-05:00] Depth 4: ours=nan (nan%), bal_acc=nan (nan%), trivial_acc=nan (nan%), mean_leaves=nan, paper=0.6620 (66.20%), delta=+nan (+nan pp)
[2026-02-25T16:33:58-05:00] Depth 5: ours=nan (nan%), bal_acc=nan (nan%), trivial_acc=nan (nan%), mean_leaves=nan, paper=0.6750 (67.50%), delta=+nan (+nan pp)
[2026-02-25T16:33:58-05:00] Dataset: eye-state
[2026-02-25T16:33:58-05:00] Depth 2: ours=nan (nan%), bal_acc=nan (nan%), trivial_acc=nan (nan%), mean_leaves=nan, paper=0.7590 (75.90%), delta=+nan (+nan pp)
[2026-02-25T16:33:58-05:00] Depth 3: ours=nan (nan%), bal_acc=nan (nan%), trivial_acc=nan (nan%), mean_leaves=nan, paper=0.7630 (76.30%), delta=+nan (+nan pp)
[2026-02-25T16:33:58-05:00] Depth 4: ours=nan (nan%), bal_acc=nan (nan%), trivial_acc=nan (nan%), mean_leaves=nan, paper=0.7930 (79.30%), delta=+nan (+nan pp)
[2026-02-25T16:33:58-05:00] Depth 5: ours=nan (nan%), bal_acc=nan (nan%), trivial_acc=nan (nan%), mean_leaves=nan, paper=0.8110 (81.10%), delta=+nan (+nan pp)
[2026-02-25T16:33:58-05:00] Saved run summary CSV: /home/users/yz1075/msdt/results/comparison/compare_4alg_original_dp_20260225_163338/_tmp/runs_lightgbm/compare_4alg_original_dp_20260225_163338_lightgbm/compare_4alg_original_dp_20260225_163338_lightgbm/summary_results.csv
[2026-02-25T16:33:58-05:00] Saved run seed CSV: /home/users/yz1075/msdt/results/comparison/compare_4alg_original_dp_20260225_163338/_tmp/runs_lightgbm/compare_4alg_original_dp_20260225_163338_lightgbm/compare_4alg_original_dp_20260225_163338_lightgbm/seed_results.csv
[2026-02-25T16:33:58-05:00] Saved run plot: /home/users/yz1075/msdt/results/comparison/compare_4alg_original_dp_20260225_163338/_tmp/runs_lightgbm/compare_4alg_original_dp_20260225_163338_lightgbm/compare_4alg_original_dp_20260225_163338_lightgbm/multisplit_lightgbm_dp_accuracy.png
[2026-02-25T16:33:58-05:00] Saved run log: /home/users/yz1075/msdt/results/comparison/compare_4alg_original_dp_20260225_163338/_tmp/runs_lightgbm/compare_4alg_original_dp_20260225_163338_lightgbm/compare_4alg_original_dp_20260225_163338_lightgbm/multisplit_lightgbm_depth_vs_accuracy.log
[2026-02-25T16:33:58-05:00] Saved run manifest: /home/users/yz1075/msdt/results/comparison/compare_4alg_original_dp_20260225_163338/_tmp/runs_lightgbm/compare_4alg_original_dp_20260225_163338_lightgbm/compare_4alg_original_dp_20260225_163338_lightgbm/manifest.json
[2026-02-25T16:33:58-05:00] Saved run paper comparison plot: /home/users/yz1075/msdt/results/comparison/compare_4alg_original_dp_20260225_163338/_tmp/runs_lightgbm/compare_4alg_original_dp_20260225_163338_lightgbm/compare_4alg_original_dp_20260225_163338_lightgbm/multisplit_lightgbm_dp_vs_paper_accuracy.png
[2026-02-25T16:33:58-05:00] Compatibility CSV: /home/users/yz1075/msdt/results/comparison/compare_4alg_original_dp_20260225_163338/_tmp/stable_lightgbm/multisplit_lightgbm_dp_results.csv
[2026-02-25T16:33:58-05:00] Compatibility plot: /home/users/yz1075/msdt/results/comparison/compare_4alg_original_dp_20260225_163338/_tmp/stable_lightgbm/multisplit_lightgbm_dp_accuracy.png
[2026-02-25T16:33:58-05:00] Compatibility log: /home/users/yz1075/msdt/results/comparison/compare_4alg_original_dp_20260225_163338/_tmp/stable_lightgbm/multisplit_lightgbm_depth_vs_accuracy.log
[compare] running: /home/users/yz1075/msdt/.venv/bin/python run_binarysplit_experiments_lightgbm.py --run-name compare_4alg_original_dp_20260225_163338_lightgbm_split --datasets electricity eye-movements eye-state --depth-budgets 2 3 4 5 --seeds 0 1 2 3 4 --test-size 0.2 --time-limit 1200.0 --lookahead-cap 3 --max-bins 6 --min-samples-leaf 8 --min-child-size 8 --max-branching 0 --reg 0.01 --msplit-variant optimal_dp --parallel-trials 60 --threads-per-trial 1 --optuna-trials 5 --optuna-val-size 0.2 --optuna-seed 0 --optuna-timeout-sec 0.0 --optuna-warmstart-root results --optuna-warmstart-max-per-study 8 --optuna-seed-candidates 4 --cpu-utilization-target 1.0 --optuna-max-active-studies 0 --optuna-max-concurrent-trials 0 --results-root results/comparison/compare_4alg_original_dp_20260225_163338/_tmp/runs_lightgbm_split/compare_4alg_original_dp_20260225_163338_lightgbm_split --stable-results-dir results/comparison/compare_4alg_original_dp_20260225_163338/_tmp/stable_lightgbm_split --no-package-artifacts --optuna-enable --optuna-warmstart-enable --paper-split-protocol --lgb-device-type gpu --lgb-binning-max-bins 12 --lgb-ensemble-runs 3 --lgb-ensemble-feature-fraction 0.8 --lgb-ensemble-bagging-fraction 0.8 --lgb-ensemble-bagging-freq 1 --lgb-threshold-dedup-eps 1e-09 --lgb-gpu-platform-id 0 --lgb-gpu-device-id 0 --no-lgb-gpu-fallback --lgb-max-gpu-jobs 1 --lgb-gpu-lock-dir /tmp/msdt_lgb_gpu_lock
[2026-02-25T16:33:59-05:00] Starting LightGBM SPLIT experiment run.
[2026-02-25T16:33:59-05:00] run_name=compare_4alg_original_dp_20260225_163338_lightgbm_split
[2026-02-25T16:33:59-05:00] run_dir=/home/users/yz1075/msdt/results/comparison/compare_4alg_original_dp_20260225_163338/_tmp/runs_lightgbm_split/compare_4alg_original_dp_20260225_163338_lightgbm_split/compare_4alg_original_dp_20260225_163338_lightgbm_split
[2026-02-25T16:33:59-05:00] parallel settings: parallel_trials=60, threads_per_trial=1, lgb_threads=1, lgb_binning_max_bins=12, lgb_ensemble_runs=3, lgb_device=gpu, lgb_max_gpu_jobs=1, core_budget=60, effective_core_budget=60, effective_parallel_trials=60, cpu_target=1.0
[2026-02-25T16:33:59-05:00] OpenML cache directory set to /home/users/yz1075/msdt/results/openml_cache
[2026-02-25T16:33:59-05:00] Loading dataset=electricity
[2026-02-25T16:33:59-05:00] dataset=electricity, class_prevalence(max class)=0.5755
[2026-02-25T16:33:59-05:00] Loading dataset=eye-movements
[2026-02-25T16:33:59-05:00] dataset=eye-movements, class_prevalence(max class)=0.5000
[2026-02-25T16:33:59-05:00] Loading dataset=eye-state
[2026-02-25T16:33:59-05:00] dataset=eye-state, class_prevalence(max class)=0.5512
[2026-02-25T16:33:59-05:00] optuna scheduling: studies=12, active_studies=12, jobs_per_study=5, effective_slots=60, effective_core_budget=60/60
[2026-02-25T16:34:00-05:00] optuna warm-start: scanned_files=19, study_keys=12, candidates=37, max_per_study=8
[2026-02-25T16:34:00-05:00] optuna fixed validation splits prepared for 12 studies (pipeline=lightgbm_split, dir=/home/users/yz1075/msdt/results/comparison/compare_4alg_original_dp_20260225_163338/_tmp/runs_lightgbm_split/compare_4alg_original_dp_20260225_163338_lightgbm_split/compare_4alg_original_dp_20260225_163338_lightgbm_split/optuna/study_payloads)
[2026-02-25T16:34:04-05:00] optuna best params saved: /home/users/yz1075/msdt/results/comparison/compare_4alg_original_dp_20260225_163338/_tmp/runs_lightgbm_split/compare_4alg_original_dp_20260225_163338_lightgbm_split/compare_4alg_original_dp_20260225_163338_lightgbm_split/optuna/best_params.csv
[2026-02-25T16:34:04-05:00] dataset=electricity, depth=2, lookahead=1, seeds=[0, 1, 2, 3, 4], tuned=True
[2026-02-25T16:34:04-05:00] dataset=electricity, depth=3, lookahead=2, seeds=[0, 1, 2, 3, 4], tuned=True
[2026-02-25T16:34:04-05:00] dataset=electricity, depth=4, lookahead=2, seeds=[0, 1, 2, 3, 4], tuned=True
[2026-02-25T16:34:04-05:00] dataset=electricity, depth=5, lookahead=3, seeds=[0, 1, 2, 3, 4], tuned=True
[2026-02-25T16:34:04-05:00] dataset=eye-movements, depth=2, lookahead=1, seeds=[0, 1, 2, 3, 4], tuned=True
[2026-02-25T16:34:04-05:00] dataset=eye-movements, depth=3, lookahead=2, seeds=[0, 1, 2, 3, 4], tuned=True
[2026-02-25T16:34:04-05:00] dataset=eye-movements, depth=4, lookahead=1, seeds=[0, 1, 2, 3, 4], tuned=True
[2026-02-25T16:34:04-05:00] dataset=eye-movements, depth=5, lookahead=2, seeds=[0, 1, 2, 3, 4], tuned=True
[2026-02-25T16:34:04-05:00] dataset=eye-state, depth=2, lookahead=1, seeds=[0, 1, 2, 3, 4], tuned=True
[2026-02-25T16:34:04-05:00] dataset=eye-state, depth=3, lookahead=2, seeds=[0, 1, 2, 3, 4], tuned=True
[2026-02-25T16:34:04-05:00] dataset=eye-state, depth=4, lookahead=2, seeds=[0, 1, 2, 3, 4], tuned=True
[2026-02-25T16:34:04-05:00] dataset=eye-state, depth=5, lookahead=2, seeds=[0, 1, 2, 3, 4], tuned=True
[2026-02-25T16:34:04-05:00] executing 60 pending trials across 3 dataset(s) with parallel_workers=60, threads_per_trial=1, lgb_threads=1, effective_core_budget=60/60
[2026-02-25T16:34:07-05:00] trial dataset=eye-movements, depth=4, seed=0, status=error, acc=nan
[2026-02-25T16:34:07-05:00] trial dataset=eye-movements, depth=2, seed=2, status=error, acc=nan
[2026-02-25T16:34:07-05:00] trial dataset=eye-movements, depth=3, seed=2, status=error, acc=nan
[2026-02-25T16:34:07-05:00] trial dataset=electricity, depth=3, seed=3, status=error, acc=nan
[2026-02-25T16:34:07-05:00] trial dataset=eye-movements, depth=4, seed=3, status=error, acc=nan
[2026-02-25T16:34:07-05:00] trial dataset=eye-movements, depth=4, seed=2, status=error, acc=nan
[2026-02-25T16:34:07-05:00] trial dataset=eye-state, depth=5, seed=3, status=error, acc=nan
[2026-02-25T16:34:07-05:00] trial dataset=electricity, depth=5, seed=0, status=error, acc=nan
[2026-02-25T16:34:07-05:00] trial dataset=electricity, depth=2, seed=4, status=error, acc=nan
[2026-02-25T16:34:07-05:00] trial dataset=electricity, depth=3, seed=2, status=error, acc=nan
[2026-02-25T16:34:07-05:00] trial dataset=electricity, depth=5, seed=1, status=error, acc=nan
[2026-02-25T16:34:07-05:00] trial dataset=electricity, depth=4, seed=2, status=error, acc=nan
[2026-02-25T16:34:07-05:00] trial dataset=eye-state, depth=2, seed=1, status=error, acc=nan
[2026-02-25T16:34:07-05:00] trial dataset=eye-state, depth=5, seed=0, status=error, acc=nan
[2026-02-25T16:34:07-05:00] trial dataset=eye-state, depth=4, seed=0, status=error, acc=nan
[2026-02-25T16:34:07-05:00] trial dataset=eye-movements, depth=3, seed=0, status=error, acc=nan
[2026-02-25T16:34:07-05:00] trial dataset=electricity, depth=5, seed=2, status=error, acc=nan
[2026-02-25T16:34:07-05:00] trial dataset=eye-movements, depth=3, seed=1, status=error, acc=nan
[2026-02-25T16:34:07-05:00] trial dataset=eye-state, depth=4, seed=1, status=error, acc=nan
[2026-02-25T16:34:07-05:00] trial dataset=eye-movements, depth=2, seed=4, status=error, acc=nan
[2026-02-25T16:34:07-05:00] trial dataset=eye-movements, depth=5, seed=2, status=error, acc=nan
[2026-02-25T16:34:07-05:00] trial dataset=eye-movements, depth=4, seed=1, status=error, acc=nan
[2026-02-25T16:34:07-05:00] trial dataset=eye-movements, depth=4, seed=4, status=error, acc=nan
[2026-02-25T16:34:07-05:00] trial dataset=eye-state, depth=3, seed=4, status=error, acc=nan
[2026-02-25T16:34:07-05:00] trial dataset=electricity, depth=2, seed=2, status=error, acc=nan
[2026-02-25T16:34:07-05:00] trial dataset=eye-state, depth=4, seed=2, status=error, acc=nan
[2026-02-25T16:34:07-05:00] trial dataset=electricity, depth=4, seed=3, status=error, acc=nan
[2026-02-25T16:34:07-05:00] trial dataset=eye-movements, depth=2, seed=3, status=error, acc=nan
[2026-02-25T16:34:07-05:00] trial dataset=electricity, depth=3, seed=0, status=error, acc=nan
[2026-02-25T16:34:07-05:00] trial dataset=eye-movements, depth=5, seed=4, status=error, acc=nan
[2026-02-25T16:34:07-05:00] trial dataset=eye-state, depth=5, seed=1, status=error, acc=nan
[2026-02-25T16:34:07-05:00] trial dataset=eye-state, depth=5, seed=2, status=error, acc=nan
[2026-02-25T16:34:07-05:00] trial dataset=eye-movements, depth=3, seed=4, status=error, acc=nan
[2026-02-25T16:34:07-05:00] trial dataset=eye-movements, depth=5, seed=0, status=error, acc=nan
[2026-02-25T16:34:07-05:00] trial dataset=electricity, depth=3, seed=4, status=error, acc=nan
[2026-02-25T16:34:07-05:00] trial dataset=eye-state, depth=4, seed=4, status=error, acc=nan
[2026-02-25T16:34:07-05:00] trial dataset=electricity, depth=2, seed=3, status=error, acc=nan
[2026-02-25T16:34:07-05:00] trial dataset=electricity, depth=2, seed=1, status=error, acc=nan
[2026-02-25T16:34:07-05:00] trial dataset=eye-movements, depth=2, seed=1, status=error, acc=nan
[2026-02-25T16:34:07-05:00] trial dataset=electricity, depth=2, seed=0, status=error, acc=nan
[2026-02-25T16:34:07-05:00] trial dataset=eye-movements, depth=3, seed=3, status=error, acc=nan
[2026-02-25T16:34:07-05:00] trial dataset=electricity, depth=4, seed=1, status=error, acc=nan
[2026-02-25T16:34:07-05:00] trial dataset=eye-movements, depth=5, seed=3, status=error, acc=nan
[2026-02-25T16:34:07-05:00] trial dataset=electricity, depth=5, seed=3, status=error, acc=nan
[2026-02-25T16:34:07-05:00] trial dataset=eye-state, depth=4, seed=3, status=error, acc=nan
[2026-02-25T16:34:07-05:00] trial dataset=eye-movements, depth=2, seed=0, status=error, acc=nan
[2026-02-25T16:34:07-05:00] trial dataset=eye-state, depth=5, seed=4, status=error, acc=nan
[2026-02-25T16:34:07-05:00] trial dataset=electricity, depth=3, seed=1, status=error, acc=nan
[2026-02-25T16:34:07-05:00] trial dataset=electricity, depth=4, seed=4, status=error, acc=nan
[2026-02-25T16:34:07-05:00] trial dataset=electricity, depth=4, seed=0, status=error, acc=nan
[2026-02-25T16:34:07-05:00] trial dataset=eye-state, depth=2, seed=0, status=error, acc=nan
[2026-02-25T16:34:07-05:00] trial dataset=eye-state, depth=3, seed=0, status=error, acc=nan
[2026-02-25T16:34:07-05:00] trial dataset=eye-state, depth=2, seed=4, status=error, acc=nan
[2026-02-25T16:34:07-05:00] trial dataset=eye-state, depth=2, seed=3, status=error, acc=nan
[2026-02-25T16:34:07-05:00] trial dataset=electricity, depth=5, seed=4, status=error, acc=nan
[2026-02-25T16:34:07-05:00] trial dataset=eye-state, depth=3, seed=2, status=error, acc=nan
[2026-02-25T16:34:07-05:00] trial dataset=eye-state, depth=3, seed=3, status=error, acc=nan
[2026-02-25T16:34:07-05:00] trial dataset=eye-state, depth=3, seed=1, status=error, acc=nan
[2026-02-25T16:34:07-05:00] trial dataset=eye-state, depth=2, seed=2, status=error, acc=nan
[2026-02-25T16:34:07-05:00] trial dataset=eye-movements, depth=5, seed=1, status=error, acc=nan
[2026-02-25T16:34:07-05:00] === Summary Table ===
      dataset  depth_budget  lookahead_depth_budget  n_success  mean_train_accuracy  mean_accuracy  mean_balanced_accuracy  mean_trivial_accuracy  std_accuracy  mean_fit_time_sec  mean_n_leaves  mean_n_internal  mean_max_arity  mean_exact_internal_nodes  mean_greedy_internal_nodes
  electricity             2                       1          0                  NaN            NaN                     NaN                    NaN           NaN                NaN            NaN              NaN             NaN                        NaN                         NaN
  electricity             3                       2          0                  NaN            NaN                     NaN                    NaN           NaN                NaN            NaN              NaN             NaN                        NaN                         NaN
  electricity             4                       3          0                  NaN            NaN                     NaN                    NaN           NaN                NaN            NaN              NaN             NaN                        NaN                         NaN
  electricity             5                       3          0                  NaN            NaN                     NaN                    NaN           NaN                NaN            NaN              NaN             NaN                        NaN                         NaN
eye-movements             2                       1          0                  NaN            NaN                     NaN                    NaN           NaN                NaN            NaN              NaN             NaN                        NaN                         NaN
eye-movements             3                       2          0                  NaN            NaN                     NaN                    NaN           NaN                NaN            NaN              NaN             NaN                        NaN                         NaN
eye-movements             4                       3          0                  NaN            NaN                     NaN                    NaN           NaN                NaN            NaN              NaN             NaN                        NaN                         NaN
eye-movements             5                       3          0                  NaN            NaN                     NaN                    NaN           NaN                NaN            NaN              NaN             NaN                        NaN                         NaN
    eye-state             2                       1          0                  NaN            NaN                     NaN                    NaN           NaN                NaN            NaN              NaN             NaN                        NaN                         NaN
    eye-state             3                       2          0                  NaN            NaN                     NaN                    NaN           NaN                NaN            NaN              NaN             NaN                        NaN                         NaN
    eye-state             4                       3          0                  NaN            NaN                     NaN                    NaN           NaN                NaN            NaN              NaN             NaN                        NaN                         NaN
    eye-state             5                       3          0                  NaN            NaN                     NaN                    NaN           NaN                NaN            NaN              NaN             NaN                        NaN                         NaN
[2026-02-25T16:34:07-05:00] === Depth vs Accuracy (Exact) ===
[2026-02-25T16:34:07-05:00] Dataset: electricity
[2026-02-25T16:34:07-05:00] Depth 2: ours=nan (nan%), bal_acc=nan (nan%), trivial_acc=nan (nan%), mean_leaves=nan, paper=0.8490 (84.90%), delta=+nan (+nan pp)
[2026-02-25T16:34:07-05:00] Depth 3: ours=nan (nan%), bal_acc=nan (nan%), trivial_acc=nan (nan%), mean_leaves=nan, paper=0.8260 (82.60%), delta=+nan (+nan pp)
[2026-02-25T16:34:07-05:00] Depth 4: ours=nan (nan%), bal_acc=nan (nan%), trivial_acc=nan (nan%), mean_leaves=nan, paper=0.8660 (86.60%), delta=+nan (+nan pp)
[2026-02-25T16:34:07-05:00] Depth 5: ours=nan (nan%), bal_acc=nan (nan%), trivial_acc=nan (nan%), mean_leaves=nan, paper=0.8820 (88.20%), delta=+nan (+nan pp)
[2026-02-25T16:34:07-05:00] Dataset: eye-movements
[2026-02-25T16:34:07-05:00] Depth 2: ours=nan (nan%), bal_acc=nan (nan%), trivial_acc=nan (nan%), mean_leaves=nan, paper=0.6010 (60.10%), delta=+nan (+nan pp)
[2026-02-25T16:34:07-05:00] Depth 3: ours=nan (nan%), bal_acc=nan (nan%), trivial_acc=nan (nan%), mean_leaves=nan, paper=0.6360 (63.60%), delta=+nan (+nan pp)
[2026-02-25T16:34:07-05:00] Depth 4: ours=nan (nan%), bal_acc=nan (nan%), trivial_acc=nan (nan%), mean_leaves=nan, paper=0.6620 (66.20%), delta=+nan (+nan pp)
[2026-02-25T16:34:07-05:00] Depth 5: ours=nan (nan%), bal_acc=nan (nan%), trivial_acc=nan (nan%), mean_leaves=nan, paper=0.6750 (67.50%), delta=+nan (+nan pp)
[2026-02-25T16:34:07-05:00] Dataset: eye-state
[2026-02-25T16:34:07-05:00] Depth 2: ours=nan (nan%), bal_acc=nan (nan%), trivial_acc=nan (nan%), mean_leaves=nan, paper=0.7590 (75.90%), delta=+nan (+nan pp)
[2026-02-25T16:34:07-05:00] Depth 3: ours=nan (nan%), bal_acc=nan (nan%), trivial_acc=nan (nan%), mean_leaves=nan, paper=0.7630 (76.30%), delta=+nan (+nan pp)
[2026-02-25T16:34:07-05:00] Depth 4: ours=nan (nan%), bal_acc=nan (nan%), trivial_acc=nan (nan%), mean_leaves=nan, paper=0.7930 (79.30%), delta=+nan (+nan pp)
[2026-02-25T16:34:07-05:00] Depth 5: ours=nan (nan%), bal_acc=nan (nan%), trivial_acc=nan (nan%), mean_leaves=nan, paper=0.8110 (81.10%), delta=+nan (+nan pp)
[2026-02-25T16:34:07-05:00] Saved run summary CSV: /home/users/yz1075/msdt/results/comparison/compare_4alg_original_dp_20260225_163338/_tmp/runs_lightgbm_split/compare_4alg_original_dp_20260225_163338_lightgbm_split/compare_4alg_original_dp_20260225_163338_lightgbm_split/summary_results.csv
[2026-02-25T16:34:07-05:00] Saved run seed CSV: /home/users/yz1075/msdt/results/comparison/compare_4alg_original_dp_20260225_163338/_tmp/runs_lightgbm_split/compare_4alg_original_dp_20260225_163338_lightgbm_split/compare_4alg_original_dp_20260225_163338_lightgbm_split/seed_results.csv
[2026-02-25T16:34:07-05:00] Saved run plot: /home/users/yz1075/msdt/results/comparison/compare_4alg_original_dp_20260225_163338/_tmp/runs_lightgbm_split/compare_4alg_original_dp_20260225_163338_lightgbm_split/compare_4alg_original_dp_20260225_163338_lightgbm_split/split_lightgbm_accuracy.png
[2026-02-25T16:34:07-05:00] Saved run log: /home/users/yz1075/msdt/results/comparison/compare_4alg_original_dp_20260225_163338/_tmp/runs_lightgbm_split/compare_4alg_original_dp_20260225_163338_lightgbm_split/compare_4alg_original_dp_20260225_163338_lightgbm_split/split_lightgbm_depth_vs_accuracy.log
[2026-02-25T16:34:07-05:00] Saved run manifest: /home/users/yz1075/msdt/results/comparison/compare_4alg_original_dp_20260225_163338/_tmp/runs_lightgbm_split/compare_4alg_original_dp_20260225_163338_lightgbm_split/compare_4alg_original_dp_20260225_163338_lightgbm_split/manifest.json
[2026-02-25T16:34:07-05:00] Saved run paper comparison plot: /home/users/yz1075/msdt/results/comparison/compare_4alg_original_dp_20260225_163338/_tmp/runs_lightgbm_split/compare_4alg_original_dp_20260225_163338_lightgbm_split/compare_4alg_original_dp_20260225_163338_lightgbm_split/split_lightgbm_vs_paper_accuracy.png
[2026-02-25T16:34:07-05:00] Compatibility CSV: /home/users/yz1075/msdt/results/comparison/compare_4alg_original_dp_20260225_163338/_tmp/stable_lightgbm_split/split_lightgbm_results.csv
[2026-02-25T16:34:07-05:00] Compatibility plot: /home/users/yz1075/msdt/results/comparison/compare_4alg_original_dp_20260225_163338/_tmp/stable_lightgbm_split/split_lightgbm_accuracy.png
[2026-02-25T16:34:07-05:00] Compatibility log: /home/users/yz1075/msdt/results/comparison/compare_4alg_original_dp_20260225_163338/_tmp/stable_lightgbm_split/split_lightgbm_depth_vs_accuracy.log
[compare] XGBoost dataset=electricity
[compare] XGBoost dataset=eye-movements
[compare] XGBoost dataset=eye-state
[compare] XGBoost parallel workers=60, threads_per_trial=1, trials=60
[compare] ShapeCART dataset=electricity
[compare] ShapeCART dataset=eye-movements
[compare] ShapeCART dataset=eye-state
[compare] ShapeCART parallel workers=60, trials=60
[compare] visualizing xgboost dataset=electricity depth=5 seed=0 source=artifact
[compare] visualizing: /home/users/yz1075/msdt/.venv/bin/python visualize_multisplit_tree.py --dataset electricity --pipeline xgboost --artifact-in results/comparison/compare_4alg_original_dp_20260225_163338/tree_artifacts/xgboost_all/electricity/depth_5/seed_0.json --out results/comparison/compare_4alg_original_dp_20260225_163338/XGBoost_trees/electricity.png --artifact-out results/comparison/compare_4alg_original_dp_20260225_163338/tree_artifacts/xgboost/electricity.json
saved results/comparison/compare_4alg_original_dp_20260225_163338/XGBoost_trees/electricity.png
accuracy 0.8756482401
realized_depth 5
[compare] visualizing lightgbm dataset=electricity depth=6 seed=0 source=retrain_fallback
[compare] visualizing: /home/users/yz1075/msdt/.venv/bin/python visualize_multisplit_tree.py --dataset electricity --pipeline lightgbm --depth-budget 6 --seed 0 --out results/comparison/compare_4alg_original_dp_20260225_163338/lightgbm_mssplit_trees/electricity.png --artifact-out results/comparison/compare_4alg_original_dp_20260225_163338/tree_artifacts/lightgbm_mssplit/electricity.json --test-size 0.2 --time-limit 1200.0 --lookahead-cap 3 --max-bins 6 --min-samples-leaf 8 --min-child-size 8 --max-branching 0 --reg 0.01 --msplit-variant optimal_dp --xgb-n-estimators 300 --xgb-learning-rate 0.05 --xgb-num-threads 1 --lgb-device-type gpu --lgb-binning-max-bins 12 --lgb-ensemble-runs 3 --lgb-ensemble-feature-fraction 0.8 --lgb-ensemble-bagging-fraction 0.8 --lgb-ensemble-bagging-freq 1 --lgb-threshold-dedup-eps 1e-09 --lgb-gpu-platform-id 0 --lgb-gpu-device-id 0 --no-lgb-gpu-fallback
Saved run profile: /home/users/yz1075/msdt/results/comparison/compare_4alg_original_dp_20260225_163338/run_profile.json
Saved time profile: /home/users/yz1075/msdt/results/comparison/compare_4alg_original_dp_20260225_163338/run_profile.time.log
Saved command log: /home/users/yz1075/msdt/results/comparison/compare_4alg_original_dp_20260225_163338/run_profile.cmd.txt
=== Run Profile Summary ===
wall_time=7:23.49
user_time_sec=7957.04
sys_time_sec=182.54
cpu_utilization=1835%
max_rss_kb=1005188
max_rss_gb=0.96
