Traceback (most recent call last):
  File "/home/users/yz1075/mdst/run_multisplit_experiments_cart.py", line 894, in <module>
    main()
  File "/home/users/yz1075/mdst/run_multisplit_experiments_cart.py", line 734, in main
    result_rows = _run_trials(
  File "/home/users/yz1075/mdst/run_multisplit_experiments_cart.py", line 315, in _run_trials
    row = future.result()
  File "/usr/lib/python3.10/concurrent/futures/_base.py", line 451, in result
    return self.__get_result()
  File "/usr/lib/python3.10/concurrent/futures/_base.py", line 403, in __get_result
    raise self._exception
concurrent.futures.process.BrokenProcessPool: A process in the process pool was terminated abruptly while the future was running or pending.
Traceback (most recent call last):
  File "/home/users/yz1075/mdst/run_multisplit_xgboost_comparison.py", line 799, in <module>
    main()
  File "/home/users/yz1075/mdst/run_multisplit_xgboost_comparison.py", line 710, in main
    cart_summary, cart_seed, _ = _run_split_pipeline(
  File "/home/users/yz1075/mdst/run_multisplit_xgboost_comparison.py", line 166, in _run_split_pipeline
    subprocess.run(cmd, check=True)
  File "/usr/lib/python3.10/subprocess.py", line 526, in run
    raise CalledProcessError(retcode, process.args,
subprocess.CalledProcessError: Command '['/home/users/yz1075/mdst/.venv/bin/python', 'run_multisplit_experiments_cart.py', '--run-name', 'compare_maxthroughput_20260215_232328_cart', '--datasets', 'electricity', 'eye-movements', 'eye-state', '--depth-budgets', '2', '3', '4', '5', '6', '--seeds', '0', '1', '2', '3', '4', '--test-size', '0.2', '--time-limit', '600.0', '--lookahead-cap', '3', '--max-bins', '6', '--min-samples-leaf', '8', '--min-child-size', '8', '--max-branching', '0', '--reg', '0.01', '--branch-penalty', '0.002', '--parallel-trials', '40', '--threads-per-trial', '1', '--results-root', 'results/comparison/compare_maxthroughput_20260215_232328/_tmp/runs_cart/compare_maxthroughput_20260215_232328_cart', '--stable-results-dir', 'results/comparison/compare_maxthroughput_20260215_232328/_tmp/stable_cart', '--no-package-artifacts']' returned non-zero exit status 1.
Pipeline execution failed. Check /home/users/yz1075/mdst/results/comparison/compare_maxthroughput_20260215_232328/run_profile.time.log and /home/users/yz1075/mdst/results/comparison/compare_maxthroughput_20260215_232328/run_profile.json
[2026-02-15T23:32:41.108] error: Detected 1 oom_kill event in StepId=10601579.batch. Some of the step tasks have been OOM Killed.
