[2026-03-14T17:48:08-04:00] Starting LightGBM multisplit experiment run.
[2026-03-14T17:48:08-04:00] run_name=benchmark_teacher_guided_atomcolor_electricity_d3_exact_optuna_20260314_v45
[2026-03-14T17:48:08-04:00] run_dir=/home/users/yz1075/msdt/results/runs_lightgbm/benchmark_teacher_guided_atomcolor_electricity_d3_exact_optuna_20260314_v45
[2026-03-14T17:48:08-04:00] parallel settings: parallel_trials=1, threads_per_trial=6, lgb_threads=6, lgb_ensemble_runs=1, lgb_device=cpu, lgb_max_gpu_jobs=1, core_budget=6, effective_core_budget=6, effective_parallel_trials=1, cpu_target=1.0, cpu_affinity=[], cpu_nice=0
[2026-03-14T17:48:08-04:00] OpenML cache directory set to /home/users/yz1075/msdt/results/openml_cache
[2026-03-14T17:48:08-04:00] Loading dataset=electricity
[2026-03-14T17:48:08-04:00] dataset=electricity, class_prevalence(max class)=0.5755
[2026-03-14T17:48:08-04:00] optuna scheduling: studies=1, active_studies=1, jobs_per_study=1, effective_slots=1, effective_core_budget=6/6
[2026-03-14T17:48:08-04:00] optuna fixed validation splits prepared for 1 studies (pipeline=lightgbm, dir=/home/users/yz1075/msdt/results/runs_lightgbm/benchmark_teacher_guided_atomcolor_electricity_d3_exact_optuna_20260314_v45/optuna/study_payloads)
[2026-03-14T17:48:08-04:00] lightgbm_binner:start rows=31717 features=14 max_bins=255 ensemble_runs=1 device=cpu
[2026-03-14T17:48:08-04:00] lightgbm_binner:fit_run_start run=1/1 device=cpu
[2026-03-14T17:48:15-04:00] lightgbm_binner:fit_run_done run=1/1 device=cpu best_iteration=4988
[2026-03-14T17:48:21-04:00] lightgbm_binner:thresholds_ready mean_bins=106.43 max_bins_used=244
[2026-03-14T17:48:25-04:00] lightgbm_binner:done
[2026-03-14T17:48:37-04:00] lightgbm_binner:start rows=31717 features=14 max_bins=255 ensemble_runs=1 device=cpu
[2026-03-14T17:48:37-04:00] lightgbm_binner:fit_run_start run=1/1 device=cpu
[2026-03-14T17:48:44-04:00] lightgbm_binner:fit_run_done run=1/1 device=cpu best_iteration=7944
[2026-03-14T17:48:50-04:00] lightgbm_binner:thresholds_ready mean_bins=99.29 max_bins_used=234
[2026-03-14T17:48:53-04:00] lightgbm_binner:done
[2026-03-14T17:49:04-04:00] lightgbm_binner:start rows=31717 features=14 max_bins=255 ensemble_runs=1 device=cpu
[2026-03-14T17:49:04-04:00] lightgbm_binner:fit_run_start run=1/1 device=cpu
[2026-03-14T17:49:10-04:00] lightgbm_binner:fit_run_done run=1/1 device=cpu best_iteration=5651
