[I 2026-02-16 13:03:47,822] A new study created in memory with name: cart_electricity_d2
[I 2026-02-16 13:03:47,830] A new study created in memory with name: cart_electricity_d3
[I 2026-02-16 13:03:47,839] A new study created in memory with name: cart_electricity_d4
[I 2026-02-16 13:03:47,855] A new study created in memory with name: cart_electricity_d5
[I 2026-02-16 13:03:47,861] A new study created in memory with name: cart_electricity_d6
[I 2026-02-16 13:03:47,866] A new study created in memory with name: cart_eye-movements_d3
[I 2026-02-16 13:03:47,866] A new study created in memory with name: cart_eye-movements_d2
[I 2026-02-16 13:03:47,868] A new study created in memory with name: cart_eye-movements_d4
[I 2026-02-16 13:03:47,870] A new study created in memory with name: cart_eye-movements_d5
[I 2026-02-16 13:03:47,877] A new study created in memory with name: cart_eye-movements_d6
[I 2026-02-16 13:03:47,878] A new study created in memory with name: cart_eye-state_d2
[I 2026-02-16 13:03:47,882] A new study created in memory with name: cart_eye-state_d3
[I 2026-02-16 13:03:48,020] Trial 1 finished with value: 0.5377668308702791 and parameters: {'lookahead_cap': 1, 'max_bins': 2, 'min_samples_leaf': 6, 'min_child_size': 2, 'max_branching': 0, 'reg': 0.007976596988884095, 'branch_penalty': 0.00011129075425604704}. Best is trial 1 with value: 0.5377668308702791.
[I 2026-02-16 13:03:48,024] Trial 0 finished with value: 0.5886524822695035 and parameters: {'lookahead_cap': 1, 'max_bins': 6, 'min_samples_leaf': 5, 'min_child_size': 2, 'max_branching': 2, 'reg': 0.03344861783846697, 'branch_penalty': 0.00022404975703638102}. Best is trial 0 with value: 0.5886524822695035.
[I 2026-02-16 13:03:48,050] Trial 1 finished with value: 0.7510344827586207 and parameters: {'lookahead_cap': 1, 'max_bins': 2, 'min_samples_leaf': 5, 'min_child_size': 10, 'max_branching': 6, 'reg': 0.014089865361817855, 'branch_penalty': 0.0003039180973164666}. Best is trial 1 with value: 0.7510344827586207.
[I 2026-02-16 13:03:48,111] Trial 0 finished with value: 0.5451559934318555 and parameters: {'lookahead_cap': 1, 'max_bins': 2, 'min_samples_leaf': 4, 'min_child_size': 11, 'max_branching': 2, 'reg': 0.00016496654026488004, 'branch_penalty': 0.00015282181611133452}. Best is trial 0 with value: 0.5451559934318555.
[I 2026-02-16 13:03:48,156] Trial 2 finished with value: 0.6370463078848561 and parameters: {'lookahead_cap': 1, 'max_bins': 5, 'min_samples_leaf': 4, 'min_child_size': 7, 'max_branching': 4, 'reg': 0.00017606568638553501, 'branch_penalty': 0.00030068731718590146}. Best is trial 2 with value: 0.6370463078848561.
[I 2026-02-16 13:03:48,187] Trial 2 finished with value: 0.5599343185550082 and parameters: {'lookahead_cap': 1, 'max_bins': 3, 'min_samples_leaf': 11, 'min_child_size': 3, 'max_branching': 5, 'reg': 0.00016216653044064146, 'branch_penalty': 0.015678860769577436}. Best is trial 2 with value: 0.5599343185550082.
[I 2026-02-16 13:03:48,263] Trial 2 finished with value: 0.7641379310344828 and parameters: {'lookahead_cap': 1, 'max_bins': 6, 'min_samples_leaf': 12, 'min_child_size': 5, 'max_branching': 0, 'reg': 0.00029950278022946095, 'branch_penalty': 0.0026930584181839006}. Best is trial 2 with value: 0.7641379310344828.
[I 2026-02-16 13:03:48,262] Trial 1 finished with value: 0.6282853566958698 and parameters: {'lookahead_cap': 1, 'max_bins': 3, 'min_samples_leaf': 6, 'min_child_size': 9, 'max_branching': 3, 'reg': 0.0007507847602611184, 'branch_penalty': 0.008444995100400705}. Best is trial 2 with value: 0.6370463078848561.
[I 2026-02-16 13:03:48,364] Trial 3 finished with value: 0.5492610837438424 and parameters: {'lookahead_cap': 1, 'max_bins': 5, 'min_samples_leaf': 11, 'min_child_size': 14, 'max_branching': 0, 'reg': 0.008776748553465932, 'branch_penalty': 0.00022835449357697785}. Best is trial 2 with value: 0.5599343185550082.
[I 2026-02-16 13:03:48,377] Trial 2 finished with value: 0.6616604088443888 and parameters: {'lookahead_cap': 1, 'max_bins': 3, 'min_samples_leaf': 2, 'min_child_size': 10, 'max_branching': 2, 'reg': 0.0005275501144529193, 'branch_penalty': 0.0004556536832085664}. Best is trial 2 with value: 0.6616604088443888.
[I 2026-02-16 13:03:48,413] Trial 0 finished with value: 0.5706075533661741 and parameters: {'lookahead_cap': 1, 'max_bins': 3, 'min_samples_leaf': 10, 'min_child_size': 6, 'max_branching': 5, 'reg': 0.007127797839327669, 'branch_penalty': 0.001691066967522587}. Best is trial 0 with value: 0.5706075533661741.
[I 2026-02-16 13:03:48,417] Trial 0 finished with value: 0.760551724137931 and parameters: {'lookahead_cap': 1, 'max_bins': 4, 'min_samples_leaf': 10, 'min_child_size': 12, 'max_branching': 2, 'reg': 0.009734897548059694, 'branch_penalty': 0.0008716613763805939}. Best is trial 2 with value: 0.7641379310344828.
[I 2026-02-16 13:03:48,439] Trial 5 finished with value: 0.6253650396328744 and parameters: {'lookahead_cap': 1, 'max_bins': 6, 'min_samples_leaf': 7, 'min_child_size': 11, 'max_branching': 4, 'reg': 0.0017123718452050646, 'branch_penalty': 0.0014108400767126683}. Best is trial 2 with value: 0.6370463078848561.
[I 2026-02-16 13:03:48,445] Trial 5 finished with value: 0.5706075533661741 and parameters: {'lookahead_cap': 1, 'max_bins': 3, 'min_samples_leaf': 2, 'min_child_size': 11, 'max_branching': 5, 'reg': 0.010577285758004668, 'branch_penalty': 0.0023160940020762215}. Best is trial 5 with value: 0.5706075533661741.
[I 2026-02-16 13:03:48,577] Trial 3 finished with value: 0.6270337922403004 and parameters: {'lookahead_cap': 1, 'max_bins': 5, 'min_samples_leaf': 2, 'min_child_size': 10, 'max_branching': 0, 'reg': 0.0030726018007201793, 'branch_penalty': 0.004654204454808961}. Best is trial 2 with value: 0.6370463078848561.
[I 2026-02-16 13:03:48,596] Trial 4 finished with value: 0.5509031198686372 and parameters: {'lookahead_cap': 1, 'max_bins': 6, 'min_samples_leaf': 5, 'min_child_size': 4, 'max_branching': 0, 'reg': 0.00014955449340861438, 'branch_penalty': 0.00014795893024375435}. Best is trial 5 with value: 0.5706075533661741.
[I 2026-02-16 13:03:48,624] Trial 3 finished with value: 0.7582068965517241 and parameters: {'lookahead_cap': 1, 'max_bins': 6, 'min_samples_leaf': 9, 'min_child_size': 13, 'max_branching': 6, 'reg': 0.04291169044562184, 'branch_penalty': 0.001368996996641868}. Best is trial 2 with value: 0.7641379310344828.
[I 2026-02-16 13:03:48,701] Trial 4 finished with value: 0.5511055486024197 and parameters: {'lookahead_cap': 1, 'max_bins': 5, 'min_samples_leaf': 15, 'min_child_size': 3, 'max_branching': 0, 'reg': 0.04865692247837564, 'branch_penalty': 0.0001004378722744647}. Best is trial 2 with value: 0.6370463078848561.
[I 2026-02-16 13:03:48,743] Trial 6 finished with value: 0.5369458128078818 and parameters: {'lookahead_cap': 1, 'max_bins': 6, 'min_samples_leaf': 11, 'min_child_size': 8, 'max_branching': 6, 'reg': 0.00025492669427906755, 'branch_penalty': 0.0003731860908081452}. Best is trial 5 with value: 0.5706075533661741.
[I 2026-02-16 13:03:48,823] Trial 7 finished with value: 0.5689655172413793 and parameters: {'lookahead_cap': 1, 'max_bins': 4, 'min_samples_leaf': 5, 'min_child_size': 3, 'max_branching': 2, 'reg': 0.0003149416491815421, 'branch_penalty': 0.0016326148668990032}. Best is trial 5 with value: 0.5706075533661741.
[I 2026-02-16 13:03:48,843] Trial 6 finished with value: 0.5882352941176471 and parameters: {'lookahead_cap': 1, 'max_bins': 2, 'min_samples_leaf': 14, 'min_child_size': 3, 'max_branching': 2, 'reg': 0.00024534663899766795, 'branch_penalty': 0.0021065081658544716}. Best is trial 2 with value: 0.6370463078848561.
[I 2026-02-16 13:03:48,857] Trial 5 finished with value: 0.7562758620689655 and parameters: {'lookahead_cap': 1, 'max_bins': 6, 'min_samples_leaf': 12, 'min_child_size': 6, 'max_branching': 4, 'reg': 0.02767124068600436, 'branch_penalty': 0.0001036965569541647}. Best is trial 2 with value: 0.7641379310344828.
[I 2026-02-16 13:03:48,946] Trial 8 finished with value: 0.5673234811165846 and parameters: {'lookahead_cap': 1, 'max_bins': 5, 'min_samples_leaf': 8, 'min_child_size': 10, 'max_branching': 5, 'reg': 0.0008541724833810053, 'branch_penalty': 0.00032625158253371897}. Best is trial 5 with value: 0.5706075533661741.
[I 2026-02-16 13:03:48,946] Trial 8 finished with value: 0.6303712974551523 and parameters: {'lookahead_cap': 1, 'max_bins': 3, 'min_samples_leaf': 6, 'min_child_size': 14, 'max_branching': 4, 'reg': 0.008010057360114937, 'branch_penalty': 0.0004120395032484418}. Best is trial 2 with value: 0.6370463078848561.
[I 2026-02-16 13:03:49,003] Trial 6 finished with value: 0.7655172413793103 and parameters: {'lookahead_cap': 1, 'max_bins': 6, 'min_samples_leaf': 6, 'min_child_size': 12, 'max_branching': 2, 'reg': 0.0001554790619798303, 'branch_penalty': 0.0002372293813284912}. Best is trial 6 with value: 0.7655172413793103.
[I 2026-02-16 13:03:49,020] Trial 9 finished with value: 0.535303776683087 and parameters: {'lookahead_cap': 1, 'max_bins': 5, 'min_samples_leaf': 5, 'min_child_size': 5, 'max_branching': 3, 'reg': 0.01033982760790437, 'branch_penalty': 0.00024408176781348998}. Best is trial 5 with value: 0.5706075533661741.
[I 2026-02-16 13:03:49,084] A new study created in memory with name: cart_eye-state_d4
[I 2026-02-16 13:03:49,085] Trial 7 finished with value: 0.6274509803921569 and parameters: {'lookahead_cap': 1, 'max_bins': 4, 'min_samples_leaf': 8, 'min_child_size': 13, 'max_branching': 6, 'reg': 0.005307040149447968, 'branch_penalty': 0.00023509962891781364}. Best is trial 2 with value: 0.6370463078848561.
[I 2026-02-16 13:03:49,157] Trial 4 finished with value: 0.7561379310344828 and parameters: {'lookahead_cap': 1, 'max_bins': 4, 'min_samples_leaf': 9, 'min_child_size': 15, 'max_branching': 0, 'reg': 0.04598045105668986, 'branch_penalty': 0.0005908303677627501}. Best is trial 6 with value: 0.7655172413793103.
[I 2026-02-16 13:03:49,226] Trial 9 finished with value: 0.6357947434292867 and parameters: {'lookahead_cap': 1, 'max_bins': 5, 'min_samples_leaf': 8, 'min_child_size': 10, 'max_branching': 3, 'reg': 0.014178106223203025, 'branch_penalty': 0.0042556897841651955}. Best is trial 2 with value: 0.6370463078848561.
[I 2026-02-16 13:03:49,297] A new study created in memory with name: cart_eye-state_d5
[I 2026-02-16 13:03:49,376] Trial 9 finished with value: 0.7591724137931034 and parameters: {'lookahead_cap': 1, 'max_bins': 3, 'min_samples_leaf': 14, 'min_child_size': 12, 'max_branching': 4, 'reg': 0.0004973957450798655, 'branch_penalty': 0.00148001276613684}. Best is trial 6 with value: 0.7655172413793103.
[I 2026-02-16 13:03:49,456] Trial 1 finished with value: 0.5673234811165846 and parameters: {'lookahead_cap': 1, 'max_bins': 4, 'min_samples_leaf': 6, 'min_child_size': 5, 'max_branching': 6, 'reg': 0.000558336947978768, 'branch_penalty': 0.00019919522724244718}. Best is trial 0 with value: 0.5706075533661741.
[I 2026-02-16 13:03:49,515] Trial 7 finished with value: 0.7526896551724138 and parameters: {'lookahead_cap': 1, 'max_bins': 5, 'min_samples_leaf': 8, 'min_child_size': 11, 'max_branching': 0, 'reg': 0.03494355164481216, 'branch_penalty': 0.0004679859749814584}. Best is trial 6 with value: 0.7655172413793103.
[I 2026-02-16 13:03:49,665] Trial 8 finished with value: 0.7684137931034483 and parameters: {'lookahead_cap': 1, 'max_bins': 5, 'min_samples_leaf': 8, 'min_child_size': 11, 'max_branching': 6, 'reg': 0.0001412589498074224, 'branch_penalty': 0.0036766427483068166}. Best is trial 8 with value: 0.7684137931034483.
[I 2026-02-16 13:03:49,722] Trial 1 finished with value: 0.6670838548185232 and parameters: {'lookahead_cap': 1, 'max_bins': 2, 'min_samples_leaf': 13, 'min_child_size': 10, 'max_branching': 4, 'reg': 0.0005886399227538951, 'branch_penalty': 0.007110309257972493}. Best is trial 1 with value: 0.6670838548185232.
[I 2026-02-16 13:03:49,740] A new study created in memory with name: cart_eye-state_d6
[I 2026-02-16 13:03:49,744] Trial 2 finished with value: 0.7611034482758621 and parameters: {'lookahead_cap': 2, 'max_bins': 2, 'min_samples_leaf': 6, 'min_child_size': 5, 'max_branching': 3, 'reg': 0.002634555322623583, 'branch_penalty': 0.003150705077531815}. Best is trial 2 with value: 0.7611034482758621.
[I 2026-02-16 13:03:50,678] Trial 1 finished with value: 0.7515862068965518 and parameters: {'lookahead_cap': 2, 'max_bins': 5, 'min_samples_leaf': 2, 'min_child_size': 5, 'max_branching': 4, 'reg': 0.010730713197823078, 'branch_penalty': 0.0004936986528417463}. Best is trial 1 with value: 0.7515862068965518.
[I 2026-02-16 13:03:52,419] Trial 1 finished with value: 0.6554025865665415 and parameters: {'lookahead_cap': 2, 'max_bins': 6, 'min_samples_leaf': 4, 'min_child_size': 10, 'max_branching': 2, 'reg': 0.00012047931251240427, 'branch_penalty': 0.012135282774963877}. Best is trial 2 with value: 0.6616604088443888.
[I 2026-02-16 13:03:52,671] Trial 2 finished with value: 0.5394088669950738 and parameters: {'lookahead_cap': 2, 'max_bins': 6, 'min_samples_leaf': 14, 'min_child_size': 5, 'max_branching': 3, 'reg': 0.0016431720143716415, 'branch_penalty': 0.019630285011292055}. Best is trial 0 with value: 0.5706075533661741.
[I 2026-02-16 13:03:52,925] Trial 5 finished with value: 0.5779967159277504 and parameters: {'lookahead_cap': 1, 'max_bins': 2, 'min_samples_leaf': 15, 'min_child_size': 7, 'max_branching': 6, 'reg': 0.0004078930899508852, 'branch_penalty': 0.0025273813897210592}. Best is trial 5 with value: 0.5779967159277504.
[I 2026-02-16 13:03:54,684] Trial 2 finished with value: 0.7584827586206897 and parameters: {'lookahead_cap': 2, 'max_bins': 6, 'min_samples_leaf': 6, 'min_child_size': 14, 'max_branching': 3, 'reg': 0.018112891598380542, 'branch_penalty': 0.0002191971103071449}. Best is trial 2 with value: 0.7584827586206897.
[I 2026-02-16 13:03:54,695] Trial 0 finished with value: 0.6770963704630788 and parameters: {'lookahead_cap': 2, 'max_bins': 5, 'min_samples_leaf': 2, 'min_child_size': 9, 'max_branching': 3, 'reg': 0.002734386316434175, 'branch_penalty': 0.000306490073386419}. Best is trial 0 with value: 0.6770963704630788.
[I 2026-02-16 13:03:54,996] Trial 2 finished with value: 0.7718620689655172 and parameters: {'lookahead_cap': 1, 'max_bins': 2, 'min_samples_leaf': 15, 'min_child_size': 15, 'max_branching': 6, 'reg': 0.0009910182212310328, 'branch_penalty': 0.0002557897611930395}. Best is trial 2 with value: 0.7718620689655172.
[I 2026-02-16 13:03:55,154] Trial 5 finished with value: 0.6483103879849812 and parameters: {'lookahead_cap': 2, 'max_bins': 3, 'min_samples_leaf': 16, 'min_child_size': 8, 'max_branching': 3, 'reg': 0.0010969615679481913, 'branch_penalty': 0.019073722065498667}. Best is trial 0 with value: 0.6770963704630788.
[I 2026-02-16 13:03:56,064] Trial 0 finished with value: 0.5311986863711001 and parameters: {'lookahead_cap': 1, 'max_bins': 3, 'min_samples_leaf': 4, 'min_child_size': 8, 'max_branching': 5, 'reg': 0.02143202990096139, 'branch_penalty': 0.00010180034361560404}. Best is trial 0 with value: 0.5311986863711001.
[I 2026-02-16 13:03:56,144] Trial 0 finished with value: 0.7564137931034483 and parameters: {'lookahead_cap': 3, 'max_bins': 3, 'min_samples_leaf': 4, 'min_child_size': 12, 'max_branching': 3, 'reg': 0.01509460459100084, 'branch_penalty': 0.0011273240507365286}. Best is trial 2 with value: 0.7611034482758621.
[I 2026-02-16 13:03:56,179] Trial 3 finished with value: 0.6691697955778055 and parameters: {'lookahead_cap': 1, 'max_bins': 4, 'min_samples_leaf': 4, 'min_child_size': 9, 'max_branching': 0, 'reg': 0.011404417712256042, 'branch_penalty': 0.001028950085345573}. Best is trial 0 with value: 0.6770963704630788.
[I 2026-02-16 13:03:56,315] Trial 6 finished with value: 0.6420525657071339 and parameters: {'lookahead_cap': 2, 'max_bins': 2, 'min_samples_leaf': 11, 'min_child_size': 14, 'max_branching': 3, 'reg': 0.0018355752717019904, 'branch_penalty': 0.00016298201696765256}. Best is trial 0 with value: 0.6770963704630788.
[I 2026-02-16 13:03:56,396] Trial 3 finished with value: 0.5591133004926109 and parameters: {'lookahead_cap': 1, 'max_bins': 6, 'min_samples_leaf': 14, 'min_child_size': 2, 'max_branching': 3, 'reg': 0.002532112023865897, 'branch_penalty': 0.000223480067433958}. Best is trial 5 with value: 0.5779967159277504.
[I 2026-02-16 13:03:57,210] Trial 0 finished with value: 0.7737931034482759 and parameters: {'lookahead_cap': 1, 'max_bins': 5, 'min_samples_leaf': 2, 'min_child_size': 11, 'max_branching': 0, 'reg': 0.0028192975179041966, 'branch_penalty': 0.0009689475384906673}. Best is trial 0 with value: 0.7737931034482759.
[I 2026-02-16 13:03:57,843] Trial 1 finished with value: 0.7524137931034482 and parameters: {'lookahead_cap': 3, 'max_bins': 2, 'min_samples_leaf': 4, 'min_child_size': 8, 'max_branching': 4, 'reg': 0.02764197469761644, 'branch_penalty': 0.0016342368727084865}. Best is trial 2 with value: 0.7611034482758621.
[I 2026-02-16 13:03:58,946] Trial 4 finished with value: 0.5632183908045977 and parameters: {'lookahead_cap': 2, 'max_bins': 6, 'min_samples_leaf': 10, 'min_child_size': 5, 'max_branching': 0, 'reg': 0.0054249249122538595, 'branch_penalty': 0.013794976643633874}. Best is trial 5 with value: 0.5779967159277504.
[I 2026-02-16 13:03:59,403] Trial 6 finished with value: 0.5689655172413793 and parameters: {'lookahead_cap': 1, 'max_bins': 3, 'min_samples_leaf': 4, 'min_child_size': 9, 'max_branching': 0, 'reg': 0.0006680465519665221, 'branch_penalty': 0.000947720380778633}. Best is trial 5 with value: 0.5779967159277504.
[I 2026-02-16 13:03:59,599] Trial 4 finished with value: 0.7524137931034482 and parameters: {'lookahead_cap': 2, 'max_bins': 5, 'min_samples_leaf': 9, 'min_child_size': 5, 'max_branching': 2, 'reg': 0.008241023114201888, 'branch_penalty': 0.0001965668580963248}. Best is trial 0 with value: 0.7737931034482759.
[I 2026-02-16 13:03:59,655] Trial 3 finished with value: 0.7662068965517241 and parameters: {'lookahead_cap': 1, 'max_bins': 2, 'min_samples_leaf': 9, 'min_child_size': 4, 'max_branching': 0, 'reg': 0.00011398903820836, 'branch_penalty': 0.018294776957674248}. Best is trial 3 with value: 0.7662068965517241.
[I 2026-02-16 13:03:59,945] Trial 3 finished with value: 0.7620689655172413 and parameters: {'lookahead_cap': 1, 'max_bins': 2, 'min_samples_leaf': 12, 'min_child_size': 13, 'max_branching': 3, 'reg': 0.0001304446178077189, 'branch_penalty': 0.012768238009072695}. Best is trial 0 with value: 0.7737931034482759.
[I 2026-02-16 13:04:00,194] Trial 4 finished with value: 0.6795994993742178 and parameters: {'lookahead_cap': 2, 'max_bins': 6, 'min_samples_leaf': 6, 'min_child_size': 4, 'max_branching': 6, 'reg': 0.00013094390737874463, 'branch_penalty': 0.0003159081416165055}. Best is trial 4 with value: 0.6795994993742178.
[I 2026-02-16 13:04:01,275] Trial 9 finished with value: 0.6537338339591156 and parameters: {'lookahead_cap': 1, 'max_bins': 4, 'min_samples_leaf': 11, 'min_child_size': 2, 'max_branching': 4, 'reg': 0.0012028040709408674, 'branch_penalty': 0.00020038479485865392}. Best is trial 4 with value: 0.6795994993742178.
[I 2026-02-16 13:04:01,694] Trial 7 finished with value: 0.6708385481852316 and parameters: {'lookahead_cap': 1, 'max_bins': 3, 'min_samples_leaf': 13, 'min_child_size': 7, 'max_branching': 5, 'reg': 0.0001246527687580926, 'branch_penalty': 0.0001672879431689737}. Best is trial 4 with value: 0.6795994993742178.
[I 2026-02-16 13:04:02,093] Trial 7 finished with value: 0.5804597701149425 and parameters: {'lookahead_cap': 1, 'max_bins': 6, 'min_samples_leaf': 8, 'min_child_size': 16, 'max_branching': 5, 'reg': 0.0025200499356554324, 'branch_penalty': 0.0019399161610460795}. Best is trial 7 with value: 0.5804597701149425.
[I 2026-02-16 13:04:02,589] Trial 8 finished with value: 0.5591133004926109 and parameters: {'lookahead_cap': 1, 'max_bins': 3, 'min_samples_leaf': 11, 'min_child_size': 4, 'max_branching': 4, 'reg': 0.04328894147361418, 'branch_penalty': 0.00025670701135753596}. Best is trial 7 with value: 0.5804597701149425.
[I 2026-02-16 13:04:02,772] Trial 9 finished with value: 0.5500821018062397 and parameters: {'lookahead_cap': 1, 'max_bins': 2, 'min_samples_leaf': 8, 'min_child_size': 2, 'max_branching': 4, 'reg': 0.00011666221681642305, 'branch_penalty': 0.0002301882083627079}. Best is trial 7 with value: 0.5804597701149425.
[I 2026-02-16 13:04:03,982] Trial 5 finished with value: 0.7630344827586207 and parameters: {'lookahead_cap': 2, 'max_bins': 6, 'min_samples_leaf': 4, 'min_child_size': 13, 'max_branching': 6, 'reg': 0.02452309675534276, 'branch_penalty': 0.004894758471675762}. Best is trial 0 with value: 0.7737931034482759.
[I 2026-02-16 13:04:05,390] Trial 7 finished with value: 0.7535172413793103 and parameters: {'lookahead_cap': 2, 'max_bins': 4, 'min_samples_leaf': 12, 'min_child_size': 9, 'max_branching': 6, 'reg': 0.0024299549881198076, 'branch_penalty': 0.00024728441121366437}. Best is trial 0 with value: 0.7737931034482759.
[I 2026-02-16 13:04:05,549] Trial 8 finished with value: 0.6691697955778055 and parameters: {'lookahead_cap': 1, 'max_bins': 6, 'min_samples_leaf': 11, 'min_child_size': 5, 'max_branching': 2, 'reg': 0.00021885262912008736, 'branch_penalty': 0.0034974062686388883}. Best is trial 4 with value: 0.6795994993742178.
[I 2026-02-16 13:04:09,192] Trial 6 finished with value: 0.7630344827586207 and parameters: {'lookahead_cap': 1, 'max_bins': 6, 'min_samples_leaf': 11, 'min_child_size': 8, 'max_branching': 2, 'reg': 0.00018178372394025573, 'branch_penalty': 0.0003883103233847847}. Best is trial 0 with value: 0.7737931034482759.
[I 2026-02-16 13:04:13,028] Trial 8 finished with value: 0.7571034482758621 and parameters: {'lookahead_cap': 1, 'max_bins': 6, 'min_samples_leaf': 12, 'min_child_size': 5, 'max_branching': 3, 'reg': 0.044616479534718374, 'branch_penalty': 0.00013822895486781007}. Best is trial 0 with value: 0.7737931034482759.
[I 2026-02-16 13:04:15,504] Trial 9 finished with value: 0.7539310344827587 and parameters: {'lookahead_cap': 2, 'max_bins': 5, 'min_samples_leaf': 4, 'min_child_size': 9, 'max_branching': 6, 'reg': 0.003884807262966418, 'branch_penalty': 0.00044023865694257556}. Best is trial 0 with value: 0.7737931034482759.
[I 2026-02-16 13:04:17,439] Trial 0 finished with value: 0.7154776804338757 and parameters: {'lookahead_cap': 2, 'max_bins': 3, 'min_samples_leaf': 9, 'min_child_size': 6, 'max_branching': 6, 'reg': 0.00022497780261711867, 'branch_penalty': 0.00010953464713491452}. Best is trial 0 with value: 0.7154776804338757.
[I 2026-02-16 13:04:38,041] Trial 0 finished with value: 0.5632183908045977 and parameters: {'lookahead_cap': 2, 'max_bins': 2, 'min_samples_leaf': 13, 'min_child_size': 2, 'max_branching': 6, 'reg': 0.006222174145422397, 'branch_penalty': 0.002933153244536441}. Best is trial 0 with value: 0.5632183908045977.
[I 2026-02-16 13:04:38,378] Trial 0 finished with value: 0.7562758620689655 and parameters: {'lookahead_cap': 1, 'max_bins': 3, 'min_samples_leaf': 11, 'min_child_size': 12, 'max_branching': 4, 'reg': 0.033390749089313124, 'branch_penalty': 0.0006223533570253333}. Best is trial 2 with value: 0.7718620689655172.
[I 2026-02-16 13:05:53,360] Trial 4 finished with value: 0.7675862068965518 and parameters: {'lookahead_cap': 3, 'max_bins': 6, 'min_samples_leaf': 7, 'min_child_size': 9, 'max_branching': 3, 'reg': 0.001766165042685327, 'branch_penalty': 0.01434181457494554}. Best is trial 4 with value: 0.7675862068965518.
[I 2026-02-16 13:06:13,796] Trial 5 finished with value: 0.7758620689655172 and parameters: {'lookahead_cap': 2, 'max_bins': 4, 'min_samples_leaf': 12, 'min_child_size': 6, 'max_branching': 3, 'reg': 0.00021148273007772015, 'branch_penalty': 0.0007175331698798952}. Best is trial 5 with value: 0.7758620689655172.
[I 2026-02-16 13:06:21,158] Trial 2 finished with value: 0.7363370880267001 and parameters: {'lookahead_cap': 1, 'max_bins': 3, 'min_samples_leaf': 16, 'min_child_size': 7, 'max_branching': 4, 'reg': 0.0009610569461332255, 'branch_penalty': 0.00023354278140739896}. Best is trial 2 with value: 0.7363370880267001.
[I 2026-02-16 13:06:49,291] Trial 2 finished with value: 0.6929495202336253 and parameters: {'lookahead_cap': 3, 'max_bins': 6, 'min_samples_leaf': 15, 'min_child_size': 9, 'max_branching': 0, 'reg': 0.0030623820700296325, 'branch_penalty': 0.001067313656971931}. Best is trial 2 with value: 0.6929495202336253.
[I 2026-02-16 13:06:54,018] Trial 0 finished with value: 0.5511055486024197 and parameters: {'lookahead_cap': 2, 'max_bins': 3, 'min_samples_leaf': 10, 'min_child_size': 14, 'max_branching': 3, 'reg': 0.047958614913279754, 'branch_penalty': 0.0004371490573062655}. Best is trial 2 with value: 0.6929495202336253.
[I 2026-02-16 13:06:54,640] Trial 5 finished with value: 0.6516478931998331 and parameters: {'lookahead_cap': 3, 'max_bins': 2, 'min_samples_leaf': 4, 'min_child_size': 12, 'max_branching': 2, 'reg': 0.015686909996655205, 'branch_penalty': 0.01695705721394499}. Best is trial 2 with value: 0.6929495202336253.
[I 2026-02-16 13:06:58,538] Trial 3 finished with value: 0.6512307050479766 and parameters: {'lookahead_cap': 2, 'max_bins': 3, 'min_samples_leaf': 8, 'min_child_size': 7, 'max_branching': 0, 'reg': 0.017406377389909522, 'branch_penalty': 0.00022886847625308647}. Best is trial 2 with value: 0.6929495202336253.
[I 2026-02-16 13:07:02,105] Trial 6 finished with value: 0.7837241379310345 and parameters: {'lookahead_cap': 2, 'max_bins': 5, 'min_samples_leaf': 15, 'min_child_size': 3, 'max_branching': 5, 'reg': 0.00012091328345018341, 'branch_penalty': 0.0005199667045155659}. Best is trial 6 with value: 0.7837241379310345.
[I 2026-02-16 13:07:08,860] Trial 7 finished with value: 0.7695172413793103 and parameters: {'lookahead_cap': 3, 'max_bins': 3, 'min_samples_leaf': 5, 'min_child_size': 4, 'max_branching': 6, 'reg': 0.0020006470091679276, 'branch_penalty': 0.00034375234076844543}. Best is trial 6 with value: 0.7837241379310345.
[I 2026-02-16 13:07:14,946] Trial 8 finished with value: 0.7710344827586207 and parameters: {'lookahead_cap': 3, 'max_bins': 3, 'min_samples_leaf': 6, 'min_child_size': 6, 'max_branching': 6, 'reg': 0.0012443072647958988, 'branch_penalty': 0.001277738498731798}. Best is trial 6 with value: 0.7837241379310345.
[I 2026-02-16 13:07:21,258] Trial 9 finished with value: 0.7693793103448275 and parameters: {'lookahead_cap': 3, 'max_bins': 3, 'min_samples_leaf': 7, 'min_child_size': 9, 'max_branching': 6, 'reg': 0.0038957178101133617, 'branch_penalty': 0.0019997146033509006}. Best is trial 6 with value: 0.7837241379310345.
[I 2026-02-16 13:07:50,686] Trial 1 finished with value: 0.7582068965517241 and parameters: {'lookahead_cap': 2, 'max_bins': 4, 'min_samples_leaf': 11, 'min_child_size': 8, 'max_branching': 0, 'reg': 0.0381556687826718, 'branch_penalty': 0.003970662844909966}. Best is trial 2 with value: 0.7718620689655172.
[I 2026-02-16 13:08:01,054] Trial 2 finished with value: 0.5730706075533661 and parameters: {'lookahead_cap': 3, 'max_bins': 6, 'min_samples_leaf': 16, 'min_child_size': 7, 'max_branching': 3, 'reg': 0.0006122358932038772, 'branch_penalty': 0.00021509800383438097}. Best is trial 2 with value: 0.5730706075533661.
[I 2026-02-16 13:08:30,823] Trial 2 finished with value: 0.6783479349186483 and parameters: {'lookahead_cap': 3, 'max_bins': 4, 'min_samples_leaf': 7, 'min_child_size': 4, 'max_branching': 4, 'reg': 0.005519220694136647, 'branch_penalty': 0.01150424213904571}. Best is trial 0 with value: 0.7154776804338757.
[I 2026-02-16 13:09:19,935] Trial 1 finished with value: 0.5870279146141215 and parameters: {'lookahead_cap': 3, 'max_bins': 5, 'min_samples_leaf': 13, 'min_child_size': 16, 'max_branching': 5, 'reg': 0.0007057294530184579, 'branch_penalty': 0.0021030824532137465}. Best is trial 1 with value: 0.5870279146141215.
[I 2026-02-16 13:09:47,684] Trial 4 finished with value: 0.5861493533583646 and parameters: {'lookahead_cap': 2, 'max_bins': 6, 'min_samples_leaf': 6, 'min_child_size': 8, 'max_branching': 3, 'reg': 0.03271693841140264, 'branch_penalty': 0.00019720653877494895}. Best is trial 2 with value: 0.6929495202336253.
[I 2026-02-16 13:09:48,328] Trial 6 finished with value: 0.6854401335002086 and parameters: {'lookahead_cap': 2, 'max_bins': 2, 'min_samples_leaf': 5, 'min_child_size': 12, 'max_branching': 0, 'reg': 0.00014140228339177877, 'branch_penalty': 0.00015519418316415124}. Best is trial 2 with value: 0.6929495202336253.
[I 2026-02-16 13:09:49,555] Trial 5 finished with value: 0.5952380952380952 and parameters: {'lookahead_cap': 1, 'max_bins': 4, 'min_samples_leaf': 16, 'min_child_size': 15, 'max_branching': 6, 'reg': 0.01541492201020338, 'branch_penalty': 0.01600112499812317}. Best is trial 5 with value: 0.5952380952380952.
[I 2026-02-16 13:09:50,897] Trial 4 finished with value: 0.583743842364532 and parameters: {'lookahead_cap': 2, 'max_bins': 2, 'min_samples_leaf': 5, 'min_child_size': 12, 'max_branching': 3, 'reg': 0.0031532130491257605, 'branch_penalty': 0.00013495530705860697}. Best is trial 5 with value: 0.5952380952380952.
[I 2026-02-16 13:09:52,494] Trial 7 finished with value: 0.6937838965373383 and parameters: {'lookahead_cap': 3, 'max_bins': 3, 'min_samples_leaf': 10, 'min_child_size': 16, 'max_branching': 6, 'reg': 0.00352852408163475, 'branch_penalty': 0.0002509906452584761}. Best is trial 7 with value: 0.6937838965373383.
[I 2026-02-16 13:10:53,316] Trial 5 finished with value: 0.755448275862069 and parameters: {'lookahead_cap': 3, 'max_bins': 4, 'min_samples_leaf': 16, 'min_child_size': 5, 'max_branching': 2, 'reg': 0.03708462821099882, 'branch_penalty': 0.007489220803313334}. Best is trial 2 with value: 0.7718620689655172.
[I 2026-02-16 13:11:00,185] Trial 4 finished with value: 0.7573793103448276 and parameters: {'lookahead_cap': 3, 'max_bins': 2, 'min_samples_leaf': 3, 'min_child_size': 8, 'max_branching': 3, 'reg': 0.008339748719704963, 'branch_penalty': 0.010493911278760917}. Best is trial 2 with value: 0.7718620689655172.
[I 2026-02-16 13:11:32,818] Trial 3 finished with value: 0.5451559934318555 and parameters: {'lookahead_cap': 1, 'max_bins': 5, 'min_samples_leaf': 14, 'min_child_size': 9, 'max_branching': 6, 'reg': 0.000355642380597369, 'branch_penalty': 0.018744087564957143}. Best is trial 5 with value: 0.5952380952380952.
[I 2026-02-16 13:11:34,205] Trial 8 finished with value: 0.5599343185550082 and parameters: {'lookahead_cap': 3, 'max_bins': 2, 'min_samples_leaf': 8, 'min_child_size': 8, 'max_branching': 4, 'reg': 0.0026869091929461455, 'branch_penalty': 0.017636871947696742}. Best is trial 5 with value: 0.5952380952380952.
[I 2026-02-16 13:11:35,589] Trial 6 finished with value: 0.6001642036124795 and parameters: {'lookahead_cap': 2, 'max_bins': 2, 'min_samples_leaf': 7, 'min_child_size': 9, 'max_branching': 6, 'reg': 0.002515425186797345, 'branch_penalty': 0.0028331329699330687}. Best is trial 6 with value: 0.6001642036124795.
[I 2026-02-16 13:12:43,244] Trial 8 finished with value: 0.7204839382561535 and parameters: {'lookahead_cap': 3, 'max_bins': 6, 'min_samples_leaf': 2, 'min_child_size': 11, 'max_branching': 4, 'reg': 0.0007440054580428112, 'branch_penalty': 0.0016198139841471307}. Best is trial 8 with value: 0.7204839382561535.
[I 2026-02-16 13:12:47,971] Trial 9 finished with value: 0.6929495202336253 and parameters: {'lookahead_cap': 1, 'max_bins': 3, 'min_samples_leaf': 2, 'min_child_size': 14, 'max_branching': 2, 'reg': 0.0007804454767172126, 'branch_penalty': 0.00013033849925894844}. Best is trial 8 with value: 0.7204839382561535.
[I 2026-02-16 13:13:11,697] Trial 7 finished with value: 0.5894909688013136 and parameters: {'lookahead_cap': 3, 'max_bins': 5, 'min_samples_leaf': 14, 'min_child_size': 16, 'max_branching': 5, 'reg': 0.009091340638545126, 'branch_penalty': 0.005809490766550496}. Best is trial 6 with value: 0.6001642036124795.
[I 2026-02-16 13:13:20,842] Trial 9 finished with value: 0.5755336617405583 and parameters: {'lookahead_cap': 3, 'max_bins': 3, 'min_samples_leaf': 12, 'min_child_size': 14, 'max_branching': 0, 'reg': 0.00017787648234245365, 'branch_penalty': 0.003580469475620138}. Best is trial 6 with value: 0.6001642036124795.
[I 2026-02-16 13:22:03,446] Trial 1 finished with value: 0.5919540229885057 and parameters: {'lookahead_cap': 2, 'max_bins': 3, 'min_samples_leaf': 12, 'min_child_size': 15, 'max_branching': 3, 'reg': 0.0019285509646145816, 'branch_penalty': 0.001061979149276183}. Best is trial 1 with value: 0.5919540229885057.
[I 2026-02-16 13:23:50,225] Trial 1 finished with value: 0.0 and parameters: {'lookahead_cap': 1, 'max_bins': 5, 'min_samples_leaf': 6, 'min_child_size': 6, 'max_branching': 6, 'reg': 0.0001264099157769555, 'branch_penalty': 0.005474932332784112}. Best is trial 1 with value: 0.0.
[I 2026-02-16 13:24:07,941] Trial 0 finished with value: 0.0 and parameters: {'lookahead_cap': 1, 'max_bins': 6, 'min_samples_leaf': 10, 'min_child_size': 14, 'max_branching': 4, 'reg': 0.007678211629587677, 'branch_penalty': 0.0020345305530959034}. Best is trial 0 with value: 0.0.
[I 2026-02-16 13:26:25,412] Trial 0 finished with value: 0.0 and parameters: {'lookahead_cap': 3, 'max_bins': 5, 'min_samples_leaf': 8, 'min_child_size': 15, 'max_branching': 6, 'reg': 0.0002029236492360699, 'branch_penalty': 0.0027876719125669996}. Best is trial 2 with value: 0.7363370880267001.
[I 2026-02-16 13:26:44,815] Trial 1 finished with value: 0.6896120150187734 and parameters: {'lookahead_cap': 2, 'max_bins': 5, 'min_samples_leaf': 5, 'min_child_size': 13, 'max_branching': 0, 'reg': 0.008232393854756565, 'branch_penalty': 0.0011777893129400812}. Best is trial 0 with value: 0.7154776804338757.
[I 2026-02-16 13:26:47,138] Trial 4 finished with value: 0.6904463913224864 and parameters: {'lookahead_cap': 3, 'max_bins': 2, 'min_samples_leaf': 8, 'min_child_size': 4, 'max_branching': 6, 'reg': 0.0014953123281557328, 'branch_penalty': 0.00020771131172805715}. Best is trial 0 with value: 0.7154776804338757.
[I 2026-02-16 13:26:49,535] Trial 3 finished with value: 0.6787651230705048 and parameters: {'lookahead_cap': 1, 'max_bins': 2, 'min_samples_leaf': 10, 'min_child_size': 5, 'max_branching': 0, 'reg': 0.00012217914056897268, 'branch_penalty': 0.012695428471330266}. Best is trial 0 with value: 0.7154776804338757.
[I 2026-02-16 13:26:51,886] Trial 5 finished with value: 0.6837713808927827 and parameters: {'lookahead_cap': 1, 'max_bins': 2, 'min_samples_leaf': 11, 'min_child_size': 13, 'max_branching': 0, 'reg': 0.004178200250862602, 'branch_penalty': 0.003999320889150636}. Best is trial 0 with value: 0.7154776804338757.
[I 2026-02-16 13:26:52,046] Trial 2 finished with value: 0.7899310344827586 and parameters: {'lookahead_cap': 1, 'max_bins': 3, 'min_samples_leaf': 4, 'min_child_size': 11, 'max_branching': 4, 'reg': 0.00025823010365350746, 'branch_penalty': 0.00013644278884568896}. Best is trial 2 with value: 0.7899310344827586.
[I 2026-02-16 13:31:03,183] Trial 3 finished with value: 0.0 and parameters: {'lookahead_cap': 3, 'max_bins': 6, 'min_samples_leaf': 3, 'min_child_size': 14, 'max_branching': 3, 'reg': 0.0021281612786611054, 'branch_penalty': 0.0006850020024509183}. Best is trial 2 with value: 0.7718620689655172.
[I 2026-02-16 13:31:41,038] Trial 6 finished with value: 0.6841885690446391 and parameters: {'lookahead_cap': 2, 'max_bins': 4, 'min_samples_leaf': 8, 'min_child_size': 6, 'max_branching': 3, 'reg': 0.005373808836010212, 'branch_penalty': 0.0017334437736576675}. Best is trial 0 with value: 0.7154776804338757.
[I 2026-02-16 13:32:09,390] Trial 9 finished with value: 0.6950354609929078 and parameters: {'lookahead_cap': 2, 'max_bins': 3, 'min_samples_leaf': 3, 'min_child_size': 13, 'max_branching': 2, 'reg': 0.001828344518373479, 'branch_penalty': 0.002809179223554345}. Best is trial 0 with value: 0.7154776804338757.
[I 2026-02-16 13:34:40,486] Trial 1 finished with value: 0.5821018062397373 and parameters: {'lookahead_cap': 1, 'max_bins': 4, 'min_samples_leaf': 2, 'min_child_size': 7, 'max_branching': 5, 'reg': 0.004267458149918197, 'branch_penalty': 0.00039009454794186095}. Best is trial 1 with value: 0.5821018062397373.
[I 2026-02-16 13:36:26,115] Trial 8 finished with value: 0.7188151856487276 and parameters: {'lookahead_cap': 2, 'max_bins': 4, 'min_samples_leaf': 6, 'min_child_size': 16, 'max_branching': 6, 'reg': 0.00033774063831381424, 'branch_penalty': 0.00016360023575832857}. Best is trial 8 with value: 0.7188151856487276.
[I 2026-02-16 13:36:32,247] Trial 2 finished with value: 0.5279146141215106 and parameters: {'lookahead_cap': 2, 'max_bins': 3, 'min_samples_leaf': 3, 'min_child_size': 16, 'max_branching': 2, 'reg': 0.02161875931612532, 'branch_penalty': 0.0001318461348610947}. Best is trial 1 with value: 0.5821018062397373.
[I 2026-02-16 13:38:25,529] Trial 5 finished with value: 0.5755336617405583 and parameters: {'lookahead_cap': 3, 'max_bins': 3, 'min_samples_leaf': 13, 'min_child_size': 10, 'max_branching': 6, 'reg': 0.011681026092507478, 'branch_penalty': 0.00032332256180245375}. Best is trial 1 with value: 0.5821018062397373.
[I 2026-02-16 13:38:34,605] Trial 3 finished with value: 0.5796387520525451 and parameters: {'lookahead_cap': 2, 'max_bins': 2, 'min_samples_leaf': 15, 'min_child_size': 16, 'max_branching': 3, 'reg': 0.006247862886749538, 'branch_penalty': 0.0014948876768840697}. Best is trial 1 with value: 0.5821018062397373.
[I 2026-02-16 13:41:14,900] Trial 8 finished with value: 0.7438620689655172 and parameters: {'lookahead_cap': 1, 'max_bins': 5, 'min_samples_leaf': 8, 'min_child_size': 13, 'max_branching': 2, 'reg': 0.01646118241501124, 'branch_penalty': 0.009917316001894569}. Best is trial 2 with value: 0.7718620689655172.
[I 2026-02-16 13:41:21,807] Trial 6 finished with value: 0.772551724137931 and parameters: {'lookahead_cap': 3, 'max_bins': 2, 'min_samples_leaf': 12, 'min_child_size': 2, 'max_branching': 5, 'reg': 0.00018197508009116725, 'branch_penalty': 0.0019631818476768953}. Best is trial 6 with value: 0.772551724137931.
[I 2026-02-16 13:41:28,623] Trial 7 finished with value: 0.7504827586206897 and parameters: {'lookahead_cap': 1, 'max_bins': 2, 'min_samples_leaf': 12, 'min_child_size': 14, 'max_branching': 0, 'reg': 0.039466731374962614, 'branch_penalty': 0.0036330775876128904}. Best is trial 6 with value: 0.772551724137931.
[I 2026-02-16 13:42:11,298] Trial 2 finished with value: 0.0 and parameters: {'lookahead_cap': 2, 'max_bins': 4, 'min_samples_leaf': 2, 'min_child_size': 4, 'max_branching': 4, 'reg': 0.00010897947881014197, 'branch_penalty': 0.014096432533014975}. Best is trial 1 with value: 0.5919540229885057.
[I 2026-02-16 13:46:29,207] Trial 1 finished with value: 0.0 and parameters: {'lookahead_cap': 1, 'max_bins': 5, 'min_samples_leaf': 9, 'min_child_size': 4, 'max_branching': 5, 'reg': 0.00015750598988549446, 'branch_penalty': 0.014311166544483998}. Best is trial 2 with value: 0.7363370880267001.
[I 2026-02-16 13:46:36,656] Trial 5 finished with value: 0.5511055486024197 and parameters: {'lookahead_cap': 2, 'max_bins': 2, 'min_samples_leaf': 7, 'min_child_size': 2, 'max_branching': 2, 'reg': 0.04935966152050148, 'branch_penalty': 0.01823718539285725}. Best is trial 2 with value: 0.7363370880267001.
[I 2026-02-16 13:46:54,376] Trial 0 finished with value: 0.0 and parameters: {'lookahead_cap': 1, 'max_bins': 5, 'min_samples_leaf': 8, 'min_child_size': 16, 'max_branching': 5, 'reg': 0.0006483040187903838, 'branch_penalty': 0.004627800418814822}. Best is trial 2 with value: 0.7899310344827586.
[I 2026-02-16 13:49:18,605] Trial 3 finished with value: 0.7096370463078848 and parameters: {'lookahead_cap': 1, 'max_bins': 3, 'min_samples_leaf': 2, 'min_child_size': 10, 'max_branching': 6, 'reg': 0.0005721646850962093, 'branch_penalty': 0.01703384295584184}. Best is trial 2 with value: 0.7363370880267001.
[I 2026-02-16 13:50:09,754] Trial 5 finished with value: 0.7855172413793103 and parameters: {'lookahead_cap': 3, 'max_bins': 3, 'min_samples_leaf': 10, 'min_child_size': 4, 'max_branching': 0, 'reg': 0.0003742922152008846, 'branch_penalty': 0.0006441329992835488}. Best is trial 2 with value: 0.7899310344827586.
[I 2026-02-16 13:50:15,581] Trial 6 finished with value: 0.5599343185550082 and parameters: {'lookahead_cap': 1, 'max_bins': 4, 'min_samples_leaf': 8, 'min_child_size': 15, 'max_branching': 4, 'reg': 0.0017442484172867318, 'branch_penalty': 0.000133425984950775}. Best is trial 1 with value: 0.5821018062397373.
[I 2026-02-16 13:51:29,767] Trial 9 finished with value: 0.7835862068965517 and parameters: {'lookahead_cap': 3, 'max_bins': 5, 'min_samples_leaf': 11, 'min_child_size': 10, 'max_branching': 5, 'reg': 0.0011328479136749434, 'branch_penalty': 0.004227177204595319}. Best is trial 9 with value: 0.7835862068965517.
[I 2026-02-16 13:51:51,924] Trial 6 finished with value: 0.6775135586149353 and parameters: {'lookahead_cap': 3, 'max_bins': 3, 'min_samples_leaf': 4, 'min_child_size': 13, 'max_branching': 4, 'reg': 0.010170075473573532, 'branch_penalty': 0.0001768046012046751}. Best is trial 2 with value: 0.7363370880267001.
[I 2026-02-16 13:54:18,255] Trial 7 finished with value: 0.7158948685857321 and parameters: {'lookahead_cap': 1, 'max_bins': 5, 'min_samples_leaf': 9, 'min_child_size': 3, 'max_branching': 2, 'reg': 0.0006916772369437236, 'branch_penalty': 0.0013149491031571785}. Best is trial 8 with value: 0.7188151856487276.
[I 2026-02-16 14:02:46,751] Trial 5 finished with value: 0.0 and parameters: {'lookahead_cap': 2, 'max_bins': 6, 'min_samples_leaf': 7, 'min_child_size': 7, 'max_branching': 2, 'reg': 0.00937585721559352, 'branch_penalty': 0.002210126310894582}. Best is trial 1 with value: 0.5919540229885057.
[I 2026-02-16 14:10:12,835] Trial 3 finished with value: 0.0 and parameters: {'lookahead_cap': 2, 'max_bins': 6, 'min_samples_leaf': 4, 'min_child_size': 10, 'max_branching': 3, 'reg': 0.00022224339707840586, 'branch_penalty': 0.0006269892817662553}. Best is trial 2 with value: 0.7899310344827586.
[I 2026-02-16 14:10:30,303] Trial 4 finished with value: 0.0 and parameters: {'lookahead_cap': 2, 'max_bins': 5, 'min_samples_leaf': 14, 'min_child_size': 13, 'max_branching': 2, 'reg': 0.0003122265357828075, 'branch_penalty': 0.00011231743581682721}. Best is trial 1 with value: 0.5821018062397373.
[I 2026-02-16 14:10:39,132] Trial 9 finished with value: 0.5500821018062397 and parameters: {'lookahead_cap': 2, 'max_bins': 2, 'min_samples_leaf': 3, 'min_child_size': 11, 'max_branching': 4, 'reg': 0.0007115920006633593, 'branch_penalty': 0.00015793645979574164}. Best is trial 1 with value: 0.5821018062397373.
[I 2026-02-16 14:10:48,211] Trial 8 finished with value: 0.5747126436781609 and parameters: {'lookahead_cap': 3, 'max_bins': 2, 'min_samples_leaf': 11, 'min_child_size': 4, 'max_branching': 5, 'reg': 0.0005328073457429678, 'branch_penalty': 0.004355148676300673}. Best is trial 1 with value: 0.5821018062397373.
[I 2026-02-16 14:11:57,870] Trial 4 finished with value: 0.0 and parameters: {'lookahead_cap': 1, 'max_bins': 6, 'min_samples_leaf': 16, 'min_child_size': 14, 'max_branching': 6, 'reg': 0.022762311969103756, 'branch_penalty': 0.002057696857922154}. Best is trial 2 with value: 0.7363370880267001.
[I 2026-02-16 14:13:20,838] Trial 4 finished with value: 0.7776551724137931 and parameters: {'lookahead_cap': 2, 'max_bins': 3, 'min_samples_leaf': 5, 'min_child_size': 9, 'max_branching': 4, 'reg': 0.0001567520068418242, 'branch_penalty': 0.0003893726317483661}. Best is trial 2 with value: 0.7899310344827586.
[I 2026-02-16 14:13:40,912] Trial 6 finished with value: 0.7707586206896552 and parameters: {'lookahead_cap': 3, 'max_bins': 2, 'min_samples_leaf': 6, 'min_child_size': 11, 'max_branching': 2, 'reg': 0.0003196455671185838, 'branch_penalty': 0.0011836545424037284}. Best is trial 2 with value: 0.7899310344827586.
[I 2026-02-16 14:23:03,020] Trial 3 finished with value: 0.0 and parameters: {'lookahead_cap': 3, 'max_bins': 5, 'min_samples_leaf': 9, 'min_child_size': 16, 'max_branching': 6, 'reg': 0.01857784146828038, 'branch_penalty': 0.007740992804743599}. Best is trial 1 with value: 0.5919540229885057.
[I 2026-02-16 14:30:55,350] Trial 7 finished with value: 0.0 and parameters: {'lookahead_cap': 1, 'max_bins': 6, 'min_samples_leaf': 2, 'min_child_size': 9, 'max_branching': 5, 'reg': 0.028072059855979103, 'branch_penalty': 0.0005307407308574164}. Best is trial 1 with value: 0.5821018062397373.
[I 2026-02-16 14:32:01,618] Trial 7 finished with value: 0.0 and parameters: {'lookahead_cap': 1, 'max_bins': 5, 'min_samples_leaf': 5, 'min_child_size': 3, 'max_branching': 6, 'reg': 0.0009732129633426778, 'branch_penalty': 0.015507881948212147}. Best is trial 2 with value: 0.7363370880267001.
[I 2026-02-16 14:33:41,647] Trial 9 finished with value: 0.7088026700041719 and parameters: {'lookahead_cap': 3, 'max_bins': 3, 'min_samples_leaf': 10, 'min_child_size': 5, 'max_branching': 4, 'reg': 0.0003251161785471784, 'branch_penalty': 0.013911979386447724}. Best is trial 2 with value: 0.7363370880267001.
[I 2026-02-16 14:33:43,956] Trial 8 finished with value: 0.0 and parameters: {'lookahead_cap': 2, 'max_bins': 6, 'min_samples_leaf': 12, 'min_child_size': 10, 'max_branching': 4, 'reg': 0.006236119399647615, 'branch_penalty': 0.01074775451742369}. Best is trial 2 with value: 0.7899310344827586.
[I 2026-02-16 14:43:13,518] Trial 4 finished with value: 0.0 and parameters: {'lookahead_cap': 3, 'max_bins': 5, 'min_samples_leaf': 7, 'min_child_size': 2, 'max_branching': 3, 'reg': 0.032247341894948704, 'branch_penalty': 0.005214624118268645}. Best is trial 1 with value: 0.5919540229885057.
[I 2026-02-16 14:53:46,073] Trial 7 finished with value: 0.0 and parameters: {'lookahead_cap': 2, 'max_bins': 5, 'min_samples_leaf': 11, 'min_child_size': 4, 'max_branching': 6, 'reg': 0.01057423031948474, 'branch_penalty': 0.0014039823595783625}. Best is trial 2 with value: 0.7899310344827586.
[I 2026-02-16 14:53:47,400] Trial 8 finished with value: 0.0 and parameters: {'lookahead_cap': 3, 'max_bins': 6, 'min_samples_leaf': 2, 'min_child_size': 14, 'max_branching': 2, 'reg': 0.041833997502309, 'branch_penalty': 0.0028791067893591156}. Best is trial 2 with value: 0.7363370880267001.
[I 2026-02-16 15:03:25,034] Trial 6 finished with value: 0.0 and parameters: {'lookahead_cap': 3, 'max_bins': 3, 'min_samples_leaf': 5, 'min_child_size': 12, 'max_branching': 2, 'reg': 0.010389962206764792, 'branch_penalty': 0.0008637237903038444}. Best is trial 1 with value: 0.5919540229885057.
[I 2026-02-16 15:13:48,242] Trial 9 finished with value: 0.0 and parameters: {'lookahead_cap': 1, 'max_bins': 5, 'min_samples_leaf': 11, 'min_child_size': 14, 'max_branching': 4, 'reg': 0.003850770686900638, 'branch_penalty': 0.0023253092801170626}. Best is trial 2 with value: 0.7899310344827586.
[I 2026-02-16 15:23:39,356] Trial 8 finished with value: 0.0 and parameters: {'lookahead_cap': 2, 'max_bins': 5, 'min_samples_leaf': 10, 'min_child_size': 6, 'max_branching': 6, 'reg': 0.002561696653028652, 'branch_penalty': 0.007401297253826615}. Best is trial 1 with value: 0.5919540229885057.
[I 2026-02-16 15:43:54,405] Trial 7 finished with value: 0.0 and parameters: {'lookahead_cap': 3, 'max_bins': 5, 'min_samples_leaf': 8, 'min_child_size': 9, 'max_branching': 3, 'reg': 0.019694226621659386, 'branch_penalty': 0.012940053738735566}. Best is trial 1 with value: 0.5919540229885057.
[I 2026-02-16 16:04:12,922] Trial 9 finished with value: 0.0 and parameters: {'lookahead_cap': 2, 'max_bins': 4, 'min_samples_leaf': 15, 'min_child_size': 8, 'max_branching': 6, 'reg': 0.039154010827243416, 'branch_penalty': 0.007001605214973735}. Best is trial 1 with value: 0.5919540229885057.
Traceback (most recent call last):
  File "/home/users/yz1075/mdst/run_multisplit_experiments_cart.py", line 1388, in <module>
  File "/home/users/yz1075/mdst/run_multisplit_experiments_cart.py", line 1234, in main
  File "/home/users/yz1075/mdst/run_multisplit_experiments_cart.py", line 882, in _append_seed_row
  File "/home/users/yz1075/mdst/.venv/lib/python3.10/site-packages/pandas/util/_decorators.py", line 333, in wrapper
  File "/home/users/yz1075/mdst/.venv/lib/python3.10/site-packages/pandas/core/generic.py", line 3989, in to_csv
  File "/home/users/yz1075/mdst/.venv/lib/python3.10/site-packages/pandas/io/formats/format.py", line 1014, in to_csv
  File "/home/users/yz1075/mdst/.venv/lib/python3.10/site-packages/pandas/io/formats/csvs.py", line 251, in save
  File "/home/users/yz1075/mdst/.venv/lib/python3.10/site-packages/pandas/io/common.py", line 749, in get_handle
  File "/home/users/yz1075/mdst/.venv/lib/python3.10/site-packages/pandas/io/common.py", line 616, in check_parent_directory
OSError: Cannot save file into a non-existent directory: '/home/users/yz1075/mdst/results/comparison/compare_20260216_130344/_tmp/runs_cart/compare_20260216_130344_cart/compare_20260216_130344_cart'
Traceback (most recent call last):
  File "/home/users/yz1075/mdst/run_multisplit_xgboost_comparison.py", line 981, in <module>
  File "/home/users/yz1075/mdst/run_multisplit_xgboost_comparison.py", line 890, in main
  File "/home/users/yz1075/mdst/run_multisplit_xgboost_comparison.py", line 218, in _run_split_pipeline
  File "/usr/lib/python3.10/subprocess.py", line 526, in run
    raise CalledProcessError(retcode, process.args,
subprocess.CalledProcessError: Command '['/home/users/yz1075/mdst/.venv/bin/python', 'run_multisplit_experiments_cart.py', '--run-name', 'compare_20260216_130344_cart', '--datasets', 'electricity', 'eye-movements', 'eye-state', '--depth-budgets', '2', '3', '4', '5', '6', '--seeds', '0', '1', '2', '3', '4', '--test-size', '0.2', '--time-limit', '1200.0', '--lookahead-cap', '3', '--max-bins', '6', '--min-samples-leaf', '8', '--min-child-size', '8', '--max-branching', '0', '--reg', '0.01', '--branch-penalty', '0.002', '--parallel-trials', '40', '--threads-per-trial', '1', '--optuna-trials', '10', '--optuna-val-size', '0.2', '--optuna-seed', '0', '--optuna-timeout-sec', '0.0', '--cpu-utilization-target', '0.93', '--optuna-max-active-studies', '0', '--results-root', 'results/comparison/compare_20260216_130344/_tmp/runs_cart/compare_20260216_130344_cart', '--stable-results-dir', 'results/comparison/compare_20260216_130344/_tmp/stable_cart', '--no-package-artifacts', '--optuna-enable', '--tree-artifacts-dir', 'results/comparison/compare_20260216_130344/tree_artifacts/cart_mssplit_all']' returned non-zero exit status 1.
/var/lib/slurm/slurmd/job10601772/slurm_script: line 213: /home/users/yz1075/mdst/results/comparison/compare_20260216_130344/run_profile.json: No such file or directory
Pipeline execution failed. Check /home/users/yz1075/mdst/results/comparison/compare_20260216_130344/run_profile.time.log and /home/users/yz1075/mdst/results/comparison/compare_20260216_130344/run_profile.json
