Command terminated by signal 9
	Command being timed: ".venv/bin/python run_multisplit_experiments_lightgbm.py --run-name benchmark_rushdp_exactlazy_postlbubfix_3h_s1_sbatch_20260228_232246 --datasets eye-state --depth-budgets 4 --seeds 0 --time-limit 10800 --lookahead-cap 3 --max-bins 96 --min-samples-leaf 8 --min-child-size 8 --leaf-frac 0.05 --max-branching 3 --reg 1e-05 --msplit-variant rush_dp --test-size 0.2 --parallel-trials 1 --threads-per-trial 1 --cpu-utilization-target 1.0 --no-optuna-enable --optuna-warmstart-root results/runtime_compare_jobs/no_warmstart_20260228_095759 --optuna-warmstart-max-per-study 0 --lgb-device-type cpu --lgb-num-threads 1 --lgb-num-leaves 48 --lgb-learning-rate 0.04 --lgb-feature-fraction 0.90 --lgb-bagging-fraction 0.90 --lgb-bagging-freq 1 --lgb-min-data-in-bin 1 --lgb-lambda-l2 0.1 --results-root results/runs_lightgbm --stable-results-dir results/lightgbm --no-package-artifacts"
	User time (seconds): 1131.92
	System time (seconds): 80.49
	Percent of CPU this job got: 99%
	Elapsed (wall clock) time (h:mm:ss or m:ss): 20:17.72
	Average shared text size (kbytes): 0
	Average unshared data size (kbytes): 0
	Average stack size (kbytes): 0
	Average total size (kbytes): 0
	Maximum resident set size (kbytes): 100568352
	Average resident set size (kbytes): 0
	Major (requiring I/O) page faults: 62285
	Minor (reclaiming a frame) page faults: 27232624
	Voluntary context switches: 66325
	Involuntary context switches: 50827
	Swaps: 0
	File system inputs: 1168008
	File system outputs: 3336
	Socket messages sent: 0
	Socket messages received: 0
	Signals delivered: 0
	Page size (bytes): 4096
	Exit status: 0
[2026-02-28T23:43:04.818] error: Detected 1 oom_kill event in StepId=10630467.batch. Some of the step tasks have been OOM Killed.
