[2026-03-13T03:15:44] loading electricity
[2026-03-13T03:15:44] splitting train/val
[2026-03-13T03:15:44] preprocessing fit
[2026-03-13T03:15:44] preprocessing val
[2026-03-13T03:15:44] binner fit start
[2026-03-13T03:15:50] binner fit done
[2026-03-13T03:15:50] feature 0 atoms-only debug start
[2026-03-13T03:15:50] feature 0 atoms-only debug done
[2026-03-13T03:15:50] feature 0 direct local g=3 start
[2026-03-13T03:15:51] feature 0 direct local g=3 done
[2026-03-13T03:15:51] feature 1 atoms-only debug start
[2026-03-13T03:15:51] feature 1 atoms-only debug done
[2026-03-13T03:15:51] feature 1 direct local g=3 start
[2026-03-13T03:16:02] feature 1 direct local g=3 done
[2026-03-13T03:16:02] feature 4 atoms-only debug start
[2026-03-13T03:16:02] feature 4 atoms-only debug done
[2026-03-13T03:16:02] feature 4 direct local g=3 start
[2026-03-13T03:16:09] feature 4 direct local g=3 done
{
  "0": {
    "feature": 0,
    "atom_count": 32,
    "local_g3": {
      "atom_count": 32,
      "best_assignment": [
        0,
        1,
        2,
        1,
        0,
        1,
        2,
        1,
        0,
        1,
        2,
        1,
        0,
        2,
        1,
        2,
        2,
        1,
        2,
        1,
        2,
        1,
        2,
        1,
        2,
        1,
        0,
        1,
        0,
        1,
        2,
        2
      ],
      "best_group_spans": [
        [
          [
            0,
            0
          ],
          [
            4,
            4
          ],
          [
            8,
            8
          ],
          [
            12,
            12
          ],
          [
            26,
            26
          ],
          [
            28,
            28
          ]
        ],
        [
          [
            1,
            1
          ],
          [
            3,
            3
          ],
          [
            5,
            5
          ],
          [
            7,
            7
          ],
          [
            9,
            9
          ],
          [
            11,
            11
          ],
          [
            14,
            14
          ],
          [
            17,
            17
          ],
          [
            19,
            19
          ],
          [
            21,
            21
          ],
          [
            23,
            23
          ],
          [
            25,
            25
          ],
          [
            27,
            27
          ],
          [
            29,
            29
          ]
        ],
        [
          [
            2,
            2
          ],
          [
            6,
            6
          ],
          [
            10,
            10
          ],
          [
            13,
            13
          ],
          [
            15,
            16
          ],
          [
            18,
            18
          ],
          [
            20,
            20
          ],
          [
            22,
            22
          ],
          [
            24,
            24
          ],
          [
            30,
            31
          ]
        ]
      ],
      "best_imp_cost": 0.48132377145844074,
      "best_leaf_cost": 0.4075657781302804,
      "candidates_recorded": 2,
      "feasible_leaves": 2,
      "groups": 3,
      "has_feasible": true,
      "max_seen_states": 476286,
      "ok": true,
      "stage2_diag": {
        "coarse_bucket_count": 51,
        "coarse_bucket_max_size": 8191,
        "coarse_top_buckets": [
          {
            "c0": 1,
            "c1": 1,
            "c2": 1,
            "count": 8191,
            "next_pos": 32,
            "positive_total_margin_units": 492,
            "positive_total_weight_units": 4012
          },
          {
            "c0": 1,
            "c1": 1,
            "c2": 1,
            "count": 8191,
            "next_pos": 31,
            "positive_total_margin_units": 492,
            "positive_total_weight_units": 4012
          },
          {
            "c0": 1,
            "c1": 1,
            "c2": 1,
            "count": 4095,
            "next_pos": 30,
            "positive_total_margin_units": 485,
            "positive_total_weight_units": 3885
          },
          {
            "c0": 1,
            "c1": 1,
            "c2": 1,
            "count": 2047,
            "next_pos": 29,
            "positive_total_margin_units": 478,
            "positive_total_weight_units": 3754
          },
          {
            "c0": 1,
            "c1": 1,
            "c2": 1,
            "count": 2047,
            "next_pos": 28,
            "positive_total_margin_units": 478,
            "positive_total_weight_units": 3754
          },
          {
            "c0": 1,
            "c1": 1,
            "c2": 1,
            "count": 1023,
            "next_pos": 27,
            "positive_total_margin_units": 466,
            "positive_total_weight_units": 3622
          },
          {
            "c0": 1,
            "c1": 1,
            "c2": 1,
            "count": 1023,
            "next_pos": 26,
            "positive_total_margin_units": 466,
            "positive_total_weight_units": 3622
          },
          {
            "c0": 1,
            "c1": 1,
            "c2": 1,
            "count": 511,
            "next_pos": 25,
            "positive_total_margin_units": 446,
            "positive_total_weight_units": 3370
          },
          {
            "c0": 1,
            "c1": 1,
            "c2": 1,
            "count": 511,
            "next_pos": 24,
            "positive_total_margin_units": 446,
            "positive_total_weight_units": 3370
          },
          {
            "c0": 1,
            "c1": 1,
            "c2": 1,
            "count": 255,
            "next_pos": 23,
            "positive_total_margin_units": 423,
            "positive_total_weight_units": 3135
          }
        ],
        "record_limit": 150000,
        "recorded_states": 28297,
        "reduced_k3_bucket_diag": true,
        "support_bucket_count": 27535,
        "support_bucket_max_size": 3,
        "support_top_buckets": [
          {
            "c0": 1,
            "c1": 1,
            "c2": 1,
            "count": 3,
            "explicit_margin_units": 218,
            "explicit_weight_units": 1870,
            "next_pos": 32,
            "positive_total_margin_units": 492,
            "positive_total_weight_units": 4012
          },
          {
            "c0": 1,
            "c1": 1,
            "c2": 1,
            "count": 3,
            "explicit_margin_units": 221,
            "explicit_weight_units": 1981,
            "next_pos": 31,
            "positive_total_margin_units": 492,
            "positive_total_weight_units": 4012
          },
          {
            "c0": 1,
            "c1": 1,
            "c2": 1,
            "count": 3,
            "explicit_margin_units": 243,
            "explicit_weight_units": 1841,
            "next_pos": 32,
            "positive_total_margin_units": 492,
            "positive_total_weight_units": 4012
          },
          {
            "c0": 1,
            "c1": 1,
            "c2": 1,
            "count": 3,
            "explicit_margin_units": 174,
            "explicit_weight_units": 1164,
            "next_pos": 31,
            "positive_total_margin_units": 492,
            "positive_total_weight_units": 4012
          },
          {
            "c0": 1,
            "c1": 1,
            "c2": 1,
            "count": 3,
            "explicit_margin_units": 223,
            "explicit_weight_units": 1525,
            "next_pos": 31,
            "positive_total_margin_units": 492,
            "positive_total_weight_units": 4012
          },
          {
            "c0": 1,
            "c1": 1,
            "c2": 1,
            "count": 3,
            "explicit_margin_units": 172,
            "explicit_weight_units": 1620,
            "next_pos": 31,
            "positive_total_margin_units": 492,
            "positive_total_weight_units": 4012
          },
          {
            "c0": 1,
            "c1": 1,
            "c2": 1,
            "count": 3,
            "explicit_margin_units": 192,
            "explicit_weight_units": 1224,
            "next_pos": 31,
            "positive_total_margin_units": 492,
            "positive_total_weight_units": 4012
          },
          {
            "c0": 1,
            "c1": 1,
            "c2": 1,
            "count": 3,
            "explicit_margin_units": 220,
            "explicit_weight_units": 1414,
            "next_pos": 32,
            "positive_total_margin_units": 492,
            "positive_total_weight_units": 4012
          },
          {
            "c0": 1,
            "c1": 1,
            "c2": 1,
            "count": 3,
            "explicit_margin_units": 246,
            "explicit_weight_units": 1952,
            "next_pos": 32,
            "positive_total_margin_units": 492,
            "positive_total_weight_units": 4012
          },
          {
            "c0": 1,
            "c1": 1,
            "c2": 1,
            "count": 3,
            "explicit_margin_units": 269,
            "explicit_weight_units": 1775,
            "next_pos": 32,
            "positive_total_margin_units": 492,
            "positive_total_weight_units": 4012
          }
        ],
        "template_negative_groups": 1,
        "template_positive_groups": 2
      },
      "stage2_state_calls": 504584
    }
  },
  "1": {
    "feature": 1,
    "atom_count": 32,
    "local_g3": {
      "atom_count": 32,
      "best_assignment": [],
      "best_group_spans": [],
      "best_imp_cost": null,
      "best_leaf_cost": null,
      "candidates_recorded": 0,
      "feasible_leaves": 0,
      "groups": 3,
      "has_feasible": false,
      "max_seen_states": 4424471,
      "ok": false,
      "stage2_diag": {
        "coarse_bucket_count": 59,
        "coarse_bucket_max_size": 1023,
        "coarse_top_buckets": [
          {
            "c0": 1,
            "c1": 1,
            "c2": 1,
            "count": 1023,
            "next_pos": 32,
            "positive_total_margin_units": 1955,
            "positive_total_weight_units": 11467
          },
          {
            "c0": 1,
            "c1": 1,
            "c2": 1,
            "count": 511,
            "next_pos": 31,
            "positive_total_margin_units": 1940,
            "positive_total_weight_units": 10850
          },
          {
            "c0": 1,
            "c1": 1,
            "c2": 1,
            "count": 255,
            "next_pos": 30,
            "positive_total_margin_units": 1922,
            "positive_total_weight_units": 10262
          },
          {
            "c0": 1,
            "c1": 1,
            "c2": 1,
            "count": 255,
            "next_pos": 29,
            "positive_total_margin_units": 1922,
            "positive_total_weight_units": 10262
          },
          {
            "c0": 1,
            "c1": 1,
            "c2": 1,
            "count": 255,
            "next_pos": 28,
            "positive_total_margin_units": 1922,
            "positive_total_weight_units": 10262
          },
          {
            "c0": 1,
            "c1": 1,
            "c2": 1,
            "count": 255,
            "next_pos": 27,
            "positive_total_margin_units": 1922,
            "positive_total_weight_units": 10262
          },
          {
            "c0": 1,
            "c1": 1,
            "c2": 1,
            "count": 127,
            "next_pos": 26,
            "positive_total_margin_units": 1875,
            "positive_total_weight_units": 9665
          },
          {
            "c0": 1,
            "c1": 1,
            "c2": 1,
            "count": 127,
            "next_pos": 25,
            "positive_total_margin_units": 1875,
            "positive_total_weight_units": 9665
          },
          {
            "c0": 1,
            "c1": 1,
            "c2": 1,
            "count": 63,
            "next_pos": 24,
            "positive_total_margin_units": 1822,
            "positive_total_weight_units": 9066
          },
          {
            "c0": 1,
            "c1": 1,
            "c2": 1,
            "count": 63,
            "next_pos": 23,
            "positive_total_margin_units": 1822,
            "positive_total_weight_units": 9066
          }
        ],
        "record_limit": 150000,
        "recorded_states": 3159,
        "reduced_k3_bucket_diag": true,
        "support_bucket_count": 3159,
        "support_bucket_max_size": 1,
        "support_top_buckets": [
          {
            "c0": 1,
            "c1": 1,
            "c2": 1,
            "count": 1,
            "explicit_margin_units": 15,
            "explicit_weight_units": 617,
            "next_pos": 32,
            "positive_total_margin_units": 1955,
            "positive_total_weight_units": 11467
          },
          {
            "c0": 0,
            "c1": 1,
            "c2": 1,
            "count": 1,
            "explicit_margin_units": 0,
            "explicit_weight_units": 0,
            "next_pos": 31,
            "positive_total_margin_units": 1940,
            "positive_total_weight_units": 10850
          },
          {
            "c0": 1,
            "c1": 1,
            "c2": 1,
            "count": 1,
            "explicit_margin_units": 18,
            "explicit_weight_units": 588,
            "next_pos": 32,
            "positive_total_margin_units": 1955,
            "positive_total_weight_units": 11467
          },
          {
            "c0": 1,
            "c1": 1,
            "c2": 1,
            "count": 1,
            "explicit_margin_units": 33,
            "explicit_weight_units": 1205,
            "next_pos": 32,
            "positive_total_margin_units": 1955,
            "positive_total_weight_units": 11467
          },
          {
            "c0": 0,
            "c1": 1,
            "c2": 1,
            "count": 1,
            "explicit_margin_units": 0,
            "explicit_weight_units": 0,
            "next_pos": 30,
            "positive_total_margin_units": 1922,
            "positive_total_weight_units": 10262
          },
          {
            "c0": 0,
            "c1": 1,
            "c2": 1,
            "count": 1,
            "explicit_margin_units": 0,
            "explicit_weight_units": 0,
            "next_pos": 28,
            "positive_total_margin_units": 1922,
            "positive_total_weight_units": 10262
          },
          {
            "c0": 1,
            "c1": 1,
            "c2": 1,
            "count": 1,
            "explicit_margin_units": 47,
            "explicit_weight_units": 597,
            "next_pos": 31,
            "positive_total_margin_units": 1940,
            "positive_total_weight_units": 10850
          },
          {
            "c0": 1,
            "c1": 1,
            "c2": 1,
            "count": 1,
            "explicit_margin_units": 80,
            "explicit_weight_units": 1802,
            "next_pos": 32,
            "positive_total_margin_units": 1955,
            "positive_total_weight_units": 11467
          },
          {
            "c0": 1,
            "c1": 1,
            "c2": 1,
            "count": 1,
            "explicit_margin_units": 65,
            "explicit_weight_units": 1185,
            "next_pos": 31,
            "positive_total_margin_units": 1940,
            "positive_total_weight_units": 10850
          },
          {
            "c0": 1,
            "c1": 1,
            "c2": 1,
            "count": 1,
            "explicit_margin_units": 47,
            "explicit_weight_units": 597,
            "next_pos": 30,
            "positive_total_margin_units": 1922,
            "positive_total_weight_units": 10262
          }
        ],
        "template_negative_groups": 1,
        "template_positive_groups": 2
      },
      "stage2_state_calls": 4427631
    }
  },
  "4": {
    "feature": 4,
    "atom_count": 32,
    "local_g3": {
      "atom_count": 32,
      "best_assignment": [
        0,
        0,
        0,
        0,
        0,
        0,
        0,
        0,
        0,
        0,
        1,
        1,
        1,
        1,
        1,
        2,
        1,
        1,
        2,
        1,
        2,
        1,
        2,
        2,
        1,
        2,
        2,
        2,
        2,
        2,
        2,
        2
      ],
      "best_group_spans": [
        [
          [
            0,
            9
          ]
        ],
        [
          [
            10,
            14
          ],
          [
            16,
            17
          ],
          [
            19,
            19
          ],
          [
            21,
            21
          ],
          [
            24,
            24
          ]
        ],
        [
          [
            15,
            15
          ],
          [
            18,
            18
          ],
          [
            20,
            20
          ],
          [
            22,
            23
          ],
          [
            25,
            31
          ]
        ]
      ],
      "best_imp_cost": 0.42852584706794694,
      "best_leaf_cost": 0.3336666781613243,
      "candidates_recorded": 2,
      "feasible_leaves": 2,
      "groups": 3,
      "has_feasible": true,
      "max_seen_states": 3078197,
      "ok": true,
      "stage2_diag": {
        "coarse_bucket_count": 58,
        "coarse_bucket_max_size": 2047,
        "coarse_top_buckets": [
          {
            "c0": 1,
            "c1": 1,
            "c2": 1,
            "count": 2047,
            "next_pos": 32,
            "positive_total_margin_units": 2635,
            "positive_total_weight_units": 4625
          },
          {
            "c0": 1,
            "c1": 1,
            "c2": 1,
            "count": 1023,
            "next_pos": 31,
            "positive_total_margin_units": 2634,
            "positive_total_weight_units": 4562
          },
          {
            "c0": 1,
            "c1": 1,
            "c2": 1,
            "count": 511,
            "next_pos": 30,
            "positive_total_margin_units": 2631,
            "positive_total_weight_units": 4497
          },
          {
            "c0": 1,
            "c1": 1,
            "c2": 1,
            "count": 255,
            "next_pos": 29,
            "positive_total_margin_units": 2627,
            "positive_total_weight_units": 4435
          },
          {
            "c0": 1,
            "c1": 1,
            "c2": 1,
            "count": 255,
            "next_pos": 28,
            "positive_total_margin_units": 2627,
            "positive_total_weight_units": 4435
          },
          {
            "c0": 1,
            "c1": 1,
            "c2": 1,
            "count": 127,
            "next_pos": 27,
            "positive_total_margin_units": 2622,
            "positive_total_weight_units": 4302
          },
          {
            "c0": 1,
            "c1": 1,
            "c2": 1,
            "count": 127,
            "next_pos": 26,
            "positive_total_margin_units": 2622,
            "positive_total_weight_units": 4302
          },
          {
            "c0": 1,
            "c1": 1,
            "c2": 1,
            "count": 63,
            "next_pos": 25,
            "positive_total_margin_units": 2612,
            "positive_total_weight_units": 4238
          },
          {
            "c0": 1,
            "c1": 1,
            "c2": 1,
            "count": 63,
            "next_pos": 24,
            "positive_total_margin_units": 2612,
            "positive_total_weight_units": 4238
          },
          {
            "c0": 1,
            "c1": 1,
            "c2": 1,
            "count": 63,
            "next_pos": 23,
            "positive_total_margin_units": 2612,
            "positive_total_weight_units": 4238
          }
        ],
        "record_limit": 150000,
        "recorded_states": 4724,
        "reduced_k3_bucket_diag": true,
        "support_bucket_count": 4724,
        "support_bucket_max_size": 1,
        "support_top_buckets": [
          {
            "c0": 1,
            "c1": 1,
            "c2": 1,
            "count": 1,
            "explicit_margin_units": 3,
            "explicit_weight_units": 65,
            "next_pos": 32,
            "positive_total_margin_units": 2635,
            "positive_total_weight_units": 4625
          },
          {
            "c0": 1,
            "c1": 1,
            "c2": 1,
            "count": 1,
            "explicit_margin_units": 4,
            "explicit_weight_units": 128,
            "next_pos": 32,
            "positive_total_margin_units": 2635,
            "positive_total_weight_units": 4625
          },
          {
            "c0": 1,
            "c1": 1,
            "c2": 1,
            "count": 1,
            "explicit_margin_units": 4,
            "explicit_weight_units": 62,
            "next_pos": 32,
            "positive_total_margin_units": 2635,
            "positive_total_weight_units": 4625
          },
          {
            "c0": 1,
            "c1": 1,
            "c2": 1,
            "count": 1,
            "explicit_margin_units": 5,
            "explicit_weight_units": 125,
            "next_pos": 32,
            "positive_total_margin_units": 2635,
            "positive_total_weight_units": 4625
          },
          {
            "c0": 1,
            "c1": 1,
            "c2": 1,
            "count": 1,
            "explicit_margin_units": 4,
            "explicit_weight_units": 62,
            "next_pos": 31,
            "positive_total_margin_units": 2634,
            "positive_total_weight_units": 4562
          },
          {
            "c0": 1,
            "c1": 1,
            "c2": 1,
            "count": 1,
            "explicit_margin_units": 7,
            "explicit_weight_units": 127,
            "next_pos": 32,
            "positive_total_margin_units": 2635,
            "positive_total_weight_units": 4625
          },
          {
            "c0": 1,
            "c1": 1,
            "c2": 1,
            "count": 1,
            "explicit_margin_units": 8,
            "explicit_weight_units": 190,
            "next_pos": 32,
            "positive_total_margin_units": 2635,
            "positive_total_weight_units": 4625
          },
          {
            "c0": 1,
            "c1": 1,
            "c2": 1,
            "count": 1,
            "explicit_margin_units": 7,
            "explicit_weight_units": 127,
            "next_pos": 31,
            "positive_total_margin_units": 2634,
            "positive_total_weight_units": 4562
          },
          {
            "c0": 1,
            "c1": 1,
            "c2": 1,
            "count": 1,
            "explicit_margin_units": 5,
            "explicit_weight_units": 133,
            "next_pos": 32,
            "positive_total_margin_units": 2635,
            "positive_total_weight_units": 4625
          },
          {
            "c0": 1,
            "c1": 1,
            "c2": 1,
            "count": 1,
            "explicit_margin_units": 6,
            "explicit_weight_units": 196,
            "next_pos": 32,
            "positive_total_margin_units": 2635,
            "positive_total_weight_units": 4625
          }
        ],
        "template_negative_groups": 1,
        "template_positive_groups": 2
      },
      "stage2_state_calls": 3082922
    }
  }
}
