[2026-03-16T16:20:57-04:00] Starting LightGBM multisplit experiment run.
[2026-03-16T16:20:57-04:00] run_name=benchmark_teacher_guided_atomcolor_electricity_d4_l3_k3_atom0_20260316
[2026-03-16T16:20:57-04:00] run_dir=/home/users/yz1075/msdt/results/runs_lightgbm/benchmark_teacher_guided_atomcolor_electricity_d4_l3_k3_atom0_20260316
[2026-03-16T16:20:57-04:00] parallel settings: parallel_trials=1, threads_per_trial=3, lgb_threads=3, lgb_ensemble_runs=1, lgb_device=cpu, lgb_max_gpu_jobs=1, core_budget=3, effective_core_budget=3, effective_parallel_trials=1, cpu_target=1.0, cpu_affinity=[], cpu_nice=0
[2026-03-16T16:20:57-04:00] OpenML cache directory set to /home/users/yz1075/msdt/results/openml_cache
[2026-03-16T16:20:57-04:00] Loading dataset=electricity
[2026-03-16T16:20:57-04:00] dataset=electricity, class_prevalence(max class)=0.5755
[2026-03-16T16:20:57-04:00] historical default params: none found (using static defaults)
[2026-03-16T16:20:57-04:00] dataset=electricity, depth=4, lookahead=3, seeds=[0], param_source=static_defaults
[2026-03-16T16:20:57-04:00] [stage] start stage=prepare_eval_data dataset=electricity depth=4 seed=0 eval=test
[2026-03-16T16:20:57-04:00] [stage] done stage=prepare_eval_data elapsed_sec=0.1 dataset=electricity depth=4 seed=0 eval=test
[2026-03-16T16:20:57-04:00] [stage] start stage=lightgbm_binning dataset=electricity depth=4 seed=0 eval=test lookahead=3 n_fit=31717 n_eval=9063 raw_features=14
[2026-03-16T16:20:57-04:00] lightgbm_binner:start rows=31717 features=14 max_bins=255 ensemble_runs=1 device=cpu
[2026-03-16T16:20:57-04:00] lightgbm_binner:fit_run_start run=1/1 device=cpu
[2026-03-16T16:21:00-04:00] lightgbm_binner:fit_run_done run=1/1 device=cpu best_iteration=504
[2026-03-16T16:21:03-04:00] lightgbm_binner:thresholds_ready mean_bins=112.64 max_bins_used=255
[2026-03-16T16:21:05-04:00] lightgbm_binner:done
[2026-03-16T16:21:06-04:00] [stage] done stage=lightgbm_binning elapsed_sec=8.2 dataset=electricity depth=4 seed=0 eval=test lookahead=3 n_fit=31717 n_eval=9063 raw_features=14
[2026-03-16T16:21:06-04:00] [stage] summary stage=lightgbm_binning binner_features=14 mean_bins=112.64 median_bins=25.00 max_bins_used=255
[2026-03-16T16:21:06-04:00] [stage] start stage=bin_transform dataset=electricity depth=4 seed=0 eval=test lookahead=3 n_fit=31717 n_eval=9063 raw_features=14 binner_features=14 mean_bins=112.64 median_bins=25.00 max_bins_used=255
[2026-03-16T16:21:06-04:00] [stage] done stage=bin_transform elapsed_sec=0.0 dataset=electricity depth=4 seed=0 eval=test lookahead=3 n_fit=31717 n_eval=9063 raw_features=14 binner_features=14 mean_bins=112.64 median_bins=25.00 max_bins_used=255
[2026-03-16T16:21:06-04:00] [stage] summary stage=bin_transform Z_fit_base_shape=(31717, 14) Z_eval_base_shape=(9063, 14)
[2026-03-16T16:21:06-04:00] [stage] start stage=teacher_feature_augmentation dataset=electricity depth=4 seed=0 eval=test lookahead=3 n_fit=31717 n_eval=9063 raw_features=14 base_binned_features=14
[2026-03-16T16:21:06-04:00] [stage] done stage=teacher_feature_augmentation elapsed_sec=0.0 dataset=electricity depth=4 seed=0 eval=test lookahead=3 n_fit=31717 n_eval=9063 raw_features=14 base_binned_features=14
[2026-03-16T16:21:06-04:00] [stage] summary stage=teacher_feature_augmentation pair_templates=0 pair_shapes=0 teacher_microtrees=0 teacher_triplets=0 teacher_score_band=no Z_fit_shape=(31717, 14) Z_eval_shape=(9063, 14)
[2026-03-16T16:21:06-04:00] [stage] note stage=msplit_fit native_solver_has_no_live_node_callback=true current_node_depth_visibility=unavailable
[2026-03-16T16:21:06-04:00] [stage] start stage=msplit_fit dataset=electricity depth=4 seed=0 eval=test lookahead=3 n_fit=31717 n_eval=9063 raw_features=14 solver=msplit msplit_variant=rush_dp z_cols=14 backend=cpp
[2026-03-16T16:21:36-04:00] [stage] heartbeat stage=msplit_fit elapsed_sec=30.0 dataset=electricity depth=4 seed=0 eval=test lookahead=3 n_fit=31717 n_eval=9063 raw_features=14 solver=msplit msplit_variant=rush_dp z_cols=14 backend=cpp
[2026-03-16T16:22:06-04:00] [stage] heartbeat stage=msplit_fit elapsed_sec=60.0 dataset=electricity depth=4 seed=0 eval=test lookahead=3 n_fit=31717 n_eval=9063 raw_features=14 solver=msplit msplit_variant=rush_dp z_cols=14 backend=cpp
[2026-03-16T16:22:36-04:00] [stage] heartbeat stage=msplit_fit elapsed_sec=90.0 dataset=electricity depth=4 seed=0 eval=test lookahead=3 n_fit=31717 n_eval=9063 raw_features=14 solver=msplit msplit_variant=rush_dp z_cols=14 backend=cpp
[2026-03-16T16:23:06-04:00] [stage] heartbeat stage=msplit_fit elapsed_sec=120.0 dataset=electricity depth=4 seed=0 eval=test lookahead=3 n_fit=31717 n_eval=9063 raw_features=14 solver=msplit msplit_variant=rush_dp z_cols=14 backend=cpp
[2026-03-16T16:23:36-04:00] [stage] heartbeat stage=msplit_fit elapsed_sec=150.0 dataset=electricity depth=4 seed=0 eval=test lookahead=3 n_fit=31717 n_eval=9063 raw_features=14 solver=msplit msplit_variant=rush_dp z_cols=14 backend=cpp
[2026-03-16T16:24:06-04:00] [stage] heartbeat stage=msplit_fit elapsed_sec=180.0 dataset=electricity depth=4 seed=0 eval=test lookahead=3 n_fit=31717 n_eval=9063 raw_features=14 solver=msplit msplit_variant=rush_dp z_cols=14 backend=cpp
[2026-03-16T16:24:36-04:00] [stage] heartbeat stage=msplit_fit elapsed_sec=210.0 dataset=electricity depth=4 seed=0 eval=test lookahead=3 n_fit=31717 n_eval=9063 raw_features=14 solver=msplit msplit_variant=rush_dp z_cols=14 backend=cpp
[2026-03-16T16:25:06-04:00] [stage] heartbeat stage=msplit_fit elapsed_sec=240.0 dataset=electricity depth=4 seed=0 eval=test lookahead=3 n_fit=31717 n_eval=9063 raw_features=14 solver=msplit msplit_variant=rush_dp z_cols=14 backend=cpp
[2026-03-16T16:25:36-04:00] [stage] heartbeat stage=msplit_fit elapsed_sec=270.0 dataset=electricity depth=4 seed=0 eval=test lookahead=3 n_fit=31717 n_eval=9063 raw_features=14 solver=msplit msplit_variant=rush_dp z_cols=14 backend=cpp
[2026-03-16T16:26:06-04:00] [stage] heartbeat stage=msplit_fit elapsed_sec=300.0 dataset=electricity depth=4 seed=0 eval=test lookahead=3 n_fit=31717 n_eval=9063 raw_features=14 solver=msplit msplit_variant=rush_dp z_cols=14 backend=cpp
[2026-03-16T16:26:36-04:00] [stage] heartbeat stage=msplit_fit elapsed_sec=330.0 dataset=electricity depth=4 seed=0 eval=test lookahead=3 n_fit=31717 n_eval=9063 raw_features=14 solver=msplit msplit_variant=rush_dp z_cols=14 backend=cpp
[2026-03-16T16:27:04-04:00] [stage] done stage=msplit_fit elapsed_sec=358.4 dataset=electricity depth=4 seed=0 eval=test lookahead=3 n_fit=31717 n_eval=9063 raw_features=14 solver=msplit msplit_variant=rush_dp z_cols=14 backend=cpp
[2026-03-16T16:27:04-04:00] [stage] summary stage=msplit_fit fit_time_sec=358.4 objective=0.163131 exact_internal_nodes=1238 greedy_internal_nodes=34131 eligible_depth0=1 eligible_depth1=39 exactify_depth0=0 exactify_depth1=0
[2026-03-16T16:27:04-04:00] trial dataset=electricity, depth=4, seed=0, status=ok, acc=0.8300783405053515, obj=0.1631306625519969
[2026-03-16T16:27:04-04:00] === Summary Table ===
    dataset  depth_budget  lookahead_depth_budget  n_success  mean_train_accuracy  mean_accuracy  mean_balanced_accuracy  mean_trivial_accuracy  std_accuracy  mean_fit_time_sec  mean_objective  mean_n_leaves  mean_n_internal  mean_max_arity  mean_exact_internal_nodes  mean_greedy_internal_nodes  mean_dp_subproblem_calls  mean_dp_cache_hits  mean_dp_unique_states  mean_greedy_subproblem_calls  mean_greedy_cache_hits  mean_greedy_unique_states
electricity             4                       3          1               0.8369         0.8301                  0.8172                 0.5754        0.0000           358.3937          0.1631        48.0000          32.0000          3.0000                  1238.0000                  34131.0000                39486.0000           3253.0000             35674.0000                  1862156.0000             507986.0000               1346708.0000
[2026-03-16T16:27:04-04:00] === Depth vs Accuracy (Exact) ===
[2026-03-16T16:27:04-04:00] Dataset: electricity
[2026-03-16T16:27:04-04:00] Depth 4: ours=0.8301 (83.01%), bal_acc=0.8172 (81.72%), trivial_acc=0.5754 (57.54%), obj=0.163131, mean_leaves=48.00, dp_calls=39486.00, dp_unique=35674.00, paper=0.8660 (86.60%), delta=-0.0359 (-3.59 pp)
[2026-03-16T16:27:04-04:00] Saved run summary CSV: /home/users/yz1075/msdt/results/runs_lightgbm/benchmark_teacher_guided_atomcolor_electricity_d4_l3_k3_atom0_20260316/summary_results.csv
[2026-03-16T16:27:04-04:00] Saved run seed CSV: /home/users/yz1075/msdt/results/runs_lightgbm/benchmark_teacher_guided_atomcolor_electricity_d4_l3_k3_atom0_20260316/seed_results.csv
[2026-03-16T16:27:04-04:00] Saved run plot: /home/users/yz1075/msdt/results/runs_lightgbm/benchmark_teacher_guided_atomcolor_electricity_d4_l3_k3_atom0_20260316/multisplit_lightgbm_dp_accuracy.png
[2026-03-16T16:27:04-04:00] Saved run log: /home/users/yz1075/msdt/results/runs_lightgbm/benchmark_teacher_guided_atomcolor_electricity_d4_l3_k3_atom0_20260316/multisplit_lightgbm_depth_vs_accuracy.log
[2026-03-16T16:27:04-04:00] Saved run manifest: /home/users/yz1075/msdt/results/runs_lightgbm/benchmark_teacher_guided_atomcolor_electricity_d4_l3_k3_atom0_20260316/manifest.json
[2026-03-16T16:27:04-04:00] Saved run paper comparison plot: /home/users/yz1075/msdt/results/runs_lightgbm/benchmark_teacher_guided_atomcolor_electricity_d4_l3_k3_atom0_20260316/multisplit_lightgbm_dp_vs_paper_accuracy.png
[2026-03-16T16:27:04-04:00] Compatibility CSV: /home/users/yz1075/msdt/results/lightgbm/multisplit_lightgbm_dp_results.csv
[2026-03-16T16:27:04-04:00] Compatibility plot: /home/users/yz1075/msdt/results/lightgbm/multisplit_lightgbm_dp_accuracy.png
[2026-03-16T16:27:04-04:00] Compatibility log: /home/users/yz1075/msdt/results/lightgbm/multisplit_lightgbm_depth_vs_accuracy.log
