/var/lib/slurm/slurmd/job10617889/slurm_script: line 57: [: 3-: integer expression expected
Traceback (most recent call last):
  File "/home/users/yz1075/msdt/run_multisplit_experiments_lightgbm.py", line 7, in <module>
    run_main("lightgbm")
  File "/home/users/yz1075/msdt/multisplit_experiment_runner.py", line 2792, in run_main
    _run_internal(pipeline)
  File "/home/users/yz1075/msdt/multisplit_experiment_runner.py", line 2616, in _run_internal
    result_rows = _run_trials(
  File "/home/users/yz1075/msdt/multisplit_experiment_runner.py", line 882, in _run_trials
    row = future.result()
  File "/usr/lib/python3.10/concurrent/futures/_base.py", line 451, in result
    return self.__get_result()
  File "/usr/lib/python3.10/concurrent/futures/_base.py", line 403, in __get_result
    raise self._exception
concurrent.futures.process.BrokenProcessPool: A process in the process pool was terminated abruptly while the future was running or pending.
Traceback (most recent call last):
  File "/home/users/yz1075/msdt/run_multisplit_xgboost_comparison.py", line 1559, in <module>
    main()
  File "/home/users/yz1075/msdt/run_multisplit_xgboost_comparison.py", line 1364, in main
    lgb_summary, lgb_seed, lgb_run_dir = _run_split_pipeline(
  File "/home/users/yz1075/msdt/run_multisplit_xgboost_comparison.py", line 347, in _run_split_pipeline
    subprocess.run(cmd, check=True)
  File "/usr/lib/python3.10/subprocess.py", line 526, in run
    raise CalledProcessError(retcode, process.args,
subprocess.CalledProcessError: Command '['/home/users/yz1075/msdt/.venv/bin/python', 'run_multisplit_experiments_lightgbm.py', '--run-name', 'acc_compare_original_histdefault_nooptuna_20260226_013259_lightgbm', '--datasets', 'electricity', 'eye-movements', 'eye-state', '--depth-budgets', '2', '3', '4', '5', '--seeds', '0', '1', '2', '3', '4', '--test-size', '0.2', '--time-limit', '1200.0', '--lookahead-cap', '3', '--max-bins', '6', '--min-samples-leaf', '8', '--min-child-size', '8', '--max-branching', '0', '--reg', '0.01', '--msplit-variant', 'optimal_dp', '--parallel-trials', '36', '--threads-per-trial', '1', '--optuna-trials', '5', '--optuna-val-size', '0.2', '--optuna-seed', '0', '--optuna-timeout-sec', '0.0', '--optuna-warmstart-root', 'results', '--optuna-warmstart-max-per-study', '8', '--optuna-seed-candidates', '4', '--cpu-utilization-target', '1.0', '--optuna-max-active-studies', '0', '--optuna-max-concurrent-trials', '0', '--results-root', 'results/comparison/acc_compare_original_histdefault_nooptuna_20260226_013259/_tmp/runs_lightgbm/acc_compare_original_histdefault_nooptuna_20260226_013259_lightgbm', '--stable-results-dir', 'results/comparison/acc_compare_original_histdefault_nooptuna_20260226_013259/_tmp/stable_lightgbm', '--no-package-artifacts', '--no-optuna-enable', '--optuna-warmstart-enable', '--paper-split-protocol', '--tree-artifacts-dir', 'results/comparison/acc_compare_original_histdefault_nooptuna_20260226_013259/tree_artifacts/lightgbm_mssplit_all', '--lgb-device-type', 'cpu', '--lgb-binning-max-bins', '12', '--lgb-ensemble-runs', '3', '--lgb-ensemble-feature-fraction', '0.8', '--lgb-ensemble-bagging-fraction', '0.8', '--lgb-ensemble-bagging-freq', '1', '--lgb-threshold-dedup-eps', '1e-09', '--lgb-gpu-platform-id', '0', '--lgb-gpu-device-id', '0', '--lgb-gpu-fallback', '--lgb-max-gpu-jobs', '1', '--lgb-gpu-lock-dir', '/tmp/msdt_lgb_gpu_lock']' returned non-zero exit status 1.
Pipeline execution failed. Check /home/users/yz1075/msdt/results/comparison/acc_compare_original_histdefault_nooptuna_20260226_013259/run_profile.time.log and /home/users/yz1075/msdt/results/comparison/acc_compare_original_histdefault_nooptuna_20260226_013259/run_profile.json
[2026-02-26T01:44:36.242] error: Detected 1 oom_kill event in StepId=10617889.batch. Some of the step tasks have been OOM Killed.
