Traceback (most recent call last):
  File "/home/users/yz1075/msdt/run_multisplit_experiments_lightgbm.py", line 7, in <module>
    run_main("lightgbm")
  File "/home/users/yz1075/msdt/multisplit_experiment_runner.py", line 6018, in run_main
    _run_internal(pipeline)
  File "/home/users/yz1075/msdt/multisplit_experiment_runner.py", line 5720, in _run_internal
    raise RuntimeError(f"Run directory already exists: {run_dir}. Use --resume or pick --run-name.")
RuntimeError: Run directory already exists: /home/users/yz1075/msdt/results/runs_lightgbm/benchmark_teacher_guided_atomcolor_electricity_d3_exact_teachergeom_20260314_v47. Use --resume or pick --run-name.
Command exited with non-zero status 1
	Command being timed: ".venv/bin/python run_multisplit_experiments_lightgbm.py --run-name benchmark_teacher_guided_atomcolor_electricity_d3_exact_teachergeom_20260314_v47 --datasets electricity --depth-budgets 3 --seeds 0 --time-limit 28800 --lookahead-cap 3 --max-bins 255 --min-samples-leaf 8 --min-child-size 8 --proposal-atom-cap 32 --max-branching 3 --reg 0.0 --msplit-variant rush_dp --test-size 0.2 --parallel-trials 1 --threads-per-trial 6 --cpu-utilization-target 1.0 --no-optuna-enable --no-optuna-warmstart-enable --paper-split-protocol --lgb-device-type cpu --lgb-num-threads 6 --lgb-num-leaves 255 --lgb-learning-rate 0.05 --lgb-feature-fraction 1.0 --lgb-bagging-fraction 1.0 --lgb-bagging-freq 0 --lgb-min-data-in-bin 1 --lgb-lambda-l2 0.0 --results-root results/runs_lightgbm --stable-results-dir results/lightgbm --no-package-artifacts --no-approx-mode --patch-budget-per-feature 0 --exactify-top-m 0 --approx-ref-shortlist --approx-ref-widen-max 1 --no-approx-challenger-sweep-enabled --approx-distilled-mode --approx-distilled-geometry-mode teacher_guided_atomcolor"
	User time (seconds): 1.03
	System time (seconds): 0.30
	Percent of CPU this job got: 68%
	Elapsed (wall clock) time (h:mm:ss or m:ss): 0:01.95
	Average shared text size (kbytes): 0
	Average unshared data size (kbytes): 0
	Average stack size (kbytes): 0
	Average total size (kbytes): 0
	Maximum resident set size (kbytes): 218044
	Average resident set size (kbytes): 0
	Major (requiring I/O) page faults: 11
	Minor (reclaiming a frame) page faults: 34078
	Voluntary context switches: 4087
	Involuntary context switches: 67
	Swaps: 0
	File system inputs: 2040
	File system outputs: 8
	Socket messages sent: 0
	Socket messages received: 0
	Signals delivered: 0
	Page size (bytes): 4096
	Exit status: 1
