Job started on compsci-cluster-fitz-47 at Mon Feb 16 02:05:48 AM EST 2026
Capping PARALLEL_TRIALS from 40 to 20 for deep compare run (max_depth=6)
CPU settings: total_cpus=40, parallel_trials=20, threads_per_trial=1, split_threads=1, lgb_threads=1, xgb_threads=2
Optuna settings: enable=1, trials=5, val_size=0.2, seed=0, timeout_sec=0, cpu_target=0.9, max_active_studies=0
SPLIT native backend import OK
[compare] running: /home/users/yz1075/mdst/.venv/bin/python run_multisplit_experiments_cart.py --run-name compare_20260216_020551_cart --datasets electricity eye-movements eye-state --depth-budgets 2 3 4 5 6 --seeds 0 1 2 3 4 --test-size 0.2 --time-limit 600.0 --lookahead-cap 3 --max-bins 6 --min-samples-leaf 8 --min-child-size 8 --max-branching 0 --reg 0.01 --branch-penalty 0.002 --parallel-trials 20 --threads-per-trial 1 --optuna-trials 5 --optuna-val-size 0.2 --optuna-seed 0 --optuna-timeout-sec 0.0 --cpu-utilization-target 0.9 --optuna-max-active-studies 0 --results-root results/comparison/compare_20260216_020551/_tmp/runs_cart/compare_20260216_020551_cart --stable-results-dir results/comparison/compare_20260216_020551/_tmp/stable_cart --no-package-artifacts --optuna-enable
[2026-02-16T02:05:54-05:00] Starting multisplit experiment run.
[2026-02-16T02:05:54-05:00] run_name=compare_20260216_020551_cart
[2026-02-16T02:05:54-05:00] run_dir=/home/users/yz1075/mdst/results/comparison/compare_20260216_020551/_tmp/runs_cart/compare_20260216_020551_cart/compare_20260216_020551_cart
[2026-02-16T02:05:54-05:00] parallel settings: parallel_trials=20, threads_per_trial=1, core_budget=20, effective_core_budget=18, effective_parallel_trials=18, cpu_target=0.9
[2026-02-16T02:05:54-05:00] OpenML cache directory set to /home/users/yz1075/mdst/results/openml_cache
[2026-02-16T02:05:54-05:00] Loading dataset=electricity
[2026-02-16T02:05:54-05:00] dataset=electricity, class_prevalence(max class)=0.5755
[2026-02-16T02:05:54-05:00] Loading dataset=eye-movements
[2026-02-16T02:05:54-05:00] dataset=eye-movements, class_prevalence(max class)=0.5000
[2026-02-16T02:05:54-05:00] Loading dataset=eye-state
[2026-02-16T02:05:54-05:00] dataset=eye-state, class_prevalence(max class)=0.5512
[2026-02-16T02:05:54-05:00] optuna scheduling: studies=15, active_studies=9, jobs_per_study=2, effective_slots=18, effective_core_budget=18/20
[2026-02-16T02:56:40-05:00] optuna best params saved: /home/users/yz1075/mdst/results/comparison/compare_20260216_020551/_tmp/runs_cart/compare_20260216_020551_cart/compare_20260216_020551_cart/optuna/best_params.csv
[2026-02-16T02:56:40-05:00] dataset=electricity, depth=2, lookahead=1, seeds=[0, 1, 2, 3, 4], tuned=True
[2026-02-16T02:56:40-05:00] dataset=electricity, depth=3, lookahead=1, seeds=[0, 1, 2, 3, 4], tuned=True
[2026-02-16T02:56:40-05:00] dataset=electricity, depth=4, lookahead=3, seeds=[0, 1, 2, 3, 4], tuned=True
[2026-02-16T02:56:40-05:00] dataset=electricity, depth=5, lookahead=2, seeds=[0, 1, 2, 3, 4], tuned=True
[2026-02-16T02:56:40-05:00] dataset=electricity, depth=6, lookahead=2, seeds=[0, 1, 2, 3, 4], tuned=True
[2026-02-16T02:56:40-05:00] dataset=eye-movements, depth=2, lookahead=1, seeds=[0, 1, 2, 3, 4], tuned=True
[2026-02-16T02:56:40-05:00] dataset=eye-movements, depth=3, lookahead=1, seeds=[0, 1, 2, 3, 4], tuned=True
[2026-02-16T02:56:40-05:00] dataset=eye-movements, depth=4, lookahead=2, seeds=[0, 1, 2, 3, 4], tuned=True
[2026-02-16T02:56:40-05:00] dataset=eye-movements, depth=5, lookahead=1, seeds=[0, 1, 2, 3, 4], tuned=True
[2026-02-16T02:56:40-05:00] dataset=eye-movements, depth=6, lookahead=2, seeds=[0, 1, 2, 3, 4], tuned=True
[2026-02-16T02:56:40-05:00] dataset=eye-state, depth=2, lookahead=1, seeds=[0, 1, 2, 3, 4], tuned=True
[2026-02-16T02:56:40-05:00] dataset=eye-state, depth=3, lookahead=2, seeds=[0, 1, 2, 3, 4], tuned=True
[2026-02-16T02:56:40-05:00] dataset=eye-state, depth=4, lookahead=3, seeds=[0, 1, 2, 3, 4], tuned=True
[2026-02-16T02:56:40-05:00] dataset=eye-state, depth=5, lookahead=3, seeds=[0, 1, 2, 3, 4], tuned=True
[2026-02-16T02:56:40-05:00] dataset=eye-state, depth=6, lookahead=1, seeds=[0, 1, 2, 3, 4], tuned=True
[2026-02-16T02:56:40-05:00] executing 75 pending trials across 3 dataset(s) with parallel_workers=18, threads_per_trial=1, effective_core_budget=18/20
[2026-02-16T03:07:17-05:00] trial dataset=electricity, depth=2, seed=0, status=ok, acc=0.7623303541873552
[2026-02-16T03:07:17-05:00] trial dataset=electricity, depth=2, seed=2, status=ok, acc=0.7565927397109125
[2026-02-16T03:07:17-05:00] trial dataset=electricity, depth=2, seed=4, status=ok, acc=0.7539446099525543
[2026-02-16T03:07:17-05:00] trial dataset=electricity, depth=2, seed=1, status=ok, acc=0.7547169811320755
[2026-02-16T03:07:17-05:00] trial dataset=electricity, depth=2, seed=3, status=ok, acc=0.7586891757696127
[2026-02-16T03:07:17-05:00] trial dataset=electricity, depth=3, seed=3, status=ok, acc=0.7657508551252344
[2026-02-16T03:07:17-05:00] trial dataset=electricity, depth=3, seed=4, status=ok, acc=0.7674059362242083
[2026-02-16T03:07:17-05:00] trial dataset=electricity, depth=3, seed=0, status=ok, acc=0.7787708264371621
[2026-02-16T03:07:17-05:00] trial dataset=electricity, depth=3, seed=2, status=ok, acc=0.7704954209422928
[2026-02-16T03:07:17-05:00] trial dataset=eye-movements, depth=2, seed=0, status=ok, acc=0.5525624178712221
[2026-02-16T03:07:17-05:00] trial dataset=electricity, depth=3, seed=1, status=ok, acc=0.7676266137040715
[2026-02-16T03:07:17-05:00] trial dataset=eye-movements, depth=2, seed=1, status=ok, acc=0.5374507227332457
[2026-02-16T03:07:17-05:00] trial dataset=eye-movements, depth=2, seed=2, status=ok, acc=0.5670170827858082
[2026-02-16T03:07:17-05:00] trial dataset=eye-movements, depth=2, seed=3, status=ok, acc=0.5604467805519053
[2026-02-16T03:07:17-05:00] trial dataset=eye-movements, depth=2, seed=4, status=ok, acc=0.5183968462549278
[2026-02-16T03:07:17-05:00] trial dataset=eye-movements, depth=3, seed=0, status=ok, acc=0.5525624178712221
[2026-02-16T03:07:17-05:00] trial dataset=eye-movements, depth=3, seed=1, status=ok, acc=0.5374507227332457
[2026-02-16T03:07:17-05:00] trial dataset=eye-movements, depth=3, seed=2, status=ok, acc=0.5670170827858082
[2026-02-16T03:07:17-05:00] trial dataset=eye-movements, depth=3, seed=3, status=ok, acc=0.5604467805519053
[2026-02-16T03:07:17-05:00] trial dataset=eye-movements, depth=3, seed=4, status=ok, acc=0.5183968462549278
[2026-02-16T03:07:17-05:00] trial dataset=eye-movements, depth=4, seed=0, status=ok, acc=0.5578186596583443
[2026-02-16T03:07:17-05:00] trial dataset=eye-movements, depth=4, seed=1, status=ok, acc=0.5558475689881734
[2026-02-16T03:07:17-05:00] trial dataset=eye-movements, depth=4, seed=2, status=ok, acc=0.5703022339027596
[2026-02-16T03:07:17-05:00] trial dataset=eye-movements, depth=4, seed=3, status=ok, acc=0.6064388961892248
[2026-02-16T03:07:17-05:00] trial dataset=eye-movements, depth=4, seed=4, status=ok, acc=0.5512483574244416
[2026-02-16T03:07:17-05:00] trial dataset=electricity, depth=4, seed=4, status=ok, acc=0.7665232263047556
[2026-02-16T03:07:17-05:00] trial dataset=electricity, depth=4, seed=0, status=ok, acc=0.777446761557983
[2026-02-16T03:07:17-05:00] trial dataset=electricity, depth=4, seed=3, status=ok, acc=0.7759020191989408
[2026-02-16T03:07:17-05:00] trial dataset=electricity, depth=4, seed=1, status=ok, acc=0.7803155687962043
[2026-02-16T03:07:17-05:00] trial dataset=electricity, depth=4, seed=2, status=ok, acc=0.7789915039170253
[2026-02-16T03:07:17-05:00] trial dataset=electricity, depth=6, seed=1, status=ok, acc=0.768840339843319
[2026-02-16T03:07:17-05:00] trial dataset=electricity, depth=6, seed=0, status=ok, acc=0.7794328588767516
[2026-02-16T03:07:17-05:00] trial dataset=electricity, depth=6, seed=4, status=ok, acc=0.7695023722829085
[2026-02-16T03:07:17-05:00] trial dataset=eye-state, depth=2, seed=0, status=ok, acc=0.6325100133511349
[2026-02-16T03:07:17-05:00] trial dataset=eye-state, depth=2, seed=1, status=ok, acc=0.6278371161548731
[2026-02-16T03:07:17-05:00] trial dataset=eye-state, depth=2, seed=2, status=ok, acc=0.6401869158878505
[2026-02-16T03:07:17-05:00] trial dataset=eye-state, depth=2, seed=3, status=ok, acc=0.613150867823765
[2026-02-16T03:07:17-05:00] trial dataset=eye-state, depth=2, seed=4, status=ok, acc=0.6335113484646195
[2026-02-16T03:07:17-05:00] trial dataset=electricity, depth=6, seed=3, status=ok, acc=0.7730332119607194
[2026-02-16T03:07:17-05:00] trial dataset=eye-state, depth=3, seed=0, status=ok, acc=0.6822429906542056
[2026-02-16T03:07:17-05:00] trial dataset=eye-state, depth=3, seed=1, status=ok, acc=0.6799065420560748
[2026-02-16T03:07:17-05:00] trial dataset=eye-state, depth=3, seed=2, status=ok, acc=0.6829105473965287
[2026-02-16T03:07:17-05:00] trial dataset=eye-state, depth=3, seed=3, status=ok, acc=0.6572096128170895
[2026-02-16T03:07:17-05:00] trial dataset=electricity, depth=6, seed=2, status=ok, acc=0.7698333885027033
[2026-02-16T03:07:17-05:00] trial dataset=eye-state, depth=3, seed=4, status=ok, acc=0.6789052069425902
[2026-02-16T03:07:17-05:00] trial dataset=electricity, depth=5, seed=4, status=ok, acc=0.7760123579388724
[2026-02-16T03:07:17-05:00] trial dataset=electricity, depth=5, seed=3, status=ok, acc=0.7768950678583251
[2026-02-16T03:07:17-05:00] trial dataset=electricity, depth=5, seed=1, status=ok, acc=0.7782191327375041
[2026-02-16T03:07:17-05:00] trial dataset=electricity, depth=5, seed=0, status=ok, acc=0.7809776012357939
[2026-02-16T03:07:17-05:00] trial dataset=electricity, depth=5, seed=2, status=ok, acc=0.7814189561955203
[2026-02-16T03:07:17-05:00] trial dataset=eye-state, depth=4, seed=0, status=ok, acc=0.7179572763684913
[2026-02-16T03:07:17-05:00] trial dataset=eye-state, depth=4, seed=1, status=ok, acc=0.7009345794392523
[2026-02-16T03:07:17-05:00] trial dataset=eye-state, depth=4, seed=2, status=ok, acc=0.7279706275033377
[2026-02-16T03:07:17-05:00] trial dataset=eye-state, depth=4, seed=3, status=ok, acc=0.6955941255006676
[2026-02-16T03:07:17-05:00] trial dataset=eye-state, depth=6, seed=0, status=ok, acc=0.6772363150867824
[2026-02-16T03:07:17-05:00] trial dataset=eye-state, depth=4, seed=4, status=ok, acc=0.7049399198931909
[2026-02-16T03:07:17-05:00] trial dataset=eye-state, depth=6, seed=1, status=ok, acc=0.6672229639519359
[2026-02-16T03:07:17-05:00] trial dataset=eye-state, depth=6, seed=2, status=ok, acc=0.6732309746328438
[2026-02-16T03:07:17-05:00] trial dataset=eye-state, depth=6, seed=3, status=ok, acc=0.6481975967957276
[2026-02-16T03:07:17-05:00] trial dataset=eye-state, depth=6, seed=4, status=ok, acc=0.6802403204272364
[2026-02-16T03:07:17-05:00] trial dataset=eye-state, depth=5, seed=0, status=ok, acc=0.7242990654205608
[2026-02-16T03:07:17-05:00] trial dataset=eye-state, depth=5, seed=3, status=ok, acc=0.7052736982643525
[2026-02-16T03:07:17-05:00] trial dataset=eye-state, depth=5, seed=1, status=ok, acc=0.7156208277703605
[2026-02-16T03:07:17-05:00] trial dataset=eye-movements, depth=5, seed=0, status=timeout, acc=nan
[2026-02-16T03:07:17-05:00] trial dataset=eye-movements, depth=5, seed=1, status=timeout, acc=nan
[2026-02-16T03:07:17-05:00] trial dataset=eye-movements, depth=5, seed=4, status=timeout, acc=nan
[2026-02-16T03:07:17-05:00] trial dataset=eye-movements, depth=5, seed=3, status=timeout, acc=nan
[2026-02-16T03:07:17-05:00] trial dataset=eye-movements, depth=5, seed=2, status=timeout, acc=nan
[2026-02-16T03:07:17-05:00] trial dataset=eye-state, depth=5, seed=4, status=ok, acc=0.7202937249666221
[2026-02-16T03:07:17-05:00] trial dataset=eye-movements, depth=6, seed=1, status=timeout, acc=nan
[2026-02-16T03:07:17-05:00] trial dataset=eye-movements, depth=6, seed=0, status=timeout, acc=nan
[2026-02-16T03:07:17-05:00] trial dataset=eye-state, depth=5, seed=2, status=ok, acc=0.7403204272363151
[2026-02-16T03:07:17-05:00] trial dataset=eye-movements, depth=6, seed=2, status=timeout, acc=nan
[2026-02-16T03:07:17-05:00] trial dataset=eye-movements, depth=6, seed=3, status=timeout, acc=nan
[2026-02-16T03:07:17-05:00] trial dataset=eye-movements, depth=6, seed=4, status=timeout, acc=nan
[2026-02-16T03:07:18-05:00] === Summary Table ===
      dataset  depth_budget  lookahead_depth_budget  n_success  mean_accuracy  mean_balanced_accuracy  mean_trivial_accuracy  std_accuracy  mean_fit_time_sec  mean_n_leaves  mean_n_internal  mean_max_arity  mean_exact_internal_nodes  mean_greedy_internal_nodes
  electricity             2                       1          5         0.7573                  0.7330                 0.5754        0.0034             0.0549         4.0000           1.0000          4.0000                     1.0000                      0.0000
  electricity             3                       1          5         0.7700                  0.7494                 0.5754        0.0052             2.9512        24.2000           5.8000          5.0000                     1.0000                    104.4000
  electricity             4                       3          5         0.7758                  0.7634                 0.5754        0.0055            10.1883        20.0000          10.0000          3.0000                   957.6000                      0.0000
  electricity             5                       2          5         0.7787                  0.7644                 0.5754        0.0024            63.0115        46.6000          24.0000          3.0000                    50.6000                  10368.8000
  electricity             6                       2          5         0.7721                  0.7546                 0.5754        0.0044            28.2696        13.8000          12.8000          2.0000                    29.8000                   6363.2000
eye-movements             2                       1          5         0.5472                  0.5472                 0.5000        0.0195             0.0144         4.0000           1.0000          4.0000                     1.0000                      0.0000
eye-movements             3                       1          5         0.5472                  0.5472                 0.5000        0.0195             0.1401         2.0000           1.0000          2.0000                     1.0000                     12.6000
eye-movements             4                       2          5         0.5683                  0.5683                 0.5000        0.0224             1.5694         6.4000           5.4000          2.0000                    41.6000                    695.6000
eye-movements             5                       3          0            NaN                     NaN                    NaN           NaN                NaN            NaN              NaN             NaN                        NaN                         NaN
eye-movements             6                       3          0            NaN                     NaN                    NaN           NaN                NaN            NaN              NaN             NaN                        NaN                         NaN
    eye-state             2                       1          5         0.6294                  0.6035                 0.5511        0.0101             0.0142         3.0000           1.0000          3.0000                     1.0000                      0.0000
    eye-state             3                       2          5         0.6762                  0.6642                 0.5511        0.0108             4.7502        34.6000           6.8000          6.0000                   268.8000                      0.0000
    eye-state             4                       3          5         0.7095                  0.6990                 0.5511        0.0132            89.1281        85.4000          29.0000          5.0000                 11246.6000                      0.0000
    eye-state             5                       3          5         0.7212                  0.7081                 0.5511        0.0129           439.5359       132.2000          55.0000          4.0000                  4242.6000                  62888.2000
    eye-state             6                       1          5         0.6692                  0.6566                 0.5511        0.0127             9.2600         5.0000           4.0000          2.0000                     1.0000                   3788.8000
[2026-02-16T03:07:18-05:00] === Depth vs Accuracy (Exact) ===
[2026-02-16T03:07:18-05:00] Dataset: electricity
[2026-02-16T03:07:18-05:00] Depth 2: ours=0.7573 (75.73%), bal_acc=0.7330 (73.30%), trivial_acc=0.5754 (57.54%), mean_leaves=4.00, paper=0.8490 (84.90%), delta=-0.0917 (-9.17 pp)
[2026-02-16T03:07:18-05:00] Depth 3: ours=0.7700 (77.00%), bal_acc=0.7494 (74.94%), trivial_acc=0.5754 (57.54%), mean_leaves=24.20, paper=0.8260 (82.60%), delta=-0.0560 (-5.60 pp)
[2026-02-16T03:07:18-05:00] Depth 4: ours=0.7758 (77.58%), bal_acc=0.7634 (76.34%), trivial_acc=0.5754 (57.54%), mean_leaves=20.00, paper=0.8660 (86.60%), delta=-0.0902 (-9.02 pp)
[2026-02-16T03:07:18-05:00] Depth 5: ours=0.7787 (77.87%), bal_acc=0.7644 (76.44%), trivial_acc=0.5754 (57.54%), mean_leaves=46.60, paper=0.8820 (88.20%), delta=-0.1033 (-10.33 pp)
[2026-02-16T03:07:18-05:00] Depth 6: ours=0.7721 (77.21%), bal_acc=0.7546 (75.46%), trivial_acc=0.5754 (57.54%), mean_leaves=13.80, paper=0.8880 (88.80%), delta=-0.1159 (-11.59 pp)
[2026-02-16T03:07:18-05:00] Dataset: eye-movements
[2026-02-16T03:07:18-05:00] Depth 2: ours=0.5472 (54.72%), bal_acc=0.5472 (54.72%), trivial_acc=0.5000 (50.00%), mean_leaves=4.00, paper=0.6010 (60.10%), delta=-0.0538 (-5.38 pp)
[2026-02-16T03:07:18-05:00] Depth 3: ours=0.5472 (54.72%), bal_acc=0.5472 (54.72%), trivial_acc=0.5000 (50.00%), mean_leaves=2.00, paper=0.6360 (63.60%), delta=-0.0888 (-8.88 pp)
[2026-02-16T03:07:18-05:00] Depth 4: ours=0.5683 (56.83%), bal_acc=0.5683 (56.83%), trivial_acc=0.5000 (50.00%), mean_leaves=6.40, paper=0.6620 (66.20%), delta=-0.0937 (-9.37 pp)
[2026-02-16T03:07:18-05:00] Depth 5: ours=nan (nan%), bal_acc=nan (nan%), trivial_acc=nan (nan%), mean_leaves=nan, paper=0.6750 (67.50%), delta=+nan (+nan pp)
[2026-02-16T03:07:18-05:00] Depth 6: ours=nan (nan%), bal_acc=nan (nan%), trivial_acc=nan (nan%), mean_leaves=nan, paper=0.6660 (66.60%), delta=+nan (+nan pp)
[2026-02-16T03:07:18-05:00] Dataset: eye-state
[2026-02-16T03:07:18-05:00] Depth 2: ours=0.6294 (62.94%), bal_acc=0.6035 (60.35%), trivial_acc=0.5511 (55.11%), mean_leaves=3.00, paper=0.7590 (75.90%), delta=-0.1296 (-12.96 pp)
[2026-02-16T03:07:18-05:00] Depth 3: ours=0.6762 (67.62%), bal_acc=0.6642 (66.42%), trivial_acc=0.5511 (55.11%), mean_leaves=34.60, paper=0.7630 (76.30%), delta=-0.0868 (-8.68 pp)
[2026-02-16T03:07:18-05:00] Depth 4: ours=0.7095 (70.95%), bal_acc=0.6990 (69.90%), trivial_acc=0.5511 (55.11%), mean_leaves=85.40, paper=0.7930 (79.30%), delta=-0.0835 (-8.35 pp)
[2026-02-16T03:07:18-05:00] Depth 5: ours=0.7212 (72.12%), bal_acc=0.7081 (70.81%), trivial_acc=0.5511 (55.11%), mean_leaves=132.20, paper=0.8110 (81.10%), delta=-0.0898 (-8.98 pp)
[2026-02-16T03:07:18-05:00] Depth 6: ours=0.6692 (66.92%), bal_acc=0.6566 (65.66%), trivial_acc=0.5511 (55.11%), mean_leaves=5.00, paper=0.8170 (81.70%), delta=-0.1478 (-14.78 pp)
[2026-02-16T03:07:18-05:00] Saved run summary CSV: /home/users/yz1075/mdst/results/comparison/compare_20260216_020551/_tmp/runs_cart/compare_20260216_020551_cart/compare_20260216_020551_cart/summary_results.csv
[2026-02-16T03:07:18-05:00] Saved run seed CSV: /home/users/yz1075/mdst/results/comparison/compare_20260216_020551/_tmp/runs_cart/compare_20260216_020551_cart/compare_20260216_020551_cart/seed_results.csv
[2026-02-16T03:07:18-05:00] Saved run plot: /home/users/yz1075/mdst/results/comparison/compare_20260216_020551/_tmp/runs_cart/compare_20260216_020551_cart/compare_20260216_020551_cart/multisplit_cart_dp_accuracy.png
[2026-02-16T03:07:18-05:00] Saved run log: /home/users/yz1075/mdst/results/comparison/compare_20260216_020551/_tmp/runs_cart/compare_20260216_020551_cart/compare_20260216_020551_cart/multisplit_depth_vs_accuracy.log
[2026-02-16T03:07:18-05:00] Saved run manifest: /home/users/yz1075/mdst/results/comparison/compare_20260216_020551/_tmp/runs_cart/compare_20260216_020551_cart/compare_20260216_020551_cart/manifest.json
[2026-02-16T03:07:18-05:00] Saved run paper comparison plot: /home/users/yz1075/mdst/results/comparison/compare_20260216_020551/_tmp/runs_cart/compare_20260216_020551_cart/compare_20260216_020551_cart/multisplit_cart_dp_vs_paper_accuracy.png
[2026-02-16T03:07:18-05:00] Compatibility CSV: /home/users/yz1075/mdst/results/comparison/compare_20260216_020551/_tmp/stable_cart/multisplit_cart_dp_results.csv
[2026-02-16T03:07:18-05:00] Compatibility plot: /home/users/yz1075/mdst/results/comparison/compare_20260216_020551/_tmp/stable_cart/multisplit_cart_dp_accuracy.png
[2026-02-16T03:07:18-05:00] Compatibility log: /home/users/yz1075/mdst/results/comparison/compare_20260216_020551/_tmp/stable_cart/multisplit_depth_vs_accuracy.log
[compare] running: /home/users/yz1075/mdst/.venv/bin/python run_multisplit_experiments_lightgbm.py --run-name compare_20260216_020551_lightgbm --datasets electricity eye-movements eye-state --depth-budgets 2 3 4 5 6 --seeds 0 1 2 3 4 --test-size 0.2 --time-limit 600.0 --lookahead-cap 3 --max-bins 6 --min-samples-leaf 8 --min-child-size 8 --max-branching 0 --reg 0.01 --branch-penalty 0.002 --parallel-trials 20 --threads-per-trial 1 --optuna-trials 5 --optuna-val-size 0.2 --optuna-seed 0 --optuna-timeout-sec 0.0 --cpu-utilization-target 0.9 --optuna-max-active-studies 0 --results-root results/comparison/compare_20260216_020551/_tmp/runs_lightgbm/compare_20260216_020551_lightgbm --stable-results-dir results/comparison/compare_20260216_020551/_tmp/stable_lightgbm --no-package-artifacts --optuna-enable
[2026-02-16T03:07:20-05:00] Starting LightGBM multisplit experiment run.
[2026-02-16T03:07:20-05:00] run_name=compare_20260216_020551_lightgbm
[2026-02-16T03:07:20-05:00] run_dir=/home/users/yz1075/mdst/results/comparison/compare_20260216_020551/_tmp/runs_lightgbm/compare_20260216_020551_lightgbm/compare_20260216_020551_lightgbm
[2026-02-16T03:07:20-05:00] parallel settings: parallel_trials=20, threads_per_trial=1, lgb_threads=1, core_budget=20, effective_core_budget=18, effective_parallel_trials=18, cpu_target=0.9
[2026-02-16T03:07:20-05:00] OpenML cache directory set to /home/users/yz1075/mdst/results/openml_cache
[2026-02-16T03:07:20-05:00] Loading dataset=electricity
[2026-02-16T03:07:20-05:00] dataset=electricity, class_prevalence(max class)=0.5755
[2026-02-16T03:07:20-05:00] Loading dataset=eye-movements
[2026-02-16T03:07:20-05:00] dataset=eye-movements, class_prevalence(max class)=0.5000
[2026-02-16T03:07:20-05:00] Loading dataset=eye-state
[2026-02-16T03:07:20-05:00] dataset=eye-state, class_prevalence(max class)=0.5512
[2026-02-16T03:07:20-05:00] optuna scheduling: studies=15, active_studies=9, jobs_per_study=2, effective_slots=18, effective_core_budget=18/20
[2026-02-16T03:49:24-05:00] optuna best params saved: /home/users/yz1075/mdst/results/comparison/compare_20260216_020551/_tmp/runs_lightgbm/compare_20260216_020551_lightgbm/compare_20260216_020551_lightgbm/optuna/best_params.csv
[2026-02-16T03:49:24-05:00] dataset=electricity, depth=2, lookahead=1, seeds=[0, 1, 2, 3, 4], tuned=True
[2026-02-16T03:49:24-05:00] dataset=electricity, depth=3, lookahead=1, seeds=[0, 1, 2, 3, 4], tuned=True
[2026-02-16T03:49:24-05:00] dataset=electricity, depth=4, lookahead=2, seeds=[0, 1, 2, 3, 4], tuned=True
[2026-02-16T03:49:24-05:00] dataset=electricity, depth=5, lookahead=3, seeds=[0, 1, 2, 3, 4], tuned=True
[2026-02-16T03:49:24-05:00] dataset=electricity, depth=6, lookahead=2, seeds=[0, 1, 2, 3, 4], tuned=True
[2026-02-16T03:49:24-05:00] dataset=eye-movements, depth=2, lookahead=1, seeds=[0, 1, 2, 3, 4], tuned=True
[2026-02-16T03:49:24-05:00] dataset=eye-movements, depth=3, lookahead=1, seeds=[0, 1, 2, 3, 4], tuned=True
[2026-02-16T03:49:24-05:00] dataset=eye-movements, depth=4, lookahead=3, seeds=[0, 1, 2, 3, 4], tuned=True
[2026-02-16T03:49:24-05:00] dataset=eye-movements, depth=5, lookahead=2, seeds=[0, 1, 2, 3, 4], tuned=True
[2026-02-16T03:49:24-05:00] dataset=eye-movements, depth=6, lookahead=1, seeds=[0, 1, 2, 3, 4], tuned=True
[2026-02-16T03:49:24-05:00] dataset=eye-state, depth=2, lookahead=1, seeds=[0, 1, 2, 3, 4], tuned=True
[2026-02-16T03:49:24-05:00] dataset=eye-state, depth=3, lookahead=1, seeds=[0, 1, 2, 3, 4], tuned=True
[2026-02-16T03:49:24-05:00] dataset=eye-state, depth=4, lookahead=2, seeds=[0, 1, 2, 3, 4], tuned=True
[2026-02-16T03:49:24-05:00] dataset=eye-state, depth=5, lookahead=2, seeds=[0, 1, 2, 3, 4], tuned=True
[2026-02-16T03:49:24-05:00] dataset=eye-state, depth=6, lookahead=3, seeds=[0, 1, 2, 3, 4], tuned=True
[2026-02-16T03:49:24-05:00] executing 75 pending trials across 3 dataset(s) with parallel_workers=18, threads_per_trial=1, lgb_threads=1, effective_core_budget=18/20
[2026-02-16T04:00:00-05:00] trial dataset=electricity, depth=2, seed=1, status=ok, acc=0.7543859649122807
[2026-02-16T04:00:00-05:00] trial dataset=electricity, depth=2, seed=3, status=ok, acc=0.7586891757696127
[2026-02-16T04:00:00-05:00] trial dataset=electricity, depth=2, seed=0, status=ok, acc=0.7622200154474236
[2026-02-16T04:00:00-05:00] trial dataset=electricity, depth=2, seed=4, status=ok, acc=0.7537239324726912
[2026-02-16T04:00:00-05:00] trial dataset=electricity, depth=2, seed=2, status=ok, acc=0.7567030784508441
[2026-02-16T04:00:00-05:00] trial dataset=electricity, depth=3, seed=1, status=ok, acc=0.7765640516385303
[2026-02-16T04:00:00-05:00] trial dataset=electricity, depth=3, seed=2, status=ok, acc=0.7824120048549046
[2026-02-16T04:00:00-05:00] trial dataset=electricity, depth=3, seed=3, status=ok, acc=0.788480635551142
[2026-02-16T04:00:00-05:00] trial dataset=eye-movements, depth=2, seed=0, status=ok, acc=0.5525624178712221
[2026-02-16T04:00:00-05:00] trial dataset=eye-movements, depth=2, seed=1, status=ok, acc=0.5374507227332457
[2026-02-16T04:00:00-05:00] trial dataset=eye-movements, depth=2, seed=2, status=ok, acc=0.5670170827858082
[2026-02-16T04:00:00-05:00] trial dataset=eye-movements, depth=2, seed=3, status=ok, acc=0.5604467805519053
[2026-02-16T04:00:00-05:00] trial dataset=eye-movements, depth=2, seed=4, status=ok, acc=0.5183968462549278
[2026-02-16T04:00:00-05:00] trial dataset=eye-movements, depth=3, seed=0, status=ok, acc=0.5630749014454665
[2026-02-16T04:00:00-05:00] trial dataset=electricity, depth=3, seed=4, status=ok, acc=0.7764537128985987
[2026-02-16T04:00:00-05:00] trial dataset=electricity, depth=3, seed=0, status=ok, acc=0.7915701202692266
[2026-02-16T04:00:00-05:00] trial dataset=eye-movements, depth=3, seed=1, status=ok, acc=0.5479632063074902
[2026-02-16T04:00:00-05:00] trial dataset=eye-movements, depth=3, seed=2, status=ok, acc=0.5722733245729303
[2026-02-16T04:00:00-05:00] trial dataset=eye-movements, depth=3, seed=3, status=ok, acc=0.5900131406044679
[2026-02-16T04:00:00-05:00] trial dataset=eye-movements, depth=3, seed=4, status=ok, acc=0.5525624178712221
[2026-02-16T04:00:00-05:00] trial dataset=electricity, depth=4, seed=1, status=ok, acc=0.7631027253668763
[2026-02-16T04:00:00-05:00] trial dataset=electricity, depth=4, seed=0, status=ok, acc=0.7689506785832506
[2026-02-16T04:00:00-05:00] trial dataset=electricity, depth=4, seed=2, status=ok, acc=0.7740262606201037
[2026-02-16T04:00:00-05:00] trial dataset=electricity, depth=4, seed=4, status=ok, acc=0.7733642281805142
[2026-02-16T04:00:00-05:00] trial dataset=electricity, depth=4, seed=3, status=ok, acc=0.7765640516385303
[2026-02-16T04:00:00-05:00] trial dataset=eye-movements, depth=5, seed=0, status=ok, acc=0.5630749014454665
[2026-02-16T04:00:00-05:00] trial dataset=eye-movements, depth=5, seed=1, status=ok, acc=0.5742444152431012
[2026-02-16T04:00:00-05:00] trial dataset=eye-movements, depth=5, seed=4, status=ok, acc=0.5755584756898817
[2026-02-16T04:00:00-05:00] trial dataset=eye-movements, depth=5, seed=3, status=ok, acc=0.6248357424441524
[2026-02-16T04:00:00-05:00] trial dataset=eye-movements, depth=5, seed=2, status=ok, acc=0.5742444152431012
[2026-02-16T04:00:00-05:00] trial dataset=eye-movements, depth=6, seed=0, status=ok, acc=0.5630749014454665
[2026-02-16T04:00:00-05:00] trial dataset=eye-movements, depth=6, seed=1, status=ok, acc=0.5551905387647832
[2026-02-16T04:00:00-05:00] trial dataset=eye-movements, depth=6, seed=2, status=ok, acc=0.5814717477003942
[2026-02-16T04:00:00-05:00] trial dataset=eye-state, depth=2, seed=0, status=ok, acc=0.6358477970627503
[2026-02-16T04:00:00-05:00] trial dataset=eye-state, depth=2, seed=1, status=ok, acc=0.6291722296395194
[2026-02-16T04:00:00-05:00] trial dataset=eye-state, depth=2, seed=2, status=ok, acc=0.5947930574098799
[2026-02-16T04:00:00-05:00] trial dataset=eye-state, depth=2, seed=3, status=ok, acc=0.6164886515353805
[2026-02-16T04:00:00-05:00] trial dataset=eye-state, depth=2, seed=4, status=ok, acc=0.6038050734312417
[2026-02-16T04:00:00-05:00] trial dataset=eye-state, depth=3, seed=0, status=ok, acc=0.6762349799732977
[2026-02-16T04:00:00-05:00] trial dataset=eye-state, depth=3, seed=1, status=ok, acc=0.6695594125500668
[2026-02-16T04:00:00-05:00] trial dataset=eye-state, depth=3, seed=2, status=ok, acc=0.6602136181575434
[2026-02-16T04:00:00-05:00] trial dataset=eye-state, depth=3, seed=3, status=ok, acc=0.6588785046728972
[2026-02-16T04:00:00-05:00] trial dataset=eye-state, depth=3, seed=4, status=ok, acc=0.6485313751668892
[2026-02-16T04:00:00-05:00] trial dataset=electricity, depth=6, seed=3, status=ok, acc=0.7891426679907315
[2026-02-16T04:00:00-05:00] trial dataset=eye-movements, depth=6, seed=3, status=ok, acc=0.6057818659658344
[2026-02-16T04:00:00-05:00] trial dataset=eye-movements, depth=6, seed=4, status=ok, acc=0.5657030223390276
[2026-02-16T04:00:00-05:00] trial dataset=electricity, depth=6, seed=0, status=ok, acc=0.7859428445327155
[2026-02-16T04:00:00-05:00] trial dataset=electricity, depth=6, seed=4, status=ok, acc=0.7800948913163411
[2026-02-16T04:00:00-05:00] trial dataset=eye-state, depth=5, seed=0, status=ok, acc=0.6795727636849133
[2026-02-16T04:00:00-05:00] trial dataset=eye-state, depth=5, seed=1, status=ok, acc=0.6989319092122831
[2026-02-16T04:00:00-05:00] trial dataset=eye-state, depth=5, seed=2, status=ok, acc=0.654539385847797
[2026-02-16T04:00:00-05:00] trial dataset=eye-state, depth=5, seed=3, status=ok, acc=0.671562082777036
[2026-02-16T04:00:00-05:00] trial dataset=eye-state, depth=5, seed=4, status=ok, acc=0.6795727636849133
[2026-02-16T04:00:00-05:00] trial dataset=electricity, depth=6, seed=1, status=ok, acc=0.7738055831402405
[2026-02-16T04:00:00-05:00] trial dataset=electricity, depth=6, seed=2, status=ok, acc=0.7828533598146309
[2026-02-16T04:00:00-05:00] trial dataset=eye-state, depth=4, seed=2, status=ok, acc=0.7162883845126836
[2026-02-16T04:00:00-05:00] trial dataset=eye-state, depth=4, seed=1, status=ok, acc=0.7286381842456608
[2026-02-16T04:00:00-05:00] trial dataset=eye-state, depth=4, seed=3, status=ok, acc=0.7206275033377837
[2026-02-16T04:00:00-05:00] trial dataset=eye-movements, depth=4, seed=2, status=ok, acc=0.561760840998686
[2026-02-16T04:00:00-05:00] trial dataset=eye-state, depth=4, seed=4, status=ok, acc=0.7206275033377837
[2026-02-16T04:00:00-05:00] trial dataset=eye-movements, depth=4, seed=3, status=ok, acc=0.5860709592641261
[2026-02-16T04:00:00-05:00] trial dataset=eye-movements, depth=4, seed=4, status=ok, acc=0.5886990801576872
[2026-02-16T04:00:00-05:00] trial dataset=eye-state, depth=4, seed=0, status=ok, acc=0.7116154873164219
[2026-02-16T04:00:00-05:00] trial dataset=eye-movements, depth=4, seed=0, status=ok, acc=0.5663600525624178
[2026-02-16T04:00:00-05:00] trial dataset=eye-movements, depth=4, seed=1, status=ok, acc=0.5643889618922471
[2026-02-16T04:00:00-05:00] trial dataset=eye-state, depth=6, seed=4, status=ok, acc=0.664218958611482
[2026-02-16T04:00:00-05:00] trial dataset=electricity, depth=5, seed=4, status=ok, acc=0.7861635220125787
[2026-02-16T04:00:00-05:00] trial dataset=eye-state, depth=6, seed=0, status=ok, acc=0.7099465954606141
[2026-02-16T04:00:00-05:00] trial dataset=electricity, depth=5, seed=3, status=ok, acc=0.792783846408474
[2026-02-16T04:00:00-05:00] trial dataset=electricity, depth=5, seed=1, status=ok, acc=0.78417742469381
[2026-02-16T04:00:00-05:00] trial dataset=eye-state, depth=6, seed=2, status=ok, acc=0.6582109479305741
[2026-02-16T04:00:00-05:00] trial dataset=eye-state, depth=6, seed=3, status=ok, acc=0.6895861148197597
[2026-02-16T04:00:00-05:00] trial dataset=electricity, depth=5, seed=0, status=ok, acc=0.785501489572989
[2026-02-16T04:00:00-05:00] trial dataset=electricity, depth=5, seed=2, status=timeout, acc=nan
[2026-02-16T04:00:00-05:00] trial dataset=eye-state, depth=6, seed=1, status=ok, acc=0.6965954606141522
[2026-02-16T04:00:01-05:00] === Summary Table ===
      dataset  depth_budget  lookahead_depth_budget  n_success  mean_accuracy  mean_balanced_accuracy  mean_trivial_accuracy  std_accuracy  mean_fit_time_sec  mean_n_leaves  mean_n_internal  mean_max_arity  mean_exact_internal_nodes  mean_greedy_internal_nodes
  electricity             2                       1          5         0.7571                  0.7329                 0.5754        0.0035             0.0422         3.0000           1.0000          3.0000                     1.0000                      0.0000
  electricity             3                       1          5         0.7831                  0.7709                 0.5754        0.0069             4.5344        36.0000           7.0000          6.0000                     1.0000                    140.6000
  electricity             4                       2          5         0.7712                  0.7516                 0.5754        0.0053            22.0173        33.0000          11.0000          4.0000                    64.6000                   1379.8000
  electricity             5                       3          4         0.7872                  0.7732                 0.5754        0.0038           541.5746       193.7500          55.5000          5.0000                  3952.7500                  57948.5000
  electricity             6                       2          5         0.7824                  0.7693                 0.5754        0.0059           225.6577        57.8000          32.0000          3.0000                    50.8000                  40150.4000
eye-movements             2                       1          5         0.5472                  0.5472                 0.5000        0.0195             0.0153         4.0000           1.0000          4.0000                     1.0000                      0.0000
eye-movements             3                       1          5         0.5652                  0.5652                 0.5000        0.0168             0.1738         3.0000           2.0000          2.0000                     1.0000                     37.6000
eye-movements             4                       3          5         0.5735                  0.5735                 0.5000        0.0129           375.5260       128.6000          30.0000          6.0000                 69486.6000                      0.0000
eye-movements             5                       2          5         0.5824                  0.5824                 0.5000        0.0243            13.2654        14.6000          13.6000          2.0000                    47.8000                  12220.0000
eye-movements             6                       1          5         0.5742                  0.5742                 0.5000        0.0200            74.0938         3.8000           2.8000          2.0000                     1.0000                  12570.6000
    eye-state             2                       1          5         0.6160                  0.5951                 0.5511        0.0171             0.0382         5.0000           1.0000          5.0000                     1.0000                      0.0000
    eye-state             3                       1          5         0.6627                  0.6573                 0.5511        0.0106             1.3153        16.0000           5.0000          4.0000                     1.0000                     64.4000
    eye-state             4                       2          5         0.7196                  0.7104                 0.5511        0.0063           163.1362       197.4000          40.4000          6.0000                   261.8000                  22726.6000
    eye-state             5                       2          5         0.6768                  0.6614                 0.5511        0.0160             2.8272        14.6000          13.6000          2.0000                    29.4000                   2239.2000
    eye-state             6                       3          5         0.6837                  0.6759                 0.5511        0.0219           270.1143        25.2000          14.6000          3.0000                  1048.4000                  59675.8000
[2026-02-16T04:00:01-05:00] === Depth vs Accuracy (Exact) ===
[2026-02-16T04:00:01-05:00] Dataset: electricity
[2026-02-16T04:00:01-05:00] Depth 2: ours=0.7571 (75.71%), bal_acc=0.7329 (73.29%), trivial_acc=0.5754 (57.54%), mean_leaves=3.00, paper=0.8490 (84.90%), delta=-0.0919 (-9.19 pp)
[2026-02-16T04:00:01-05:00] Depth 3: ours=0.7831 (78.31%), bal_acc=0.7709 (77.09%), trivial_acc=0.5754 (57.54%), mean_leaves=36.00, paper=0.8260 (82.60%), delta=-0.0429 (-4.29 pp)
[2026-02-16T04:00:01-05:00] Depth 4: ours=0.7712 (77.12%), bal_acc=0.7516 (75.16%), trivial_acc=0.5754 (57.54%), mean_leaves=33.00, paper=0.8660 (86.60%), delta=-0.0948 (-9.48 pp)
[2026-02-16T04:00:01-05:00] Depth 5: ours=0.7872 (78.72%), bal_acc=0.7732 (77.32%), trivial_acc=0.5754 (57.54%), mean_leaves=193.75, paper=0.8820 (88.20%), delta=-0.0948 (-9.48 pp)
[2026-02-16T04:00:01-05:00] Depth 6: ours=0.7824 (78.24%), bal_acc=0.7693 (76.93%), trivial_acc=0.5754 (57.54%), mean_leaves=57.80, paper=0.8880 (88.80%), delta=-0.1056 (-10.56 pp)
[2026-02-16T04:00:01-05:00] Dataset: eye-movements
[2026-02-16T04:00:01-05:00] Depth 2: ours=0.5472 (54.72%), bal_acc=0.5472 (54.72%), trivial_acc=0.5000 (50.00%), mean_leaves=4.00, paper=0.6010 (60.10%), delta=-0.0538 (-5.38 pp)
[2026-02-16T04:00:01-05:00] Depth 3: ours=0.5652 (56.52%), bal_acc=0.5652 (56.52%), trivial_acc=0.5000 (50.00%), mean_leaves=3.00, paper=0.6360 (63.60%), delta=-0.0708 (-7.08 pp)
[2026-02-16T04:00:01-05:00] Depth 4: ours=0.5735 (57.35%), bal_acc=0.5735 (57.35%), trivial_acc=0.5000 (50.00%), mean_leaves=128.60, paper=0.6620 (66.20%), delta=-0.0885 (-8.85 pp)
[2026-02-16T04:00:01-05:00] Depth 5: ours=0.5824 (58.24%), bal_acc=0.5824 (58.24%), trivial_acc=0.5000 (50.00%), mean_leaves=14.60, paper=0.6750 (67.50%), delta=-0.0926 (-9.26 pp)
[2026-02-16T04:00:01-05:00] Depth 6: ours=0.5742 (57.42%), bal_acc=0.5742 (57.42%), trivial_acc=0.5000 (50.00%), mean_leaves=3.80, paper=0.6660 (66.60%), delta=-0.0918 (-9.18 pp)
[2026-02-16T04:00:01-05:00] Dataset: eye-state
[2026-02-16T04:00:01-05:00] Depth 2: ours=0.6160 (61.60%), bal_acc=0.5951 (59.51%), trivial_acc=0.5511 (55.11%), mean_leaves=5.00, paper=0.7590 (75.90%), delta=-0.1430 (-14.30 pp)
[2026-02-16T04:00:01-05:00] Depth 3: ours=0.6627 (66.27%), bal_acc=0.6573 (65.73%), trivial_acc=0.5511 (55.11%), mean_leaves=16.00, paper=0.7630 (76.30%), delta=-0.1003 (-10.03 pp)
[2026-02-16T04:00:01-05:00] Depth 4: ours=0.7196 (71.96%), bal_acc=0.7104 (71.04%), trivial_acc=0.5511 (55.11%), mean_leaves=197.40, paper=0.7930 (79.30%), delta=-0.0734 (-7.34 pp)
[2026-02-16T04:00:01-05:00] Depth 5: ours=0.6768 (67.68%), bal_acc=0.6614 (66.14%), trivial_acc=0.5511 (55.11%), mean_leaves=14.60, paper=0.8110 (81.10%), delta=-0.1342 (-13.42 pp)
[2026-02-16T04:00:01-05:00] Depth 6: ours=0.6837 (68.37%), bal_acc=0.6759 (67.59%), trivial_acc=0.5511 (55.11%), mean_leaves=25.20, paper=0.8170 (81.70%), delta=-0.1333 (-13.33 pp)
[2026-02-16T04:00:01-05:00] Saved run summary CSV: /home/users/yz1075/mdst/results/comparison/compare_20260216_020551/_tmp/runs_lightgbm/compare_20260216_020551_lightgbm/compare_20260216_020551_lightgbm/summary_results.csv
[2026-02-16T04:00:01-05:00] Saved run seed CSV: /home/users/yz1075/mdst/results/comparison/compare_20260216_020551/_tmp/runs_lightgbm/compare_20260216_020551_lightgbm/compare_20260216_020551_lightgbm/seed_results.csv
[2026-02-16T04:00:01-05:00] Saved run plot: /home/users/yz1075/mdst/results/comparison/compare_20260216_020551/_tmp/runs_lightgbm/compare_20260216_020551_lightgbm/compare_20260216_020551_lightgbm/multisplit_lightgbm_dp_accuracy.png
[2026-02-16T04:00:01-05:00] Saved run log: /home/users/yz1075/mdst/results/comparison/compare_20260216_020551/_tmp/runs_lightgbm/compare_20260216_020551_lightgbm/compare_20260216_020551_lightgbm/multisplit_lightgbm_depth_vs_accuracy.log
[2026-02-16T04:00:01-05:00] Saved run manifest: /home/users/yz1075/mdst/results/comparison/compare_20260216_020551/_tmp/runs_lightgbm/compare_20260216_020551_lightgbm/compare_20260216_020551_lightgbm/manifest.json
[2026-02-16T04:00:01-05:00] Saved run paper comparison plot: /home/users/yz1075/mdst/results/comparison/compare_20260216_020551/_tmp/runs_lightgbm/compare_20260216_020551_lightgbm/compare_20260216_020551_lightgbm/multisplit_lightgbm_dp_vs_paper_accuracy.png
[2026-02-16T04:00:01-05:00] Compatibility CSV: /home/users/yz1075/mdst/results/comparison/compare_20260216_020551/_tmp/stable_lightgbm/multisplit_lightgbm_dp_results.csv
[2026-02-16T04:00:01-05:00] Compatibility plot: /home/users/yz1075/mdst/results/comparison/compare_20260216_020551/_tmp/stable_lightgbm/multisplit_lightgbm_dp_accuracy.png
[2026-02-16T04:00:01-05:00] Compatibility log: /home/users/yz1075/mdst/results/comparison/compare_20260216_020551/_tmp/stable_lightgbm/multisplit_lightgbm_depth_vs_accuracy.log
[compare] XGBoost dataset=electricity
[compare] XGBoost dataset=eye-movements
[compare] XGBoost dataset=eye-state
[compare] XGBoost parallel workers=10, threads_per_trial=2, trials=75
[compare] visualizing xgboost dataset=electricity depth=6 seed=0
[compare] visualizing: /home/users/yz1075/mdst/.venv/bin/python visualize_multisplit_tree.py --dataset electricity --pipeline xgboost --depth-budget 6 --seed 0 --out results/comparison/compare_20260216_020551/XGBoost_trees/electricity.png --artifact-out results/comparison/compare_20260216_020551/tree_artifacts/xgboost/electricity.json --test-size 0.2 --time-limit 600.0 --lookahead-cap 3 --max-bins 6 --min-samples-leaf 8 --min-child-size 8 --max-branching 0 --reg 0.01 --branch-penalty 0.002 --xgb-n-estimators 300 --xgb-learning-rate 0.05 --xgb-num-threads 2
saved results/comparison/compare_20260216_020551/XGBoost_trees/electricity.png
accuracy 0.8963919232
[compare] visualizing cart dataset=electricity depth=5 seed=2
[compare] visualizing: /home/users/yz1075/mdst/.venv/bin/python visualize_multisplit_tree.py --dataset electricity --pipeline cart --depth-budget 5 --seed 2 --out results/comparison/compare_20260216_020551/cart_mssplit_trees/electricity.png --artifact-out results/comparison/compare_20260216_020551/tree_artifacts/cart_mssplit/electricity.json --test-size 0.2 --time-limit 600.0 --lookahead-cap 3 --max-bins 6 --min-samples-leaf 8 --min-child-size 8 --max-branching 0 --reg 0.01 --branch-penalty 0.002 --xgb-n-estimators 300 --xgb-learning-rate 0.05 --xgb-num-threads 2
Saved run profile: /home/users/yz1075/mdst/results/comparison/compare_20260216_020551/run_profile.json
Saved time profile: /home/users/yz1075/mdst/results/comparison/compare_20260216_020551/run_profile.time.log
Saved command log: /home/users/yz1075/mdst/results/comparison/compare_20260216_020551/run_profile.cmd.txt
=== Run Profile Summary ===
wall_time=2:04:26
user_time_sec=42556.99
sys_time_sec=729.30
cpu_utilization=579%
max_rss_kb=61014844
max_rss_gb=58.19
