Job started on compsci-cluster-fitz-39 at Mon Feb 23 11:24:04 PM EST 2026
CPU settings: total_cpus=64, parallel_trials=64, threads_per_trial=1, split_threads=1, lgb_threads=1, xgb_threads=2
Optuna settings: enable=1, trials=10, val_size=0.2, seed=0, timeout_sec=0, warmstart_enable=1, warmstart_root=results, warmstart_max=8, seed_candidates=4, cpu_target=0.94, max_active_studies=0, max_concurrent_trials=0
LightGBM binning backend: device=gpu, gpu_platform=0, gpu_device=0, gpu_fallback=0, max_gpu_jobs=1, gpu_lock_dir=/tmp/msdt_lgb_gpu_lock, binning_max_bins=12, ensemble_runs=3, ensemble_feature_fraction=0.8, ensemble_bagging_fraction=0.8, ensemble_bagging_freq=1, threshold_dedup_eps=1e-9
Dataset runtime mode: datasets=['electricity', 'eye-movements', 'eye-state'], B_sweep=[32, 64, 128, 256, 512, 1024], trials=50, m=5, lambda=0.01, max_branch_n=6, ub_best=inf, binning=lightgbm, dynamic_ub=True, solvers=['baseline', 'dl85_cbb', 'binoct_flow', 'snip', 'gosdt_dpb', 'linear_fallback', 'candidate']

[electricity] shape=45312x8 label_mode=binary classes=2 pos_label=UP pos=19237 neg=26075
  B=  32 | B_eff_mean=28.88 [7, 32]
    runtime_ms_total_features: baseline=2.963ms, dl85_cbb=1.904ms, binoct_flow=2.783ms, snip=0.9444ms, gosdt_dpb=2.265ms, linear_fallback=0.5142ms, candidate=0.1464ms
    speedup_vs_baseline: dl85_cbb=1.556x, binoct_flow=1.065x, snip=3.137x, gosdt_dpb=1.308x, linear_fallback=5.762x, candidate=20.24x
    acc_gap_vs_baseline: dl85_cbb=0, binoct_flow=0, snip=0, gosdt_dpb=0, linear_fallback=0, candidate=0
    accuracy_mean: baseline=0.75501, dl85_cbb=0.75501, binoct_flow=0.75501, snip=0.75501, gosdt_dpb=0.75501, linear_fallback=0.75501, candidate=0.75501
    coverage: shared_valid=50/50, n_features=8
  B=  64 | B_eff_mean=54.88 [7, 64]
    runtime_ms_total_features: baseline=10.45ms, dl85_cbb=6.166ms, binoct_flow=9.353ms, snip=1.997ms, gosdt_dpb=8.379ms, linear_fallback=0.8461ms, candidate=0.231ms
    speedup_vs_baseline: dl85_cbb=1.695x, binoct_flow=1.117x, snip=5.233x, gosdt_dpb=1.247x, linear_fallback=12.35x, candidate=45.24x
    acc_gap_vs_baseline: dl85_cbb=0, binoct_flow=0, snip=0, gosdt_dpb=0, linear_fallback=0, candidate=0
    accuracy_mean: baseline=0.756886, dl85_cbb=0.756886, binoct_flow=0.756886, snip=0.756886, gosdt_dpb=0.756886, linear_fallback=0.756886, candidate=0.756886
    coverage: shared_valid=50/50, n_features=8
  B= 128 | B_eff_mean=102.9 [7, 128]
    runtime_ms_total_features: baseline=35.46ms, dl85_cbb=23.95ms, binoct_flow=29.92ms, snip=3.869ms, gosdt_dpb=28.03ms, linear_fallback=1.477ms, candidate=0.4375ms
    speedup_vs_baseline: dl85_cbb=1.48x, binoct_flow=1.185x, snip=9.166x, gosdt_dpb=1.265x, linear_fallback=24.01x, candidate=81.05x
    acc_gap_vs_baseline: dl85_cbb=0, binoct_flow=0, snip=0, gosdt_dpb=0, linear_fallback=0, candidate=0
    accuracy_mean: baseline=0.756886, dl85_cbb=0.756886, binoct_flow=0.756886, snip=0.756886, gosdt_dpb=0.756886, linear_fallback=0.756886, candidate=0.756886
    coverage: shared_valid=50/50, n_features=8
  B= 256 | B_eff_mean=198.9 [7, 256]
    runtime_ms_total_features: baseline=128.7ms, dl85_cbb=134.5ms, binoct_flow=138.3ms, snip=9.324ms, gosdt_dpb=159.3ms, linear_fallback=2.65ms, candidate=0.8793ms
    speedup_vs_baseline: dl85_cbb=0.9568x, binoct_flow=0.9305x, snip=13.8x, gosdt_dpb=0.808x, linear_fallback=48.56x, candidate=146.4x
    acc_gap_vs_baseline: dl85_cbb=0, binoct_flow=0, snip=0, gosdt_dpb=0, linear_fallback=0, candidate=0
    accuracy_mean: baseline=0.758651, dl85_cbb=0.758651, binoct_flow=0.758651, snip=0.758651, gosdt_dpb=0.758651, linear_fallback=0.758651, candidate=0.758651
    coverage: shared_valid=50/50, n_features=8
  B= 512 | B_eff_mean=390.9 [7, 512]
    runtime_ms_total_features: baseline=523.1ms, dl85_cbb=555.3ms, binoct_flow=576.5ms, snip=27.21ms, gosdt_dpb=657.4ms, linear_fallback=5.224ms, candidate=1.931ms
    speedup_vs_baseline: dl85_cbb=0.942x, binoct_flow=0.9074x, snip=19.23x, gosdt_dpb=0.7958x, linear_fallback=100.1x, candidate=270.8x
    acc_gap_vs_baseline: dl85_cbb=0, binoct_flow=0, snip=0, gosdt_dpb=0, linear_fallback=0, candidate=0
    accuracy_mean: baseline=0.758784, dl85_cbb=0.758784, binoct_flow=0.758784, snip=0.758784, gosdt_dpb=0.758784, linear_fallback=0.758784, candidate=0.758784
    coverage: shared_valid=50/50, n_features=8
  B=1024 | B_eff_mean=761.6 [7, 1024]
    runtime_ms_total_features: baseline=1934ms, dl85_cbb=2065ms, binoct_flow=2127ms, snip=85.38ms, gosdt_dpb=2475ms, linear_fallback=9.631ms, candidate=4.002ms
    speedup_vs_baseline: dl85_cbb=0.9366x, binoct_flow=0.9095x, snip=22.66x, gosdt_dpb=0.7817x, linear_fallback=200.9x, candidate=483.3x
    acc_gap_vs_baseline: dl85_cbb=0, binoct_flow=0, snip=0, gosdt_dpb=0, linear_fallback=0, candidate=0
    accuracy_mean: baseline=0.759048, dl85_cbb=0.759048, binoct_flow=0.759048, snip=0.759048, gosdt_dpb=0.759048, linear_fallback=0.759048, candidate=0.759048
    coverage: shared_valid=50/50, n_features=8

[eye-movements] shape=7608x23 label_mode=binary classes=2 pos_label=1 pos=3804 neg=3804
  B=  32 | B_eff_mean=26.26 [2, 32]
    runtime_ms_total_features: baseline=4.542ms, dl85_cbb=4.071ms, binoct_flow=5.023ms, snip=2.493ms, gosdt_dpb=5.08ms, linear_fallback=0.7808ms, candidate=0.526ms
    speedup_vs_baseline: dl85_cbb=1.116x, binoct_flow=0.9043x, snip=1.822x, gosdt_dpb=0.8942x, linear_fallback=5.817x, candidate=8.635x
    acc_gap_vs_baseline: dl85_cbb=0, binoct_flow=0, snip=0, gosdt_dpb=0, linear_fallback=0, candidate=0
    accuracy_mean: baseline=0.565063, dl85_cbb=0.565063, binoct_flow=0.565063, snip=0.565063, gosdt_dpb=0.565063, linear_fallback=0.565063, candidate=0.565063
    coverage: shared_valid=50/50, n_features=23
  B=  64 | B_eff_mean=50.7 [2, 64]
    runtime_ms_total_features: baseline=30.38ms, dl85_cbb=29.74ms, binoct_flow=33.8ms, snip=9.955ms, gosdt_dpb=39.06ms, linear_fallback=2.341ms, candidate=1.345ms
    speedup_vs_baseline: dl85_cbb=1.022x, binoct_flow=0.8988x, snip=3.052x, gosdt_dpb=0.7778x, linear_fallback=12.97x, candidate=22.58x
    acc_gap_vs_baseline: dl85_cbb=0, binoct_flow=0, snip=0, gosdt_dpb=0, linear_fallback=0, candidate=0
    accuracy_mean: baseline=0.565063, dl85_cbb=0.565063, binoct_flow=0.565063, snip=0.565063, gosdt_dpb=0.565063, linear_fallback=0.565063, candidate=0.565063
    coverage: shared_valid=50/50, n_features=23
  B= 128 | B_eff_mean=88.39 [2, 128]
    runtime_ms_total_features: baseline=193.6ms, dl85_cbb=202.6ms, binoct_flow=216ms, snip=40.03ms, gosdt_dpb=259.8ms, linear_fallback=7.155ms, candidate=3.757ms
    speedup_vs_baseline: dl85_cbb=0.9558x, binoct_flow=0.8964x, snip=4.837x, gosdt_dpb=0.7454x, linear_fallback=27.06x, candidate=51.55x
    acc_gap_vs_baseline: dl85_cbb=0, binoct_flow=0, snip=0, gosdt_dpb=0, linear_fallback=0, candidate=0
    accuracy_mean: baseline=0.565063, dl85_cbb=0.565063, binoct_flow=0.565063, snip=0.565063, gosdt_dpb=0.565063, linear_fallback=0.565063, candidate=0.565063
    coverage: shared_valid=50/50, n_features=23
  B= 256 | B_eff_mean=157.4 [2, 256]
    runtime_ms_total_features: baseline=753.9ms, dl85_cbb=819.2ms, binoct_flow=837ms, snip=103.5ms, gosdt_dpb=996.4ms, linear_fallback=14.29ms, candidate=7.733ms
    speedup_vs_baseline: dl85_cbb=0.9203x, binoct_flow=0.9008x, snip=7.285x, gosdt_dpb=0.7567x, linear_fallback=52.75x, candidate=97.49x
    acc_gap_vs_baseline: dl85_cbb=0, binoct_flow=0, snip=0, gosdt_dpb=0, linear_fallback=0, candidate=0
    accuracy_mean: baseline=0.565063, dl85_cbb=0.565063, binoct_flow=0.565063, snip=0.565063, gosdt_dpb=0.565063, linear_fallback=0.565063, candidate=0.565063
    coverage: shared_valid=50/50, n_features=23
  B= 512 | B_eff_mean=269.3 [2, 512]
    runtime_ms_total_features: baseline=2688ms, dl85_cbb=3033ms, binoct_flow=3019ms, snip=247.1ms, gosdt_dpb=3523ms, linear_fallback=26.64ms, candidate=14.26ms
    speedup_vs_baseline: dl85_cbb=0.8863x, binoct_flow=0.8906x, snip=10.88x, gosdt_dpb=0.7631x, linear_fallback=100.9x, candidate=188.5x
    acc_gap_vs_baseline: dl85_cbb=0, binoct_flow=0, snip=0, gosdt_dpb=0, linear_fallback=0, candidate=0
    accuracy_mean: baseline=0.565063, dl85_cbb=0.565063, binoct_flow=0.565063, snip=0.565063, gosdt_dpb=0.565063, linear_fallback=0.565063, candidate=0.565063
    coverage: shared_valid=50/50, n_features=23
  B=1024 | B_eff_mean=460.4 [2, 1024]
    runtime_ms_total_features: baseline=9456ms, dl85_cbb=1.074e+04ms, binoct_flow=1.053e+04ms, snip=556.1ms, gosdt_dpb=1.208e+04ms, linear_fallback=46.75ms, candidate=25.4ms
    speedup_vs_baseline: dl85_cbb=0.8805x, binoct_flow=0.8978x, snip=17x, gosdt_dpb=0.7828x, linear_fallback=202.2x, candidate=372.2x
    acc_gap_vs_baseline: dl85_cbb=0, binoct_flow=0, snip=0, gosdt_dpb=0, linear_fallback=0, candidate=0
    accuracy_mean: baseline=0.565063, dl85_cbb=0.565063, binoct_flow=0.565063, snip=0.565063, gosdt_dpb=0.565063, linear_fallback=0.565063, candidate=0.565063
    coverage: shared_valid=50/50, n_features=23

[eye-state] shape=14980x14 label_mode=binary classes=2 pos_label=2 pos=6723 neg=8257
  B=  32 | B_eff_mean=32 [32, 32]
    runtime_ms_total_features: baseline=2.623ms, dl85_cbb=1.454ms, binoct_flow=2.181ms, snip=1.017ms, gosdt_dpb=1.82ms, linear_fallback=0.4465ms, candidate=0.1677ms
    speedup_vs_baseline: dl85_cbb=1.804x, binoct_flow=1.203x, snip=2.579x, gosdt_dpb=1.442x, linear_fallback=5.875x, candidate=15.65x
    acc_gap_vs_baseline: dl85_cbb=0, binoct_flow=0, snip=0, gosdt_dpb=0, linear_fallback=0, candidate=0
    accuracy_mean: baseline=0.630841, dl85_cbb=0.630841, binoct_flow=0.630841, snip=0.630841, gosdt_dpb=0.630841, linear_fallback=0.630841, candidate=0.630841
    coverage: shared_valid=50/50, n_features=14
  B=  64 | B_eff_mean=64 [64, 64]
    runtime_ms_total_features: baseline=11.3ms, dl85_cbb=7.022ms, binoct_flow=10.81ms, snip=2.938ms, gosdt_dpb=10.82ms, linear_fallback=0.9105ms, candidate=0.2879ms
    speedup_vs_baseline: dl85_cbb=1.609x, binoct_flow=1.045x, snip=3.845x, gosdt_dpb=1.044x, linear_fallback=12.41x, candidate=39.25x
    acc_gap_vs_baseline: dl85_cbb=0, binoct_flow=0, snip=0, gosdt_dpb=0, linear_fallback=0, candidate=0
    accuracy_mean: baseline=0.633578, dl85_cbb=0.633578, binoct_flow=0.633578, snip=0.633578, gosdt_dpb=0.633578, linear_fallback=0.633578, candidate=0.633578
    coverage: shared_valid=50/50, n_features=14
  B= 128 | B_eff_mean=128 [128, 128]
    runtime_ms_total_features: baseline=46.84ms, dl85_cbb=35.25ms, binoct_flow=51.6ms, snip=8.364ms, gosdt_dpb=59.39ms, linear_fallback=1.82ms, candidate=0.6324ms
    speedup_vs_baseline: dl85_cbb=1.329x, binoct_flow=0.9078x, snip=5.6x, gosdt_dpb=0.7886x, linear_fallback=25.73x, candidate=74.06x
    acc_gap_vs_baseline: dl85_cbb=0, binoct_flow=0, snip=0, gosdt_dpb=0, linear_fallback=0, candidate=0
    accuracy_mean: baseline=0.635314, dl85_cbb=0.635314, binoct_flow=0.635314, snip=0.635314, gosdt_dpb=0.635314, linear_fallback=0.635314, candidate=0.635314
    coverage: shared_valid=50/50, n_features=14
  B= 256 | B_eff_mean=253.1 [246, 256]
    runtime_ms_total_features: baseline=184.1ms, dl85_cbb=143.9ms, binoct_flow=198.9ms, snip=35ms, gosdt_dpb=249.8ms, linear_fallback=3.563ms, candidate=1.356ms
    speedup_vs_baseline: dl85_cbb=1.279x, binoct_flow=0.9256x, snip=5.26x, gosdt_dpb=0.7369x, linear_fallback=51.67x, candidate=135.8x
    acc_gap_vs_baseline: dl85_cbb=0, binoct_flow=0, snip=0, gosdt_dpb=0, linear_fallback=0, candidate=0
    accuracy_mean: baseline=0.635781, dl85_cbb=0.635781, binoct_flow=0.635781, snip=0.635781, gosdt_dpb=0.635781, linear_fallback=0.635781, candidate=0.635781
    coverage: shared_valid=50/50, n_features=14
  B= 512 | B_eff_mean=368 [286, 483]
    runtime_ms_total_features: baseline=411.7ms, dl85_cbb=326ms, binoct_flow=447.9ms, snip=72.64ms, gosdt_dpb=536.1ms, linear_fallback=5.342ms, candidate=2.21ms
    speedup_vs_baseline: dl85_cbb=1.263x, binoct_flow=0.9192x, snip=5.668x, gosdt_dpb=0.7681x, linear_fallback=77.08x, candidate=186.3x
    acc_gap_vs_baseline: dl85_cbb=0, binoct_flow=0, snip=0, gosdt_dpb=0, linear_fallback=0, candidate=0
    accuracy_mean: baseline=0.635848, dl85_cbb=0.635848, binoct_flow=0.635848, snip=0.635848, gosdt_dpb=0.635848, linear_fallback=0.635848, candidate=0.635848
    coverage: shared_valid=50/50, n_features=14
  B=1024 | B_eff_mean=388 [286, 593]
    runtime_ms_total_features: baseline=468.3ms, dl85_cbb=384.3ms, binoct_flow=510.4ms, snip=76.07ms, gosdt_dpb=605.4ms, linear_fallback=5.704ms, candidate=2.369ms
    speedup_vs_baseline: dl85_cbb=1.219x, binoct_flow=0.9175x, snip=6.157x, gosdt_dpb=0.7736x, linear_fallback=82.11x, candidate=197.7x
    acc_gap_vs_baseline: dl85_cbb=0, binoct_flow=0, snip=0, gosdt_dpb=0, linear_fallback=0, candidate=0
    accuracy_mean: baseline=0.635848, dl85_cbb=0.635848, binoct_flow=0.635848, snip=0.635848, gosdt_dpb=0.635848, linear_fallback=0.635848, candidate=0.635848
    coverage: shared_valid=50/50, n_features=14

Saved runtime plot: partition-dp/results/runtime_full_comparison.png
Saved B_eff runtime plot: partition-dp/results/runtime_full_comparison_beff.png
Saved accuracy plot: partition-dp/results/runtime_full_comparison_accuracy.png
Saved run profile: /home/users/yz1075/msdt/results/test_strat/.profile_test_strat_dynamic_ub_20260223_232403_10614548/run_profile.json
Saved time profile: /home/users/yz1075/msdt/results/test_strat/.profile_test_strat_dynamic_ub_20260223_232403_10614548/run_profile.time.log
Saved command log: /home/users/yz1075/msdt/results/test_strat/.profile_test_strat_dynamic_ub_20260223_232403_10614548/run_profile.cmd.txt
=== Run Profile Summary ===
wall_time=1:04:49
user_time_sec=3885.64
sys_time_sec=1.09
cpu_utilization=99%
max_rss_kb=570148
max_rss_gb=0.54
Job ended at Tue Feb 24 12:28:53 AM EST 2026
