[2026-03-14T16:42:37-04:00] Starting LightGBM multisplit experiment run.
[2026-03-14T16:42:37-04:00] run_name=benchmark_teacher_guided_atomcolor_electricity_d3_l3_reg0_v36
[2026-03-14T16:42:37-04:00] run_dir=/home/users/yz1075/msdt/results/runs_lightgbm/benchmark_teacher_guided_atomcolor_electricity_d3_l3_reg0_v36
[2026-03-14T16:42:37-04:00] parallel settings: parallel_trials=1, threads_per_trial=6, lgb_threads=6, lgb_ensemble_runs=1, lgb_device=cpu, lgb_max_gpu_jobs=1, core_budget=6, effective_core_budget=6, effective_parallel_trials=1, cpu_target=1.0, cpu_affinity=[], cpu_nice=0
[2026-03-14T16:42:37-04:00] OpenML cache directory set to /home/users/yz1075/msdt/results/openml_cache
[2026-03-14T16:42:37-04:00] Loading dataset=electricity
[2026-03-14T16:42:37-04:00] dataset=electricity, class_prevalence(max class)=0.5755
[2026-03-14T16:42:37-04:00] historical default params: none found (using static defaults)
[2026-03-14T16:42:37-04:00] dataset=electricity, depth=3, lookahead=2, seeds=[0], param_source=static_defaults
[2026-03-14T16:42:37-04:00] [stage] start stage=prepare_eval_data dataset=electricity depth=3 seed=0 eval=test
[2026-03-14T16:42:37-04:00] [stage] done stage=prepare_eval_data elapsed_sec=0.1 dataset=electricity depth=3 seed=0 eval=test
[2026-03-14T16:42:37-04:00] [stage] start stage=lightgbm_binning dataset=electricity depth=3 seed=0 eval=test lookahead=2 n_fit=31717 n_eval=9063 raw_features=14
[2026-03-14T16:42:37-04:00] lightgbm_binner:start rows=31717 features=14 max_bins=255 ensemble_runs=1 device=cpu
[2026-03-14T16:42:37-04:00] lightgbm_binner:fit_run_start run=1/1 device=cpu
[2026-03-14T16:42:40-04:00] lightgbm_binner:fit_run_done run=1/1 device=cpu best_iteration=504
[2026-03-14T16:42:42-04:00] lightgbm_binner:thresholds_ready mean_bins=112.64 max_bins_used=255
[2026-03-14T16:42:45-04:00] lightgbm_binner:done
[2026-03-14T16:42:45-04:00] [stage] done stage=lightgbm_binning elapsed_sec=7.4 dataset=electricity depth=3 seed=0 eval=test lookahead=2 n_fit=31717 n_eval=9063 raw_features=14
[2026-03-14T16:42:45-04:00] [stage] summary stage=lightgbm_binning binner_features=14 mean_bins=112.64 median_bins=25.00 max_bins_used=255
[2026-03-14T16:42:45-04:00] [stage] start stage=bin_transform dataset=electricity depth=3 seed=0 eval=test lookahead=2 n_fit=31717 n_eval=9063 raw_features=14 binner_features=14 mean_bins=112.64 median_bins=25.00 max_bins_used=255
[2026-03-14T16:42:45-04:00] [stage] done stage=bin_transform elapsed_sec=0.0 dataset=electricity depth=3 seed=0 eval=test lookahead=2 n_fit=31717 n_eval=9063 raw_features=14 binner_features=14 mean_bins=112.64 median_bins=25.00 max_bins_used=255
[2026-03-14T16:42:45-04:00] [stage] summary stage=bin_transform Z_fit_base_shape=(31717, 14) Z_eval_base_shape=(9063, 14)
[2026-03-14T16:42:45-04:00] [stage] start stage=teacher_feature_augmentation dataset=electricity depth=3 seed=0 eval=test lookahead=2 n_fit=31717 n_eval=9063 raw_features=14 base_binned_features=14
[2026-03-14T16:42:45-04:00] [stage] done stage=teacher_feature_augmentation elapsed_sec=0.0 dataset=electricity depth=3 seed=0 eval=test lookahead=2 n_fit=31717 n_eval=9063 raw_features=14 base_binned_features=14
[2026-03-14T16:42:45-04:00] [stage] summary stage=teacher_feature_augmentation pair_templates=0 pair_shapes=0 teacher_microtrees=0 teacher_triplets=0 teacher_score_band=no Z_fit_shape=(31717, 14) Z_eval_shape=(9063, 14)
[2026-03-14T16:42:45-04:00] [stage] note stage=msplit_fit native_solver_has_no_live_node_callback=true current_node_depth_visibility=unavailable
[2026-03-14T16:42:45-04:00] [stage] start stage=msplit_fit dataset=electricity depth=3 seed=0 eval=test lookahead=2 n_fit=31717 n_eval=9063 raw_features=14 solver=msplit msplit_variant=rush_dp z_cols=14 backend=cpp
[2026-03-14T16:43:05-04:00] [stage] done stage=msplit_fit elapsed_sec=20.4 dataset=electricity depth=3 seed=0 eval=test lookahead=2 n_fit=31717 n_eval=9063 raw_features=14 solver=msplit msplit_variant=rush_dp z_cols=14 backend=cpp
[2026-03-14T16:43:05-04:00] [stage] summary stage=msplit_fit fit_time_sec=20.4 objective=0.229025 exact_internal_nodes=29 greedy_internal_nodes=28 eligible_depth0=1 eligible_depth1=28 exactify_depth0=0 exactify_depth1=0
[2026-03-14T16:43:05-04:00] trial dataset=electricity, depth=3, seed=0, status=ok, acc=0.7723711795211299, obj=0.22902548376839077
[2026-03-14T16:43:06-04:00] === Summary Table ===
    dataset  depth_budget  lookahead_depth_budget  n_success  mean_train_accuracy  mean_accuracy  mean_balanced_accuracy  mean_trivial_accuracy  std_accuracy  mean_fit_time_sec  mean_objective  mean_n_leaves  mean_n_internal  mean_max_arity  mean_exact_internal_nodes  mean_greedy_internal_nodes  mean_dp_subproblem_calls  mean_dp_cache_hits  mean_dp_unique_states  mean_greedy_subproblem_calls  mean_greedy_cache_hits  mean_greedy_unique_states
electricity             3                       2          1               0.7710         0.7724                  0.7547                 0.5754        0.0000            20.4125          0.2290         4.0000           3.0000          2.0000                    29.0000                     28.0000                   29.0000              0.0000                16.0000                     1595.0000                206.0000                  1052.0000
[2026-03-14T16:43:06-04:00] === Depth vs Accuracy (Exact) ===
[2026-03-14T16:43:06-04:00] Dataset: electricity
[2026-03-14T16:43:06-04:00] Depth 3: ours=0.7724 (77.24%), bal_acc=0.7547 (75.47%), trivial_acc=0.5754 (57.54%), obj=0.229025, mean_leaves=4.00, dp_calls=29.00, dp_unique=16.00, paper=0.8260 (82.60%), delta=-0.0536 (-5.36 pp)
[2026-03-14T16:43:06-04:00] Saved run summary CSV: /home/users/yz1075/msdt/results/runs_lightgbm/benchmark_teacher_guided_atomcolor_electricity_d3_l3_reg0_v36/summary_results.csv
[2026-03-14T16:43:06-04:00] Saved run seed CSV: /home/users/yz1075/msdt/results/runs_lightgbm/benchmark_teacher_guided_atomcolor_electricity_d3_l3_reg0_v36/seed_results.csv
[2026-03-14T16:43:06-04:00] Saved run plot: /home/users/yz1075/msdt/results/runs_lightgbm/benchmark_teacher_guided_atomcolor_electricity_d3_l3_reg0_v36/multisplit_lightgbm_dp_accuracy.png
[2026-03-14T16:43:06-04:00] Saved run log: /home/users/yz1075/msdt/results/runs_lightgbm/benchmark_teacher_guided_atomcolor_electricity_d3_l3_reg0_v36/multisplit_lightgbm_depth_vs_accuracy.log
[2026-03-14T16:43:06-04:00] Saved run manifest: /home/users/yz1075/msdt/results/runs_lightgbm/benchmark_teacher_guided_atomcolor_electricity_d3_l3_reg0_v36/manifest.json
[2026-03-14T16:43:06-04:00] Saved run paper comparison plot: /home/users/yz1075/msdt/results/runs_lightgbm/benchmark_teacher_guided_atomcolor_electricity_d3_l3_reg0_v36/multisplit_lightgbm_dp_vs_paper_accuracy.png
[2026-03-14T16:43:06-04:00] Compatibility CSV: /home/users/yz1075/msdt/results/lightgbm/multisplit_lightgbm_dp_results.csv
[2026-03-14T16:43:06-04:00] Compatibility plot: /home/users/yz1075/msdt/results/lightgbm/multisplit_lightgbm_dp_accuracy.png
[2026-03-14T16:43:06-04:00] Compatibility log: /home/users/yz1075/msdt/results/lightgbm/multisplit_lightgbm_depth_vs_accuracy.log
