usage: multisplit_experiment_runner.py [-h]
                                       [--datasets {electricity,eye-movements,eye-state} [{electricity,eye-movements,eye-state} ...]]
                                       [--raw-feature-whitelist RAW_FEATURE_WHITELIST [RAW_FEATURE_WHITELIST ...]]
                                       [--depth-budgets DEPTH_BUDGETS [DEPTH_BUDGETS ...]]
                                       [--seeds SEEDS [SEEDS ...]]
                                       [--max-bins MAX_BINS]
                                       [--min-samples-leaf MIN_SAMPLES_LEAF]
                                       [--min-child-size MIN_CHILD_SIZE]
                                       [--leaf-frac LEAF_FRAC]
                                       [--max-branching MAX_BRANCHING]
                                       [--reg REG] [--time-limit TIME_LIMIT]
                                       [--test-size TEST_SIZE]
                                       [--lookahead-cap LOOKAHEAD_CAP]
                                       [--msplit-variant {optimal_dp,rush_dp}]
                                       [--approx-mode | --no-approx-mode]
                                       [--patch-budget-per-feature PATCH_BUDGET_PER_FEATURE]
                                       [--exactify-top-m EXACTIFY_TOP_M]
                                       [--tau-mode {lambda,lambda_sqrt_r}]
                                       [--approx-feature-scan-limit APPROX_FEATURE_SCAN_LIMIT]
                                       [--approx-ref-shortlist | --no-approx-ref-shortlist]
                                       [--approx-ref-widen-max APPROX_REF_WIDEN_MAX]
                                       [--approx-challenger-sweep-enabled | --no-approx-challenger-sweep-enabled]
                                       [--approx-challenger-sweep-max-features APPROX_CHALLENGER_SWEEP_MAX_FEATURES]
                                       [--approx-challenger-sweep-max-patch-calls-per-node APPROX_CHALLENGER_SWEEP_MAX_PATCH_CALLS_PER_NODE]
                                       [--approx-distilled-mode | --no-approx-distilled-mode]
                                       [--approx-distilled-alpha APPROX_DISTILLED_ALPHA]
                                       [--approx-distilled-max-depth APPROX_DISTILLED_MAX_DEPTH]
                                       [--approx-score-order-enabled | --no-approx-score-order-enabled]
                                       [--approx-distilled-geometry-mode {legacy_mean_logit,teacher_microregions,teacher_hierarchy,teacher_leap,teacher_scribe,teacher_runcolor,teacher_partitioncolor}]
                                       [--approx-pair-template-count APPROX_PAIR_TEMPLATE_COUNT]
                                       [--approx-pair-template-min-leaf APPROX_PAIR_TEMPLATE_MIN_LEAF]
                                       [--approx-pair-shape-count APPROX_PAIR_SHAPE_COUNT]
                                       [--approx-pair-shape-max-leaves APPROX_PAIR_SHAPE_MAX_LEAVES]
                                       [--approx-pair-shape-min-leaf APPROX_PAIR_SHAPE_MIN_LEAF]
                                       [--approx-pair-teacher-select | --no-approx-pair-teacher-select]
                                       [--approx-teacher-score-bins APPROX_TEACHER_SCORE_BINS]
                                       [--approx-teacher-microtree-count APPROX_TEACHER_MICROTREE_COUNT]
                                       [--approx-teacher-microtree-max-depth APPROX_TEACHER_MICROTREE_MAX_DEPTH]
                                       [--approx-teacher-microtree-max-leaves APPROX_TEACHER_MICROTREE_MAX_LEAVES]
                                       [--approx-teacher-triplet-count APPROX_TEACHER_TRIPLET_COUNT]
                                       [--approx-teacher-triplet-screen APPROX_TEACHER_TRIPLET_SCREEN]
                                       [--approx-teacher-triplet-max-depth APPROX_TEACHER_TRIPLET_MAX_DEPTH]
                                       [--approx-teacher-triplet-max-leaves APPROX_TEACHER_TRIPLET_MAX_LEAVES]
                                       [--approx-teacher-template-depth APPROX_TEACHER_TEMPLATE_DEPTH]
                                       [--approx-teacher-template-screen-count APPROX_TEACHER_TEMPLATE_SCREEN_COUNT]
                                       [--approx-teacher-template-shortlist APPROX_TEACHER_TEMPLATE_SHORTLIST]
                                       [--approx-teacher-template-leaf-only | --no-approx-teacher-template-leaf-only]
                                       [--approx-teacher-template-pair-only | --no-approx-teacher-template-pair-only]
                                       [--parallel-trials PARALLEL_TRIALS]
                                       [--threads-per-trial THREADS_PER_TRIAL]
                                       [--optuna-enable | --no-optuna-enable]
                                       [--optuna-trials OPTUNA_TRIALS]
                                       [--optuna-val-size OPTUNA_VAL_SIZE]
                                       [--paper-split-protocol | --no-paper-split-protocol]
                                       [--optuna-seed OPTUNA_SEED]
                                       [--optuna-timeout-sec OPTUNA_TIMEOUT_SEC]
                                       [--optuna-warmstart-enable | --no-optuna-warmstart-enable]
                                       [--optuna-warmstart-root OPTUNA_WARMSTART_ROOT]
                                       [--optuna-warmstart-max-per-study OPTUNA_WARMSTART_MAX_PER_STUDY]
                                       [--optuna-seed-candidates OPTUNA_SEED_CANDIDATES]
                                       [--optuna-leaf-frac-grid OPTUNA_LEAF_FRAC_GRID [OPTUNA_LEAF_FRAC_GRID ...]]
                                       [--cpu-utilization-target CPU_UTILIZATION_TARGET]
                                       [--cpu-affinity CPU_AFFINITY]
                                       [--cpu-nice CPU_NICE]
                                       [--optuna-max-active-studies OPTUNA_MAX_ACTIVE_STUDIES]
                                       [--optuna-max-concurrent-trials OPTUNA_MAX_CONCURRENT_TRIALS]
                                       [--lgb-n-estimators LGB_N_ESTIMATORS]
                                       [--lgb-num-leaves LGB_NUM_LEAVES]
                                       [--lgb-learning-rate LGB_LEARNING_RATE]
                                       [--lgb-feature-fraction LGB_FEATURE_FRACTION]
                                       [--lgb-bagging-fraction LGB_BAGGING_FRACTION]
                                       [--lgb-bagging-freq LGB_BAGGING_FREQ]
                                       [--lgb-max-depth LGB_MAX_DEPTH]
                                       [--lgb-min-data-in-bin LGB_MIN_DATA_IN_BIN]
                                       [--lgb-min-data-in-leaf LGB_MIN_DATA_IN_LEAF]
                                       [--lgb-lambda-l2 LGB_LAMBDA_L2]
                                       [--lgb-num-threads LGB_NUM_THREADS]
                                       [--lgb-ensemble-runs LGB_ENSEMBLE_RUNS]
                                       [--lgb-ensemble-feature-fraction LGB_ENSEMBLE_FEATURE_FRACTION]
                                       [--lgb-ensemble-bagging-fraction LGB_ENSEMBLE_BAGGING_FRACTION]
                                       [--lgb-ensemble-bagging-freq LGB_ENSEMBLE_BAGGING_FREQ]
                                       [--lgb-threshold-dedup-eps LGB_THRESHOLD_DEDUP_EPS]
                                       [--lgb-device-type {cpu,gpu,cuda}]
                                       [--lgb-gpu-platform-id LGB_GPU_PLATFORM_ID]
                                       [--lgb-gpu-device-id LGB_GPU_DEVICE_ID]
                                       [--lgb-gpu-fallback | --no-lgb-gpu-fallback]
                                       [--lgb-max-gpu-jobs LGB_MAX_GPU_JOBS]
                                       [--lgb-gpu-lock-dir LGB_GPU_LOCK_DIR]
                                       [--results-root RESULTS_ROOT]
                                       [--stable-results-dir STABLE_RESULTS_DIR]
                                       [--openml-cache-dir OPENML_CACHE_DIR]
                                       [--run-name RUN_NAME]
                                       [--tree-artifacts-dir TREE_ARTIFACTS_DIR]
                                       [--resume] [--max-trials MAX_TRIALS]
                                       [--package-artifacts | --no-package-artifacts]
                                       [--include-paper-sota | --no-include-paper-sota]
                                       [--copy-to COPY_TO] [--fail-fast]
multisplit_experiment_runner.py: error: unrecognized arguments: --model-classes multisplit --depths 4 --run-tag benchmark_distilled_runcolor_prefix_electricity_d4_exactopt2_20260309 --modes approx_mode --multisplit-partition-strategy rush_dp --lookahead-depth 3 --multisplit-max-bins 255 --multisplit-max-branching 3 --multisplit-regularization 0.005 --multisplit-patch-budget-per-feature 0 --multisplit-exactify-top-m 0 --multisplit-approx-distilled-mode --multisplit-approx-distilled-alpha 0.5 --multisplit-approx-distilled-max-depth 1 --multisplit-approx-distilled-geometry-mode teacher_runcolor --skip-shap --skip-legacy-shapecart
