[ATOMCOLOR-PAIR-PROFILE] phase=start depth=0 rows=31717 features_done=0/14 pairs=0 feasible_pairs=0 exactify_calls=0 exactify_feasible=0 exactify_aborted=0 prep_sec=0.000 family_sec=0.000 bounds_sec=0.000 exactify_sec=0.000 incumbent_f=-1 incumbent_g=-1 incumbent_ub=inf node_lb=inf max_ambiguity=inf pending_pairs=0 elapsed_sec=0.000
[ATOMCOLOR-PAIR-DETAIL] phase=prep_start depth=0 feature=0 rows=31717 atoms=0 groups=0 elapsed_sec=0.000
[ATOMCOLOR-PAIR-DETAIL] phase=prep_done depth=0 feature=0 rows=31717 atoms=0 groups=0 elapsed_sec=0.004
[ATOMCOLOR-PAIR-DETAIL] phase=family_dict_done depth=0 feature=0 rows=31717 atoms=32 groups=0 elapsed_sec=0.010
[ATOMCOLOR-PAIR-DETAIL] phase=family_group_done depth=0 feature=0 rows=31717 atoms=32 groups=2 elapsed_sec=0.001 stage2_skipped=0
[ATOMCOLOR-PAIR-DETAIL] phase=family_group_done depth=0 feature=0 rows=31717 atoms=32 groups=3 elapsed_sec=0.003 stage2_skipped=0
[ATOMCOLOR-PAIR-DETAIL] phase=prep_start depth=0 feature=1 rows=31717 atoms=0 groups=0 elapsed_sec=0.000
[ATOMCOLOR-PAIR-DETAIL] phase=prep_done depth=0 feature=1 rows=31717 atoms=0 groups=0 elapsed_sec=0.003
[ATOMCOLOR-PAIR-DETAIL] phase=family_dict_done depth=0 feature=1 rows=31717 atoms=32 groups=0 elapsed_sec=0.000
[ATOMCOLOR-PAIR-DETAIL] phase=family_group_done depth=0 feature=1 rows=31717 atoms=32 groups=2 elapsed_sec=0.001 stage2_skipped=0
[ATOMCOLOR-PAIR-DETAIL] phase=family_group_done depth=0 feature=1 rows=31717 atoms=32 groups=3 elapsed_sec=0.003 stage2_skipped=0
[ATOMCOLOR-PAIR-DETAIL] phase=prep_start depth=0 feature=2 rows=31717 atoms=0 groups=0 elapsed_sec=0.000
[ATOMCOLOR-PAIR-DETAIL] phase=prep_done depth=0 feature=2 rows=31717 atoms=0 groups=0 elapsed_sec=0.004
[ATOMCOLOR-PAIR-DETAIL] phase=family_dict_done depth=0 feature=2 rows=31717 atoms=32 groups=0 elapsed_sec=0.010
[ATOMCOLOR-PAIR-DETAIL] phase=family_group_done depth=0 feature=2 rows=31717 atoms=32 groups=2 elapsed_sec=0.001 stage2_skipped=0
[ATOMCOLOR-PAIR-DETAIL] phase=family_group_done depth=0 feature=2 rows=31717 atoms=32 groups=3 elapsed_sec=0.003 stage2_skipped=0
[ATOMCOLOR-PAIR-DETAIL] phase=prep_start depth=0 feature=3 rows=31717 atoms=0 groups=0 elapsed_sec=0.000
[ATOMCOLOR-PAIR-DETAIL] phase=prep_done depth=0 feature=3 rows=31717 atoms=0 groups=0 elapsed_sec=0.004
[ATOMCOLOR-PAIR-DETAIL] phase=family_dict_done depth=0 feature=3 rows=31717 atoms=32 groups=0 elapsed_sec=0.010
[ATOMCOLOR-PAIR-DETAIL] phase=family_group_done depth=0 feature=3 rows=31717 atoms=32 groups=2 elapsed_sec=0.001 stage2_skipped=0
[ATOMCOLOR-PAIR-DETAIL] phase=family_group_done depth=0 feature=3 rows=31717 atoms=32 groups=3 elapsed_sec=0.003 stage2_skipped=0
[ATOMCOLOR-PAIR-DETAIL] phase=prep_start depth=0 feature=4 rows=31717 atoms=0 groups=0 elapsed_sec=0.000
[ATOMCOLOR-PAIR-DETAIL] phase=prep_done depth=0 feature=4 rows=31717 atoms=0 groups=0 elapsed_sec=0.004
[ATOMCOLOR-PAIR-DETAIL] phase=family_dict_done depth=0 feature=4 rows=31717 atoms=32 groups=0 elapsed_sec=0.010
[ATOMCOLOR-PAIR-DETAIL] phase=family_group_done depth=0 feature=4 rows=31717 atoms=32 groups=2 elapsed_sec=0.001 stage2_skipped=0
[ATOMCOLOR-PAIR-DETAIL] phase=family_group_done depth=0 feature=4 rows=31717 atoms=32 groups=3 elapsed_sec=0.003 stage2_skipped=0
[ATOMCOLOR-PAIR-DETAIL] phase=prep_start depth=0 feature=5 rows=31717 atoms=0 groups=0 elapsed_sec=0.000
[ATOMCOLOR-PAIR-DETAIL] phase=prep_done depth=0 feature=5 rows=31717 atoms=0 groups=0 elapsed_sec=0.004
[ATOMCOLOR-PAIR-DETAIL] phase=family_dict_done depth=0 feature=5 rows=31717 atoms=32 groups=0 elapsed_sec=0.010
[ATOMCOLOR-PAIR-DETAIL] phase=family_group_done depth=0 feature=5 rows=31717 atoms=32 groups=2 elapsed_sec=0.001 stage2_skipped=0
[ATOMCOLOR-PAIR-DETAIL] phase=family_group_done depth=0 feature=5 rows=31717 atoms=32 groups=3 elapsed_sec=0.003 stage2_skipped=0
[ATOMCOLOR-PAIR-DETAIL] phase=prep_start depth=0 feature=6 rows=31717 atoms=0 groups=0 elapsed_sec=0.000
[ATOMCOLOR-PAIR-DETAIL] phase=prep_done depth=0 feature=6 rows=31717 atoms=0 groups=0 elapsed_sec=0.004
[ATOMCOLOR-PAIR-DETAIL] phase=family_dict_done depth=0 feature=6 rows=31717 atoms=32 groups=0 elapsed_sec=0.010
[ATOMCOLOR-PAIR-DETAIL] phase=family_group_done depth=0 feature=6 rows=31717 atoms=32 groups=2 elapsed_sec=0.001 stage2_skipped=0
[ATOMCOLOR-PAIR-DETAIL] phase=family_group_done depth=0 feature=6 rows=31717 atoms=32 groups=3 elapsed_sec=0.002 stage2_skipped=0
[ATOMCOLOR-PAIR-DETAIL] phase=prep_start depth=0 feature=7 rows=31717 atoms=0 groups=0 elapsed_sec=0.000
[ATOMCOLOR-PAIR-DETAIL] phase=prep_done depth=0 feature=7 rows=31717 atoms=0 groups=0 elapsed_sec=0.003
[ATOMCOLOR-PAIR-DETAIL] phase=family_dict_done depth=0 feature=7 rows=31717 atoms=2 groups=0 elapsed_sec=0.000
[ATOMCOLOR-PAIR-DETAIL] phase=family_group_done depth=0 feature=7 rows=31717 atoms=2 groups=2 elapsed_sec=0.000 stage2_skipped=0
[ATOMCOLOR-PAIR-DETAIL] phase=prep_start depth=0 feature=8 rows=31717 atoms=0 groups=0 elapsed_sec=0.000
[ATOMCOLOR-PAIR-DETAIL] phase=prep_done depth=0 feature=8 rows=31717 atoms=0 groups=0 elapsed_sec=0.003
[ATOMCOLOR-PAIR-DETAIL] phase=family_dict_done depth=0 feature=8 rows=31717 atoms=2 groups=0 elapsed_sec=0.000
[ATOMCOLOR-PAIR-DETAIL] phase=family_group_done depth=0 feature=8 rows=31717 atoms=2 groups=2 elapsed_sec=0.000 stage2_skipped=0
[ATOMCOLOR-PAIR-DETAIL] phase=prep_start depth=0 feature=9 rows=31717 atoms=0 groups=0 elapsed_sec=0.000
[ATOMCOLOR-PAIR-DETAIL] phase=prep_done depth=0 feature=9 rows=31717 atoms=0 groups=0 elapsed_sec=0.003
[ATOMCOLOR-PAIR-DETAIL] phase=family_dict_done depth=0 feature=9 rows=31717 atoms=2 groups=0 elapsed_sec=0.000
[ATOMCOLOR-PAIR-DETAIL] phase=family_group_done depth=0 feature=9 rows=31717 atoms=2 groups=2 elapsed_sec=0.000 stage2_skipped=0
[ATOMCOLOR-PAIR-DETAIL] phase=prep_start depth=0 feature=10 rows=31717 atoms=0 groups=0 elapsed_sec=0.000
[ATOMCOLOR-PAIR-DETAIL] phase=prep_done depth=0 feature=10 rows=31717 atoms=0 groups=0 elapsed_sec=0.003
[ATOMCOLOR-PAIR-DETAIL] phase=family_dict_done depth=0 feature=10 rows=31717 atoms=2 groups=0 elapsed_sec=0.000
[ATOMCOLOR-PAIR-DETAIL] phase=family_group_done depth=0 feature=10 rows=31717 atoms=2 groups=2 elapsed_sec=0.000 stage2_skipped=0
[ATOMCOLOR-PAIR-DETAIL] phase=prep_start depth=0 feature=11 rows=31717 atoms=0 groups=0 elapsed_sec=0.000
[ATOMCOLOR-PAIR-DETAIL] phase=prep_done depth=0 feature=11 rows=31717 atoms=0 groups=0 elapsed_sec=0.003
[ATOMCOLOR-PAIR-DETAIL] phase=family_dict_done depth=0 feature=11 rows=31717 atoms=2 groups=0 elapsed_sec=0.000
[ATOMCOLOR-PAIR-DETAIL] phase=family_group_done depth=0 feature=11 rows=31717 atoms=2 groups=2 elapsed_sec=0.000 stage2_skipped=0
[ATOMCOLOR-PAIR-DETAIL] phase=prep_start depth=0 feature=12 rows=31717 atoms=0 groups=0 elapsed_sec=0.000
[ATOMCOLOR-PAIR-DETAIL] phase=prep_done depth=0 feature=12 rows=31717 atoms=0 groups=0 elapsed_sec=0.003
[ATOMCOLOR-PAIR-DETAIL] phase=family_dict_done depth=0 feature=12 rows=31717 atoms=2 groups=0 elapsed_sec=0.000
[ATOMCOLOR-PAIR-DETAIL] phase=family_group_done depth=0 feature=12 rows=31717 atoms=2 groups=2 elapsed_sec=0.000 stage2_skipped=0
[ATOMCOLOR-PAIR-DETAIL] phase=prep_start depth=0 feature=13 rows=31717 atoms=0 groups=0 elapsed_sec=0.000
[ATOMCOLOR-PAIR-DETAIL] phase=prep_done depth=0 feature=13 rows=31717 atoms=0 groups=0 elapsed_sec=0.003
[ATOMCOLOR-PAIR-DETAIL] phase=family_dict_done depth=0 feature=13 rows=31717 atoms=2 groups=0 elapsed_sec=0.000
[ATOMCOLOR-PAIR-DETAIL] phase=family_group_done depth=0 feature=13 rows=31717 atoms=2 groups=2 elapsed_sec=0.000 stage2_skipped=0
[ATOMCOLOR-PAIR-PROFILE] phase=broad_done depth=0 rows=31717 features_done=14/14 pairs=21 feasible_pairs=21 exactify_calls=0 exactify_feasible=0 exactify_aborted=0 prep_sec=0.048 family_sec=0.088 bounds_sec=0.048 exactify_sec=0.000 incumbent_f=-1 incumbent_g=-1 incumbent_ub=inf node_lb=inf max_ambiguity=inf pending_pairs=21 elapsed_sec=0.201
[ATOMCOLOR-PAIR-STEP] phase=greedy_ub_done depth=0 rows=31717 feature=2 groups=2 lb_before=2e-08 ub_before=0.241510881683 lb_after=2e-08 ub_after=0.241510881683 elapsed_sec=0.004506
[ATOMCOLOR-PAIR-STEP] phase=local_exact_done depth=0 rows=31717 feature=2 groups=2 lb_before=2e-08 ub_before=0.241510881683 lb_after=2e-08 ub_after=0.241510881683 elapsed_sec=0.001266 stage1_exact=1 stage2_states=0 max_states=3
[ATOMCOLOR-PAIR-STEP] phase=greedy_ub_done depth=0 rows=31717 feature=2 groups=2 lb_before=2e-08 ub_before=0.241510881683 lb_after=2e-08 ub_after=0.241510881683 elapsed_sec=0.000914
[ATOMCOLOR-PAIR-PROFILE] phase=start depth=1 rows=21706 features_done=0/14 pairs=0 feasible_pairs=0 exactify_calls=0 exactify_feasible=0 exactify_aborted=0 prep_sec=0.000 family_sec=0.000 bounds_sec=0.000 exactify_sec=0.000 incumbent_f=-1 incumbent_g=-1 incumbent_ub=inf node_lb=inf max_ambiguity=inf pending_pairs=0 elapsed_sec=0.000
[ATOMCOLOR-PAIR-DETAIL] phase=prep_start depth=1 feature=0 rows=21706 atoms=0 groups=0 elapsed_sec=0.000
[ATOMCOLOR-PAIR-DETAIL] phase=prep_done depth=1 feature=0 rows=21706 atoms=0 groups=0 elapsed_sec=0.003
[ATOMCOLOR-PAIR-DETAIL] phase=family_dict_done depth=1 feature=0 rows=21706 atoms=32 groups=0 elapsed_sec=0.010
[ATOMCOLOR-PAIR-DETAIL] phase=family_group_done depth=1 feature=0 rows=21706 atoms=32 groups=2 elapsed_sec=0.001 stage2_skipped=0
[ATOMCOLOR-PAIR-DETAIL] phase=family_group_done depth=1 feature=0 rows=21706 atoms=32 groups=3 elapsed_sec=0.003 stage2_skipped=0
[ATOMCOLOR-PAIR-DETAIL] phase=prep_start depth=1 feature=1 rows=21706 atoms=0 groups=0 elapsed_sec=0.000
[ATOMCOLOR-PAIR-DETAIL] phase=prep_done depth=1 feature=1 rows=21706 atoms=0 groups=0 elapsed_sec=0.002
[ATOMCOLOR-PAIR-DETAIL] phase=family_dict_done depth=1 feature=1 rows=21706 atoms=32 groups=0 elapsed_sec=0.000
[ATOMCOLOR-PAIR-DETAIL] phase=family_group_done depth=1 feature=1 rows=21706 atoms=32 groups=2 elapsed_sec=0.001 stage2_skipped=0
[ATOMCOLOR-PAIR-DETAIL] phase=family_group_done depth=1 feature=1 rows=21706 atoms=32 groups=3 elapsed_sec=0.002 stage2_skipped=0
[ATOMCOLOR-PAIR-DETAIL] phase=prep_start depth=1 feature=2 rows=21706 atoms=0 groups=0 elapsed_sec=0.000
[ATOMCOLOR-PAIR-DETAIL] phase=prep_fail depth=1 feature=2 rows=21706 atoms=0 groups=0 elapsed_sec=0.003
[ATOMCOLOR-PAIR-DETAIL] phase=prep_start depth=1 feature=3 rows=21706 atoms=0 groups=0 elapsed_sec=0.000
[ATOMCOLOR-PAIR-DETAIL] phase=prep_done depth=1 feature=3 rows=21706 atoms=0 groups=0 elapsed_sec=0.003
[ATOMCOLOR-PAIR-DETAIL] phase=family_dict_done depth=1 feature=3 rows=21706 atoms=32 groups=0 elapsed_sec=0.010
[ATOMCOLOR-PAIR-DETAIL] phase=family_group_done depth=1 feature=3 rows=21706 atoms=32 groups=2 elapsed_sec=0.001 stage2_skipped=0
[ATOMCOLOR-PAIR-DETAIL] phase=family_group_done depth=1 feature=3 rows=21706 atoms=32 groups=3 elapsed_sec=0.003 stage2_skipped=0
[ATOMCOLOR-PAIR-DETAIL] phase=prep_start depth=1 feature=4 rows=21706 atoms=0 groups=0 elapsed_sec=0.000
[ATOMCOLOR-PAIR-DETAIL] phase=prep_done depth=1 feature=4 rows=21706 atoms=0 groups=0 elapsed_sec=0.003
[ATOMCOLOR-PAIR-DETAIL] phase=family_dict_done depth=1 feature=4 rows=21706 atoms=28 groups=0 elapsed_sec=0.010
[ATOMCOLOR-PAIR-DETAIL] phase=family_group_done depth=1 feature=4 rows=21706 atoms=28 groups=2 elapsed_sec=0.001 stage2_skipped=0
[ATOMCOLOR-PAIR-DETAIL] phase=family_group_done depth=1 feature=4 rows=21706 atoms=28 groups=3 elapsed_sec=0.005 stage2_skipped=0
[ATOMCOLOR-PAIR-DETAIL] phase=prep_start depth=1 feature=5 rows=21706 atoms=0 groups=0 elapsed_sec=0.000
[ATOMCOLOR-PAIR-DETAIL] phase=prep_done depth=1 feature=5 rows=21706 atoms=0 groups=0 elapsed_sec=0.003
[ATOMCOLOR-PAIR-DETAIL] phase=family_dict_done depth=1 feature=5 rows=21706 atoms=32 groups=0 elapsed_sec=0.010
[ATOMCOLOR-PAIR-DETAIL] phase=family_group_done depth=1 feature=5 rows=21706 atoms=32 groups=2 elapsed_sec=0.001 stage2_skipped=0
[ATOMCOLOR-PAIR-DETAIL] phase=family_group_done depth=1 feature=5 rows=21706 atoms=32 groups=3 elapsed_sec=0.003 stage2_skipped=0
[ATOMCOLOR-PAIR-DETAIL] phase=prep_start depth=1 feature=6 rows=21706 atoms=0 groups=0 elapsed_sec=0.000
[ATOMCOLOR-PAIR-DETAIL] phase=prep_done depth=1 feature=6 rows=21706 atoms=0 groups=0 elapsed_sec=0.003
[ATOMCOLOR-PAIR-DETAIL] phase=family_dict_done depth=1 feature=6 rows=21706 atoms=32 groups=0 elapsed_sec=0.010
[ATOMCOLOR-PAIR-DETAIL] phase=family_group_done depth=1 feature=6 rows=21706 atoms=32 groups=2 elapsed_sec=0.001 stage2_skipped=0
[ATOMCOLOR-PAIR-DETAIL] phase=family_group_done depth=1 feature=6 rows=21706 atoms=32 groups=3 elapsed_sec=0.003 stage2_skipped=0
[ATOMCOLOR-PAIR-DETAIL] phase=prep_start depth=1 feature=7 rows=21706 atoms=0 groups=0 elapsed_sec=0.000
[ATOMCOLOR-PAIR-DETAIL] phase=prep_done depth=1 feature=7 rows=21706 atoms=0 groups=0 elapsed_sec=0.002
[ATOMCOLOR-PAIR-DETAIL] phase=family_dict_done depth=1 feature=7 rows=21706 atoms=2 groups=0 elapsed_sec=0.000
[ATOMCOLOR-PAIR-DETAIL] phase=family_group_done depth=1 feature=7 rows=21706 atoms=2 groups=2 elapsed_sec=0.000 stage2_skipped=0
[ATOMCOLOR-PAIR-DETAIL] phase=prep_start depth=1 feature=8 rows=21706 atoms=0 groups=0 elapsed_sec=0.000
[ATOMCOLOR-PAIR-DETAIL] phase=prep_done depth=1 feature=8 rows=21706 atoms=0 groups=0 elapsed_sec=0.002
[ATOMCOLOR-PAIR-DETAIL] phase=family_dict_done depth=1 feature=8 rows=21706 atoms=2 groups=0 elapsed_sec=0.000
[ATOMCOLOR-PAIR-DETAIL] phase=family_group_done depth=1 feature=8 rows=21706 atoms=2 groups=2 elapsed_sec=0.000 stage2_skipped=0
[ATOMCOLOR-PAIR-DETAIL] phase=prep_start depth=1 feature=9 rows=21706 atoms=0 groups=0 elapsed_sec=0.000
[ATOMCOLOR-PAIR-DETAIL] phase=prep_done depth=1 feature=9 rows=21706 atoms=0 groups=0 elapsed_sec=0.002
[ATOMCOLOR-PAIR-DETAIL] phase=family_dict_done depth=1 feature=9 rows=21706 atoms=2 groups=0 elapsed_sec=0.000
[ATOMCOLOR-PAIR-DETAIL] phase=family_group_done depth=1 feature=9 rows=21706 atoms=2 groups=2 elapsed_sec=0.000 stage2_skipped=0
[ATOMCOLOR-PAIR-DETAIL] phase=prep_start depth=1 feature=10 rows=21706 atoms=0 groups=0 elapsed_sec=0.000
[ATOMCOLOR-PAIR-DETAIL] phase=prep_done depth=1 feature=10 rows=21706 atoms=0 groups=0 elapsed_sec=0.002
[ATOMCOLOR-PAIR-DETAIL] phase=family_dict_done depth=1 feature=10 rows=21706 atoms=2 groups=0 elapsed_sec=0.000
[ATOMCOLOR-PAIR-DETAIL] phase=family_group_done depth=1 feature=10 rows=21706 atoms=2 groups=2 elapsed_sec=0.000 stage2_skipped=0
[ATOMCOLOR-PAIR-DETAIL] phase=prep_start depth=1 feature=11 rows=21706 atoms=0 groups=0 elapsed_sec=0.000
[ATOMCOLOR-PAIR-DETAIL] phase=prep_done depth=1 feature=11 rows=21706 atoms=0 groups=0 elapsed_sec=0.002
[ATOMCOLOR-PAIR-DETAIL] phase=family_dict_done depth=1 feature=11 rows=21706 atoms=2 groups=0 elapsed_sec=0.000
[ATOMCOLOR-PAIR-DETAIL] phase=family_group_done depth=1 feature=11 rows=21706 atoms=2 groups=2 elapsed_sec=0.000 stage2_skipped=0
[ATOMCOLOR-PAIR-DETAIL] phase=prep_start depth=1 feature=12 rows=21706 atoms=0 groups=0 elapsed_sec=0.000
[ATOMCOLOR-PAIR-DETAIL] phase=prep_done depth=1 feature=12 rows=21706 atoms=0 groups=0 elapsed_sec=0.002
[ATOMCOLOR-PAIR-DETAIL] phase=family_dict_done depth=1 feature=12 rows=21706 atoms=2 groups=0 elapsed_sec=0.000
[ATOMCOLOR-PAIR-DETAIL] phase=family_group_done depth=1 feature=12 rows=21706 atoms=2 groups=2 elapsed_sec=0.000 stage2_skipped=0
[ATOMCOLOR-PAIR-DETAIL] phase=prep_start depth=1 feature=13 rows=21706 atoms=0 groups=0 elapsed_sec=0.000
[ATOMCOLOR-PAIR-DETAIL] phase=prep_done depth=1 feature=13 rows=21706 atoms=0 groups=0 elapsed_sec=0.002
[ATOMCOLOR-PAIR-DETAIL] phase=family_dict_done depth=1 feature=13 rows=21706 atoms=2 groups=0 elapsed_sec=0.000
[ATOMCOLOR-PAIR-DETAIL] phase=family_group_done depth=1 feature=13 rows=21706 atoms=2 groups=2 elapsed_sec=0.000 stage2_skipped=0
[ATOMCOLOR-PAIR-PROFILE] phase=broad_done depth=1 rows=21706 features_done=13/14 pairs=19 feasible_pairs=19 exactify_calls=0 exactify_feasible=0 exactify_aborted=0 prep_sec=0.035 family_sec=0.077 bounds_sec=0.030 exactify_sec=0.000 incumbent_f=-1 incumbent_g=-1 incumbent_ub=inf node_lb=inf max_ambiguity=inf pending_pairs=19 elapsed_sec=0.155
[ATOMCOLOR-PAIR-STEP] phase=greedy_ub_done depth=1 rows=21706 feature=0 groups=2 lb_before=2e-08 ub_before=0.168111758185 lb_after=2e-08 ub_after=0.168111758185 elapsed_sec=0.003213
[ATOMCOLOR-PAIR-STEP] phase=local_exact_done depth=1 rows=21706 feature=0 groups=2 lb_before=2e-08 ub_before=0.168111758185 lb_after=2e-08 ub_after=0.168111758185 elapsed_sec=0.001238 stage1_exact=1 stage2_states=0 max_states=3
[ATOMCOLOR-PAIR-STEP] phase=greedy_ub_done depth=1 rows=21706 feature=0 groups=2 lb_before=2e-08 ub_before=0.168111758185 lb_after=2e-08 ub_after=0.168111758185 elapsed_sec=0.000609
[ATOMCOLOR-PAIR-STEP] phase=recursive_exact_done depth=1 rows=21706 feature=0 groups=2 lb_before=2e-08 ub_before=0.168111758185 lb_after=0.158747714749 ub_after=0.158747714749 elapsed_sec=0.722450
[ATOMCOLOR-PAIR-ORDER] phase=incumbent depth=1 order=1 feature=0 groups=2 L_a=2e-08 U_a=0.168111758185 gap_before=inf exact_lb=0.158747714749 exact_ub=0.158747714749 survivors_before=19 survivors_after=18 incumbent_before=inf incumbent_after=0.158747714749
[ATOMCOLOR-PAIR-STEP] phase=greedy_ub_done depth=1 rows=21706 feature=0 groups=3 lb_before=3e-08 ub_before=0.168111768185 lb_after=3e-08 ub_after=0.168111768185 elapsed_sec=0.003252
[ATOMCOLOR-PAIR-STEP] phase=local_exact_done depth=1 rows=21706 feature=0 groups=3 lb_before=3e-08 ub_before=0.168111768185 lb_after=3e-08 ub_after=0.168111768185 elapsed_sec=13.501914 stage1_exact=1 stage2_states=5904968 max_states=5904505
[ATOMCOLOR-PAIR-STEP] phase=greedy_ub_done depth=1 rows=21706 feature=0 groups=3 lb_before=3e-08 ub_before=0.168111768185 lb_after=3e-08 ub_after=0.168111768185 elapsed_sec=0.003050
[ATOMCOLOR-PAIR-STEP] phase=recursive_exact_done depth=1 rows=21706 feature=0 groups=3 lb_before=3e-08 ub_before=0.168111768185 lb_after=0.140114204376 ub_after=0.140114204376 elapsed_sec=0.571628
[ATOMCOLOR-PAIR-ORDER] phase=exactify depth=1 order=2 feature=0 groups=3 L_a=3e-08 U_a=0.168111768185 gap_before=0.158747684749 exact_lb=0.140114204376 exact_ub=0.140114204376 survivors_before=18 survivors_after=17 incumbent_before=0.158747714749 incumbent_after=0.140114204376
[ATOMCOLOR-PAIR-PROFILE] phase=exactify depth=1 rows=21706 features_done=13/14 pairs=19 feasible_pairs=19 exactify_calls=2 exactify_feasible=2 exactify_aborted=0 prep_sec=0.035 family_sec=0.077 bounds_sec=0.030 exactify_sec=14.797 incumbent_f=0 incumbent_g=3 incumbent_ub=0.140114204376 node_lb=2e-08 max_ambiguity=0.158747694749 pending_pairs=18 elapsed_sec=14.963
[ATOMCOLOR-PAIR-STEP] phase=greedy_ub_done depth=1 rows=21706 feature=4 groups=2 lb_before=2e-08 ub_before=0.170035017005 lb_after=2e-08 ub_after=0.170035017005 elapsed_sec=0.003195
[ATOMCOLOR-PAIR-STEP] phase=local_exact_done depth=1 rows=21706 feature=4 groups=2 lb_before=2e-08 ub_before=0.170035017005 lb_after=2e-08 ub_after=0.170035017005 elapsed_sec=0.001510 stage1_exact=1 stage2_states=0 max_states=17
[ATOMCOLOR-PAIR-STEP] phase=greedy_ub_done depth=1 rows=21706 feature=4 groups=2 lb_before=2e-08 ub_before=0.170035017005 lb_after=2e-08 ub_after=0.170035017005 elapsed_sec=0.000602
[ATOMCOLOR-PAIR-STEP] phase=recursive_exact_aborted depth=1 rows=21706 feature=4 groups=2 lb_before=2e-08 ub_before=0.170035017005 lb_after=0.159598983243 ub_after=inf elapsed_sec=0.626749
[ATOMCOLOR-PAIR-ORDER] phase=exactify depth=1 order=3 feature=4 groups=2 L_a=2e-08 U_a=0.170035017005 gap_before=0.140114184376 exact_lb=0.159598983243 exact_ub=inf survivors_before=17 survivors_after=16 incumbent_before=0.140114204376 incumbent_after=0.140114204376
[ATOMCOLOR-PAIR-PROFILE] phase=exactify depth=1 rows=21706 features_done=13/14 pairs=19 feasible_pairs=19 exactify_calls=3 exactify_feasible=2 exactify_aborted=1 prep_sec=0.035 family_sec=0.077 bounds_sec=0.030 exactify_sec=15.425 incumbent_f=0 incumbent_g=3 incumbent_ub=0.140114204376 node_lb=2e-08 max_ambiguity=0.140114184376 pending_pairs=17 elapsed_sec=15.595
[ATOMCOLOR-PAIR-STEP] phase=greedy_ub_done depth=1 rows=21706 feature=4 groups=3 lb_before=3e-08 ub_before=0.170035027005 lb_after=3e-08 ub_after=0.170035027005 elapsed_sec=0.003209
[ATOMCOLOR-PAIR-STEP] phase=local_exact_done depth=1 rows=21706 feature=4 groups=3 lb_before=3e-08 ub_before=0.170035027005 lb_after=3e-08 ub_after=0.170035027005 elapsed_sec=0.319029 stage1_exact=1 stage2_states=289304 max_states=288769
[ATOMCOLOR-PAIR-STEP] phase=greedy_ub_done depth=1 rows=21706 feature=4 groups=3 lb_before=3e-08 ub_before=0.170035027005 lb_after=3e-08 ub_after=0.170035027005 elapsed_sec=0.003084
[ATOMCOLOR-PAIR-STEP] phase=recursive_exact_aborted depth=1 rows=21706 feature=4 groups=3 lb_before=3e-08 ub_before=0.170035027005 lb_after=0.147145134161 ub_after=inf elapsed_sec=0.640037
[ATOMCOLOR-PAIR-ORDER] phase=exactify depth=1 order=4 feature=4 groups=3 L_a=3e-08 U_a=0.170035027005 gap_before=0.140114174376 exact_lb=0.147145134161 exact_ub=inf survivors_before=16 survivors_after=15 incumbent_before=0.140114204376 incumbent_after=0.140114204376
[ATOMCOLOR-PAIR-PROFILE] phase=exactify depth=1 rows=21706 features_done=13/14 pairs=19 feasible_pairs=19 exactify_calls=4 exactify_feasible=2 exactify_aborted=2 prep_sec=0.035 family_sec=0.077 bounds_sec=0.030 exactify_sec=16.385 incumbent_f=0 incumbent_g=3 incumbent_ub=0.140114204376 node_lb=2e-08 max_ambiguity=0.140114184376 pending_pairs=16 elapsed_sec=16.561
[ATOMCOLOR-PAIR-STEP] phase=greedy_ub_done depth=1 rows=21706 feature=5 groups=2 lb_before=2e-08 ub_before=0.172021333491 lb_after=2e-08 ub_after=0.172021333491 elapsed_sec=0.003211
[ATOMCOLOR-PAIR-STEP] phase=local_exact_done depth=1 rows=21706 feature=5 groups=2 lb_before=2e-08 ub_before=0.172021333491 lb_after=2e-08 ub_after=0.172021333491 elapsed_sec=0.001552 stage1_exact=0 stage2_states=34 max_states=33
[ATOMCOLOR-PAIR-STEP] phase=greedy_ub_done depth=1 rows=21706 feature=5 groups=2 lb_before=2e-08 ub_before=0.172021333491 lb_after=2e-08 ub_after=0.172021333491 elapsed_sec=0.000607
[ATOMCOLOR-PAIR-STEP] phase=recursive_exact_aborted depth=1 rows=21706 feature=5 groups=2 lb_before=2e-08 ub_before=0.172021333491 lb_after=0.161427655564 ub_after=inf elapsed_sec=0.658028
[ATOMCOLOR-PAIR-ORDER] phase=exactify depth=1 order=5 feature=5 groups=2 L_a=2e-08 U_a=0.172021333491 gap_before=0.140114184376 exact_lb=0.161427655564 exact_ub=inf survivors_before=15 survivors_after=14 incumbent_before=0.140114204376 incumbent_after=0.140114204376
[ATOMCOLOR-PAIR-PROFILE] phase=exactify depth=1 rows=21706 features_done=13/14 pairs=19 feasible_pairs=19 exactify_calls=5 exactify_feasible=2 exactify_aborted=3 prep_sec=0.035 family_sec=0.077 bounds_sec=0.030 exactify_sec=17.044 incumbent_f=0 incumbent_g=3 incumbent_ub=0.140114204376 node_lb=2e-08 max_ambiguity=0.140114184376 pending_pairs=15 elapsed_sec=17.224
[ATOMCOLOR-PAIR-STEP] phase=greedy_ub_done depth=1 rows=21706 feature=5 groups=3 lb_before=3e-08 ub_before=0.172021343491 lb_after=3e-08 ub_after=0.172021343491 elapsed_sec=0.003193
[ATOMCOLOR-PAIR-STEP] phase=local_exact_done depth=1 rows=21706 feature=5 groups=3 lb_before=3e-08 ub_before=0.172021343491 lb_after=3e-08 ub_after=0.172021343491 elapsed_sec=2.410198 stage1_exact=1 stage2_states=1789546 max_states=1785633
[ATOMCOLOR-PAIR-STEP] phase=greedy_ub_done depth=1 rows=21706 feature=5 groups=3 lb_before=3e-08 ub_before=0.172021343491 lb_after=3e-08 ub_after=0.172021343491 elapsed_sec=0.003169
[ATOMCOLOR-PAIR-STEP] phase=recursive_exact_aborted depth=1 rows=21706 feature=5 groups=3 lb_before=3e-08 ub_before=0.172021343491 lb_after=0.157770350922 ub_after=inf elapsed_sec=0.612024
[ATOMCOLOR-PAIR-ORDER] phase=exactify depth=1 order=6 feature=5 groups=3 L_a=3e-08 U_a=0.172021343491 gap_before=0.140114174376 exact_lb=0.157770350922 exact_ub=inf survivors_before=14 survivors_after=13 incumbent_before=0.140114204376 incumbent_after=0.140114204376
[ATOMCOLOR-PAIR-PROFILE] phase=exactify depth=1 rows=21706 features_done=13/14 pairs=19 feasible_pairs=19 exactify_calls=6 exactify_feasible=2 exactify_aborted=4 prep_sec=0.035 family_sec=0.077 bounds_sec=0.030 exactify_sec=20.066 incumbent_f=0 incumbent_g=3 incumbent_ub=0.140114204376 node_lb=2e-08 max_ambiguity=0.140114184376 pending_pairs=14 elapsed_sec=20.253
[ATOMCOLOR-PAIR-STEP] phase=greedy_ub_done depth=1 rows=21706 feature=3 groups=2 lb_before=2e-08 ub_before=0.173850005812 lb_after=2e-08 ub_after=0.173850005812 elapsed_sec=0.003244
[ATOMCOLOR-PAIR-STEP] phase=local_exact_done depth=1 rows=21706 feature=3 groups=2 lb_before=2e-08 ub_before=0.173850005812 lb_after=2e-08 ub_after=0.173850005812 elapsed_sec=0.001291 stage1_exact=1 stage2_states=0 max_states=3
[ATOMCOLOR-PAIR-STEP] phase=greedy_ub_done depth=1 rows=21706 feature=3 groups=2 lb_before=2e-08 ub_before=0.173850005812 lb_after=2e-08 ub_after=0.173850005812 elapsed_sec=0.000609
[ATOMCOLOR-PAIR-STEP] phase=recursive_exact_aborted depth=1 rows=21706 feature=3 groups=2 lb_before=2e-08 ub_before=0.173850005812 lb_after=0.166724499527 ub_after=inf elapsed_sec=0.667306
[ATOMCOLOR-PAIR-ORDER] phase=exactify depth=1 order=7 feature=3 groups=2 L_a=2e-08 U_a=0.173850005812 gap_before=0.140114184376 exact_lb=0.166724499527 exact_ub=inf survivors_before=13 survivors_after=12 incumbent_before=0.140114204376 incumbent_after=0.140114204376
[ATOMCOLOR-PAIR-PROFILE] phase=exactify depth=1 rows=21706 features_done=13/14 pairs=19 feasible_pairs=19 exactify_calls=7 exactify_feasible=2 exactify_aborted=5 prep_sec=0.035 family_sec=0.077 bounds_sec=0.030 exactify_sec=20.735 incumbent_f=0 incumbent_g=3 incumbent_ub=0.140114204376 node_lb=2e-08 max_ambiguity=0.140114184376 pending_pairs=13 elapsed_sec=20.925
[ATOMCOLOR-PAIR-STEP] phase=greedy_ub_done depth=1 rows=21706 feature=3 groups=3 lb_before=3e-08 ub_before=0.173850015812 lb_after=3e-08 ub_after=0.173850015812 elapsed_sec=0.003098
[2026-03-15T20:41:08.830] error: *** JOB 10736987 ON compsci-cluster-fitz-47 CANCELLED AT 2026-03-15T20:41:08 DUE to SIGNAL Terminated ***
