[2026-03-14T05:23:28] loading electricity
[2026-03-14T05:23:28] splitting train/val
[2026-03-14T05:23:28] preprocessing fit
[2026-03-14T05:23:28] preprocessing val
[2026-03-14T05:23:28] binner fit start
[2026-03-14T05:23:34] binner fit done
[2026-03-14T05:23:34] feature 0 atoms-only debug start
[2026-03-14T05:23:35] feature 0 atoms-only debug done
[2026-03-14T05:23:35] feature 0 direct local g=3 start
[2026-03-14T05:23:36] feature 0 direct local g=3 done
[2026-03-14T05:23:36] feature 1 atoms-only debug start
[2026-03-14T05:23:36] feature 1 atoms-only debug done
[2026-03-14T05:23:36] feature 1 direct local g=3 start
[2026-03-14T05:23:46] feature 1 direct local g=3 done
[2026-03-14T05:23:46] feature 4 atoms-only debug start
[2026-03-14T05:23:47] feature 4 atoms-only debug done
[2026-03-14T05:23:47] feature 4 direct local g=3 start
[2026-03-14T05:23:54] feature 4 direct local g=3 done
{
  "0": {
    "feature": 0,
    "atom_count": 32,
    "local_g3": {
      "atom_count": 32,
      "best_assignment": [
        0,
        1,
        2,
        1,
        0,
        1,
        2,
        1,
        0,
        1,
        2,
        1,
        0,
        2,
        1,
        2,
        2,
        1,
        2,
        1,
        2,
        1,
        2,
        1,
        2,
        1,
        0,
        1,
        0,
        1,
        2,
        2
      ],
      "best_group_spans": [
        [
          [
            0,
            0
          ],
          [
            4,
            4
          ],
          [
            8,
            8
          ],
          [
            12,
            12
          ],
          [
            26,
            26
          ],
          [
            28,
            28
          ]
        ],
        [
          [
            1,
            1
          ],
          [
            3,
            3
          ],
          [
            5,
            5
          ],
          [
            7,
            7
          ],
          [
            9,
            9
          ],
          [
            11,
            11
          ],
          [
            14,
            14
          ],
          [
            17,
            17
          ],
          [
            19,
            19
          ],
          [
            21,
            21
          ],
          [
            23,
            23
          ],
          [
            25,
            25
          ],
          [
            27,
            27
          ],
          [
            29,
            29
          ]
        ],
        [
          [
            2,
            2
          ],
          [
            6,
            6
          ],
          [
            10,
            10
          ],
          [
            13,
            13
          ],
          [
            15,
            16
          ],
          [
            18,
            18
          ],
          [
            20,
            20
          ],
          [
            22,
            22
          ],
          [
            24,
            24
          ],
          [
            30,
            31
          ]
        ]
      ],
      "best_imp_cost": 0.48132377145844074,
      "best_leaf_cost": 0.4075657781302804,
      "candidates_recorded": 2,
      "feasible_leaves": 2,
      "groups": 3,
      "has_feasible": true,
      "max_seen_states": 476286,
      "ok": true,
      "stage2_diag": {
        "coarse_bucket_count": 51,
        "coarse_bucket_max_size": 8191,
        "coarse_top_buckets": [
          {
            "c0": 1,
            "c1": 1,
            "c2": 1,
            "count": 8191,
            "next_pos": 32,
            "positive_total_margin_units": 492,
            "positive_total_weight_units": 4012
          },
          {
            "c0": 1,
            "c1": 1,
            "c2": 1,
            "count": 8191,
            "next_pos": 31,
            "positive_total_margin_units": 492,
            "positive_total_weight_units": 4012
          },
          {
            "c0": 1,
            "c1": 1,
            "c2": 1,
            "count": 4095,
            "next_pos": 30,
            "positive_total_margin_units": 485,
            "positive_total_weight_units": 3885
          },
          {
            "c0": 1,
            "c1": 1,
            "c2": 1,
            "count": 2047,
            "next_pos": 29,
            "positive_total_margin_units": 478,
            "positive_total_weight_units": 3754
          },
          {
            "c0": 1,
            "c1": 1,
            "c2": 1,
            "count": 2047,
            "next_pos": 28,
            "positive_total_margin_units": 478,
            "positive_total_weight_units": 3754
          },
          {
            "c0": 1,
            "c1": 1,
            "c2": 1,
            "count": 1023,
            "next_pos": 27,
            "positive_total_margin_units": 466,
            "positive_total_weight_units": 3622
          },
          {
            "c0": 1,
            "c1": 1,
            "c2": 1,
            "count": 1023,
            "next_pos": 26,
            "positive_total_margin_units": 466,
            "positive_total_weight_units": 3622
          },
          {
            "c0": 1,
            "c1": 1,
            "c2": 1,
            "count": 511,
            "next_pos": 25,
            "positive_total_margin_units": 446,
            "positive_total_weight_units": 3370
          },
          {
            "c0": 1,
            "c1": 1,
            "c2": 1,
            "count": 511,
            "next_pos": 24,
            "positive_total_margin_units": 446,
            "positive_total_weight_units": 3370
          },
          {
            "c0": 1,
            "c1": 1,
            "c2": 1,
            "count": 255,
            "next_pos": 23,
            "positive_total_margin_units": 423,
            "positive_total_weight_units": 3135
          }
        ],
        "fine_bucket_count": 9509,
        "fine_bucket_max_distinct_margin": 15,
        "fine_top_buckets": [
          {
            "distinct_explicit_margin_count": 15,
            "explicit_margin_units_seen": [
              154,
              162,
              188,
              192,
              214,
              236,
              260,
              268,
              278,
              288,
              294,
              298,
              306,
              308,
              318
            ],
            "next_pos": 32,
            "s1": 1884,
            "s2": 2128,
            "s3": 24987,
            "side_total_margin_units": 492,
            "state_count": 15,
            "w1_units": 1884,
            "w2_units": 2128,
            "w3_units": 24987
          },
          {
            "distinct_explicit_margin_count": 15,
            "explicit_margin_units_seen": [
              154,
              162,
              188,
              192,
              214,
              236,
              260,
              268,
              278,
              288,
              294,
              298,
              306,
              308,
              318
            ],
            "next_pos": 31,
            "s1": 1884,
            "s2": 2128,
            "s3": 24840,
            "side_total_margin_units": 492,
            "state_count": 15,
            "w1_units": 1884,
            "w2_units": 2128,
            "w3_units": 24840
          },
          {
            "distinct_explicit_margin_count": 14,
            "explicit_margin_units_seen": [
              140,
              152,
              158,
              168,
              174,
              178,
              186,
              198,
              206,
              210,
              280,
              284,
              292,
              332
            ],
            "next_pos": 32,
            "s1": 1878,
            "s2": 2134,
            "s3": 24987,
            "side_total_margin_units": 492,
            "state_count": 15,
            "w1_units": 1878,
            "w2_units": 2134,
            "w3_units": 24987
          },
          {
            "distinct_explicit_margin_count": 14,
            "explicit_margin_units_seen": [
              140,
              152,
              158,
              168,
              174,
              178,
              186,
              198,
              206,
              210,
              280,
              284,
              292,
              332
            ],
            "next_pos": 31,
            "s1": 1878,
            "s2": 2134,
            "s3": 24840,
            "side_total_margin_units": 492,
            "state_count": 15,
            "w1_units": 1878,
            "w2_units": 2134,
            "w3_units": 24840
          },
          {
            "distinct_explicit_margin_count": 14,
            "explicit_margin_units_seen": [
              138,
              170,
              178,
              186,
              192,
              196,
              210,
              216,
              222,
              228,
              242,
              246,
              252,
              268
            ],
            "next_pos": 31,
            "s1": 1588,
            "s2": 2424,
            "s3": 24840,
            "side_total_margin_units": 492,
            "state_count": 14,
            "w1_units": 1588,
            "w2_units": 2424,
            "w3_units": 24840
          },
          {
            "distinct_explicit_margin_count": 14,
            "explicit_margin_units_seen": [
              138,
              170,
              178,
              186,
              192,
              196,
              210,
              216,
              222,
              228,
              242,
              246,
              252,
              268
            ],
            "next_pos": 32,
            "s1": 1588,
            "s2": 2424,
            "s3": 24987,
            "side_total_margin_units": 492,
            "state_count": 14,
            "w1_units": 1588,
            "w2_units": 2424,
            "w3_units": 24987
          },
          {
            "distinct_explicit_margin_count": 14,
            "explicit_margin_units_seen": [
              182,
              186,
              192,
              194,
              206,
              214,
              222,
              232,
              234,
              244,
              252,
              258,
              276,
              282
            ],
            "next_pos": 32,
            "s1": 1802,
            "s2": 2210,
            "s3": 24987,
            "side_total_margin_units": 492,
            "state_count": 14,
            "w1_units": 1802,
            "w2_units": 2210,
            "w3_units": 24987
          },
          {
            "distinct_explicit_margin_count": 14,
            "explicit_margin_units_seen": [
              180,
              194,
              196,
              200,
              204,
              220,
              234,
              244,
              252,
              256,
              270,
              284,
              288,
              338
            ],
            "next_pos": 32,
            "s1": 1934,
            "s2": 2078,
            "s3": 24987,
            "side_total_margin_units": 492,
            "state_count": 14,
            "w1_units": 1934,
            "w2_units": 2078,
            "w3_units": 24987
          },
          {
            "distinct_explicit_margin_count": 14,
            "explicit_margin_units_seen": [
              164,
              176,
              190,
              208,
              232,
              236,
              240,
              250,
              260,
              266,
              270,
              278,
              280,
              290
            ],
            "next_pos": 31,
            "s1": 1694,
            "s2": 2318,
            "s3": 24840,
            "side_total_margin_units": 492,
            "state_count": 14,
            "w1_units": 1694,
            "w2_units": 2318,
            "w3_units": 24840
          },
          {
            "distinct_explicit_margin_count": 14,
            "explicit_margin_units_seen": [
              166,
              176,
              182,
              186,
              204,
              206,
              218,
              228,
              234,
              250,
              264,
              280,
              300,
              304
            ],
            "next_pos": 31,
            "s1": 1816,
            "s2": 2196,
            "s3": 24840,
            "side_total_margin_units": 492,
            "state_count": 14,
            "w1_units": 1816,
            "w2_units": 2196,
            "w3_units": 24840
          }
        ],
        "record_limit": 150000,
        "recorded_states": 28297,
        "reduced_k3_bucket_diag": true,
        "support_bucket_count": 27535,
        "support_bucket_max_size": 3,
        "support_top_buckets": [
          {
            "c0": 1,
            "c1": 1,
            "c2": 1,
            "count": 3,
            "explicit_margin_units": 218,
            "explicit_weight_units": 1870,
            "next_pos": 32,
            "positive_total_margin_units": 492,
            "positive_total_weight_units": 4012
          },
          {
            "c0": 1,
            "c1": 1,
            "c2": 1,
            "count": 3,
            "explicit_margin_units": 221,
            "explicit_weight_units": 1981,
            "next_pos": 31,
            "positive_total_margin_units": 492,
            "positive_total_weight_units": 4012
          },
          {
            "c0": 1,
            "c1": 1,
            "c2": 1,
            "count": 3,
            "explicit_margin_units": 243,
            "explicit_weight_units": 1841,
            "next_pos": 32,
            "positive_total_margin_units": 492,
            "positive_total_weight_units": 4012
          },
          {
            "c0": 1,
            "c1": 1,
            "c2": 1,
            "count": 3,
            "explicit_margin_units": 174,
            "explicit_weight_units": 1164,
            "next_pos": 31,
            "positive_total_margin_units": 492,
            "positive_total_weight_units": 4012
          },
          {
            "c0": 1,
            "c1": 1,
            "c2": 1,
            "count": 3,
            "explicit_margin_units": 223,
            "explicit_weight_units": 1525,
            "next_pos": 31,
            "positive_total_margin_units": 492,
            "positive_total_weight_units": 4012
          },
          {
            "c0": 1,
            "c1": 1,
            "c2": 1,
            "count": 3,
            "explicit_margin_units": 172,
            "explicit_weight_units": 1620,
            "next_pos": 31,
            "positive_total_margin_units": 492,
            "positive_total_weight_units": 4012
          },
          {
            "c0": 1,
            "c1": 1,
            "c2": 1,
            "count": 3,
            "explicit_margin_units": 192,
            "explicit_weight_units": 1224,
            "next_pos": 31,
            "positive_total_margin_units": 492,
            "positive_total_weight_units": 4012
          },
          {
            "c0": 1,
            "c1": 1,
            "c2": 1,
            "count": 3,
            "explicit_margin_units": 220,
            "explicit_weight_units": 1414,
            "next_pos": 32,
            "positive_total_margin_units": 492,
            "positive_total_weight_units": 4012
          },
          {
            "c0": 1,
            "c1": 1,
            "c2": 1,
            "count": 3,
            "explicit_margin_units": 246,
            "explicit_weight_units": 1952,
            "next_pos": 32,
            "positive_total_margin_units": 492,
            "positive_total_weight_units": 4012
          },
          {
            "c0": 1,
            "c1": 1,
            "c2": 1,
            "count": 3,
            "explicit_margin_units": 269,
            "explicit_weight_units": 1775,
            "next_pos": 32,
            "positive_total_margin_units": 492,
            "positive_total_weight_units": 4012
          }
        ],
        "template_negative_groups": 1,
        "template_positive_groups": 2
      },
      "stage2_state_calls": 504584
    }
  },
  "1": {
    "feature": 1,
    "atom_count": 32,
    "local_g3": {
      "atom_count": 32,
      "best_assignment": [],
      "best_group_spans": [],
      "best_imp_cost": null,
      "best_leaf_cost": null,
      "candidates_recorded": 0,
      "feasible_leaves": 0,
      "groups": 3,
      "has_feasible": false,
      "max_seen_states": 4424471,
      "ok": false,
      "stage2_diag": {
        "coarse_bucket_count": 59,
        "coarse_bucket_max_size": 1023,
        "coarse_top_buckets": [
          {
            "c0": 1,
            "c1": 1,
            "c2": 1,
            "count": 1023,
            "next_pos": 32,
            "positive_total_margin_units": 1955,
            "positive_total_weight_units": 11467
          },
          {
            "c0": 1,
            "c1": 1,
            "c2": 1,
            "count": 511,
            "next_pos": 31,
            "positive_total_margin_units": 1940,
            "positive_total_weight_units": 10850
          },
          {
            "c0": 1,
            "c1": 1,
            "c2": 1,
            "count": 255,
            "next_pos": 30,
            "positive_total_margin_units": 1922,
            "positive_total_weight_units": 10262
          },
          {
            "c0": 1,
            "c1": 1,
            "c2": 1,
            "count": 255,
            "next_pos": 29,
            "positive_total_margin_units": 1922,
            "positive_total_weight_units": 10262
          },
          {
            "c0": 1,
            "c1": 1,
            "c2": 1,
            "count": 255,
            "next_pos": 28,
            "positive_total_margin_units": 1922,
            "positive_total_weight_units": 10262
          },
          {
            "c0": 1,
            "c1": 1,
            "c2": 1,
            "count": 255,
            "next_pos": 27,
            "positive_total_margin_units": 1922,
            "positive_total_weight_units": 10262
          },
          {
            "c0": 1,
            "c1": 1,
            "c2": 1,
            "count": 127,
            "next_pos": 26,
            "positive_total_margin_units": 1875,
            "positive_total_weight_units": 9665
          },
          {
            "c0": 1,
            "c1": 1,
            "c2": 1,
            "count": 127,
            "next_pos": 25,
            "positive_total_margin_units": 1875,
            "positive_total_weight_units": 9665
          },
          {
            "c0": 1,
            "c1": 1,
            "c2": 1,
            "count": 63,
            "next_pos": 24,
            "positive_total_margin_units": 1822,
            "positive_total_weight_units": 9066
          },
          {
            "c0": 1,
            "c1": 1,
            "c2": 1,
            "count": 63,
            "next_pos": 23,
            "positive_total_margin_units": 1822,
            "positive_total_weight_units": 9066
          }
        ],
        "fine_bucket_count": 2554,
        "fine_bucket_max_distinct_margin": 6,
        "fine_top_buckets": [
          {
            "distinct_explicit_margin_count": 6,
            "explicit_margin_units_seen": [
              581,
              593,
              605,
              619,
              857,
              941
            ],
            "next_pos": 32,
            "s1": 3607,
            "s2": 7860,
            "s3": 17532,
            "side_total_margin_units": 1955,
            "state_count": 6,
            "w1_units": 3607,
            "w2_units": 7860,
            "w3_units": 17532
          },
          {
            "distinct_explicit_margin_count": 6,
            "explicit_margin_units_seen": [
              690,
              774,
              1012,
              1026,
              1038,
              1050
            ],
            "next_pos": 32,
            "s1": 4794,
            "s2": 6673,
            "s3": 17532,
            "side_total_margin_units": 1955,
            "state_count": 6,
            "w1_units": 4794,
            "w2_units": 6673,
            "w3_units": 17532
          },
          {
            "distinct_explicit_margin_count": 5,
            "explicit_margin_units_seen": [
              611,
              637,
              875,
              959,
              973
            ],
            "next_pos": 32,
            "s1": 4195,
            "s2": 7272,
            "s3": 17532,
            "side_total_margin_units": 1955,
            "state_count": 5,
            "w1_units": 4195,
            "w2_units": 7272,
            "w3_units": 17532
          },
          {
            "distinct_explicit_margin_count": 5,
            "explicit_margin_units_seen": [
              658,
              672,
              756,
              994,
              1020
            ],
            "next_pos": 32,
            "s1": 4206,
            "s2": 7261,
            "s3": 17532,
            "side_total_margin_units": 1955,
            "state_count": 5,
            "w1_units": 4206,
            "w2_units": 7261,
            "w3_units": 17532
          },
          {
            "distinct_explicit_margin_count": 4,
            "explicit_margin_units_seen": [
              327,
              411,
              663,
              675
            ],
            "next_pos": 32,
            "s1": 2985,
            "s2": 8482,
            "s3": 17532,
            "side_total_margin_units": 1955,
            "state_count": 4,
            "w1_units": 2985,
            "w2_units": 8482,
            "w3_units": 17532
          },
          {
            "distinct_explicit_margin_count": 4,
            "explicit_margin_units_seen": [
              956,
              968,
              1220,
              1304
            ],
            "next_pos": 32,
            "s1": 5416,
            "s2": 6051,
            "s3": 17532,
            "side_total_margin_units": 1955,
            "state_count": 4,
            "w1_units": 5416,
            "w2_units": 6051,
            "w3_units": 17532
          },
          {
            "distinct_explicit_margin_count": 4,
            "explicit_margin_units_seen": [
              309,
              381,
              393,
              657
            ],
            "next_pos": 32,
            "s1": 2397,
            "s2": 9070,
            "s3": 17532,
            "side_total_margin_units": 1955,
            "state_count": 4,
            "w1_units": 2397,
            "w2_units": 9070,
            "w3_units": 17532
          },
          {
            "distinct_explicit_margin_count": 4,
            "explicit_margin_units_seen": [
              242,
              578,
              590,
              604
            ],
            "next_pos": 32,
            "s1": 2990,
            "s2": 8477,
            "s3": 17532,
            "side_total_margin_units": 1955,
            "state_count": 4,
            "w1_units": 2990,
            "w2_units": 8477,
            "w3_units": 17532
          },
          {
            "distinct_explicit_margin_count": 4,
            "explicit_margin_units_seen": [
              456,
              528,
              540,
              804
            ],
            "next_pos": 32,
            "s1": 3008,
            "s2": 8459,
            "s3": 17532,
            "side_total_margin_units": 1955,
            "state_count": 4,
            "w1_units": 3008,
            "w2_units": 8459,
            "w3_units": 17532
          },
          {
            "distinct_explicit_margin_count": 4,
            "explicit_margin_units_seen": [
              443,
              681,
              695,
              719
            ],
            "next_pos": 32,
            "s1": 3611,
            "s2": 7856,
            "s3": 17532,
            "side_total_margin_units": 1955,
            "state_count": 4,
            "w1_units": 3611,
            "w2_units": 7856,
            "w3_units": 17532
          }
        ],
        "record_limit": 150000,
        "recorded_states": 3159,
        "reduced_k3_bucket_diag": true,
        "support_bucket_count": 3159,
        "support_bucket_max_size": 1,
        "support_top_buckets": [
          {
            "c0": 1,
            "c1": 1,
            "c2": 1,
            "count": 1,
            "explicit_margin_units": 15,
            "explicit_weight_units": 617,
            "next_pos": 32,
            "positive_total_margin_units": 1955,
            "positive_total_weight_units": 11467
          },
          {
            "c0": 0,
            "c1": 1,
            "c2": 1,
            "count": 1,
            "explicit_margin_units": 0,
            "explicit_weight_units": 0,
            "next_pos": 31,
            "positive_total_margin_units": 1940,
            "positive_total_weight_units": 10850
          },
          {
            "c0": 1,
            "c1": 1,
            "c2": 1,
            "count": 1,
            "explicit_margin_units": 18,
            "explicit_weight_units": 588,
            "next_pos": 32,
            "positive_total_margin_units": 1955,
            "positive_total_weight_units": 11467
          },
          {
            "c0": 1,
            "c1": 1,
            "c2": 1,
            "count": 1,
            "explicit_margin_units": 33,
            "explicit_weight_units": 1205,
            "next_pos": 32,
            "positive_total_margin_units": 1955,
            "positive_total_weight_units": 11467
          },
          {
            "c0": 0,
            "c1": 1,
            "c2": 1,
            "count": 1,
            "explicit_margin_units": 0,
            "explicit_weight_units": 0,
            "next_pos": 30,
            "positive_total_margin_units": 1922,
            "positive_total_weight_units": 10262
          },
          {
            "c0": 0,
            "c1": 1,
            "c2": 1,
            "count": 1,
            "explicit_margin_units": 0,
            "explicit_weight_units": 0,
            "next_pos": 28,
            "positive_total_margin_units": 1922,
            "positive_total_weight_units": 10262
          },
          {
            "c0": 1,
            "c1": 1,
            "c2": 1,
            "count": 1,
            "explicit_margin_units": 47,
            "explicit_weight_units": 597,
            "next_pos": 31,
            "positive_total_margin_units": 1940,
            "positive_total_weight_units": 10850
          },
          {
            "c0": 1,
            "c1": 1,
            "c2": 1,
            "count": 1,
            "explicit_margin_units": 80,
            "explicit_weight_units": 1802,
            "next_pos": 32,
            "positive_total_margin_units": 1955,
            "positive_total_weight_units": 11467
          },
          {
            "c0": 1,
            "c1": 1,
            "c2": 1,
            "count": 1,
            "explicit_margin_units": 65,
            "explicit_weight_units": 1185,
            "next_pos": 31,
            "positive_total_margin_units": 1940,
            "positive_total_weight_units": 10850
          },
          {
            "c0": 1,
            "c1": 1,
            "c2": 1,
            "count": 1,
            "explicit_margin_units": 47,
            "explicit_weight_units": 597,
            "next_pos": 30,
            "positive_total_margin_units": 1922,
            "positive_total_weight_units": 10262
          }
        ],
        "template_negative_groups": 1,
        "template_positive_groups": 2
      },
      "stage2_state_calls": 4427631
    }
  },
  "4": {
    "feature": 4,
    "atom_count": 32,
    "local_g3": {
      "atom_count": 32,
      "best_assignment": [
        0,
        0,
        0,
        0,
        0,
        0,
        0,
        0,
        0,
        0,
        1,
        1,
        1,
        1,
        1,
        2,
        1,
        1,
        2,
        1,
        2,
        1,
        2,
        2,
        1,
        2,
        2,
        2,
        2,
        2,
        2,
        2
      ],
      "best_group_spans": [
        [
          [
            0,
            9
          ]
        ],
        [
          [
            10,
            14
          ],
          [
            16,
            17
          ],
          [
            19,
            19
          ],
          [
            21,
            21
          ],
          [
            24,
            24
          ]
        ],
        [
          [
            15,
            15
          ],
          [
            18,
            18
          ],
          [
            20,
            20
          ],
          [
            22,
            23
          ],
          [
            25,
            31
          ]
        ]
      ],
      "best_imp_cost": 0.42852584706794694,
      "best_leaf_cost": 0.3336666781613243,
      "candidates_recorded": 2,
      "feasible_leaves": 2,
      "groups": 3,
      "has_feasible": true,
      "max_seen_states": 3078197,
      "ok": true,
      "stage2_diag": {
        "coarse_bucket_count": 58,
        "coarse_bucket_max_size": 2047,
        "coarse_top_buckets": [
          {
            "c0": 1,
            "c1": 1,
            "c2": 1,
            "count": 2047,
            "next_pos": 32,
            "positive_total_margin_units": 2635,
            "positive_total_weight_units": 4625
          },
          {
            "c0": 1,
            "c1": 1,
            "c2": 1,
            "count": 1023,
            "next_pos": 31,
            "positive_total_margin_units": 2634,
            "positive_total_weight_units": 4562
          },
          {
            "c0": 1,
            "c1": 1,
            "c2": 1,
            "count": 511,
            "next_pos": 30,
            "positive_total_margin_units": 2631,
            "positive_total_weight_units": 4497
          },
          {
            "c0": 1,
            "c1": 1,
            "c2": 1,
            "count": 255,
            "next_pos": 29,
            "positive_total_margin_units": 2627,
            "positive_total_weight_units": 4435
          },
          {
            "c0": 1,
            "c1": 1,
            "c2": 1,
            "count": 255,
            "next_pos": 28,
            "positive_total_margin_units": 2627,
            "positive_total_weight_units": 4435
          },
          {
            "c0": 1,
            "c1": 1,
            "c2": 1,
            "count": 127,
            "next_pos": 27,
            "positive_total_margin_units": 2622,
            "positive_total_weight_units": 4302
          },
          {
            "c0": 1,
            "c1": 1,
            "c2": 1,
            "count": 127,
            "next_pos": 26,
            "positive_total_margin_units": 2622,
            "positive_total_weight_units": 4302
          },
          {
            "c0": 1,
            "c1": 1,
            "c2": 1,
            "count": 63,
            "next_pos": 25,
            "positive_total_margin_units": 2612,
            "positive_total_weight_units": 4238
          },
          {
            "c0": 1,
            "c1": 1,
            "c2": 1,
            "count": 63,
            "next_pos": 24,
            "positive_total_margin_units": 2612,
            "positive_total_weight_units": 4238
          },
          {
            "c0": 1,
            "c1": 1,
            "c2": 1,
            "count": 63,
            "next_pos": 23,
            "positive_total_margin_units": 2612,
            "positive_total_weight_units": 4238
          }
        ],
        "fine_bucket_count": 2740,
        "fine_bucket_max_distinct_margin": 9,
        "fine_top_buckets": [
          {
            "distinct_explicit_margin_count": 9,
            "explicit_margin_units_seen": [
              611,
              791,
              811,
              815,
              823,
              847,
              861,
              1097,
              1119
            ],
            "next_pos": 32,
            "s1": 1367,
            "s2": 3258,
            "s3": 24374,
            "side_total_margin_units": 2635,
            "state_count": 9,
            "w1_units": 1367,
            "w2_units": 3258,
            "w3_units": 24374
          },
          {
            "distinct_explicit_margin_count": 9,
            "explicit_margin_units_seen": [
              626,
              646,
              826,
              858,
              862,
              1096,
              1120,
              1134,
              1166
            ],
            "next_pos": 32,
            "s1": 1564,
            "s2": 3061,
            "s3": 24374,
            "side_total_margin_units": 2635,
            "state_count": 9,
            "w1_units": 1564,
            "w2_units": 3061,
            "w3_units": 24374
          },
          {
            "distinct_explicit_margin_count": 9,
            "explicit_margin_units_seen": [
              762,
              928,
              942,
              966,
              974,
              978,
              998,
              1212,
              1236
            ],
            "next_pos": 32,
            "s1": 1880,
            "s2": 2745,
            "s3": 24374,
            "side_total_margin_units": 2635,
            "state_count": 9,
            "w1_units": 1880,
            "w2_units": 2745,
            "w3_units": 24374
          },
          {
            "distinct_explicit_margin_count": 9,
            "explicit_margin_units_seen": [
              698,
              730,
              768,
              910,
              930,
              934,
              980,
              1236,
              1238
            ],
            "next_pos": 32,
            "s1": 1882,
            "s2": 2743,
            "s3": 24374,
            "side_total_margin_units": 2635,
            "state_count": 9,
            "w1_units": 1882,
            "w2_units": 2743,
            "w3_units": 24374
          },
          {
            "distinct_explicit_margin_count": 9,
            "explicit_margin_units_seen": [
              763,
              943,
              963,
              967,
              975,
              999,
              1013,
              1249,
              1271
            ],
            "next_pos": 32,
            "s1": 1943,
            "s2": 2682,
            "s3": 24374,
            "side_total_margin_units": 2635,
            "state_count": 9,
            "w1_units": 1943,
            "w2_units": 2682,
            "w3_units": 24374
          },
          {
            "distinct_explicit_margin_count": 9,
            "explicit_margin_units_seen": [
              778,
              798,
              978,
              1010,
              1014,
              1248,
              1272,
              1286,
              1318
            ],
            "next_pos": 32,
            "s1": 2140,
            "s2": 2485,
            "s3": 24374,
            "side_total_margin_units": 2635,
            "state_count": 9,
            "w1_units": 2140,
            "w2_units": 2485,
            "w3_units": 24374
          },
          {
            "distinct_explicit_margin_count": 8,
            "explicit_margin_units_seen": [
              610,
              776,
              790,
              814,
              822,
              826,
              846,
              1084
            ],
            "next_pos": 32,
            "s1": 1304,
            "s2": 3321,
            "s3": 24374,
            "side_total_margin_units": 2635,
            "state_count": 8,
            "w1_units": 1304,
            "w2_units": 3321,
            "w3_units": 24374
          },
          {
            "distinct_explicit_margin_count": 8,
            "explicit_margin_units_seen": [
              546,
              578,
              616,
              758,
              778,
              782,
              828,
              1086
            ],
            "next_pos": 32,
            "s1": 1306,
            "s2": 3319,
            "s3": 24374,
            "side_total_margin_units": 2635,
            "state_count": 8,
            "w1_units": 1306,
            "w2_units": 3319,
            "w3_units": 24374
          },
          {
            "distinct_explicit_margin_count": 8,
            "explicit_margin_units_seen": [
              572,
              618,
              622,
              642,
              784,
              822,
              854,
              1092
            ],
            "next_pos": 32,
            "s1": 1502,
            "s2": 3123,
            "s3": 24374,
            "side_total_margin_units": 2635,
            "state_count": 8,
            "w1_units": 1502,
            "w2_units": 3123,
            "w3_units": 24374
          },
          {
            "distinct_explicit_margin_count": 8,
            "explicit_margin_units_seen": [
              582,
              614,
              628,
              652,
              794,
              864,
              1102,
              1122
            ],
            "next_pos": 32,
            "s1": 1566,
            "s2": 3059,
            "s3": 24374,
            "side_total_margin_units": 2635,
            "state_count": 8,
            "w1_units": 1566,
            "w2_units": 3059,
            "w3_units": 24374
          }
        ],
        "record_limit": 150000,
        "recorded_states": 4724,
        "reduced_k3_bucket_diag": true,
        "support_bucket_count": 4724,
        "support_bucket_max_size": 1,
        "support_top_buckets": [
          {
            "c0": 1,
            "c1": 1,
            "c2": 1,
            "count": 1,
            "explicit_margin_units": 3,
            "explicit_weight_units": 65,
            "next_pos": 32,
            "positive_total_margin_units": 2635,
            "positive_total_weight_units": 4625
          },
          {
            "c0": 1,
            "c1": 1,
            "c2": 1,
            "count": 1,
            "explicit_margin_units": 4,
            "explicit_weight_units": 128,
            "next_pos": 32,
            "positive_total_margin_units": 2635,
            "positive_total_weight_units": 4625
          },
          {
            "c0": 1,
            "c1": 1,
            "c2": 1,
            "count": 1,
            "explicit_margin_units": 4,
            "explicit_weight_units": 62,
            "next_pos": 32,
            "positive_total_margin_units": 2635,
            "positive_total_weight_units": 4625
          },
          {
            "c0": 1,
            "c1": 1,
            "c2": 1,
            "count": 1,
            "explicit_margin_units": 5,
            "explicit_weight_units": 125,
            "next_pos": 32,
            "positive_total_margin_units": 2635,
            "positive_total_weight_units": 4625
          },
          {
            "c0": 1,
            "c1": 1,
            "c2": 1,
            "count": 1,
            "explicit_margin_units": 4,
            "explicit_weight_units": 62,
            "next_pos": 31,
            "positive_total_margin_units": 2634,
            "positive_total_weight_units": 4562
          },
          {
            "c0": 1,
            "c1": 1,
            "c2": 1,
            "count": 1,
            "explicit_margin_units": 7,
            "explicit_weight_units": 127,
            "next_pos": 32,
            "positive_total_margin_units": 2635,
            "positive_total_weight_units": 4625
          },
          {
            "c0": 1,
            "c1": 1,
            "c2": 1,
            "count": 1,
            "explicit_margin_units": 8,
            "explicit_weight_units": 190,
            "next_pos": 32,
            "positive_total_margin_units": 2635,
            "positive_total_weight_units": 4625
          },
          {
            "c0": 1,
            "c1": 1,
            "c2": 1,
            "count": 1,
            "explicit_margin_units": 7,
            "explicit_weight_units": 127,
            "next_pos": 31,
            "positive_total_margin_units": 2634,
            "positive_total_weight_units": 4562
          },
          {
            "c0": 1,
            "c1": 1,
            "c2": 1,
            "count": 1,
            "explicit_margin_units": 5,
            "explicit_weight_units": 133,
            "next_pos": 32,
            "positive_total_margin_units": 2635,
            "positive_total_weight_units": 4625
          },
          {
            "c0": 1,
            "c1": 1,
            "c2": 1,
            "count": 1,
            "explicit_margin_units": 6,
            "explicit_weight_units": 196,
            "next_pos": 32,
            "positive_total_margin_units": 2635,
            "positive_total_weight_units": 4625
          }
        ],
        "template_negative_groups": 1,
        "template_positive_groups": 2
      },
      "stage2_state_calls": 3082922
    }
  }
}
