Job started on compsci-cluster-fitz-35 at Tue Feb 24 07:38:01 AM EST 2026
CPU settings: total_cpus=64, parallel_trials=64, threads_per_trial=1, split_threads=1, lgb_threads=1, xgb_threads=2
Optuna settings: enable=1, trials=10, val_size=0.2, seed=0, timeout_sec=0, warmstart_enable=1, warmstart_root=results, warmstart_max=8, seed_candidates=4, cpu_target=0.94, max_active_studies=0, max_concurrent_trials=0
LightGBM binning backend: device=gpu, gpu_platform=0, gpu_device=0, gpu_fallback=0, max_gpu_jobs=1, gpu_lock_dir=/tmp/msdt_lgb_gpu_lock, binning_max_bins=12, ensemble_runs=3, ensemble_feature_fraction=0.8, ensemble_bagging_fraction=0.8, ensemble_bagging_freq=1, threshold_dedup_eps=1e-9
Dataset runtime mode: datasets=['electricity', 'eye-movements', 'eye-state'], B_sweep=[32, 64, 128, 256, 512, 1024], trials=50, m=5, lambda=0.01, max_branch_n=6, ub_best=inf, binning=lightgbm, dynamic_ub=False, solvers=['baseline', 'dl85_cbb', 'binoct_flow', 'snip', 'gosdt_dpb', 'linear_fallback', 'candidate']

[electricity] shape=45312x8 label_mode=binary classes=2 pos_label=UP pos=19237 neg=26075
  B=  32 | B_eff_mean=28.88 [7, 32]
    runtime_ms_total_features: baseline=6.789ms, dl85_cbb=3.342ms, binoct_flow=5.428ms, snip=2.102ms, gosdt_dpb=4.129ms, linear_fallback=1.222ms, candidate=0.2128ms
    speedup_vs_baseline: dl85_cbb=2.032x, binoct_flow=1.251x, snip=3.229x, gosdt_dpb=1.644x, linear_fallback=5.556x, candidate=31.91x
    acc_gap_vs_baseline: dl85_cbb=0, binoct_flow=0, snip=0, gosdt_dpb=0, linear_fallback=0, candidate=0
    accuracy_mean: baseline=0.75501, dl85_cbb=0.75501, binoct_flow=0.75501, snip=0.75501, gosdt_dpb=0.75501, linear_fallback=0.75501, candidate=0.75501
    coverage: shared_valid=50/50, n_features=8
  B=  64 | B_eff_mean=54.88 [7, 64]
    runtime_ms_total_features: baseline=26.62ms, dl85_cbb=16.36ms, binoct_flow=23.21ms, snip=4.854ms, gosdt_dpb=21.27ms, linear_fallback=2.045ms, candidate=0.3524ms
    speedup_vs_baseline: dl85_cbb=1.627x, binoct_flow=1.147x, snip=5.485x, gosdt_dpb=1.252x, linear_fallback=13.02x, candidate=75.54x
    acc_gap_vs_baseline: dl85_cbb=0, binoct_flow=0, snip=0, gosdt_dpb=0, linear_fallback=0, candidate=0
    accuracy_mean: baseline=0.756886, dl85_cbb=0.756886, binoct_flow=0.756886, snip=0.756886, gosdt_dpb=0.756886, linear_fallback=0.756886, candidate=0.756886
    coverage: shared_valid=50/50, n_features=8
  B= 128 | B_eff_mean=102.9 [7, 128]
    runtime_ms_total_features: baseline=101.9ms, dl85_cbb=70.84ms, binoct_flow=97.75ms, snip=11.54ms, gosdt_dpb=92.46ms, linear_fallback=3.859ms, candidate=0.7242ms
    speedup_vs_baseline: dl85_cbb=1.439x, binoct_flow=1.043x, snip=8.834x, gosdt_dpb=1.102x, linear_fallback=26.41x, candidate=140.7x
    acc_gap_vs_baseline: dl85_cbb=0, binoct_flow=0, snip=0, gosdt_dpb=0, linear_fallback=0, candidate=0
    accuracy_mean: baseline=0.756886, dl85_cbb=0.756886, binoct_flow=0.756886, snip=0.756886, gosdt_dpb=0.756886, linear_fallback=0.756886, candidate=0.756886
    coverage: shared_valid=50/50, n_features=8
  B= 256 | B_eff_mean=198.9 [7, 256]
    runtime_ms_total_features: baseline=381.4ms, dl85_cbb=355ms, binoct_flow=400.8ms, snip=30.12ms, gosdt_dpb=450.3ms, linear_fallback=7.548ms, candidate=1.427ms
    speedup_vs_baseline: dl85_cbb=1.074x, binoct_flow=0.9515x, snip=12.66x, gosdt_dpb=0.8469x, linear_fallback=50.53x, candidate=267.2x
    acc_gap_vs_baseline: dl85_cbb=0, binoct_flow=0, snip=0, gosdt_dpb=0, linear_fallback=0, candidate=0
    accuracy_mean: baseline=0.758651, dl85_cbb=0.758651, binoct_flow=0.758651, snip=0.758651, gosdt_dpb=0.758651, linear_fallback=0.758651, candidate=0.758651
    coverage: shared_valid=50/50, n_features=8
  B= 512 | B_eff_mean=390.9 [7, 512]
    runtime_ms_total_features: baseline=1557ms, dl85_cbb=1532ms, binoct_flow=1721ms, snip=92.78ms, gosdt_dpb=1862ms, linear_fallback=15.39ms, candidate=3.663ms
    speedup_vs_baseline: dl85_cbb=1.016x, binoct_flow=0.9049x, snip=16.78x, gosdt_dpb=0.836x, linear_fallback=101.2x, candidate=425.1x
    acc_gap_vs_baseline: dl85_cbb=0, binoct_flow=0, snip=0, gosdt_dpb=0, linear_fallback=0, candidate=0
    accuracy_mean: baseline=0.758784, dl85_cbb=0.758784, binoct_flow=0.758784, snip=0.758784, gosdt_dpb=0.758784, linear_fallback=0.758784, candidate=0.758784
    coverage: shared_valid=50/50, n_features=8
  B=1024 | B_eff_mean=761.6 [7, 1024]
    runtime_ms_total_features: baseline=6143ms, dl85_cbb=6219ms, binoct_flow=6702ms, snip=293.2ms, gosdt_dpb=7577ms, linear_fallback=29.79ms, candidate=8.352ms
    speedup_vs_baseline: dl85_cbb=0.9877x, binoct_flow=0.9166x, snip=20.95x, gosdt_dpb=0.8107x, linear_fallback=206.2x, candidate=735.5x
    acc_gap_vs_baseline: dl85_cbb=0, binoct_flow=0, snip=0, gosdt_dpb=0, linear_fallback=0, candidate=0
    accuracy_mean: baseline=0.759048, dl85_cbb=0.759048, binoct_flow=0.759048, snip=0.759048, gosdt_dpb=0.759048, linear_fallback=0.759048, candidate=0.759048
    coverage: shared_valid=50/50, n_features=8

[eye-movements] shape=7608x23 label_mode=binary classes=2 pos_label=1 pos=3804 neg=3804
  B=  32 | B_eff_mean=26.26 [2, 32]
    runtime_ms_total_features: baseline=16.4ms, dl85_cbb=14.74ms, binoct_flow=18.27ms, snip=8.173ms, gosdt_dpb=20.33ms, linear_fallback=2.878ms, candidate=1.444ms
    speedup_vs_baseline: dl85_cbb=1.113x, binoct_flow=0.8976x, snip=2.006x, gosdt_dpb=0.8066x, linear_fallback=5.698x, candidate=11.35x
    acc_gap_vs_baseline: dl85_cbb=0, binoct_flow=0, snip=0, gosdt_dpb=0, linear_fallback=0, candidate=0
    accuracy_mean: baseline=0.565063, dl85_cbb=0.565063, binoct_flow=0.565063, snip=0.565063, gosdt_dpb=0.565063, linear_fallback=0.565063, candidate=0.565063
    coverage: shared_valid=50/50, n_features=23
  B=  64 | B_eff_mean=50.7 [2, 64]
    runtime_ms_total_features: baseline=66.22ms, dl85_cbb=60.59ms, binoct_flow=73.84ms, snip=22.44ms, gosdt_dpb=81.88ms, linear_fallback=5.603ms, candidate=2.836ms
    speedup_vs_baseline: dl85_cbb=1.093x, binoct_flow=0.8968x, snip=2.951x, gosdt_dpb=0.8087x, linear_fallback=11.82x, candidate=23.35x
    acc_gap_vs_baseline: dl85_cbb=0, binoct_flow=0, snip=0, gosdt_dpb=0, linear_fallback=0, candidate=0
    accuracy_mean: baseline=0.565063, dl85_cbb=0.565063, binoct_flow=0.565063, snip=0.565063, gosdt_dpb=0.565063, linear_fallback=0.565063, candidate=0.565063
    coverage: shared_valid=50/50, n_features=23
  B= 128 | B_eff_mean=88.39 [2, 128]
    runtime_ms_total_features: baseline=222.1ms, dl85_cbb=225.5ms, binoct_flow=250.8ms, snip=50.81ms, gosdt_dpb=293ms, linear_fallback=9.998ms, candidate=5.158ms
    speedup_vs_baseline: dl85_cbb=0.9851x, binoct_flow=0.8856x, snip=4.372x, gosdt_dpb=0.7582x, linear_fallback=22.22x, candidate=43.06x
    acc_gap_vs_baseline: dl85_cbb=0, binoct_flow=0, snip=0, gosdt_dpb=0, linear_fallback=0, candidate=0
    accuracy_mean: baseline=0.565063, dl85_cbb=0.565063, binoct_flow=0.565063, snip=0.565063, gosdt_dpb=0.565063, linear_fallback=0.565063, candidate=0.565063
    coverage: shared_valid=50/50, n_features=23
  B= 256 | B_eff_mean=157.4 [2, 256]
    runtime_ms_total_features: baseline=798.4ms, dl85_cbb=862.5ms, binoct_flow=886.1ms, snip=118.9ms, gosdt_dpb=1047ms, linear_fallback=17.42ms, candidate=9.221ms
    speedup_vs_baseline: dl85_cbb=0.9257x, binoct_flow=0.901x, snip=6.716x, gosdt_dpb=0.7625x, linear_fallback=45.84x, candidate=86.58x
    acc_gap_vs_baseline: dl85_cbb=0, binoct_flow=0, snip=0, gosdt_dpb=0, linear_fallback=0, candidate=0
    accuracy_mean: baseline=0.565063, dl85_cbb=0.565063, binoct_flow=0.565063, snip=0.565063, gosdt_dpb=0.565063, linear_fallback=0.565063, candidate=0.565063
    coverage: shared_valid=50/50, n_features=23
  B= 512 | B_eff_mean=269.3 [2, 512]
    runtime_ms_total_features: baseline=2734ms, dl85_cbb=3074ms, binoct_flow=3079ms, snip=261.8ms, gosdt_dpb=3588ms, linear_fallback=30.29ms, candidate=16ms
    speedup_vs_baseline: dl85_cbb=0.8894x, binoct_flow=0.8879x, snip=10.44x, gosdt_dpb=0.7621x, linear_fallback=90.25x, candidate=170.9x
    acc_gap_vs_baseline: dl85_cbb=0, binoct_flow=0, snip=0, gosdt_dpb=0, linear_fallback=0, candidate=0
    accuracy_mean: baseline=0.565063, dl85_cbb=0.565063, binoct_flow=0.565063, snip=0.565063, gosdt_dpb=0.565063, linear_fallback=0.565063, candidate=0.565063
    coverage: shared_valid=50/50, n_features=23
  B=1024 | B_eff_mean=460.4 [2, 1024]
    runtime_ms_total_features: baseline=9503ms, dl85_cbb=1.084e+04ms, binoct_flow=1.075e+04ms, snip=574.4ms, gosdt_dpb=1.22e+04ms, linear_fallback=52.45ms, candidate=28.04ms
    speedup_vs_baseline: dl85_cbb=0.8768x, binoct_flow=0.8837x, snip=16.54x, gosdt_dpb=0.7788x, linear_fallback=181.2x, candidate=338.8x
    acc_gap_vs_baseline: dl85_cbb=0, binoct_flow=0, snip=0, gosdt_dpb=0, linear_fallback=0, candidate=0
    accuracy_mean: baseline=0.565063, dl85_cbb=0.565063, binoct_flow=0.565063, snip=0.565063, gosdt_dpb=0.565063, linear_fallback=0.565063, candidate=0.565063
    coverage: shared_valid=50/50, n_features=23

[eye-state] shape=14980x14 label_mode=binary classes=2 pos_label=2 pos=6723 neg=8257
  B=  32 | B_eff_mean=32 [32, 32]
    runtime_ms_total_features: baseline=12.1ms, dl85_cbb=8.058ms, binoct_flow=11.29ms, snip=3.909ms, gosdt_dpb=9.49ms, linear_fallback=2.074ms, candidate=0.3959ms
    speedup_vs_baseline: dl85_cbb=1.502x, binoct_flow=1.072x, snip=3.096x, gosdt_dpb=1.275x, linear_fallback=5.837x, candidate=30.57x
    acc_gap_vs_baseline: dl85_cbb=0, binoct_flow=0, snip=0, gosdt_dpb=0, linear_fallback=0, candidate=0
    accuracy_mean: baseline=0.630841, dl85_cbb=0.630841, binoct_flow=0.630841, snip=0.630841, gosdt_dpb=0.630841, linear_fallback=0.630841, candidate=0.630841
    coverage: shared_valid=50/50, n_features=14
  B=  64 | B_eff_mean=64 [64, 64]
    runtime_ms_total_features: baseline=52.09ms, dl85_cbb=42.36ms, binoct_flow=55.56ms, snip=10.47ms, gosdt_dpb=54.86ms, linear_fallback=4.253ms, candidate=0.7938ms
    speedup_vs_baseline: dl85_cbb=1.23x, binoct_flow=0.9375x, snip=4.977x, gosdt_dpb=0.9495x, linear_fallback=12.25x, candidate=65.62x
    acc_gap_vs_baseline: dl85_cbb=0, binoct_flow=0, snip=0, gosdt_dpb=0, linear_fallback=0, candidate=0
    accuracy_mean: baseline=0.633578, dl85_cbb=0.633578, binoct_flow=0.633578, snip=0.633578, gosdt_dpb=0.633578, linear_fallback=0.633578, candidate=0.633578
    coverage: shared_valid=50/50, n_features=14
  B= 128 | B_eff_mean=128 [128, 128]
    runtime_ms_total_features: baseline=216.5ms, dl85_cbb=197.8ms, binoct_flow=238.5ms, snip=30.04ms, gosdt_dpb=262.7ms, linear_fallback=8.58ms, candidate=1.788ms
    speedup_vs_baseline: dl85_cbb=1.094x, binoct_flow=0.9076x, snip=7.207x, gosdt_dpb=0.8242x, linear_fallback=25.23x, candidate=121.1x
    acc_gap_vs_baseline: dl85_cbb=0, binoct_flow=0, snip=0, gosdt_dpb=0, linear_fallback=0, candidate=0
    accuracy_mean: baseline=0.635314, dl85_cbb=0.635314, binoct_flow=0.635314, snip=0.635314, gosdt_dpb=0.635314, linear_fallback=0.635314, candidate=0.635314
    coverage: shared_valid=50/50, n_features=14
  B= 256 | B_eff_mean=253.1 [246, 256]
    runtime_ms_total_features: baseline=861.7ms, dl85_cbb=743.8ms, binoct_flow=942.2ms, snip=120.5ms, gosdt_dpb=1102ms, linear_fallback=17.3ms, candidate=4.643ms
    speedup_vs_baseline: dl85_cbb=1.158x, binoct_flow=0.9145x, snip=7.15x, gosdt_dpb=0.782x, linear_fallback=49.8x, candidate=185.6x
    acc_gap_vs_baseline: dl85_cbb=0, binoct_flow=0, snip=0, gosdt_dpb=0, linear_fallback=0, candidate=0
    accuracy_mean: baseline=0.635781, dl85_cbb=0.635781, binoct_flow=0.635781, snip=0.635781, gosdt_dpb=0.635781, linear_fallback=0.635781, candidate=0.635781
    coverage: shared_valid=50/50, n_features=14
  B= 512 | B_eff_mean=368 [286, 483]
    runtime_ms_total_features: baseline=1869ms, dl85_cbb=1641ms, binoct_flow=2054ms, snip=241.4ms, gosdt_dpb=2411ms, linear_fallback=25.5ms, candidate=7.245ms
    speedup_vs_baseline: dl85_cbb=1.139x, binoct_flow=0.9097x, snip=7.743x, gosdt_dpb=0.7751x, linear_fallback=73.29x, candidate=257.9x
    acc_gap_vs_baseline: dl85_cbb=0, binoct_flow=0, snip=0, gosdt_dpb=0, linear_fallback=0, candidate=0
    accuracy_mean: baseline=0.635848, dl85_cbb=0.635848, binoct_flow=0.635848, snip=0.635848, gosdt_dpb=0.635848, linear_fallback=0.635848, candidate=0.635848
    coverage: shared_valid=50/50, n_features=14
  B=1024 | B_eff_mean=388 [286, 593]
    runtime_ms_total_features: baseline=2128ms, dl85_cbb=1912ms, binoct_flow=2312ms, snip=252.1ms, gosdt_dpb=2729ms, linear_fallback=26.5ms, candidate=7.588ms
    speedup_vs_baseline: dl85_cbb=1.113x, binoct_flow=0.9203x, snip=8.441x, gosdt_dpb=0.7796x, linear_fallback=80.28x, candidate=280.4x
    acc_gap_vs_baseline: dl85_cbb=0, binoct_flow=0, snip=0, gosdt_dpb=0, linear_fallback=0, candidate=0
    accuracy_mean: baseline=0.635848, dl85_cbb=0.635848, binoct_flow=0.635848, snip=0.635848, gosdt_dpb=0.635848, linear_fallback=0.635848, candidate=0.635848
    coverage: shared_valid=50/50, n_features=14

Saved runtime plot: partition-dp/results/runtime_full_comparison_static_ub_20260224_073800.pdf
Saved B_eff runtime plot: partition-dp/results/runtime_full_comparison_static_ub_20260224_073800_beff.pdf
Saved accuracy plot: partition-dp/results/runtime_full_comparison_static_ub_20260224_073800_accuracy.pdf
Saved metrics log: partition-dp/results/runtime_full_comparison_static_ub_20260224_073800_metrics.json
Saved run profile: /home/users/yz1075/msdt/results/test_strat/test_strat_static_ub_20260224_073800/run_profile.json
Saved time profile: /home/users/yz1075/msdt/results/test_strat/test_strat_static_ub_20260224_073800/run_profile.time.log
Saved command log: /home/users/yz1075/msdt/results/test_strat/test_strat_static_ub_20260224_073800/run_profile.cmd.txt
=== Run Profile Summary ===
wall_time=1:40:43
user_time_sec=6041.90
sys_time_sec=0.95
cpu_utilization=99%
max_rss_kb=673868
max_rss_gb=0.64
Job ended at Tue Feb 24 09:18:44 AM EST 2026
