[ATOMCOLOR-PAIR-PROFILE] phase=start depth=0 rows=31717 features_done=0/14 pairs=0 feasible_pairs=0 exactify_calls=0 exactify_feasible=0 exactify_aborted=0 prep_sec=0.000 family_sec=0.000 bounds_sec=0.000 exactify_sec=0.000 incumbent_f=-1 incumbent_g=-1 incumbent_ub=inf node_lb=inf max_ambiguity=inf pending_pairs=0 elapsed_sec=0.000
[ATOMCOLOR-PAIR-DETAIL] phase=prep_start depth=0 feature=0 rows=31717 atoms=0 groups=0 elapsed_sec=0.000
[ATOMCOLOR-PAIR-DETAIL] phase=prep_done depth=0 feature=0 rows=31717 atoms=0 groups=0 elapsed_sec=0.004
[ATOMCOLOR-PAIR-DETAIL] phase=family_dict_done depth=0 feature=0 rows=31717 atoms=32 groups=0 elapsed_sec=0.011
[ATOMCOLOR-PAIR-DETAIL] phase=family_group_done depth=0 feature=0 rows=31717 atoms=32 groups=2 elapsed_sec=0.001 stage2_skipped=0
[ATOMCOLOR-PAIR-DETAIL] phase=family_group_done depth=0 feature=0 rows=31717 atoms=32 groups=3 elapsed_sec=0.002 stage2_skipped=0
[ATOMCOLOR-PAIR-DETAIL] phase=prep_start depth=0 feature=1 rows=31717 atoms=0 groups=0 elapsed_sec=0.000
[ATOMCOLOR-PAIR-DETAIL] phase=prep_done depth=0 feature=1 rows=31717 atoms=0 groups=0 elapsed_sec=0.003
[ATOMCOLOR-PAIR-DETAIL] phase=family_dict_done depth=0 feature=1 rows=31717 atoms=32 groups=0 elapsed_sec=0.000
[ATOMCOLOR-PAIR-DETAIL] phase=family_group_done depth=0 feature=1 rows=31717 atoms=32 groups=2 elapsed_sec=0.001 stage2_skipped=0
[ATOMCOLOR-PAIR-DETAIL] phase=family_group_done depth=0 feature=1 rows=31717 atoms=32 groups=3 elapsed_sec=0.003 stage2_skipped=0
[ATOMCOLOR-PAIR-DETAIL] phase=prep_start depth=0 feature=2 rows=31717 atoms=0 groups=0 elapsed_sec=0.000
[ATOMCOLOR-PAIR-DETAIL] phase=prep_done depth=0 feature=2 rows=31717 atoms=0 groups=0 elapsed_sec=0.004
[ATOMCOLOR-PAIR-DETAIL] phase=family_dict_done depth=0 feature=2 rows=31717 atoms=32 groups=0 elapsed_sec=0.011
[ATOMCOLOR-PAIR-DETAIL] phase=family_group_done depth=0 feature=2 rows=31717 atoms=32 groups=2 elapsed_sec=0.001 stage2_skipped=0
[ATOMCOLOR-PAIR-DETAIL] phase=family_group_done depth=0 feature=2 rows=31717 atoms=32 groups=3 elapsed_sec=0.003 stage2_skipped=0
[ATOMCOLOR-PAIR-DETAIL] phase=prep_start depth=0 feature=3 rows=31717 atoms=0 groups=0 elapsed_sec=0.000
[ATOMCOLOR-PAIR-DETAIL] phase=prep_done depth=0 feature=3 rows=31717 atoms=0 groups=0 elapsed_sec=0.004
[ATOMCOLOR-PAIR-DETAIL] phase=family_dict_done depth=0 feature=3 rows=31717 atoms=32 groups=0 elapsed_sec=0.011
[ATOMCOLOR-PAIR-DETAIL] phase=family_group_done depth=0 feature=3 rows=31717 atoms=32 groups=2 elapsed_sec=0.001 stage2_skipped=0
[ATOMCOLOR-PAIR-DETAIL] phase=family_group_done depth=0 feature=3 rows=31717 atoms=32 groups=3 elapsed_sec=0.002 stage2_skipped=0
[ATOMCOLOR-PAIR-DETAIL] phase=prep_start depth=0 feature=4 rows=31717 atoms=0 groups=0 elapsed_sec=0.000
[ATOMCOLOR-PAIR-DETAIL] phase=prep_done depth=0 feature=4 rows=31717 atoms=0 groups=0 elapsed_sec=0.004
[ATOMCOLOR-PAIR-DETAIL] phase=family_dict_done depth=0 feature=4 rows=31717 atoms=32 groups=0 elapsed_sec=0.011
[ATOMCOLOR-PAIR-DETAIL] phase=family_group_done depth=0 feature=4 rows=31717 atoms=32 groups=2 elapsed_sec=0.001 stage2_skipped=0
[ATOMCOLOR-PAIR-DETAIL] phase=family_group_done depth=0 feature=4 rows=31717 atoms=32 groups=3 elapsed_sec=0.003 stage2_skipped=0
[ATOMCOLOR-PAIR-DETAIL] phase=prep_start depth=0 feature=5 rows=31717 atoms=0 groups=0 elapsed_sec=0.000
[ATOMCOLOR-PAIR-DETAIL] phase=prep_done depth=0 feature=5 rows=31717 atoms=0 groups=0 elapsed_sec=0.004
[ATOMCOLOR-PAIR-DETAIL] phase=family_dict_done depth=0 feature=5 rows=31717 atoms=32 groups=0 elapsed_sec=0.011
[ATOMCOLOR-PAIR-DETAIL] phase=family_group_done depth=0 feature=5 rows=31717 atoms=32 groups=2 elapsed_sec=0.001 stage2_skipped=0
[ATOMCOLOR-PAIR-DETAIL] phase=family_group_done depth=0 feature=5 rows=31717 atoms=32 groups=3 elapsed_sec=0.003 stage2_skipped=0
[ATOMCOLOR-PAIR-DETAIL] phase=prep_start depth=0 feature=6 rows=31717 atoms=0 groups=0 elapsed_sec=0.000
[ATOMCOLOR-PAIR-DETAIL] phase=prep_done depth=0 feature=6 rows=31717 atoms=0 groups=0 elapsed_sec=0.004
[ATOMCOLOR-PAIR-DETAIL] phase=family_dict_done depth=0 feature=6 rows=31717 atoms=32 groups=0 elapsed_sec=0.011
[ATOMCOLOR-PAIR-DETAIL] phase=family_group_done depth=0 feature=6 rows=31717 atoms=32 groups=2 elapsed_sec=0.001 stage2_skipped=0
[ATOMCOLOR-PAIR-DETAIL] phase=family_group_done depth=0 feature=6 rows=31717 atoms=32 groups=3 elapsed_sec=0.002 stage2_skipped=0
[ATOMCOLOR-PAIR-DETAIL] phase=prep_start depth=0 feature=7 rows=31717 atoms=0 groups=0 elapsed_sec=0.000
[ATOMCOLOR-PAIR-DETAIL] phase=prep_done depth=0 feature=7 rows=31717 atoms=0 groups=0 elapsed_sec=0.003
[ATOMCOLOR-PAIR-DETAIL] phase=family_dict_done depth=0 feature=7 rows=31717 atoms=2 groups=0 elapsed_sec=0.000
[ATOMCOLOR-PAIR-DETAIL] phase=family_group_done depth=0 feature=7 rows=31717 atoms=2 groups=2 elapsed_sec=0.000 stage2_skipped=0
[ATOMCOLOR-PAIR-DETAIL] phase=prep_start depth=0 feature=8 rows=31717 atoms=0 groups=0 elapsed_sec=0.000
[ATOMCOLOR-PAIR-DETAIL] phase=prep_done depth=0 feature=8 rows=31717 atoms=0 groups=0 elapsed_sec=0.003
[ATOMCOLOR-PAIR-DETAIL] phase=family_dict_done depth=0 feature=8 rows=31717 atoms=2 groups=0 elapsed_sec=0.000
[ATOMCOLOR-PAIR-DETAIL] phase=family_group_done depth=0 feature=8 rows=31717 atoms=2 groups=2 elapsed_sec=0.000 stage2_skipped=0
[ATOMCOLOR-PAIR-DETAIL] phase=prep_start depth=0 feature=9 rows=31717 atoms=0 groups=0 elapsed_sec=0.000
[ATOMCOLOR-PAIR-DETAIL] phase=prep_done depth=0 feature=9 rows=31717 atoms=0 groups=0 elapsed_sec=0.003
[ATOMCOLOR-PAIR-DETAIL] phase=family_dict_done depth=0 feature=9 rows=31717 atoms=2 groups=0 elapsed_sec=0.000
[ATOMCOLOR-PAIR-DETAIL] phase=family_group_done depth=0 feature=9 rows=31717 atoms=2 groups=2 elapsed_sec=0.000 stage2_skipped=0
[ATOMCOLOR-PAIR-DETAIL] phase=prep_start depth=0 feature=10 rows=31717 atoms=0 groups=0 elapsed_sec=0.000
[ATOMCOLOR-PAIR-DETAIL] phase=prep_done depth=0 feature=10 rows=31717 atoms=0 groups=0 elapsed_sec=0.003
[ATOMCOLOR-PAIR-DETAIL] phase=family_dict_done depth=0 feature=10 rows=31717 atoms=2 groups=0 elapsed_sec=0.000
[ATOMCOLOR-PAIR-DETAIL] phase=family_group_done depth=0 feature=10 rows=31717 atoms=2 groups=2 elapsed_sec=0.000 stage2_skipped=0
[ATOMCOLOR-PAIR-DETAIL] phase=prep_start depth=0 feature=11 rows=31717 atoms=0 groups=0 elapsed_sec=0.000
[ATOMCOLOR-PAIR-DETAIL] phase=prep_done depth=0 feature=11 rows=31717 atoms=0 groups=0 elapsed_sec=0.003
[ATOMCOLOR-PAIR-DETAIL] phase=family_dict_done depth=0 feature=11 rows=31717 atoms=2 groups=0 elapsed_sec=0.000
[ATOMCOLOR-PAIR-DETAIL] phase=family_group_done depth=0 feature=11 rows=31717 atoms=2 groups=2 elapsed_sec=0.000 stage2_skipped=0
[ATOMCOLOR-PAIR-DETAIL] phase=prep_start depth=0 feature=12 rows=31717 atoms=0 groups=0 elapsed_sec=0.000
[ATOMCOLOR-PAIR-DETAIL] phase=prep_done depth=0 feature=12 rows=31717 atoms=0 groups=0 elapsed_sec=0.003
[ATOMCOLOR-PAIR-DETAIL] phase=family_dict_done depth=0 feature=12 rows=31717 atoms=2 groups=0 elapsed_sec=0.000
[ATOMCOLOR-PAIR-DETAIL] phase=family_group_done depth=0 feature=12 rows=31717 atoms=2 groups=2 elapsed_sec=0.000 stage2_skipped=0
[ATOMCOLOR-PAIR-DETAIL] phase=prep_start depth=0 feature=13 rows=31717 atoms=0 groups=0 elapsed_sec=0.000
[ATOMCOLOR-PAIR-DETAIL] phase=prep_done depth=0 feature=13 rows=31717 atoms=0 groups=0 elapsed_sec=0.003
[ATOMCOLOR-PAIR-DETAIL] phase=family_dict_done depth=0 feature=13 rows=31717 atoms=2 groups=0 elapsed_sec=0.000
[ATOMCOLOR-PAIR-DETAIL] phase=family_group_done depth=0 feature=13 rows=31717 atoms=2 groups=2 elapsed_sec=0.000 stage2_skipped=0
[ATOMCOLOR-PAIR-PROFILE] phase=broad_done depth=0 rows=31717 features_done=14/14 pairs=21 feasible_pairs=21 exactify_calls=0 exactify_feasible=0 exactify_aborted=0 prep_sec=0.047 family_sec=0.091 bounds_sec=0.048 exactify_sec=0.000 incumbent_f=-1 incumbent_g=-1 incumbent_ub=inf node_lb=inf max_ambiguity=inf pending_pairs=21 elapsed_sec=0.203
[ATOMCOLOR-PAIR-DETAIL] phase=prep_start depth=1 feature=0 rows=21706 atoms=0 groups=0 elapsed_sec=0.000
[ATOMCOLOR-PAIR-DETAIL] phase=prep_done depth=1 feature=0 rows=21706 atoms=0 groups=0 elapsed_sec=0.003
[ATOMCOLOR-PAIR-DETAIL] phase=prep_start depth=1 feature=1 rows=21706 atoms=0 groups=0 elapsed_sec=0.000
[ATOMCOLOR-PAIR-DETAIL] phase=prep_done depth=1 feature=1 rows=21706 atoms=0 groups=0 elapsed_sec=0.003
[ATOMCOLOR-PAIR-DETAIL] phase=prep_start depth=1 feature=2 rows=21706 atoms=0 groups=0 elapsed_sec=0.000
[ATOMCOLOR-PAIR-DETAIL] phase=prep_fail depth=1 feature=2 rows=21706 atoms=0 groups=0 elapsed_sec=0.003
[ATOMCOLOR-PAIR-DETAIL] phase=prep_start depth=1 feature=3 rows=21706 atoms=0 groups=0 elapsed_sec=0.000
[ATOMCOLOR-PAIR-DETAIL] phase=prep_done depth=1 feature=3 rows=21706 atoms=0 groups=0 elapsed_sec=0.003
[ATOMCOLOR-PAIR-DETAIL] phase=prep_start depth=1 feature=4 rows=21706 atoms=0 groups=0 elapsed_sec=0.000
[ATOMCOLOR-PAIR-DETAIL] phase=prep_done depth=1 feature=4 rows=21706 atoms=0 groups=0 elapsed_sec=0.003
[ATOMCOLOR-PAIR-DETAIL] phase=prep_start depth=1 feature=5 rows=21706 atoms=0 groups=0 elapsed_sec=0.000
[ATOMCOLOR-PAIR-DETAIL] phase=prep_done depth=1 feature=5 rows=21706 atoms=0 groups=0 elapsed_sec=0.003
[ATOMCOLOR-PAIR-DETAIL] phase=prep_start depth=1 feature=6 rows=21706 atoms=0 groups=0 elapsed_sec=0.000
[ATOMCOLOR-PAIR-DETAIL] phase=prep_done depth=1 feature=6 rows=21706 atoms=0 groups=0 elapsed_sec=0.003
[ATOMCOLOR-PAIR-DETAIL] phase=prep_start depth=1 feature=7 rows=21706 atoms=0 groups=0 elapsed_sec=0.000
[ATOMCOLOR-PAIR-DETAIL] phase=prep_done depth=1 feature=7 rows=21706 atoms=0 groups=0 elapsed_sec=0.003
[ATOMCOLOR-PAIR-DETAIL] phase=prep_start depth=1 feature=8 rows=21706 atoms=0 groups=0 elapsed_sec=0.000
[ATOMCOLOR-PAIR-DETAIL] phase=prep_done depth=1 feature=8 rows=21706 atoms=0 groups=0 elapsed_sec=0.002
[ATOMCOLOR-PAIR-DETAIL] phase=prep_start depth=1 feature=9 rows=21706 atoms=0 groups=0 elapsed_sec=0.000
[ATOMCOLOR-PAIR-DETAIL] phase=prep_done depth=1 feature=9 rows=21706 atoms=0 groups=0 elapsed_sec=0.002
[ATOMCOLOR-PAIR-DETAIL] phase=prep_start depth=1 feature=10 rows=21706 atoms=0 groups=0 elapsed_sec=0.000
[ATOMCOLOR-PAIR-DETAIL] phase=prep_done depth=1 feature=10 rows=21706 atoms=0 groups=0 elapsed_sec=0.003
[ATOMCOLOR-PAIR-DETAIL] phase=prep_start depth=1 feature=11 rows=21706 atoms=0 groups=0 elapsed_sec=0.000
[ATOMCOLOR-PAIR-DETAIL] phase=prep_done depth=1 feature=11 rows=21706 atoms=0 groups=0 elapsed_sec=0.003
[ATOMCOLOR-PAIR-DETAIL] phase=prep_start depth=1 feature=12 rows=21706 atoms=0 groups=0 elapsed_sec=0.000
[ATOMCOLOR-PAIR-DETAIL] phase=prep_done depth=1 feature=12 rows=21706 atoms=0 groups=0 elapsed_sec=0.002
[ATOMCOLOR-PAIR-DETAIL] phase=prep_start depth=1 feature=13 rows=21706 atoms=0 groups=0 elapsed_sec=0.000
[ATOMCOLOR-PAIR-DETAIL] phase=prep_done depth=1 feature=13 rows=21706 atoms=0 groups=0 elapsed_sec=0.002
[ATOMCOLOR-PAIR-DETAIL] phase=prep_start depth=1 feature=0 rows=10011 atoms=0 groups=0 elapsed_sec=0.000
[ATOMCOLOR-PAIR-DETAIL] phase=prep_done depth=1 feature=0 rows=10011 atoms=0 groups=0 elapsed_sec=0.003
[ATOMCOLOR-PAIR-DETAIL] phase=prep_start depth=1 feature=1 rows=10011 atoms=0 groups=0 elapsed_sec=0.000
[ATOMCOLOR-PAIR-DETAIL] phase=prep_done depth=1 feature=1 rows=10011 atoms=0 groups=0 elapsed_sec=0.002
[ATOMCOLOR-PAIR-DETAIL] phase=prep_start depth=1 feature=2 rows=10011 atoms=0 groups=0 elapsed_sec=0.000
[ATOMCOLOR-PAIR-DETAIL] phase=prep_done depth=1 feature=2 rows=10011 atoms=0 groups=0 elapsed_sec=0.002
[ATOMCOLOR-PAIR-DETAIL] phase=prep_start depth=1 feature=3 rows=10011 atoms=0 groups=0 elapsed_sec=0.000
[ATOMCOLOR-PAIR-DETAIL] phase=prep_done depth=1 feature=3 rows=10011 atoms=0 groups=0 elapsed_sec=0.003
[ATOMCOLOR-PAIR-DETAIL] phase=prep_start depth=1 feature=4 rows=10011 atoms=0 groups=0 elapsed_sec=0.000
[ATOMCOLOR-PAIR-DETAIL] phase=prep_done depth=1 feature=4 rows=10011 atoms=0 groups=0 elapsed_sec=0.002
[ATOMCOLOR-PAIR-DETAIL] phase=prep_start depth=1 feature=5 rows=10011 atoms=0 groups=0 elapsed_sec=0.000
[ATOMCOLOR-PAIR-DETAIL] phase=prep_done depth=1 feature=5 rows=10011 atoms=0 groups=0 elapsed_sec=0.003
[ATOMCOLOR-PAIR-DETAIL] phase=prep_start depth=1 feature=6 rows=10011 atoms=0 groups=0 elapsed_sec=0.000
[ATOMCOLOR-PAIR-DETAIL] phase=prep_done depth=1 feature=6 rows=10011 atoms=0 groups=0 elapsed_sec=0.002
[ATOMCOLOR-PAIR-DETAIL] phase=prep_start depth=1 feature=7 rows=10011 atoms=0 groups=0 elapsed_sec=0.000
[ATOMCOLOR-PAIR-DETAIL] phase=prep_done depth=1 feature=7 rows=10011 atoms=0 groups=0 elapsed_sec=0.002
[ATOMCOLOR-PAIR-DETAIL] phase=prep_start depth=1 feature=8 rows=10011 atoms=0 groups=0 elapsed_sec=0.000
[ATOMCOLOR-PAIR-DETAIL] phase=prep_done depth=1 feature=8 rows=10011 atoms=0 groups=0 elapsed_sec=0.002
[ATOMCOLOR-PAIR-DETAIL] phase=prep_start depth=1 feature=9 rows=10011 atoms=0 groups=0 elapsed_sec=0.000
[ATOMCOLOR-PAIR-DETAIL] phase=prep_done depth=1 feature=9 rows=10011 atoms=0 groups=0 elapsed_sec=0.002
[ATOMCOLOR-PAIR-DETAIL] phase=prep_start depth=1 feature=10 rows=10011 atoms=0 groups=0 elapsed_sec=0.000
[ATOMCOLOR-PAIR-DETAIL] phase=prep_done depth=1 feature=10 rows=10011 atoms=0 groups=0 elapsed_sec=0.002
[ATOMCOLOR-PAIR-DETAIL] phase=prep_start depth=1 feature=11 rows=10011 atoms=0 groups=0 elapsed_sec=0.000
[ATOMCOLOR-PAIR-DETAIL] phase=prep_done depth=1 feature=11 rows=10011 atoms=0 groups=0 elapsed_sec=0.002
[ATOMCOLOR-PAIR-DETAIL] phase=prep_start depth=1 feature=12 rows=10011 atoms=0 groups=0 elapsed_sec=0.000
[ATOMCOLOR-PAIR-DETAIL] phase=prep_done depth=1 feature=12 rows=10011 atoms=0 groups=0 elapsed_sec=0.002
[ATOMCOLOR-PAIR-DETAIL] phase=prep_start depth=1 feature=13 rows=10011 atoms=0 groups=0 elapsed_sec=0.000
[ATOMCOLOR-PAIR-DETAIL] phase=prep_done depth=1 feature=13 rows=10011 atoms=0 groups=0 elapsed_sec=0.002
[ATOMCOLOR-PAIR-STEP] phase=greedy_ub_done depth=0 rows=31717 feature=2 groups=2 lb_before=2e-08 ub_before=0.241510881683 lb_after=2e-08 ub_after=0.206608573422 elapsed_sec=106.115064
[ATOMCOLOR-PAIR-STEP] phase=local_exact_done depth=0 rows=31717 feature=2 groups=2 lb_before=2e-08 ub_before=0.206608573422 lb_after=2e-08 ub_after=0.241510881683 elapsed_sec=0.001485 stage1_exact=1 stage2_states=0 max_states=3
[ATOMCOLOR-PAIR-STEP] phase=greedy_ub_done depth=0 rows=31717 feature=2 groups=2 lb_before=2e-08 ub_before=0.241510881683 lb_after=2e-08 ub_after=0.206608573422 elapsed_sec=0.000873
[ATOMCOLOR-PAIR-PROFILE] phase=start depth=1 rows=21706 features_done=0/14 pairs=0 feasible_pairs=0 exactify_calls=0 exactify_feasible=0 exactify_aborted=0 prep_sec=0.000 family_sec=0.000 bounds_sec=0.000 exactify_sec=0.000 incumbent_f=-1 incumbent_g=-1 incumbent_ub=inf node_lb=inf max_ambiguity=inf pending_pairs=0 elapsed_sec=0.000
[ATOMCOLOR-PAIR-DETAIL] phase=prep_start depth=1 feature=0 rows=21706 atoms=0 groups=0 elapsed_sec=0.000
[ATOMCOLOR-PAIR-DETAIL] phase=prep_done depth=1 feature=0 rows=21706 atoms=0 groups=0 elapsed_sec=0.003
[ATOMCOLOR-PAIR-DETAIL] phase=family_dict_done depth=1 feature=0 rows=21706 atoms=32 groups=0 elapsed_sec=0.011
[ATOMCOLOR-PAIR-DETAIL] phase=family_group_done depth=1 feature=0 rows=21706 atoms=32 groups=2 elapsed_sec=0.001 stage2_skipped=0
[ATOMCOLOR-PAIR-DETAIL] phase=family_group_done depth=1 feature=0 rows=21706 atoms=32 groups=3 elapsed_sec=0.003 stage2_skipped=0
[ATOMCOLOR-PAIR-DETAIL] phase=prep_start depth=1 feature=1 rows=21706 atoms=0 groups=0 elapsed_sec=0.000
[ATOMCOLOR-PAIR-DETAIL] phase=prep_done depth=1 feature=1 rows=21706 atoms=0 groups=0 elapsed_sec=0.002
[ATOMCOLOR-PAIR-DETAIL] phase=family_dict_done depth=1 feature=1 rows=21706 atoms=32 groups=0 elapsed_sec=0.000
[ATOMCOLOR-PAIR-DETAIL] phase=family_group_done depth=1 feature=1 rows=21706 atoms=32 groups=2 elapsed_sec=0.001 stage2_skipped=0
[ATOMCOLOR-PAIR-DETAIL] phase=family_group_done depth=1 feature=1 rows=21706 atoms=32 groups=3 elapsed_sec=0.003 stage2_skipped=0
[ATOMCOLOR-PAIR-DETAIL] phase=prep_start depth=1 feature=2 rows=21706 atoms=0 groups=0 elapsed_sec=0.000
[ATOMCOLOR-PAIR-DETAIL] phase=prep_fail depth=1 feature=2 rows=21706 atoms=0 groups=0 elapsed_sec=0.002
[ATOMCOLOR-PAIR-DETAIL] phase=prep_start depth=1 feature=3 rows=21706 atoms=0 groups=0 elapsed_sec=0.000
[ATOMCOLOR-PAIR-DETAIL] phase=prep_done depth=1 feature=3 rows=21706 atoms=0 groups=0 elapsed_sec=0.002
[ATOMCOLOR-PAIR-DETAIL] phase=family_dict_done depth=1 feature=3 rows=21706 atoms=32 groups=0 elapsed_sec=0.011
[ATOMCOLOR-PAIR-DETAIL] phase=family_group_done depth=1 feature=3 rows=21706 atoms=32 groups=2 elapsed_sec=0.001 stage2_skipped=0
[ATOMCOLOR-PAIR-DETAIL] phase=family_group_done depth=1 feature=3 rows=21706 atoms=32 groups=3 elapsed_sec=0.003 stage2_skipped=0
[ATOMCOLOR-PAIR-DETAIL] phase=prep_start depth=1 feature=4 rows=21706 atoms=0 groups=0 elapsed_sec=0.000
[ATOMCOLOR-PAIR-DETAIL] phase=prep_done depth=1 feature=4 rows=21706 atoms=0 groups=0 elapsed_sec=0.003
[ATOMCOLOR-PAIR-DETAIL] phase=family_dict_done depth=1 feature=4 rows=21706 atoms=28 groups=0 elapsed_sec=0.010
[ATOMCOLOR-PAIR-DETAIL] phase=family_group_done depth=1 feature=4 rows=21706 atoms=28 groups=2 elapsed_sec=0.002 stage2_skipped=0
[ATOMCOLOR-PAIR-DETAIL] phase=family_group_done depth=1 feature=4 rows=21706 atoms=28 groups=3 elapsed_sec=0.005 stage2_skipped=0
[ATOMCOLOR-PAIR-DETAIL] phase=prep_start depth=1 feature=5 rows=21706 atoms=0 groups=0 elapsed_sec=0.000
[ATOMCOLOR-PAIR-DETAIL] phase=prep_done depth=1 feature=5 rows=21706 atoms=0 groups=0 elapsed_sec=0.003
[ATOMCOLOR-PAIR-DETAIL] phase=family_dict_done depth=1 feature=5 rows=21706 atoms=32 groups=0 elapsed_sec=0.011
[ATOMCOLOR-PAIR-DETAIL] phase=family_group_done depth=1 feature=5 rows=21706 atoms=32 groups=2 elapsed_sec=0.001 stage2_skipped=0
[ATOMCOLOR-PAIR-DETAIL] phase=family_group_done depth=1 feature=5 rows=21706 atoms=32 groups=3 elapsed_sec=0.003 stage2_skipped=0
[ATOMCOLOR-PAIR-DETAIL] phase=prep_start depth=1 feature=6 rows=21706 atoms=0 groups=0 elapsed_sec=0.000
[ATOMCOLOR-PAIR-DETAIL] phase=prep_done depth=1 feature=6 rows=21706 atoms=0 groups=0 elapsed_sec=0.003
[ATOMCOLOR-PAIR-DETAIL] phase=family_dict_done depth=1 feature=6 rows=21706 atoms=32 groups=0 elapsed_sec=0.011
[ATOMCOLOR-PAIR-DETAIL] phase=family_group_done depth=1 feature=6 rows=21706 atoms=32 groups=2 elapsed_sec=0.001 stage2_skipped=0
[ATOMCOLOR-PAIR-DETAIL] phase=family_group_done depth=1 feature=6 rows=21706 atoms=32 groups=3 elapsed_sec=0.003 stage2_skipped=0
[ATOMCOLOR-PAIR-DETAIL] phase=prep_start depth=1 feature=7 rows=21706 atoms=0 groups=0 elapsed_sec=0.000
[ATOMCOLOR-PAIR-DETAIL] phase=prep_done depth=1 feature=7 rows=21706 atoms=0 groups=0 elapsed_sec=0.002
[ATOMCOLOR-PAIR-DETAIL] phase=family_dict_done depth=1 feature=7 rows=21706 atoms=2 groups=0 elapsed_sec=0.000
[ATOMCOLOR-PAIR-DETAIL] phase=family_group_done depth=1 feature=7 rows=21706 atoms=2 groups=2 elapsed_sec=0.000 stage2_skipped=0
[ATOMCOLOR-PAIR-DETAIL] phase=prep_start depth=1 feature=8 rows=21706 atoms=0 groups=0 elapsed_sec=0.000
[ATOMCOLOR-PAIR-DETAIL] phase=prep_done depth=1 feature=8 rows=21706 atoms=0 groups=0 elapsed_sec=0.002
[ATOMCOLOR-PAIR-DETAIL] phase=family_dict_done depth=1 feature=8 rows=21706 atoms=2 groups=0 elapsed_sec=0.000
[ATOMCOLOR-PAIR-DETAIL] phase=family_group_done depth=1 feature=8 rows=21706 atoms=2 groups=2 elapsed_sec=0.000 stage2_skipped=0
[ATOMCOLOR-PAIR-DETAIL] phase=prep_start depth=1 feature=9 rows=21706 atoms=0 groups=0 elapsed_sec=0.000
[ATOMCOLOR-PAIR-DETAIL] phase=prep_done depth=1 feature=9 rows=21706 atoms=0 groups=0 elapsed_sec=0.002
[ATOMCOLOR-PAIR-DETAIL] phase=family_dict_done depth=1 feature=9 rows=21706 atoms=2 groups=0 elapsed_sec=0.000
[ATOMCOLOR-PAIR-DETAIL] phase=family_group_done depth=1 feature=9 rows=21706 atoms=2 groups=2 elapsed_sec=0.000 stage2_skipped=0
[ATOMCOLOR-PAIR-DETAIL] phase=prep_start depth=1 feature=10 rows=21706 atoms=0 groups=0 elapsed_sec=0.000
[ATOMCOLOR-PAIR-DETAIL] phase=prep_done depth=1 feature=10 rows=21706 atoms=0 groups=0 elapsed_sec=0.002
[ATOMCOLOR-PAIR-DETAIL] phase=family_dict_done depth=1 feature=10 rows=21706 atoms=2 groups=0 elapsed_sec=0.000
[ATOMCOLOR-PAIR-DETAIL] phase=family_group_done depth=1 feature=10 rows=21706 atoms=2 groups=2 elapsed_sec=0.000 stage2_skipped=0
[ATOMCOLOR-PAIR-DETAIL] phase=prep_start depth=1 feature=11 rows=21706 atoms=0 groups=0 elapsed_sec=0.000
[ATOMCOLOR-PAIR-DETAIL] phase=prep_done depth=1 feature=11 rows=21706 atoms=0 groups=0 elapsed_sec=0.002
[ATOMCOLOR-PAIR-DETAIL] phase=family_dict_done depth=1 feature=11 rows=21706 atoms=2 groups=0 elapsed_sec=0.000
[ATOMCOLOR-PAIR-DETAIL] phase=family_group_done depth=1 feature=11 rows=21706 atoms=2 groups=2 elapsed_sec=0.000 stage2_skipped=0
[ATOMCOLOR-PAIR-DETAIL] phase=prep_start depth=1 feature=12 rows=21706 atoms=0 groups=0 elapsed_sec=0.000
[ATOMCOLOR-PAIR-DETAIL] phase=prep_done depth=1 feature=12 rows=21706 atoms=0 groups=0 elapsed_sec=0.002
[ATOMCOLOR-PAIR-DETAIL] phase=family_dict_done depth=1 feature=12 rows=21706 atoms=2 groups=0 elapsed_sec=0.000
[ATOMCOLOR-PAIR-DETAIL] phase=family_group_done depth=1 feature=12 rows=21706 atoms=2 groups=2 elapsed_sec=0.000 stage2_skipped=0
[ATOMCOLOR-PAIR-DETAIL] phase=prep_start depth=1 feature=13 rows=21706 atoms=0 groups=0 elapsed_sec=0.000
[ATOMCOLOR-PAIR-DETAIL] phase=prep_done depth=1 feature=13 rows=21706 atoms=0 groups=0 elapsed_sec=0.002
[ATOMCOLOR-PAIR-DETAIL] phase=family_dict_done depth=1 feature=13 rows=21706 atoms=2 groups=0 elapsed_sec=0.000
[ATOMCOLOR-PAIR-DETAIL] phase=family_group_done depth=1 feature=13 rows=21706 atoms=2 groups=2 elapsed_sec=0.000 stage2_skipped=0
[ATOMCOLOR-PAIR-PROFILE] phase=broad_done depth=1 rows=21706 features_done=13/14 pairs=19 feasible_pairs=19 exactify_calls=0 exactify_feasible=0 exactify_aborted=0 prep_sec=0.034 family_sec=0.081 bounds_sec=0.030 exactify_sec=0.000 incumbent_f=-1 incumbent_g=-1 incumbent_ub=inf node_lb=inf max_ambiguity=inf pending_pairs=19 elapsed_sec=0.160
[ATOMCOLOR-PAIR-STEP] phase=greedy_ub_done depth=1 rows=21706 feature=0 groups=2 lb_before=2e-08 ub_before=0.168111758185 lb_after=2e-08 ub_after=0.158747714749 elapsed_sec=0.715736
[ATOMCOLOR-PAIR-STEP] phase=local_exact_done depth=1 rows=21706 feature=0 groups=2 lb_before=2e-08 ub_before=0.158747714749 lb_after=2e-08 ub_after=0.168111758185 elapsed_sec=0.001381 stage1_exact=1 stage2_states=0 max_states=3
[ATOMCOLOR-PAIR-STEP] phase=greedy_ub_done depth=1 rows=21706 feature=0 groups=2 lb_before=2e-08 ub_before=0.168111758185 lb_after=2e-08 ub_after=0.158747714749 elapsed_sec=0.000613
[ATOMCOLOR-PAIR-STEP] phase=recursive_exact_done depth=1 rows=21706 feature=0 groups=2 lb_before=2e-08 ub_before=0.158747714749 lb_after=0.158653138249 ub_after=0.158653138249 elapsed_sec=21.007296
[ATOMCOLOR-PAIR-ORDER] phase=incumbent depth=1 order=1 feature=0 groups=2 L_a=2e-08 U_a=0.158747714749 gap_before=inf exact_lb=0.158653138249 exact_ub=0.158653138249 survivors_before=19 survivors_after=18 incumbent_before=inf incumbent_after=0.158653138249
[ATOMCOLOR-PAIR-STEP] phase=greedy_ub_done depth=1 rows=21706 feature=0 groups=3 lb_before=3e-08 ub_before=0.168111768185 lb_after=3e-08 ub_after=0.158747724749 elapsed_sec=0.677632
[ATOMCOLOR-PAIR-STEP] phase=local_exact_done depth=1 rows=21706 feature=0 groups=3 lb_before=3e-08 ub_before=0.158747724749 lb_after=3e-08 ub_after=0.168111768185 elapsed_sec=374.956415 stage1_exact=0 stage2_states=50299910 max_states=50299566
[ATOMCOLOR-PAIR-STEP] phase=greedy_ub_done depth=1 rows=21706 feature=0 groups=3 lb_before=3e-08 ub_before=0.168111768185 lb_after=3e-08 ub_after=0.140681723372 elapsed_sec=0.566952
[ATOMCOLOR-PAIR-STEP] phase=recursive_exact_done depth=1 rows=21706 feature=0 groups=3 lb_before=3e-08 ub_before=0.140681723372 lb_after=0.140650194539 ub_after=0.140650194539 elapsed_sec=2.355296
[ATOMCOLOR-PAIR-ORDER] phase=exactify depth=1 order=2 feature=0 groups=3 L_a=3e-08 U_a=0.140681723372 gap_before=0.158653108249 exact_lb=0.140650194539 exact_ub=0.140650194539 survivors_before=18 survivors_after=17 incumbent_before=0.158653138249 incumbent_after=0.140650194539
[ATOMCOLOR-PAIR-PROFILE] phase=exactify depth=1 rows=21706 features_done=13/14 pairs=19 feasible_pairs=19 exactify_calls=2 exactify_feasible=2 exactify_aborted=0 prep_sec=0.034 family_sec=0.081 bounds_sec=0.030 exactify_sec=398.320 incumbent_f=0 incumbent_g=3 incumbent_ub=0.140650194539 node_lb=2e-08 max_ambiguity=0.158653118249 pending_pairs=18 elapsed_sec=400.442
[ATOMCOLOR-PAIR-STEP] phase=greedy_ub_done depth=1 rows=21706 feature=4 groups=2 lb_before=2e-08 ub_before=0.170035017005 lb_after=2e-08 ub_after=0.170035017005 elapsed_sec=0.619931
[ATOMCOLOR-PAIR-STEP] phase=local_exact_done depth=1 rows=21706 feature=4 groups=2 lb_before=2e-08 ub_before=0.170035017005 lb_after=2e-08 ub_after=0.170035017005 elapsed_sec=0.001873 stage1_exact=1 stage2_states=0 max_states=17
[ATOMCOLOR-PAIR-STEP] phase=greedy_ub_done depth=1 rows=21706 feature=4 groups=2 lb_before=2e-08 ub_before=0.170035017005 lb_after=2e-08 ub_after=0.170035017005 elapsed_sec=0.000615
[ATOMCOLOR-PAIR-STEP] phase=recursive_exact_aborted depth=1 rows=21706 feature=4 groups=2 lb_before=2e-08 ub_before=0.170035017005 lb_after=0.159504396743 ub_after=inf elapsed_sec=0.678242
[ATOMCOLOR-PAIR-ORDER] phase=exactify depth=1 order=3 feature=4 groups=2 L_a=2e-08 U_a=0.170035017005 gap_before=0.140650174539 exact_lb=0.159504396743 exact_ub=inf survivors_before=17 survivors_after=16 incumbent_before=0.140650194539 incumbent_after=0.140650194539
[ATOMCOLOR-PAIR-PROFILE] phase=exactify depth=1 rows=21706 features_done=13/14 pairs=19 feasible_pairs=19 exactify_calls=3 exactify_feasible=2 exactify_aborted=1 prep_sec=0.034 family_sec=0.081 bounds_sec=0.030 exactify_sec=399.000 incumbent_f=0 incumbent_g=3 incumbent_ub=0.140650194539 node_lb=2e-08 max_ambiguity=0.140650174539 pending_pairs=17 elapsed_sec=401.743
[ATOMCOLOR-PAIR-STEP] phase=greedy_ub_done depth=1 rows=21706 feature=4 groups=3 lb_before=3e-08 ub_before=0.170035027005 lb_after=3e-08 ub_after=0.170035027005 elapsed_sec=0.650620
[ATOMCOLOR-PAIR-STEP] phase=local_exact_done depth=1 rows=21706 feature=4 groups=3 lb_before=3e-08 ub_before=0.170035027005 lb_after=3e-08 ub_after=0.170035027005 elapsed_sec=4.098974 stage1_exact=0 stage2_states=637735 max_states=636526
[ATOMCOLOR-PAIR-STEP] phase=greedy_ub_done depth=1 rows=21706 feature=4 groups=3 lb_before=3e-08 ub_before=0.170035027005 lb_after=3e-08 ub_after=0.170035027005 elapsed_sec=0.637302
[ATOMCOLOR-PAIR-STEP] phase=recursive_exact_aborted depth=1 rows=21706 feature=4 groups=3 lb_before=3e-08 ub_before=0.170035027005 lb_after=0.147145134161 ub_after=inf elapsed_sec=2.484444
[ATOMCOLOR-PAIR-ORDER] phase=exactify depth=1 order=4 feature=4 groups=3 L_a=3e-08 U_a=0.170035027005 gap_before=0.140650164539 exact_lb=0.147145134161 exact_ub=inf survivors_before=16 survivors_after=15 incumbent_before=0.140650194539 incumbent_after=0.140650194539
[ATOMCOLOR-PAIR-PROFILE] phase=exactify depth=1 rows=21706 features_done=13/14 pairs=19 feasible_pairs=19 exactify_calls=4 exactify_feasible=2 exactify_aborted=2 prep_sec=0.034 family_sec=0.081 bounds_sec=0.030 exactify_sec=405.584 incumbent_f=0 incumbent_g=3 incumbent_ub=0.140650194539 node_lb=2e-08 max_ambiguity=0.140650174539 pending_pairs=16 elapsed_sec=409.614
[ATOMCOLOR-PAIR-STEP] phase=greedy_ub_done depth=1 rows=21706 feature=5 groups=2 lb_before=2e-08 ub_before=0.172021333491 lb_after=2e-08 ub_after=0.172021333491 elapsed_sec=0.650944
[ATOMCOLOR-PAIR-STEP] phase=local_exact_done depth=1 rows=21706 feature=5 groups=2 lb_before=2e-08 ub_before=0.172021333491 lb_after=2e-08 ub_after=0.172021333491 elapsed_sec=0.001898 stage1_exact=0 stage2_states=34 max_states=33
[ATOMCOLOR-PAIR-STEP] phase=greedy_ub_done depth=1 rows=21706 feature=5 groups=2 lb_before=2e-08 ub_before=0.172021333491 lb_after=2e-08 ub_after=0.172021333491 elapsed_sec=0.000611
[ATOMCOLOR-PAIR-STEP] phase=recursive_exact_aborted depth=1 rows=21706 feature=5 groups=2 lb_before=2e-08 ub_before=0.172021333491 lb_after=0.161333079064 ub_after=inf elapsed_sec=0.620207
[ATOMCOLOR-PAIR-ORDER] phase=exactify depth=1 order=5 feature=5 groups=2 L_a=2e-08 U_a=0.172021333491 gap_before=0.140650174539 exact_lb=0.161333079064 exact_ub=inf survivors_before=15 survivors_after=14 incumbent_before=0.140650194539 incumbent_after=0.140650194539
[ATOMCOLOR-PAIR-PROFILE] phase=exactify depth=1 rows=21706 features_done=13/14 pairs=19 feasible_pairs=19 exactify_calls=5 exactify_feasible=2 exactify_aborted=3 prep_sec=0.034 family_sec=0.081 bounds_sec=0.030 exactify_sec=406.206 incumbent_f=0 incumbent_g=3 incumbent_ub=0.140650194539 node_lb=2e-08 max_ambiguity=0.140650174539 pending_pairs=15 elapsed_sec=410.888
[ATOMCOLOR-PAIR-STEP] phase=greedy_ub_done depth=1 rows=21706 feature=5 groups=3 lb_before=3e-08 ub_before=0.172021343491 lb_after=3e-08 ub_after=0.172021343491 elapsed_sec=0.652528
[ATOMCOLOR-PAIR-STEP] phase=local_exact_done depth=1 rows=21706 feature=5 groups=3 lb_before=3e-08 ub_before=0.172021343491 lb_after=3e-08 ub_after=0.172021343491 elapsed_sec=23.891408 stage1_exact=0 stage2_states=3454251 max_states=3444610
[ATOMCOLOR-PAIR-STEP] phase=greedy_ub_done depth=1 rows=21706 feature=5 groups=3 lb_before=3e-08 ub_before=0.172021343491 lb_after=3e-08 ub_after=0.172021343491 elapsed_sec=0.598138
[ATOMCOLOR-PAIR-STEP] phase=recursive_exact_aborted depth=1 rows=21706 feature=5 groups=3 lb_before=3e-08 ub_before=0.172021343491 lb_after=0.156477668764 ub_after=inf elapsed_sec=4.332094
[ATOMCOLOR-PAIR-ORDER] phase=exactify depth=1 order=6 feature=5 groups=3 L_a=3e-08 U_a=0.172021343491 gap_before=0.140650164539 exact_lb=0.156477668764 exact_ub=inf survivors_before=14 survivors_after=13 incumbent_before=0.140650194539 incumbent_after=0.140650194539
[ATOMCOLOR-PAIR-PROFILE] phase=exactify depth=1 rows=21706 features_done=13/14 pairs=19 feasible_pairs=19 exactify_calls=6 exactify_feasible=2 exactify_aborted=4 prep_sec=0.034 family_sec=0.081 bounds_sec=0.030 exactify_sec=434.430 incumbent_f=0 incumbent_g=3 incumbent_ub=0.140650194539 node_lb=2e-08 max_ambiguity=0.140650174539 pending_pairs=14 elapsed_sec=440.362
[ATOMCOLOR-PAIR-STEP] phase=greedy_ub_done depth=1 rows=21706 feature=3 groups=2 lb_before=2e-08 ub_before=0.173850005812 lb_after=2e-08 ub_after=0.173850005812 elapsed_sec=0.656966
[ATOMCOLOR-PAIR-STEP] phase=local_exact_done depth=1 rows=21706 feature=3 groups=2 lb_before=2e-08 ub_before=0.173850005812 lb_after=2e-08 ub_after=0.173850005812 elapsed_sec=0.001601 stage1_exact=1 stage2_states=0 max_states=3
[ATOMCOLOR-PAIR-STEP] phase=greedy_ub_done depth=1 rows=21706 feature=3 groups=2 lb_before=2e-08 ub_before=0.173850005812 lb_after=2e-08 ub_after=0.173850005812 elapsed_sec=0.000615
[ATOMCOLOR-PAIR-STEP] phase=recursive_exact_aborted depth=1 rows=21706 feature=3 groups=2 lb_before=2e-08 ub_before=0.173850005812 lb_after=0.166503807696 ub_after=inf elapsed_sec=0.969023
[ATOMCOLOR-PAIR-ORDER] phase=exactify depth=1 order=7 feature=3 groups=2 L_a=2e-08 U_a=0.173850005812 gap_before=0.140650174539 exact_lb=0.166503807696 exact_ub=inf survivors_before=13 survivors_after=12 incumbent_before=0.140650194539 incumbent_after=0.140650194539
[ATOMCOLOR-PAIR-PROFILE] phase=exactify depth=1 rows=21706 features_done=13/14 pairs=19 feasible_pairs=19 exactify_calls=7 exactify_feasible=2 exactify_aborted=5 prep_sec=0.034 family_sec=0.081 bounds_sec=0.030 exactify_sec=435.400 incumbent_f=0 incumbent_g=3 incumbent_ub=0.140650194539 node_lb=2e-08 max_ambiguity=0.140650174539 pending_pairs=13 elapsed_sec=441.991
[ATOMCOLOR-PAIR-STEP] phase=greedy_ub_done depth=1 rows=21706 feature=3 groups=3 lb_before=3e-08 ub_before=0.173850015812 lb_after=3e-08 ub_after=0.173850015812 elapsed_sec=0.584680
[ATOMCOLOR-PAIR-STEP] phase=local_exact_done depth=1 rows=21706 feature=3 groups=3 lb_before=3e-08 ub_before=0.173850015812 lb_after=3e-08 ub_after=0.173850015812 elapsed_sec=2496.310651 stage1_exact=0 stage2_states=333343822 max_states=333343759
[ATOMCOLOR-PAIR-STEP] phase=greedy_ub_done depth=1 rows=21706 feature=3 groups=3 lb_before=3e-08 ub_before=0.173850015812 lb_after=3e-08 ub_after=0.173850015812 elapsed_sec=0.608531
[ATOMCOLOR-PAIR-STEP] phase=recursive_exact_aborted depth=1 rows=21706 feature=3 groups=3 lb_before=3e-08 ub_before=0.173850015812 lb_after=0.152441948125 ub_after=inf elapsed_sec=6.213486
[ATOMCOLOR-PAIR-ORDER] phase=exactify depth=1 order=8 feature=3 groups=3 L_a=3e-08 U_a=0.173850015812 gap_before=0.140650164539 exact_lb=0.152441948125 exact_ub=inf survivors_before=12 survivors_after=11 incumbent_before=0.140650194539 incumbent_after=0.140650194539
[ATOMCOLOR-PAIR-PROFILE] phase=exactify depth=1 rows=21706 features_done=13/14 pairs=19 feasible_pairs=19 exactify_calls=8 exactify_feasible=2 exactify_aborted=6 prep_sec=0.034 family_sec=0.081 bounds_sec=0.030 exactify_sec=2937.924 incumbent_f=0 incumbent_g=3 incumbent_ub=0.140650194539 node_lb=2e-08 max_ambiguity=0.140650174539 pending_pairs=12 elapsed_sec=2945.708
[ATOMCOLOR-PAIR-STEP] phase=greedy_ub_done depth=1 rows=21706 feature=6 groups=2 lb_before=2e-08 ub_before=0.175111159137 lb_after=2e-08 ub_after=0.175111159137 elapsed_sec=0.641435
[ATOMCOLOR-PAIR-STEP] phase=local_exact_done depth=1 rows=21706 feature=6 groups=2 lb_before=2e-08 ub_before=0.175111159137 lb_after=2e-08 ub_after=0.175111159137 elapsed_sec=0.001906 stage1_exact=0 stage2_states=34 max_states=33
[ATOMCOLOR-PAIR-STEP] phase=greedy_ub_done depth=1 rows=21706 feature=6 groups=2 lb_before=2e-08 ub_before=0.175111159137 lb_after=2e-08 ub_after=0.175111159137 elapsed_sec=0.000616
[ATOMCOLOR-PAIR-STEP] phase=recursive_exact_aborted depth=1 rows=21706 feature=6 groups=2 lb_before=2e-08 ub_before=0.175111159137 lb_after=0.168868470179 ub_after=inf elapsed_sec=1.366394
[ATOMCOLOR-PAIR-ORDER] phase=exactify depth=1 order=9 feature=6 groups=2 L_a=2e-08 U_a=0.175111159137 gap_before=0.140650174539 exact_lb=0.168868470179 exact_ub=inf survivors_before=11 survivors_after=10 incumbent_before=0.140650194539 incumbent_after=0.140650194539
[ATOMCOLOR-PAIR-PROFILE] phase=exactify depth=1 rows=21706 features_done=13/14 pairs=19 feasible_pairs=19 exactify_calls=9 exactify_feasible=2 exactify_aborted=7 prep_sec=0.034 family_sec=0.081 bounds_sec=0.030 exactify_sec=2939.293 incumbent_f=0 incumbent_g=3 incumbent_ub=0.140650194539 node_lb=2e-08 max_ambiguity=0.140650174539 pending_pairs=11 elapsed_sec=2947.719
[ATOMCOLOR-PAIR-STEP] phase=greedy_ub_done depth=1 rows=21706 feature=6 groups=3 lb_before=3e-08 ub_before=0.175111169137 lb_after=3e-08 ub_after=0.175111169137 elapsed_sec=0.621096
Command terminated by signal 11
	Command being timed: ".venv/bin/python run_multisplit_experiments_lightgbm.py --run-name benchmark_teacher_guided_atomcolor_electricity_d3_exactpathfix_20260315_v79 --datasets electricity --depth-budgets 3 --seeds 0 --time-limit 28800 --lookahead-cap 3 --max-bins 255 --min-samples-leaf 8 --min-child-size 8 --proposal-atom-cap 32 --max-branching 3 --reg 0.0 --msplit-variant rush_dp --test-size 0.2 --parallel-trials 1 --threads-per-trial 6 --cpu-utilization-target 1.0 --no-optuna-enable --no-optuna-warmstart-enable --paper-split-protocol --lgb-device-type cpu --lgb-num-threads 6 --lgb-num-leaves 255 --lgb-learning-rate 0.05 --lgb-feature-fraction 1.0 --lgb-bagging-fraction 1.0 --lgb-bagging-freq 0 --lgb-min-data-in-bin 1 --lgb-lambda-l2 0.0 --results-root results/runs_lightgbm --stable-results-dir results/lightgbm --no-package-artifacts --patch-budget-per-feature 0 --exactify-top-m 0 --approx-ref-shortlist --approx-ref-widen-max 1 --no-approx-challenger-sweep-enabled --approx-distilled-mode --approx-distilled-geometry-mode teacher_guided_atomcolor"
	User time (seconds): 11992.45
	System time (seconds): 222.18
	Percent of CPU this job got: 99%
	Elapsed (wall clock) time (h:mm:ss or m:ss): 3:24:03
	Average shared text size (kbytes): 0
	Average unshared data size (kbytes): 0
	Average stack size (kbytes): 0
	Average total size (kbytes): 0
	Maximum resident set size (kbytes): 314058048
	Average resident set size (kbytes): 0
	Major (requiring I/O) page faults: 723528
	Minor (reclaiming a frame) page faults: 86364525
	Voluntary context switches: 730786
	Involuntary context switches: 51322
	Swaps: 0
	File system inputs: 5832968
	File system outputs: 12464
	Socket messages sent: 0
	Socket messages received: 0
	Signals delivered: 0
	Page size (bytes): 4096
	Exit status: 0
