stty: 'standard input': Inappropriate ioctl for device
Command terminated by signal 9
	Command being timed: ".venv/bin/python run_multisplit_experiments_lightgbm.py --run-name benchmark_teacher_guided_atomcolor_electricity_d3_l3_fix_20260311_1042 --datasets electricity --depth-budgets 3 --seeds 0 --time-limit 28800 --lookahead-cap 3 --max-bins 255 --min-samples-leaf 8 --min-child-size 8 --proposal-atom-cap 32 --max-branching 3 --reg 0.0 --msplit-variant rush_dp --test-size 0.2 --parallel-trials 1 --threads-per-trial 6 --cpu-utilization-target 1.0 --no-optuna-enable --no-optuna-warmstart-enable --paper-split-protocol --lgb-device-type cpu --lgb-num-threads 6 --lgb-num-leaves 255 --lgb-learning-rate 0.05 --lgb-feature-fraction 1.0 --lgb-bagging-fraction 1.0 --lgb-bagging-freq 0 --lgb-min-data-in-bin 1 --lgb-lambda-l2 0.0 --results-root results/runs_lightgbm --stable-results-dir results/lightgbm --no-package-artifacts --approx-mode --patch-budget-per-feature 0 --exactify-top-m 0 --approx-ref-shortlist --approx-ref-widen-max 1 --no-approx-challenger-sweep-enabled --approx-distilled-mode --approx-distilled-geometry-mode teacher_guided_atomcolor"
	User time (seconds): 8127.37
	System time (seconds): 179.48
	Percent of CPU this job got: 100%
	Elapsed (wall clock) time (h:mm:ss or m:ss): 2:17:30
	Average shared text size (kbytes): 0
	Average unshared data size (kbytes): 0
	Average stack size (kbytes): 0
	Average total size (kbytes): 0
	Maximum resident set size (kbytes): 314059328
	Average resident set size (kbytes): 0
	Major (requiring I/O) page faults: 11434
	Minor (reclaiming a frame) page faults: 80869175
	Voluntary context switches: 1627011
	Involuntary context switches: 39659
	Swaps: 0
	File system inputs: 139816
	File system outputs: 5312
	Socket messages sent: 0
	Socket messages received: 0
	Signals delivered: 0
	Page size (bytes): 4096
	Exit status: 0
[2026-03-11T12:59:43.731] error: Detected 1 oom_kill event in StepId=10719532.batch. Some of the step tasks have been OOM Killed.
