Job started on compsci-cluster-fitz-46 at Mon Feb 16 12:08:45 AM EST 2026
CPU settings: total_cpus=40, parallel_trials=40, threads_per_trial=1, split_threads=1, lgb_threads=1, xgb_threads=1
SPLIT native backend import OK
[compare] running: /home/users/yz1075/mdst/.venv/bin/python run_multisplit_experiments_cart.py --run-name compare_1100g_20260216_000837_cart --datasets electricity eye-movements eye-state --depth-budgets 2 3 4 5 6 --seeds 0 1 2 3 4 --test-size 0.2 --time-limit 600.0 --lookahead-cap 3 --max-bins 6 --min-samples-leaf 8 --min-child-size 8 --max-branching 0 --reg 0.01 --branch-penalty 0.002 --parallel-trials 40 --threads-per-trial 1 --results-root results/comparison/compare_1100g_20260216_000837/_tmp/runs_cart/compare_1100g_20260216_000837_cart --stable-results-dir results/comparison/compare_1100g_20260216_000837/_tmp/stable_cart --no-package-artifacts
[2026-02-16T00:08:52-05:00] Starting multisplit experiment run.
[2026-02-16T00:08:52-05:00] run_name=compare_1100g_20260216_000837_cart
[2026-02-16T00:08:52-05:00] run_dir=/home/users/yz1075/mdst/results/comparison/compare_1100g_20260216_000837/_tmp/runs_cart/compare_1100g_20260216_000837_cart/compare_1100g_20260216_000837_cart
[2026-02-16T00:08:52-05:00] parallel settings: parallel_trials=40, threads_per_trial=1
[2026-02-16T00:08:52-05:00] OpenML cache directory set to /home/users/yz1075/mdst/results/openml_cache
[2026-02-16T00:08:52-05:00] Loading dataset=electricity
[2026-02-16T00:08:52-05:00] dataset=electricity, class_prevalence(max class)=0.5755
[2026-02-16T00:08:52-05:00] dataset=electricity, depth=2, lookahead=1: seeds [0, 1, 2, 3, 4]
[2026-02-16T00:08:52-05:00] dataset=electricity, depth=3, lookahead=2: seeds [0, 1, 2, 3, 4]
[2026-02-16T00:08:52-05:00] dataset=electricity, depth=4, lookahead=3: seeds [0, 1, 2, 3, 4]
[2026-02-16T00:08:52-05:00] dataset=electricity, depth=5, lookahead=3: seeds [0, 1, 2, 3, 4]
[2026-02-16T00:08:52-05:00] dataset=electricity, depth=6, lookahead=3: seeds [0, 1, 2, 3, 4]
[2026-02-16T00:08:52-05:00] Loading dataset=eye-movements
[2026-02-16T00:08:52-05:00] dataset=eye-movements, class_prevalence(max class)=0.5000
[2026-02-16T00:08:52-05:00] dataset=eye-movements, depth=2, lookahead=1: seeds [0, 1, 2, 3, 4]
[2026-02-16T00:08:52-05:00] dataset=eye-movements, depth=3, lookahead=2: seeds [0, 1, 2, 3, 4]
[2026-02-16T00:08:52-05:00] dataset=eye-movements, depth=4, lookahead=3: seeds [0, 1, 2, 3, 4]
[2026-02-16T00:08:52-05:00] dataset=eye-movements, depth=5, lookahead=3: seeds [0, 1, 2, 3, 4]
[2026-02-16T00:08:52-05:00] dataset=eye-movements, depth=6, lookahead=3: seeds [0, 1, 2, 3, 4]
[2026-02-16T00:08:52-05:00] Loading dataset=eye-state
[2026-02-16T00:08:52-05:00] dataset=eye-state, class_prevalence(max class)=0.5512
[2026-02-16T00:08:52-05:00] dataset=eye-state, depth=2, lookahead=1: seeds [0, 1, 2, 3, 4]
[2026-02-16T00:08:52-05:00] dataset=eye-state, depth=3, lookahead=2: seeds [0, 1, 2, 3, 4]
[2026-02-16T00:08:52-05:00] dataset=eye-state, depth=4, lookahead=3: seeds [0, 1, 2, 3, 4]
[2026-02-16T00:08:52-05:00] dataset=eye-state, depth=5, lookahead=3: seeds [0, 1, 2, 3, 4]
[2026-02-16T00:08:52-05:00] dataset=eye-state, depth=6, lookahead=3: seeds [0, 1, 2, 3, 4]
[2026-02-16T00:08:52-05:00] executing 75 pending trials across 3 dataset(s) with parallel_workers=40, threads_per_trial=1
[2026-02-16T00:22:38-05:00] trial dataset=eye-movements, depth=2, seed=2, status=ok, acc=0.5670170827858082
[2026-02-16T00:22:38-05:00] trial dataset=eye-movements, depth=2, seed=4, status=ok, acc=0.5183968462549278
[2026-02-16T00:22:38-05:00] trial dataset=eye-movements, depth=2, seed=0, status=ok, acc=0.5525624178712221
[2026-02-16T00:22:38-05:00] trial dataset=eye-movements, depth=2, seed=1, status=ok, acc=0.5374507227332457
[2026-02-16T00:22:38-05:00] trial dataset=eye-movements, depth=2, seed=3, status=ok, acc=0.5604467805519053
[2026-02-16T00:22:38-05:00] trial dataset=electricity, depth=2, seed=1, status=ok, acc=0.7547169811320755
[2026-02-16T00:22:38-05:00] trial dataset=electricity, depth=2, seed=3, status=ok, acc=0.7586891757696127
[2026-02-16T00:22:38-05:00] trial dataset=electricity, depth=2, seed=2, status=ok, acc=0.7565927397109125
[2026-02-16T00:22:38-05:00] trial dataset=electricity, depth=2, seed=0, status=ok, acc=0.7623303541873552
[2026-02-16T00:22:38-05:00] trial dataset=electricity, depth=2, seed=4, status=ok, acc=0.7539446099525543
[2026-02-16T00:22:38-05:00] trial dataset=eye-movements, depth=3, seed=0, status=ok, acc=0.5663600525624178
[2026-02-16T00:22:38-05:00] trial dataset=eye-movements, depth=3, seed=3, status=ok, acc=0.5886990801576872
[2026-02-16T00:22:38-05:00] trial dataset=eye-state, depth=2, seed=0, status=ok, acc=0.6325100133511349
[2026-02-16T00:22:38-05:00] trial dataset=eye-state, depth=2, seed=1, status=ok, acc=0.6288384512683578
[2026-02-16T00:22:38-05:00] trial dataset=eye-state, depth=2, seed=2, status=ok, acc=0.6401869158878505
[2026-02-16T00:22:38-05:00] trial dataset=eye-state, depth=2, seed=3, status=ok, acc=0.613150867823765
[2026-02-16T00:22:38-05:00] trial dataset=eye-state, depth=2, seed=4, status=ok, acc=0.6335113484646195
[2026-02-16T00:22:38-05:00] trial dataset=eye-movements, depth=3, seed=1, status=ok, acc=0.5479632063074902
[2026-02-16T00:22:38-05:00] trial dataset=eye-movements, depth=3, seed=4, status=ok, acc=0.5440210249671484
[2026-02-16T00:22:38-05:00] trial dataset=eye-movements, depth=3, seed=2, status=ok, acc=0.5775295663600526
[2026-02-16T00:22:38-05:00] trial dataset=electricity, depth=3, seed=3, status=ok, acc=0.7586891757696127
[2026-02-16T00:22:38-05:00] trial dataset=electricity, depth=3, seed=2, status=ok, acc=0.7565927397109125
[2026-02-16T00:22:38-05:00] trial dataset=electricity, depth=3, seed=1, status=ok, acc=0.7547169811320755
[2026-02-16T00:22:38-05:00] trial dataset=electricity, depth=3, seed=4, status=ok, acc=0.7539446099525543
[2026-02-16T00:22:38-05:00] trial dataset=electricity, depth=3, seed=0, status=ok, acc=0.7623303541873552
[2026-02-16T00:22:38-05:00] trial dataset=eye-state, depth=3, seed=1, status=ok, acc=0.6698931909212283
[2026-02-16T00:22:38-05:00] trial dataset=eye-state, depth=3, seed=0, status=ok, acc=0.677570093457944
[2026-02-16T00:22:38-05:00] trial dataset=eye-state, depth=3, seed=2, status=ok, acc=0.6692256341789052
[2026-02-16T00:22:38-05:00] trial dataset=eye-state, depth=3, seed=4, status=ok, acc=0.6638851802403204
[2026-02-16T00:22:38-05:00] trial dataset=eye-state, depth=3, seed=3, status=ok, acc=0.6512016021361816
[2026-02-16T00:22:38-05:00] trial dataset=electricity, depth=4, seed=3, status=ok, acc=0.7586891757696127
[2026-02-16T00:22:38-05:00] trial dataset=electricity, depth=4, seed=1, status=ok, acc=0.7547169811320755
[2026-02-16T00:22:38-05:00] trial dataset=electricity, depth=4, seed=2, status=ok, acc=0.7565927397109125
[2026-02-16T00:22:38-05:00] trial dataset=electricity, depth=4, seed=4, status=ok, acc=0.7539446099525543
[2026-02-16T00:22:38-05:00] trial dataset=electricity, depth=4, seed=0, status=ok, acc=0.7623303541873552
[2026-02-16T00:22:38-05:00] trial dataset=eye-movements, depth=4, seed=1, status=ok, acc=0.5551905387647832
[2026-02-16T00:22:38-05:00] trial dataset=eye-movements, depth=4, seed=0, status=ok, acc=0.5663600525624178
[2026-02-16T00:22:38-05:00] trial dataset=eye-movements, depth=4, seed=3, status=ok, acc=0.5886990801576872
[2026-02-16T00:22:38-05:00] trial dataset=eye-state, depth=4, seed=1, status=ok, acc=0.6839118825100133
[2026-02-16T00:22:38-05:00] trial dataset=eye-state, depth=4, seed=2, status=ok, acc=0.6842456608811749
[2026-02-16T00:22:38-05:00] trial dataset=eye-state, depth=4, seed=4, status=ok, acc=0.6725634178905207
[2026-02-16T00:22:38-05:00] trial dataset=eye-state, depth=4, seed=3, status=ok, acc=0.6602136181575434
[2026-02-16T00:22:38-05:00] trial dataset=eye-state, depth=4, seed=0, status=ok, acc=0.7032710280373832
[2026-02-16T00:22:38-05:00] trial dataset=eye-movements, depth=4, seed=2, status=ok, acc=0.5814717477003942
[2026-02-16T00:22:38-05:00] trial dataset=eye-movements, depth=4, seed=4, status=ok, acc=0.5440210249671484
[2026-02-16T00:22:38-05:00] trial dataset=electricity, depth=5, seed=3, status=timeout, acc=nan
[2026-02-16T00:22:38-05:00] trial dataset=electricity, depth=6, seed=2, status=timeout, acc=nan
[2026-02-16T00:22:38-05:00] trial dataset=electricity, depth=6, seed=0, status=timeout, acc=nan
[2026-02-16T00:22:38-05:00] trial dataset=electricity, depth=5, seed=0, status=timeout, acc=nan
[2026-02-16T00:22:38-05:00] trial dataset=electricity, depth=6, seed=4, status=timeout, acc=nan
[2026-02-16T00:22:38-05:00] trial dataset=electricity, depth=5, seed=1, status=timeout, acc=nan
[2026-02-16T00:22:38-05:00] trial dataset=electricity, depth=6, seed=1, status=timeout, acc=nan
[2026-02-16T00:22:38-05:00] trial dataset=electricity, depth=5, seed=2, status=timeout, acc=nan
[2026-02-16T00:22:38-05:00] trial dataset=electricity, depth=5, seed=4, status=timeout, acc=nan
[2026-02-16T00:22:38-05:00] trial dataset=electricity, depth=6, seed=3, status=timeout, acc=nan
[2026-02-16T00:22:38-05:00] trial dataset=eye-movements, depth=5, seed=4, status=timeout, acc=nan
[2026-02-16T00:22:38-05:00] trial dataset=eye-movements, depth=5, seed=3, status=timeout, acc=nan
[2026-02-16T00:22:38-05:00] trial dataset=eye-movements, depth=6, seed=4, status=timeout, acc=nan
[2026-02-16T00:22:38-05:00] trial dataset=eye-movements, depth=6, seed=3, status=timeout, acc=nan
[2026-02-16T00:22:38-05:00] trial dataset=eye-movements, depth=5, seed=1, status=timeout, acc=nan
[2026-02-16T00:22:38-05:00] trial dataset=eye-movements, depth=5, seed=0, status=timeout, acc=nan
[2026-02-16T00:22:38-05:00] trial dataset=eye-movements, depth=5, seed=2, status=timeout, acc=nan
[2026-02-16T00:22:38-05:00] trial dataset=eye-movements, depth=6, seed=1, status=timeout, acc=nan
[2026-02-16T00:22:38-05:00] trial dataset=eye-state, depth=5, seed=0, status=timeout, acc=nan
[2026-02-16T00:22:38-05:00] trial dataset=eye-state, depth=5, seed=1, status=timeout, acc=nan
[2026-02-16T00:22:38-05:00] trial dataset=eye-state, depth=5, seed=3, status=timeout, acc=nan
[2026-02-16T00:22:38-05:00] trial dataset=eye-state, depth=5, seed=4, status=timeout, acc=nan
[2026-02-16T00:22:38-05:00] trial dataset=eye-state, depth=5, seed=2, status=timeout, acc=nan
[2026-02-16T00:22:38-05:00] trial dataset=eye-movements, depth=6, seed=0, status=timeout, acc=nan
[2026-02-16T00:22:38-05:00] trial dataset=eye-movements, depth=6, seed=2, status=timeout, acc=nan
[2026-02-16T00:22:38-05:00] trial dataset=eye-state, depth=6, seed=0, status=timeout, acc=nan
[2026-02-16T00:22:38-05:00] trial dataset=eye-state, depth=6, seed=1, status=timeout, acc=nan
[2026-02-16T00:22:38-05:00] trial dataset=eye-state, depth=6, seed=2, status=timeout, acc=nan
[2026-02-16T00:22:38-05:00] trial dataset=eye-state, depth=6, seed=3, status=timeout, acc=nan
[2026-02-16T00:22:38-05:00] trial dataset=eye-state, depth=6, seed=4, status=timeout, acc=nan
[2026-02-16T00:22:39-05:00] === Summary Table ===
      dataset  depth_budget  lookahead_depth_budget  n_success  mean_accuracy  mean_balanced_accuracy  mean_trivial_accuracy  std_accuracy  mean_fit_time_sec  mean_n_leaves  mean_n_internal  mean_max_arity  mean_exact_internal_nodes  mean_greedy_internal_nodes
  electricity             2                       1          5         0.7573                  0.7330                 0.5754        0.0034             0.1333         6.0000           1.0000          6.0000                     1.0000                      0.0000
  electricity             3                       2          5         0.7573                  0.7330                 0.5754        0.0034             7.0981         6.0000           1.0000          6.0000                   116.2000                      0.0000
  electricity             4                       3          5         0.7573                  0.7330                 0.5754        0.0034           197.5492         6.0000           1.0000          6.0000                  4698.6000                      0.0000
  electricity             5                       3          0            NaN                     NaN                    NaN           NaN                NaN            NaN              NaN             NaN                        NaN                         NaN
  electricity             6                       3          0            NaN                     NaN                    NaN           NaN                NaN            NaN              NaN             NaN                        NaN                         NaN
eye-movements             2                       1          5         0.5472                  0.5472                 0.5000        0.0195             0.0327         6.0000           1.0000          6.0000                     1.0000                      0.0000
eye-movements             3                       2          5         0.5649                  0.5649                 0.5000        0.0190             5.1777        29.0000           5.6000          6.0000                   217.2000                      0.0000
eye-movements             4                       3          5         0.5671                  0.5671                 0.5000        0.0184           317.7878        38.0000           7.6000          6.0000                 15943.8000                      0.0000
eye-movements             5                       3          0            NaN                     NaN                    NaN           NaN                NaN            NaN              NaN             NaN                        NaN                         NaN
eye-movements             6                       3          0            NaN                     NaN                    NaN           NaN                NaN            NaN              NaN             NaN                        NaN                         NaN
    eye-state             2                       1          5         0.6296                  0.6052                 0.5511        0.0101             0.0609         6.0000           1.0000          6.0000                     1.0000                      0.0000
    eye-state             3                       2          5         0.6664                  0.6546                 0.5511        0.0098             6.8255        35.0000           6.8000          6.0000                   200.4000                      0.0000
    eye-state             4                       3          5         0.6808                  0.6688                 0.5511        0.0160           305.1112       149.2000          30.6000          6.0000                 12551.2000                      0.0000
    eye-state             5                       3          0            NaN                     NaN                    NaN           NaN                NaN            NaN              NaN             NaN                        NaN                         NaN
    eye-state             6                       3          0            NaN                     NaN                    NaN           NaN                NaN            NaN              NaN             NaN                        NaN                         NaN
[2026-02-16T00:22:39-05:00] === Depth vs Accuracy (Exact) ===
[2026-02-16T00:22:39-05:00] Dataset: electricity
[2026-02-16T00:22:39-05:00] Depth 2: ours=0.7573 (75.73%), bal_acc=0.7330 (73.30%), trivial_acc=0.5754 (57.54%), mean_leaves=6.00, paper=0.8490 (84.90%), delta=-0.0917 (-9.17 pp)
[2026-02-16T00:22:39-05:00] Depth 3: ours=0.7573 (75.73%), bal_acc=0.7330 (73.30%), trivial_acc=0.5754 (57.54%), mean_leaves=6.00, paper=0.8260 (82.60%), delta=-0.0687 (-6.87 pp)
[2026-02-16T00:22:39-05:00] Depth 4: ours=0.7573 (75.73%), bal_acc=0.7330 (73.30%), trivial_acc=0.5754 (57.54%), mean_leaves=6.00, paper=0.8660 (86.60%), delta=-0.1087 (-10.87 pp)
[2026-02-16T00:22:39-05:00] Depth 5: ours=nan (nan%), bal_acc=nan (nan%), trivial_acc=nan (nan%), mean_leaves=nan, paper=0.8820 (88.20%), delta=+nan (+nan pp)
[2026-02-16T00:22:39-05:00] Depth 6: ours=nan (nan%), bal_acc=nan (nan%), trivial_acc=nan (nan%), mean_leaves=nan, paper=0.8880 (88.80%), delta=+nan (+nan pp)
[2026-02-16T00:22:39-05:00] Dataset: eye-movements
[2026-02-16T00:22:39-05:00] Depth 2: ours=0.5472 (54.72%), bal_acc=0.5472 (54.72%), trivial_acc=0.5000 (50.00%), mean_leaves=6.00, paper=0.6010 (60.10%), delta=-0.0538 (-5.38 pp)
[2026-02-16T00:22:39-05:00] Depth 3: ours=0.5649 (56.49%), bal_acc=0.5649 (56.49%), trivial_acc=0.5000 (50.00%), mean_leaves=29.00, paper=0.6360 (63.60%), delta=-0.0711 (-7.11 pp)
[2026-02-16T00:22:39-05:00] Depth 4: ours=0.5671 (56.71%), bal_acc=0.5671 (56.71%), trivial_acc=0.5000 (50.00%), mean_leaves=38.00, paper=0.6620 (66.20%), delta=-0.0949 (-9.49 pp)
[2026-02-16T00:22:39-05:00] Depth 5: ours=nan (nan%), bal_acc=nan (nan%), trivial_acc=nan (nan%), mean_leaves=nan, paper=0.6750 (67.50%), delta=+nan (+nan pp)
[2026-02-16T00:22:39-05:00] Depth 6: ours=nan (nan%), bal_acc=nan (nan%), trivial_acc=nan (nan%), mean_leaves=nan, paper=0.6660 (66.60%), delta=+nan (+nan pp)
[2026-02-16T00:22:39-05:00] Dataset: eye-state
[2026-02-16T00:22:39-05:00] Depth 2: ours=0.6296 (62.96%), bal_acc=0.6052 (60.52%), trivial_acc=0.5511 (55.11%), mean_leaves=6.00, paper=0.7590 (75.90%), delta=-0.1294 (-12.94 pp)
[2026-02-16T00:22:39-05:00] Depth 3: ours=0.6664 (66.64%), bal_acc=0.6546 (65.46%), trivial_acc=0.5511 (55.11%), mean_leaves=35.00, paper=0.7630 (76.30%), delta=-0.0966 (-9.66 pp)
[2026-02-16T00:22:39-05:00] Depth 4: ours=0.6808 (68.08%), bal_acc=0.6688 (66.88%), trivial_acc=0.5511 (55.11%), mean_leaves=149.20, paper=0.7930 (79.30%), delta=-0.1122 (-11.22 pp)
[2026-02-16T00:22:39-05:00] Depth 5: ours=nan (nan%), bal_acc=nan (nan%), trivial_acc=nan (nan%), mean_leaves=nan, paper=0.8110 (81.10%), delta=+nan (+nan pp)
[2026-02-16T00:22:39-05:00] Depth 6: ours=nan (nan%), bal_acc=nan (nan%), trivial_acc=nan (nan%), mean_leaves=nan, paper=0.8170 (81.70%), delta=+nan (+nan pp)
[2026-02-16T00:22:39-05:00] Saved run summary CSV: /home/users/yz1075/mdst/results/comparison/compare_1100g_20260216_000837/_tmp/runs_cart/compare_1100g_20260216_000837_cart/compare_1100g_20260216_000837_cart/summary_results.csv
[2026-02-16T00:22:39-05:00] Saved run seed CSV: /home/users/yz1075/mdst/results/comparison/compare_1100g_20260216_000837/_tmp/runs_cart/compare_1100g_20260216_000837_cart/compare_1100g_20260216_000837_cart/seed_results.csv
[2026-02-16T00:22:39-05:00] Saved run plot: /home/users/yz1075/mdst/results/comparison/compare_1100g_20260216_000837/_tmp/runs_cart/compare_1100g_20260216_000837_cart/compare_1100g_20260216_000837_cart/multisplit_cart_dp_accuracy.png
[2026-02-16T00:22:39-05:00] Saved run log: /home/users/yz1075/mdst/results/comparison/compare_1100g_20260216_000837/_tmp/runs_cart/compare_1100g_20260216_000837_cart/compare_1100g_20260216_000837_cart/multisplit_depth_vs_accuracy.log
[2026-02-16T00:22:39-05:00] Saved run manifest: /home/users/yz1075/mdst/results/comparison/compare_1100g_20260216_000837/_tmp/runs_cart/compare_1100g_20260216_000837_cart/compare_1100g_20260216_000837_cart/manifest.json
[2026-02-16T00:22:39-05:00] Saved run paper comparison plot: /home/users/yz1075/mdst/results/comparison/compare_1100g_20260216_000837/_tmp/runs_cart/compare_1100g_20260216_000837_cart/compare_1100g_20260216_000837_cart/multisplit_cart_dp_vs_paper_accuracy.png
[2026-02-16T00:22:39-05:00] Compatibility CSV: /home/users/yz1075/mdst/results/comparison/compare_1100g_20260216_000837/_tmp/stable_cart/multisplit_cart_dp_results.csv
[2026-02-16T00:22:39-05:00] Compatibility plot: /home/users/yz1075/mdst/results/comparison/compare_1100g_20260216_000837/_tmp/stable_cart/multisplit_cart_dp_accuracy.png
[2026-02-16T00:22:39-05:00] Compatibility log: /home/users/yz1075/mdst/results/comparison/compare_1100g_20260216_000837/_tmp/stable_cart/multisplit_depth_vs_accuracy.log
[compare] running: /home/users/yz1075/mdst/.venv/bin/python run_multisplit_experiments_lightgbm.py --run-name compare_1100g_20260216_000837_lightgbm --datasets electricity eye-movements eye-state --depth-budgets 2 3 4 5 6 --seeds 0 1 2 3 4 --test-size 0.2 --time-limit 600.0 --lookahead-cap 3 --max-bins 6 --min-samples-leaf 8 --min-child-size 8 --max-branching 0 --reg 0.01 --branch-penalty 0.002 --parallel-trials 40 --threads-per-trial 1 --results-root results/comparison/compare_1100g_20260216_000837/_tmp/runs_lightgbm/compare_1100g_20260216_000837_lightgbm --stable-results-dir results/comparison/compare_1100g_20260216_000837/_tmp/stable_lightgbm --no-package-artifacts
[2026-02-16T00:22:40-05:00] Starting LightGBM multisplit experiment run.
[2026-02-16T00:22:40-05:00] run_name=compare_1100g_20260216_000837_lightgbm
[2026-02-16T00:22:40-05:00] run_dir=/home/users/yz1075/mdst/results/comparison/compare_1100g_20260216_000837/_tmp/runs_lightgbm/compare_1100g_20260216_000837_lightgbm/compare_1100g_20260216_000837_lightgbm
[2026-02-16T00:22:40-05:00] parallel settings: parallel_trials=40, threads_per_trial=1, lgb_threads=1
[2026-02-16T00:22:40-05:00] OpenML cache directory set to /home/users/yz1075/mdst/results/openml_cache
[2026-02-16T00:22:40-05:00] Loading dataset=electricity
[2026-02-16T00:22:41-05:00] dataset=electricity, class_prevalence(max class)=0.5755
[2026-02-16T00:22:41-05:00] dataset=electricity, depth=2, lookahead=1: seeds [0, 1, 2, 3, 4]
[2026-02-16T00:22:41-05:00] dataset=electricity, depth=3, lookahead=2: seeds [0, 1, 2, 3, 4]
[2026-02-16T00:22:41-05:00] dataset=electricity, depth=4, lookahead=3: seeds [0, 1, 2, 3, 4]
[2026-02-16T00:22:41-05:00] dataset=electricity, depth=5, lookahead=3: seeds [0, 1, 2, 3, 4]
[2026-02-16T00:22:41-05:00] dataset=electricity, depth=6, lookahead=3: seeds [0, 1, 2, 3, 4]
[2026-02-16T00:22:41-05:00] Loading dataset=eye-movements
[2026-02-16T00:22:41-05:00] dataset=eye-movements, class_prevalence(max class)=0.5000
[2026-02-16T00:22:41-05:00] dataset=eye-movements, depth=2, lookahead=1: seeds [0, 1, 2, 3, 4]
[2026-02-16T00:22:41-05:00] dataset=eye-movements, depth=3, lookahead=2: seeds [0, 1, 2, 3, 4]
[2026-02-16T00:22:41-05:00] dataset=eye-movements, depth=4, lookahead=3: seeds [0, 1, 2, 3, 4]
[2026-02-16T00:22:41-05:00] dataset=eye-movements, depth=5, lookahead=3: seeds [0, 1, 2, 3, 4]
[2026-02-16T00:22:41-05:00] dataset=eye-movements, depth=6, lookahead=3: seeds [0, 1, 2, 3, 4]
[2026-02-16T00:22:41-05:00] Loading dataset=eye-state
[2026-02-16T00:22:41-05:00] dataset=eye-state, class_prevalence(max class)=0.5512
[2026-02-16T00:22:41-05:00] dataset=eye-state, depth=2, lookahead=1: seeds [0, 1, 2, 3, 4]
[2026-02-16T00:22:41-05:00] dataset=eye-state, depth=3, lookahead=2: seeds [0, 1, 2, 3, 4]
[2026-02-16T00:22:41-05:00] dataset=eye-state, depth=4, lookahead=3: seeds [0, 1, 2, 3, 4]
[2026-02-16T00:22:41-05:00] dataset=eye-state, depth=5, lookahead=3: seeds [0, 1, 2, 3, 4]
[2026-02-16T00:22:41-05:00] dataset=eye-state, depth=6, lookahead=3: seeds [0, 1, 2, 3, 4]
[2026-02-16T00:22:41-05:00] executing 75 pending trials across 3 dataset(s) with parallel_workers=40, threads_per_trial=1, lgb_threads=1
[2026-02-16T00:35:25-05:00] trial dataset=eye-movements, depth=2, seed=1, status=ok, acc=0.5374507227332457
[2026-02-16T00:35:25-05:00] trial dataset=eye-movements, depth=2, seed=2, status=ok, acc=0.5670170827858082
[2026-02-16T00:35:25-05:00] trial dataset=eye-movements, depth=2, seed=4, status=ok, acc=0.5183968462549278
[2026-02-16T00:35:25-05:00] trial dataset=eye-movements, depth=2, seed=3, status=ok, acc=0.5604467805519053
[2026-02-16T00:35:25-05:00] trial dataset=eye-movements, depth=2, seed=0, status=ok, acc=0.5525624178712221
[2026-02-16T00:35:25-05:00] trial dataset=electricity, depth=2, seed=1, status=ok, acc=0.7543859649122807
[2026-02-16T00:35:25-05:00] trial dataset=electricity, depth=2, seed=0, status=ok, acc=0.7622200154474236
[2026-02-16T00:35:25-05:00] trial dataset=electricity, depth=2, seed=3, status=ok, acc=0.7586891757696127
[2026-02-16T00:35:25-05:00] trial dataset=electricity, depth=2, seed=2, status=ok, acc=0.7567030784508441
[2026-02-16T00:35:25-05:00] trial dataset=electricity, depth=2, seed=4, status=ok, acc=0.7537239324726912
[2026-02-16T00:35:25-05:00] trial dataset=electricity, depth=3, seed=1, status=ok, acc=0.7543859649122807
[2026-02-16T00:35:25-05:00] trial dataset=eye-movements, depth=3, seed=2, status=ok, acc=0.5775295663600526
[2026-02-16T00:35:25-05:00] trial dataset=electricity, depth=3, seed=3, status=ok, acc=0.7586891757696127
[2026-02-16T00:35:25-05:00] trial dataset=electricity, depth=3, seed=4, status=ok, acc=0.7537239324726912
[2026-02-16T00:35:25-05:00] trial dataset=electricity, depth=3, seed=2, status=ok, acc=0.7567030784508441
[2026-02-16T00:35:25-05:00] trial dataset=electricity, depth=3, seed=0, status=ok, acc=0.7622200154474236
[2026-02-16T00:35:25-05:00] trial dataset=eye-state, depth=2, seed=1, status=ok, acc=0.6291722296395194
[2026-02-16T00:35:25-05:00] trial dataset=eye-state, depth=2, seed=0, status=ok, acc=0.6358477970627503
[2026-02-16T00:35:25-05:00] trial dataset=eye-movements, depth=3, seed=0, status=ok, acc=0.5663600525624178
[2026-02-16T00:35:25-05:00] trial dataset=eye-movements, depth=3, seed=3, status=ok, acc=0.5886990801576872
[2026-02-16T00:35:25-05:00] trial dataset=eye-state, depth=2, seed=2, status=ok, acc=0.6411882510013351
[2026-02-16T00:35:25-05:00] trial dataset=eye-state, depth=2, seed=3, status=ok, acc=0.6164886515353805
[2026-02-16T00:35:25-05:00] trial dataset=eye-movements, depth=3, seed=4, status=ok, acc=0.5440210249671484
[2026-02-16T00:35:25-05:00] trial dataset=eye-movements, depth=3, seed=1, status=ok, acc=0.5479632063074902
[2026-02-16T00:35:25-05:00] trial dataset=eye-state, depth=2, seed=4, status=ok, acc=0.6038050734312417
[2026-02-16T00:35:25-05:00] trial dataset=eye-state, depth=3, seed=1, status=ok, acc=0.6695594125500668
[2026-02-16T00:35:25-05:00] trial dataset=eye-state, depth=3, seed=0, status=ok, acc=0.6762349799732977
[2026-02-16T00:35:25-05:00] trial dataset=eye-state, depth=3, seed=2, status=ok, acc=0.6675567423230975
[2026-02-16T00:35:25-05:00] trial dataset=eye-state, depth=3, seed=3, status=ok, acc=0.6592122830440588
[2026-02-16T00:35:25-05:00] trial dataset=eye-state, depth=3, seed=4, status=ok, acc=0.6658878504672897
[2026-02-16T00:35:25-05:00] trial dataset=electricity, depth=4, seed=1, status=ok, acc=0.7543859649122807
[2026-02-16T00:35:25-05:00] trial dataset=electricity, depth=4, seed=3, status=ok, acc=0.7586891757696127
[2026-02-16T00:35:25-05:00] trial dataset=electricity, depth=4, seed=4, status=ok, acc=0.7537239324726912
[2026-02-16T00:35:25-05:00] trial dataset=electricity, depth=4, seed=0, status=ok, acc=0.7622200154474236
[2026-02-16T00:35:25-05:00] trial dataset=electricity, depth=4, seed=2, status=ok, acc=0.7567030784508441
[2026-02-16T00:35:25-05:00] trial dataset=eye-state, depth=4, seed=1, status=ok, acc=0.6832443257676902
[2026-02-16T00:35:25-05:00] trial dataset=eye-state, depth=4, seed=0, status=ok, acc=0.6905874499332443
[2026-02-16T00:35:25-05:00] trial dataset=eye-state, depth=4, seed=2, status=ok, acc=0.684913217623498
[2026-02-16T00:35:25-05:00] trial dataset=eye-state, depth=4, seed=4, status=ok, acc=0.6799065420560748
[2026-02-16T00:35:25-05:00] trial dataset=eye-state, depth=4, seed=3, status=ok, acc=0.6815754339118825
[2026-02-16T00:35:25-05:00] trial dataset=eye-movements, depth=4, seed=2, status=ok, acc=0.5814717477003942
[2026-02-16T00:35:25-05:00] trial dataset=eye-movements, depth=4, seed=1, status=ok, acc=0.5551905387647832
[2026-02-16T00:35:25-05:00] trial dataset=eye-movements, depth=4, seed=3, status=ok, acc=0.5886990801576872
[2026-02-16T00:35:25-05:00] trial dataset=eye-movements, depth=4, seed=0, status=ok, acc=0.5663600525624178
[2026-02-16T00:35:25-05:00] trial dataset=eye-movements, depth=4, seed=4, status=ok, acc=0.5440210249671484
[2026-02-16T00:35:25-05:00] trial dataset=electricity, depth=6, seed=4, status=timeout, acc=nan
[2026-02-16T00:35:25-05:00] trial dataset=electricity, depth=6, seed=2, status=timeout, acc=nan
[2026-02-16T00:35:25-05:00] trial dataset=electricity, depth=6, seed=1, status=timeout, acc=nan
[2026-02-16T00:35:25-05:00] trial dataset=electricity, depth=5, seed=2, status=timeout, acc=nan
[2026-02-16T00:35:25-05:00] trial dataset=electricity, depth=5, seed=0, status=timeout, acc=nan
[2026-02-16T00:35:25-05:00] trial dataset=electricity, depth=6, seed=0, status=timeout, acc=nan
[2026-02-16T00:35:25-05:00] trial dataset=electricity, depth=5, seed=4, status=timeout, acc=nan
[2026-02-16T00:35:25-05:00] trial dataset=electricity, depth=6, seed=3, status=timeout, acc=nan
[2026-02-16T00:35:25-05:00] trial dataset=electricity, depth=5, seed=3, status=timeout, acc=nan
[2026-02-16T00:35:25-05:00] trial dataset=electricity, depth=5, seed=1, status=timeout, acc=nan
[2026-02-16T00:35:25-05:00] trial dataset=eye-movements, depth=5, seed=4, status=timeout, acc=nan
[2026-02-16T00:35:25-05:00] trial dataset=eye-movements, depth=5, seed=1, status=timeout, acc=nan
[2026-02-16T00:35:25-05:00] trial dataset=eye-movements, depth=5, seed=3, status=timeout, acc=nan
[2026-02-16T00:35:25-05:00] trial dataset=eye-state, depth=5, seed=0, status=timeout, acc=nan
[2026-02-16T00:35:25-05:00] trial dataset=eye-state, depth=5, seed=4, status=timeout, acc=nan
[2026-02-16T00:35:25-05:00] trial dataset=eye-state, depth=5, seed=2, status=timeout, acc=nan
[2026-02-16T00:35:25-05:00] trial dataset=eye-state, depth=5, seed=1, status=timeout, acc=nan
[2026-02-16T00:35:25-05:00] trial dataset=eye-movements, depth=5, seed=0, status=timeout, acc=nan
[2026-02-16T00:35:25-05:00] trial dataset=eye-movements, depth=5, seed=2, status=timeout, acc=nan
[2026-02-16T00:35:25-05:00] trial dataset=eye-state, depth=5, seed=3, status=timeout, acc=nan
[2026-02-16T00:35:25-05:00] trial dataset=eye-movements, depth=6, seed=1, status=timeout, acc=nan
[2026-02-16T00:35:25-05:00] trial dataset=eye-movements, depth=6, seed=0, status=timeout, acc=nan
[2026-02-16T00:35:25-05:00] trial dataset=eye-movements, depth=6, seed=4, status=timeout, acc=nan
[2026-02-16T00:35:25-05:00] trial dataset=eye-movements, depth=6, seed=3, status=timeout, acc=nan
[2026-02-16T00:35:25-05:00] trial dataset=eye-movements, depth=6, seed=2, status=timeout, acc=nan
[2026-02-16T00:35:25-05:00] trial dataset=eye-state, depth=6, seed=0, status=timeout, acc=nan
[2026-02-16T00:35:25-05:00] trial dataset=eye-state, depth=6, seed=1, status=timeout, acc=nan
[2026-02-16T00:35:25-05:00] trial dataset=eye-state, depth=6, seed=3, status=timeout, acc=nan
[2026-02-16T00:35:25-05:00] trial dataset=eye-state, depth=6, seed=2, status=timeout, acc=nan
[2026-02-16T00:35:25-05:00] trial dataset=eye-state, depth=6, seed=4, status=timeout, acc=nan
[2026-02-16T00:35:26-05:00] === Summary Table ===
      dataset  depth_budget  lookahead_depth_budget  n_success  mean_accuracy  mean_balanced_accuracy  mean_trivial_accuracy  std_accuracy  mean_fit_time_sec  mean_n_leaves  mean_n_internal  mean_max_arity  mean_exact_internal_nodes  mean_greedy_internal_nodes
  electricity             2                       1          5         0.7571                  0.7329                 0.5754        0.0035             0.1086         6.0000           1.0000          6.0000                     1.0000                      0.0000
  electricity             3                       2          5         0.7571                  0.7329                 0.5754        0.0035             5.5765         6.0000           1.0000          6.0000                    97.8000                      0.0000
  electricity             4                       3          5         0.7571                  0.7329                 0.5754        0.0035           133.2769         6.0000           1.0000          6.0000                  3286.6000                      0.0000
  electricity             5                       3          0            NaN                     NaN                    NaN           NaN                NaN            NaN              NaN             NaN                        NaN                         NaN
  electricity             6                       3          0            NaN                     NaN                    NaN           NaN                NaN            NaN              NaN             NaN                        NaN                         NaN
eye-movements             2                       1          5         0.5472                  0.5472                 0.5000        0.0195             0.0386         6.0000           1.0000          6.0000                     1.0000                      0.0000
eye-movements             3                       2          5         0.5649                  0.5649                 0.5000        0.0190             6.0438        29.0000           5.6000          6.0000                   271.4000                      0.0000
eye-movements             4                       3          5         0.5671                  0.5671                 0.5000        0.0184           449.3376        39.0000           7.6000          6.0000                 22594.8000                      0.0000
eye-movements             5                       3          0            NaN                     NaN                    NaN           NaN                NaN            NaN              NaN             NaN                        NaN                         NaN
eye-movements             6                       3          0            NaN                     NaN                    NaN           NaN                NaN            NaN              NaN             NaN                        NaN                         NaN
    eye-state             2                       1          5         0.6253                  0.6046                 0.5511        0.0152             0.0507         6.0000           1.0000          6.0000                     1.0000                      0.0000
    eye-state             3                       2          5         0.6677                  0.6600                 0.5511        0.0062             4.7491        36.0000           7.0000          6.0000                   198.2000                      0.0000
    eye-state             4                       3          5         0.6840                  0.6719                 0.5511        0.0041           214.2528       133.0000          26.4000          6.0000                 11954.6000                      0.0000
    eye-state             5                       3          0            NaN                     NaN                    NaN           NaN                NaN            NaN              NaN             NaN                        NaN                         NaN
    eye-state             6                       3          0            NaN                     NaN                    NaN           NaN                NaN            NaN              NaN             NaN                        NaN                         NaN
[2026-02-16T00:35:26-05:00] === Depth vs Accuracy (Exact) ===
[2026-02-16T00:35:26-05:00] Dataset: electricity
[2026-02-16T00:35:26-05:00] Depth 2: ours=0.7571 (75.71%), bal_acc=0.7329 (73.29%), trivial_acc=0.5754 (57.54%), mean_leaves=6.00, paper=0.8490 (84.90%), delta=-0.0919 (-9.19 pp)
[2026-02-16T00:35:26-05:00] Depth 3: ours=0.7571 (75.71%), bal_acc=0.7329 (73.29%), trivial_acc=0.5754 (57.54%), mean_leaves=6.00, paper=0.8260 (82.60%), delta=-0.0689 (-6.89 pp)
[2026-02-16T00:35:26-05:00] Depth 4: ours=0.7571 (75.71%), bal_acc=0.7329 (73.29%), trivial_acc=0.5754 (57.54%), mean_leaves=6.00, paper=0.8660 (86.60%), delta=-0.1089 (-10.89 pp)
[2026-02-16T00:35:26-05:00] Depth 5: ours=nan (nan%), bal_acc=nan (nan%), trivial_acc=nan (nan%), mean_leaves=nan, paper=0.8820 (88.20%), delta=+nan (+nan pp)
[2026-02-16T00:35:26-05:00] Depth 6: ours=nan (nan%), bal_acc=nan (nan%), trivial_acc=nan (nan%), mean_leaves=nan, paper=0.8880 (88.80%), delta=+nan (+nan pp)
[2026-02-16T00:35:26-05:00] Dataset: eye-movements
[2026-02-16T00:35:26-05:00] Depth 2: ours=0.5472 (54.72%), bal_acc=0.5472 (54.72%), trivial_acc=0.5000 (50.00%), mean_leaves=6.00, paper=0.6010 (60.10%), delta=-0.0538 (-5.38 pp)
[2026-02-16T00:35:26-05:00] Depth 3: ours=0.5649 (56.49%), bal_acc=0.5649 (56.49%), trivial_acc=0.5000 (50.00%), mean_leaves=29.00, paper=0.6360 (63.60%), delta=-0.0711 (-7.11 pp)
[2026-02-16T00:35:26-05:00] Depth 4: ours=0.5671 (56.71%), bal_acc=0.5671 (56.71%), trivial_acc=0.5000 (50.00%), mean_leaves=39.00, paper=0.6620 (66.20%), delta=-0.0949 (-9.49 pp)
[2026-02-16T00:35:26-05:00] Depth 5: ours=nan (nan%), bal_acc=nan (nan%), trivial_acc=nan (nan%), mean_leaves=nan, paper=0.6750 (67.50%), delta=+nan (+nan pp)
[2026-02-16T00:35:26-05:00] Depth 6: ours=nan (nan%), bal_acc=nan (nan%), trivial_acc=nan (nan%), mean_leaves=nan, paper=0.6660 (66.60%), delta=+nan (+nan pp)
[2026-02-16T00:35:26-05:00] Dataset: eye-state
[2026-02-16T00:35:26-05:00] Depth 2: ours=0.6253 (62.53%), bal_acc=0.6046 (60.46%), trivial_acc=0.5511 (55.11%), mean_leaves=6.00, paper=0.7590 (75.90%), delta=-0.1337 (-13.37 pp)
[2026-02-16T00:35:26-05:00] Depth 3: ours=0.6677 (66.77%), bal_acc=0.6600 (66.00%), trivial_acc=0.5511 (55.11%), mean_leaves=36.00, paper=0.7630 (76.30%), delta=-0.0953 (-9.53 pp)
[2026-02-16T00:35:26-05:00] Depth 4: ours=0.6840 (68.40%), bal_acc=0.6719 (67.19%), trivial_acc=0.5511 (55.11%), mean_leaves=133.00, paper=0.7930 (79.30%), delta=-0.1090 (-10.90 pp)
[2026-02-16T00:35:26-05:00] Depth 5: ours=nan (nan%), bal_acc=nan (nan%), trivial_acc=nan (nan%), mean_leaves=nan, paper=0.8110 (81.10%), delta=+nan (+nan pp)
[2026-02-16T00:35:26-05:00] Depth 6: ours=nan (nan%), bal_acc=nan (nan%), trivial_acc=nan (nan%), mean_leaves=nan, paper=0.8170 (81.70%), delta=+nan (+nan pp)
[2026-02-16T00:35:26-05:00] Saved run summary CSV: /home/users/yz1075/mdst/results/comparison/compare_1100g_20260216_000837/_tmp/runs_lightgbm/compare_1100g_20260216_000837_lightgbm/compare_1100g_20260216_000837_lightgbm/summary_results.csv
[2026-02-16T00:35:26-05:00] Saved run seed CSV: /home/users/yz1075/mdst/results/comparison/compare_1100g_20260216_000837/_tmp/runs_lightgbm/compare_1100g_20260216_000837_lightgbm/compare_1100g_20260216_000837_lightgbm/seed_results.csv
[2026-02-16T00:35:26-05:00] Saved run plot: /home/users/yz1075/mdst/results/comparison/compare_1100g_20260216_000837/_tmp/runs_lightgbm/compare_1100g_20260216_000837_lightgbm/compare_1100g_20260216_000837_lightgbm/multisplit_lightgbm_dp_accuracy.png
[2026-02-16T00:35:26-05:00] Saved run log: /home/users/yz1075/mdst/results/comparison/compare_1100g_20260216_000837/_tmp/runs_lightgbm/compare_1100g_20260216_000837_lightgbm/compare_1100g_20260216_000837_lightgbm/multisplit_lightgbm_depth_vs_accuracy.log
[2026-02-16T00:35:26-05:00] Saved run manifest: /home/users/yz1075/mdst/results/comparison/compare_1100g_20260216_000837/_tmp/runs_lightgbm/compare_1100g_20260216_000837_lightgbm/compare_1100g_20260216_000837_lightgbm/manifest.json
[2026-02-16T00:35:26-05:00] Saved run paper comparison plot: /home/users/yz1075/mdst/results/comparison/compare_1100g_20260216_000837/_tmp/runs_lightgbm/compare_1100g_20260216_000837_lightgbm/compare_1100g_20260216_000837_lightgbm/multisplit_lightgbm_dp_vs_paper_accuracy.png
[2026-02-16T00:35:26-05:00] Compatibility CSV: /home/users/yz1075/mdst/results/comparison/compare_1100g_20260216_000837/_tmp/stable_lightgbm/multisplit_lightgbm_dp_results.csv
[2026-02-16T00:35:26-05:00] Compatibility plot: /home/users/yz1075/mdst/results/comparison/compare_1100g_20260216_000837/_tmp/stable_lightgbm/multisplit_lightgbm_dp_accuracy.png
[2026-02-16T00:35:26-05:00] Compatibility log: /home/users/yz1075/mdst/results/comparison/compare_1100g_20260216_000837/_tmp/stable_lightgbm/multisplit_lightgbm_depth_vs_accuracy.log
[compare] XGBoost dataset=electricity
[compare] XGBoost dataset=eye-movements
[compare] XGBoost dataset=eye-state
[compare] XGBoost parallel workers=40, threads_per_trial=1, trials=75
[compare] visualizing xgboost dataset=electricity depth=6 seed=0
[compare] visualizing: /home/users/yz1075/mdst/.venv/bin/python visualize_multisplit_tree.py --dataset electricity --pipeline xgboost --depth-budget 6 --seed 0 --out results/comparison/compare_1100g_20260216_000837/XGBoost_trees/electricity.png --artifact-out results/comparison/compare_1100g_20260216_000837/tree_artifacts/xgboost/electricity.json --test-size 0.2 --time-limit 600.0 --lookahead-cap 3 --max-bins 6 --min-samples-leaf 8 --min-child-size 8 --max-branching 0 --reg 0.01 --branch-penalty 0.002 --xgb-n-estimators 300 --xgb-learning-rate 0.05 --xgb-num-threads 1
saved results/comparison/compare_1100g_20260216_000837/XGBoost_trees/electricity.png
accuracy 0.8963919232
[compare] visualizing cart dataset=electricity depth=4 seed=0
[compare] visualizing: /home/users/yz1075/mdst/.venv/bin/python visualize_multisplit_tree.py --dataset electricity --pipeline cart --depth-budget 4 --seed 0 --out results/comparison/compare_1100g_20260216_000837/cart_mssplit_trees/electricity.png --artifact-out results/comparison/compare_1100g_20260216_000837/tree_artifacts/cart_mssplit/electricity.json --test-size 0.2 --time-limit 600.0 --lookahead-cap 3 --max-bins 6 --min-samples-leaf 8 --min-child-size 8 --max-branching 0 --reg 0.01 --branch-penalty 0.002 --xgb-n-estimators 300 --xgb-learning-rate 0.05 --xgb-num-threads 1
saved results/comparison/compare_1100g_20260216_000837/cart_mssplit_trees/electricity.png
accuracy 0.7623303542
[compare] visualizing lightgbm dataset=electricity depth=4 seed=0
[compare] visualizing: /home/users/yz1075/mdst/.venv/bin/python visualize_multisplit_tree.py --dataset electricity --pipeline lightgbm --depth-budget 4 --seed 0 --out results/comparison/compare_1100g_20260216_000837/lightgbm_mssplit_trees/electricity.png --artifact-out results/comparison/compare_1100g_20260216_000837/tree_artifacts/lightgbm_mssplit/electricity.json --test-size 0.2 --time-limit 600.0 --lookahead-cap 3 --max-bins 6 --min-samples-leaf 8 --min-child-size 8 --max-branching 0 --reg 0.01 --branch-penalty 0.002 --xgb-n-estimators 300 --xgb-learning-rate 0.05 --xgb-num-threads 1
saved results/comparison/compare_1100g_20260216_000837/lightgbm_mssplit_trees/electricity.png
accuracy 0.7622200154
[compare] visualizing xgboost dataset=eye-movements depth=6 seed=4
[compare] visualizing: /home/users/yz1075/mdst/.venv/bin/python visualize_multisplit_tree.py --dataset eye-movements --pipeline xgboost --depth-budget 6 --seed 4 --out results/comparison/compare_1100g_20260216_000837/XGBoost_trees/eye-movements.png --artifact-out results/comparison/compare_1100g_20260216_000837/tree_artifacts/xgboost/eye-movements.json --test-size 0.2 --time-limit 600.0 --lookahead-cap 3 --max-bins 6 --min-samples-leaf 8 --min-child-size 8 --max-branching 0 --reg 0.01 --branch-penalty 0.002 --xgb-n-estimators 300 --xgb-learning-rate 0.05 --xgb-num-threads 1
saved results/comparison/compare_1100g_20260216_000837/XGBoost_trees/eye-movements.png
accuracy 0.6642575558
[compare] visualizing cart dataset=eye-movements depth=4 seed=3
[compare] visualizing: /home/users/yz1075/mdst/.venv/bin/python visualize_multisplit_tree.py --dataset eye-movements --pipeline cart --depth-budget 4 --seed 3 --out results/comparison/compare_1100g_20260216_000837/cart_mssplit_trees/eye-movements.png --artifact-out results/comparison/compare_1100g_20260216_000837/tree_artifacts/cart_mssplit/eye-movements.json --test-size 0.2 --time-limit 600.0 --lookahead-cap 3 --max-bins 6 --min-samples-leaf 8 --min-child-size 8 --max-branching 0 --reg 0.01 --branch-penalty 0.002 --xgb-n-estimators 300 --xgb-learning-rate 0.05 --xgb-num-threads 1
saved results/comparison/compare_1100g_20260216_000837/cart_mssplit_trees/eye-movements.png
accuracy 0.5886990802
[compare] visualizing lightgbm dataset=eye-movements depth=4 seed=3
[compare] visualizing: /home/users/yz1075/mdst/.venv/bin/python visualize_multisplit_tree.py --dataset eye-movements --pipeline lightgbm --depth-budget 4 --seed 3 --out results/comparison/compare_1100g_20260216_000837/lightgbm_mssplit_trees/eye-movements.png --artifact-out results/comparison/compare_1100g_20260216_000837/tree_artifacts/lightgbm_mssplit/eye-movements.json --test-size 0.2 --time-limit 600.0 --lookahead-cap 3 --max-bins 6 --min-samples-leaf 8 --min-child-size 8 --max-branching 0 --reg 0.01 --branch-penalty 0.002 --xgb-n-estimators 300 --xgb-learning-rate 0.05 --xgb-num-threads 1
saved results/comparison/compare_1100g_20260216_000837/lightgbm_mssplit_trees/eye-movements.png
accuracy 0.5886990802
[compare] visualizing xgboost dataset=eye-state depth=6 seed=2
[compare] visualizing: /home/users/yz1075/mdst/.venv/bin/python visualize_multisplit_tree.py --dataset eye-state --pipeline xgboost --depth-budget 6 --seed 2 --out results/comparison/compare_1100g_20260216_000837/XGBoost_trees/eye-state.png --artifact-out results/comparison/compare_1100g_20260216_000837/tree_artifacts/xgboost/eye-state.json --test-size 0.2 --time-limit 600.0 --lookahead-cap 3 --max-bins 6 --min-samples-leaf 8 --min-child-size 8 --max-branching 0 --reg 0.01 --branch-penalty 0.002 --xgb-n-estimators 300 --xgb-learning-rate 0.05 --xgb-num-threads 1
saved results/comparison/compare_1100g_20260216_000837/XGBoost_trees/eye-state.png
accuracy 0.9178905207
[compare] visualizing cart dataset=eye-state depth=4 seed=0
[compare] visualizing: /home/users/yz1075/mdst/.venv/bin/python visualize_multisplit_tree.py --dataset eye-state --pipeline cart --depth-budget 4 --seed 0 --out results/comparison/compare_1100g_20260216_000837/cart_mssplit_trees/eye-state.png --artifact-out results/comparison/compare_1100g_20260216_000837/tree_artifacts/cart_mssplit/eye-state.json --test-size 0.2 --time-limit 600.0 --lookahead-cap 3 --max-bins 6 --min-samples-leaf 8 --min-child-size 8 --max-branching 0 --reg 0.01 --branch-penalty 0.002 --xgb-n-estimators 300 --xgb-learning-rate 0.05 --xgb-num-threads 1
saved results/comparison/compare_1100g_20260216_000837/cart_mssplit_trees/eye-state.png
accuracy 0.7032710280
[compare] visualizing lightgbm dataset=eye-state depth=4 seed=0
[compare] visualizing: /home/users/yz1075/mdst/.venv/bin/python visualize_multisplit_tree.py --dataset eye-state --pipeline lightgbm --depth-budget 4 --seed 0 --out results/comparison/compare_1100g_20260216_000837/lightgbm_mssplit_trees/eye-state.png --artifact-out results/comparison/compare_1100g_20260216_000837/tree_artifacts/lightgbm_mssplit/eye-state.json --test-size 0.2 --time-limit 600.0 --lookahead-cap 3 --max-bins 6 --min-samples-leaf 8 --min-child-size 8 --max-branching 0 --reg 0.01 --branch-penalty 0.002 --xgb-n-estimators 300 --xgb-learning-rate 0.05 --xgb-num-threads 1
saved results/comparison/compare_1100g_20260216_000837/lightgbm_mssplit_trees/eye-state.png
accuracy 0.6905874499
[compare] saved:
- results/comparison/compare_1100g_20260216_000837/accuracy_vs_depth_all.csv
- results/comparison/compare_1100g_20260216_000837/cart_mssplit_detailed_report.txt
- results/comparison/compare_1100g_20260216_000837/lightgbm_mssplit_detailed_report.txt
- results/comparison/compare_1100g_20260216_000837/accuracy_vs_depth_all.png
- results/comparison/compare_1100g_20260216_000837/XGBoost_trees
- results/comparison/compare_1100g_20260216_000837/cart_mssplit_trees
- results/comparison/compare_1100g_20260216_000837/lightgbm_mssplit_trees
- results/comparison/compare_1100g_20260216_000837/tree_artifacts
- results/comparison/compare_1100g_20260216_000837/timing_profile.json
Saved run profile: /home/users/yz1075/mdst/results/comparison/compare_1100g_20260216_000837/run_profile.json
Saved time profile: /home/users/yz1075/mdst/results/comparison/compare_1100g_20260216_000837/run_profile.time.log
Saved command log: /home/users/yz1075/mdst/results/comparison/compare_1100g_20260216_000837/run_profile.cmd.txt
=== Run Profile Summary ===
wall_time=46:35.21
user_time_sec=45332.47
sys_time_sec=1586.27
cpu_utilization=1678%
max_rss_kb=29772376
max_rss_gb=28.39
Job ended at Mon Feb 16 12:55:24 AM EST 2026
