Job started on compsci-cluster-fitz-39 at Wed Feb 25 04:09:53 PM EST 2026
CPU settings: total_cpus=64, target_cpus=60, parallel_trials=60, threads_per_trial=1, split_threads=1, lgb_threads=1, xgb_threads=1
Optuna settings: enable=1, trials=5, val_size=0.2, seed=0, timeout_sec=0, warmstart_enable=1, warmstart_root=results, warmstart_max=8, seed_candidates=4, cpu_target=1.0, max_active_studies=0, max_concurrent_trials=0
Split protocol: paper_split_protocol=1
LightGBM binning backend: device=gpu, gpu_platform=0, gpu_device=0, gpu_fallback=1, max_gpu_jobs=1, gpu_lock_dir=/tmp/msdt_lgb_gpu_lock, binning_max_bins=12, ensemble_runs=3, ensemble_feature_fraction=0.8, ensemble_bagging_fraction=0.8, ensemble_bagging_freq=1, threshold_dedup_eps=1e-9
SPLIT native backend import OK
[compare] running: /home/users/yz1075/msdt/.venv/bin/python run_multisplit_experiments_lightgbm.py --run-name compare_4alg_optuna5_20260225_160951_lightgbm --datasets electricity eye-movements eye-state --depth-budgets 2 3 4 5 --seeds 0 1 2 3 4 --test-size 0.2 --time-limit 1200.0 --lookahead-cap 3 --max-bins 6 --min-samples-leaf 8 --min-child-size 8 --max-branching 0 --reg 0.01 --parallel-trials 60 --threads-per-trial 1 --optuna-trials 5 --optuna-val-size 0.2 --optuna-seed 0 --optuna-timeout-sec 0.0 --optuna-warmstart-root results --optuna-warmstart-max-per-study 8 --optuna-seed-candidates 4 --cpu-utilization-target 1.0 --optuna-max-active-studies 0 --optuna-max-concurrent-trials 0 --results-root results/comparison/compare_4alg_optuna5_20260225_160951/_tmp/runs_lightgbm/compare_4alg_optuna5_20260225_160951_lightgbm --stable-results-dir results/comparison/compare_4alg_optuna5_20260225_160951/_tmp/stable_lightgbm --no-package-artifacts --optuna-enable --optuna-warmstart-enable --paper-split-protocol --tree-artifacts-dir results/comparison/compare_4alg_optuna5_20260225_160951/tree_artifacts/lightgbm_mssplit_all --lgb-device-type gpu --lgb-binning-max-bins 12 --lgb-ensemble-runs 3 --lgb-ensemble-feature-fraction 0.8 --lgb-ensemble-bagging-fraction 0.8 --lgb-ensemble-bagging-freq 1 --lgb-threshold-dedup-eps 1e-09 --lgb-gpu-platform-id 0 --lgb-gpu-device-id 0 --lgb-gpu-fallback --lgb-max-gpu-jobs 1 --lgb-gpu-lock-dir /tmp/msdt_lgb_gpu_lock
[2026-02-25T16:09:57-05:00] Starting LightGBM multisplit experiment run.
[2026-02-25T16:09:57-05:00] run_name=compare_4alg_optuna5_20260225_160951_lightgbm
[2026-02-25T16:09:57-05:00] run_dir=/home/users/yz1075/msdt/results/comparison/compare_4alg_optuna5_20260225_160951/_tmp/runs_lightgbm/compare_4alg_optuna5_20260225_160951_lightgbm/compare_4alg_optuna5_20260225_160951_lightgbm
[2026-02-25T16:09:57-05:00] parallel settings: parallel_trials=60, threads_per_trial=1, lgb_threads=1, lgb_binning_max_bins=12, lgb_ensemble_runs=3, lgb_device=gpu, lgb_max_gpu_jobs=1, core_budget=60, effective_core_budget=60, effective_parallel_trials=60, cpu_target=1.0
[2026-02-25T16:09:57-05:00] OpenML cache directory set to /home/users/yz1075/msdt/results/openml_cache
[2026-02-25T16:09:57-05:00] Loading dataset=electricity
[2026-02-25T16:09:57-05:00] dataset=electricity, class_prevalence(max class)=0.5755
[2026-02-25T16:09:57-05:00] Loading dataset=eye-movements
[2026-02-25T16:09:57-05:00] dataset=eye-movements, class_prevalence(max class)=0.5000
[2026-02-25T16:09:57-05:00] Loading dataset=eye-state
[2026-02-25T16:09:57-05:00] dataset=eye-state, class_prevalence(max class)=0.5512
[2026-02-25T16:09:57-05:00] optuna scheduling: studies=12, active_studies=12, jobs_per_study=5, effective_slots=60, effective_core_budget=60/60
[2026-02-25T16:09:57-05:00] optuna warm-start: scanned_files=15, study_keys=12, candidates=28, max_per_study=8
[2026-02-25T16:09:58-05:00] optuna fixed validation splits prepared for 12 studies (pipeline=lightgbm, dir=/home/users/yz1075/msdt/results/comparison/compare_4alg_optuna5_20260225_160951/_tmp/runs_lightgbm/compare_4alg_optuna5_20260225_160951_lightgbm/compare_4alg_optuna5_20260225_160951_lightgbm/optuna/study_payloads)
[2026-02-25T16:10:51-05:00] optuna best params saved: /home/users/yz1075/msdt/results/comparison/compare_4alg_optuna5_20260225_160951/_tmp/runs_lightgbm/compare_4alg_optuna5_20260225_160951_lightgbm/compare_4alg_optuna5_20260225_160951_lightgbm/optuna/best_params.csv
[2026-02-25T16:10:51-05:00] dataset=electricity, depth=2, lookahead=1, seeds=[0, 1, 2, 3, 4], tuned=True
[2026-02-25T16:10:51-05:00] dataset=electricity, depth=3, lookahead=1, seeds=[0, 1, 2, 3, 4], tuned=True
[2026-02-25T16:10:51-05:00] dataset=electricity, depth=4, lookahead=2, seeds=[0, 1, 2, 3, 4], tuned=True
[2026-02-25T16:10:51-05:00] dataset=electricity, depth=5, lookahead=3, seeds=[0, 1, 2, 3, 4], tuned=True
[2026-02-25T16:10:51-05:00] dataset=eye-movements, depth=2, lookahead=1, seeds=[0, 1, 2, 3, 4], tuned=True
[2026-02-25T16:10:51-05:00] dataset=eye-movements, depth=3, lookahead=2, seeds=[0, 1, 2, 3, 4], tuned=True
[2026-02-25T16:10:51-05:00] dataset=eye-movements, depth=4, lookahead=1, seeds=[0, 1, 2, 3, 4], tuned=True
[2026-02-25T16:10:51-05:00] dataset=eye-movements, depth=5, lookahead=1, seeds=[0, 1, 2, 3, 4], tuned=True
[2026-02-25T16:10:51-05:00] dataset=eye-state, depth=2, lookahead=1, seeds=[0, 1, 2, 3, 4], tuned=True
[2026-02-25T16:10:51-05:00] dataset=eye-state, depth=3, lookahead=2, seeds=[0, 1, 2, 3, 4], tuned=True
[2026-02-25T16:10:51-05:00] dataset=eye-state, depth=4, lookahead=2, seeds=[0, 1, 2, 3, 4], tuned=True
[2026-02-25T16:10:51-05:00] dataset=eye-state, depth=5, lookahead=3, seeds=[0, 1, 2, 3, 4], tuned=True
[2026-02-25T16:10:51-05:00] executing 60 pending trials across 3 dataset(s) with parallel_workers=60, threads_per_trial=1, lgb_threads=1, effective_core_budget=60/60
[2026-02-25T16:12:08-05:00] trial dataset=eye-movements, depth=2, seed=4, status=ok, acc=0.5183968462549278
[2026-02-25T16:12:08-05:00] trial dataset=electricity, depth=3, seed=1, status=ok, acc=0.7785501489572989
[2026-02-25T16:12:08-05:00] trial dataset=electricity, depth=4, seed=2, status=ok, acc=0.7894736842105263
[2026-02-25T16:12:08-05:00] trial dataset=eye-movements, depth=2, seed=2, status=ok, acc=0.5670170827858082
[2026-02-25T16:12:08-05:00] trial dataset=electricity, depth=4, seed=1, status=ok, acc=0.78417742469381
[2026-02-25T16:12:08-05:00] trial dataset=eye-movements, depth=4, seed=3, status=ok, acc=0.6103810775295664
[2026-02-25T16:12:08-05:00] trial dataset=electricity, depth=2, seed=1, status=ok, acc=0.7543859649122807
[2026-02-25T16:12:08-05:00] trial dataset=eye-state, depth=4, seed=3, status=ok, acc=0.6905874499332443
[2026-02-25T16:12:08-05:00] trial dataset=eye-movements, depth=5, seed=1, status=ok, acc=0.5709592641261498
[2026-02-25T16:12:08-05:00] trial dataset=eye-movements, depth=5, seed=3, status=ok, acc=0.6051248357424441
[2026-02-25T16:12:08-05:00] trial dataset=electricity, depth=3, seed=0, status=ok, acc=0.7864945382323734
[2026-02-25T16:12:08-05:00] trial dataset=electricity, depth=2, seed=0, status=ok, acc=0.762109676707492
[2026-02-25T16:12:08-05:00] trial dataset=eye-movements, depth=4, seed=0, status=ok, acc=0.576215505913272
[2026-02-25T16:12:08-05:00] trial dataset=eye-movements, depth=2, seed=0, status=ok, acc=0.5525624178712221
[2026-02-25T16:12:08-05:00] trial dataset=eye-movements, depth=3, seed=2, status=ok, acc=0.5729303547963206
[2026-02-25T16:12:08-05:00] trial dataset=eye-movements, depth=3, seed=0, status=ok, acc=0.5709592641261498
[2026-02-25T16:12:08-05:00] trial dataset=eye-movements, depth=4, seed=2, status=ok, acc=0.561760840998686
[2026-02-25T16:12:08-05:00] trial dataset=eye-state, depth=4, seed=2, status=ok, acc=0.7076101468624834
[2026-02-25T16:12:08-05:00] trial dataset=electricity, depth=5, seed=3, status=ok, acc=0.8035970429217698
[2026-02-25T16:12:08-05:00] trial dataset=eye-state, depth=4, seed=0, status=ok, acc=0.7229639519359146
[2026-02-25T16:12:08-05:00] trial dataset=eye-state, depth=2, seed=4, status=ok, acc=0.6361815754339119
[2026-02-25T16:12:08-05:00] trial dataset=eye-state, depth=2, seed=3, status=ok, acc=0.6164886515353805
[2026-02-25T16:12:08-05:00] trial dataset=eye-state, depth=2, seed=1, status=ok, acc=0.6275033377837116
[2026-02-25T16:12:08-05:00] trial dataset=eye-movements, depth=3, seed=1, status=ok, acc=0.5742444152431012
[2026-02-25T16:12:08-05:00] trial dataset=eye-state, depth=3, seed=0, status=ok, acc=0.6905874499332443
[2026-02-25T16:12:08-05:00] trial dataset=eye-state, depth=3, seed=4, status=ok, acc=0.6815754339118825
[2026-02-25T16:12:08-05:00] trial dataset=electricity, depth=3, seed=4, status=ok, acc=0.7795431976166832
[2026-02-25T16:12:08-05:00] trial dataset=electricity, depth=2, seed=4, status=ok, acc=0.7537239324726912
[2026-02-25T16:12:08-05:00] trial dataset=eye-movements, depth=2, seed=1, status=ok, acc=0.5374507227332457
[2026-02-25T16:12:08-05:00] trial dataset=electricity, depth=5, seed=0, status=ok, acc=0.81054838353746
[2026-02-25T16:12:08-05:00] trial dataset=electricity, depth=5, seed=4, status=ok, acc=0.8020523005627276
[2026-02-25T16:12:08-05:00] trial dataset=eye-movements, depth=2, seed=3, status=ok, acc=0.5604467805519053
[2026-02-25T16:12:08-05:00] trial dataset=electricity, depth=5, seed=2, status=ok, acc=0.7987421383647799
[2026-02-25T16:12:08-05:00] trial dataset=eye-state, depth=2, seed=2, status=ok, acc=0.6421895861148198
[2026-02-25T16:12:08-05:00] trial dataset=eye-state, depth=5, seed=4, status=ok, acc=0.7700267022696929
[2026-02-25T16:12:08-05:00] trial dataset=eye-state, depth=4, seed=4, status=ok, acc=0.7222963951935915
[2026-02-25T16:12:08-05:00] trial dataset=eye-state, depth=3, seed=3, status=ok, acc=0.6628838451268357
[2026-02-25T16:12:08-05:00] trial dataset=eye-movements, depth=3, seed=3, status=ok, acc=0.6038107752956636
[2026-02-25T16:12:08-05:00] trial dataset=electricity, depth=2, seed=2, status=ok, acc=0.756482400970981
[2026-02-25T16:12:08-05:00] trial dataset=electricity, depth=4, seed=3, status=ok, acc=0.7871565706719629
[2026-02-25T16:12:08-05:00] trial dataset=eye-state, depth=3, seed=2, status=ok, acc=0.6872496662216289
[2026-02-25T16:12:08-05:00] trial dataset=eye-movements, depth=5, seed=4, status=ok, acc=0.5873850197109067
[2026-02-25T16:12:08-05:00] trial dataset=eye-movements, depth=5, seed=2, status=ok, acc=0.5630749014454665
[2026-02-25T16:12:08-05:00] trial dataset=eye-movements, depth=3, seed=4, status=ok, acc=0.5604467805519053
[2026-02-25T16:12:08-05:00] trial dataset=eye-movements, depth=4, seed=4, status=ok, acc=0.576215505913272
[2026-02-25T16:12:08-05:00] trial dataset=eye-state, depth=5, seed=2, status=ok, acc=0.7436582109479306
[2026-02-25T16:12:08-05:00] trial dataset=electricity, depth=4, seed=4, status=ok, acc=0.791459781529295
[2026-02-25T16:12:08-05:00] trial dataset=eye-state, depth=3, seed=1, status=ok, acc=0.6772363150867824
[2026-02-25T16:12:08-05:00] trial dataset=electricity, depth=2, seed=3, status=ok, acc=0.7584684982897495
[2026-02-25T16:12:08-05:00] trial dataset=electricity, depth=3, seed=2, status=ok, acc=0.7782191327375041
[2026-02-25T16:12:08-05:00] trial dataset=electricity, depth=4, seed=0, status=ok, acc=0.805141785280812
[2026-02-25T16:12:08-05:00] trial dataset=eye-movements, depth=4, seed=1, status=ok, acc=0.5716162943495401
[2026-02-25T16:12:08-05:00] trial dataset=eye-movements, depth=5, seed=0, status=ok, acc=0.576215505913272
[2026-02-25T16:12:08-05:00] trial dataset=electricity, depth=3, seed=3, status=ok, acc=0.7795431976166832
[2026-02-25T16:12:08-05:00] trial dataset=eye-state, depth=2, seed=0, status=ok, acc=0.6351802403204272
[2026-02-25T16:12:08-05:00] trial dataset=eye-state, depth=4, seed=1, status=ok, acc=0.7009345794392523
[2026-02-25T16:12:08-05:00] trial dataset=electricity, depth=5, seed=1, status=ok, acc=0.7968663797859429
[2026-02-25T16:12:08-05:00] trial dataset=eye-state, depth=5, seed=0, status=ok, acc=0.7583444592790387
[2026-02-25T16:12:08-05:00] trial dataset=eye-state, depth=5, seed=3, status=ok, acc=0.7403204272363151
[2026-02-25T16:12:08-05:00] trial dataset=eye-state, depth=5, seed=1, status=ok, acc=0.742656875834446
[2026-02-25T16:12:09-05:00] === Summary Table ===
      dataset  depth_budget  lookahead_depth_budget  n_success  mean_train_accuracy  mean_accuracy  mean_balanced_accuracy  mean_trivial_accuracy  std_accuracy  mean_fit_time_sec  mean_n_leaves  mean_n_internal  mean_max_arity  mean_exact_internal_nodes  mean_greedy_internal_nodes
  electricity             2                       1          5               0.7572         0.7570                  0.7328                 0.5754        0.0034             0.0084         6.0000           1.0000          6.0000                     1.0000                      0.0000
  electricity             3                       1          5               0.7818         0.7805                  0.7663                 0.5754        0.0034             0.0635       139.6000          12.6000         12.0000                     1.0000                     41.4000
  electricity             4                       2          5               0.7945         0.7915                  0.7800                 0.5754        0.0081             0.7902      1369.8000         126.8000         12.0000                    43.4000                   1044.0000
  electricity             5                       3          5               0.8093         0.8024                  0.7922                 0.5754        0.0053             8.7943     12948.8000        1249.8000         12.0000                  1172.4000                  18827.0000
eye-movements             2                       1          5               0.5577         0.5472                  0.5472                 0.5000        0.0195             0.0046        10.0000           1.0000         10.0000                     1.0000                      0.0000
eye-movements             3                       2          5               0.5905         0.5765                  0.5765                 0.5000        0.0162             0.1669        86.0000           9.2000         12.0000                    82.2000                      0.0000
eye-movements             4                       1          5               0.6134         0.5792                  0.5792                 0.5000        0.0184             0.0972      1058.4000          99.8000         12.0000                     1.0000                    273.0000
eye-movements             5                       1          5               0.6139         0.5806                  0.5806                 0.5000        0.0163             0.0971      1060.6000         101.6000         12.0000                     1.0000                    273.6000
    eye-state             2                       1          5               0.6320         0.6315                  0.6108                 0.5511        0.0099             0.0079        12.0000           1.0000         12.0000                     1.0000                      0.0000
    eye-state             3                       2          5               0.6804         0.6799                  0.6702                 0.5511        0.0108             0.1296       144.0000          13.0000         12.0000                    52.2000                      0.0000
    eye-state             4                       2          5               0.7264         0.7089                  0.7016                 0.5511        0.0139             1.2303      1717.0000         156.0000         12.0000                    56.0000                   2488.2000
    eye-state             5                       3          5               0.7713         0.7510                  0.7436                 0.5511        0.0128            25.8577     20232.2000        1839.2000         12.0000                  2624.6000                  86130.0000
[2026-02-25T16:12:09-05:00] === Depth vs Accuracy (Exact) ===
[2026-02-25T16:12:09-05:00] Dataset: electricity
[2026-02-25T16:12:09-05:00] Depth 2: ours=0.7570 (75.70%), bal_acc=0.7328 (73.28%), trivial_acc=0.5754 (57.54%), mean_leaves=6.00, paper=0.8490 (84.90%), delta=-0.0920 (-9.20 pp)
[2026-02-25T16:12:09-05:00] Depth 3: ours=0.7805 (78.05%), bal_acc=0.7663 (76.63%), trivial_acc=0.5754 (57.54%), mean_leaves=139.60, paper=0.8260 (82.60%), delta=-0.0455 (-4.55 pp)
[2026-02-25T16:12:09-05:00] Depth 4: ours=0.7915 (79.15%), bal_acc=0.7800 (78.00%), trivial_acc=0.5754 (57.54%), mean_leaves=1369.80, paper=0.8660 (86.60%), delta=-0.0745 (-7.45 pp)
[2026-02-25T16:12:09-05:00] Depth 5: ours=0.8024 (80.24%), bal_acc=0.7922 (79.22%), trivial_acc=0.5754 (57.54%), mean_leaves=12948.80, paper=0.8820 (88.20%), delta=-0.0796 (-7.96 pp)
[2026-02-25T16:12:09-05:00] Dataset: eye-movements
[2026-02-25T16:12:09-05:00] Depth 2: ours=0.5472 (54.72%), bal_acc=0.5472 (54.72%), trivial_acc=0.5000 (50.00%), mean_leaves=10.00, paper=0.6010 (60.10%), delta=-0.0538 (-5.38 pp)
[2026-02-25T16:12:09-05:00] Depth 3: ours=0.5765 (57.65%), bal_acc=0.5765 (57.65%), trivial_acc=0.5000 (50.00%), mean_leaves=86.00, paper=0.6360 (63.60%), delta=-0.0595 (-5.95 pp)
[2026-02-25T16:12:09-05:00] Depth 4: ours=0.5792 (57.92%), bal_acc=0.5792 (57.92%), trivial_acc=0.5000 (50.00%), mean_leaves=1058.40, paper=0.6620 (66.20%), delta=-0.0828 (-8.28 pp)
[2026-02-25T16:12:09-05:00] Depth 5: ours=0.5806 (58.06%), bal_acc=0.5806 (58.06%), trivial_acc=0.5000 (50.00%), mean_leaves=1060.60, paper=0.6750 (67.50%), delta=-0.0944 (-9.44 pp)
[2026-02-25T16:12:09-05:00] Dataset: eye-state
[2026-02-25T16:12:09-05:00] Depth 2: ours=0.6315 (63.15%), bal_acc=0.6108 (61.08%), trivial_acc=0.5511 (55.11%), mean_leaves=12.00, paper=0.7590 (75.90%), delta=-0.1275 (-12.75 pp)
[2026-02-25T16:12:09-05:00] Depth 3: ours=0.6799 (67.99%), bal_acc=0.6702 (67.02%), trivial_acc=0.5511 (55.11%), mean_leaves=144.00, paper=0.7630 (76.30%), delta=-0.0831 (-8.31 pp)
[2026-02-25T16:12:09-05:00] Depth 4: ours=0.7089 (70.89%), bal_acc=0.7016 (70.16%), trivial_acc=0.5511 (55.11%), mean_leaves=1717.00, paper=0.7930 (79.30%), delta=-0.0841 (-8.41 pp)
[2026-02-25T16:12:09-05:00] Depth 5: ours=0.7510 (75.10%), bal_acc=0.7436 (74.36%), trivial_acc=0.5511 (55.11%), mean_leaves=20232.20, paper=0.8110 (81.10%), delta=-0.0600 (-6.00 pp)
[2026-02-25T16:12:09-05:00] Saved run summary CSV: /home/users/yz1075/msdt/results/comparison/compare_4alg_optuna5_20260225_160951/_tmp/runs_lightgbm/compare_4alg_optuna5_20260225_160951_lightgbm/compare_4alg_optuna5_20260225_160951_lightgbm/summary_results.csv
[2026-02-25T16:12:09-05:00] Saved run seed CSV: /home/users/yz1075/msdt/results/comparison/compare_4alg_optuna5_20260225_160951/_tmp/runs_lightgbm/compare_4alg_optuna5_20260225_160951_lightgbm/compare_4alg_optuna5_20260225_160951_lightgbm/seed_results.csv
[2026-02-25T16:12:09-05:00] Saved run plot: /home/users/yz1075/msdt/results/comparison/compare_4alg_optuna5_20260225_160951/_tmp/runs_lightgbm/compare_4alg_optuna5_20260225_160951_lightgbm/compare_4alg_optuna5_20260225_160951_lightgbm/multisplit_lightgbm_dp_accuracy.png
[2026-02-25T16:12:09-05:00] Saved run log: /home/users/yz1075/msdt/results/comparison/compare_4alg_optuna5_20260225_160951/_tmp/runs_lightgbm/compare_4alg_optuna5_20260225_160951_lightgbm/compare_4alg_optuna5_20260225_160951_lightgbm/multisplit_lightgbm_depth_vs_accuracy.log
[2026-02-25T16:12:09-05:00] Saved run manifest: /home/users/yz1075/msdt/results/comparison/compare_4alg_optuna5_20260225_160951/_tmp/runs_lightgbm/compare_4alg_optuna5_20260225_160951_lightgbm/compare_4alg_optuna5_20260225_160951_lightgbm/manifest.json
[2026-02-25T16:12:09-05:00] Saved run paper comparison plot: /home/users/yz1075/msdt/results/comparison/compare_4alg_optuna5_20260225_160951/_tmp/runs_lightgbm/compare_4alg_optuna5_20260225_160951_lightgbm/compare_4alg_optuna5_20260225_160951_lightgbm/multisplit_lightgbm_dp_vs_paper_accuracy.png
[2026-02-25T16:12:09-05:00] Compatibility CSV: /home/users/yz1075/msdt/results/comparison/compare_4alg_optuna5_20260225_160951/_tmp/stable_lightgbm/multisplit_lightgbm_dp_results.csv
[2026-02-25T16:12:09-05:00] Compatibility plot: /home/users/yz1075/msdt/results/comparison/compare_4alg_optuna5_20260225_160951/_tmp/stable_lightgbm/multisplit_lightgbm_dp_accuracy.png
[2026-02-25T16:12:09-05:00] Compatibility log: /home/users/yz1075/msdt/results/comparison/compare_4alg_optuna5_20260225_160951/_tmp/stable_lightgbm/multisplit_lightgbm_depth_vs_accuracy.log
[compare] running: /home/users/yz1075/msdt/.venv/bin/python run_binarysplit_experiments_lightgbm.py --run-name compare_4alg_optuna5_20260225_160951_lightgbm_split --datasets electricity eye-movements eye-state --depth-budgets 2 3 4 5 --seeds 0 1 2 3 4 --test-size 0.2 --time-limit 1200.0 --lookahead-cap 3 --max-bins 6 --min-samples-leaf 8 --min-child-size 8 --max-branching 0 --reg 0.01 --parallel-trials 60 --threads-per-trial 1 --optuna-trials 5 --optuna-val-size 0.2 --optuna-seed 0 --optuna-timeout-sec 0.0 --optuna-warmstart-root results --optuna-warmstart-max-per-study 8 --optuna-seed-candidates 4 --cpu-utilization-target 1.0 --optuna-max-active-studies 0 --optuna-max-concurrent-trials 0 --results-root results/comparison/compare_4alg_optuna5_20260225_160951/_tmp/runs_lightgbm_split/compare_4alg_optuna5_20260225_160951_lightgbm_split --stable-results-dir results/comparison/compare_4alg_optuna5_20260225_160951/_tmp/stable_lightgbm_split --no-package-artifacts --optuna-enable --optuna-warmstart-enable --paper-split-protocol --lgb-device-type gpu --lgb-binning-max-bins 12 --lgb-ensemble-runs 3 --lgb-ensemble-feature-fraction 0.8 --lgb-ensemble-bagging-fraction 0.8 --lgb-ensemble-bagging-freq 1 --lgb-threshold-dedup-eps 1e-09 --lgb-gpu-platform-id 0 --lgb-gpu-device-id 0 --lgb-gpu-fallback --lgb-max-gpu-jobs 1 --lgb-gpu-lock-dir /tmp/msdt_lgb_gpu_lock
[2026-02-25T16:12:10-05:00] Starting LightGBM SPLIT experiment run.
[2026-02-25T16:12:10-05:00] run_name=compare_4alg_optuna5_20260225_160951_lightgbm_split
[2026-02-25T16:12:10-05:00] run_dir=/home/users/yz1075/msdt/results/comparison/compare_4alg_optuna5_20260225_160951/_tmp/runs_lightgbm_split/compare_4alg_optuna5_20260225_160951_lightgbm_split/compare_4alg_optuna5_20260225_160951_lightgbm_split
[2026-02-25T16:12:10-05:00] parallel settings: parallel_trials=60, threads_per_trial=1, lgb_threads=1, lgb_binning_max_bins=12, lgb_ensemble_runs=3, lgb_device=gpu, lgb_max_gpu_jobs=1, core_budget=60, effective_core_budget=60, effective_parallel_trials=60, cpu_target=1.0
[2026-02-25T16:12:10-05:00] OpenML cache directory set to /home/users/yz1075/msdt/results/openml_cache
[2026-02-25T16:12:10-05:00] Loading dataset=electricity
[2026-02-25T16:12:11-05:00] dataset=electricity, class_prevalence(max class)=0.5755
[2026-02-25T16:12:11-05:00] Loading dataset=eye-movements
[2026-02-25T16:12:11-05:00] dataset=eye-movements, class_prevalence(max class)=0.5000
[2026-02-25T16:12:11-05:00] Loading dataset=eye-state
[2026-02-25T16:12:11-05:00] dataset=eye-state, class_prevalence(max class)=0.5512
[2026-02-25T16:12:11-05:00] optuna scheduling: studies=12, active_studies=12, jobs_per_study=5, effective_slots=60, effective_core_budget=60/60
[2026-02-25T16:12:11-05:00] optuna warm-start: scanned_files=17, study_keys=12, candidates=34, max_per_study=8
[2026-02-25T16:12:11-05:00] optuna fixed validation splits prepared for 12 studies (pipeline=lightgbm_split, dir=/home/users/yz1075/msdt/results/comparison/compare_4alg_optuna5_20260225_160951/_tmp/runs_lightgbm_split/compare_4alg_optuna5_20260225_160951_lightgbm_split/compare_4alg_optuna5_20260225_160951_lightgbm_split/optuna/study_payloads)
