Job started on compsci-cluster-fitz-35 at Tue Feb 24 08:47:42 PM EST 2026
CPU settings: total_cpus=64, parallel_trials=64, threads_per_trial=1, split_threads=1, lgb_threads=1, xgb_threads=2
Optuna settings: enable=1, trials=10, val_size=0.2, seed=0, timeout_sec=0, warmstart_enable=1, warmstart_root=results, warmstart_max=8, seed_candidates=4, cpu_target=0.94, max_active_studies=0, max_concurrent_trials=0
LightGBM binning backend: device=gpu, gpu_platform=0, gpu_device=0, gpu_fallback=0, max_gpu_jobs=1, gpu_lock_dir=/tmp/msdt_lgb_gpu_lock, binning_max_bins=12, ensemble_runs=3, ensemble_feature_fraction=0.8, ensemble_bagging_fraction=0.8, ensemble_bagging_freq=1, threshold_dedup_eps=1e-9
Dataset runtime mode: datasets=['electricity', 'eye-movements', 'eye-state'], B_sweep=[32, 64, 128, 256, 512, 1024], trials=50, m=5, lambda=0.01, max_branch_n=6, ub_best=inf, binning=lightgbm, dynamic_ub=False, solvers=['baseline', 'dl85_cbb', 'binoct_flow', 'snip', 'gosdt_dpb', 'linear_fallback', 'candidate']

[electricity] shape=45312x8 label_mode=binary classes=2 pos_label=UP pos=19237 neg=26075
  B=  32 | B_eff_mean=28.88 [7, 32]
    runtime_ms_total_features: Baseline=6.911ms, DL8.5-CBB=3.383ms, BinOCT-Flow=5.644ms, SNIP=2.198ms, GOSDT-DPB=4.233ms, Grid-DP=1.216ms, RUSH-DP=0.2168ms
    speedup_vs_baseline: DL8.5-CBB=2.043x, BinOCT-Flow=1.225x, SNIP=3.144x, GOSDT-DPB=1.633x, Grid-DP=5.684x, RUSH-DP=31.89x
    acc_gap_vs_baseline: DL8.5-CBB=0, BinOCT-Flow=0, SNIP=0, GOSDT-DPB=0, Grid-DP=0, RUSH-DP=0
    accuracy_mean: Baseline=0.75501, DL8.5-CBB=0.75501, BinOCT-Flow=0.75501, SNIP=0.75501, GOSDT-DPB=0.75501, Grid-DP=0.75501, RUSH-DP=0.75501
    coverage: shared_valid=50/50, n_features=8
  B=  64 | B_eff_mean=54.88 [7, 64]
    runtime_ms_total_features: Baseline=27.28ms, DL8.5-CBB=16.38ms, BinOCT-Flow=23.14ms, SNIP=4.976ms, GOSDT-DPB=21.53ms, Grid-DP=2.09ms, RUSH-DP=0.3642ms
    speedup_vs_baseline: DL8.5-CBB=1.665x, BinOCT-Flow=1.179x, SNIP=5.481x, GOSDT-DPB=1.267x, Grid-DP=13.05x, RUSH-DP=74.9x
    acc_gap_vs_baseline: DL8.5-CBB=0, BinOCT-Flow=0, SNIP=0, GOSDT-DPB=0, Grid-DP=0, RUSH-DP=0
    accuracy_mean: Baseline=0.756886, DL8.5-CBB=0.756886, BinOCT-Flow=0.756886, SNIP=0.756886, GOSDT-DPB=0.756886, Grid-DP=0.756886, RUSH-DP=0.756886
    coverage: shared_valid=50/50, n_features=8
  B= 128 | B_eff_mean=102.9 [7, 128]
    runtime_ms_total_features: Baseline=103.5ms, DL8.5-CBB=70.66ms, BinOCT-Flow=97.27ms, SNIP=11.73ms, GOSDT-DPB=93.02ms, Grid-DP=3.981ms, RUSH-DP=0.7487ms
    speedup_vs_baseline: DL8.5-CBB=1.465x, BinOCT-Flow=1.064x, SNIP=8.827x, GOSDT-DPB=1.113x, Grid-DP=26x, RUSH-DP=138.3x
    acc_gap_vs_baseline: DL8.5-CBB=0, BinOCT-Flow=0, SNIP=0, GOSDT-DPB=0, Grid-DP=0, RUSH-DP=0
    accuracy_mean: Baseline=0.756886, DL8.5-CBB=0.756886, BinOCT-Flow=0.756886, SNIP=0.756886, GOSDT-DPB=0.756886, Grid-DP=0.756886, RUSH-DP=0.756886
    coverage: shared_valid=50/50, n_features=8
  B= 256 | B_eff_mean=198.9 [7, 256]
    runtime_ms_total_features: Baseline=388.7ms, DL8.5-CBB=355.7ms, BinOCT-Flow=405.1ms, SNIP=30.43ms, GOSDT-DPB=451.5ms, Grid-DP=7.692ms, RUSH-DP=1.471ms
    speedup_vs_baseline: DL8.5-CBB=1.093x, BinOCT-Flow=0.9596x, SNIP=12.77x, GOSDT-DPB=0.861x, Grid-DP=50.54x, RUSH-DP=264.3x
    acc_gap_vs_baseline: DL8.5-CBB=0, BinOCT-Flow=0, SNIP=0, GOSDT-DPB=0, Grid-DP=0, RUSH-DP=0
    accuracy_mean: Baseline=0.758651, DL8.5-CBB=0.758651, BinOCT-Flow=0.758651, SNIP=0.758651, GOSDT-DPB=0.758651, Grid-DP=0.758651, RUSH-DP=0.758651
    coverage: shared_valid=50/50, n_features=8
  B= 512 | B_eff_mean=390.9 [7, 512]
    runtime_ms_total_features: Baseline=1575ms, DL8.5-CBB=1543ms, BinOCT-Flow=1733ms, SNIP=93.19ms, GOSDT-DPB=1861ms, Grid-DP=15.5ms, RUSH-DP=3.73ms
    speedup_vs_baseline: DL8.5-CBB=1.021x, BinOCT-Flow=0.9087x, SNIP=16.9x, GOSDT-DPB=0.8463x, Grid-DP=101.6x, RUSH-DP=422.2x
    acc_gap_vs_baseline: DL8.5-CBB=0, BinOCT-Flow=0, SNIP=0, GOSDT-DPB=0, Grid-DP=0, RUSH-DP=0
    accuracy_mean: Baseline=0.758784, DL8.5-CBB=0.758784, BinOCT-Flow=0.758784, SNIP=0.758784, GOSDT-DPB=0.758784, Grid-DP=0.758784, RUSH-DP=0.758784
    coverage: shared_valid=50/50, n_features=8
  B=1024 | B_eff_mean=761.6 [7, 1024]
    runtime_ms_total_features: Baseline=6185ms, DL8.5-CBB=6293ms, BinOCT-Flow=6783ms, SNIP=295.5ms, GOSDT-DPB=7598ms, Grid-DP=30.02ms, RUSH-DP=8.507ms
    speedup_vs_baseline: DL8.5-CBB=0.9828x, BinOCT-Flow=0.9119x, SNIP=20.93x, GOSDT-DPB=0.814x, Grid-DP=206x, RUSH-DP=727.1x
    acc_gap_vs_baseline: DL8.5-CBB=0, BinOCT-Flow=0, SNIP=0, GOSDT-DPB=0, Grid-DP=0, RUSH-DP=0
    accuracy_mean: Baseline=0.759048, DL8.5-CBB=0.759048, BinOCT-Flow=0.759048, SNIP=0.759048, GOSDT-DPB=0.759048, Grid-DP=0.759048, RUSH-DP=0.759048
    coverage: shared_valid=50/50, n_features=8

[eye-movements] shape=7608x23 label_mode=binary classes=2 pos_label=1 pos=3804 neg=3804
  B=  32 | B_eff_mean=26.26 [2, 32]
    runtime_ms_total_features: Baseline=16.89ms, DL8.5-CBB=14.9ms, BinOCT-Flow=19.04ms, SNIP=8.595ms, GOSDT-DPB=20.76ms, Grid-DP=2.981ms, RUSH-DP=1.519ms
    speedup_vs_baseline: DL8.5-CBB=1.134x, BinOCT-Flow=0.8873x, SNIP=1.965x, GOSDT-DPB=0.8139x, Grid-DP=5.667x, RUSH-DP=11.12x
    acc_gap_vs_baseline: DL8.5-CBB=0, BinOCT-Flow=0, SNIP=0, GOSDT-DPB=0, Grid-DP=0, RUSH-DP=0
    accuracy_mean: Baseline=0.565063, DL8.5-CBB=0.565063, BinOCT-Flow=0.565063, SNIP=0.565063, GOSDT-DPB=0.565063, Grid-DP=0.565063, RUSH-DP=0.565063
    coverage: shared_valid=50/50, n_features=23
  B=  64 | B_eff_mean=50.7 [2, 64]
    runtime_ms_total_features: Baseline=68.81ms, DL8.5-CBB=60.93ms, BinOCT-Flow=75.4ms, SNIP=23.34ms, GOSDT-DPB=82.81ms, Grid-DP=5.749ms, RUSH-DP=2.956ms
    speedup_vs_baseline: DL8.5-CBB=1.129x, BinOCT-Flow=0.9126x, SNIP=2.948x, GOSDT-DPB=0.8309x, Grid-DP=11.97x, RUSH-DP=23.27x
    acc_gap_vs_baseline: DL8.5-CBB=0, BinOCT-Flow=0, SNIP=0, GOSDT-DPB=0, Grid-DP=0, RUSH-DP=0
    accuracy_mean: Baseline=0.565063, DL8.5-CBB=0.565063, BinOCT-Flow=0.565063, SNIP=0.565063, GOSDT-DPB=0.565063, Grid-DP=0.565063, RUSH-DP=0.565063
    coverage: shared_valid=50/50, n_features=23
  B= 128 | B_eff_mean=88.39 [2, 128]
    runtime_ms_total_features: Baseline=227.3ms, DL8.5-CBB=226.6ms, BinOCT-Flow=249.9ms, SNIP=51.98ms, GOSDT-DPB=292.1ms, Grid-DP=9.995ms, RUSH-DP=5.233ms
    speedup_vs_baseline: DL8.5-CBB=1.003x, BinOCT-Flow=0.9094x, SNIP=4.373x, GOSDT-DPB=0.7781x, Grid-DP=22.74x, RUSH-DP=43.44x
    acc_gap_vs_baseline: DL8.5-CBB=0, BinOCT-Flow=0, SNIP=0, GOSDT-DPB=0, Grid-DP=0, RUSH-DP=0
    accuracy_mean: Baseline=0.565063, DL8.5-CBB=0.565063, BinOCT-Flow=0.565063, SNIP=0.565063, GOSDT-DPB=0.565063, Grid-DP=0.565063, RUSH-DP=0.565063
    coverage: shared_valid=50/50, n_features=23
  B= 256 | B_eff_mean=157.4 [2, 256]
    runtime_ms_total_features: Baseline=814.4ms, DL8.5-CBB=869.6ms, BinOCT-Flow=907.5ms, SNIP=121.9ms, GOSDT-DPB=1052ms, Grid-DP=17.95ms, RUSH-DP=9.6ms
    speedup_vs_baseline: DL8.5-CBB=0.9366x, BinOCT-Flow=0.8974x, SNIP=6.683x, GOSDT-DPB=0.7742x, Grid-DP=45.36x, RUSH-DP=84.83x
    acc_gap_vs_baseline: DL8.5-CBB=0, BinOCT-Flow=0, SNIP=0, GOSDT-DPB=0, Grid-DP=0, RUSH-DP=0
    accuracy_mean: Baseline=0.565063, DL8.5-CBB=0.565063, BinOCT-Flow=0.565063, SNIP=0.565063, GOSDT-DPB=0.565063, Grid-DP=0.565063, RUSH-DP=0.565063
    coverage: shared_valid=50/50, n_features=23
  B= 512 | B_eff_mean=269.3 [2, 512]
    runtime_ms_total_features: Baseline=2769ms, DL8.5-CBB=3101ms, BinOCT-Flow=3140ms, SNIP=266.8ms, GOSDT-DPB=3590ms, Grid-DP=30.98ms, RUSH-DP=16.45ms
    speedup_vs_baseline: DL8.5-CBB=0.8931x, BinOCT-Flow=0.8821x, SNIP=10.38x, GOSDT-DPB=0.7714x, Grid-DP=89.39x, RUSH-DP=168.3x
    acc_gap_vs_baseline: DL8.5-CBB=0, BinOCT-Flow=0, SNIP=0, GOSDT-DPB=0, Grid-DP=0, RUSH-DP=0
    accuracy_mean: Baseline=0.565063, DL8.5-CBB=0.565063, BinOCT-Flow=0.565063, SNIP=0.565063, GOSDT-DPB=0.565063, Grid-DP=0.565063, RUSH-DP=0.565063
    coverage: shared_valid=50/50, n_features=23
  B=1024 | B_eff_mean=460.4 [2, 1024]
    runtime_ms_total_features: Baseline=9576ms, DL8.5-CBB=1.093e+04ms, BinOCT-Flow=1.083e+04ms, SNIP=583ms, GOSDT-DPB=1.219e+04ms, Grid-DP=52.53ms, RUSH-DP=28.25ms
    speedup_vs_baseline: DL8.5-CBB=0.876x, BinOCT-Flow=0.8844x, SNIP=16.42x, GOSDT-DPB=0.7855x, Grid-DP=182.3x, RUSH-DP=339x
    acc_gap_vs_baseline: DL8.5-CBB=0, BinOCT-Flow=0, SNIP=0, GOSDT-DPB=0, Grid-DP=0, RUSH-DP=0
    accuracy_mean: Baseline=0.565063, DL8.5-CBB=0.565063, BinOCT-Flow=0.565063, SNIP=0.565063, GOSDT-DPB=0.565063, Grid-DP=0.565063, RUSH-DP=0.565063
    coverage: shared_valid=50/50, n_features=23

[eye-state] shape=14980x14 label_mode=binary classes=2 pos_label=2 pos=6723 neg=8257
  B=  32 | B_eff_mean=32 [32, 32]
    runtime_ms_total_features: Baseline=12.57ms, DL8.5-CBB=8.095ms, BinOCT-Flow=11.84ms, SNIP=4.103ms, GOSDT-DPB=9.772ms, Grid-DP=2.117ms, RUSH-DP=0.4043ms
    speedup_vs_baseline: DL8.5-CBB=1.553x, BinOCT-Flow=1.062x, SNIP=3.064x, GOSDT-DPB=1.286x, Grid-DP=5.937x, RUSH-DP=31.09x
    acc_gap_vs_baseline: DL8.5-CBB=0, BinOCT-Flow=0, SNIP=0, GOSDT-DPB=0, Grid-DP=0, RUSH-DP=0
    accuracy_mean: Baseline=0.630841, DL8.5-CBB=0.630841, BinOCT-Flow=0.630841, SNIP=0.630841, GOSDT-DPB=0.630841, Grid-DP=0.630841, RUSH-DP=0.630841
    coverage: shared_valid=50/50, n_features=14
  B=  64 | B_eff_mean=64 [64, 64]
    runtime_ms_total_features: Baseline=54.16ms, DL8.5-CBB=42.72ms, BinOCT-Flow=56.67ms, SNIP=10.82ms, GOSDT-DPB=55.7ms, Grid-DP=4.386ms, RUSH-DP=0.819ms
    speedup_vs_baseline: DL8.5-CBB=1.268x, BinOCT-Flow=0.9557x, SNIP=5.006x, GOSDT-DPB=0.9722x, Grid-DP=12.35x, RUSH-DP=66.13x
    acc_gap_vs_baseline: DL8.5-CBB=0, BinOCT-Flow=0, SNIP=0, GOSDT-DPB=0, Grid-DP=0, RUSH-DP=0
    accuracy_mean: Baseline=0.633578, DL8.5-CBB=0.633578, BinOCT-Flow=0.633578, SNIP=0.633578, GOSDT-DPB=0.633578, Grid-DP=0.633578, RUSH-DP=0.633578
    coverage: shared_valid=50/50, n_features=14
  B= 128 | B_eff_mean=128 [128, 128]
    runtime_ms_total_features: Baseline=221.4ms, DL8.5-CBB=197.9ms, BinOCT-Flow=241ms, SNIP=30.68ms, GOSDT-DPB=263.8ms, Grid-DP=8.72ms, RUSH-DP=1.861ms
    speedup_vs_baseline: DL8.5-CBB=1.119x, BinOCT-Flow=0.9187x, SNIP=7.216x, GOSDT-DPB=0.8393x, Grid-DP=25.39x, RUSH-DP=118.9x
    acc_gap_vs_baseline: DL8.5-CBB=0, BinOCT-Flow=0, SNIP=0, GOSDT-DPB=0, Grid-DP=0, RUSH-DP=0
    accuracy_mean: Baseline=0.635314, DL8.5-CBB=0.635314, BinOCT-Flow=0.635314, SNIP=0.635314, GOSDT-DPB=0.635314, Grid-DP=0.635314, RUSH-DP=0.635314
    coverage: shared_valid=50/50, n_features=14
  B= 256 | B_eff_mean=253.1 [246, 256]
    runtime_ms_total_features: Baseline=874.2ms, DL8.5-CBB=748ms, BinOCT-Flow=941.6ms, SNIP=121.9ms, GOSDT-DPB=1101ms, Grid-DP=17.28ms, RUSH-DP=4.732ms
    speedup_vs_baseline: DL8.5-CBB=1.169x, BinOCT-Flow=0.9284x, SNIP=7.169x, GOSDT-DPB=0.794x, Grid-DP=50.58x, RUSH-DP=184.7x
    acc_gap_vs_baseline: DL8.5-CBB=0, BinOCT-Flow=0, SNIP=0, GOSDT-DPB=0, Grid-DP=0, RUSH-DP=0
    accuracy_mean: Baseline=0.635781, DL8.5-CBB=0.635781, BinOCT-Flow=0.635781, SNIP=0.635781, GOSDT-DPB=0.635781, Grid-DP=0.635781, RUSH-DP=0.635781
    coverage: shared_valid=50/50, n_features=14
  B= 512 | B_eff_mean=368 [286, 483]
    runtime_ms_total_features: Baseline=1891ms, DL8.5-CBB=1647ms, BinOCT-Flow=2051ms, SNIP=243.3ms, GOSDT-DPB=2409ms, Grid-DP=25.45ms, RUSH-DP=7.315ms
    speedup_vs_baseline: DL8.5-CBB=1.148x, BinOCT-Flow=0.9217x, SNIP=7.769x, GOSDT-DPB=0.7847x, Grid-DP=74.29x, RUSH-DP=258.5x
    acc_gap_vs_baseline: DL8.5-CBB=0, BinOCT-Flow=0, SNIP=0, GOSDT-DPB=0, Grid-DP=0, RUSH-DP=0
    accuracy_mean: Baseline=0.635848, DL8.5-CBB=0.635848, BinOCT-Flow=0.635848, SNIP=0.635848, GOSDT-DPB=0.635848, Grid-DP=0.635848, RUSH-DP=0.635848
    coverage: shared_valid=50/50, n_features=14
  B=1024 | B_eff_mean=388 [286, 593]
    runtime_ms_total_features: Baseline=2159ms, DL8.5-CBB=1936ms, BinOCT-Flow=2343ms, SNIP=255ms, GOSDT-DPB=2739ms, Grid-DP=27.03ms, RUSH-DP=7.799ms
    speedup_vs_baseline: DL8.5-CBB=1.115x, BinOCT-Flow=0.9215x, SNIP=8.465x, GOSDT-DPB=0.7882x, Grid-DP=79.88x, RUSH-DP=276.8x
    acc_gap_vs_baseline: DL8.5-CBB=0, BinOCT-Flow=0, SNIP=0, GOSDT-DPB=0, Grid-DP=0, RUSH-DP=0
    accuracy_mean: Baseline=0.635848, DL8.5-CBB=0.635848, BinOCT-Flow=0.635848, SNIP=0.635848, GOSDT-DPB=0.635848, Grid-DP=0.635848, RUSH-DP=0.635848
    coverage: shared_valid=50/50, n_features=14

Saved runtime plot: partition-dp/results/runtime_full_comparison_static_ub_20260224_204741.pdf
Saved B_eff runtime plot: partition-dp/results/runtime_full_comparison_static_ub_20260224_204741_beff.pdf
Saved accuracy plot: partition-dp/results/runtime_full_comparison_static_ub_20260224_204741_accuracy.pdf
Saved metrics log: partition-dp/results/runtime_full_comparison_static_ub_20260224_204741_metrics.json
Saved run profile: /home/users/yz1075/msdt/results/test_strat/test_strat_static_ub_20260224_204741/run_profile.json
Saved time profile: /home/users/yz1075/msdt/results/test_strat/test_strat_static_ub_20260224_204741/run_profile.time.log
Saved command log: /home/users/yz1075/msdt/results/test_strat/test_strat_static_ub_20260224_204741/run_profile.cmd.txt
=== Run Profile Summary ===
wall_time=1:41:26
user_time_sec=6084.46
sys_time_sec=0.97
cpu_utilization=99%
max_rss_kb=678100
max_rss_gb=0.65
Job ended at Tue Feb 24 10:29:08 PM EST 2026
