[ATOMCOLOR-PAIR-PROFILE] phase=start depth=0 rows=31717 features_done=0/14 pairs=0 feasible_pairs=0 exactify_calls=0 exactify_feasible=0 exactify_aborted=0 prep_sec=0.000 family_sec=0.000 bounds_sec=0.000 exactify_sec=0.000 incumbent_f=-1 incumbent_g=-1 incumbent_ub=inf node_lb=inf max_ambiguity=inf pending_pairs=0 elapsed_sec=0.000
[ATOMCOLOR-PAIR-DETAIL] phase=prep_start depth=0 feature=0 rows=31717 atoms=0 groups=0 elapsed_sec=0.000
[ATOMCOLOR-PAIR-DETAIL] phase=prep_done depth=0 feature=0 rows=31717 atoms=0 groups=0 elapsed_sec=0.004
[ATOMCOLOR-PAIR-DETAIL] phase=family_prep_start depth=0 feature=0 rows=0 atoms=0 groups=0 elapsed_sec=0.000
[ATOMCOLOR-PAIR-DETAIL] phase=family_dict_done depth=0 feature=0 rows=0 atoms=32 groups=0 elapsed_sec=0.010
[ATOMCOLOR-PAIR-DETAIL] phase=family_start depth=0 feature=0 rows=0 atoms=32 groups=3 elapsed_sec=0.000
[ATOMCOLOR-PAIR-DETAIL] phase=family_group_done depth=0 feature=0 rows=0 atoms=32 groups=2 elapsed_sec=0.001
[ATOMCOLOR-PAIR-DETAIL] phase=family_group_done depth=0 feature=0 rows=0 atoms=32 groups=3 elapsed_sec=16.454
[ATOMCOLOR-PAIR-DETAIL] phase=family_done depth=0 feature=0 rows=0 atoms=32 groups=3 elapsed_sec=16.454
[ATOMCOLOR-PAIR-DETAIL] phase=family_exact_done depth=0 feature=0 rows=0 atoms=32 groups=3 elapsed_sec=16.464
[ATOMCOLOR-PAIR-DETAIL] phase=family_prep_done depth=0 feature=0 rows=0 atoms=32 groups=2 elapsed_sec=16.464
[ATOMCOLOR-PAIR-PROFILE] phase=broad depth=0 rows=31717 features_done=1/14 pairs=2 feasible_pairs=2 exactify_calls=0 exactify_feasible=0 exactify_aborted=0 prep_sec=0.004 family_sec=16.464 bounds_sec=0.005 exactify_sec=0.000 incumbent_f=-1 incumbent_g=-1 incumbent_ub=inf node_lb=inf max_ambiguity=inf pending_pairs=0 elapsed_sec=16.473
[ATOMCOLOR-PAIR-DETAIL] phase=prep_start depth=0 feature=1 rows=31717 atoms=0 groups=0 elapsed_sec=0.000
[ATOMCOLOR-PAIR-DETAIL] phase=prep_done depth=0 feature=1 rows=31717 atoms=0 groups=0 elapsed_sec=0.003
[ATOMCOLOR-PAIR-DETAIL] phase=family_prep_start depth=0 feature=1 rows=0 atoms=0 groups=0 elapsed_sec=0.000
[ATOMCOLOR-PAIR-DETAIL] phase=family_dict_done depth=0 feature=1 rows=0 atoms=32 groups=0 elapsed_sec=0.000
[ATOMCOLOR-PAIR-DETAIL] phase=family_start depth=0 feature=1 rows=0 atoms=32 groups=3 elapsed_sec=0.000
[ATOMCOLOR-PAIR-DETAIL] phase=family_group_done depth=0 feature=1 rows=0 atoms=32 groups=2 elapsed_sec=0.001
[ATOMCOLOR-PAIR-DETAIL] phase=family_group_done depth=0 feature=1 rows=0 atoms=32 groups=3 elapsed_sec=16.114
[ATOMCOLOR-PAIR-DETAIL] phase=family_done depth=0 feature=1 rows=0 atoms=32 groups=3 elapsed_sec=16.114
[ATOMCOLOR-PAIR-DETAIL] phase=family_exact_done depth=0 feature=1 rows=0 atoms=32 groups=3 elapsed_sec=16.114
[ATOMCOLOR-PAIR-DETAIL] phase=family_prep_done depth=0 feature=1 rows=0 atoms=32 groups=2 elapsed_sec=16.114
[ATOMCOLOR-PAIR-PROFILE] phase=broad depth=0 rows=31717 features_done=2/14 pairs=4 feasible_pairs=4 exactify_calls=0 exactify_feasible=0 exactify_aborted=0 prep_sec=0.007 family_sec=32.578 bounds_sec=0.010 exactify_sec=0.000 incumbent_f=-1 incumbent_g=-1 incumbent_ub=inf node_lb=inf max_ambiguity=inf pending_pairs=0 elapsed_sec=32.596
[ATOMCOLOR-PAIR-DETAIL] phase=prep_start depth=0 feature=2 rows=31717 atoms=0 groups=0 elapsed_sec=0.000
[ATOMCOLOR-PAIR-DETAIL] phase=prep_done depth=0 feature=2 rows=31717 atoms=0 groups=0 elapsed_sec=0.004
[ATOMCOLOR-PAIR-DETAIL] phase=family_prep_start depth=0 feature=2 rows=0 atoms=0 groups=0 elapsed_sec=0.000
[ATOMCOLOR-PAIR-DETAIL] phase=family_dict_done depth=0 feature=2 rows=0 atoms=32 groups=0 elapsed_sec=0.009
[ATOMCOLOR-PAIR-DETAIL] phase=family_start depth=0 feature=2 rows=0 atoms=32 groups=3 elapsed_sec=0.000
[ATOMCOLOR-PAIR-DETAIL] phase=family_group_done depth=0 feature=2 rows=0 atoms=32 groups=2 elapsed_sec=0.001
[ATOMCOLOR-PAIR-DETAIL] phase=family_group_done depth=0 feature=2 rows=0 atoms=32 groups=3 elapsed_sec=1.197
[ATOMCOLOR-PAIR-DETAIL] phase=family_done depth=0 feature=2 rows=0 atoms=32 groups=3 elapsed_sec=1.197
[ATOMCOLOR-PAIR-DETAIL] phase=family_exact_done depth=0 feature=2 rows=0 atoms=32 groups=3 elapsed_sec=1.207
[ATOMCOLOR-PAIR-DETAIL] phase=family_prep_done depth=0 feature=2 rows=0 atoms=32 groups=2 elapsed_sec=1.207
[ATOMCOLOR-PAIR-DETAIL] phase=prep_start depth=0 feature=3 rows=31717 atoms=0 groups=0 elapsed_sec=0.000
[ATOMCOLOR-PAIR-DETAIL] phase=prep_done depth=0 feature=3 rows=31717 atoms=0 groups=0 elapsed_sec=0.004
[ATOMCOLOR-PAIR-DETAIL] phase=family_prep_start depth=0 feature=3 rows=0 atoms=0 groups=0 elapsed_sec=0.000
[ATOMCOLOR-PAIR-DETAIL] phase=family_dict_done depth=0 feature=3 rows=0 atoms=32 groups=0 elapsed_sec=0.010
[ATOMCOLOR-PAIR-DETAIL] phase=family_start depth=0 feature=3 rows=0 atoms=32 groups=3 elapsed_sec=0.000
[ATOMCOLOR-PAIR-DETAIL] phase=family_group_done depth=0 feature=3 rows=0 atoms=32 groups=2 elapsed_sec=0.001
[ATOMCOLOR-PAIR-DETAIL] phase=family_group_done depth=0 feature=3 rows=0 atoms=32 groups=3 elapsed_sec=1.268
[ATOMCOLOR-PAIR-DETAIL] phase=family_done depth=0 feature=3 rows=0 atoms=32 groups=3 elapsed_sec=1.269
[ATOMCOLOR-PAIR-DETAIL] phase=family_exact_done depth=0 feature=3 rows=0 atoms=32 groups=3 elapsed_sec=1.278
[ATOMCOLOR-PAIR-DETAIL] phase=family_prep_done depth=0 feature=3 rows=0 atoms=32 groups=2 elapsed_sec=1.279
[ATOMCOLOR-PAIR-DETAIL] phase=prep_start depth=0 feature=4 rows=31717 atoms=0 groups=0 elapsed_sec=0.000
[ATOMCOLOR-PAIR-DETAIL] phase=prep_done depth=0 feature=4 rows=31717 atoms=0 groups=0 elapsed_sec=0.004
[ATOMCOLOR-PAIR-DETAIL] phase=family_prep_start depth=0 feature=4 rows=0 atoms=0 groups=0 elapsed_sec=0.000
[ATOMCOLOR-PAIR-DETAIL] phase=family_dict_done depth=0 feature=4 rows=0 atoms=32 groups=0 elapsed_sec=0.010
[ATOMCOLOR-PAIR-DETAIL] phase=family_start depth=0 feature=4 rows=0 atoms=32 groups=3 elapsed_sec=0.000
[ATOMCOLOR-PAIR-DETAIL] phase=family_group_done depth=0 feature=4 rows=0 atoms=32 groups=2 elapsed_sec=0.001
[ATOMCOLOR-PAIR-DETAIL] phase=family_group_done depth=0 feature=4 rows=0 atoms=32 groups=3 elapsed_sec=3.785
[ATOMCOLOR-PAIR-DETAIL] phase=family_done depth=0 feature=4 rows=0 atoms=32 groups=3 elapsed_sec=3.785
[ATOMCOLOR-PAIR-DETAIL] phase=family_exact_done depth=0 feature=4 rows=0 atoms=32 groups=3 elapsed_sec=3.795
[ATOMCOLOR-PAIR-DETAIL] phase=family_prep_done depth=0 feature=4 rows=0 atoms=32 groups=2 elapsed_sec=3.795
[ATOMCOLOR-PAIR-DETAIL] phase=prep_start depth=0 feature=5 rows=31717 atoms=0 groups=0 elapsed_sec=0.000
[ATOMCOLOR-PAIR-DETAIL] phase=prep_done depth=0 feature=5 rows=31717 atoms=0 groups=0 elapsed_sec=0.004
[ATOMCOLOR-PAIR-DETAIL] phase=family_prep_start depth=0 feature=5 rows=0 atoms=0 groups=0 elapsed_sec=0.000
[ATOMCOLOR-PAIR-DETAIL] phase=family_dict_done depth=0 feature=5 rows=0 atoms=32 groups=0 elapsed_sec=0.010
[ATOMCOLOR-PAIR-DETAIL] phase=family_start depth=0 feature=5 rows=0 atoms=32 groups=3 elapsed_sec=0.000
[ATOMCOLOR-PAIR-DETAIL] phase=family_group_done depth=0 feature=5 rows=0 atoms=32 groups=2 elapsed_sec=0.001
[ATOMCOLOR-PAIR-DETAIL] phase=family_group_done depth=0 feature=5 rows=0 atoms=32 groups=3 elapsed_sec=1.158
[ATOMCOLOR-PAIR-DETAIL] phase=family_done depth=0 feature=5 rows=0 atoms=32 groups=3 elapsed_sec=1.158
[ATOMCOLOR-PAIR-DETAIL] phase=family_exact_done depth=0 feature=5 rows=0 atoms=32 groups=3 elapsed_sec=1.167
[ATOMCOLOR-PAIR-DETAIL] phase=family_prep_done depth=0 feature=5 rows=0 atoms=32 groups=2 elapsed_sec=1.168
[ATOMCOLOR-PAIR-DETAIL] phase=prep_start depth=0 feature=6 rows=31717 atoms=0 groups=0 elapsed_sec=0.000
[ATOMCOLOR-PAIR-DETAIL] phase=prep_done depth=0 feature=6 rows=31717 atoms=0 groups=0 elapsed_sec=0.004
[ATOMCOLOR-PAIR-DETAIL] phase=family_prep_start depth=0 feature=6 rows=0 atoms=0 groups=0 elapsed_sec=0.000
[ATOMCOLOR-PAIR-DETAIL] phase=family_dict_done depth=0 feature=6 rows=0 atoms=32 groups=0 elapsed_sec=0.010
[ATOMCOLOR-PAIR-DETAIL] phase=family_start depth=0 feature=6 rows=0 atoms=32 groups=3 elapsed_sec=0.000
[ATOMCOLOR-PAIR-DETAIL] phase=family_group_done depth=0 feature=6 rows=0 atoms=32 groups=2 elapsed_sec=0.001
[ATOMCOLOR-PAIR-DETAIL] phase=family_group_done depth=0 feature=6 rows=0 atoms=32 groups=3 elapsed_sec=1.279
[ATOMCOLOR-PAIR-DETAIL] phase=family_done depth=0 feature=6 rows=0 atoms=32 groups=3 elapsed_sec=1.279
[ATOMCOLOR-PAIR-DETAIL] phase=family_exact_done depth=0 feature=6 rows=0 atoms=32 groups=3 elapsed_sec=1.288
[ATOMCOLOR-PAIR-DETAIL] phase=family_prep_done depth=0 feature=6 rows=0 atoms=32 groups=2 elapsed_sec=1.289
[ATOMCOLOR-PAIR-DETAIL] phase=prep_start depth=0 feature=7 rows=31717 atoms=0 groups=0 elapsed_sec=0.000
[ATOMCOLOR-PAIR-DETAIL] phase=prep_done depth=0 feature=7 rows=31717 atoms=0 groups=0 elapsed_sec=0.003
[ATOMCOLOR-PAIR-DETAIL] phase=family_prep_start depth=0 feature=7 rows=0 atoms=0 groups=0 elapsed_sec=0.000
[ATOMCOLOR-PAIR-DETAIL] phase=family_dict_done depth=0 feature=7 rows=0 atoms=2 groups=0 elapsed_sec=0.000
[ATOMCOLOR-PAIR-DETAIL] phase=family_start depth=0 feature=7 rows=0 atoms=2 groups=2 elapsed_sec=0.000
[ATOMCOLOR-PAIR-DETAIL] phase=family_group_done depth=0 feature=7 rows=0 atoms=2 groups=2 elapsed_sec=0.000
[ATOMCOLOR-PAIR-DETAIL] phase=family_done depth=0 feature=7 rows=0 atoms=2 groups=2 elapsed_sec=0.000
[ATOMCOLOR-PAIR-DETAIL] phase=family_exact_done depth=0 feature=7 rows=0 atoms=2 groups=2 elapsed_sec=0.000
[ATOMCOLOR-PAIR-DETAIL] phase=family_prep_done depth=0 feature=7 rows=0 atoms=2 groups=1 elapsed_sec=0.000
[ATOMCOLOR-PAIR-DETAIL] phase=prep_start depth=0 feature=8 rows=31717 atoms=0 groups=0 elapsed_sec=0.000
[ATOMCOLOR-PAIR-DETAIL] phase=prep_done depth=0 feature=8 rows=31717 atoms=0 groups=0 elapsed_sec=0.003
[ATOMCOLOR-PAIR-DETAIL] phase=family_prep_start depth=0 feature=8 rows=0 atoms=0 groups=0 elapsed_sec=0.000
[ATOMCOLOR-PAIR-DETAIL] phase=family_dict_done depth=0 feature=8 rows=0 atoms=2 groups=0 elapsed_sec=0.000
[ATOMCOLOR-PAIR-DETAIL] phase=family_start depth=0 feature=8 rows=0 atoms=2 groups=2 elapsed_sec=0.000
[ATOMCOLOR-PAIR-DETAIL] phase=family_group_done depth=0 feature=8 rows=0 atoms=2 groups=2 elapsed_sec=0.000
[ATOMCOLOR-PAIR-DETAIL] phase=family_done depth=0 feature=8 rows=0 atoms=2 groups=2 elapsed_sec=0.000
[ATOMCOLOR-PAIR-DETAIL] phase=family_exact_done depth=0 feature=8 rows=0 atoms=2 groups=2 elapsed_sec=0.000
[ATOMCOLOR-PAIR-DETAIL] phase=family_prep_done depth=0 feature=8 rows=0 atoms=2 groups=1 elapsed_sec=0.000
[ATOMCOLOR-PAIR-DETAIL] phase=prep_start depth=0 feature=9 rows=31717 atoms=0 groups=0 elapsed_sec=0.000
[ATOMCOLOR-PAIR-DETAIL] phase=prep_done depth=0 feature=9 rows=31717 atoms=0 groups=0 elapsed_sec=0.003
[ATOMCOLOR-PAIR-DETAIL] phase=family_prep_start depth=0 feature=9 rows=0 atoms=0 groups=0 elapsed_sec=0.000
[ATOMCOLOR-PAIR-DETAIL] phase=family_dict_done depth=0 feature=9 rows=0 atoms=2 groups=0 elapsed_sec=0.000
[ATOMCOLOR-PAIR-DETAIL] phase=family_start depth=0 feature=9 rows=0 atoms=2 groups=2 elapsed_sec=0.000
[ATOMCOLOR-PAIR-DETAIL] phase=family_group_done depth=0 feature=9 rows=0 atoms=2 groups=2 elapsed_sec=0.000
[ATOMCOLOR-PAIR-DETAIL] phase=family_done depth=0 feature=9 rows=0 atoms=2 groups=2 elapsed_sec=0.000
[ATOMCOLOR-PAIR-DETAIL] phase=family_exact_done depth=0 feature=9 rows=0 atoms=2 groups=2 elapsed_sec=0.000
[ATOMCOLOR-PAIR-DETAIL] phase=family_prep_done depth=0 feature=9 rows=0 atoms=2 groups=1 elapsed_sec=0.000
[ATOMCOLOR-PAIR-DETAIL] phase=prep_start depth=0 feature=10 rows=31717 atoms=0 groups=0 elapsed_sec=0.000
[ATOMCOLOR-PAIR-DETAIL] phase=prep_done depth=0 feature=10 rows=31717 atoms=0 groups=0 elapsed_sec=0.003
[ATOMCOLOR-PAIR-DETAIL] phase=family_prep_start depth=0 feature=10 rows=0 atoms=0 groups=0 elapsed_sec=0.000
[ATOMCOLOR-PAIR-DETAIL] phase=family_dict_done depth=0 feature=10 rows=0 atoms=2 groups=0 elapsed_sec=0.000
[ATOMCOLOR-PAIR-DETAIL] phase=family_start depth=0 feature=10 rows=0 atoms=2 groups=2 elapsed_sec=0.000
[ATOMCOLOR-PAIR-DETAIL] phase=family_group_done depth=0 feature=10 rows=0 atoms=2 groups=2 elapsed_sec=0.000
[ATOMCOLOR-PAIR-DETAIL] phase=family_done depth=0 feature=10 rows=0 atoms=2 groups=2 elapsed_sec=0.000
[ATOMCOLOR-PAIR-DETAIL] phase=family_exact_done depth=0 feature=10 rows=0 atoms=2 groups=2 elapsed_sec=0.000
[ATOMCOLOR-PAIR-DETAIL] phase=family_prep_done depth=0 feature=10 rows=0 atoms=2 groups=1 elapsed_sec=0.000
[ATOMCOLOR-PAIR-DETAIL] phase=prep_start depth=0 feature=11 rows=31717 atoms=0 groups=0 elapsed_sec=0.000
[ATOMCOLOR-PAIR-DETAIL] phase=prep_done depth=0 feature=11 rows=31717 atoms=0 groups=0 elapsed_sec=0.003
[ATOMCOLOR-PAIR-DETAIL] phase=family_prep_start depth=0 feature=11 rows=0 atoms=0 groups=0 elapsed_sec=0.000
[ATOMCOLOR-PAIR-DETAIL] phase=family_dict_done depth=0 feature=11 rows=0 atoms=2 groups=0 elapsed_sec=0.000
[ATOMCOLOR-PAIR-DETAIL] phase=family_start depth=0 feature=11 rows=0 atoms=2 groups=2 elapsed_sec=0.000
[ATOMCOLOR-PAIR-DETAIL] phase=family_group_done depth=0 feature=11 rows=0 atoms=2 groups=2 elapsed_sec=0.000
[ATOMCOLOR-PAIR-DETAIL] phase=family_done depth=0 feature=11 rows=0 atoms=2 groups=2 elapsed_sec=0.000
[ATOMCOLOR-PAIR-DETAIL] phase=family_exact_done depth=0 feature=11 rows=0 atoms=2 groups=2 elapsed_sec=0.000
[ATOMCOLOR-PAIR-DETAIL] phase=family_prep_done depth=0 feature=11 rows=0 atoms=2 groups=1 elapsed_sec=0.000
[ATOMCOLOR-PAIR-DETAIL] phase=prep_start depth=0 feature=12 rows=31717 atoms=0 groups=0 elapsed_sec=0.000
[ATOMCOLOR-PAIR-DETAIL] phase=prep_done depth=0 feature=12 rows=31717 atoms=0 groups=0 elapsed_sec=0.003
[ATOMCOLOR-PAIR-DETAIL] phase=family_prep_start depth=0 feature=12 rows=0 atoms=0 groups=0 elapsed_sec=0.000
[ATOMCOLOR-PAIR-DETAIL] phase=family_dict_done depth=0 feature=12 rows=0 atoms=2 groups=0 elapsed_sec=0.000
[ATOMCOLOR-PAIR-DETAIL] phase=family_start depth=0 feature=12 rows=0 atoms=2 groups=2 elapsed_sec=0.000
[ATOMCOLOR-PAIR-DETAIL] phase=family_group_done depth=0 feature=12 rows=0 atoms=2 groups=2 elapsed_sec=0.000
[ATOMCOLOR-PAIR-DETAIL] phase=family_done depth=0 feature=12 rows=0 atoms=2 groups=2 elapsed_sec=0.000
[ATOMCOLOR-PAIR-DETAIL] phase=family_exact_done depth=0 feature=12 rows=0 atoms=2 groups=2 elapsed_sec=0.000
[ATOMCOLOR-PAIR-DETAIL] phase=family_prep_done depth=0 feature=12 rows=0 atoms=2 groups=1 elapsed_sec=0.000
[ATOMCOLOR-PAIR-DETAIL] phase=prep_start depth=0 feature=13 rows=31717 atoms=0 groups=0 elapsed_sec=0.000
[ATOMCOLOR-PAIR-DETAIL] phase=prep_done depth=0 feature=13 rows=31717 atoms=0 groups=0 elapsed_sec=0.003
[ATOMCOLOR-PAIR-DETAIL] phase=family_prep_start depth=0 feature=13 rows=0 atoms=0 groups=0 elapsed_sec=0.000
[ATOMCOLOR-PAIR-DETAIL] phase=family_dict_done depth=0 feature=13 rows=0 atoms=2 groups=0 elapsed_sec=0.000
[ATOMCOLOR-PAIR-DETAIL] phase=family_start depth=0 feature=13 rows=0 atoms=2 groups=2 elapsed_sec=0.000
[ATOMCOLOR-PAIR-DETAIL] phase=family_group_done depth=0 feature=13 rows=0 atoms=2 groups=2 elapsed_sec=0.000
[ATOMCOLOR-PAIR-DETAIL] phase=family_done depth=0 feature=13 rows=0 atoms=2 groups=2 elapsed_sec=0.000
[ATOMCOLOR-PAIR-DETAIL] phase=family_exact_done depth=0 feature=13 rows=0 atoms=2 groups=2 elapsed_sec=0.000
[ATOMCOLOR-PAIR-DETAIL] phase=family_prep_done depth=0 feature=13 rows=0 atoms=2 groups=1 elapsed_sec=0.000
[ATOMCOLOR-PAIR-PROFILE] phase=broad_done depth=0 rows=31717 features_done=14/14 pairs=21 feasible_pairs=21 exactify_calls=0 exactify_feasible=0 exactify_aborted=0 prep_sec=0.049 family_sec=41.318 bounds_sec=0.050 exactify_sec=0.000 incumbent_f=-1 incumbent_g=-1 incumbent_ub=inf node_lb=inf max_ambiguity=inf pending_pairs=21 elapsed_sec=41.450
[ATOMCOLOR-PAIR-PROFILE] phase=start depth=1 rows=21706 features_done=0/14 pairs=0 feasible_pairs=0 exactify_calls=0 exactify_feasible=0 exactify_aborted=0 prep_sec=0.000 family_sec=0.000 bounds_sec=0.000 exactify_sec=0.000 incumbent_f=-1 incumbent_g=-1 incumbent_ub=inf node_lb=inf max_ambiguity=inf pending_pairs=0 elapsed_sec=0.000
[ATOMCOLOR-PAIR-DETAIL] phase=prep_start depth=1 feature=0 rows=21706 atoms=0 groups=0 elapsed_sec=0.000
[ATOMCOLOR-PAIR-DETAIL] phase=prep_done depth=1 feature=0 rows=21706 atoms=0 groups=0 elapsed_sec=0.003
[ATOMCOLOR-PAIR-DETAIL] phase=family_prep_start depth=1 feature=0 rows=0 atoms=0 groups=0 elapsed_sec=0.000
[ATOMCOLOR-PAIR-DETAIL] phase=family_dict_done depth=1 feature=0 rows=0 atoms=32 groups=0 elapsed_sec=0.010
[ATOMCOLOR-PAIR-DETAIL] phase=family_start depth=1 feature=0 rows=0 atoms=32 groups=3 elapsed_sec=0.000
[ATOMCOLOR-PAIR-DETAIL] phase=family_group_done depth=1 feature=0 rows=0 atoms=32 groups=2 elapsed_sec=0.001
[ATOMCOLOR-PAIR-DETAIL] phase=family_group_done depth=1 feature=0 rows=0 atoms=32 groups=3 elapsed_sec=337.305
[ATOMCOLOR-PAIR-DETAIL] phase=family_done depth=1 feature=0 rows=0 atoms=32 groups=3 elapsed_sec=337.306
[ATOMCOLOR-PAIR-DETAIL] phase=family_exact_done depth=1 feature=0 rows=0 atoms=32 groups=3 elapsed_sec=337.316
[ATOMCOLOR-PAIR-DETAIL] phase=family_prep_done depth=1 feature=0 rows=0 atoms=32 groups=2 elapsed_sec=337.316
[ATOMCOLOR-PAIR-PROFILE] phase=broad depth=1 rows=21706 features_done=1/14 pairs=2 feasible_pairs=2 exactify_calls=0 exactify_feasible=0 exactify_aborted=0 prep_sec=0.003 family_sec=337.316 bounds_sec=0.003 exactify_sec=0.000 incumbent_f=-1 incumbent_g=-1 incumbent_ub=inf node_lb=inf max_ambiguity=inf pending_pairs=0 elapsed_sec=337.322
[ATOMCOLOR-PAIR-DETAIL] phase=prep_start depth=1 feature=1 rows=21706 atoms=0 groups=0 elapsed_sec=0.000
[ATOMCOLOR-PAIR-DETAIL] phase=prep_done depth=1 feature=1 rows=21706 atoms=0 groups=0 elapsed_sec=0.002
[ATOMCOLOR-PAIR-DETAIL] phase=family_prep_start depth=1 feature=1 rows=0 atoms=0 groups=0 elapsed_sec=0.000
[ATOMCOLOR-PAIR-DETAIL] phase=family_dict_done depth=1 feature=1 rows=0 atoms=32 groups=0 elapsed_sec=0.000
[ATOMCOLOR-PAIR-DETAIL] phase=family_start depth=1 feature=1 rows=0 atoms=32 groups=3 elapsed_sec=0.000
[2026-03-12T16:34:31.717] error: *** JOB 10724968 ON compsci-cluster-fitz-45 CANCELLED AT 2026-03-12T16:34:31 DUE to SIGNAL Terminated ***
