	Command being timed: ".venv/bin/python parity_depth3_exact_legacy_single.py --mode exact --dataset eye-state --seed 0 --depth-budget 3 --time-limit 10800 --lgb-num-threads 1 --out /home/users/yz1075/msdt/results/debug/parity_depth3_exact_20260301_030544_job10631105.json"
	User time (seconds): 22.99
	System time (seconds): 0.73
	Percent of CPU this job got: 178%
	Elapsed (wall clock) time (h:mm:ss or m:ss): 0:13.26
	Average shared text size (kbytes): 0
	Average unshared data size (kbytes): 0
	Average stack size (kbytes): 0
	Average total size (kbytes): 0
	Maximum resident set size (kbytes): 387900
	Average resident set size (kbytes): 0
	Major (requiring I/O) page faults: 11
	Minor (reclaiming a frame) page faults: 122618
	Voluntary context switches: 4136
	Involuntary context switches: 142
	Swaps: 0
	File system inputs: 1904
	File system outputs: 3328
	Socket messages sent: 0
	Socket messages received: 0
	Signals delivered: 0
	Page size (bytes): 4096
	Exit status: 0
	Command being timed: ".venv/bin/python parity_depth3_exact_legacy_single.py --mode legacy --dataset eye-state --seed 0 --depth-budget 3 --time-limit 10800 --lgb-num-threads 1 --out /home/users/yz1075/msdt/results/debug/parity_depth3_legacy_20260301_030544_job10631105.json"
	User time (seconds): 14.47
	System time (seconds): 0.57
	Percent of CPU this job got: 151%
	Elapsed (wall clock) time (h:mm:ss or m:ss): 0:09.90
	Average shared text size (kbytes): 0
	Average unshared data size (kbytes): 0
	Average stack size (kbytes): 0
	Average total size (kbytes): 0
	Maximum resident set size (kbytes): 386576
	Average resident set size (kbytes): 0
	Major (requiring I/O) page faults: 8
	Minor (reclaiming a frame) page faults: 122697
	Voluntary context switches: 2101
	Involuntary context switches: 107
	Swaps: 0
	File system inputs: 0
	File system outputs: 3328
	Socket messages sent: 0
	Socket messages received: 0
	Signals delivered: 0
	Page size (bytes): 4096
	Exit status: 0
