	Command being timed: ".venv/bin/python -"
	User time (seconds): 18.61
	System time (seconds): 1.26
	Percent of CPU this job got: 221%
	Elapsed (wall clock) time (h:mm:ss or m:ss): 0:08.97
	Average shared text size (kbytes): 0
	Average unshared data size (kbytes): 0
	Average stack size (kbytes): 0
	Average total size (kbytes): 0
	Maximum resident set size (kbytes): 608836
	Average resident set size (kbytes): 0
	Major (requiring I/O) page faults: 29
	Minor (reclaiming a frame) page faults: 329042
	Voluntary context switches: 4348
	Involuntary context switches: 134
	Swaps: 0
	File system inputs: 0
	File system outputs: 5160
	Socket messages sent: 0
	Socket messages received: 0
	Signals delivered: 0
	Page size (bytes): 4096
	Exit status: 0
